
<<<----  [OUT]
2020/09/11 14:50:39:934

---------------------------------------------------------------------
// FA : Start Log ...


<<<----  [OUT]
2020/09/11 14:50:39:938

//-------------------------------------------------------------
Property Information

   Driver Type [HSMS]
   Driver Mode [ACTIVE]
   IP    [192.168.100.113]
   Port  [5000]
//-------------------------------------------------------------


<<<----  [OUT]
2020/09/11 14:50:40:541

Auto-Start Started ... (Active)

<<<----  [OUT]
2020/09/11 14:50:40:632

Auto-Start Started ...  Waiting Stop-Connection.

<<<----  [OUT]
2020/09/11 14:50:40:632

Auto-Start Started ...  Waiting Open-Socket.

<<<----  [OUT]
2020/09/11 14:50:40:663

Socket Open Started...

<<<----  [OUT]
2020/09/11 14:50:40:663

Socket Open Completed...

<<<----  [OUT]
2020/09/11 14:50:40:663

Connecting Started...

<<<----  [OUT]
2020/09/11 14:50:40:723

Auto-Start Completed ...  (Active)

<<<----  [OUT]
2020/09/11 14:50:42:698

I can't connect with the passive [192.168.100.113/5000] error_code:10061 !

<<<----  [OUT]
2020/09/11 14:50:45:185

Connecting Started...

<<<----  [OUT]
2020/09/11 14:50:47:222

I can't connect with the passive [192.168.100.113/5000] error_code:10061 !

<<<----  [OUT]
2020/09/11 14:50:49:699

Connecting Started...

<<<----  [OUT]
2020/09/11 14:50:51:735

I can't connect with the passive [192.168.100.113/5000] error_code:10061 !

<<<----  [OUT]
2020/09/11 14:50:54:215

Connecting Started...

<<<----  [OUT]
2020/09/11 14:50:56:275

I can't connect with the passive [192.168.100.113/5000] error_code:10061 !

<<<----  [OUT]
2020/09/11 14:50:58:761

Connecting Started...

<<<----  [OUT]
2020/09/11 14:51:00:808

I can't connect with the passive [192.168.100.113/5000] error_code:10061 !

<<<----  [OUT]
2020/09/11 14:51:03:293

Connecting Started...

<<<----  [OUT]
2020/09/11 14:51:05:372

I can't connect with the passive [192.168.100.113/5000] error_code:10061 !

<<<----  [OUT]
2020/09/11 14:51:07:854

Connecting Started...

<<<----  [OUT]
2020/09/11 14:51:09:910

I can't connect with the passive [192.168.100.113/5000] error_code:10061 !

<<<----  [OUT]
2020/09/11 14:51:12:385

Connecting Started...

<<<----  [OUT]
2020/09/11 14:51:14:449

I can't connect with the passive [192.168.100.113/5000] error_code:10061 !

<<<----  [OUT]
2020/09/11 14:51:16:934

Connecting Started...

<<<----  [OUT]
2020/09/11 14:51:18:995

I can't connect with the passive [192.168.100.113/5000] error_code:10061 !

<<<----  [OUT]
2020/09/11 14:51:21:481

Connecting Started...

<<<----  [OUT]
2020/09/11 14:51:23:515

I can't connect with the passive [192.168.100.113/5000] error_code:10061 !

<<<----  [OUT]
2020/09/11 14:51:25:995

Connecting Started...

<<<----  [OUT]
2020/09/11 14:51:28:033

I can't connect with the passive [192.168.100.113/5000] error_code:10061 !

<<<----  [OUT]
2020/09/11 14:51:30:511

Connecting Started...

<<<----  [OUT]
2020/09/11 14:51:32:554

I can't connect with the passive [192.168.100.113/5000] error_code:10061 !

<<<----  [OUT]
2020/09/11 14:51:35:042

Connecting Started...

<<<----  [OUT]
2020/09/11 14:51:37:105

I can't connect with the passive [192.168.100.113/5000] error_code:10061 !

<<<----  [OUT]
2020/09/11 14:51:39:590

Connecting Started...

<<<----  [OUT]
2020/09/11 14:51:41:649

I can't connect with the passive [192.168.100.113/5000] error_code:10061 !

<<<----  [OUT]
2020/09/11 14:51:44:135

Connecting Started...

<<<----  [OUT]
2020/09/11 14:51:46:186

I can't connect with the passive [192.168.100.113/5000] error_code:10061 !

<<<----  [OUT]
2020/09/11 14:51:48:667

Connecting Started...

<<<----  [OUT]
2020/09/11 14:51:50:727

I can't connect with the passive [192.168.100.113/5000] error_code:10061 !

<<<----  [OUT]
2020/09/11 14:51:53:215

Connecting Started...

<<<----  [OUT]
2020/09/11 14:51:55:275

I can't connect with the passive [192.168.100.113/5000] error_code:10061 !

<<<----  [OUT]
2020/09/11 14:51:57:762

Connecting Started...

<<<----  [OUT]
2020/09/11 14:51:59:825

I can't connect with the passive [192.168.100.113/5000] error_code:10061 !

<<<----  [OUT]
2020/09/11 14:52:02:308

Connecting Started...

<<<----  [OUT]
2020/09/11 14:52:04:379

I can't connect with the passive [192.168.100.113/5000] error_code:10061 !

<<<----  [OUT]
2020/09/11 14:52:06:871

Connecting Started...

<<<----  [OUT]
2020/09/11 14:52:08:937

I can't connect with the passive [192.168.100.113/5000] error_code:10061 !

<<<----  [OUT]
2020/09/11 14:52:11:417

Connecting Started...

<<<----  [OUT]
2020/09/11 14:52:13:474

I can't connect with the passive [192.168.100.113/5000] error_code:10061 !

<<<----  [OUT]
2020/09/11 14:52:15:965

Connecting Started...

<<<----  [OUT]
2020/09/11 14:52:18:022

I can't connect with the passive [192.168.100.113/5000] error_code:10061 !

<<<----  [OUT]
2020/09/11 14:52:20:511

Connecting Started...

<<<----  [OUT]
2020/09/11 14:52:22:565

I can't connect with the passive [192.168.100.113/5000] error_code:10061 !

<<<----  [OUT]
2020/09/11 14:52:25:042

Connecting Started...

<<<----  [OUT]
2020/09/11 14:52:27:086

I can't connect with the passive [192.168.100.113/5000] error_code:10061 !

<<<----  [OUT]
2020/09/11 14:52:29:574

Connecting Started...

<<<----  [OUT]
2020/09/11 14:52:31:639

I can't connect with the passive [192.168.100.113/5000] error_code:10061 !

<<<----  [OUT]
2020/09/11 14:52:34:121

Connecting Started...

<<<----  [OUT]
2020/09/11 14:52:36:176

I can't connect with the passive [192.168.100.113/5000] error_code:10061 !

<<<----  [OUT]
2020/09/11 14:52:38:652

Connecting Started...

<<<----  [OUT]
2020/09/11 14:52:40:701

I can't connect with the passive [192.168.100.113/5000] error_code:10061 !

<<<----  [OUT]
2020/09/11 14:52:43:183

Connecting Started...

<<<----  [OUT]
2020/09/11 14:52:45:220

I can't connect with the passive [192.168.100.113/5000] error_code:10061 !

<<<----  [OUT]
2020/09/11 14:52:47:699

Connecting Started...

<<<----  [OUT]
2020/09/11 14:52:49:755

I can't connect with the passive [192.168.100.113/5000] error_code:10061 !

<<<----  [OUT]
2020/09/11 14:52:52:246

Connecting Started...

<<<----  [OUT]
2020/09/11 14:52:54:292

I can't connect with the passive [192.168.100.113/5000] error_code:10061 !

<<<----  [OUT]
2020/09/11 14:52:56:777

Connecting Started...

<<<----  [OUT]
2020/09/11 14:52:58:820

I can't connect with the passive [192.168.100.113/5000] error_code:10061 !

<<<----  [OUT]
2020/09/11 14:53:01:308

Connecting Started...

<<<----  [OUT]
2020/09/11 14:53:03:349

I can't connect with the passive [192.168.100.113/5000] error_code:10061 !

<<<----  [OUT]
2020/09/11 14:53:05:839

Connecting Started...

<<<----  [OUT]
2020/09/11 14:53:07:896

I can't connect with the passive [192.168.100.113/5000] error_code:10061 !

<<<----  [OUT]
2020/09/11 14:53:10:387

Connecting Started...

<<<----  [OUT]
2020/09/11 14:53:12:447

I can't connect with the passive [192.168.100.113/5000] error_code:10061 !

<<<----  [OUT]
2020/09/11 14:53:14:934

Connecting Started...

<<<----  [OUT]
2020/09/11 14:53:16:987

I can't connect with the passive [192.168.100.113/5000] error_code:10061 !

<<<----  [OUT]
2020/09/11 14:53:19:464

Connecting Started...

<<<----  [OUT]
2020/09/11 14:53:21:524

I can't connect with the passive [192.168.100.113/5000] error_code:10061 !

<<<----  [OUT]
2020/09/11 14:53:24:011

Connecting Started...

<<<----  [OUT]
2020/09/11 14:53:26:072

I can't connect with the passive [192.168.100.113/5000] error_code:10061 !

<<<----  [OUT]
2020/09/11 14:53:28:557

Connecting Started...

<<<----  [OUT]
2020/09/11 14:53:30:613

I can't connect with the passive [192.168.100.113/5000] error_code:10061 !

<<<----  [OUT]
2020/09/11 14:53:33:089

Connecting Started...

<<<----  [OUT]
2020/09/11 14:53:35:143

I can't connect with the passive [192.168.100.113/5000] error_code:10061 !

<<<----  [OUT]
2020/09/11 14:53:37:620

Connecting Started...

<<<----  [OUT]
2020/09/11 14:53:39:685

I can't connect with the passive [192.168.100.113/5000] error_code:10061 !

<<<----  [OUT]
2020/09/11 14:53:42:168

Connecting Started...

<<<----  [OUT]
2020/09/11 14:53:44:217

I can't connect with the passive [192.168.100.113/5000] error_code:10061 !

<<<----  [OUT]
2020/09/11 14:53:46:698

Connecting Started...

<<<----  [OUT]
2020/09/11 14:53:48:762

I can't connect with the passive [192.168.100.113/5000] error_code:10061 !

<<<----  [OUT]
2020/09/11 14:53:51:246

Connecting Started...

<<<----  [OUT]
2020/09/11 14:53:53:286

I can't connect with the passive [192.168.100.113/5000] error_code:10061 !

<<<----  [OUT]
2020/09/11 14:53:55:777

Connecting Started...

<<<----  [OUT]
2020/09/11 14:53:57:834

I can't connect with the passive [192.168.100.113/5000] error_code:10061 !

<<<----  [OUT]
2020/09/11 14:54:00:324

Connecting Started...

<<<----  [OUT]
2020/09/11 14:54:02:367

I can't connect with the passive [192.168.100.113/5000] error_code:10061 !

<<<----  [OUT]
2020/09/11 14:54:04:855

Connecting Started...

<<<----  [OUT]
2020/09/11 14:54:06:915

I can't connect with the passive [192.168.100.113/5000] error_code:10061 !

<<<----  [OUT]
2020/09/11 14:54:09:402

Connecting Started...

<<<----  [OUT]
2020/09/11 14:54:11:452

I can't connect with the passive [192.168.100.113/5000] error_code:10061 !

<<<----  [OUT]
2020/09/11 14:54:13:934

Connecting Started...

<<<----  [OUT]
2020/09/11 14:54:15:987

I can't connect with the passive [192.168.100.113/5000] error_code:10061 !

<<<----  [OUT]
2020/09/11 14:54:18:464

Connecting Started...

<<<----  [OUT]
2020/09/11 14:54:20:520

I can't connect with the passive [192.168.100.113/5000] error_code:10061 !

<<<----  [OUT]
2020/09/11 14:54:23:011

Connecting Started...

<<<----  [OUT]
2020/09/11 14:54:25:064

I can't connect with the passive [192.168.100.113/5000] error_code:10061 !

<<<----  [OUT]
2020/09/11 14:54:27:543

Connecting Started...

<<<----  [OUT]
2020/09/11 14:54:29:602

I can't connect with the passive [192.168.100.113/5000] error_code:10061 !

<<<----  [OUT]
2020/09/11 14:54:32:089

Connecting Started...

<<<----  [OUT]
2020/09/11 14:54:34:147

I can't connect with the passive [192.168.100.113/5000] error_code:10061 !

<<<----  [OUT]
2020/09/11 14:54:36:637

Connecting Started...

<<<----  [OUT]
2020/09/11 14:54:38:684

I can't connect with the passive [192.168.100.113/5000] error_code:10061 !

<<<----  [OUT]
2020/09/11 14:54:41:167

Connecting Started...

<<<----  [OUT]
2020/09/11 14:54:43:209

I can't connect with the passive [192.168.100.113/5000] error_code:10061 !

<<<----  [OUT]
2020/09/11 14:54:45:698

Connecting Started...

<<<----  [OUT]
2020/09/11 14:54:47:753

I can't connect with the passive [192.168.100.113/5000] error_code:10061 !

<<<----  [OUT]
2020/09/11 14:54:50:231

Connecting Started...

<<<----  [OUT]
2020/09/11 14:54:52:286

I can't connect with the passive [192.168.100.113/5000] error_code:10061 !

<<<----  [OUT]
2020/09/11 14:54:54:778

Connecting Started...

<<<----  [OUT]
2020/09/11 14:54:56:836

I can't connect with the passive [192.168.100.113/5000] error_code:10061 !

<<<----  [OUT]
2020/09/11 14:54:59:325

Connecting Started...

<<<----  [OUT]
2020/09/11 14:55:01:374

I can't connect with the passive [192.168.100.113/5000] error_code:10061 !

<<<----  [OUT]
2020/09/11 14:55:03:856

Connecting Started...

<<<----  [OUT]
2020/09/11 14:55:05:902

I can't connect with the passive [192.168.100.113/5000] error_code:10061 !

<<<----  [OUT]
2020/09/11 14:55:08:386

Connecting Started...

<<<----  [OUT]
2020/09/11 14:55:10:430

I can't connect with the passive [192.168.100.113/5000] error_code:10061 !

<<<----  [OUT]
2020/09/11 14:55:12:917

Connecting Started...

<<<----  [OUT]
2020/09/11 14:55:14:950

I can't connect with the passive [192.168.100.113/5000] error_code:10061 !

<<<----  [OUT]
2020/09/11 14:55:17:432

Connecting Started...

<<<----  [OUT]
2020/09/11 14:55:19:482

I can't connect with the passive [192.168.100.113/5000] error_code:10061 !

<<<----  [OUT]
2020/09/11 14:55:21:965

Connecting Started...

<<<----  [OUT]
2020/09/11 14:55:24:008

I can't connect with the passive [192.168.100.113/5000] error_code:10061 !

<<<----  [OUT]
2020/09/11 14:55:26:495

Connecting Started...

<<<----  [OUT]
2020/09/11 14:55:28:541

I can't connect with the passive [192.168.100.113/5000] error_code:10061 !

<<<----  [OUT]
2020/09/11 14:55:31:027

Connecting Started...

<<<----  [OUT]
2020/09/11 14:55:33:069

I can't connect with the passive [192.168.100.113/5000] error_code:10061 !

<<<----  [OUT]
2020/09/11 14:55:35:558

Connecting Started...

<<<----  [OUT]
2020/09/11 14:55:37:623

I can't connect with the passive [192.168.100.113/5000] error_code:10061 !

<<<----  [OUT]
2020/09/11 14:55:40:105

Connecting Started...

<<<----  [OUT]
2020/09/11 14:55:42:173

I can't connect with the passive [192.168.100.113/5000] error_code:10061 !

<<<----  [OUT]
2020/09/11 14:55:44:652

Connecting Started...

<<<----  [OUT]
2020/09/11 14:55:46:691

I can't connect with the passive [192.168.100.113/5000] error_code:10061 !

<<<----  [OUT]
2020/09/11 14:55:49:168

Connecting Started...

<<<----  [OUT]
2020/09/11 14:55:51:218

I can't connect with the passive [192.168.100.113/5000] error_code:10061 !

<<<----  [OUT]
2020/09/11 14:55:53:698

Connecting Started...

<<<----  [OUT]
2020/09/11 14:55:55:749

I can't connect with the passive [192.168.100.113/5000] error_code:10061 !

<<<----  [OUT]
2020/09/11 14:55:58:230

Connecting Started...

<<<----  [OUT]
2020/09/11 14:56:00:292

I can't connect with the passive [192.168.100.113/5000] error_code:10061 !

<<<----  [OUT]
2020/09/11 14:56:02:777

Connecting Started...

<<<----  [OUT]
2020/09/11 14:56:04:832

I can't connect with the passive [192.168.100.113/5000] error_code:10061 !

<<<----  [OUT]
2020/09/11 14:56:07:325

Connecting Started...

<<<----  [OUT]
2020/09/11 14:56:09:377

I can't connect with the passive [192.168.100.113/5000] error_code:10061 !

<<<----  [OUT]
2020/09/11 14:56:11:855

Connecting Started...

<<<----  [OUT]
2020/09/11 14:56:13:917

I can't connect with the passive [192.168.100.113/5000] error_code:10061 !

<<<----  [OUT]
2020/09/11 14:56:16:402

Connecting Started...

<<<----  [OUT]
2020/09/11 14:56:18:465

I can't connect with the passive [192.168.100.113/5000] error_code:10061 !

<<<----  [OUT]
2020/09/11 14:56:20:948

Connecting Started...

<<<----  [OUT]
2020/09/11 14:56:22:996

I can't connect with the passive [192.168.100.113/5000] error_code:10061 !

<<<----  [OUT]
2020/09/11 14:56:25:479

Connecting Started...

<<<----  [OUT]
2020/09/11 14:56:27:537

I can't connect with the passive [192.168.100.113/5000] error_code:10061 !

<<<----  [OUT]
2020/09/11 14:56:30:026

Connecting Started...

<<<----  [OUT]
2020/09/11 14:56:32:060

I can't connect with the passive [192.168.100.113/5000] error_code:10061 !

<<<----  [OUT]
2020/09/11 14:56:34:543

Connecting Started...

<<<----  [OUT]
2020/09/11 14:56:36:583

I can't connect with the passive [192.168.100.113/5000] error_code:10061 !

<<<----  [OUT]
2020/09/11 14:56:39:074

Connecting Started...

<<<----  [OUT]
2020/09/11 14:56:41:127

I can't connect with the passive [192.168.100.113/5000] error_code:10061 !

<<<----  [OUT]
2020/09/11 14:56:43:606

Connecting Started...

<<<----  [OUT]
2020/09/11 14:56:45:661

I can't connect with the passive [192.168.100.113/5000] error_code:10061 !

<<<----  [OUT]
2020/09/11 14:56:48:153

Connecting Started...

<<<----  [OUT]
2020/09/11 14:56:50:215

I can't connect with the passive [192.168.100.113/5000] error_code:10061 !

<<<----  [OUT]
2020/09/11 14:56:52:698

Connecting Started...

<<<----  [OUT]
2020/09/11 14:56:54:763

I can't connect with the passive [192.168.100.113/5000] error_code:10061 !

<<<----  [OUT]
2020/09/11 14:56:57:246

Connecting Started...

<<<----  [OUT]
2020/09/11 14:56:59:308

I can't connect with the passive [192.168.100.113/5000] error_code:10061 !

<<<----  [OUT]
2020/09/11 14:57:01:792

Connecting Started...

<<<----  [OUT]
2020/09/11 14:57:03:848

I can't connect with the passive [192.168.100.113/5000] error_code:10061 !

<<<----  [OUT]
2020/09/11 14:57:06:323

Connecting Started...

<<<----  [OUT]
2020/09/11 14:57:08:385

I can't connect with the passive [192.168.100.113/5000] error_code:10061 !

<<<----  [OUT]
2020/09/11 14:57:10:871

Connecting Started...

<<<----  [OUT]
2020/09/11 14:57:12:941

I can't connect with the passive [192.168.100.113/5000] error_code:10061 !

<<<----  [OUT]
2020/09/11 14:57:15:418

Connecting Started...

<<<----  [OUT]
2020/09/11 14:57:17:478

I can't connect with the passive [192.168.100.113/5000] error_code:10061 !

<<<----  [OUT]
2020/09/11 14:57:19:965

Connecting Started...

<<<----  [OUT]
2020/09/11 14:57:22:027

I can't connect with the passive [192.168.100.113/5000] error_code:10061 !

<<<----  [OUT]
2020/09/11 14:57:24:510

Connecting Started...

<<<----  [OUT]
2020/09/11 14:57:26:574

I can't connect with the passive [192.168.100.113/5000] error_code:10061 !

<<<----  [OUT]
2020/09/11 14:57:29:057

Connecting Started...

<<<----  [OUT]
2020/09/11 14:57:31:112

I can't connect with the passive [192.168.100.113/5000] error_code:10061 !

<<<----  [OUT]
2020/09/11 14:57:33:590

Connecting Started...

<<<----  [OUT]
2020/09/11 14:57:35:647

I can't connect with the passive [192.168.100.113/5000] error_code:10061 !

<<<----  [OUT]
2020/09/11 14:57:38:136

Connecting Started...

<<<----  [OUT]
2020/09/11 14:57:40:202

I can't connect with the passive [192.168.100.113/5000] error_code:10061 !

<<<----  [OUT]
2020/09/11 14:57:42:684

Connecting Started...

<<<----  [OUT]
2020/09/11 14:57:44:744

I can't connect with the passive [192.168.100.113/5000] error_code:10061 !

<<<----  [OUT]
2020/09/11 14:57:47:231

Connecting Started...

<<<----  [OUT]
2020/09/11 14:57:49:290

I can't connect with the passive [192.168.100.113/5000] error_code:10061 !

<<<----  [OUT]
2020/09/11 14:57:51:777

Connecting Started...

<<<----  [OUT]
2020/09/11 14:57:53:831

I can't connect with the passive [192.168.100.113/5000] error_code:10061 !

<<<----  [OUT]
2020/09/11 14:57:56:308

Connecting Started...

<<<----  [OUT]
2020/09/11 14:57:58:352

I can't connect with the passive [192.168.100.113/5000] error_code:10061 !

<<<----  [OUT]
2020/09/11 14:58:00:840

Connecting Started...

<<<----  [OUT]
2020/09/11 14:58:02:891

I can't connect with the passive [192.168.100.113/5000] error_code:10061 !

<<<----  [OUT]
2020/09/11 14:58:05:370

Connecting Started...

<<<----  [OUT]
2020/09/11 14:58:07:425

I can't connect with the passive [192.168.100.113/5000] error_code:10061 !

<<<----  [OUT]
2020/09/11 14:58:09:902

Connecting Started...

<<<----  [OUT]
2020/09/11 14:58:11:957

I can't connect with the passive [192.168.100.113/5000] error_code:10061 !

<<<----  [OUT]
2020/09/11 14:58:14:433

Connecting Started...

<<<----  [OUT]
2020/09/11 14:58:16:472

I can't connect with the passive [192.168.100.113/5000] error_code:10061 !

<<<----  [OUT]
2020/09/11 14:58:18:949

Connecting Started...

<<<----  [OUT]
2020/09/11 14:58:20:998

I can't connect with the passive [192.168.100.113/5000] error_code:10061 !

<<<----  [OUT]
2020/09/11 14:58:23:481

Connecting Started...

<<<----  [OUT]
2020/09/11 14:58:25:547

I can't connect with the passive [192.168.100.113/5000] error_code:10061 !

<<<----  [OUT]
2020/09/11 14:58:28:028

Connecting Started...

<<<----  [OUT]
2020/09/11 14:58:30:079

I can't connect with the passive [192.168.100.113/5000] error_code:10061 !

<<<----  [OUT]
2020/09/11 14:58:32:557

Connecting Started...

<<<----  [OUT]
2020/09/11 14:58:34:598

I can't connect with the passive [192.168.100.113/5000] error_code:10061 !

<<<----  [OUT]
2020/09/11 14:58:37:089

Connecting Started...

<<<----  [OUT]
2020/09/11 14:58:39:130

I can't connect with the passive [192.168.100.113/5000] error_code:10061 !

<<<----  [OUT]
2020/09/11 14:58:41:621

Connecting Started...

<<<----  [OUT]
2020/09/11 14:58:43:678

I can't connect with the passive [192.168.100.113/5000] error_code:10061 !

<<<----  [OUT]
2020/09/11 14:58:46:168

Connecting Started...

<<<----  [OUT]
2020/09/11 14:58:48:210

I can't connect with the passive [192.168.100.113/5000] error_code:10061 !

<<<----  [OUT]
2020/09/11 14:58:50:699

Connecting Started...

<<<----  [OUT]
2020/09/11 14:58:52:725

I can't connect with the passive [192.168.100.113/5000] error_code:10061 !

<<<----  [OUT]
2020/09/11 14:58:55:215

Connecting Started...

<<<----  [OUT]
2020/09/11 14:58:57:260

I can't connect with the passive [192.168.100.113/5000] error_code:10061 !

<<<----  [OUT]
2020/09/11 14:58:59:746

Connecting Started...

<<<----  [OUT]
2020/09/11 14:59:01:797

I can't connect with the passive [192.168.100.113/5000] error_code:10061 !

<<<----  [OUT]
2020/09/11 14:59:04:278

Connecting Started...

<<<----  [OUT]
2020/09/11 14:59:06:325

I can't connect with the passive [192.168.100.113/5000] error_code:10061 !

<<<----  [OUT]
2020/09/11 14:59:08:808

Connecting Started...

<<<----  [OUT]
2020/09/11 14:59:10:849

I can't connect with the passive [192.168.100.113/5000] error_code:10061 !

<<<----  [OUT]
2020/09/11 14:59:13:340

Connecting Started...

<<<----  [OUT]
2020/09/11 14:59:15:379

I can't connect with the passive [192.168.100.113/5000] error_code:10061 !

<<<----  [OUT]
2020/09/11 14:59:17:854

Connecting Started...

<<<----  [OUT]
2020/09/11 14:59:19:899

I can't connect with the passive [192.168.100.113/5000] error_code:10061 !

<<<----  [OUT]
2020/09/11 14:59:22:387

Connecting Started...

<<<----  [OUT]
2020/09/11 14:59:24:420

I can't connect with the passive [192.168.100.113/5000] error_code:10061 !

<<<----  [OUT]
2020/09/11 14:59:26:901

Connecting Started...

<<<----  [OUT]
2020/09/11 14:59:28:943

I can't connect with the passive [192.168.100.113/5000] error_code:10061 !

<<<----  [OUT]
2020/09/11 14:59:31:433

Connecting Started...

<<<----  [OUT]
2020/09/11 14:59:33:467

I can't connect with the passive [192.168.100.113/5000] error_code:10061 !

<<<----  [OUT]
2020/09/11 14:59:35:948

Connecting Started...

<<<----  [OUT]
2020/09/11 14:59:37:999

I can't connect with the passive [192.168.100.113/5000] error_code:10061 !

<<<----  [OUT]
2020/09/11 14:59:40:481

Connecting Started...

<<<----  [OUT]
2020/09/11 14:59:42:520

I can't connect with the passive [192.168.100.113/5000] error_code:10061 !

<<<----  [OUT]
2020/09/11 14:59:45:010

Connecting Started...

<<<----  [OUT]
2020/09/11 14:59:47:047

I can't connect with the passive [192.168.100.113/5000] error_code:10061 !

<<<----  [OUT]
2020/09/11 14:59:49:527

Connecting Started...

<<<----  [OUT]
2020/09/11 14:59:51:581

I can't connect with the passive [192.168.100.113/5000] error_code:10061 !

<<<----  [OUT]
2020/09/11 14:59:54:058

Connecting Started...

<<<----  [OUT]
2020/09/11 14:59:56:106

I can't connect with the passive [192.168.100.113/5000] error_code:10061 !

<<<----  [OUT]
2020/09/11 14:59:58:589

Connecting Started...
