
<<<----  [OUT]
2020/09/11 15:00:00:626

I can't connect with the passive [192.168.100.113/5000] error_code:10061 !

<<<----  [OUT]
2020/09/11 15:00:03:104

Connecting Started...

<<<----  [OUT]
2020/09/11 15:00:05:138

I can't connect with the passive [192.168.100.113/5000] error_code:10061 !

<<<----  [OUT]
2020/09/11 15:00:07:620

Connecting Started...

<<<----  [OUT]
2020/09/11 15:00:09:662

I can't connect with the passive [192.168.100.113/5000] error_code:10061 !

<<<----  [OUT]
2020/09/11 15:00:12:152

Connecting Started...

<<<----  [OUT]
2020/09/11 15:00:14:205

I can't connect with the passive [192.168.100.113/5000] error_code:10061 !

<<<----  [OUT]
2020/09/11 15:00:16:683

Connecting Started...

<<<----  [OUT]
2020/09/11 15:00:18:726

I can't connect with the passive [192.168.100.113/5000] error_code:10061 !

<<<----  [OUT]
2020/09/11 15:00:21:215

Connecting Started...

<<<----  [OUT]
2020/09/11 15:00:23:273

I can't connect with the passive [192.168.100.113/5000] error_code:10061 !

<<<----  [OUT]
2020/09/11 15:00:25:761

Connecting Started...

<<<----  [OUT]
2020/09/11 15:00:27:819

I can't connect with the passive [192.168.100.113/5000] error_code:10061 !

<<<----  [OUT]
2020/09/11 15:00:30:309

Connecting Started...

<<<----  [OUT]
2020/09/11 15:00:32:369

I can't connect with the passive [192.168.100.113/5000] error_code:10061 !

<<<----  [OUT]
2020/09/11 15:00:34:854

Connecting Started...

<<<----  [OUT]
2020/09/11 15:00:36:901

I can't connect with the passive [192.168.100.113/5000] error_code:10061 !

<<<----  [OUT]
2020/09/11 15:00:39:386

Connecting Started...

<<<----  [OUT]
2020/09/11 15:00:41:427

I can't connect with the passive [192.168.100.113/5000] error_code:10061 !

<<<----  [OUT]
2020/09/11 15:00:43:917

Connecting Started...

<<<----  [OUT]
2020/09/11 15:00:45:963

I can't connect with the passive [192.168.100.113/5000] error_code:10061 !

<<<----  [OUT]
2020/09/11 15:00:48:448

Connecting Started...

<<<----  [OUT]
2020/09/11 15:00:50:507

I can't connect with the passive [192.168.100.113/5000] error_code:10061 !

<<<----  [OUT]
2020/09/11 15:00:52:996

Connecting Started...

<<<----  [OUT]
2020/09/11 15:00:55:059

I can't connect with the passive [192.168.100.113/5000] error_code:10061 !

<<<----  [OUT]
2020/09/11 15:00:57:544

Connecting Started...

<<<----  [OUT]
2020/09/11 15:00:59:612

I can't connect with the passive [192.168.100.113/5000] error_code:10061 !

<<<----  [OUT]
2020/09/11 15:01:02:090

Connecting Started...

<<<----  [OUT]
2020/09/11 15:01:04:151

I can't connect with the passive [192.168.100.113/5000] error_code:10061 !

<<<----  [OUT]
2020/09/11 15:01:06:636

Connecting Started...

<<<----  [OUT]
2020/09/11 15:01:08:692

I can't connect with the passive [192.168.100.113/5000] error_code:10061 !

<<<----  [OUT]
2020/09/11 15:01:11:183

Connecting Started...

<<<----  [OUT]
2020/09/11 15:01:13:238

I can't connect with the passive [192.168.100.113/5000] error_code:10061 !

<<<----  [OUT]
2020/09/11 15:01:15:714

Connecting Started...

<<<----  [OUT]
2020/09/11 15:01:17:781

I can't connect with the passive [192.168.100.113/5000] error_code:10061 !

<<<----  [OUT]
2020/09/11 15:01:20:262

Connecting Started...

<<<----  [OUT]
2020/09/11 15:01:22:322

I can't connect with the passive [192.168.100.113/5000] error_code:10061 !

<<<----  [OUT]
2020/09/11 15:01:24:808

Connecting Started...

<<<----  [OUT]
2020/09/11 15:01:26:868

I can't connect with the passive [192.168.100.113/5000] error_code:10061 !

<<<----  [OUT]
2020/09/11 15:01:29:354

Connecting Started...

<<<----  [OUT]
2020/09/11 15:01:31:421

I can't connect with the passive [192.168.100.113/5000] error_code:10061 !

<<<----  [OUT]
2020/09/11 15:01:33:902

Connecting Started...

<<<----  [OUT]
2020/09/11 15:01:35:955

I can't connect with the passive [192.168.100.113/5000] error_code:10061 !

<<<----  [OUT]
2020/09/11 15:01:38:433

Connecting Started...

<<<----  [OUT]
2020/09/11 15:01:40:499

I can't connect with the passive [192.168.100.113/5000] error_code:10061 !

<<<----  [OUT]
2020/09/11 15:01:42:981

Connecting Started...

<<<----  [OUT]
2020/09/11 15:01:45:039

I can't connect with the passive [192.168.100.113/5000] error_code:10061 !

<<<----  [OUT]
2020/09/11 15:01:47:527

Connecting Started...

<<<----  [OUT]
2020/09/11 15:01:49:587

I can't connect with the passive [192.168.100.113/5000] error_code:10061 !

<<<----  [OUT]
2020/09/11 15:01:52:073

Connecting Started...

<<<----  [OUT]
2020/09/11 15:01:54:140

I can't connect with the passive [192.168.100.113/5000] error_code:10061 !

<<<----  [OUT]
2020/09/11 15:01:56:621

Connecting Started...

<<<----  [OUT]
2020/09/11 15:01:58:677

I can't connect with the passive [192.168.100.113/5000] error_code:10061 !

<<<----  [OUT]
2020/09/11 15:02:01:168

Connecting Started...

<<<----  [OUT]
2020/09/11 15:02:03:230

I can't connect with the passive [192.168.100.113/5000] error_code:10061 !

<<<----  [OUT]
2020/09/11 15:02:05:714

Connecting Started...

<<<----  [OUT]
2020/09/11 15:02:07:771

I can't connect with the passive [192.168.100.113/5000] error_code:10061 !

<<<----  [OUT]
2020/09/11 15:02:10:261

Connecting Started...

<<<----  [OUT]
2020/09/11 15:02:12:317

I can't connect with the passive [192.168.100.113/5000] error_code:10061 !

<<<----  [OUT]
2020/09/11 15:02:14:808

Connecting Started...

<<<----  [OUT]
2020/09/11 15:02:16:874

I can't connect with the passive [192.168.100.113/5000] error_code:10061 !

<<<----  [OUT]
2020/09/11 15:02:19:354

Connecting Started...

<<<----  [OUT]
2020/09/11 15:02:21:408

I can't connect with the passive [192.168.100.113/5000] error_code:10061 !

<<<----  [OUT]
2020/09/11 15:02:23:886

Connecting Started...

<<<----  [OUT]
2020/09/11 15:02:25:949

I can't connect with the passive [192.168.100.113/5000] error_code:10061 !

<<<----  [OUT]
2020/09/11 15:02:28:434

Connecting Started...

<<<----  [OUT]
2020/09/11 15:02:30:489

I can't connect with the passive [192.168.100.113/5000] error_code:10061 !

<<<----  [OUT]
2020/09/11 15:02:32:980

Connecting Started...

<<<----  [OUT]
2020/09/11 15:02:35:014

I can't connect with the passive [192.168.100.113/5000] error_code:10061 !

<<<----  [OUT]
2020/09/11 15:02:37:495

Connecting Started...

<<<----  [OUT]
2020/09/11 15:02:39:531

I can't connect with the passive [192.168.100.113/5000] error_code:10061 !

<<<----  [OUT]
2020/09/11 15:02:42:012

Connecting Started...

<<<----  [OUT]
2020/09/11 15:02:44:044

I can't connect with the passive [192.168.100.113/5000] error_code:10061 !

<<<----  [OUT]
2020/09/11 15:02:46:528

Connecting Started...

<<<----  [OUT]
2020/09/11 15:02:48:578

I can't connect with the passive [192.168.100.113/5000] error_code:10061 !

<<<----  [OUT]
2020/09/11 15:02:51:057

Connecting Started...

<<<----  [OUT]
2020/09/11 15:02:53:107

I can't connect with the passive [192.168.100.113/5000] error_code:10061 !

<<<----  [OUT]
2020/09/11 15:02:55:590

Connecting Started...

<<<----  [OUT]
2020/09/11 15:02:57:628

I can't connect with the passive [192.168.100.113/5000] error_code:10061 !

<<<----  [OUT]
2020/09/11 15:03:00:105

Connecting Started...

<<<----  [OUT]
2020/09/11 15:03:02:148

I can't connect with the passive [192.168.100.113/5000] error_code:10061 !

<<<----  [OUT]
2020/09/11 15:03:04:636

Connecting Started...

<<<----  [OUT]
2020/09/11 15:03:06:689

I can't connect with the passive [192.168.100.113/5000] error_code:10061 !

<<<----  [OUT]
2020/09/11 15:03:09:168

Connecting Started...

<<<----  [OUT]
2020/09/11 15:03:11:228

I can't connect with the passive [192.168.100.113/5000] error_code:10061 !

<<<----  [OUT]
2020/09/11 15:03:13:715

Connecting Started...

<<<----  [OUT]
2020/09/11 15:03:15:767

I can't connect with the passive [192.168.100.113/5000] error_code:10061 !

<<<----  [OUT]
2020/09/11 15:03:18:246

Connecting Started...

<<<----  [OUT]
2020/09/11 15:03:20:302

I can't connect with the passive [192.168.100.113/5000] error_code:10061 !

<<<----  [OUT]
2020/09/11 15:03:22:792

Connecting Started...

<<<----  [OUT]
2020/09/11 15:03:24:848

I can't connect with the passive [192.168.100.113/5000] error_code:10061 !

<<<----  [OUT]
2020/09/11 15:03:27:341

Connecting Started...

<<<----  [OUT]
2020/09/11 15:03:29:412

I can't connect with the passive [192.168.100.113/5000] error_code:10061 !

<<<----  [OUT]
2020/09/11 15:03:31:902

Connecting Started...

<<<----  [OUT]
2020/09/11 15:03:33:955

I can't connect with the passive [192.168.100.113/5000] error_code:10061 !

<<<----  [OUT]
2020/09/11 15:03:36:433

Connecting Started...

<<<----  [OUT]
2020/09/11 15:03:38:496

I can't connect with the passive [192.168.100.113/5000] error_code:10061 !

<<<----  [OUT]
2020/09/11 15:03:40:980

Connecting Started...

<<<----  [OUT]
2020/09/11 15:03:43:037

I can't connect with the passive [192.168.100.113/5000] error_code:10061 !

<<<----  [OUT]
2020/09/11 15:03:45:528

Connecting Started...

<<<----  [OUT]
2020/09/11 15:03:47:585

I can't connect with the passive [192.168.100.113/5000] error_code:10061 !

<<<----  [OUT]
2020/09/11 15:03:50:073

Connecting Started...

<<<----  [OUT]
2020/09/11 15:03:52:122

I can't connect with the passive [192.168.100.113/5000] error_code:10061 !

<<<----  [OUT]
2020/09/11 15:03:54:605

Connecting Started...

<<<----  [OUT]
2020/09/11 15:03:56:670

I can't connect with the passive [192.168.100.113/5000] error_code:10061 !

<<<----  [OUT]
2020/09/11 15:03:59:151

Connecting Started...

<<<----  [OUT]
2020/09/11 15:04:01:202

I can't connect with the passive [192.168.100.113/5000] error_code:10061 !

<<<----  [OUT]
2020/09/11 15:04:03:682

Connecting Started...

<<<----  [OUT]
2020/09/11 15:04:05:745

I can't connect with the passive [192.168.100.113/5000] error_code:10061 !

<<<----  [OUT]
2020/09/11 15:04:08:229

Connecting Started...

<<<----  [OUT]
2020/09/11 15:04:10:287

I can't connect with the passive [192.168.100.113/5000] error_code:10061 !

<<<----  [OUT]
2020/09/11 15:04:12:777

Connecting Started...

<<<----  [OUT]
2020/09/11 15:04:14:825

I can't connect with the passive [192.168.100.113/5000] error_code:10061 !

<<<----  [OUT]
2020/09/11 15:04:17:309

Connecting Started...

<<<----  [OUT]
2020/09/11 15:04:19:368

I can't connect with the passive [192.168.100.113/5000] error_code:10061 !

<<<----  [OUT]
2020/09/11 15:04:21:855

Connecting Started...

<<<----  [OUT]
2020/09/11 15:04:23:908

I can't connect with the passive [192.168.100.113/5000] error_code:10061 !

<<<----  [OUT]
2020/09/11 15:04:26:386

Connecting Started...

<<<----  [OUT]
2020/09/11 15:04:28:447

I can't connect with the passive [192.168.100.113/5000] error_code:10061 !

<<<----  [OUT]
2020/09/11 15:04:30:933

Connecting Started...

<<<----  [OUT]
2020/09/11 15:04:32:990

I can't connect with the passive [192.168.100.113/5000] error_code:10061 !

<<<----  [OUT]
2020/09/11 15:04:35:480

Connecting Started...

<<<----  [OUT]
2020/09/11 15:04:37:520

I can't connect with the passive [192.168.100.113/5000] error_code:10061 !

<<<----  [OUT]
2020/09/11 15:04:40:011

Connecting Started...

<<<----  [OUT]
2020/09/11 15:04:42:044

I can't connect with the passive [192.168.100.113/5000] error_code:10061 !

<<<----  [OUT]
2020/09/11 15:04:44:526

Connecting Started...

<<<----  [OUT]
2020/09/11 15:04:46:577

I can't connect with the passive [192.168.100.113/5000] error_code:10061 !

<<<----  [OUT]
2020/09/11 15:04:49:058

Connecting Started...

<<<----  [OUT]
2020/09/11 15:04:51:097

I can't connect with the passive [192.168.100.113/5000] error_code:10061 !

<<<----  [OUT]
2020/09/11 15:04:53:573

Connecting Started...

<<<----  [OUT]
2020/09/11 15:04:55:621

I can't connect with the passive [192.168.100.113/5000] error_code:10061 !

<<<----  [OUT]
2020/09/11 15:04:58:106

Connecting Started...

<<<----  [OUT]
2020/09/11 15:05:00:153

I can't connect with the passive [192.168.100.113/5000] error_code:10061 !

<<<----  [OUT]
2020/09/11 15:05:02:636

Connecting Started...

<<<----  [OUT]
2020/09/11 15:05:04:679

I can't connect with the passive [192.168.100.113/5000] error_code:10061 !

<<<----  [OUT]
2020/09/11 15:05:07:168

Connecting Started...

<<<----  [OUT]
2020/09/11 15:05:09:222

I can't connect with the passive [192.168.100.113/5000] error_code:10061 !

<<<----  [OUT]
2020/09/11 15:05:11:698

Connecting Started...

<<<----  [OUT]
2020/09/11 15:05:13:762

I can't connect with the passive [192.168.100.113/5000] error_code:10061 !

<<<----  [OUT]
2020/09/11 15:05:16:246

Connecting Started...

<<<----  [OUT]
2020/09/11 15:05:18:305

I can't connect with the passive [192.168.100.113/5000] error_code:10061 !

<<<----  [OUT]
2020/09/11 15:05:20:793

Connecting Started...

<<<----  [OUT]
2020/09/11 15:05:22:844

I can't connect with the passive [192.168.100.113/5000] error_code:10061 !

<<<----  [OUT]
2020/09/11 15:05:25:323

Connecting Started...

<<<----  [OUT]
2020/09/11 15:05:27:367

I can't connect with the passive [192.168.100.113/5000] error_code:10061 !

<<<----  [OUT]
2020/09/11 15:05:29:856

Connecting Started...

<<<----  [OUT]
2020/09/11 15:05:31:932

I can't connect with the passive [192.168.100.113/5000] error_code:10061 !

<<<----  [OUT]
2020/09/11 15:05:34:417

Connecting Started...

<<<----  [OUT]
2020/09/11 15:05:36:467

I can't connect with the passive [192.168.100.113/5000] error_code:10061 !

<<<----  [OUT]
2020/09/11 15:05:38:948

Connecting Started...

<<<----  [OUT]
2020/09/11 15:05:41:026

I can't connect with the passive [192.168.100.113/5000] error_code:10061 !

<<<----  [OUT]
2020/09/11 15:05:43:511

Connecting Started...

<<<----  [OUT]
2020/09/11 15:05:45:579

I can't connect with the passive [192.168.100.113/5000] error_code:10061 !

<<<----  [OUT]
2020/09/11 15:05:48:059

Connecting Started...

<<<----  [OUT]
2020/09/11 15:05:50:119

I can't connect with the passive [192.168.100.113/5000] error_code:10061 !

<<<----  [OUT]
2020/09/11 15:05:52:606

Connecting Started...

<<<----  [OUT]
2020/09/11 15:05:54:675

I can't connect with the passive [192.168.100.113/5000] error_code:10061 !

<<<----  [OUT]
2020/09/11 15:05:57:151

Connecting Started...

<<<----  [OUT]
2020/09/11 15:05:59:212

I can't connect with the passive [192.168.100.113/5000] error_code:10061 !

<<<----  [OUT]
2020/09/11 15:06:01:699

Connecting Started...

<<<----  [OUT]
2020/09/11 15:06:03:709

I can't connect with the passive [192.168.100.113/5000] error_code:10061 !

<<<----  [OUT]
2020/09/11 15:06:06:199

Connecting Started...

<<<----  [OUT]
2020/09/11 15:06:08:265

I can't connect with the passive [192.168.100.113/5000] error_code:10061 !

<<<----  [OUT]
2020/09/11 15:06:10:745

Connecting Started...

<<<----  [OUT]
2020/09/11 15:06:12:819

I can't connect with the passive [192.168.100.113/5000] error_code:10061 !

<<<----  [OUT]
2020/09/11 15:06:15:307

Connecting Started...

<<<----  [OUT]
2020/09/11 15:06:17:361

I can't connect with the passive [192.168.100.113/5000] error_code:10061 !

<<<----  [OUT]
2020/09/11 15:06:19:840

Connecting Started...

<<<----  [OUT]
2020/09/11 15:06:21:900

I can't connect with the passive [192.168.100.113/5000] error_code:10061 !

<<<----  [OUT]
2020/09/11 15:06:24:386

Connecting Started...

<<<----  [OUT]
2020/09/11 15:06:26:447

I can't connect with the passive [192.168.100.113/5000] error_code:10061 !

<<<----  [OUT]
2020/09/11 15:06:28:933

Connecting Started...

<<<----  [OUT]
2020/09/11 15:06:30:996

I can't connect with the passive [192.168.100.113/5000] error_code:10061 !

<<<----  [OUT]
2020/09/11 15:06:33:480

Connecting Started...

<<<----  [OUT]
2020/09/11 15:06:35:532

I can't connect with the passive [192.168.100.113/5000] error_code:10061 !

<<<----  [OUT]
2020/09/11 15:06:38:011

Connecting Started...

<<<----  [OUT]
2020/09/11 15:06:40:050

I can't connect with the passive [192.168.100.113/5000] error_code:10061 !

<<<----  [OUT]
2020/09/11 15:06:42:527

Connecting Started...

<<<----  [OUT]
2020/09/11 15:06:44:579

I can't connect with the passive [192.168.100.113/5000] error_code:10061 !

<<<----  [OUT]
2020/09/11 15:06:47:058

Connecting Started...

<<<----  [OUT]
2020/09/11 15:06:49:116

I can't connect with the passive [192.168.100.113/5000] error_code:10061 !

<<<----  [OUT]
2020/09/11 15:06:51:604

Connecting Started...

<<<----  [OUT]
2020/09/11 15:06:53:662

I can't connect with the passive [192.168.100.113/5000] error_code:10061 !

<<<----  [OUT]
2020/09/11 15:06:56:152

Connecting Started...

<<<----  [OUT]
2020/09/11 15:06:58:211

I can't connect with the passive [192.168.100.113/5000] error_code:10061 !

<<<----  [OUT]
2020/09/11 15:07:00:698

Connecting Started...

<<<----  [OUT]
2020/09/11 15:07:02:761

I can't connect with the passive [192.168.100.113/5000] error_code:10061 !

<<<----  [OUT]
2020/09/11 15:07:05:245

Connecting Started...

<<<----  [OUT]
2020/09/11 15:07:07:288

I can't connect with the passive [192.168.100.113/5000] error_code:10061 !

<<<----  [OUT]
2020/09/11 15:07:09:778

Connecting Started...

<<<----  [OUT]
2020/09/11 15:07:11:828

I can't connect with the passive [192.168.100.113/5000] error_code:10061 !

<<<----  [OUT]
2020/09/11 15:07:14:309

Connecting Started...

<<<----  [OUT]
2020/09/11 15:07:16:362

I can't connect with the passive [192.168.100.113/5000] error_code:10061 !

<<<----  [OUT]
2020/09/11 15:07:18:840

Connecting Started...

<<<----  [OUT]
2020/09/11 15:07:20:892

I can't connect with the passive [192.168.100.113/5000] error_code:10061 !

<<<----  [OUT]
2020/09/11 15:07:23:370

Connecting Started...

<<<----  [OUT]
2020/09/11 15:07:25:422

I can't connect with the passive [192.168.100.113/5000] error_code:10061 !

<<<----  [OUT]
2020/09/11 15:07:27:902

Connecting Started...

<<<----  [OUT]
2020/09/11 15:07:29:951

I can't connect with the passive [192.168.100.113/5000] error_code:10061 !

<<<----  [OUT]
2020/09/11 15:07:32:434

Connecting Started...

<<<----  [OUT]
2020/09/11 15:07:34:477

I can't connect with the passive [192.168.100.113/5000] error_code:10061 !

<<<----  [OUT]
2020/09/11 15:07:36:964

Connecting Started...

<<<----  [OUT]
2020/09/11 15:07:39:028

I can't connect with the passive [192.168.100.113/5000] error_code:10061 !

<<<----  [OUT]
2020/09/11 15:07:41:511

Connecting Started...

<<<----  [OUT]
2020/09/11 15:07:43:578

I can't connect with the passive [192.168.100.113/5000] error_code:10061 !

<<<----  [OUT]
2020/09/11 15:07:46:059

Connecting Started...

<<<----  [OUT]
2020/09/11 15:07:48:107

I can't connect with the passive [192.168.100.113/5000] error_code:10061 !

<<<----  [OUT]
2020/09/11 15:07:50:588

Connecting Started...

<<<----  [OUT]
2020/09/11 15:07:52:644

I can't connect with the passive [192.168.100.113/5000] error_code:10061 !

<<<----  [OUT]
2020/09/11 15:07:55:121

Connecting Started...

<<<----  [OUT]
2020/09/11 15:07:57:167

I can't connect with the passive [192.168.100.113/5000] error_code:10061 !

<<<----  [OUT]
2020/09/11 15:07:59:652

Connecting Started...

<<<----  [OUT]
2020/09/11 15:08:01:707

I can't connect with the passive [192.168.100.113/5000] error_code:10061 !

<<<----  [OUT]
2020/09/11 15:08:04:183

Connecting Started...

<<<----  [OUT]
2020/09/11 15:08:06:245

I can't connect with the passive [192.168.100.113/5000] error_code:10061 !

<<<----  [OUT]
2020/09/11 15:08:08:731

Connecting Started...

<<<----  [OUT]
2020/09/11 15:08:10:798

I can't connect with the passive [192.168.100.113/5000] error_code:10061 !

<<<----  [OUT]
2020/09/11 15:08:13:278

Connecting Started...

<<<----  [OUT]
2020/09/11 15:08:15:344

I can't connect with the passive [192.168.100.113/5000] error_code:10061 !

<<<----  [OUT]
2020/09/11 15:08:17:824

Connecting Started...

<<<----  [OUT]
2020/09/11 15:08:19:881

I can't connect with the passive [192.168.100.113/5000] error_code:10061 !

<<<----  [OUT]
2020/09/11 15:08:22:370

Connecting Started...

<<<----  [OUT]
2020/09/11 15:08:24:444

I can't connect with the passive [192.168.100.113/5000] error_code:10061 !

<<<----  [OUT]
2020/09/11 15:08:26:933

Connecting Started...

<<<----  [OUT]
2020/09/11 15:08:28:990

I can't connect with the passive [192.168.100.113/5000] error_code:10061 !

<<<----  [OUT]
2020/09/11 15:08:31:480

Connecting Started...

<<<----  [OUT]
2020/09/11 15:08:33:524

I can't connect with the passive [192.168.100.113/5000] error_code:10061 !

<<<----  [OUT]
2020/09/11 15:08:36:011

Connecting Started...

<<<----  [OUT]
2020/09/11 15:08:38:057

I can't connect with the passive [192.168.100.113/5000] error_code:10061 !

<<<----  [OUT]
2020/09/11 15:08:40:543

Connecting Started...

<<<----  [OUT]
2020/09/11 15:08:42:585

I can't connect with the passive [192.168.100.113/5000] error_code:10061 !

<<<----  [OUT]
2020/09/11 15:08:45:074

Connecting Started...

<<<----  [OUT]
2020/09/11 15:08:47:120

I can't connect with the passive [192.168.100.113/5000] error_code:10061 !

<<<----  [OUT]
2020/09/11 15:08:49:605

Connecting Started...

<<<----  [OUT]
2020/09/11 15:08:51:663

I can't connect with the passive [192.168.100.113/5000] error_code:10061 !

<<<----  [OUT]
2020/09/11 15:08:54:151

Connecting Started...

<<<----  [OUT]
2020/09/11 15:08:56:191

I can't connect with the passive [192.168.100.113/5000] error_code:10061 !

<<<----  [OUT]
2020/09/11 15:08:58:668

Connecting Started...

<<<----  [OUT]
2020/09/11 15:09:00:717

I can't connect with the passive [192.168.100.113/5000] error_code:10061 !

<<<----  [OUT]
2020/09/11 15:09:03:198

Connecting Started...

<<<----  [OUT]
2020/09/11 15:09:05:242

I can't connect with the passive [192.168.100.113/5000] error_code:10061 !

<<<----  [OUT]
2020/09/11 15:09:07:729

Connecting Started...

<<<----  [OUT]
2020/09/11 15:09:09:792

I can't connect with the passive [192.168.100.113/5000] error_code:10061 !

<<<----  [OUT]
2020/09/11 15:09:12:277

Connecting Started...

<<<----  [OUT]
2020/09/11 15:09:14:325

I can't connect with the passive [192.168.100.113/5000] error_code:10061 !

<<<----  [OUT]
2020/09/11 15:09:16:808

Connecting Started...

<<<----  [OUT]
2020/09/11 15:09:18:867

I can't connect with the passive [192.168.100.113/5000] error_code:10061 !

<<<----  [OUT]
2020/09/11 15:09:21:355

Connecting Started...

<<<----  [OUT]
2020/09/11 15:09:23:416

I can't connect with the passive [192.168.100.113/5000] error_code:10061 !

<<<----  [OUT]
2020/09/11 15:09:25:902

Connecting Started...

<<<----  [OUT]
2020/09/11 15:09:27:960

I can't connect with the passive [192.168.100.113/5000] error_code:10061 !

<<<----  [OUT]
2020/09/11 15:09:30:448

Connecting Started...

<<<----  [OUT]
2020/09/11 15:09:32:505

I can't connect with the passive [192.168.100.113/5000] error_code:10061 !

<<<----  [OUT]
2020/09/11 15:09:34:996

Connecting Started...

<<<----  [OUT]
2020/09/11 15:09:37:056

I can't connect with the passive [192.168.100.113/5000] error_code:10061 !

<<<----  [OUT]
2020/09/11 15:09:39:543

Connecting Started...

<<<----  [OUT]
2020/09/11 15:09:41:605

I can't connect with the passive [192.168.100.113/5000] error_code:10061 !

<<<----  [OUT]
2020/09/11 15:09:44:089

Connecting Started...

<<<----  [OUT]
2020/09/11 15:09:46:150

I can't connect with the passive [192.168.100.113/5000] error_code:10061 !

<<<----  [OUT]
2020/09/11 15:09:48:637

Connecting Started...

<<<----  [OUT]
2020/09/11 15:09:50:704

I can't connect with the passive [192.168.100.113/5000] error_code:10061 !

<<<----  [OUT]
2020/09/11 15:09:53:182

Connecting Started...

<<<----  [OUT]
2020/09/11 15:09:55:220

I can't connect with the passive [192.168.100.113/5000] error_code:10061 !

<<<----  [OUT]
2020/09/11 15:09:57:698

Connecting Started...

<<<----  [OUT]
2020/09/11 15:09:59:743

I can't connect with the passive [192.168.100.113/5000] error_code:10061 !

<<<----  [OUT]
2020/09/11 15:10:02:229

Connecting Started...

<<<----  [OUT]
2020/09/11 15:10:04:268

I can't connect with the passive [192.168.100.113/5000] error_code:10061 !

<<<----  [OUT]
2020/09/11 15:10:06:745

Connecting Started...

<<<----  [OUT]
2020/09/11 15:10:08:791

I can't connect with the passive [192.168.100.113/5000] error_code:10061 !

<<<----  [OUT]
2020/09/11 15:10:11:276

Connecting Started...

<<<----  [OUT]
2020/09/11 15:10:13:310

I can't connect with the passive [192.168.100.113/5000] error_code:10061 !

<<<----  [OUT]
2020/09/11 15:10:15:793

Connecting Started...

<<<----  [OUT]
2020/09/11 15:10:17:835

I can't connect with the passive [192.168.100.113/5000] error_code:10061 !

<<<----  [OUT]
2020/09/11 15:10:20:324

Connecting Started...

<<<----  [OUT]
2020/09/11 15:10:22:359

I can't connect with the passive [192.168.100.113/5000] error_code:10061 !

<<<----  [OUT]
2020/09/11 15:10:24:840

Connecting Started...

<<<----  [OUT]
2020/09/11 15:10:26:890

I can't connect with the passive [192.168.100.113/5000] error_code:10061 !

<<<----  [OUT]
2020/09/11 15:10:29:370

Connecting Started...

<<<----  [OUT]
2020/09/11 15:10:31:420

I can't connect with the passive [192.168.100.113/5000] error_code:10061 !

<<<----  [OUT]
2020/09/11 15:10:33:902

Connecting Started...

<<<----  [OUT]
2020/09/11 15:10:35:943

I can't connect with the passive [192.168.100.113/5000] error_code:10061 !

<<<----  [OUT]
2020/09/11 15:10:38:434

Connecting Started...

<<<----  [OUT]
2020/09/11 15:10:40:482

I can't connect with the passive [192.168.100.113/5000] error_code:10061 !

<<<----  [OUT]
2020/09/11 15:10:42:963

Connecting Started...

<<<----  [OUT]
2020/09/11 15:10:45:004

I can't connect with the passive [192.168.100.113/5000] error_code:10061 !

<<<----  [OUT]
2020/09/11 15:10:47:480

Connecting Started...

<<<----  [OUT]
2020/09/11 15:10:49:530

I can't connect with the passive [192.168.100.113/5000] error_code:10061 !

<<<----  [OUT]
2020/09/11 15:10:52:012

Connecting Started...

<<<----  [OUT]
2020/09/11 15:10:54:061

I can't connect with the passive [192.168.100.113/5000] error_code:10061 !

<<<----  [OUT]
2020/09/11 15:10:56:543

Connecting Started...

<<<----  [OUT]
2020/09/11 15:10:58:590

I can't connect with the passive [192.168.100.113/5000] error_code:10061 !

<<<----  [OUT]
2020/09/11 15:11:01:073

Connecting Started...

<<<----  [OUT]
2020/09/11 15:11:03:114

I can't connect with the passive [192.168.100.113/5000] error_code:10061 !

<<<----  [OUT]
2020/09/11 15:11:05:605

Connecting Started...

<<<----  [OUT]
2020/09/11 15:11:07:659

I can't connect with the passive [192.168.100.113/5000] error_code:10061 !

<<<----  [OUT]
2020/09/11 15:11:10:137

Connecting Started...

<<<----  [OUT]
2020/09/11 15:11:12:177

I can't connect with the passive [192.168.100.113/5000] error_code:10061 !

<<<----  [OUT]
2020/09/11 15:11:14:666

Connecting Started...

<<<----  [OUT]
2020/09/11 15:11:16:712

I can't connect with the passive [192.168.100.113/5000] error_code:10061 !

<<<----  [OUT]
2020/09/11 15:11:19:199

Connecting Started...

<<<----  [OUT]
2020/09/11 15:11:21:256

I can't connect with the passive [192.168.100.113/5000] error_code:10061 !

<<<----  [OUT]
2020/09/11 15:11:23:745

Connecting Started...

<<<----  [OUT]
2020/09/11 15:11:25:783

I can't connect with the passive [192.168.100.113/5000] error_code:10061 !

<<<----  [OUT]
2020/09/11 15:11:28:261

Connecting Started...

<<<----  [OUT]
2020/09/11 15:11:30:301

I can't connect with the passive [192.168.100.113/5000] error_code:10061 !

<<<----  [OUT]
2020/09/11 15:11:32:777

Connecting Started...

<<<----  [OUT]
2020/09/11 15:11:34:828

I can't connect with the passive [192.168.100.113/5000] error_code:10061 !

<<<----  [OUT]
2020/09/11 15:11:37:308

Connecting Started...

<<<----  [OUT]
2020/09/11 15:11:39:347

I can't connect with the passive [192.168.100.113/5000] error_code:10061 !

<<<----  [OUT]
2020/09/11 15:11:41:823

Connecting Started...

<<<----  [OUT]
2020/09/11 15:11:43:868

I can't connect with the passive [192.168.100.113/5000] error_code:10061 !

<<<----  [OUT]
2020/09/11 15:11:46:355

Connecting Started...

<<<----  [OUT]
2020/09/11 15:11:48:391

I can't connect with the passive [192.168.100.113/5000] error_code:10061 !

<<<----  [OUT]
2020/09/11 15:11:50:871

Connecting Started...

<<<----  [OUT]
2020/09/11 15:11:52:914

I can't connect with the passive [192.168.100.113/5000] error_code:10061 !

<<<----  [OUT]
2020/09/11 15:11:55:403

Connecting Started...

<<<----  [OUT]
2020/09/11 15:11:57:462

I can't connect with the passive [192.168.100.113/5000] error_code:10061 !

<<<----  [OUT]
2020/09/11 15:11:59:949

Connecting Started...

<<<----  [OUT]
2020/09/11 15:12:02:003

I can't connect with the passive [192.168.100.113/5000] error_code:10061 !

<<<----  [OUT]
2020/09/11 15:12:04:480

Connecting Started...

<<<----  [OUT]
2020/09/11 15:12:06:538

I can't connect with the passive [192.168.100.113/5000] error_code:10061 !

<<<----  [OUT]
2020/09/11 15:12:09:027

Connecting Started...

<<<----  [OUT]
2020/09/11 15:12:11:094

I can't connect with the passive [192.168.100.113/5000] error_code:10061 !

<<<----  [OUT]
2020/09/11 15:12:13:574

Connecting Started...

<<<----  [OUT]
2020/09/11 15:12:15:645

I can't connect with the passive [192.168.100.113/5000] error_code:10061 !

<<<----  [OUT]
2020/09/11 15:12:18:120

Connecting Started...

<<<----  [OUT]
2020/09/11 15:12:20:166

I can't connect with the passive [192.168.100.113/5000] error_code:10061 !

<<<----  [OUT]
2020/09/11 15:12:22:651

Connecting Started...

<<<----  [OUT]
2020/09/11 15:12:24:708

I can't connect with the passive [192.168.100.113/5000] error_code:10061 !

<<<----  [OUT]
2020/09/11 15:12:27:199

Connecting Started...

<<<----  [OUT]
2020/09/11 15:12:29:260

I can't connect with the passive [192.168.100.113/5000] error_code:10061 !

<<<----  [OUT]
2020/09/11 15:12:31:746

Connecting Started...

<<<----  [OUT]
2020/09/11 15:12:33:811

I can't connect with the passive [192.168.100.113/5000] error_code:10061 !

<<<----  [OUT]
2020/09/11 15:12:36:293

Connecting Started...

<<<----  [OUT]
2020/09/11 15:12:38:338

I can't connect with the passive [192.168.100.113/5000] error_code:10061 !

<<<----  [OUT]
2020/09/11 15:12:40:823

Connecting Started...

<<<----  [OUT]
2020/09/11 15:12:42:870

I can't connect with the passive [192.168.100.113/5000] error_code:10061 !

<<<----  [OUT]
2020/09/11 15:12:45:354

Connecting Started...

<<<----  [OUT]
2020/09/11 15:12:47:413

I can't connect with the passive [192.168.100.113/5000] error_code:10061 !

<<<----  [OUT]
2020/09/11 15:12:49:901

Connecting Started...

<<<----  [OUT]
2020/09/11 15:12:51:951

I can't connect with the passive [192.168.100.113/5000] error_code:10061 !

<<<----  [OUT]
2020/09/11 15:12:54:434

Connecting Started...

<<<----  [OUT]
2020/09/11 15:12:56:481

I can't connect with the passive [192.168.100.113/5000] error_code:10061 !

<<<----  [OUT]
2020/09/11 15:12:58:965

Connecting Started...

<<<----  [OUT]
2020/09/11 15:13:01:009

I can't connect with the passive [192.168.100.113/5000] error_code:10061 !

<<<----  [OUT]
2020/09/11 15:13:03:496

Connecting Started...

<<<----  [OUT]
2020/09/11 15:13:05:543

I can't connect with the passive [192.168.100.113/5000] error_code:10061 !

<<<----  [OUT]
2020/09/11 15:13:08:027

Connecting Started...

<<<----  [OUT]
2020/09/11 15:13:10:079

I can't connect with the passive [192.168.100.113/5000] error_code:10061 !

<<<----  [OUT]
2020/09/11 15:13:12:557

Connecting Started...

<<<----  [OUT]
2020/09/11 15:13:14:586

I can't connect with the passive [192.168.100.113/5000] error_code:10061 !

<<<----  [OUT]
2020/09/11 15:13:17:073

Connecting Started...

<<<----  [OUT]
2020/09/11 15:13:19:125

I can't connect with the passive [192.168.100.113/5000] error_code:10061 !

<<<----  [OUT]
2020/09/11 15:13:21:605

Connecting Started...

<<<----  [OUT]
2020/09/11 15:13:23:659

I can't connect with the passive [192.168.100.113/5000] error_code:10061 !

<<<----  [OUT]
2020/09/11 15:13:26:136

Connecting Started...

<<<----  [OUT]
2020/09/11 15:13:28:187

I can't connect with the passive [192.168.100.113/5000] error_code:10061 !

<<<----  [OUT]
2020/09/11 15:13:30:667

Connecting Started...

<<<----  [OUT]
2020/09/11 15:13:32:730

I can't connect with the passive [192.168.100.113/5000] error_code:10061 !

<<<----  [OUT]
2020/09/11 15:13:35:214

Connecting Started...

<<<----  [OUT]
2020/09/11 15:13:37:260

I can't connect with the passive [192.168.100.113/5000] error_code:10061 !

<<<----  [OUT]
2020/09/11 15:13:39:747

Connecting Started...

<<<----  [OUT]
2020/09/11 15:13:41:796

I can't connect with the passive [192.168.100.113/5000] error_code:10061 !

<<<----  [OUT]
2020/09/11 15:13:44:276

Connecting Started...

<<<----  [OUT]
2020/09/11 15:13:46:340

I can't connect with the passive [192.168.100.113/5000] error_code:10061 !

<<<----  [OUT]
2020/09/11 15:13:48:825

Connecting Started...

<<<----  [OUT]
2020/09/11 15:13:50:890

I can't connect with the passive [192.168.100.113/5000] error_code:10061 !

<<<----  [OUT]
2020/09/11 15:13:53:370

Connecting Started...

<<<----  [OUT]
2020/09/11 15:13:55:426

I can't connect with the passive [192.168.100.113/5000] error_code:10061 !

<<<----  [OUT]
2020/09/11 15:13:57:902

Connecting Started...

<<<----  [OUT]
2020/09/11 15:13:59:962

I can't connect with the passive [192.168.100.113/5000] error_code:10061 !

<<<----  [OUT]
2020/09/11 15:14:02:448

Connecting Started...

<<<----  [OUT]
2020/09/11 15:14:04:507

I can't connect with the passive [192.168.100.113/5000] error_code:10061 !

<<<----  [OUT]
2020/09/11 15:14:06:995

Connecting Started...

<<<----  [OUT]
2020/09/11 15:14:09:046

I can't connect with the passive [192.168.100.113/5000] error_code:10061 !

<<<----  [OUT]
2020/09/11 15:14:11:527

Connecting Started...

<<<----  [OUT]
2020/09/11 15:14:13:569

I can't connect with the passive [192.168.100.113/5000] error_code:10061 !

<<<----  [OUT]
2020/09/11 15:14:16:058

Connecting Started...

<<<----  [OUT]
2020/09/11 15:14:18:108

I can't connect with the passive [192.168.100.113/5000] error_code:10061 !

<<<----  [OUT]
2020/09/11 15:14:20:590

Connecting Started...

<<<----  [OUT]
2020/09/11 15:14:22:647

I can't connect with the passive [192.168.100.113/5000] error_code:10061 !

<<<----  [OUT]
2020/09/11 15:14:25:136

Connecting Started...

<<<----  [OUT]
2020/09/11 15:14:27:189

I can't connect with the passive [192.168.100.113/5000] error_code:10061 !

<<<----  [OUT]
2020/09/11 15:14:29:669

Connecting Started...

<<<----  [OUT]
2020/09/11 15:14:31:723

I can't connect with the passive [192.168.100.113/5000] error_code:10061 !

<<<----  [OUT]
2020/09/11 15:14:34:213

Connecting Started...

<<<----  [OUT]
2020/09/11 15:14:36:266

I can't connect with the passive [192.168.100.113/5000] error_code:10061 !

<<<----  [OUT]
2020/09/11 15:14:38:745

Connecting Started...

<<<----  [OUT]
2020/09/11 15:14:40:785

I can't connect with the passive [192.168.100.113/5000] error_code:10061 !

<<<----  [OUT]
2020/09/11 15:14:43:277

Connecting Started...

<<<----  [OUT]
2020/09/11 15:14:45:340

I can't connect with the passive [192.168.100.113/5000] error_code:10061 !

<<<----  [OUT]
2020/09/11 15:14:47:825

Connecting Started...

<<<----  [OUT]
2020/09/11 15:14:49:886

I can't connect with the passive [192.168.100.113/5000] error_code:10061 !

<<<----  [OUT]
2020/09/11 15:14:52:370

Connecting Started...

<<<----  [OUT]
2020/09/11 15:14:54:426

I can't connect with the passive [192.168.100.113/5000] error_code:10061 !

<<<----  [OUT]
2020/09/11 15:14:56:917

Connecting Started...

<<<----  [OUT]
2020/09/11 15:14:58:968

I can't connect with the passive [192.168.100.113/5000] error_code:10061 !

<<<----  [OUT]
2020/09/11 15:15:01:448

Connecting Started...

<<<----  [OUT]
2020/09/11 15:15:03:495

I can't connect with the passive [192.168.100.113/5000] error_code:10061 !

<<<----  [OUT]
2020/09/11 15:15:05:979

Connecting Started...

<<<----  [OUT]
2020/09/11 15:15:08:020

I can't connect with the passive [192.168.100.113/5000] error_code:10061 !

<<<----  [OUT]
2020/09/11 15:15:10:495

Connecting Started...

<<<----  [OUT]
2020/09/11 15:15:12:541

I can't connect with the passive [192.168.100.113/5000] error_code:10061 !

<<<----  [OUT]
2020/09/11 15:15:15:027

Connecting Started...

<<<----  [OUT]
2020/09/11 15:15:17:063

I can't connect with the passive [192.168.100.113/5000] error_code:10061 !

<<<----  [OUT]
2020/09/11 15:15:19:543

Connecting Started...

<<<----  [OUT]
2020/09/11 15:15:21:587

I can't connect with the passive [192.168.100.113/5000] error_code:10061 !

<<<----  [OUT]
2020/09/11 15:15:24:075

Connecting Started...

<<<----  [OUT]
2020/09/11 15:15:26:120

I can't connect with the passive [192.168.100.113/5000] error_code:10061 !

<<<----  [OUT]
2020/09/11 15:15:28:605

Connecting Started...

<<<----  [OUT]
2020/09/11 15:15:30:670

I can't connect with the passive [192.168.100.113/5000] error_code:10061 !

<<<----  [OUT]
2020/09/11 15:15:33:152

Connecting Started...

<<<----  [OUT]
2020/09/11 15:15:35:226

I can't connect with the passive [192.168.100.113/5000] error_code:10061 !

<<<----  [OUT]
2020/09/11 15:15:37:715

Connecting Started...

<<<----  [OUT]
2020/09/11 15:15:39:779

I can't connect with the passive [192.168.100.113/5000] error_code:10061 !

<<<----  [OUT]
2020/09/11 15:15:42:261

Connecting Started...

<<<----  [OUT]
2020/09/11 15:15:44:312

I can't connect with the passive [192.168.100.113/5000] error_code:10061 !

<<<----  [OUT]
2020/09/11 15:15:46:793

Connecting Started...

<<<----  [OUT]
2020/09/11 15:15:48:844

I can't connect with the passive [192.168.100.113/5000] error_code:10061 !

<<<----  [OUT]
2020/09/11 15:15:51:323

Connecting Started...

<<<----  [OUT]
2020/09/11 15:15:53:374

I can't connect with the passive [192.168.100.113/5000] error_code:10061 !

<<<----  [OUT]
2020/09/11 15:15:55:855

Connecting Started...

<<<----  [OUT]
2020/09/11 15:15:57:915

I can't connect with the passive [192.168.100.113/5000] error_code:10061 !

<<<----  [OUT]
2020/09/11 15:16:00:401

Connecting Started...

<<<----  [OUT]
2020/09/11 15:16:02:470

I can't connect with the passive [192.168.100.113/5000] error_code:10061 !

<<<----  [OUT]
2020/09/11 15:16:04:949

Connecting Started...

<<<----  [OUT]
2020/09/11 15:16:07:007

I can't connect with the passive [192.168.100.113/5000] error_code:10061 !

<<<----  [OUT]
2020/09/11 15:16:09:495

Connecting Started...

<<<----  [OUT]
2020/09/11 15:16:11:561

I can't connect with the passive [192.168.100.113/5000] error_code:10061 !

<<<----  [OUT]
2020/09/11 15:16:14:043

Connecting Started...

<<<----  [OUT]
2020/09/11 15:16:16:103

I can't connect with the passive [192.168.100.113/5000] error_code:10061 !

<<<----  [OUT]
2020/09/11 15:16:18:589

Connecting Started...

<<<----  [OUT]
2020/09/11 15:16:20:646

I can't connect with the passive [192.168.100.113/5000] error_code:10061 !

<<<----  [OUT]
2020/09/11 15:16:23:136

Connecting Started...

<<<----  [OUT]
2020/09/11 15:16:25:200

I can't connect with the passive [192.168.100.113/5000] error_code:10061 !

<<<----  [OUT]
2020/09/11 15:16:27:684

Connecting Started...

<<<----  [OUT]
2020/09/11 15:16:29:736

I can't connect with the passive [192.168.100.113/5000] error_code:10061 !

<<<----  [OUT]
2020/09/11 15:16:32:215

Connecting Started...

<<<----  [OUT]
2020/09/11 15:16:34:272

I can't connect with the passive [192.168.100.113/5000] error_code:10061 !

<<<----  [OUT]
2020/09/11 15:16:36:762

Connecting Started...

<<<----  [OUT]
2020/09/11 15:16:38:817

I can't connect with the passive [192.168.100.113/5000] error_code:10061 !

<<<----  [OUT]
2020/09/11 15:16:41:309

Connecting Started...

<<<----  [OUT]
2020/09/11 15:16:43:346

I can't connect with the passive [192.168.100.113/5000] error_code:10061 !

<<<----  [OUT]
2020/09/11 15:16:45:823

Connecting Started...

<<<----  [OUT]
2020/09/11 15:16:47:870

I can't connect with the passive [192.168.100.113/5000] error_code:10061 !

<<<----  [OUT]
2020/09/11 15:16:50:356

Connecting Started...

<<<----  [OUT]
2020/09/11 15:16:52:412

I can't connect with the passive [192.168.100.113/5000] error_code:10061 !

<<<----  [OUT]
2020/09/11 15:16:54:903

Connecting Started...

<<<----  [OUT]
2020/09/11 15:16:56:955

I can't connect with the passive [192.168.100.113/5000] error_code:10061 !

<<<----  [OUT]
2020/09/11 15:16:59:433

Connecting Started...

<<<----  [OUT]
2020/09/11 15:17:01:472

I can't connect with the passive [192.168.100.113/5000] error_code:10061 !

<<<----  [OUT]
2020/09/11 15:17:03:950

Connecting Started...

<<<----  [OUT]
2020/09/11 15:17:05:989

I can't connect with the passive [192.168.100.113/5000] error_code:10061 !

<<<----  [OUT]
2020/09/11 15:17:08:480

Connecting Started...

<<<----  [OUT]
2020/09/11 15:17:10:523

I can't connect with the passive [192.168.100.113/5000] error_code:10061 !

<<<----  [OUT]
2020/09/11 15:17:13:012

Connecting Started...

<<<----  [OUT]
2020/09/11 15:17:15:051

I can't connect with the passive [192.168.100.113/5000] error_code:10061 !

<<<----  [OUT]
2020/09/11 15:17:17:527

Connecting Started...

<<<----  [OUT]
2020/09/11 15:17:19:566

I can't connect with the passive [192.168.100.113/5000] error_code:10061 !

<<<----  [OUT]
2020/09/11 15:17:22:042

Connecting Started...

<<<----  [OUT]
2020/09/11 15:17:24:073

I can't connect with the passive [192.168.100.113/5000] error_code:10061 !

<<<----  [OUT]
2020/09/11 15:17:26:558

Connecting Started...

<<<----  [OUT]
2020/09/11 15:17:28:585

I can't connect with the passive [192.168.100.113/5000] error_code:10061 !

<<<----  [OUT]
2020/09/11 15:17:31:074

Connecting Started...

<<<----  [OUT]
2020/09/11 15:17:33:120

I can't connect with the passive [192.168.100.113/5000] error_code:10061 !

<<<----  [OUT]
2020/09/11 15:17:35:606

Connecting Started...

<<<----  [OUT]
2020/09/11 15:17:37:659

I can't connect with the passive [192.168.100.113/5000] error_code:10061 !

<<<----  [OUT]
2020/09/11 15:17:40:136

Connecting Started...

<<<----  [OUT]
2020/09/11 15:17:42:183

I can't connect with the passive [192.168.100.113/5000] error_code:10061 !

<<<----  [OUT]
2020/09/11 15:17:44:667

Connecting Started...

<<<----  [OUT]
2020/09/11 15:17:46:723

I can't connect with the passive [192.168.100.113/5000] error_code:10061 !

<<<----  [OUT]
2020/09/11 15:17:49:215

Connecting Started...

<<<----  [OUT]
2020/09/11 15:17:51:269

I can't connect with the passive [192.168.100.113/5000] error_code:10061 !

<<<----  [OUT]
2020/09/11 15:17:53:746

Connecting Started...

<<<----  [OUT]
2020/09/11 15:17:55:809

I can't connect with the passive [192.168.100.113/5000] error_code:10061 !

<<<----  [OUT]
2020/09/11 15:17:58:293

Connecting Started...

<<<----  [OUT]
2020/09/11 15:18:00:357

I can't connect with the passive [192.168.100.113/5000] error_code:10061 !

<<<----  [OUT]
2020/09/11 15:18:02:840

Connecting Started...

<<<----  [OUT]
2020/09/11 15:18:04:897

I can't connect with the passive [192.168.100.113/5000] error_code:10061 !

<<<----  [OUT]
2020/09/11 15:18:07:386

Connecting Started...

<<<----  [OUT]
2020/09/11 15:18:09:444

I can't connect with the passive [192.168.100.113/5000] error_code:10061 !

<<<----  [OUT]
2020/09/11 15:18:11:933

Connecting Started...

<<<----  [OUT]
2020/09/11 15:18:13:988

I can't connect with the passive [192.168.100.113/5000] error_code:10061 !

<<<----  [OUT]
2020/09/11 15:18:16:464

Connecting Started...

<<<----  [OUT]
2020/09/11 15:18:18:515

I can't connect with the passive [192.168.100.113/5000] error_code:10061 !

<<<----  [OUT]
2020/09/11 15:18:20:995

Connecting Started...

<<<----  [OUT]
2020/09/11 15:18:23:049

I can't connect with the passive [192.168.100.113/5000] error_code:10061 !

<<<----  [OUT]
2020/09/11 15:18:25:526

Connecting Started...

<<<----  [OUT]
2020/09/11 15:18:27:596

I can't connect with the passive [192.168.100.113/5000] error_code:10061 !

<<<----  [OUT]
2020/09/11 15:18:30:074

Connecting Started...

<<<----  [OUT]
2020/09/11 15:18:32:146

I can't connect with the passive [192.168.100.113/5000] error_code:10061 !

<<<----  [OUT]
2020/09/11 15:18:34:637

Connecting Started...

<<<----  [OUT]
2020/09/11 15:18:36:685

I can't connect with the passive [192.168.100.113/5000] error_code:10061 !

<<<----  [OUT]
2020/09/11 15:18:39:168

Connecting Started...

<<<----  [OUT]
2020/09/11 15:18:41:217

I can't connect with the passive [192.168.100.113/5000] error_code:10061 !

<<<----  [OUT]
2020/09/11 15:18:43:700

Connecting Started...

<<<----  [OUT]
2020/09/11 15:18:45:747

I can't connect with the passive [192.168.100.113/5000] error_code:10061 !

<<<----  [OUT]
2020/09/11 15:18:48:230

Connecting Started...

<<<----  [OUT]
2020/09/11 15:18:50:282

I can't connect with the passive [192.168.100.113/5000] error_code:10061 !

<<<----  [OUT]
2020/09/11 15:18:52:760

Connecting Started...

<<<----  [OUT]
2020/09/11 15:18:54:819

I can't connect with the passive [192.168.100.113/5000] error_code:10061 !

<<<----  [OUT]
2020/09/11 15:18:57:308

Connecting Started...

<<<----  [OUT]
2020/09/11 15:18:59:358

I can't connect with the passive [192.168.100.113/5000] error_code:10061 !

<<<----  [OUT]
2020/09/11 15:19:01:840

Connecting Started...

<<<----  [OUT]
2020/09/11 15:19:03:885

I can't connect with the passive [192.168.100.113/5000] error_code:10061 !

<<<----  [OUT]
2020/09/11 15:19:06:370

Connecting Started...

<<<----  [OUT]
2020/09/11 15:19:08:429

I can't connect with the passive [192.168.100.113/5000] error_code:10061 !

<<<----  [OUT]
2020/09/11 15:19:10:918

Connecting Started...

<<<----  [OUT]
2020/09/11 15:19:12:978

I can't connect with the passive [192.168.100.113/5000] error_code:10061 !

<<<----  [OUT]
2020/09/11 15:19:15:465

Connecting Started...

<<<----  [OUT]
2020/09/11 15:19:17:520

I can't connect with the passive [192.168.100.113/5000] error_code:10061 !

<<<----  [OUT]
2020/09/11 15:19:20:012

Connecting Started...

<<<----  [OUT]
2020/09/11 15:19:22:078

I can't connect with the passive [192.168.100.113/5000] error_code:10061 !

<<<----  [OUT]
2020/09/11 15:19:24:559

Connecting Started...

<<<----  [OUT]
2020/09/11 15:19:26:614

I can't connect with the passive [192.168.100.113/5000] error_code:10061 !

<<<----  [OUT]
2020/09/11 15:19:29:104

Connecting Started...

<<<----  [OUT]
2020/09/11 15:19:31:154

I can't connect with the passive [192.168.100.113/5000] error_code:10061 !

<<<----  [OUT]
2020/09/11 15:19:33:635

Connecting Started...

<<<----  [OUT]
2020/09/11 15:19:35:685

I can't connect with the passive [192.168.100.113/5000] error_code:10061 !

<<<----  [OUT]
2020/09/11 15:19:38:168

Connecting Started...

<<<----  [OUT]
2020/09/11 15:19:40:214

I can't connect with the passive [192.168.100.113/5000] error_code:10061 !

<<<----  [OUT]
2020/09/11 15:19:42:700

Connecting Started...

<<<----  [OUT]
2020/09/11 15:19:44:768

I can't connect with the passive [192.168.100.113/5000] error_code:10061 !

<<<----  [OUT]
2020/09/11 15:19:47:245

Connecting Started...

<<<----  [OUT]
2020/09/11 15:19:49:307

I can't connect with the passive [192.168.100.113/5000] error_code:10061 !

<<<----  [OUT]
2020/09/11 15:19:51:792

Connecting Started...

<<<----  [OUT]
2020/09/11 15:19:53:850

I can't connect with the passive [192.168.100.113/5000] error_code:10061 !

<<<----  [OUT]
2020/09/11 15:19:56:340

Connecting Started...

<<<----  [OUT]
2020/09/11 15:19:58:385

I can't connect with the passive [192.168.100.113/5000] error_code:10061 !

<<<----  [OUT]
2020/09/11 15:20:00:870

Connecting Started...

<<<----  [OUT]
2020/09/11 15:20:02:898

I can't connect with the passive [192.168.100.113/5000] error_code:10061 !

<<<----  [OUT]
2020/09/11 15:20:05:386

Connecting Started...

<<<----  [OUT]
2020/09/11 15:20:07:443

I can't connect with the passive [192.168.100.113/5000] error_code:10061 !

<<<----  [OUT]
2020/09/11 15:20:09:933

Connecting Started...

<<<----  [OUT]
2020/09/11 15:20:11:987

I can't connect with the passive [192.168.100.113/5000] error_code:10061 !

<<<----  [OUT]
2020/09/11 15:20:14:465

Connecting Started...

<<<----  [OUT]
2020/09/11 15:20:16:527

I can't connect with the passive [192.168.100.113/5000] error_code:10061 !

<<<----  [OUT]
2020/09/11 15:20:19:011

Connecting Started...
