
<<<----  [OUT]
2020/09/11 22:25:11:794

---------------------------------------------------------------------
// FA : Start Log ...


<<<----  [OUT]
2020/09/11 22:25:11:797

//-------------------------------------------------------------
Property Information

   Driver Type [HSMS]
   Driver Mode [ACTIVE]
   IP    [192.168.100.113]
   Port  [5000]
//-------------------------------------------------------------


<<<----  [OUT]
2020/09/11 22:25:12:399

Auto-Start Started ... (Active)

<<<----  [OUT]
2020/09/11 22:25:12:490

Auto-Start Started ...  Waiting Stop-Connection.

<<<----  [OUT]
2020/09/11 22:25:12:490

Auto-Start Started ...  Waiting Open-Socket.

<<<----  [OUT]
2020/09/11 22:25:12:520

Socket Open Started...

<<<----  [OUT]
2020/09/11 22:25:12:520

Socket Open Completed...

<<<----  [OUT]
2020/09/11 22:25:12:520

Connecting Started...

<<<----  [OUT]
2020/09/11 22:25:12:580

Auto-Start Completed ...  (Active)

<<<----  [OUT]
2020/09/11 22:25:14:590

I can't connect with the passive [192.168.100.113/5000] error_code:10061 !

<<<----  [OUT]
2020/09/11 22:25:17:080

Connecting Started...

<<<----  [OUT]
2020/09/11 22:25:19:136

I can't connect with the passive [192.168.100.113/5000] error_code:10061 !

<<<----  [OUT]
2020/09/11 22:25:21:626

Connecting Started...

<<<----  [OUT]
2020/09/11 22:25:23:680

I can't connect with the passive [192.168.100.113/5000] error_code:10061 !

<<<----  [OUT]
2020/09/11 22:25:26:157

Connecting Started...

<<<----  [OUT]
2020/09/11 22:25:28:200

I can't connect with the passive [192.168.100.113/5000] error_code:10061 !

<<<----  [OUT]
2020/09/11 22:25:30:689

Connecting Started...

<<<----  [OUT]
2020/09/11 22:25:32:736

I can't connect with the passive [192.168.100.113/5000] error_code:10061 !

<<<----  [OUT]
2020/09/11 22:25:35:220

Connecting Started...

<<<----  [OUT]
2020/09/11 22:25:37:259

I can't connect with the passive [192.168.100.113/5000] error_code:10061 !

<<<----  [OUT]
2020/09/11 22:25:39:736

Connecting Started...

<<<----  [OUT]
2020/09/11 22:25:41:797

I can't connect with the passive [192.168.100.113/5000] error_code:10061 !

<<<----  [OUT]
2020/09/11 22:25:44:282

Connecting Started...

<<<----  [OUT]
2020/09/11 22:25:46:336

I can't connect with the passive [192.168.100.113/5000] error_code:10061 !

<<<----  [OUT]
2020/09/11 22:25:48:815

Connecting Started...

<<<----  [OUT]
2020/09/11 22:25:50:878

I can't connect with the passive [192.168.100.113/5000] error_code:10061 !

<<<----  [OUT]
2020/09/11 22:25:53:361

Connecting Started...

<<<----  [OUT]
2020/09/11 22:25:55:415

I can't connect with the passive [192.168.100.113/5000] error_code:10061 !

<<<----  [OUT]
2020/09/11 22:25:57:892

Connecting Started...

<<<----  [OUT]
2020/09/11 22:25:59:941

I can't connect with the passive [192.168.100.113/5000] error_code:10061 !

<<<----  [OUT]
2020/09/11 22:26:02:424

Connecting Started...

<<<----  [OUT]
2020/09/11 22:26:04:480

I can't connect with the passive [192.168.100.113/5000] error_code:10061 !

<<<----  [OUT]
2020/09/11 22:26:06:970

Connecting Started...

<<<----  [OUT]
2020/09/11 22:26:09:048

I can't connect with the passive [192.168.100.113/5000] error_code:10061 !

<<<----  [OUT]
2020/09/11 22:26:11:533

Connecting Started...

<<<----  [OUT]
2020/09/11 22:26:13:597

I can't connect with the passive [192.168.100.113/5000] error_code:10061 !

<<<----  [OUT]
2020/09/11 22:26:16:078

Connecting Started...

<<<----  [OUT]
2020/09/11 22:26:18:135

I can't connect with the passive [192.168.100.113/5000] error_code:10061 !

<<<----  [OUT]
2020/09/11 22:26:20:627

Connecting Started...

<<<----  [OUT]
2020/09/11 22:26:22:659

I can't connect with the passive [192.168.100.113/5000] error_code:10061 !

<<<----  [OUT]
2020/09/11 22:26:25:142

Connecting Started...

<<<----  [OUT]
2020/09/11 22:26:27:194

I can't connect with the passive [192.168.100.113/5000] error_code:10061 !

<<<----  [OUT]
2020/09/11 22:26:29:674

Connecting Started...

<<<----  [OUT]
2020/09/11 22:26:31:723

I can't connect with the passive [192.168.100.113/5000] error_code:10061 !

<<<----  [OUT]
2020/09/11 22:26:34:205

Connecting Started...

<<<----  [OUT]
2020/09/11 22:26:36:267

I can't connect with the passive [192.168.100.113/5000] error_code:10061 !

<<<----  [OUT]
2020/09/11 22:26:38:751

Connecting Started...

<<<----  [OUT]
2020/09/11 22:26:40:801

I can't connect with the passive [192.168.100.113/5000] error_code:10061 !

<<<----  [OUT]
2020/09/11 22:26:43:283

Connecting Started...

<<<----  [OUT]
2020/09/11 22:26:45:334

I can't connect with the passive [192.168.100.113/5000] error_code:10061 !

<<<----  [OUT]
2020/09/11 22:26:47:814

Connecting Started...

<<<----  [OUT]
2020/09/11 22:26:49:863

I can't connect with the passive [192.168.100.113/5000] error_code:10061 !

<<<----  [OUT]
2020/09/11 22:26:52:345

Connecting Started...

<<<----  [OUT]
2020/09/11 22:26:54:402

I can't connect with the passive [192.168.100.113/5000] error_code:10061 !

<<<----  [OUT]
2020/09/11 22:26:56:892

Connecting Started...

<<<----  [OUT]
2020/09/11 22:26:58:955

I can't connect with the passive [192.168.100.113/5000] error_code:10061 !

<<<----  [OUT]
2020/09/11 22:27:01:440

Connecting Started...

<<<----  [OUT]
2020/09/11 22:27:03:487

I can't connect with the passive [192.168.100.113/5000] error_code:10061 !

<<<----  [OUT]
2020/09/11 22:27:05:971

Connecting Started...

<<<----  [OUT]
2020/09/11 22:27:08:030

I can't connect with the passive [192.168.100.113/5000] error_code:10061 !

<<<----  [OUT]
2020/09/11 22:27:10:517

Connecting Started...

<<<----  [OUT]
2020/09/11 22:27:12:576

I can't connect with the passive [192.168.100.113/5000] error_code:10061 !

<<<----  [OUT]
2020/09/11 22:27:15:064

Connecting Started...

<<<----  [OUT]
2020/09/11 22:27:17:124

I can't connect with the passive [192.168.100.113/5000] error_code:10061 !

<<<----  [OUT]
2020/09/11 22:27:19:611

Connecting Started...

<<<----  [OUT]
2020/09/11 22:27:21:663

I can't connect with the passive [192.168.100.113/5000] error_code:10061 !

<<<----  [OUT]
2020/09/11 22:27:24:141

Connecting Started...

<<<----  [OUT]
2020/09/11 22:27:26:186

I can't connect with the passive [192.168.100.113/5000] error_code:10061 !

<<<----  [OUT]
2020/09/11 22:27:28:673

Connecting Started...

<<<----  [OUT]
2020/09/11 22:27:30:734

I can't connect with the passive [192.168.100.113/5000] error_code:10061 !

<<<----  [OUT]
2020/09/11 22:27:33:220

Connecting Started...

<<<----  [OUT]
2020/09/11 22:27:35:290

I can't connect with the passive [192.168.100.113/5000] error_code:10061 !

<<<----  [OUT]
2020/09/11 22:27:37:768

Connecting Started...

<<<----  [OUT]
2020/09/11 22:27:39:822

I can't connect with the passive [192.168.100.113/5000] error_code:10061 !

<<<----  [OUT]
2020/09/11 22:27:42:314

Connecting Started...

<<<----  [OUT]
2020/09/11 22:27:44:394

I can't connect with the passive [192.168.100.113/5000] error_code:10061 !

<<<----  [OUT]
2020/09/11 22:27:46:876

Connecting Started...

<<<----  [OUT]
2020/09/11 22:27:48:943

I can't connect with the passive [192.168.100.113/5000] error_code:10061 !

<<<----  [OUT]
2020/09/11 22:27:51:424

Connecting Started...

<<<----  [OUT]
2020/09/11 22:27:53:480

I can't connect with the passive [192.168.100.113/5000] error_code:10061 !

<<<----  [OUT]
2020/09/11 22:27:55:971

Connecting Started...

<<<----  [OUT]
2020/09/11 22:27:58:037

I can't connect with the passive [192.168.100.113/5000] error_code:10061 !

<<<----  [OUT]
2020/09/11 22:28:00:517

Connecting Started...

<<<----  [OUT]
2020/09/11 22:28:02:571

I can't connect with the passive [192.168.100.113/5000] error_code:10061 !

<<<----  [OUT]
2020/09/11 22:28:05:049

Connecting Started...

<<<----  [OUT]
2020/09/11 22:28:07:115

I can't connect with the passive [192.168.100.113/5000] error_code:10061 !

<<<----  [OUT]
2020/09/11 22:28:09:595

Connecting Started...

<<<----  [OUT]
2020/09/11 22:28:11:660

I can't connect with the passive [192.168.100.113/5000] error_code:10061 !

<<<----  [OUT]
2020/09/11 22:28:14:141

Connecting Started...

<<<----  [OUT]
2020/09/11 22:28:16:210

I can't connect with the passive [192.168.100.113/5000] error_code:10061 !

<<<----  [OUT]
2020/09/11 22:28:18:688

Connecting Started...

<<<----  [OUT]
2020/09/11 22:28:20:730

I can't connect with the passive [192.168.100.113/5000] error_code:10061 !

<<<----  [OUT]
2020/09/11 22:28:23:219

Connecting Started...

<<<----  [OUT]
2020/09/11 22:28:25:263

I can't connect with the passive [192.168.100.113/5000] error_code:10061 !

<<<----  [OUT]
2020/09/11 22:28:27:752

Connecting Started...

<<<----  [OUT]
2020/09/11 22:28:29:811

I can't connect with the passive [192.168.100.113/5000] error_code:10061 !

<<<----  [OUT]
2020/09/11 22:28:32:298

Connecting Started...

<<<----  [OUT]
2020/09/11 22:28:34:364

I can't connect with the passive [192.168.100.113/5000] error_code:10061 !

<<<----  [OUT]
2020/09/11 22:28:36:846

Connecting Started...

<<<----  [OUT]
2020/09/11 22:28:38:891

I can't connect with the passive [192.168.100.113/5000] error_code:10061 !

<<<----  [OUT]
2020/09/11 22:28:41:377

Connecting Started...

<<<----  [OUT]
2020/09/11 22:28:43:418

I can't connect with the passive [192.168.100.113/5000] error_code:10061 !

<<<----  [OUT]
2020/09/11 22:28:45:908

Connecting Started...

<<<----  [OUT]
2020/09/11 22:28:47:970

I can't connect with the passive [192.168.100.113/5000] error_code:10061 !

<<<----  [OUT]
2020/09/11 22:28:50:454

Connecting Started...

<<<----  [OUT]
2020/09/11 22:28:52:510

I can't connect with the passive [192.168.100.113/5000] error_code:10061 !

<<<----  [OUT]
2020/09/11 22:28:55:002

Connecting Started...

<<<----  [OUT]
2020/09/11 22:28:57:061

I can't connect with the passive [192.168.100.113/5000] error_code:10061 !

<<<----  [OUT]
2020/09/11 22:28:59:549

Connecting Started...

<<<----  [OUT]
2020/09/11 22:29:01:607

I can't connect with the passive [192.168.100.113/5000] error_code:10061 !

<<<----  [OUT]
2020/09/11 22:29:04:096

Connecting Started...

<<<----  [OUT]
2020/09/11 22:29:06:162

I can't connect with the passive [192.168.100.113/5000] error_code:10061 !

<<<----  [OUT]
2020/09/11 22:29:08:643

Connecting Started...

<<<----  [OUT]
2020/09/11 22:29:10:712

I can't connect with the passive [192.168.100.113/5000] error_code:10061 !

<<<----  [OUT]
2020/09/11 22:29:13:189

Connecting Started...

<<<----  [OUT]
2020/09/11 22:29:15:245

I can't connect with the passive [192.168.100.113/5000] error_code:10061 !

<<<----  [OUT]
2020/09/11 22:29:17:736

Connecting Started...

<<<----  [OUT]
2020/09/11 22:29:19:792

I can't connect with the passive [192.168.100.113/5000] error_code:10061 !

<<<----  [OUT]
2020/09/11 22:29:22:283

Connecting Started...

<<<----  [OUT]
2020/09/11 22:29:24:335

I can't connect with the passive [192.168.100.113/5000] error_code:10061 !

<<<----  [OUT]
2020/09/11 22:29:26:813

Connecting Started...

<<<----  [OUT]
2020/09/11 22:29:28:886

I can't connect with the passive [192.168.100.113/5000] error_code:10061 !

<<<----  [OUT]
2020/09/11 22:29:31:376

Connecting Started...

<<<----  [OUT]
2020/09/11 22:29:33:442

I can't connect with the passive [192.168.100.113/5000] error_code:10061 !

<<<----  [OUT]
2020/09/11 22:29:35:923

Connecting Started...

<<<----  [OUT]
2020/09/11 22:29:37:991

I can't connect with the passive [192.168.100.113/5000] error_code:10061 !

<<<----  [OUT]
2020/09/11 22:29:40:471

Connecting Started...

<<<----  [OUT]
2020/09/11 22:29:42:527

I can't connect with the passive [192.168.100.113/5000] error_code:10061 !

<<<----  [OUT]
2020/09/11 22:29:45:017

Connecting Started...

<<<----  [OUT]
2020/09/11 22:29:47:099

I can't connect with the passive [192.168.100.113/5000] error_code:10061 !

<<<----  [OUT]
2020/09/11 22:29:49:579

Connecting Started...

<<<----  [OUT]
2020/09/11 22:29:51:642

I can't connect with the passive [192.168.100.113/5000] error_code:10061 !

<<<----  [OUT]
2020/09/11 22:29:54:127

Connecting Started...

<<<----  [OUT]
2020/09/11 22:29:56:183

I can't connect with the passive [192.168.100.113/5000] error_code:10061 !

<<<----  [OUT]
2020/09/11 22:29:58:673

Connecting Started...

<<<----  [OUT]
2020/09/11 22:30:00:730

I can't connect with the passive [192.168.100.113/5000] error_code:10061 !

<<<----  [OUT]
2020/09/11 22:30:03:220

Connecting Started...

<<<----  [OUT]
2020/09/11 22:30:05:286

I can't connect with the passive [192.168.100.113/5000] error_code:10061 !

<<<----  [OUT]
2020/09/11 22:30:07:767

Connecting Started...

<<<----  [OUT]
2020/09/11 22:30:09:817

I can't connect with the passive [192.168.100.113/5000] error_code:10061 !

<<<----  [OUT]
2020/09/11 22:30:12:298

Connecting Started...

<<<----  [OUT]
2020/09/11 22:30:14:354

I can't connect with the passive [192.168.100.113/5000] error_code:10061 !

<<<----  [OUT]
2020/09/11 22:30:16:844

Connecting Started...

<<<----  [OUT]
2020/09/11 22:30:18:900

I can't connect with the passive [192.168.100.113/5000] error_code:10061 !

<<<----  [OUT]
2020/09/11 22:30:21:377

Connecting Started...

<<<----  [OUT]
2020/09/11 22:30:23:424

I can't connect with the passive [192.168.100.113/5000] error_code:10061 !

<<<----  [OUT]
2020/09/11 22:30:25:907

Connecting Started...

<<<----  [OUT]
2020/09/11 22:30:27:950

I can't connect with the passive [192.168.100.113/5000] error_code:10061 !

<<<----  [OUT]
2020/09/11 22:30:30:439

Connecting Started...

<<<----  [OUT]
2020/09/11 22:30:32:500

I can't connect with the passive [192.168.100.113/5000] error_code:10061 !

<<<----  [OUT]
2020/09/11 22:30:34:986

Connecting Started...

<<<----  [OUT]
2020/09/11 22:30:37:045

I can't connect with the passive [192.168.100.113/5000] error_code:10061 !

<<<----  [OUT]
2020/09/11 22:30:39:532

Connecting Started...

<<<----  [OUT]
2020/09/11 22:30:41:564

I can't connect with the passive [192.168.100.113/5000] error_code:10061 !

<<<----  [OUT]
2020/09/11 22:30:44:048

Connecting Started...

<<<----  [OUT]
2020/09/11 22:30:46:092

I can't connect with the passive [192.168.100.113/5000] error_code:10061 !

<<<----  [OUT]
2020/09/11 22:30:48:579

Connecting Started...

<<<----  [OUT]
2020/09/11 22:30:50:646

I can't connect with the passive [192.168.100.113/5000] error_code:10061 !

<<<----  [OUT]
2020/09/11 22:30:53:126

Connecting Started...

<<<----  [OUT]
2020/09/11 22:30:55:174

I can't connect with the passive [192.168.100.113/5000] error_code:10061 !

<<<----  [OUT]
2020/09/11 22:30:57:657

Connecting Started...

<<<----  [OUT]
2020/09/11 22:30:59:721

I can't connect with the passive [192.168.100.113/5000] error_code:10061 !

<<<----  [OUT]
2020/09/11 22:31:02:204

Connecting Started...

<<<----  [OUT]
2020/09/11 22:31:04:260

I can't connect with the passive [192.168.100.113/5000] error_code:10061 !

<<<----  [OUT]
2020/09/11 22:31:06:751

Connecting Started...

<<<----  [OUT]
2020/09/11 22:31:08:805

I can't connect with the passive [192.168.100.113/5000] error_code:10061 !

<<<----  [OUT]
2020/09/11 22:31:11:284

Connecting Started...

<<<----  [OUT]
2020/09/11 22:31:13:365

I can't connect with the passive [192.168.100.113/5000] error_code:10061 !

<<<----  [OUT]
2020/09/11 22:31:15:845

Connecting Started...

<<<----  [OUT]
2020/09/11 22:31:17:905

I can't connect with the passive [192.168.100.113/5000] error_code:10061 !

<<<----  [OUT]
2020/09/11 22:31:20:392

Connecting Started...

<<<----  [OUT]
2020/09/11 22:31:22:461

I can't connect with the passive [192.168.100.113/5000] error_code:10061 !

<<<----  [OUT]
2020/09/11 22:31:24:939

Connecting Started...

<<<----  [OUT]
2020/09/11 22:31:26:998

I can't connect with the passive [192.168.100.113/5000] error_code:10061 !

<<<----  [OUT]
2020/09/11 22:31:29:486

Connecting Started...

<<<----  [OUT]
2020/09/11 22:31:31:550

I can't connect with the passive [192.168.100.113/5000] error_code:10061 !

<<<----  [OUT]
2020/09/11 22:31:34:033

Connecting Started...

<<<----  [OUT]
2020/09/11 22:31:36:084

I can't connect with the passive [192.168.100.113/5000] error_code:10061 !

<<<----  [OUT]
2020/09/11 22:31:38:564

Connecting Started...

<<<----  [OUT]
2020/09/11 22:31:40:631

I can't connect with the passive [192.168.100.113/5000] error_code:10061 !

<<<----  [OUT]
2020/09/11 22:31:43:111

Connecting Started...

<<<----  [OUT]
2020/09/11 22:31:45:190

I can't connect with the passive [192.168.100.113/5000] error_code:10061 !

<<<----  [OUT]
2020/09/11 22:31:47:672

Connecting Started...

<<<----  [OUT]
2020/09/11 22:31:49:737

I can't connect with the passive [192.168.100.113/5000] error_code:10061 !

<<<----  [OUT]
2020/09/11 22:31:52:221

Connecting Started...

<<<----  [OUT]
2020/09/11 22:31:54:287

I can't connect with the passive [192.168.100.113/5000] error_code:10061 !

<<<----  [OUT]
2020/09/11 22:31:56:766

Connecting Started...

<<<----  [OUT]
2020/09/11 22:31:58:837

I can't connect with the passive [192.168.100.113/5000] error_code:10061 !

<<<----  [OUT]
2020/09/11 22:32:01:313

Connecting Started...

<<<----  [OUT]
2020/09/11 22:32:03:366

I can't connect with the passive [192.168.100.113/5000] error_code:10061 !

<<<----  [OUT]
2020/09/11 22:32:05:845

Connecting Started...

<<<----  [OUT]
2020/09/11 22:32:07:897

I can't connect with the passive [192.168.100.113/5000] error_code:10061 !

<<<----  [OUT]
2020/09/11 22:32:10:376

Connecting Started...

<<<----  [OUT]
2020/09/11 22:32:12:426

I can't connect with the passive [192.168.100.113/5000] error_code:10061 !

<<<----  [OUT]
2020/09/11 22:32:14:908

Connecting Started...

<<<----  [OUT]
2020/09/11 22:32:16:978

I can't connect with the passive [192.168.100.113/5000] error_code:10061 !

<<<----  [OUT]
2020/09/11 22:32:19:470

Connecting Started...

<<<----  [OUT]
2020/09/11 22:32:21:536

I can't connect with the passive [192.168.100.113/5000] error_code:10061 !

<<<----  [OUT]
2020/09/11 22:32:24:016

Connecting Started...

<<<----  [OUT]
2020/09/11 22:32:26:078

I can't connect with the passive [192.168.100.113/5000] error_code:10061 !

<<<----  [OUT]
2020/09/11 22:32:28:564

Connecting Started...

<<<----  [OUT]
2020/09/11 22:32:30:625

I can't connect with the passive [192.168.100.113/5000] error_code:10061 !

<<<----  [OUT]
2020/09/11 22:32:33:112

Connecting Started...

<<<----  [OUT]
2020/09/11 22:32:35:195

I can't connect with the passive [192.168.100.113/5000] error_code:10061 !

<<<----  [OUT]
2020/09/11 22:32:37:673

Connecting Started...

<<<----  [OUT]
2020/09/11 22:32:39:720

I can't connect with the passive [192.168.100.113/5000] error_code:10061 !

<<<----  [OUT]
2020/09/11 22:32:42:203

Connecting Started...

<<<----  [OUT]
2020/09/11 22:32:44:243

I can't connect with the passive [192.168.100.113/5000] error_code:10061 !

<<<----  [OUT]
2020/09/11 22:32:46:719

Connecting Started...

<<<----  [OUT]
2020/09/11 22:32:48:748

I can't connect with the passive [192.168.100.113/5000] error_code:10061 !

<<<----  [OUT]
2020/09/11 22:32:51:236

Connecting Started...

<<<----  [OUT]
2020/09/11 22:32:53:294

I can't connect with the passive [192.168.100.113/5000] error_code:10061 !

<<<----  [OUT]
2020/09/11 22:32:55:783

Connecting Started...

<<<----  [OUT]
2020/09/11 22:32:57:821

I can't connect with the passive [192.168.100.113/5000] error_code:10061 !

<<<----  [OUT]
2020/09/11 22:33:00:298

Connecting Started...

<<<----  [OUT]
2020/09/11 22:33:02:347

I can't connect with the passive [192.168.100.113/5000] error_code:10061 !

<<<----  [OUT]
2020/09/11 22:33:04:830

Connecting Started...

<<<----  [OUT]
2020/09/11 22:33:06:888

I can't connect with the passive [192.168.100.113/5000] error_code:10061 !

<<<----  [OUT]
2020/09/11 22:33:09:376

Connecting Started...

<<<----  [OUT]
2020/09/11 22:33:11:417

I can't connect with the passive [192.168.100.113/5000] error_code:10061 !

<<<----  [OUT]
2020/09/11 22:33:13:908

Connecting Started...

<<<----  [OUT]
2020/09/11 22:33:15:949

I can't connect with the passive [192.168.100.113/5000] error_code:10061 !

<<<----  [OUT]
2020/09/11 22:33:18:440

Connecting Started...

<<<----  [OUT]
2020/09/11 22:33:20:512

I can't connect with the passive [192.168.100.113/5000] error_code:10061 !

<<<----  [OUT]
2020/09/11 22:33:23:001

Connecting Started...

<<<----  [OUT]
2020/09/11 22:33:25:067

I can't connect with the passive [192.168.100.113/5000] error_code:10061 !

<<<----  [OUT]
2020/09/11 22:33:27:549

Connecting Started...

<<<----  [OUT]
2020/09/11 22:33:29:601

I can't connect with the passive [192.168.100.113/5000] error_code:10061 !

<<<----  [OUT]
2020/09/11 22:33:32:080

Connecting Started...

<<<----  [OUT]
2020/09/11 22:33:34:122

I can't connect with the passive [192.168.100.113/5000] error_code:10061 !

<<<----  [OUT]
2020/09/11 22:33:36:610

Connecting Started...

<<<----  [OUT]
2020/09/11 22:33:38:651

I can't connect with the passive [192.168.100.113/5000] error_code:10061 !

<<<----  [OUT]
2020/09/11 22:33:41:143

Connecting Started...

<<<----  [OUT]
2020/09/11 22:33:43:173

I can't connect with the passive [192.168.100.113/5000] error_code:10061 !

<<<----  [OUT]
2020/09/11 22:33:45:658

Connecting Started...

<<<----  [OUT]
2020/09/11 22:33:47:679

I can't connect with the passive [192.168.100.113/5000] error_code:10061 !

<<<----  [OUT]
2020/09/11 22:33:50:158

Connecting Started...

<<<----  [OUT]
2020/09/11 22:33:52:203

I can't connect with the passive [192.168.100.113/5000] error_code:10061 !

<<<----  [OUT]
2020/09/11 22:33:54:689

Connecting Started...

<<<----  [OUT]
2020/09/11 22:33:56:742

I can't connect with the passive [192.168.100.113/5000] error_code:10061 !

<<<----  [OUT]
2020/09/11 22:33:59:220

Connecting Started...

<<<----  [OUT]
2020/09/11 22:34:01:263

I can't connect with the passive [192.168.100.113/5000] error_code:10061 !

<<<----  [OUT]
2020/09/11 22:34:03:750

Connecting Started...

<<<----  [OUT]
2020/09/11 22:34:05:804

I can't connect with the passive [192.168.100.113/5000] error_code:10061 !

<<<----  [OUT]
2020/09/11 22:34:08:282

Connecting Started...

<<<----  [OUT]
2020/09/11 22:34:10:310

I can't connect with the passive [192.168.100.113/5000] error_code:10061 !

<<<----  [OUT]
2020/09/11 22:34:12:798

Connecting Started...

<<<----  [OUT]
2020/09/11 22:34:14:855

I can't connect with the passive [192.168.100.113/5000] error_code:10061 !

<<<----  [OUT]
2020/09/11 22:34:17:346

Connecting Started...

<<<----  [OUT]
2020/09/11 22:34:19:393

I can't connect with the passive [192.168.100.113/5000] error_code:10061 !

<<<----  [OUT]
2020/09/11 22:34:21:877

Connecting Started...

<<<----  [OUT]
2020/09/11 22:34:23:922

I can't connect with the passive [192.168.100.113/5000] error_code:10061 !

<<<----  [OUT]
2020/09/11 22:34:26:408

Connecting Started...

<<<----  [OUT]
2020/09/11 22:34:28:453

I can't connect with the passive [192.168.100.113/5000] error_code:10061 !

<<<----  [OUT]
2020/09/11 22:34:30:940

Connecting Started...

<<<----  [OUT]
2020/09/11 22:34:32:993

I can't connect with the passive [192.168.100.113/5000] error_code:10061 !

<<<----  [OUT]
2020/09/11 22:34:35:471

Connecting Started...

<<<----  [OUT]
2020/09/11 22:34:37:519

I can't connect with the passive [192.168.100.113/5000] error_code:10061 !

<<<----  [OUT]
2020/09/11 22:34:40:001

Connecting Started...

<<<----  [OUT]
2020/09/11 22:34:42:036

I can't connect with the passive [192.168.100.113/5000] error_code:10061 !

<<<----  [OUT]
2020/09/11 22:34:44:516

Connecting Started...

<<<----  [OUT]
2020/09/11 22:34:46:557

I can't connect with the passive [192.168.100.113/5000] error_code:10061 !

<<<----  [OUT]
2020/09/11 22:34:49:048

Connecting Started...

<<<----  [OUT]
2020/09/11 22:34:51:090

I can't connect with the passive [192.168.100.113/5000] error_code:10061 !

<<<----  [OUT]
2020/09/11 22:34:53:579

Connecting Started...

<<<----  [OUT]
2020/09/11 22:34:55:607

I can't connect with the passive [192.168.100.113/5000] error_code:10061 !

<<<----  [OUT]
2020/09/11 22:34:58:095

Connecting Started...

<<<----  [OUT]
2020/09/11 22:35:00:136

I can't connect with the passive [192.168.100.113/5000] error_code:10061 !

<<<----  [OUT]
2020/09/11 22:35:02:627

Connecting Started...

<<<----  [OUT]
2020/09/11 22:35:04:651

I can't connect with the passive [192.168.100.113/5000] error_code:10061 !

<<<----  [OUT]
2020/09/11 22:35:07:142

Connecting Started...

<<<----  [OUT]
2020/09/11 22:35:09:200

I can't connect with the passive [192.168.100.113/5000] error_code:10061 !

<<<----  [OUT]
2020/09/11 22:35:11:688

Connecting Started...

<<<----  [OUT]
2020/09/11 22:35:13:746

I can't connect with the passive [192.168.100.113/5000] error_code:10061 !

<<<----  [OUT]
2020/09/11 22:35:16:236

Connecting Started...

<<<----  [OUT]
2020/09/11 22:35:18:309

I can't connect with the passive [192.168.100.113/5000] error_code:10061 !

<<<----  [OUT]
2020/09/11 22:35:20:799

Connecting Started...

<<<----  [OUT]
2020/09/11 22:35:22:863

I can't connect with the passive [192.168.100.113/5000] error_code:10061 !

<<<----  [OUT]
2020/09/11 22:35:25:345

Connecting Started...

<<<----  [OUT]
2020/09/11 22:35:27:416

I can't connect with the passive [192.168.100.113/5000] error_code:10061 !

<<<----  [OUT]
2020/09/11 22:35:29:907

Connecting Started...

<<<----  [OUT]
2020/09/11 22:35:31:971

I can't connect with the passive [192.168.100.113/5000] error_code:10061 !

<<<----  [OUT]
2020/09/11 22:35:34:454

Connecting Started...

<<<----  [OUT]
2020/09/11 22:35:36:517

I can't connect with the passive [192.168.100.113/5000] error_code:10061 !

<<<----  [OUT]
2020/09/11 22:35:39:000

Connecting Started...

<<<----  [OUT]
2020/09/11 22:35:41:058

I can't connect with the passive [192.168.100.113/5000] error_code:10061 !

<<<----  [OUT]
2020/09/11 22:35:43:547

Connecting Started...

<<<----  [OUT]
2020/09/11 22:35:45:585

I can't connect with the passive [192.168.100.113/5000] error_code:10061 !

<<<----  [OUT]
2020/09/11 22:35:48:064

Connecting Started...

<<<----  [OUT]
2020/09/11 22:35:50:126

I can't connect with the passive [192.168.100.113/5000] error_code:10061 !

<<<----  [OUT]
2020/09/11 22:35:52:610

Connecting Started...

<<<----  [OUT]
2020/09/11 22:35:54:677

I can't connect with the passive [192.168.100.113/5000] error_code:10061 !

<<<----  [OUT]
2020/09/11 22:35:57:157

Connecting Started...

<<<----  [OUT]
2020/09/11 22:35:59:223

I can't connect with the passive [192.168.100.113/5000] error_code:10061 !

<<<----  [OUT]
2020/09/11 22:36:01:704

Connecting Started...

<<<----  [OUT]
2020/09/11 22:36:03:741

I can't connect with the passive [192.168.100.113/5000] error_code:10061 !

<<<----  [OUT]
2020/09/11 22:36:06:220

Connecting Started...

<<<----  [OUT]
2020/09/11 22:36:08:302

I can't connect with the passive [192.168.100.113/5000] error_code:10061 !

<<<----  [OUT]
2020/09/11 22:36:10:783

Connecting Started...

<<<----  [OUT]
2020/09/11 22:36:12:847

I can't connect with the passive [192.168.100.113/5000] error_code:10061 !

<<<----  [OUT]
2020/09/11 22:36:15:329

Connecting Started...

<<<----  [OUT]
2020/09/11 22:36:17:382

I can't connect with the passive [192.168.100.113/5000] error_code:10061 !

<<<----  [OUT]
2020/09/11 22:36:19:861

Connecting Started...

<<<----  [OUT]
2020/09/11 22:36:21:889

I can't connect with the passive [192.168.100.113/5000] error_code:10061 !

<<<----  [OUT]
2020/09/11 22:36:24:377

Connecting Started...

<<<----  [OUT]
2020/09/11 22:36:26:437

I can't connect with the passive [192.168.100.113/5000] error_code:10061 !

<<<----  [OUT]
2020/09/11 22:36:28:924

Connecting Started...

<<<----  [OUT]
2020/09/11 22:36:30:983

I can't connect with the passive [192.168.100.113/5000] error_code:10061 !

<<<----  [OUT]
2020/09/11 22:36:33:471

Connecting Started...

<<<----  [OUT]
2020/09/11 22:36:35:532

I can't connect with the passive [192.168.100.113/5000] error_code:10061 !

<<<----  [OUT]
2020/09/11 22:36:38:017

Connecting Started...

<<<----  [OUT]
2020/09/11 22:36:40:052

I can't connect with the passive [192.168.100.113/5000] error_code:10061 !

<<<----  [OUT]
2020/09/11 22:36:42:533

Connecting Started...

<<<----  [OUT]
2020/09/11 22:36:44:572

I can't connect with the passive [192.168.100.113/5000] error_code:10061 !

<<<----  [OUT]
2020/09/11 22:36:47:048

Connecting Started...

<<<----  [OUT]
2020/09/11 22:36:49:112

I can't connect with the passive [192.168.100.113/5000] error_code:10061 !

<<<----  [OUT]
2020/09/11 22:36:51:594

Connecting Started...

<<<----  [OUT]
2020/09/11 22:36:53:657

I can't connect with the passive [192.168.100.113/5000] error_code:10061 !

<<<----  [OUT]
2020/09/11 22:36:56:142

Connecting Started...

<<<----  [OUT]
2020/09/11 22:36:58:208

I can't connect with the passive [192.168.100.113/5000] error_code:10061 !

<<<----  [OUT]
2020/09/11 22:37:00:688

Connecting Started...

<<<----  [OUT]
2020/09/11 22:37:02:749

I can't connect with the passive [192.168.100.113/5000] error_code:10061 !

<<<----  [OUT]
2020/09/11 22:37:05:235

Connecting Started...

<<<----  [OUT]
2020/09/11 22:37:07:300

I can't connect with the passive [192.168.100.113/5000] error_code:10061 !

<<<----  [OUT]
2020/09/11 22:37:09:783

Connecting Started...

<<<----  [OUT]
2020/09/11 22:37:11:852

I can't connect with the passive [192.168.100.113/5000] error_code:10061 !

<<<----  [OUT]
2020/09/11 22:37:14:329

Connecting Started...

<<<----  [OUT]
2020/09/11 22:37:16:399

I can't connect with the passive [192.168.100.113/5000] error_code:10061 !

<<<----  [OUT]
2020/09/11 22:37:18:876

Connecting Started...

<<<----  [OUT]
2020/09/11 22:37:20:945

I can't connect with the passive [192.168.100.113/5000] error_code:10061 !

<<<----  [OUT]
2020/09/11 22:37:23:423

Connecting Started...

<<<----  [OUT]
2020/09/11 22:37:25:472

I can't connect with the passive [192.168.100.113/5000] error_code:10061 !

<<<----  [OUT]
2020/09/11 22:37:27:954

Connecting Started...

<<<----  [OUT]
2020/09/11 22:37:30:025

I can't connect with the passive [192.168.100.113/5000] error_code:10061 !

<<<----  [OUT]
2020/09/11 22:37:32:517

Connecting Started...

<<<----  [OUT]
2020/09/11 22:37:34:573

I can't connect with the passive [192.168.100.113/5000] error_code:10061 !

<<<----  [OUT]
2020/09/11 22:37:37:065

Connecting Started...

<<<----  [OUT]
2020/09/11 22:37:39:130

I can't connect with the passive [192.168.100.113/5000] error_code:10061 !

<<<----  [OUT]
2020/09/11 22:37:41:611

Connecting Started...

<<<----  [OUT]
2020/09/11 22:37:43:673

I can't connect with the passive [192.168.100.113/5000] error_code:10061 !

<<<----  [OUT]
2020/09/11 22:37:46:157

Connecting Started...

<<<----  [OUT]
2020/09/11 22:37:48:216

I can't connect with the passive [192.168.100.113/5000] error_code:10061 !

<<<----  [OUT]
2020/09/11 22:37:50:705

Connecting Started...

<<<----  [OUT]
2020/09/11 22:37:52:772

I can't connect with the passive [192.168.100.113/5000] error_code:10061 !

<<<----  [OUT]
2020/09/11 22:37:55:252

Connecting Started...

<<<----  [OUT]
2020/09/11 22:37:57:315

I can't connect with the passive [192.168.100.113/5000] error_code:10061 !

<<<----  [OUT]
2020/09/11 22:37:59:798

Connecting Started...

<<<----  [OUT]
2020/09/11 22:38:01:850

I can't connect with the passive [192.168.100.113/5000] error_code:10061 !

<<<----  [OUT]
2020/09/11 22:38:04:330

Connecting Started...

<<<----  [OUT]
2020/09/11 22:38:06:388

I can't connect with the passive [192.168.100.113/5000] error_code:10061 !

<<<----  [OUT]
2020/09/11 22:38:08:876

Connecting Started...

<<<----  [OUT]
2020/09/11 22:38:10:944

I can't connect with the passive [192.168.100.113/5000] error_code:10061 !

<<<----  [OUT]
2020/09/11 22:38:13:422

Connecting Started...

<<<----  [OUT]
2020/09/11 22:38:15:489

I can't connect with the passive [192.168.100.113/5000] error_code:10061 !

<<<----  [OUT]
2020/09/11 22:38:17:969

Connecting Started...

<<<----  [OUT]
2020/09/11 22:38:20:022

I can't connect with the passive [192.168.100.113/5000] error_code:10061 !

<<<----  [OUT]
2020/09/11 22:38:22:501

Connecting Started...

<<<----  [OUT]
2020/09/11 22:38:24:557

I can't connect with the passive [192.168.100.113/5000] error_code:10061 !

<<<----  [OUT]
2020/09/11 22:38:27:049

Connecting Started...

<<<----  [OUT]
2020/09/11 22:38:29:108

I can't connect with the passive [192.168.100.113/5000] error_code:10061 !

<<<----  [OUT]
2020/09/11 22:38:31:595

Connecting Started...

<<<----  [OUT]
2020/09/11 22:38:33:646

I can't connect with the passive [192.168.100.113/5000] error_code:10061 !

<<<----  [OUT]
2020/09/11 22:38:36:127

Connecting Started...

<<<----  [OUT]
2020/09/11 22:38:38:162

I can't connect with the passive [192.168.100.113/5000] error_code:10061 !

<<<----  [OUT]
2020/09/11 22:38:40:643

Connecting Started...

<<<----  [OUT]
2020/09/11 22:38:42:689

I can't connect with the passive [192.168.100.113/5000] error_code:10061 !

<<<----  [OUT]
2020/09/11 22:38:45:173

Connecting Started...

<<<----  [OUT]
2020/09/11 22:38:47:212

I can't connect with the passive [192.168.100.113/5000] error_code:10061 !

<<<----  [OUT]
2020/09/11 22:38:49:689

Connecting Started...

<<<----  [OUT]
2020/09/11 22:38:51:721

I can't connect with the passive [192.168.100.113/5000] error_code:10061 !

<<<----  [OUT]
2020/09/11 22:38:54:205

Connecting Started...

<<<----  [OUT]
2020/09/11 22:38:56:264

I can't connect with the passive [192.168.100.113/5000] error_code:10061 !

<<<----  [OUT]
2020/09/11 22:38:58:752

Connecting Started...

<<<----  [OUT]
2020/09/11 22:39:00:817

I can't connect with the passive [192.168.100.113/5000] error_code:10061 !

<<<----  [OUT]
2020/09/11 22:39:03:298

Connecting Started...

<<<----  [OUT]
2020/09/11 22:39:05:372

I can't connect with the passive [192.168.100.113/5000] error_code:10061 !

<<<----  [OUT]
2020/09/11 22:39:07:860

Connecting Started...

<<<----  [OUT]
2020/09/11 22:39:09:922

I can't connect with the passive [192.168.100.113/5000] error_code:10061 !

<<<----  [OUT]
2020/09/11 22:39:12:407

Connecting Started...

<<<----  [OUT]
2020/09/11 22:39:14:453

I can't connect with the passive [192.168.100.113/5000] error_code:10061 !

<<<----  [OUT]
2020/09/11 22:39:16:940

Connecting Started...

<<<----  [OUT]
2020/09/11 22:39:18:958

I can't connect with the passive [192.168.100.113/5000] error_code:10061 !

<<<----  [OUT]
2020/09/11 22:39:21:439

Connecting Started...

<<<----  [OUT]
2020/09/11 22:39:23:489

I can't connect with the passive [192.168.100.113/5000] error_code:10061 !

<<<----  [OUT]
2020/09/11 22:39:25:970

Connecting Started...

<<<----  [OUT]
2020/09/11 22:39:28:036

I can't connect with the passive [192.168.100.113/5000] error_code:10061 !

<<<----  [OUT]
2020/09/11 22:39:30:517

Connecting Started...

<<<----  [OUT]
2020/09/11 22:39:32:578

I can't connect with the passive [192.168.100.113/5000] error_code:10061 !

<<<----  [OUT]
2020/09/11 22:39:35:064

Connecting Started...

<<<----  [OUT]
2020/09/11 22:39:37:112

I can't connect with the passive [192.168.100.113/5000] error_code:10061 !

<<<----  [OUT]
2020/09/11 22:39:39:596

Connecting Started...

<<<----  [OUT]
2020/09/11 22:39:41:670

I can't connect with the passive [192.168.100.113/5000] error_code:10061 !

<<<----  [OUT]
2020/09/11 22:39:44:157

Connecting Started...

<<<----  [OUT]
2020/09/11 22:39:46:213

I can't connect with the passive [192.168.100.113/5000] error_code:10061 !

<<<----  [OUT]
2020/09/11 22:39:48:703

Connecting Started...

<<<----  [OUT]
2020/09/11 22:39:50:744

I can't connect with the passive [192.168.100.113/5000] error_code:10061 !

<<<----  [OUT]
2020/09/11 22:39:53:236

Connecting Started...

<<<----  [OUT]
2020/09/11 22:39:55:295

I can't connect with the passive [192.168.100.113/5000] error_code:10061 !

<<<----  [OUT]
2020/09/11 22:39:57:782

Connecting Started...

<<<----  [OUT]
2020/09/11 22:39:59:845

I can't connect with the passive [192.168.100.113/5000] error_code:10061 !

<<<----  [OUT]
2020/09/11 22:40:02:330

Connecting Started...

<<<----  [OUT]
2020/09/11 22:40:04:391

I can't connect with the passive [192.168.100.113/5000] error_code:10061 !

<<<----  [OUT]
2020/09/11 22:40:06:877

Connecting Started...

<<<----  [OUT]
2020/09/11 22:40:08:948

I can't connect with the passive [192.168.100.113/5000] error_code:10061 !

<<<----  [OUT]
2020/09/11 22:40:11:440

Connecting Started...

<<<----  [OUT]
2020/09/11 22:40:13:499

I can't connect with the passive [192.168.100.113/5000] error_code:10061 !

<<<----  [OUT]
2020/09/11 22:40:15:986

Connecting Started...

<<<----  [OUT]
2020/09/11 22:40:18:002

I can't connect with the passive [192.168.100.113/5000] error_code:10061 !

<<<----  [OUT]
2020/09/11 22:40:20:486

Connecting Started...

<<<----  [OUT]
2020/09/11 22:40:22:554

I can't connect with the passive [192.168.100.113/5000] error_code:10061 !

<<<----  [OUT]
2020/09/11 22:40:25:033

Connecting Started...

<<<----  [OUT]
2020/09/11 22:40:27:087

I can't connect with the passive [192.168.100.113/5000] error_code:10061 !

<<<----  [OUT]
2020/09/11 22:40:29:563

Connecting Started...

<<<----  [OUT]
2020/09/11 22:40:31:620

I can't connect with the passive [192.168.100.113/5000] error_code:10061 !

<<<----  [OUT]
2020/09/11 22:40:34:110

Connecting Started...

<<<----  [OUT]
2020/09/11 22:40:36:181

I can't connect with the passive [192.168.100.113/5000] error_code:10061 !

<<<----  [OUT]
2020/09/11 22:40:38:658

Connecting Started...

<<<----  [OUT]
2020/09/11 22:40:40:701

I can't connect with the passive [192.168.100.113/5000] error_code:10061 !

<<<----  [OUT]
2020/09/11 22:40:43:189

Connecting Started...

<<<----  [OUT]
2020/09/11 22:40:45:233

I can't connect with the passive [192.168.100.113/5000] error_code:10061 !

<<<----  [OUT]
2020/09/11 22:40:47:720

Connecting Started...

<<<----  [OUT]
2020/09/11 22:40:49:768

I can't connect with the passive [192.168.100.113/5000] error_code:10061 !

<<<----  [OUT]
2020/09/11 22:40:52:251

Connecting Started...

<<<----  [OUT]
2020/09/11 22:40:54:294

I can't connect with the passive [192.168.100.113/5000] error_code:10061 !

<<<----  [OUT]
2020/09/11 22:40:56:782

Connecting Started...

<<<----  [OUT]
2020/09/11 22:40:58:841

I can't connect with the passive [192.168.100.113/5000] error_code:10061 !

<<<----  [OUT]
2020/09/11 22:41:01:329

Connecting Started...

<<<----  [OUT]
2020/09/11 22:41:03:392

I can't connect with the passive [192.168.100.113/5000] error_code:10061 !

<<<----  [OUT]
2020/09/11 22:41:05:876

Connecting Started...

<<<----  [OUT]
2020/09/11 22:41:07:937

I can't connect with the passive [192.168.100.113/5000] error_code:10061 !

<<<----  [OUT]
2020/09/11 22:41:10:424

Connecting Started...

<<<----  [OUT]
2020/09/11 22:41:12:490

I can't connect with the passive [192.168.100.113/5000] error_code:10061 !

<<<----  [OUT]
2020/09/11 22:41:14:970

Connecting Started...

<<<----  [OUT]
2020/09/11 22:41:17:024

I can't connect with the passive [192.168.100.113/5000] error_code:10061 !

<<<----  [OUT]
2020/09/11 22:41:19:501

Connecting Started...

<<<----  [OUT]
2020/09/11 22:41:21:525

I can't connect with the passive [192.168.100.113/5000] error_code:10061 !

<<<----  [OUT]
2020/09/11 22:41:24:002

Connecting Started...

<<<----  [OUT]
2020/09/11 22:41:26:045

I can't connect with the passive [192.168.100.113/5000] error_code:10061 !

<<<----  [OUT]
2020/09/11 22:41:28:533

Connecting Started...

<<<----  [OUT]
2020/09/11 22:41:30:581

I can't connect with the passive [192.168.100.113/5000] error_code:10061 !

<<<----  [OUT]
2020/09/11 22:41:33:063

Connecting Started...

<<<----  [OUT]
2020/09/11 22:41:35:105

I can't connect with the passive [192.168.100.113/5000] error_code:10061 !

<<<----  [OUT]
2020/09/11 22:41:37:594

Connecting Started...

<<<----  [OUT]
2020/09/11 22:41:39:655

I can't connect with the passive [192.168.100.113/5000] error_code:10061 !

<<<----  [OUT]
2020/09/11 22:41:42:142

Connecting Started...

<<<----  [OUT]
2020/09/11 22:41:44:206

I can't connect with the passive [192.168.100.113/5000] error_code:10061 !

<<<----  [OUT]
2020/09/11 22:41:46:688

Connecting Started...

<<<----  [OUT]
2020/09/11 22:41:48:756

I can't connect with the passive [192.168.100.113/5000] error_code:10061 !

<<<----  [OUT]
2020/09/11 22:41:51:235

Connecting Started...

<<<----  [OUT]
2020/09/11 22:41:53:319

I can't connect with the passive [192.168.100.113/5000] error_code:10061 !

<<<----  [OUT]
2020/09/11 22:41:55:799

Connecting Started...

<<<----  [OUT]
2020/09/11 22:41:57:854

I can't connect with the passive [192.168.100.113/5000] error_code:10061 !

<<<----  [OUT]
2020/09/11 22:42:00:345

Connecting Started...

<<<----  [OUT]
2020/09/11 22:42:02:413

I can't connect with the passive [192.168.100.113/5000] error_code:10061 !

<<<----  [OUT]
2020/09/11 22:42:04:891

Connecting Started...

<<<----  [OUT]
2020/09/11 22:42:06:940

I can't connect with the passive [192.168.100.113/5000] error_code:10061 !

<<<----  [OUT]
2020/09/11 22:42:09:423

Connecting Started...

<<<----  [OUT]
2020/09/11 22:42:11:462

I can't connect with the passive [192.168.100.113/5000] error_code:10061 !

<<<----  [OUT]
2020/09/11 22:42:13:939

Connecting Started...

<<<----  [OUT]
2020/09/11 22:42:15:981

I can't connect with the passive [192.168.100.113/5000] error_code:10061 !

<<<----  [OUT]
2020/09/11 22:42:18:470

Connecting Started...

<<<----  [OUT]
2020/09/11 22:42:20:527

I can't connect with the passive [192.168.100.113/5000] error_code:10061 !

<<<----  [OUT]
2020/09/11 22:42:23:018

Connecting Started...

<<<----  [OUT]
2020/09/11 22:42:25:052

I can't connect with the passive [192.168.100.113/5000] error_code:10061 !

<<<----  [OUT]
2020/09/11 22:42:27:532

Connecting Started...

<<<----  [OUT]
2020/09/11 22:42:29:590

I can't connect with the passive [192.168.100.113/5000] error_code:10061 !

<<<----  [OUT]
2020/09/11 22:42:32:080

Connecting Started...

<<<----  [OUT]
2020/09/11 22:42:34:149

I can't connect with the passive [192.168.100.113/5000] error_code:10061 !

<<<----  [OUT]
2020/09/11 22:42:36:626

Connecting Started...

<<<----  [OUT]
2020/09/11 22:42:38:664

I can't connect with the passive [192.168.100.113/5000] error_code:10061 !

<<<----  [OUT]
2020/09/11 22:42:41:141

Connecting Started...

<<<----  [OUT]
2020/09/11 22:42:43:181

I can't connect with the passive [192.168.100.113/5000] error_code:10061 !

<<<----  [OUT]
2020/09/11 22:42:45:657

Connecting Started...

<<<----  [OUT]
2020/09/11 22:42:47:722

I can't connect with the passive [192.168.100.113/5000] error_code:10061 !

<<<----  [OUT]
2020/09/11 22:42:50:205

Connecting Started...

<<<----  [OUT]
2020/09/11 22:42:52:280

I can't connect with the passive [192.168.100.113/5000] error_code:10061 !

<<<----  [OUT]
2020/09/11 22:42:54:768

Connecting Started...

<<<----  [OUT]
2020/09/11 22:42:56:826

I can't connect with the passive [192.168.100.113/5000] error_code:10061 !

<<<----  [OUT]
2020/09/11 22:42:59:315

Connecting Started...

<<<----  [OUT]
2020/09/11 22:43:01:379

I can't connect with the passive [192.168.100.113/5000] error_code:10061 !

<<<----  [OUT]
2020/09/11 22:43:03:862

Connecting Started...

<<<----  [OUT]
2020/09/11 22:43:05:918

I can't connect with the passive [192.168.100.113/5000] error_code:10061 !

<<<----  [OUT]
2020/09/11 22:43:08:409

Connecting Started...

<<<----  [OUT]
2020/09/11 22:43:10:478

I can't connect with the passive [192.168.100.113/5000] error_code:10061 !

<<<----  [OUT]
2020/09/11 22:43:12:954

Connecting Started...

<<<----  [OUT]
2020/09/11 22:43:14:985

I can't connect with the passive [192.168.100.113/5000] error_code:10061 !

<<<----  [OUT]
2020/09/11 22:43:17:470

Connecting Started...

<<<----  [OUT]
2020/09/11 22:43:19:527

I can't connect with the passive [192.168.100.113/5000] error_code:10061 !

<<<----  [OUT]
2020/09/11 22:43:22:017

Connecting Started...

<<<----  [OUT]
2020/09/11 22:43:24:049

I can't connect with the passive [192.168.100.113/5000] error_code:10061 !

<<<----  [OUT]
2020/09/11 22:43:26:533

Connecting Started...

<<<----  [OUT]
2020/09/11 22:43:28:558

I can't connect with the passive [192.168.100.113/5000] error_code:10061 !

<<<----  [OUT]
2020/09/11 22:43:31:049

Connecting Started...

<<<----  [OUT]
2020/09/11 22:43:33:095

I can't connect with the passive [192.168.100.113/5000] error_code:10061 !

<<<----  [OUT]
2020/09/11 22:43:35:580

Connecting Started...

<<<----  [OUT]
2020/09/11 22:43:37:641

I can't connect with the passive [192.168.100.113/5000] error_code:10061 !

<<<----  [OUT]
2020/09/11 22:43:40:126

Connecting Started...

<<<----  [OUT]
2020/09/11 22:43:42:173

I can't connect with the passive [192.168.100.113/5000] error_code:10061 !

<<<----  [OUT]
2020/09/11 22:43:44:657

Connecting Started...

<<<----  [OUT]
2020/09/11 22:43:46:719

I can't connect with the passive [192.168.100.113/5000] error_code:10061 !

<<<----  [OUT]
2020/09/11 22:43:49:205

Connecting Started...

<<<----  [OUT]
2020/09/11 22:43:51:279

I can't connect with the passive [192.168.100.113/5000] error_code:10061 !

<<<----  [OUT]
2020/09/11 22:43:53:767

Connecting Started...

<<<----  [OUT]
2020/09/11 22:43:55:837

I can't connect with the passive [192.168.100.113/5000] error_code:10061 !

<<<----  [OUT]
2020/09/11 22:43:58:315

Connecting Started...

<<<----  [OUT]
2020/09/11 22:44:00:380

I can't connect with the passive [192.168.100.113/5000] error_code:10061 !

<<<----  [OUT]
2020/09/11 22:44:02:861

Connecting Started...

<<<----  [OUT]
2020/09/11 22:44:04:919

I can't connect with the passive [192.168.100.113/5000] error_code:10061 !

<<<----  [OUT]
2020/09/11 22:44:07:409

Connecting Started...

<<<----  [OUT]
2020/09/11 22:44:09:471

I can't connect with the passive [192.168.100.113/5000] error_code:10061 !

<<<----  [OUT]
2020/09/11 22:44:11:955

Connecting Started...

<<<----  [OUT]
2020/09/11 22:44:14:013

I can't connect with the passive [192.168.100.113/5000] error_code:10061 !

<<<----  [OUT]
2020/09/11 22:44:16:502

Connecting Started...

<<<----  [OUT]
2020/09/11 22:44:18:571

I can't connect with the passive [192.168.100.113/5000] error_code:10061 !

<<<----  [OUT]
2020/09/11 22:44:21:049

Connecting Started...

<<<----  [OUT]
2020/09/11 22:44:23:109

I can't connect with the passive [192.168.100.113/5000] error_code:10061 !

<<<----  [OUT]
2020/09/11 22:44:25:595

Connecting Started...

<<<----  [OUT]
2020/09/11 22:44:27:658

I can't connect with the passive [192.168.100.113/5000] error_code:10061 !

<<<----  [OUT]
2020/09/11 22:44:30:143

Connecting Started...

<<<----  [OUT]
2020/09/11 22:44:32:210

I can't connect with the passive [192.168.100.113/5000] error_code:10061 !

<<<----  [OUT]
2020/09/11 22:44:34:690

Connecting Started...

<<<----  [OUT]
2020/09/11 22:44:36:750

I can't connect with the passive [192.168.100.113/5000] error_code:10061 !

<<<----  [OUT]
2020/09/11 22:44:39:236

Connecting Started...

<<<----  [OUT]
2020/09/11 22:44:41:261

I can't connect with the passive [192.168.100.113/5000] error_code:10061 !

<<<----  [OUT]
2020/09/11 22:44:43:751

Connecting Started...

<<<----  [OUT]
2020/09/11 22:44:45:787

I can't connect with the passive [192.168.100.113/5000] error_code:10061 !

<<<----  [OUT]
2020/09/11 22:44:48:267

Connecting Started...

<<<----  [OUT]
2020/09/11 22:44:50:335

I can't connect with the passive [192.168.100.113/5000] error_code:10061 !

<<<----  [OUT]
2020/09/11 22:44:52:814

Connecting Started...

<<<----  [OUT]
2020/09/11 22:44:54:877

I can't connect with the passive [192.168.100.113/5000] error_code:10061 !

<<<----  [OUT]
2020/09/11 22:44:57:361

Connecting Started...

<<<----  [OUT]
2020/09/11 22:44:59:411

I can't connect with the passive [192.168.100.113/5000] error_code:10061 !

<<<----  [OUT]
2020/09/11 22:45:01:891

Connecting Started...

<<<----  [OUT]
2020/09/11 22:45:03:952

I can't connect with the passive [192.168.100.113/5000] error_code:10061 !

<<<----  [OUT]
2020/09/11 22:45:06:439

Connecting Started...

<<<----  [OUT]
2020/09/11 22:45:08:497

I can't connect with the passive [192.168.100.113/5000] error_code:10061 !

<<<----  [OUT]
2020/09/11 22:45:10:987

Connecting Started...

<<<----  [OUT]
2020/09/11 22:45:13:031

I can't connect with the passive [192.168.100.113/5000] error_code:10061 !

<<<----  [OUT]
2020/09/11 22:45:15:517

Connecting Started...

<<<----  [OUT]
2020/09/11 22:45:17:552

I can't connect with the passive [192.168.100.113/5000] error_code:10061 !

<<<----  [OUT]
2020/09/11 22:45:20:032

Connecting Started...

<<<----  [OUT]
2020/09/11 22:45:22:075

I can't connect with the passive [192.168.100.113/5000] error_code:10061 !

<<<----  [OUT]
2020/09/11 22:45:24:563

Connecting Started...

<<<----  [OUT]
2020/09/11 22:45:26:600

I can't connect with the passive [192.168.100.113/5000] error_code:10061 !

<<<----  [OUT]
2020/09/11 22:45:29:079

Connecting Started...

<<<----  [OUT]
2020/09/11 22:45:31:105

I can't connect with the passive [192.168.100.113/5000] error_code:10061 !

<<<----  [OUT]
2020/09/11 22:45:33:596

Connecting Started...

<<<----  [OUT]
2020/09/11 22:45:35:643

I can't connect with the passive [192.168.100.113/5000] error_code:10061 !

<<<----  [OUT]
2020/09/11 22:45:38:126

Connecting Started...

<<<----  [OUT]
2020/09/11 22:45:40:158

I can't connect with the passive [192.168.100.113/5000] error_code:10061 !

<<<----  [OUT]
2020/09/11 22:45:42:642

Connecting Started...

<<<----  [OUT]
2020/09/11 22:45:44:685

I can't connect with the passive [192.168.100.113/5000] error_code:10061 !

<<<----  [OUT]
2020/09/11 22:45:47:173

Connecting Started...

<<<----  [OUT]
2020/09/11 22:45:49:216

I can't connect with the passive [192.168.100.113/5000] error_code:10061 !

<<<----  [OUT]
2020/09/11 22:45:51:704

Connecting Started...

<<<----  [OUT]
2020/09/11 22:45:53:749

I can't connect with the passive [192.168.100.113/5000] error_code:10061 !

<<<----  [OUT]
2020/09/11 22:45:56:236

Connecting Started...

<<<----  [OUT]
2020/09/11 22:45:58:284

I can't connect with the passive [192.168.100.113/5000] error_code:10061 !

<<<----  [OUT]
2020/09/11 22:46:00:766

Connecting Started...

<<<----  [OUT]
2020/09/11 22:46:02:789

I can't connect with the passive [192.168.100.113/5000] error_code:10061 !

<<<----  [OUT]
2020/09/11 22:46:05:267

Connecting Started...

<<<----  [OUT]
2020/09/11 22:46:07:306

I can't connect with the passive [192.168.100.113/5000] error_code:10061 !

<<<----  [OUT]
2020/09/11 22:46:09:782

Connecting Started...

<<<----  [OUT]
2020/09/11 22:46:11:821

I can't connect with the passive [192.168.100.113/5000] error_code:10061 !

<<<----  [OUT]
2020/09/11 22:46:14:299

Connecting Started...

<<<----  [OUT]
2020/09/11 22:46:16:329

I can't connect with the passive [192.168.100.113/5000] error_code:10061 !

<<<----  [OUT]
2020/09/11 22:46:18:814

Connecting Started...

<<<----  [OUT]
2020/09/11 22:46:20:837

I can't connect with the passive [192.168.100.113/5000] error_code:10061 !

<<<----  [OUT]
2020/09/11 22:46:23:314

Connecting Started...

<<<----  [OUT]
2020/09/11 22:46:25:349

I can't connect with the passive [192.168.100.113/5000] error_code:10061 !

<<<----  [OUT]
2020/09/11 22:46:27:829

Connecting Started...

<<<----  [OUT]
2020/09/11 22:46:29:871

I can't connect with the passive [192.168.100.113/5000] error_code:10061 !

<<<----  [OUT]
2020/09/11 22:46:32:360

Connecting Started...

<<<----  [OUT]
2020/09/11 22:46:34:409

I can't connect with the passive [192.168.100.113/5000] error_code:10061 !

<<<----  [OUT]
2020/09/11 22:46:36:893

Connecting Started...

<<<----  [OUT]
2020/09/11 22:46:38:923

I can't connect with the passive [192.168.100.113/5000] error_code:10061 !

<<<----  [OUT]
2020/09/11 22:46:41:407

Connecting Started...

<<<----  [OUT]
2020/09/11 22:46:43:444

I can't connect with the passive [192.168.100.113/5000] error_code:10061 !

<<<----  [OUT]
2020/09/11 22:46:45:924

Connecting Started...

<<<----  [OUT]
2020/09/11 22:46:47:955

I can't connect with the passive [192.168.100.113/5000] error_code:10061 !

<<<----  [OUT]
2020/09/11 22:46:50:438

Connecting Started...

<<<----  [OUT]
2020/09/11 22:46:52:507

I can't connect with the passive [192.168.100.113/5000] error_code:10061 !

<<<----  [OUT]
2020/09/11 22:46:54:985

Connecting Started...

<<<----  [OUT]
2020/09/11 22:46:57:060

I can't connect with the passive [192.168.100.113/5000] error_code:10061 !

<<<----  [OUT]
2020/09/11 22:46:59:547

Connecting Started...

<<<----  [OUT]
2020/09/11 22:47:01:600

I can't connect with the passive [192.168.100.113/5000] error_code:10061 !

<<<----  [OUT]
2020/09/11 22:47:04:080

Connecting Started...

<<<----  [OUT]
2020/09/11 22:47:06:144

I can't connect with the passive [192.168.100.113/5000] error_code:10061 !

<<<----  [OUT]
2020/09/11 22:47:08:628

Connecting Started...

<<<----  [OUT]
2020/09/11 22:47:10:708

I can't connect with the passive [192.168.100.113/5000] error_code:10061 !

<<<----  [OUT]
2020/09/11 22:47:13:190

Connecting Started...

<<<----  [OUT]
2020/09/11 22:47:15:238

I can't connect with the passive [192.168.100.113/5000] error_code:10061 !

<<<----  [OUT]
2020/09/11 22:47:17:720

Connecting Started...

<<<----  [OUT]
2020/09/11 22:47:19:782

I can't connect with the passive [192.168.100.113/5000] error_code:10061 !

<<<----  [OUT]
2020/09/11 22:47:22:267

Connecting Started...

<<<----  [OUT]
2020/09/11 22:47:24:331

I can't connect with the passive [192.168.100.113/5000] error_code:10061 !

<<<----  [OUT]
2020/09/11 22:47:26:814

Connecting Started...

<<<----  [OUT]
2020/09/11 22:47:28:880

I can't connect with the passive [192.168.100.113/5000] error_code:10061 !

<<<----  [OUT]
2020/09/11 22:47:31:361

Connecting Started...

<<<----  [OUT]
2020/09/11 22:47:33:420

I can't connect with the passive [192.168.100.113/5000] error_code:10061 !

<<<----  [OUT]
2020/09/11 22:47:35:907

Connecting Started...

<<<----  [OUT]
2020/09/11 22:47:37:968

I can't connect with the passive [192.168.100.113/5000] error_code:10061 !

<<<----  [OUT]
2020/09/11 22:47:40:454

Connecting Started...

<<<----  [OUT]
2020/09/11 22:47:42:511

I can't connect with the passive [192.168.100.113/5000] error_code:10061 !

<<<----  [OUT]
2020/09/11 22:47:45:002

Connecting Started...

<<<----  [OUT]
2020/09/11 22:47:47:053

I can't connect with the passive [192.168.100.113/5000] error_code:10061 !

<<<----  [OUT]
2020/09/11 22:47:49:533

Connecting Started...

<<<----  [OUT]
2020/09/11 22:47:51:578

I can't connect with the passive [192.168.100.113/5000] error_code:10061 !

<<<----  [OUT]
2020/09/11 22:47:54:064

Connecting Started...

<<<----  [OUT]
2020/09/11 22:47:56:117

I can't connect with the passive [192.168.100.113/5000] error_code:10061 !

<<<----  [OUT]
2020/09/11 22:47:58:595

Connecting Started...

<<<----  [OUT]
2020/09/11 22:48:00:650

I can't connect with the passive [192.168.100.113/5000] error_code:10061 !

<<<----  [OUT]
2020/09/11 22:48:03:127

Connecting Started...

<<<----  [OUT]
2020/09/11 22:48:05:203

I can't connect with the passive [192.168.100.113/5000] error_code:10061 !

<<<----  [OUT]
2020/09/11 22:48:07:689

Connecting Started...

<<<----  [OUT]
2020/09/11 22:48:09:739

I can't connect with the passive [192.168.100.113/5000] error_code:10061 !

<<<----  [OUT]
2020/09/11 22:48:12:220

Connecting Started...

<<<----  [OUT]
2020/09/11 22:48:14:257

I can't connect with the passive [192.168.100.113/5000] error_code:10061 !

<<<----  [OUT]
2020/09/11 22:48:16:736

Connecting Started...

<<<----  [OUT]
2020/09/11 22:48:18:792

I can't connect with the passive [192.168.100.113/5000] error_code:10061 !

<<<----  [OUT]
2020/09/11 22:48:21:283

Connecting Started...

<<<----  [OUT]
2020/09/11 22:48:23:327

I can't connect with the passive [192.168.100.113/5000] error_code:10061 !

<<<----  [OUT]
2020/09/11 22:48:25:814

Connecting Started...

<<<----  [OUT]
2020/09/11 22:48:27:861

I can't connect with the passive [192.168.100.113/5000] error_code:10061 !

<<<----  [OUT]
2020/09/11 22:48:30:345

Connecting Started...

<<<----  [OUT]
2020/09/11 22:48:32:395

I can't connect with the passive [192.168.100.113/5000] error_code:10061 !

<<<----  [OUT]
2020/09/11 22:48:34:876

Connecting Started...

<<<----  [OUT]
2020/09/11 22:48:36:922

I can't connect with the passive [192.168.100.113/5000] error_code:10061 !

<<<----  [OUT]
2020/09/11 22:48:39:407

Connecting Started...

<<<----  [OUT]
2020/09/11 22:48:41:451

I can't connect with the passive [192.168.100.113/5000] error_code:10061 !

<<<----  [OUT]
2020/09/11 22:48:43:940

Connecting Started...

<<<----  [OUT]
2020/09/11 22:48:45:986

I can't connect with the passive [192.168.100.113/5000] error_code:10061 !

<<<----  [OUT]
2020/09/11 22:48:48:470

Connecting Started...

<<<----  [OUT]
2020/09/11 22:48:50:523

I can't connect with the passive [192.168.100.113/5000] error_code:10061 !

<<<----  [OUT]
2020/09/11 22:48:53:002

Connecting Started...

<<<----  [OUT]
2020/09/11 22:48:55:038

I can't connect with the passive [192.168.100.113/5000] error_code:10061 !

<<<----  [OUT]
2020/09/11 22:48:57:517

Connecting Started...

<<<----  [OUT]
2020/09/11 22:48:59:576

I can't connect with the passive [192.168.100.113/5000] error_code:10061 !

<<<----  [OUT]
2020/09/11 22:49:02:064

Connecting Started...

<<<----  [OUT]
2020/09/11 22:49:04:110

I can't connect with the passive [192.168.100.113/5000] error_code:10061 !

<<<----  [OUT]
2020/09/11 22:49:06:594

Connecting Started...

<<<----  [OUT]
2020/09/11 22:49:08:657

I can't connect with the passive [192.168.100.113/5000] error_code:10061 !

<<<----  [OUT]
2020/09/11 22:49:11:142

Connecting Started...

<<<----  [OUT]
2020/09/11 22:49:13:199

I can't connect with the passive [192.168.100.113/5000] error_code:10061 !

<<<----  [OUT]
2020/09/11 22:49:15:688

Connecting Started...

<<<----  [OUT]
2020/09/11 22:49:17:736

I can't connect with the passive [192.168.100.113/5000] error_code:10061 !

<<<----  [OUT]
2020/09/11 22:49:20:220

Connecting Started...

<<<----  [OUT]
2020/09/11 22:49:22:297

I can't connect with the passive [192.168.100.113/5000] error_code:10061 !

<<<----  [OUT]
2020/09/11 22:49:24:783

Connecting Started...

<<<----  [OUT]
2020/09/11 22:49:26:847

I can't connect with the passive [192.168.100.113/5000] error_code:10061 !

<<<----  [OUT]
2020/09/11 22:49:29:328

Connecting Started...

<<<----  [OUT]
2020/09/11 22:49:31:380

I can't connect with the passive [192.168.100.113/5000] error_code:10061 !

<<<----  [OUT]
2020/09/11 22:49:33:860

Connecting Started...

<<<----  [OUT]
2020/09/11 22:49:35:930

I can't connect with the passive [192.168.100.113/5000] error_code:10061 !

<<<----  [OUT]
2020/09/11 22:49:38:408

Connecting Started...

<<<----  [OUT]
2020/09/11 22:49:40:487

I can't connect with the passive [192.168.100.113/5000] error_code:10061 !

<<<----  [OUT]
2020/09/11 22:49:42:970

Connecting Started...

<<<----  [OUT]
2020/09/11 22:49:45:023

I can't connect with the passive [192.168.100.113/5000] error_code:10061 !

<<<----  [OUT]
2020/09/11 22:49:47:502

Connecting Started...

<<<----  [OUT]
2020/09/11 22:49:49:540

I can't connect with the passive [192.168.100.113/5000] error_code:10061 !

<<<----  [OUT]
2020/09/11 22:49:52:017

Connecting Started...

<<<----  [OUT]
2020/09/11 22:49:54:088

I can't connect with the passive [192.168.100.113/5000] error_code:10061 !

<<<----  [OUT]
2020/09/11 22:49:56:579

Connecting Started...

<<<----  [OUT]
2020/09/11 22:49:58:652

I can't connect with the passive [192.168.100.113/5000] error_code:10061 !

<<<----  [OUT]
2020/09/11 22:50:01:141

Connecting Started...

<<<----  [OUT]
2020/09/11 22:50:03:190

I can't connect with the passive [192.168.100.113/5000] error_code:10061 !

<<<----  [OUT]
2020/09/11 22:50:05:673

Connecting Started...

<<<----  [OUT]
2020/09/11 22:50:07:734

I can't connect with the passive [192.168.100.113/5000] error_code:10061 !

<<<----  [OUT]
2020/09/11 22:50:10:219

Connecting Started...

<<<----  [OUT]
2020/09/11 22:50:12:275

I can't connect with the passive [192.168.100.113/5000] error_code:10061 !

<<<----  [OUT]
2020/09/11 22:50:14:752

Connecting Started...

<<<----  [OUT]
2020/09/11 22:50:16:836

I can't connect with the passive [192.168.100.113/5000] error_code:10061 !

<<<----  [OUT]
2020/09/11 22:50:19:314

Connecting Started...

<<<----  [OUT]
2020/09/11 22:50:21:376

I can't connect with the passive [192.168.100.113/5000] error_code:10061 !

<<<----  [OUT]
2020/09/11 22:50:23:861

Connecting Started...

<<<----  [OUT]
2020/09/11 22:50:25:909

I can't connect with the passive [192.168.100.113/5000] error_code:10061 !

<<<----  [OUT]
2020/09/11 22:50:28:392

Connecting Started...

<<<----  [OUT]
2020/09/11 22:50:30:446

I can't connect with the passive [192.168.100.113/5000] error_code:10061 !

<<<----  [OUT]
2020/09/11 22:50:32:923

Connecting Started...

<<<----  [OUT]
2020/09/11 22:50:34:997

I can't connect with the passive [192.168.100.113/5000] error_code:10061 !

<<<----  [OUT]
2020/09/11 22:50:37:485

Connecting Started...

<<<----  [OUT]
2020/09/11 22:50:39:543

I can't connect with the passive [192.168.100.113/5000] error_code:10061 !

<<<----  [OUT]
2020/09/11 22:50:42:032

Connecting Started...

<<<----  [OUT]
2020/09/11 22:50:44:071

I can't connect with the passive [192.168.100.113/5000] error_code:10061 !

<<<----  [OUT]
2020/09/11 22:50:46:548

Connecting Started...

<<<----  [OUT]
2020/09/11 22:50:48:568

I can't connect with the passive [192.168.100.113/5000] error_code:10061 !

<<<----  [OUT]
2020/09/11 22:50:51:048

Connecting Started...

<<<----  [OUT]
2020/09/11 22:50:53:090

I can't connect with the passive [192.168.100.113/5000] error_code:10061 !

<<<----  [OUT]
2020/09/11 22:50:55:579

Connecting Started...

<<<----  [OUT]
2020/09/11 22:50:57:649

I can't connect with the passive [192.168.100.113/5000] error_code:10061 !

<<<----  [OUT]
2020/09/11 22:51:00:126

Connecting Started...

<<<----  [OUT]
2020/09/11 22:51:02:189

I can't connect with the passive [192.168.100.113/5000] error_code:10061 !

<<<----  [OUT]
2020/09/11 22:51:04:673

Connecting Started...

<<<----  [OUT]
2020/09/11 22:51:06:738

I can't connect with the passive [192.168.100.113/5000] error_code:10061 !

<<<----  [OUT]
2020/09/11 22:51:09:220

Connecting Started...

<<<----  [OUT]
2020/09/11 22:51:11:294

I can't connect with the passive [192.168.100.113/5000] error_code:10061 !

<<<----  [OUT]
2020/09/11 22:51:13:782

Connecting Started...

<<<----  [OUT]
2020/09/11 22:51:15:820

I can't connect with the passive [192.168.100.113/5000] error_code:10061 !

<<<----  [OUT]
2020/09/11 22:51:18:299

Connecting Started...

<<<----  [OUT]
2020/09/11 22:51:20:372

I can't connect with the passive [192.168.100.113/5000] error_code:10061 !

<<<----  [OUT]
2020/09/11 22:51:22:861

Connecting Started...

<<<----  [OUT]
2020/09/11 22:51:24:939

I can't connect with the passive [192.168.100.113/5000] error_code:10061 !

<<<----  [OUT]
2020/09/11 22:51:27:423

Connecting Started...

<<<----  [OUT]
2020/09/11 22:51:29:480

I can't connect with the passive [192.168.100.113/5000] error_code:10061 !

<<<----  [OUT]
2020/09/11 22:51:31:970

Connecting Started...

<<<----  [OUT]
2020/09/11 22:51:34:026

I can't connect with the passive [192.168.100.113/5000] error_code:10061 !

<<<----  [OUT]
2020/09/11 22:51:36:516

Connecting Started...

<<<----  [OUT]
2020/09/11 22:51:38:582

I can't connect with the passive [192.168.100.113/5000] error_code:10061 !

<<<----  [OUT]
2020/09/11 22:51:41:063

Connecting Started...

<<<----  [OUT]
2020/09/11 22:51:43:128

I can't connect with the passive [192.168.100.113/5000] error_code:10061 !

<<<----  [OUT]
2020/09/11 22:51:45:611

Connecting Started...

<<<----  [OUT]
2020/09/11 22:51:47:672

I can't connect with the passive [192.168.100.113/5000] error_code:10061 !

<<<----  [OUT]
2020/09/11 22:51:50:157

Connecting Started...

<<<----  [OUT]
2020/09/11 22:51:52:221

I can't connect with the passive [192.168.100.113/5000] error_code:10061 !

<<<----  [OUT]
2020/09/11 22:51:54:705

Connecting Started...

<<<----  [OUT]
2020/09/11 22:51:56:761

I can't connect with the passive [192.168.100.113/5000] error_code:10061 !

<<<----  [OUT]
2020/09/11 22:51:59:250

Connecting Started...

<<<----  [OUT]
2020/09/11 22:52:01:317

I can't connect with the passive [192.168.100.113/5000] error_code:10061 !

<<<----  [OUT]
2020/09/11 22:52:03:797

Connecting Started...

<<<----  [OUT]
2020/09/11 22:52:05:856

I can't connect with the passive [192.168.100.113/5000] error_code:10061 !

<<<----  [OUT]
2020/09/11 22:52:08:345

Connecting Started...

<<<----  [OUT]
2020/09/11 22:52:10:401

I can't connect with the passive [192.168.100.113/5000] error_code:10061 !

<<<----  [OUT]
2020/09/11 22:52:12:892

Connecting Started...

<<<----  [OUT]
2020/09/11 22:52:14:923

I can't connect with the passive [192.168.100.113/5000] error_code:10061 !

<<<----  [OUT]
2020/09/11 22:52:17:407

Connecting Started...

<<<----  [OUT]
2020/09/11 22:52:19:467

I can't connect with the passive [192.168.100.113/5000] error_code:10061 !

<<<----  [OUT]
2020/09/11 22:52:21:954

Connecting Started...

<<<----  [OUT]
2020/09/11 22:52:24:023

I can't connect with the passive [192.168.100.113/5000] error_code:10061 !

<<<----  [OUT]
2020/09/11 22:52:26:501

Connecting Started...

<<<----  [OUT]
2020/09/11 22:52:28:558

I can't connect with the passive [192.168.100.113/5000] error_code:10061 !

<<<----  [OUT]
2020/09/11 22:52:31:047

Connecting Started...

<<<----  [OUT]
2020/09/11 22:52:33:118

I can't connect with the passive [192.168.100.113/5000] error_code:10061 !

<<<----  [OUT]
2020/09/11 22:52:35:595

Connecting Started...

<<<----  [OUT]
2020/09/11 22:52:37:650

I can't connect with the passive [192.168.100.113/5000] error_code:10061 !

<<<----  [OUT]
2020/09/11 22:52:40:127

Connecting Started...

<<<----  [OUT]
2020/09/11 22:52:42:156

I can't connect with the passive [192.168.100.113/5000] error_code:10061 !

<<<----  [OUT]
2020/09/11 22:52:44:641

Connecting Started...

<<<----  [OUT]
2020/09/11 22:52:46:706

I can't connect with the passive [192.168.100.113/5000] error_code:10061 !

<<<----  [OUT]
2020/09/11 22:52:49:189

Connecting Started...

<<<----  [OUT]
2020/09/11 22:52:51:247

I can't connect with the passive [192.168.100.113/5000] error_code:10061 !

<<<----  [OUT]
2020/09/11 22:52:53:736

Connecting Started...

<<<----  [OUT]
2020/09/11 22:52:55:799

I can't connect with the passive [192.168.100.113/5000] error_code:10061 !

<<<----  [OUT]
2020/09/11 22:52:58:283

Connecting Started...

<<<----  [OUT]
2020/09/11 22:53:00:359

I can't connect with the passive [192.168.100.113/5000] error_code:10061 !

<<<----  [OUT]
2020/09/11 22:53:02:845

Connecting Started...

<<<----  [OUT]
2020/09/11 22:53:04:913

I can't connect with the passive [192.168.100.113/5000] error_code:10061 !

<<<----  [OUT]
2020/09/11 22:53:07:392

Connecting Started...

<<<----  [OUT]
2020/09/11 22:53:09:458

I can't connect with the passive [192.168.100.113/5000] error_code:10061 !

<<<----  [OUT]
2020/09/11 22:53:11:938

Connecting Started...

<<<----  [OUT]
2020/09/11 22:53:13:988

I can't connect with the passive [192.168.100.113/5000] error_code:10061 !

<<<----  [OUT]
2020/09/11 22:53:16:471

Connecting Started...

<<<----  [OUT]
2020/09/11 22:53:18:524

I can't connect with the passive [192.168.100.113/5000] error_code:10061 !

<<<----  [OUT]
2020/09/11 22:53:21:001

Connecting Started...

<<<----  [OUT]
2020/09/11 22:53:23:057

I can't connect with the passive [192.168.100.113/5000] error_code:10061 !

<<<----  [OUT]
2020/09/11 22:53:25:549

Connecting Started...

<<<----  [OUT]
2020/09/11 22:53:27:605

I can't connect with the passive [192.168.100.113/5000] error_code:10061 !

<<<----  [OUT]
2020/09/11 22:53:30:095

Connecting Started...

<<<----  [OUT]
2020/09/11 22:53:32:149

I can't connect with the passive [192.168.100.113/5000] error_code:10061 !

<<<----  [OUT]
2020/09/11 22:53:34:626

Connecting Started...

<<<----  [OUT]
2020/09/11 22:53:36:690

I can't connect with the passive [192.168.100.113/5000] error_code:10061 !

<<<----  [OUT]
2020/09/11 22:53:39:172

Connecting Started...

<<<----  [OUT]
2020/09/11 22:53:41:246

I can't connect with the passive [192.168.100.113/5000] error_code:10061 !

<<<----  [OUT]
2020/09/11 22:53:43:735

Connecting Started...

<<<----  [OUT]
2020/09/11 22:53:45:780

I can't connect with the passive [192.168.100.113/5000] error_code:10061 !

<<<----  [OUT]
2020/09/11 22:53:48:267

Connecting Started...

<<<----  [OUT]
2020/09/11 22:53:50:334

I can't connect with the passive [192.168.100.113/5000] error_code:10061 !

<<<----  [OUT]
2020/09/11 22:53:52:814

Connecting Started...

<<<----  [OUT]
2020/09/11 22:53:54:875

I can't connect with the passive [192.168.100.113/5000] error_code:10061 !

<<<----  [OUT]
2020/09/11 22:53:57:361

Connecting Started...

<<<----  [OUT]
2020/09/11 22:53:59:420

I can't connect with the passive [192.168.100.113/5000] error_code:10061 !

<<<----  [OUT]
2020/09/11 22:54:01:908

Connecting Started...

<<<----  [OUT]
2020/09/11 22:54:03:968

I can't connect with the passive [192.168.100.113/5000] error_code:10061 !

<<<----  [OUT]
2020/09/11 22:54:06:454

Connecting Started...

<<<----  [OUT]
2020/09/11 22:54:08:525

I can't connect with the passive [192.168.100.113/5000] error_code:10061 !

<<<----  [OUT]
2020/09/11 22:54:11:001

Connecting Started...

<<<----  [OUT]
2020/09/11 22:54:13:070

I can't connect with the passive [192.168.100.113/5000] error_code:10061 !

<<<----  [OUT]
2020/09/11 22:54:15:549

Connecting Started...

<<<----  [OUT]
2020/09/11 22:54:17:623

I can't connect with the passive [192.168.100.113/5000] error_code:10061 !

<<<----  [OUT]
2020/09/11 22:54:20:111

Connecting Started...

<<<----  [OUT]
2020/09/11 22:54:22:167

I can't connect with the passive [192.168.100.113/5000] error_code:10061 !

<<<----  [OUT]
2020/09/11 22:54:24:657

Connecting Started...

<<<----  [OUT]
2020/09/11 22:54:26:685

I can't connect with the passive [192.168.100.113/5000] error_code:10061 !

<<<----  [OUT]
2020/09/11 22:54:29:172

Connecting Started...

<<<----  [OUT]
2020/09/11 22:54:31:225

I can't connect with the passive [192.168.100.113/5000] error_code:10061 !

<<<----  [OUT]
2020/09/11 22:54:33:704

Connecting Started...

<<<----  [OUT]
2020/09/11 22:54:35:768

I can't connect with the passive [192.168.100.113/5000] error_code:10061 !

<<<----  [OUT]
2020/09/11 22:54:38:252

Connecting Started...

<<<----  [OUT]
2020/09/11 22:54:40:288

I can't connect with the passive [192.168.100.113/5000] error_code:10061 !

<<<----  [OUT]
2020/09/11 22:54:42:767

Connecting Started...

<<<----  [OUT]
2020/09/11 22:54:44:809

I can't connect with the passive [192.168.100.113/5000] error_code:10061 !

<<<----  [OUT]
2020/09/11 22:54:47:299

Connecting Started...

<<<----  [OUT]
2020/09/11 22:54:49:350

I can't connect with the passive [192.168.100.113/5000] error_code:10061 !

<<<----  [OUT]
2020/09/11 22:54:51:830

Connecting Started...

<<<----  [OUT]
2020/09/11 22:54:53:859

I can't connect with the passive [192.168.100.113/5000] error_code:10061 !

<<<----  [OUT]
2020/09/11 22:54:56:345

Connecting Started...

<<<----  [OUT]
2020/09/11 22:54:58:367

I can't connect with the passive [192.168.100.113/5000] error_code:10061 !

<<<----  [OUT]
2020/09/11 22:55:00:846

Connecting Started...

<<<----  [OUT]
2020/09/11 22:55:02:907

I can't connect with the passive [192.168.100.113/5000] error_code:10061 !

<<<----  [OUT]
2020/09/11 22:55:05:393

Connecting Started...

<<<----  [OUT]
2020/09/11 22:55:07:466

I can't connect with the passive [192.168.100.113/5000] error_code:10061 !

<<<----  [OUT]
2020/09/11 22:55:09:954

Connecting Started...

<<<----  [OUT]
2020/09/11 22:55:12:021

I can't connect with the passive [192.168.100.113/5000] error_code:10061 !

<<<----  [OUT]
2020/09/11 22:55:14:501

Connecting Started...

<<<----  [OUT]
2020/09/11 22:55:16:570

I can't connect with the passive [192.168.100.113/5000] error_code:10061 !

<<<----  [OUT]
2020/09/11 22:55:19:049

Connecting Started...

<<<----  [OUT]
2020/09/11 22:55:21:105

I can't connect with the passive [192.168.100.113/5000] error_code:10061 !

<<<----  [OUT]
2020/09/11 22:55:23:595

Connecting Started...

<<<----  [OUT]
2020/09/11 22:55:25:654

I can't connect with the passive [192.168.100.113/5000] error_code:10061 !

<<<----  [OUT]
2020/09/11 22:55:28:142

Connecting Started...

<<<----  [OUT]
2020/09/11 22:55:30:203

I can't connect with the passive [192.168.100.113/5000] error_code:10061 !

<<<----  [OUT]
2020/09/11 22:55:32:688

Connecting Started...

<<<----  [OUT]
2020/09/11 22:55:34:746

I can't connect with the passive [192.168.100.113/5000] error_code:10061 !

<<<----  [OUT]
2020/09/11 22:55:37:235

Connecting Started...

<<<----  [OUT]
2020/09/11 22:55:39:285

I can't connect with the passive [192.168.100.113/5000] error_code:10061 !

<<<----  [OUT]
2020/09/11 22:55:41:766

Connecting Started...

<<<----  [OUT]
2020/09/11 22:55:43:830

I can't connect with the passive [192.168.100.113/5000] error_code:10061 !

<<<----  [OUT]
2020/09/11 22:55:46:313

Connecting Started...

<<<----  [OUT]
2020/09/11 22:55:48:375

I can't connect with the passive [192.168.100.113/5000] error_code:10061 !

<<<----  [OUT]
2020/09/11 22:55:50:861

Connecting Started...

<<<----  [OUT]
2020/09/11 22:55:52:933

I can't connect with the passive [192.168.100.113/5000] error_code:10061 !

<<<----  [OUT]
2020/09/11 22:55:55:424

Connecting Started...

<<<----  [OUT]
2020/09/11 22:55:57:482

I can't connect with the passive [192.168.100.113/5000] error_code:10061 !

<<<----  [OUT]
2020/09/11 22:55:59:969

Connecting Started...

<<<----  [OUT]
2020/09/11 22:56:02:028

I can't connect with the passive [192.168.100.113/5000] error_code:10061 !

<<<----  [OUT]
2020/09/11 22:56:04:516

Connecting Started...

<<<----  [OUT]
2020/09/11 22:56:06:590

I can't connect with the passive [192.168.100.113/5000] error_code:10061 !

<<<----  [OUT]
2020/09/11 22:56:09:079

Connecting Started...

<<<----  [OUT]
2020/09/11 22:56:11:110

I can't connect with the passive [192.168.100.113/5000] error_code:10061 !

<<<----  [OUT]
2020/09/11 22:56:13:594

Connecting Started...

<<<----  [OUT]
2020/09/11 22:56:15:629

I can't connect with the passive [192.168.100.113/5000] error_code:10061 !

<<<----  [OUT]
2020/09/11 22:56:18:111

Connecting Started...

<<<----  [OUT]
2020/09/11 22:56:20:158

I can't connect with the passive [192.168.100.113/5000] error_code:10061 !

<<<----  [OUT]
2020/09/11 22:56:22:642

Connecting Started...

<<<----  [OUT]
2020/09/11 22:56:24:697

I can't connect with the passive [192.168.100.113/5000] error_code:10061 !

<<<----  [OUT]
2020/09/11 22:56:27:190

Connecting Started...

<<<----  [OUT]
2020/09/11 22:56:29:228

I can't connect with the passive [192.168.100.113/5000] error_code:10061 !

<<<----  [OUT]
2020/09/11 22:56:31:705

Connecting Started...

<<<----  [OUT]
2020/09/11 22:56:33:761

I can't connect with the passive [192.168.100.113/5000] error_code:10061 !

<<<----  [OUT]
2020/09/11 22:56:36:252

Connecting Started...

<<<----  [OUT]
2020/09/11 22:56:38:294

I can't connect with the passive [192.168.100.113/5000] error_code:10061 !

<<<----  [OUT]
2020/09/11 22:56:40:784

Connecting Started...

<<<----  [OUT]
2020/09/11 22:56:42:830

I can't connect with the passive [192.168.100.113/5000] error_code:10061 !

<<<----  [OUT]
2020/09/11 22:56:45:314

Connecting Started...

<<<----  [OUT]
2020/09/11 22:56:47:338

I can't connect with the passive [192.168.100.113/5000] error_code:10061 !

<<<----  [OUT]
2020/09/11 22:56:49:829

Connecting Started...

<<<----  [OUT]
2020/09/11 22:56:51:879

I can't connect with the passive [192.168.100.113/5000] error_code:10061 !

<<<----  [OUT]
2020/09/11 22:56:54:361

Connecting Started...

<<<----  [OUT]
2020/09/11 22:56:56:377

I can't connect with the passive [192.168.100.113/5000] error_code:10061 !

<<<----  [OUT]
2020/09/11 22:56:58:861

Connecting Started...

<<<----  [OUT]
2020/09/11 22:57:00:908

I can't connect with the passive [192.168.100.113/5000] error_code:10061 !

<<<----  [OUT]
2020/09/11 22:57:03:393

Connecting Started...

<<<----  [OUT]
2020/09/11 22:57:05:430

I can't connect with the passive [192.168.100.113/5000] error_code:10061 !

<<<----  [OUT]
2020/09/11 22:57:07:908

Connecting Started...

<<<----  [OUT]
2020/09/11 22:57:09:939

I can't connect with the passive [192.168.100.113/5000] error_code:10061 !

<<<----  [OUT]
2020/09/11 22:57:12:423

Connecting Started...

<<<----  [OUT]
2020/09/11 22:57:14:467

I can't connect with the passive [192.168.100.113/5000] error_code:10061 !

<<<----  [OUT]
2020/09/11 22:57:16:954

Connecting Started...

<<<----  [OUT]
2020/09/11 22:57:18:977

I can't connect with the passive [192.168.100.113/5000] error_code:10061 !

<<<----  [OUT]
2020/09/11 22:57:21:454

Connecting Started...

<<<----  [OUT]
2020/09/11 22:57:23:488

I can't connect with the passive [192.168.100.113/5000] error_code:10061 !

<<<----  [OUT]
2020/09/11 22:57:25:970

Connecting Started...

<<<----  [OUT]
2020/09/11 22:57:28:023

I can't connect with the passive [192.168.100.113/5000] error_code:10061 !

<<<----  [OUT]
2020/09/11 22:57:30:502

Connecting Started...

<<<----  [OUT]
2020/09/11 22:57:32:541

I can't connect with the passive [192.168.100.113/5000] error_code:10061 !

<<<----  [OUT]
2020/09/11 22:57:35:017

Connecting Started...

<<<----  [OUT]
2020/09/11 22:57:37:066

I can't connect with the passive [192.168.100.113/5000] error_code:10061 !

<<<----  [OUT]
2020/09/11 22:57:39:548

Connecting Started...

<<<----  [OUT]
2020/09/11 22:57:41:590

I can't connect with the passive [192.168.100.113/5000] error_code:10061 !

<<<----  [OUT]
2020/09/11 22:57:44:079

Connecting Started...

<<<----  [OUT]
2020/09/11 22:57:46:119

I can't connect with the passive [192.168.100.113/5000] error_code:10061 !

<<<----  [OUT]
2020/09/11 22:57:48:596

Connecting Started...

<<<----  [OUT]
2020/09/11 22:57:50:654

I can't connect with the passive [192.168.100.113/5000] error_code:10061 !

<<<----  [OUT]
2020/09/11 22:57:53:142

Connecting Started...

<<<----  [OUT]
2020/09/11 22:57:55:186

I can't connect with the passive [192.168.100.113/5000] error_code:10061 !

<<<----  [OUT]
2020/09/11 22:57:57:674

Connecting Started...

<<<----  [OUT]
2020/09/11 22:57:59:704

I can't connect with the passive [192.168.100.113/5000] error_code:10061 !

<<<----  [OUT]
2020/09/11 22:58:02:189

Connecting Started...

<<<----  [OUT]
2020/09/11 22:58:04:215

I can't connect with the passive [192.168.100.113/5000] error_code:10061 !

<<<----  [OUT]
2020/09/11 22:58:06:705

Connecting Started...

<<<----  [OUT]
2020/09/11 22:58:08:744

I can't connect with the passive [192.168.100.113/5000] error_code:10061 !

<<<----  [OUT]
2020/09/11 22:58:11:236

Connecting Started...

<<<----  [OUT]
2020/09/11 22:58:13:288

I can't connect with the passive [192.168.100.113/5000] error_code:10061 !

<<<----  [OUT]
2020/09/11 22:58:15:767

Connecting Started...

<<<----  [OUT]
2020/09/11 22:58:17:793

I can't connect with the passive [192.168.100.113/5000] error_code:10061 !

<<<----  [OUT]
2020/09/11 22:58:20:283

Connecting Started...

<<<----  [OUT]
2020/09/11 22:58:22:328

I can't connect with the passive [192.168.100.113/5000] error_code:10061 !

<<<----  [OUT]
2020/09/11 22:58:24:813

Connecting Started...

<<<----  [OUT]
2020/09/11 22:58:26:847

I can't connect with the passive [192.168.100.113/5000] error_code:10061 !

<<<----  [OUT]
2020/09/11 22:58:29:330

Connecting Started...

<<<----  [OUT]
2020/09/11 22:58:31:386

I can't connect with the passive [192.168.100.113/5000] error_code:10061 !

<<<----  [OUT]
2020/09/11 22:58:33:877

Connecting Started...

<<<----  [OUT]
2020/09/11 22:58:35:929

I can't connect with the passive [192.168.100.113/5000] error_code:10061 !

<<<----  [OUT]
2020/09/11 22:58:38:408

Connecting Started...

<<<----  [OUT]
2020/09/11 22:58:40:453

I can't connect with the passive [192.168.100.113/5000] error_code:10061 !

<<<----  [OUT]
2020/09/11 22:58:42:939

Connecting Started...

<<<----  [OUT]
2020/09/11 22:58:44:975

I can't connect with the passive [192.168.100.113/5000] error_code:10061 !

<<<----  [OUT]
2020/09/11 22:58:47:455

Connecting Started...

<<<----  [OUT]
2020/09/11 22:58:49:513

I can't connect with the passive [192.168.100.113/5000] error_code:10061 !

<<<----  [OUT]
2020/09/11 22:58:52:001

Connecting Started...

<<<----  [OUT]
2020/09/11 22:58:54:024

I can't connect with the passive [192.168.100.113/5000] error_code:10061 !

<<<----  [OUT]
2020/09/11 22:58:56:500

Connecting Started...

<<<----  [OUT]
2020/09/11 22:58:58:557

I can't connect with the passive [192.168.100.113/5000] error_code:10061 !

<<<----  [OUT]
2020/09/11 22:59:01:048

Connecting Started...

<<<----  [OUT]
2020/09/11 22:59:03:120

I can't connect with the passive [192.168.100.113/5000] error_code:10061 !

<<<----  [OUT]
2020/09/11 22:59:05:611

Connecting Started...

<<<----  [OUT]
2020/09/11 22:59:07:689

I can't connect with the passive [192.168.100.113/5000] error_code:10061 !

<<<----  [OUT]
2020/09/11 22:59:10:174

Connecting Started...

<<<----  [OUT]
2020/09/11 22:59:12:246

I can't connect with the passive [192.168.100.113/5000] error_code:10061 !

<<<----  [OUT]
2020/09/11 22:59:14:735

Connecting Started...

<<<----  [OUT]
2020/09/11 22:59:16:799

I can't connect with the passive [192.168.100.113/5000] error_code:10061 !

<<<----  [OUT]
2020/09/11 22:59:19:283

Connecting Started...

<<<----  [OUT]
2020/09/11 22:59:21:356

I can't connect with the passive [192.168.100.113/5000] error_code:10061 !

<<<----  [OUT]
2020/09/11 22:59:23:844

Connecting Started...

<<<----  [OUT]
2020/09/11 22:59:25:918

I can't connect with the passive [192.168.100.113/5000] error_code:10061 !

<<<----  [OUT]
2020/09/11 22:59:28:408

Connecting Started...

<<<----  [OUT]
2020/09/11 22:59:30:473

I can't connect with the passive [192.168.100.113/5000] error_code:10061 !

<<<----  [OUT]
2020/09/11 22:59:32:955

Connecting Started...

<<<----  [OUT]
2020/09/11 22:59:35:006

I can't connect with the passive [192.168.100.113/5000] error_code:10061 !

<<<----  [OUT]
2020/09/11 22:59:37:486

Connecting Started...

<<<----  [OUT]
2020/09/11 22:59:39:552

I can't connect with the passive [192.168.100.113/5000] error_code:10061 !

<<<----  [OUT]
2020/09/11 22:59:42:034

Connecting Started...

<<<----  [OUT]
2020/09/11 22:59:44:090

I can't connect with the passive [192.168.100.113/5000] error_code:10061 !

<<<----  [OUT]
2020/09/11 22:59:46:579

Connecting Started...

<<<----  [OUT]
2020/09/11 22:59:48:639

I can't connect with the passive [192.168.100.113/5000] error_code:10061 !

<<<----  [OUT]
2020/09/11 22:59:51:126

Connecting Started...

<<<----  [OUT]
2020/09/11 22:59:53:182

I can't connect with the passive [192.168.100.113/5000] error_code:10061 !

<<<----  [OUT]
2020/09/11 22:59:55:673

Connecting Started...

<<<----  [OUT]
2020/09/11 22:59:57:721

I can't connect with the passive [192.168.100.113/5000] error_code:10061 !
