
<<<----  [OUT]
2020/10/05 11:59:38:028

---------------------------------------------------------------------
// FA : Start Log ...


<<<----  [OUT]
2020/10/05 11:59:38:031

//-------------------------------------------------------------
Property Information

   Driver Type [HSMS]
   Driver Mode [ACTIVE]
   IP    [192.168.100.113]
   Port  [5000]
//-------------------------------------------------------------


<<<----  [OUT]
2020/10/05 11:59:38:632

Auto-Start Started ... (Active)

<<<----  [OUT]
2020/10/05 11:59:38:723

Auto-Start Started ...  Waiting Stop-Connection.

<<<----  [OUT]
2020/10/05 11:59:38:723

Auto-Start Started ...  Waiting Open-Socket.

<<<----  [OUT]
2020/10/05 11:59:38:754

Socket Open Started...

<<<----  [OUT]
2020/10/05 11:59:38:754

Socket Open Completed...

<<<----  [OUT]
2020/10/05 11:59:38:754

Connecting Started...

<<<----  [OUT]
2020/10/05 11:59:38:814

Auto-Start Completed ...  (Active)

<<<----  [OUT]
2020/10/05 11:59:40:777

I can't connect with the passive [192.168.100.113/5000] error_code:10061 !

<<<----  [OUT]
2020/10/05 11:59:43:261

Connecting Started...

<<<----  [OUT]
2020/10/05 11:59:45:303

I can't connect with the passive [192.168.100.113/5000] error_code:10061 !
