//==================================================================================== 
// Command Info ... 
/* 
#EQP3__ALARM_OFFSET   ??? 
#EQP3__ALARM_RANGE   ??? 

#INCLUDE   ??? 

#DEFINE   ?[Name)  ?[Data) 

#OBJECT   ?[Name)  ?[OffsetID)  ?[ToolID)  ?[UnitID)  
... 

#OBJECT_START   ?[Name) 
#ALID   ??? 
#LEVEL     // HEAVY(Default)  LIGHT  WARNING  
#HOST_REPORT_DISABLE
#HOST_REPORT_ENABLE     // Default 
#TITLE   " ... " 
#MESSAGE   " ... " 
#OPTION1   " ... " 
#OPTION2   " ... " 
#OPTION3   " ... " 
#ACTION
{ 
   " ... " 
} 
#OBJECT_END
*/ 

//==================================================================================== 
// Define List ... 



//==================================================================================== 
// Object Define Info ... 

"__EQP" Object not defined ! 


//==================================================================================== 
// Alarm Info ... 
//------------------------------------------------------------
OBJECT_NAME : DB_ETCHER   (OffsetID:100) (ToolID:) (UnitID:) 


//------------------------------------------------------------
OBJECT_NAME : DB_GUI   (OffsetID:200) (ToolID:) (UnitID:) 


//------------------------------------------------------------
OBJECT_NAME : DB_INF   (OffsetID:300) (ToolID:) (UnitID:) 


//------------------------------------------------------------
OBJECT_NAME : DB_SYS   (OffsetID:400) (ToolID:) (UnitID:) 

#INTERNAL_ID   1 
#EXTERNAL_ID   401 
#LEVEL   LIGHT 
#HOST_REPORT   YES
#TITLE 
"DB_SYS - Simulation mode is active !"
#MESSAGE 
""
#RECOVERY_ACTION 
     CHECK   ""
#OPTION1    
#OPTION2    
#OPTION3    

#INTERNAL_ID   2 
#EXTERNAL_ID   402 
#LEVEL   LIGHT 
#HOST_REPORT   YES
#TITLE 
"DB_SYS - Setpoint Interlock Disable !"
#MESSAGE 
"Config Page에서 Setpoint Interlock를 Disable 설정했습니다.
정상적인 설비 운영시에는 반드시 Enable로 전환 바랍니다.
"
#RECOVERY_ACTION 
     CHECK   ""
#OPTION1    
#OPTION2    
#OPTION3    

#INTERNAL_ID   3 
#EXTERNAL_ID   403 
#LEVEL   LIGHT 
#HOST_REPORT   YES
#TITLE 
"DB_SYS - Setpoint & Monitoring Interlock Disable !"
#MESSAGE 
"Config Page에서 Setpoint & Monitoring Interlock를 Disable 설정했습니다.
정상적인 설비 운영시에는 반드시 Enable로 전환 바랍니다.
"
#RECOVERY_ACTION 
     CHECK   ""
#OPTION1    
#OPTION2    
#OPTION3    


//------------------------------------------------------------
OBJECT_NAME : FNC_CHM   (OffsetID:500) (ToolID:) (UnitID:) 


//------------------------------------------------------------
OBJECT_NAME : FNC_GAS_VLV_CTRL   (OffsetID:600) (ToolID:) (UnitID:) 


//------------------------------------------------------------
OBJECT_NAME : FNC_PM_DATALOG   (OffsetID:700) (ToolID:) (UnitID:) 


//------------------------------------------------------------
OBJECT_NAME : FNC_PROC   (OffsetID:800) (ToolID:) (UnitID:) 


//------------------------------------------------------------
OBJECT_NAME : FNC_STEP   (OffsetID:900) (ToolID:) (UnitID:) 


//------------------------------------------------------------
OBJECT_NAME : FNC_SYSTEM   (OffsetID:1000) (ToolID:) (UnitID:) 


//------------------------------------------------------------
OBJECT_NAME : FNC_VAC_VLV_CTRL   (OffsetID:1100) (ToolID:) (UnitID:) 


//------------------------------------------------------------
OBJECT_NAME : INF_ACTIVE_HANDOFF   (OffsetID:1200) (ToolID:) (UnitID:) 


//------------------------------------------------------------
OBJECT_NAME : INF_PMC   (OffsetID:1300) (ToolID:) (UnitID:) 


//------------------------------------------------------------
OBJECT_NAME : MNG_AUTO_PM   (OffsetID:1400) (ToolID:) (UnitID:) 


//------------------------------------------------------------
OBJECT_NAME : Mng_FRC1_CHECK   (OffsetID:1500) (ToolID:) (UnitID:) 


//------------------------------------------------------------
OBJECT_NAME : Mng_GAUGE_CHECK   (OffsetID:1600) (ToolID:) (UnitID:) 


//------------------------------------------------------------
OBJECT_NAME : MNG_INTERLOCK_SNS   (OffsetID:1700) (ToolID:) (UnitID:) 


//------------------------------------------------------------
OBJECT_NAME : MNG_MFC_FLOW   (OffsetID:1800) (ToolID:) (UnitID:) 


//------------------------------------------------------------
OBJECT_NAME : MNG_RF_CHECK   (OffsetID:1900) (ToolID:) (UnitID:) 


//------------------------------------------------------------
OBJECT_NAME : MNG_VAT_CONDUCTANCE   (OffsetID:2000) (ToolID:) (UnitID:) 


//------------------------------------------------------------
OBJECT_NAME : MNT_PROCESS   (OffsetID:2100) (ToolID:) (UnitID:) 


//------------------------------------------------------------
OBJECT_NAME : OPR_PMC   (OffsetID:2200) (ToolID:) (UnitID:) 


//------------------------------------------------------------
OBJECT_NAME : PAGE_CHM   (OffsetID:2300) (ToolID:) (UnitID:) 


//------------------------------------------------------------
OBJECT_NAME : PAGE_SYSTEM_INIT   (OffsetID:2400) (ToolID:) (UnitID:) 


//------------------------------------------------------------
OBJECT_NAME : PAGE_SYSTEM_MAINT   (OffsetID:2500) (ToolID:) (UnitID:) 


//------------------------------------------------------------
OBJECT_NAME : PHY_BIAS   (OffsetID:2600) (ToolID:) (UnitID:) 


//------------------------------------------------------------
OBJECT_NAME : PHY_CHM_IO   (OffsetID:2700) (ToolID:) (UnitID:) 


//------------------------------------------------------------
OBJECT_NAME : PHY_DPC1   (OffsetID:2800) (ToolID:) (UnitID:) 


//------------------------------------------------------------
OBJECT_NAME : PHY_DPC2   (OffsetID:2900) (ToolID:) (UnitID:) 


//------------------------------------------------------------
OBJECT_NAME : PHY_DRY   (OffsetID:3000) (ToolID:) (UnitID:) 


//------------------------------------------------------------
OBJECT_NAME : PHY_EPD   (OffsetID:3100) (ToolID:) (UnitID:) 


//------------------------------------------------------------
OBJECT_NAME : PHY_ESC   (OffsetID:3200) (ToolID:) (UnitID:) 


//------------------------------------------------------------
OBJECT_NAME : PHY_FRC1   (OffsetID:3300) (ToolID:) (UnitID:) 


//------------------------------------------------------------
OBJECT_NAME : PHY_GAS_VLV   (OffsetID:3400) (ToolID:) (UnitID:) 


//------------------------------------------------------------
OBJECT_NAME : PHY_IO__ESC_TEMP   (OffsetID:3500) (ToolID:) (UnitID:) 


//------------------------------------------------------------
OBJECT_NAME : PHY_IO_DRY   (OffsetID:3600) (ToolID:) (UnitID:) 


//------------------------------------------------------------
OBJECT_NAME : PHY_MFC1   (OffsetID:3700) (ToolID:) (UnitID:) 


//------------------------------------------------------------
OBJECT_NAME : PHY_MFC2   (OffsetID:3800) (ToolID:) (UnitID:) 


//------------------------------------------------------------
OBJECT_NAME : PHY_MFC3   (OffsetID:3900) (ToolID:) (UnitID:) 


//------------------------------------------------------------
OBJECT_NAME : PHY_MFC4   (OffsetID:4000) (ToolID:) (UnitID:) 


//------------------------------------------------------------
OBJECT_NAME : PHY_MFC5   (OffsetID:4500) (ToolID:) (UnitID:) 


//------------------------------------------------------------
OBJECT_NAME : PHY_MFC6   (OffsetID:4600) (ToolID:) (UnitID:) 


//------------------------------------------------------------
OBJECT_NAME : PHY_MFC7   (OffsetID:4700) (ToolID:) (UnitID:) 


//------------------------------------------------------------
OBJECT_NAME : PHY_PLASMA   (OffsetID:4800) (ToolID:) (UnitID:) 


//------------------------------------------------------------
OBJECT_NAME : PHY_SHUTTER   (OffsetID:4900) (ToolID:) (UnitID:) 


//------------------------------------------------------------
OBJECT_NAME : PHY_VAC_VLV   (OffsetID:5000) (ToolID:) (UnitID:) 


//------------------------------------------------------------
OBJECT_NAME : PHY_VAT   (OffsetID:5100) (ToolID:) (UnitID:) 


//------------------------------------------------------------
OBJECT_NAME : IO   (OffsetID:5200) (ToolID:) (UnitID:) 


//------------------------------------------------------------
OBJECT_NAME : IO_EPD   (OffsetID:5300) (ToolID:) (UnitID:) 


//------------------------------------------------------------
OBJECT_NAME : PHY_LIFT_PIN   (OffsetID:5400) (ToolID:) (UnitID:) 


//------------------------------------------------------------
OBJECT_NAME : Phy_RS232__BIAS_RF   (OffsetID:5500) (ToolID:) (UnitID:) 


//------------------------------------------------------------
OBJECT_NAME : Phy_RS232__ESC   (OffsetID:5600) (ToolID:) (UnitID:) 


//------------------------------------------------------------
OBJECT_NAME : Phy_RS232__MAT_BIAS   (OffsetID:5700) (ToolID:) (UnitID:) 


//------------------------------------------------------------
OBJECT_NAME : Phy_RS232__MAT_TOP   (OffsetID:5800) (ToolID:) (UnitID:) 


//------------------------------------------------------------
OBJECT_NAME : Phy_RS232__PLASMA_RF   (OffsetID:5900) (ToolID:) (UnitID:) 


//------------------------------------------------------------
OBJECT_NAME : INTERLOCK_MFC   (OffsetID:6000) (ToolID:) (UnitID:) 


//------------------------------------------------------------
OBJECT_NAME : __SYS   (OffsetID:0) (ToolID:) (UnitID:) 

#INTERNAL_ID   0 
#EXTERNAL_ID   0 
#LEVEL   LIGHT 
#HOST_REPORT   YES
#TITLE 
"__SYS - SYSTEM ERROR"
#MESSAGE 
""
#RECOVERY_ACTION 
     CHECK   ""
#OPTION1    
#OPTION2    
#OPTION3    

#INTERNAL_ID   11 
#EXTERNAL_ID   11 
#LEVEL   LIGHT 
#HOST_REPORT   YES
#TITLE 
"__SYS - System Error 11 - Dll Title"
#MESSAGE 
"System Error 11 - Dll Message"
#RECOVERY_ACTION 
     CHECK   ""
#OPTION1    
#OPTION2    
#OPTION3    

#INTERNAL_ID   13 
#EXTERNAL_ID   13 
#LEVEL   LIGHT 
#HOST_REPORT   YES
#TITLE 
"__SYS - Alarm Clear Test !"
#MESSAGE 
""
#RECOVERY_ACTION 
     CHECK   ""
#OPTION1    
#OPTION2    
#OPTION3    

#INTERNAL_ID   12 
#EXTERNAL_ID   12 
#LEVEL   LIGHT 
#HOST_REPORT   YES
#TITLE 
"__SYS - SYSTEM WARNING 12"
#MESSAGE 
""
#RECOVERY_ACTION 
     CHECK   ""
#OPTION1    
#OPTION2    
#OPTION3    

#INTERNAL_ID   21 
#EXTERNAL_ID   21 
#LEVEL   LIGHT 
#HOST_REPORT   YES
#TITLE 
"__SYS - System Error : Async Timer Max Error"
#MESSAGE 
""
#RECOVERY_ACTION 
     CHECK   ""
#OPTION1    
#OPTION2    
#OPTION3    

#INTERNAL_ID   31 
#EXTERNAL_ID   31 
#LEVEL   LIGHT 
#HOST_REPORT   YES
#TITLE 
"__SYS -  AlarmID(1)"
#MESSAGE 
"AlarmID(1)'s message ..."
#RECOVERY_ACTION 
     ABORT   ""
     RETRY   ""
     ACT.1   ""
#OPTION1    
#OPTION2    
#OPTION3    

#INTERNAL_ID   32 
#EXTERNAL_ID   32 
#LEVEL   LIGHT 
#HOST_REPORT   YES
#TITLE 
"__SYS -  AlarmID(2)"
#MESSAGE 
"AlarmID(2)'s message ..."
#RECOVERY_ACTION 
     ABORT   ""
     RETRY   ""
     ACT.2   ""
#OPTION1    
#OPTION2    
#OPTION3    

#INTERNAL_ID   33 
#EXTERNAL_ID   33 
#LEVEL   LIGHT 
#HOST_REPORT   YES
#TITLE 
"__SYS -  AlarmID(3)"
#MESSAGE 
"AlarmID(3)'s message ..."
#RECOVERY_ACTION 
     ABORT   ""
     RETRY   ""
     ACT.3   ""
#OPTION1    
#OPTION2    
#OPTION3    

#INTERNAL_ID   34 
#EXTERNAL_ID   34 
#LEVEL   LIGHT 
#HOST_REPORT   YES
#TITLE 
"__SYS -  AlarmID(4)"
#MESSAGE 
"AlarmID(4)'s message ..."
#RECOVERY_ACTION 
     ABORT   ""
     RETRY   ""
     ACT.4   ""
#OPTION1    
#OPTION2    
#OPTION3    

#INTERNAL_ID   35 
#EXTERNAL_ID   35 
#LEVEL   LIGHT 
#HOST_REPORT   YES
#TITLE 
"__SYS -  AlarmID(5)"
#MESSAGE 
"AlarmID(5)'s message ..."
#RECOVERY_ACTION 
     ABORT   ""
     RETRY   ""
     ACT.5   ""
#OPTION1    
#OPTION2    
#OPTION3    


//------------------------------------------------------------
OBJECT_NAME : PHY_HTR_CHUCK   (OffsetID:0) (ToolID:) (UnitID:) 

#INTERNAL_ID   1 
#EXTERNAL_ID   1 
#LEVEL   LIGHT 
#HOST_REPORT   YES
#TITLE 
"PHY_HTR_CHUCK : Loop1 Warning !"
#MESSAGE 
"Please, check the state of loop ! 
"
#RECOVERY_ACTION 
     CLEAR   ""
#OPTION1    
#OPTION2    
#OPTION3    

#INTERNAL_ID   11 
#EXTERNAL_ID   11 
#LEVEL   LIGHT 
#HOST_REPORT   YES
#TITLE 
"PHY_HTR_CHUCK : Loop1 Fault !"
#MESSAGE 
"Please, check the state of loop ! 
"
#RECOVERY_ACTION 
     CLEAR   ""
#OPTION1    
#OPTION2    
#OPTION3    

#INTERNAL_ID   2 
#EXTERNAL_ID   2 
#LEVEL   LIGHT 
#HOST_REPORT   YES
#TITLE 
"PHY_HTR_CHUCK : Loop2 Warning !"
#MESSAGE 
"Please, check the state of loop ! 
"
#RECOVERY_ACTION 
     CLEAR   ""
#OPTION1    
#OPTION2    
#OPTION3    

#INTERNAL_ID   12 
#EXTERNAL_ID   12 
#LEVEL   LIGHT 
#HOST_REPORT   YES
#TITLE 
"PHY_HTR_CHUCK : Loop2 Fault !"
#MESSAGE 
"Please, check the state of loop ! 
"
#RECOVERY_ACTION 
     CLEAR   ""
#OPTION1    
#OPTION2    
#OPTION3    

#INTERNAL_ID   3 
#EXTERNAL_ID   3 
#LEVEL   LIGHT 
#HOST_REPORT   YES
#TITLE 
"PHY_HTR_CHUCK : Loop3 Warning !"
#MESSAGE 
"Please, check the state of loop ! 
"
#RECOVERY_ACTION 
     CLEAR   ""
#OPTION1    
#OPTION2    
#OPTION3    

#INTERNAL_ID   13 
#EXTERNAL_ID   13 
#LEVEL   LIGHT 
#HOST_REPORT   YES
#TITLE 
"PHY_HTR_CHUCK : Loop3 Fault !"
#MESSAGE 
"Please, check the state of loop ! 
"
#RECOVERY_ACTION 
     CLEAR   ""
#OPTION1    
#OPTION2    
#OPTION3    

#INTERNAL_ID   4 
#EXTERNAL_ID   4 
#LEVEL   LIGHT 
#HOST_REPORT   YES
#TITLE 
"PHY_HTR_CHUCK : Loop4 Warning !"
#MESSAGE 
"Please, check the state of loop ! 
"
#RECOVERY_ACTION 
     CLEAR   ""
#OPTION1    
#OPTION2    
#OPTION3    

#INTERNAL_ID   14 
#EXTERNAL_ID   14 
#LEVEL   LIGHT 
#HOST_REPORT   YES
#TITLE 
"PHY_HTR_CHUCK : Loop4 Fault !"
#MESSAGE 
"Please, check the state of loop ! 
"
#RECOVERY_ACTION 
     CLEAR   ""
#OPTION1    
#OPTION2    
#OPTION3    

#INTERNAL_ID   5 
#EXTERNAL_ID   5 
#LEVEL   LIGHT 
#HOST_REPORT   YES
#TITLE 
"PHY_HTR_CHUCK : Loop5 Warning !"
#MESSAGE 
"Please, check the state of loop ! 
"
#RECOVERY_ACTION 
     CLEAR   ""
#OPTION1    
#OPTION2    
#OPTION3    

#INTERNAL_ID   15 
#EXTERNAL_ID   15 
#LEVEL   LIGHT 
#HOST_REPORT   YES
#TITLE 
"PHY_HTR_CHUCK : Loop5 Fault !"
#MESSAGE 
"Please, check the state of loop ! 
"
#RECOVERY_ACTION 
     CLEAR   ""
#OPTION1    
#OPTION2    
#OPTION3    

#INTERNAL_ID   6 
#EXTERNAL_ID   6 
#LEVEL   LIGHT 
#HOST_REPORT   YES
#TITLE 
"PHY_HTR_CHUCK : Loop6 Warning !"
#MESSAGE 
"Please, check the state of loop ! 
"
#RECOVERY_ACTION 
     CLEAR   ""
#OPTION1    
#OPTION2    
#OPTION3    

#INTERNAL_ID   16 
#EXTERNAL_ID   16 
#LEVEL   LIGHT 
#HOST_REPORT   YES
#TITLE 
"PHY_HTR_CHUCK : Loop6 Fault !"
#MESSAGE 
"Please, check the state of loop ! 
"
#RECOVERY_ACTION 
     CLEAR   ""
#OPTION1    
#OPTION2    
#OPTION3    

#INTERNAL_ID   7 
#EXTERNAL_ID   7 
#LEVEL   LIGHT 
#HOST_REPORT   YES
#TITLE 
"PHY_HTR_CHUCK : Loop7 Warning !"
#MESSAGE 
"Please, check the state of loop ! 
"
#RECOVERY_ACTION 
     CLEAR   ""
#OPTION1    
#OPTION2    
#OPTION3    

#INTERNAL_ID   17 
#EXTERNAL_ID   17 
#LEVEL   LIGHT 
#HOST_REPORT   YES
#TITLE 
"PHY_HTR_CHUCK : Loop7 Fault !"
#MESSAGE 
"Please, check the state of loop ! 
"
#RECOVERY_ACTION 
     CLEAR   ""
#OPTION1    
#OPTION2    
#OPTION3    

#INTERNAL_ID   8 
#EXTERNAL_ID   8 
#LEVEL   LIGHT 
#HOST_REPORT   YES
#TITLE 
"PHY_HTR_CHUCK : Loop8 Warning !"
#MESSAGE 
"Please, check the state of loop ! 
"
#RECOVERY_ACTION 
     CLEAR   ""
#OPTION1    
#OPTION2    
#OPTION3    

#INTERNAL_ID   18 
#EXTERNAL_ID   18 
#LEVEL   LIGHT 
#HOST_REPORT   YES
#TITLE 
"PHY_HTR_CHUCK : Loop8 Fault !"
#MESSAGE 
"Please, check the state of loop ! 
"
#RECOVERY_ACTION 
     CLEAR   ""
#OPTION1    
#OPTION2    
#OPTION3    

#INTERNAL_ID   21 
#EXTERNAL_ID   21 
#LEVEL   LIGHT 
#HOST_REPORT   YES
#TITLE 
"PHY_HTR_CHUCK : Max. Diff Temperature Error !"
#MESSAGE 
"온도차를 확인 바랍니다. 
"
#RECOVERY_ACTION 
     CLEAR   ""
#OPTION1    
#OPTION2    
#OPTION3    

#INTERNAL_ID   22 
#EXTERNAL_ID   22 
#LEVEL   LIGHT 
#HOST_REPORT   YES
#TITLE 
"PHY_HTR_CHUCK : Temperature High Limit !"
#MESSAGE 
"온도를 확인 바랍니다. 
"
#RECOVERY_ACTION 
     CLEAR   ""
#OPTION1    
#OPTION2    
#OPTION3    

#INTERNAL_ID   23 
#EXTERNAL_ID   23 
#LEVEL   LIGHT 
#HOST_REPORT   YES
#TITLE 
"PHY_HTR_CHUCK : Output-Power High Limit !"
#MESSAGE 
"Working Power를 확인 바랍니다. 
"
#RECOVERY_ACTION 
     CLEAR   ""
#OPTION1    
#OPTION2    
#OPTION3    

#INTERNAL_ID   24 
#EXTERNAL_ID   24 
#LEVEL   LIGHT 
#HOST_REPORT   YES
#TITLE 
"PHY_HTR_CHUCK : Initial-Heating Timeout Occurred !"
#MESSAGE 
"온도를 확인 바랍니다. 
"
#RECOVERY_ACTION 
     CLEAR   ""
#OPTION1    
#OPTION2    
#OPTION3    

#INTERNAL_ID   25 
#EXTERNAL_ID   25 
#LEVEL   LIGHT 
#HOST_REPORT   YES
#TITLE 
"PHY_HTR_CHUCK : Heating Timeout Occurred !"
#MESSAGE 
"온도를 확인 바랍니다. 
"
#RECOVERY_ACTION 
     CLEAR   ""
#OPTION1    
#OPTION2    
#OPTION3    

#INTERNAL_ID   26 
#EXTERNAL_ID   26 
#LEVEL   LIGHT 
#HOST_REPORT   YES
#TITLE 
"PHY_HTR_CHUCK : Max. Deviation Occurred !"
#MESSAGE 
"온도를 확인 바랍니다. 
"
#RECOVERY_ACTION 
     CLEAR   ""
#OPTION1    
#OPTION2    
#OPTION3    

#INTERNAL_ID   31 
#EXTERNAL_ID   31 
#LEVEL   LIGHT 
#HOST_REPORT   YES
#TITLE 
"PHY_HTR_CHUCK : H/W Alarm Occurred (Bit : 00) !"
#MESSAGE 
"H/W Alarm(Bit : 00)이 발생 했습니다. 
"
#RECOVERY_ACTION 
     CLEAR   ""
#OPTION1    
#OPTION2    
#OPTION3    

#INTERNAL_ID   32 
#EXTERNAL_ID   32 
#LEVEL   LIGHT 
#HOST_REPORT   YES
#TITLE 
"PHY_HTR_CHUCK : H/W Alarm Occurred (Bit : 01) !"
#MESSAGE 
"H/W Alarm(Bit : 01)이 발생 했습니다. 
"
#RECOVERY_ACTION 
     CLEAR   ""
#OPTION1    
#OPTION2    
#OPTION3    

#INTERNAL_ID   33 
#EXTERNAL_ID   33 
#LEVEL   LIGHT 
#HOST_REPORT   YES
#TITLE 
"PHY_HTR_CHUCK : H/W Alarm Occurred (Bit : 02) !"
#MESSAGE 
"H/W Alarm(Bit : 02)이 발생 했습니다. 
"
#RECOVERY_ACTION 
     CLEAR   ""
#OPTION1    
#OPTION2    
#OPTION3    

#INTERNAL_ID   34 
#EXTERNAL_ID   34 
#LEVEL   LIGHT 
#HOST_REPORT   YES
#TITLE 
"PHY_HTR_CHUCK : H/W Alarm Occurred (Bit : 03) !"
#MESSAGE 
"H/W Alarm(Bit : 03)이 발생 했습니다. 
"
#RECOVERY_ACTION 
     CLEAR   ""
#OPTION1    
#OPTION2    
#OPTION3    

#INTERNAL_ID   35 
#EXTERNAL_ID   35 
#LEVEL   LIGHT 
#HOST_REPORT   YES
#TITLE 
"PHY_HTR_CHUCK : H/W Alarm Occurred (Bit : 04) !"
#MESSAGE 
"H/W Alarm(Bit : 04)이 발생 했습니다. 
"
#RECOVERY_ACTION 
     CLEAR   ""
#OPTION1    
#OPTION2    
#OPTION3    

#INTERNAL_ID   36 
#EXTERNAL_ID   36 
#LEVEL   LIGHT 
#HOST_REPORT   YES
#TITLE 
"PHY_HTR_CHUCK : H/W Alarm Occurred (Bit : 05) !"
#MESSAGE 
"H/W Alarm(Bit : 05)이 발생 했습니다. 
"
#RECOVERY_ACTION 
     CLEAR   ""
#OPTION1    
#OPTION2    
#OPTION3    

#INTERNAL_ID   37 
#EXTERNAL_ID   37 
#LEVEL   LIGHT 
#HOST_REPORT   YES
#TITLE 
"PHY_HTR_CHUCK : H/W Alarm Occurred (Bit : 06) !"
#MESSAGE 
"H/W Alarm(Bit : 06)이 발생 했습니다. 
"
#RECOVERY_ACTION 
     CLEAR   ""
#OPTION1    
#OPTION2    
#OPTION3    


