
<<<----  [OUT]
2020/09/09 18:00:02:048

I can't connect with the passive [192.168.100.113/5000] error_code:10061 !

<<<----  [OUT]
2020/09/09 18:00:04:529

Connecting Started...

<<<----  [OUT]
2020/09/09 18:00:06:582

I can't connect with the passive [192.168.100.113/5000] error_code:10061 !

<<<----  [OUT]
2020/09/09 18:00:09:060

Connecting Started...

<<<----  [OUT]
2020/09/09 18:00:11:117

I can't connect with the passive [192.168.100.113/5000] error_code:10061 !

<<<----  [OUT]
2020/09/09 18:00:13:606

Connecting Started...

<<<----  [OUT]
2020/09/09 18:00:15:673

I can't connect with the passive [192.168.100.113/5000] error_code:10061 !

<<<----  [OUT]
2020/09/09 18:00:18:152

Connecting Started...

<<<----  [OUT]
2020/09/09 18:00:20:215

I can't connect with the passive [192.168.100.113/5000] error_code:10061 !

<<<----  [OUT]
2020/09/09 18:00:22:699

Connecting Started...

<<<----  [OUT]
2020/09/09 18:00:24:761

I can't connect with the passive [192.168.100.113/5000] error_code:10061 !

<<<----  [OUT]
2020/09/09 18:00:27:247

Connecting Started...

<<<----  [OUT]
2020/09/09 18:00:29:305

I can't connect with the passive [192.168.100.113/5000] error_code:10061 !

<<<----  [OUT]
2020/09/09 18:00:31:793

Connecting Started...

<<<----  [OUT]
2020/09/09 18:00:33:856

I can't connect with the passive [192.168.100.113/5000] error_code:10061 !

<<<----  [OUT]
2020/09/09 18:00:36:341

Connecting Started...

<<<----  [OUT]
2020/09/09 18:00:38:400

I can't connect with the passive [192.168.100.113/5000] error_code:10061 !

<<<----  [OUT]
2020/09/09 18:00:40:887

Connecting Started...

<<<----  [OUT]
2020/09/09 18:00:42:946

I can't connect with the passive [192.168.100.113/5000] error_code:10061 !

<<<----  [OUT]
2020/09/09 18:00:45:434

Connecting Started...

<<<----  [OUT]
2020/09/09 18:00:47:481

I can't connect with the passive [192.168.100.113/5000] error_code:10061 !

<<<----  [OUT]
2020/09/09 18:00:49:965

Connecting Started...

<<<----  [OUT]
2020/09/09 18:00:52:019

I can't connect with the passive [192.168.100.113/5000] error_code:10061 !

<<<----  [OUT]
2020/09/09 18:00:54:497

Connecting Started...

<<<----  [OUT]
2020/09/09 18:00:56:555

I can't connect with the passive [192.168.100.113/5000] error_code:10061 !

<<<----  [OUT]
2020/09/09 18:00:59:043

Connecting Started...

<<<----  [OUT]
2020/09/09 18:01:01:091

I can't connect with the passive [192.168.100.113/5000] error_code:10061 !

<<<----  [OUT]
2020/09/09 18:01:03:576

Connecting Started...

<<<----  [OUT]
2020/09/09 18:01:05:627

I can't connect with the passive [192.168.100.113/5000] error_code:10061 !

<<<----  [OUT]
2020/09/09 18:01:08:106

Connecting Started...

<<<----  [OUT]
2020/09/09 18:01:10:145

I can't connect with the passive [192.168.100.113/5000] error_code:10061 !

<<<----  [OUT]
2020/09/09 18:01:12:623

Connecting Started...

<<<----  [OUT]
2020/09/09 18:01:14:664

I can't connect with the passive [192.168.100.113/5000] error_code:10061 !

<<<----  [OUT]
2020/09/09 18:01:17:154

Connecting Started...

<<<----  [OUT]
2020/09/09 18:01:19:201

I can't connect with the passive [192.168.100.113/5000] error_code:10061 !

<<<----  [OUT]
2020/09/09 18:01:21:685

Connecting Started...

<<<----  [OUT]
2020/09/09 18:01:23:717

I can't connect with the passive [192.168.100.113/5000] error_code:10061 !

<<<----  [OUT]
2020/09/09 18:01:26:199

Connecting Started...

<<<----  [OUT]
2020/09/09 18:01:28:236

I can't connect with the passive [192.168.100.113/5000] error_code:10061 !

<<<----  [OUT]
2020/09/09 18:01:30:716

Connecting Started...

<<<----  [OUT]
2020/09/09 18:01:32:752

I can't connect with the passive [192.168.100.113/5000] error_code:10061 !

<<<----  [OUT]
2020/09/09 18:01:35:232

Connecting Started...

<<<----  [OUT]
2020/09/09 18:01:37:280

I can't connect with the passive [192.168.100.113/5000] error_code:10061 !

<<<----  [OUT]
2020/09/09 18:01:39:762

Connecting Started...

<<<----  [OUT]
2020/09/09 18:01:41:812

I can't connect with the passive [192.168.100.113/5000] error_code:10061 !

<<<----  [OUT]
2020/09/09 18:01:44:293

Connecting Started...

<<<----  [OUT]
2020/09/09 18:01:46:339

I can't connect with the passive [192.168.100.113/5000] error_code:10061 !

<<<----  [OUT]
2020/09/09 18:01:48:825

Connecting Started...

<<<----  [OUT]
2020/09/09 18:01:50:861

I can't connect with the passive [192.168.100.113/5000] error_code:10061 !

<<<----  [OUT]
2020/09/09 18:01:53:341

Connecting Started...

<<<----  [OUT]
2020/09/09 18:01:55:388

I can't connect with the passive [192.168.100.113/5000] error_code:10061 !

<<<----  [OUT]
2020/09/09 18:01:57:873

Connecting Started...

<<<----  [OUT]
2020/09/09 18:01:59:898

I can't connect with the passive [192.168.100.113/5000] error_code:10061 !

<<<----  [OUT]
2020/09/09 18:02:02:387

Connecting Started...

<<<----  [OUT]
2020/09/09 18:02:04:423

I can't connect with the passive [192.168.100.113/5000] error_code:10061 !

<<<----  [OUT]
2020/09/09 18:02:06:904

Connecting Started...

<<<----  [OUT]
2020/09/09 18:02:08:954

I can't connect with the passive [192.168.100.113/5000] error_code:10061 !

<<<----  [OUT]
2020/09/09 18:02:11:435

Connecting Started...

<<<----  [OUT]
2020/09/09 18:02:13:478

I can't connect with the passive [192.168.100.113/5000] error_code:10061 !

<<<----  [OUT]
2020/09/09 18:02:15:965

Connecting Started...

<<<----  [OUT]
2020/09/09 18:02:18:013

I can't connect with the passive [192.168.100.113/5000] error_code:10061 !

<<<----  [OUT]
2020/09/09 18:02:20:496

Connecting Started...

<<<----  [OUT]
2020/09/09 18:02:22:531

I can't connect with the passive [192.168.100.113/5000] error_code:10061 !

<<<----  [OUT]
2020/09/09 18:02:25:013

Connecting Started...

<<<----  [OUT]
2020/09/09 18:02:27:056

I can't connect with the passive [192.168.100.113/5000] error_code:10061 !

<<<----  [OUT]
2020/09/09 18:02:29:543

Connecting Started...

<<<----  [OUT]
2020/09/09 18:02:31:591

I can't connect with the passive [192.168.100.113/5000] error_code:10061 !

<<<----  [OUT]
2020/09/09 18:02:34:075

Connecting Started...

<<<----  [OUT]
2020/09/09 18:02:36:125

I can't connect with the passive [192.168.100.113/5000] error_code:10061 !

<<<----  [OUT]
2020/09/09 18:02:38:607

Connecting Started...

<<<----  [OUT]
2020/09/09 18:02:40:645

I can't connect with the passive [192.168.100.113/5000] error_code:10061 !

<<<----  [OUT]
2020/09/09 18:02:43:123

Connecting Started...

<<<----  [OUT]
2020/09/09 18:02:45:161

I can't connect with the passive [192.168.100.113/5000] error_code:10061 !

<<<----  [OUT]
2020/09/09 18:02:47:638

Connecting Started...

<<<----  [OUT]
2020/09/09 18:02:49:682

I can't connect with the passive [192.168.100.113/5000] error_code:10061 !

<<<----  [OUT]
2020/09/09 18:02:52:168

Connecting Started...

<<<----  [OUT]
2020/09/09 18:02:54:224

I can't connect with the passive [192.168.100.113/5000] error_code:10061 !

<<<----  [OUT]
2020/09/09 18:02:56:700

Connecting Started...

<<<----  [OUT]
2020/09/09 18:02:58:762

I can't connect with the passive [192.168.100.113/5000] error_code:10061 !

<<<----  [OUT]
2020/09/09 18:03:01:246

Connecting Started...

<<<----  [OUT]
2020/09/09 18:03:03:310

I can't connect with the passive [192.168.100.113/5000] error_code:10061 !

<<<----  [OUT]
2020/09/09 18:03:05:794

Connecting Started...

<<<----  [OUT]
2020/09/09 18:03:07:845

I can't connect with the passive [192.168.100.113/5000] error_code:10061 !

<<<----  [OUT]
2020/09/09 18:03:10:325

Connecting Started...

<<<----  [OUT]
2020/09/09 18:03:12:377

I can't connect with the passive [192.168.100.113/5000] error_code:10061 !

<<<----  [OUT]
2020/09/09 18:03:14:856

Connecting Started...

<<<----  [OUT]
2020/09/09 18:03:16:924

I can't connect with the passive [192.168.100.113/5000] error_code:10061 !

<<<----  [OUT]
2020/09/09 18:03:19:403

Connecting Started...

<<<----  [OUT]
2020/09/09 18:03:21:466

I can't connect with the passive [192.168.100.113/5000] error_code:10061 !

<<<----  [OUT]
2020/09/09 18:03:23:950

Connecting Started...

<<<----  [OUT]
2020/09/09 18:03:26:014

I can't connect with the passive [192.168.100.113/5000] error_code:10061 !

<<<----  [OUT]
2020/09/09 18:03:28:496

Connecting Started...

<<<----  [OUT]
2020/09/09 18:03:30:534

I can't connect with the passive [192.168.100.113/5000] error_code:10061 !

<<<----  [OUT]
2020/09/09 18:03:33:012

Connecting Started...

<<<----  [OUT]
2020/09/09 18:03:35:066

I can't connect with the passive [192.168.100.113/5000] error_code:10061 !

<<<----  [OUT]
2020/09/09 18:03:37:543

Connecting Started...

<<<----  [OUT]
2020/09/09 18:03:39:582

I can't connect with the passive [192.168.100.113/5000] error_code:10061 !

<<<----  [OUT]
2020/09/09 18:03:42:059

Connecting Started...

<<<----  [OUT]
2020/09/09 18:03:44:120

I can't connect with the passive [192.168.100.113/5000] error_code:10061 !

<<<----  [OUT]
2020/09/09 18:03:46:606

Connecting Started...

<<<----  [OUT]
2020/09/09 18:03:48:657

I can't connect with the passive [192.168.100.113/5000] error_code:10061 !

<<<----  [OUT]
2020/09/09 18:03:51:138

Connecting Started...

<<<----  [OUT]
2020/09/09 18:03:53:200

I can't connect with the passive [192.168.100.113/5000] error_code:10061 !

<<<----  [OUT]
2020/09/09 18:03:55:685

Connecting Started...

<<<----  [OUT]
2020/09/09 18:03:57:755

I can't connect with the passive [192.168.100.113/5000] error_code:10061 !

<<<----  [OUT]
2020/09/09 18:04:00:230

Connecting Started...

<<<----  [OUT]
2020/09/09 18:04:02:298

I can't connect with the passive [192.168.100.113/5000] error_code:10061 !

<<<----  [OUT]
2020/09/09 18:04:04:778

Connecting Started...

<<<----  [OUT]
2020/09/09 18:04:06:838

I can't connect with the passive [192.168.100.113/5000] error_code:10061 !

<<<----  [OUT]
2020/09/09 18:04:09:326

Connecting Started...

<<<----  [OUT]
2020/09/09 18:04:11:386

I can't connect with the passive [192.168.100.113/5000] error_code:10061 !

<<<----  [OUT]
2020/09/09 18:04:13:873

Connecting Started...

<<<----  [OUT]
2020/09/09 18:04:15:925

I can't connect with the passive [192.168.100.113/5000] error_code:10061 !

<<<----  [OUT]
2020/09/09 18:04:18:403

Connecting Started...

<<<----  [OUT]
2020/09/09 18:04:20:441

I can't connect with the passive [192.168.100.113/5000] error_code:10061 !

<<<----  [OUT]
2020/09/09 18:04:22:920

Connecting Started...

<<<----  [OUT]
2020/09/09 18:04:24:981

I can't connect with the passive [192.168.100.113/5000] error_code:10061 !

<<<----  [OUT]
2020/09/09 18:04:27:467

Connecting Started...

<<<----  [OUT]
2020/09/09 18:04:29:521

I can't connect with the passive [192.168.100.113/5000] error_code:10061 !

<<<----  [OUT]
2020/09/09 18:04:32:013

Connecting Started...

<<<----  [OUT]
2020/09/09 18:04:34:073

I can't connect with the passive [192.168.100.113/5000] error_code:10061 !

<<<----  [OUT]
2020/09/09 18:04:36:559

Connecting Started...

<<<----  [OUT]
2020/09/09 18:04:38:614

I can't connect with the passive [192.168.100.113/5000] error_code:10061 !

<<<----  [OUT]
2020/09/09 18:04:41:091

Connecting Started...

<<<----  [OUT]
2020/09/09 18:04:43:144

I can't connect with the passive [192.168.100.113/5000] error_code:10061 !

<<<----  [OUT]
2020/09/09 18:04:45:621

Connecting Started...

<<<----  [OUT]
2020/09/09 18:04:47:684

I can't connect with the passive [192.168.100.113/5000] error_code:10061 !

<<<----  [OUT]
2020/09/09 18:04:50:170

Connecting Started...

<<<----  [OUT]
2020/09/09 18:04:52:232

I can't connect with the passive [192.168.100.113/5000] error_code:10061 !

<<<----  [OUT]
2020/09/09 18:04:54:715

Connecting Started...

<<<----  [OUT]
2020/09/09 18:04:56:741

I can't connect with the passive [192.168.100.113/5000] error_code:10061 !

<<<----  [OUT]
2020/09/09 18:04:59:232

Connecting Started...

<<<----  [OUT]
2020/09/09 18:05:01:295

I can't connect with the passive [192.168.100.113/5000] error_code:10061 !

<<<----  [OUT]
2020/09/09 18:05:03:778

Connecting Started...

<<<----  [OUT]
2020/09/09 18:05:05:845

I can't connect with the passive [192.168.100.113/5000] error_code:10061 !

<<<----  [OUT]
2020/09/09 18:05:08:326

Connecting Started...

<<<----  [OUT]
2020/09/09 18:05:10:386

I can't connect with the passive [192.168.100.113/5000] error_code:10061 !

<<<----  [OUT]
2020/09/09 18:05:12:872

Connecting Started...

<<<----  [OUT]
2020/09/09 18:05:14:946

I can't connect with the passive [192.168.100.113/5000] error_code:10061 !

<<<----  [OUT]
2020/09/09 18:05:17:435

Connecting Started...

<<<----  [OUT]
2020/09/09 18:05:19:490

I can't connect with the passive [192.168.100.113/5000] error_code:10061 !

<<<----  [OUT]
2020/09/09 18:05:21:966

Connecting Started...

<<<----  [OUT]
2020/09/09 18:05:24:029

I can't connect with the passive [192.168.100.113/5000] error_code:10061 !

<<<----  [OUT]
2020/09/09 18:05:26:513

Connecting Started...

<<<----  [OUT]
2020/09/09 18:05:28:571

I can't connect with the passive [192.168.100.113/5000] error_code:10061 !

<<<----  [OUT]
2020/09/09 18:05:31:059

Connecting Started...

<<<----  [OUT]
2020/09/09 18:05:33:122

I can't connect with the passive [192.168.100.113/5000] error_code:10061 !

<<<----  [OUT]
2020/09/09 18:05:35:607

Connecting Started...

<<<----  [OUT]
2020/09/09 18:05:37:652

I can't connect with the passive [192.168.100.113/5000] error_code:10061 !

<<<----  [OUT]
2020/09/09 18:05:40:138

Connecting Started...

<<<----  [OUT]
2020/09/09 18:05:42:206

I can't connect with the passive [192.168.100.113/5000] error_code:10061 !

<<<----  [OUT]
2020/09/09 18:05:44:684

Connecting Started...

<<<----  [OUT]
2020/09/09 18:05:46:739

I can't connect with the passive [192.168.100.113/5000] error_code:10061 !

<<<----  [OUT]
2020/09/09 18:05:49:216

Connecting Started...

<<<----  [OUT]
2020/09/09 18:05:51:282

I can't connect with the passive [192.168.100.113/5000] error_code:10061 !

<<<----  [OUT]
2020/09/09 18:05:53:763

Connecting Started...

<<<----  [OUT]
2020/09/09 18:05:55:818

I can't connect with the passive [192.168.100.113/5000] error_code:10061 !

<<<----  [OUT]
2020/09/09 18:05:58:310

Connecting Started...

<<<----  [OUT]
2020/09/09 18:06:00:360

I can't connect with the passive [192.168.100.113/5000] error_code:10061 !

<<<----  [OUT]
2020/09/09 18:06:02:842

Connecting Started...

<<<----  [OUT]
2020/09/09 18:06:04:894

I can't connect with the passive [192.168.100.113/5000] error_code:10061 !

<<<----  [OUT]
2020/09/09 18:06:07:372

Connecting Started...

<<<----  [OUT]
2020/09/09 18:06:09:440

I can't connect with the passive [192.168.100.113/5000] error_code:10061 !

<<<----  [OUT]
2020/09/09 18:06:11:918

Connecting Started...

<<<----  [OUT]
2020/09/09 18:06:13:981

I can't connect with the passive [192.168.100.113/5000] error_code:10061 !

<<<----  [OUT]
2020/09/09 18:06:16:465

Connecting Started...

<<<----  [OUT]
2020/09/09 18:06:18:523

I can't connect with the passive [192.168.100.113/5000] error_code:10061 !

<<<----  [OUT]
2020/09/09 18:06:21:013

Connecting Started...

<<<----  [OUT]
2020/09/09 18:06:23:047

I can't connect with the passive [192.168.100.113/5000] error_code:10061 !

<<<----  [OUT]
2020/09/09 18:06:25:528

Connecting Started...

<<<----  [OUT]
2020/09/09 18:06:27:565

I can't connect with the passive [192.168.100.113/5000] error_code:10061 !

<<<----  [OUT]
2020/09/09 18:06:30:043

Connecting Started...

<<<----  [OUT]
2020/09/09 18:06:32:094

I can't connect with the passive [192.168.100.113/5000] error_code:10061 !

<<<----  [OUT]
2020/09/09 18:06:34:575

Connecting Started...

<<<----  [OUT]
2020/09/09 18:06:36:616

I can't connect with the passive [192.168.100.113/5000] error_code:10061 !

<<<----  [OUT]
2020/09/09 18:06:39:107

Connecting Started...

<<<----  [OUT]
2020/09/09 18:06:41:154

I can't connect with the passive [192.168.100.113/5000] error_code:10061 !

<<<----  [OUT]
2020/09/09 18:06:43:637

Connecting Started...

<<<----  [OUT]
2020/09/09 18:06:45:709

I can't connect with the passive [192.168.100.113/5000] error_code:10061 !

<<<----  [OUT]
2020/09/09 18:06:48:200

Connecting Started...

<<<----  [OUT]
2020/09/09 18:06:50:263

I can't connect with the passive [192.168.100.113/5000] error_code:10061 !

<<<----  [OUT]
2020/09/09 18:06:52:747

Connecting Started...

<<<----  [OUT]
2020/09/09 18:06:54:806

I can't connect with the passive [192.168.100.113/5000] error_code:10061 !

<<<----  [OUT]
2020/09/09 18:06:57:295

Connecting Started...

<<<----  [OUT]
2020/09/09 18:06:59:346

I can't connect with the passive [192.168.100.113/5000] error_code:10061 !

<<<----  [OUT]
2020/09/09 18:07:01:825

Connecting Started...

<<<----  [OUT]
2020/09/09 18:07:03:894

I can't connect with the passive [192.168.100.113/5000] error_code:10061 !

<<<----  [OUT]
2020/09/09 18:07:06:372

Connecting Started...

<<<----  [OUT]
2020/09/09 18:07:08:437

I can't connect with the passive [192.168.100.113/5000] error_code:10061 !

<<<----  [OUT]
2020/09/09 18:07:10:919

Connecting Started...

<<<----  [OUT]
2020/09/09 18:07:12:989

I can't connect with the passive [192.168.100.113/5000] error_code:10061 !

<<<----  [OUT]
2020/09/09 18:07:15:465

Connecting Started...

<<<----  [OUT]
2020/09/09 18:07:17:527

I can't connect with the passive [192.168.100.113/5000] error_code:10061 !

<<<----  [OUT]
2020/09/09 18:07:20:012

Connecting Started...

<<<----  [OUT]
2020/09/09 18:07:22:078

I can't connect with the passive [192.168.100.113/5000] error_code:10061 !

<<<----  [OUT]
2020/09/09 18:07:24:560

Connecting Started...

<<<----  [OUT]
2020/09/09 18:07:26:626

I can't connect with the passive [192.168.100.113/5000] error_code:10061 !

<<<----  [OUT]
2020/09/09 18:07:29:106

Connecting Started...

<<<----  [OUT]
2020/09/09 18:07:31:171

I can't connect with the passive [192.168.100.113/5000] error_code:10061 !

<<<----  [OUT]
2020/09/09 18:07:33:654

Connecting Started...

<<<----  [OUT]
2020/09/09 18:07:35:699

I can't connect with the passive [192.168.100.113/5000] error_code:10061 !

<<<----  [OUT]
2020/09/09 18:07:38:184

Connecting Started...

<<<----  [OUT]
2020/09/09 18:07:40:221

I can't connect with the passive [192.168.100.113/5000] error_code:10061 !

<<<----  [OUT]
2020/09/09 18:07:42:700

Connecting Started...

<<<----  [OUT]
2020/09/09 18:07:44:761

I can't connect with the passive [192.168.100.113/5000] error_code:10061 !

<<<----  [OUT]
2020/09/09 18:07:47:246

Connecting Started...

<<<----  [OUT]
2020/09/09 18:07:49:309

I can't connect with the passive [192.168.100.113/5000] error_code:10061 !

<<<----  [OUT]
2020/09/09 18:07:51:794

Connecting Started...

<<<----  [OUT]
2020/09/09 18:07:53:858

I can't connect with the passive [192.168.100.113/5000] error_code:10061 !

<<<----  [OUT]
2020/09/09 18:07:56:340

Connecting Started...

<<<----  [OUT]
2020/09/09 18:07:58:397

I can't connect with the passive [192.168.100.113/5000] error_code:10061 !

<<<----  [OUT]
2020/09/09 18:08:00:888

Connecting Started...

<<<----  [OUT]
2020/09/09 18:08:02:955

I can't connect with the passive [192.168.100.113/5000] error_code:10061 !

<<<----  [OUT]
2020/09/09 18:08:05:434

Connecting Started...

<<<----  [OUT]
2020/09/09 18:08:07:498

I can't connect with the passive [192.168.100.113/5000] error_code:10061 !

<<<----  [OUT]
2020/09/09 18:08:09:981

Connecting Started...

<<<----  [OUT]
2020/09/09 18:08:12:047

I can't connect with the passive [192.168.100.113/5000] error_code:10061 !

<<<----  [OUT]
2020/09/09 18:08:14:528

Connecting Started...

<<<----  [OUT]
2020/09/09 18:08:16:579

I can't connect with the passive [192.168.100.113/5000] error_code:10061 !

<<<----  [OUT]
2020/09/09 18:08:19:060

Connecting Started...

<<<----  [OUT]
2020/09/09 18:08:21:122

I can't connect with the passive [192.168.100.113/5000] error_code:10061 !

<<<----  [OUT]
2020/09/09 18:08:23:606

Connecting Started...

<<<----  [OUT]
2020/09/09 18:08:25:659

I can't connect with the passive [192.168.100.113/5000] error_code:10061 !

<<<----  [OUT]
2020/09/09 18:08:28:137

Connecting Started...

<<<----  [OUT]
2020/09/09 18:08:30:177

I can't connect with the passive [192.168.100.113/5000] error_code:10061 !

<<<----  [OUT]
2020/09/09 18:08:32:654

Connecting Started...

<<<----  [OUT]
2020/09/09 18:08:34:701

I can't connect with the passive [192.168.100.113/5000] error_code:10061 !

<<<----  [OUT]
2020/09/09 18:08:37:185

Connecting Started...

<<<----  [OUT]
2020/09/09 18:08:39:251

I can't connect with the passive [192.168.100.113/5000] error_code:10061 !

<<<----  [OUT]
2020/09/09 18:08:41:731

Connecting Started...

<<<----  [OUT]
2020/09/09 18:08:43:787

I can't connect with the passive [192.168.100.113/5000] error_code:10061 !

<<<----  [OUT]
2020/09/09 18:08:46:277

Connecting Started...

<<<----  [OUT]
2020/09/09 18:08:48:345

I can't connect with the passive [192.168.100.113/5000] error_code:10061 !

<<<----  [OUT]
2020/09/09 18:08:50:824

Connecting Started...

<<<----  [OUT]
2020/09/09 18:08:52:894

I can't connect with the passive [192.168.100.113/5000] error_code:10061 !

<<<----  [OUT]
2020/09/09 18:08:55:371

Connecting Started...

<<<----  [OUT]
2020/09/09 18:08:57:431

I can't connect with the passive [192.168.100.113/5000] error_code:10061 !

<<<----  [OUT]
2020/09/09 18:08:59:918

Connecting Started...

<<<----  [OUT]
2020/09/09 18:09:01:969

I can't connect with the passive [192.168.100.113/5000] error_code:10061 !

<<<----  [OUT]
2020/09/09 18:09:04:450

Connecting Started...

<<<----  [OUT]
2020/09/09 18:09:06:471

I can't connect with the passive [192.168.100.113/5000] error_code:10061 !

<<<----  [OUT]
2020/09/09 18:09:08:951

Connecting Started...

<<<----  [OUT]
2020/09/09 18:09:10:991

I can't connect with the passive [192.168.100.113/5000] error_code:10061 !

<<<----  [OUT]
2020/09/09 18:09:13:482

Connecting Started...

<<<----  [OUT]
2020/09/09 18:09:15:533

I can't connect with the passive [192.168.100.113/5000] error_code:10061 !

<<<----  [OUT]
2020/09/09 18:09:18:012

Connecting Started...

<<<----  [OUT]
2020/09/09 18:09:20:066

I can't connect with the passive [192.168.100.113/5000] error_code:10061 !

<<<----  [OUT]
2020/09/09 18:09:22:545

Connecting Started...

<<<----  [OUT]
2020/09/09 18:09:24:612

I can't connect with the passive [192.168.100.113/5000] error_code:10061 !

<<<----  [OUT]
2020/09/09 18:09:27:091

Connecting Started...

<<<----  [OUT]
2020/09/09 18:09:29:139

I can't connect with the passive [192.168.100.113/5000] error_code:10061 !

<<<----  [OUT]
2020/09/09 18:09:31:622

Connecting Started...

<<<----  [OUT]
2020/09/09 18:09:33:657

I can't connect with the passive [192.168.100.113/5000] error_code:10061 !

<<<----  [OUT]
2020/09/09 18:09:36:138

Connecting Started...

<<<----  [OUT]
2020/09/09 18:09:38:173

I can't connect with the passive [192.168.100.113/5000] error_code:10061 !

<<<----  [OUT]
2020/09/09 18:09:40:653

Connecting Started...

<<<----  [OUT]
2020/09/09 18:09:42:706

I can't connect with the passive [192.168.100.113/5000] error_code:10061 !

<<<----  [OUT]
2020/09/09 18:09:45:185

Connecting Started...

<<<----  [OUT]
2020/09/09 18:09:47:248

I can't connect with the passive [192.168.100.113/5000] error_code:10061 !

<<<----  [OUT]
2020/09/09 18:09:49:732

Connecting Started...

<<<----  [OUT]
2020/09/09 18:09:51:790

I can't connect with the passive [192.168.100.113/5000] error_code:10061 !

<<<----  [OUT]
2020/09/09 18:09:54:278

Connecting Started...

<<<----  [OUT]
2020/09/09 18:09:56:341

I can't connect with the passive [192.168.100.113/5000] error_code:10061 !

<<<----  [OUT]
2020/09/09 18:09:58:824

Connecting Started...

<<<----  [OUT]
2020/09/09 18:10:00:872

I can't connect with the passive [192.168.100.113/5000] error_code:10061 !

<<<----  [OUT]
2020/09/09 18:10:03:356

Connecting Started...

<<<----  [OUT]
2020/09/09 18:10:05:414

I can't connect with the passive [192.168.100.113/5000] error_code:10061 !

<<<----  [OUT]
2020/09/09 18:10:07:903

Connecting Started...

<<<----  [OUT]
2020/09/09 18:10:09:961

I can't connect with the passive [192.168.100.113/5000] error_code:10061 !

<<<----  [OUT]
2020/09/09 18:10:12:449

Connecting Started...

<<<----  [OUT]
2020/09/09 18:10:14:514

I can't connect with the passive [192.168.100.113/5000] error_code:10061 !

<<<----  [OUT]
2020/09/09 18:10:16:997

Connecting Started...

<<<----  [OUT]
2020/09/09 18:10:19:069

I can't connect with the passive [192.168.100.113/5000] error_code:10061 !

<<<----  [OUT]
2020/09/09 18:10:21:559

Connecting Started...

<<<----  [OUT]
2020/09/09 18:10:23:628

I can't connect with the passive [192.168.100.113/5000] error_code:10061 !

<<<----  [OUT]
2020/09/09 18:10:26:106

Connecting Started...

<<<----  [OUT]
2020/09/09 18:10:28:157

I can't connect with the passive [192.168.100.113/5000] error_code:10061 !

<<<----  [OUT]
2020/09/09 18:10:30:637

Connecting Started...

<<<----  [OUT]
2020/09/09 18:10:32:690

I can't connect with the passive [192.168.100.113/5000] error_code:10061 !

<<<----  [OUT]
2020/09/09 18:10:35:169

Connecting Started...

<<<----  [OUT]
2020/09/09 18:10:37:206

I can't connect with the passive [192.168.100.113/5000] error_code:10061 !

<<<----  [OUT]
2020/09/09 18:10:39:685

Connecting Started...

<<<----  [OUT]
2020/09/09 18:10:41:748

I can't connect with the passive [192.168.100.113/5000] error_code:10061 !

<<<----  [OUT]
2020/09/09 18:10:44:231

Connecting Started...

<<<----  [OUT]
2020/09/09 18:10:46:305

I can't connect with the passive [192.168.100.113/5000] error_code:10061 !

<<<----  [OUT]
2020/09/09 18:10:48:794

Connecting Started...

<<<----  [OUT]
2020/09/09 18:10:50:858

I can't connect with the passive [192.168.100.113/5000] error_code:10061 !

<<<----  [OUT]
2020/09/09 18:10:53:341

Connecting Started...

<<<----  [OUT]
2020/09/09 18:10:55:390

I can't connect with the passive [192.168.100.113/5000] error_code:10061 !

<<<----  [OUT]
2020/09/09 18:10:57:873

Connecting Started...

<<<----  [OUT]
2020/09/09 18:10:59:938

I can't connect with the passive [192.168.100.113/5000] error_code:10061 !

<<<----  [OUT]
2020/09/09 18:11:02:419

Connecting Started...

<<<----  [OUT]
2020/09/09 18:11:04:482

I can't connect with the passive [192.168.100.113/5000] error_code:10061 !

<<<----  [OUT]
2020/09/09 18:11:06:965

Connecting Started...

<<<----  [OUT]
2020/09/09 18:11:09:012

I can't connect with the passive [192.168.100.113/5000] error_code:10061 !

<<<----  [OUT]
2020/09/09 18:11:11:496

Connecting Started...

<<<----  [OUT]
2020/09/09 18:11:13:560

I can't connect with the passive [192.168.100.113/5000] error_code:10061 !

<<<----  [OUT]
2020/09/09 18:11:16:045

Connecting Started...

<<<----  [OUT]
2020/09/09 18:11:18:114

I can't connect with the passive [192.168.100.113/5000] error_code:10061 !

<<<----  [OUT]
2020/09/09 18:11:20:591

Connecting Started...

<<<----  [OUT]
2020/09/09 18:11:22:642

I can't connect with the passive [192.168.100.113/5000] error_code:10061 !

<<<----  [OUT]
2020/09/09 18:11:25:122

Connecting Started...

<<<----  [OUT]
2020/09/09 18:11:27:177

I can't connect with the passive [192.168.100.113/5000] error_code:10061 !

<<<----  [OUT]
2020/09/09 18:11:29:653

Connecting Started...

<<<----  [OUT]
2020/09/09 18:11:31:701

I can't connect with the passive [192.168.100.113/5000] error_code:10061 !

<<<----  [OUT]
2020/09/09 18:11:34:185

Connecting Started...

<<<----  [OUT]
2020/09/09 18:11:36:230

I can't connect with the passive [192.168.100.113/5000] error_code:10061 !

<<<----  [OUT]
2020/09/09 18:11:38:716

Connecting Started...

<<<----  [OUT]
2020/09/09 18:11:40:760

I can't connect with the passive [192.168.100.113/5000] error_code:10061 !

<<<----  [OUT]
2020/09/09 18:11:43:246

Connecting Started...

<<<----  [OUT]
2020/09/09 18:11:45:308

I can't connect with the passive [192.168.100.113/5000] error_code:10061 !

<<<----  [OUT]
2020/09/09 18:11:47:793

Connecting Started...

<<<----  [OUT]
2020/09/09 18:11:49:852

I can't connect with the passive [192.168.100.113/5000] error_code:10061 !

<<<----  [OUT]
2020/09/09 18:11:52:341

Connecting Started...

<<<----  [OUT]
2020/09/09 18:11:54:404

I can't connect with the passive [192.168.100.113/5000] error_code:10061 !

<<<----  [OUT]
2020/09/09 18:11:56:887

Connecting Started...

<<<----  [OUT]
2020/09/09 18:11:58:945

I can't connect with the passive [192.168.100.113/5000] error_code:10061 !

<<<----  [OUT]
2020/09/09 18:12:01:435

Connecting Started...

<<<----  [OUT]
2020/09/09 18:12:03:495

I can't connect with the passive [192.168.100.113/5000] error_code:10061 !

<<<----  [OUT]
2020/09/09 18:12:05:982

Connecting Started...

<<<----  [OUT]
2020/09/09 18:12:08:049

I can't connect with the passive [192.168.100.113/5000] error_code:10061 !

<<<----  [OUT]
2020/09/09 18:12:10:527

Connecting Started...

<<<----  [OUT]
2020/09/09 18:12:12:597

I can't connect with the passive [192.168.100.113/5000] error_code:10061 !

<<<----  [OUT]
2020/09/09 18:12:15:075

Connecting Started...

<<<----  [OUT]
2020/09/09 18:12:17:150

I can't connect with the passive [192.168.100.113/5000] error_code:10061 !

<<<----  [OUT]
2020/09/09 18:12:19:638

Connecting Started...

<<<----  [OUT]
2020/09/09 18:12:21:701

I can't connect with the passive [192.168.100.113/5000] error_code:10061 !

<<<----  [OUT]
2020/09/09 18:12:24:185

Connecting Started...

<<<----  [OUT]
2020/09/09 18:12:26:234

I can't connect with the passive [192.168.100.113/5000] error_code:10061 !

<<<----  [OUT]
2020/09/09 18:12:28:717

Connecting Started...

<<<----  [OUT]
2020/09/09 18:12:30:779

I can't connect with the passive [192.168.100.113/5000] error_code:10061 !

<<<----  [OUT]
2020/09/09 18:12:33:263

Connecting Started...

<<<----  [OUT]
2020/09/09 18:12:35:317

I can't connect with the passive [192.168.100.113/5000] error_code:10061 !

<<<----  [OUT]
2020/09/09 18:12:37:793

Connecting Started...

<<<----  [OUT]
2020/09/09 18:12:39:841

I can't connect with the passive [192.168.100.113/5000] error_code:10061 !

<<<----  [OUT]
2020/09/09 18:12:42:325

Connecting Started...

<<<----  [OUT]
2020/09/09 18:12:44:353

I can't connect with the passive [192.168.100.113/5000] error_code:10061 !

<<<----  [OUT]
2020/09/09 18:12:46:840

Connecting Started...

<<<----  [OUT]
2020/09/09 18:12:48:891

I can't connect with the passive [192.168.100.113/5000] error_code:10061 !

<<<----  [OUT]
2020/09/09 18:12:51:372

Connecting Started...

<<<----  [OUT]
2020/09/09 18:12:53:414

I can't connect with the passive [192.168.100.113/5000] error_code:10061 !

<<<----  [OUT]
2020/09/09 18:12:55:903

Connecting Started...

<<<----  [OUT]
2020/09/09 18:12:57:953

I can't connect with the passive [192.168.100.113/5000] error_code:10061 !

<<<----  [OUT]
2020/09/09 18:13:00:435

Connecting Started...

<<<----  [OUT]
2020/09/09 18:13:02:483

I can't connect with the passive [192.168.100.113/5000] error_code:10061 !

<<<----  [OUT]
2020/09/09 18:13:04:966

Connecting Started...

<<<----  [OUT]
2020/09/09 18:13:20:510

I can't connect with the passive [192.168.100.113/5000] error_code:10060 !

<<<----  [OUT]
2020/09/09 18:13:22:997

Connecting Started...

<<<----  [OUT]
2020/09/09 18:13:44:042

I can't connect with the passive [192.168.100.113/5000] error_code:10060 !

<<<----  [OUT]
2020/09/09 18:13:46:527

Connecting Started...

<<<----  [OUT]
2020/09/09 18:14:07:571

I can't connect with the passive [192.168.100.113/5000] error_code:10060 !

<<<----  [OUT]
2020/09/09 18:14:10:060

Connecting Started...

<<<----  [OUT]
2020/09/09 18:14:31:086

I can't connect with the passive [192.168.100.113/5000] error_code:10060 !

<<<----  [OUT]
2020/09/09 18:14:33:576

Connecting Started...

<<<----  [OUT]
2020/09/09 18:14:54:605

I can't connect with the passive [192.168.100.113/5000] error_code:10060 !

<<<----  [OUT]
2020/09/09 18:14:57:091

Connecting Started...

<<<----  [OUT]
2020/09/09 18:15:18:133

I can't connect with the passive [192.168.100.113/5000] error_code:10060 !

<<<----  [OUT]
2020/09/09 18:15:20:623

Connecting Started...

<<<----  [OUT]
2020/09/09 18:15:41:660

I can't connect with the passive [192.168.100.113/5000] error_code:10060 !

<<<----  [OUT]
2020/09/09 18:15:44:137

Connecting Started...

<<<----  [OUT]
2020/09/09 18:16:05:178

I can't connect with the passive [192.168.100.113/5000] error_code:10060 !

<<<----  [OUT]
2020/09/09 18:16:07:669

Connecting Started...

<<<----  [OUT]
2020/09/09 18:16:28:708

I can't connect with the passive [192.168.100.113/5000] error_code:10060 !

<<<----  [OUT]
2020/09/09 18:16:31:184

Connecting Started...

<<<----  [OUT]
2020/09/09 18:16:52:212

I can't connect with the passive [192.168.100.113/5000] error_code:10060 !

<<<----  [OUT]
2020/09/09 18:16:54:699

Connecting Started...

<<<----  [OUT]
2020/09/09 18:17:15:738

I can't connect with the passive [192.168.100.113/5000] error_code:10060 !

<<<----  [OUT]
2020/09/09 18:17:18:215

Connecting Started...

<<<----  [OUT]
2020/09/09 18:17:39:243

I can't connect with the passive [192.168.100.113/5000] error_code:10060 !

<<<----  [OUT]
2020/09/09 18:17:41:730

Connecting Started...

<<<----  [OUT]
2020/09/09 18:18:02:764

I can't connect with the passive [192.168.100.113/5000] error_code:10060 !

<<<----  [OUT]
2020/09/09 18:18:05:248

Connecting Started...

<<<----  [OUT]
2020/09/09 18:18:26:296

I can't connect with the passive [192.168.100.113/5000] error_code:10060 !

<<<----  [OUT]
2020/09/09 18:18:28:779

Connecting Started...

<<<----  [OUT]
2020/09/09 18:18:49:828

I can't connect with the passive [192.168.100.113/5000] error_code:10060 !

<<<----  [OUT]
2020/09/09 18:18:52:310

Connecting Started...

<<<----  [OUT]
2020/09/09 18:19:13:331

I can't connect with the passive [192.168.100.113/5000] error_code:10060 !

<<<----  [OUT]
2020/09/09 18:19:15:810

Connecting Started...

<<<----  [OUT]
2020/09/09 18:19:36:855

I can't connect with the passive [192.168.100.113/5000] error_code:10060 !

<<<----  [OUT]
2020/09/09 18:19:39:341

Connecting Started...

<<<----  [OUT]
2020/09/09 18:20:00:389

I can't connect with the passive [192.168.100.113/5000] error_code:10060 !

<<<----  [OUT]
2020/09/09 18:20:02:871

Connecting Started...

<<<----  [OUT]
2020/09/09 18:20:23:914

I can't connect with the passive [192.168.100.113/5000] error_code:10060 !

<<<----  [OUT]
2020/09/09 18:20:26:404

Connecting Started...

<<<----  [OUT]
2020/09/09 18:20:47:442

I can't connect with the passive [192.168.100.113/5000] error_code:10060 !

<<<----  [OUT]
2020/09/09 18:20:49:918

Connecting Started...

<<<----  [OUT]
2020/09/09 18:21:10:956

I can't connect with the passive [192.168.100.113/5000] error_code:10060 !

<<<----  [OUT]
2020/09/09 18:21:13:434

Connecting Started...

<<<----  [OUT]
2020/09/09 18:21:34:482

I can't connect with the passive [192.168.100.113/5000] error_code:10060 !

<<<----  [OUT]
2020/09/09 18:21:36:966

Connecting Started...

<<<----  [OUT]
2020/09/09 18:21:58:007

I can't connect with the passive [192.168.100.113/5000] error_code:10060 !

<<<----  [OUT]
2020/09/09 18:22:00:497

Connecting Started...

<<<----  [OUT]
2020/09/09 18:22:21:526

I can't connect with the passive [192.168.100.113/5000] error_code:10060 !

<<<----  [OUT]
2020/09/09 18:22:24:014

Connecting Started...

<<<----  [OUT]
2020/09/09 18:22:45:047

I can't connect with the passive [192.168.100.113/5000] error_code:10060 !

<<<----  [OUT]
2020/09/09 18:22:47:529

Connecting Started...

<<<----  [OUT]
2020/09/09 18:23:08:574

I can't connect with the passive [192.168.100.113/5000] error_code:10060 !

<<<----  [OUT]
2020/09/09 18:23:11:059

Connecting Started...

<<<----  [OUT]
2020/09/09 18:23:32:094

I can't connect with the passive [192.168.100.113/5000] error_code:10060 !

<<<----  [OUT]
2020/09/09 18:23:34:576

Connecting Started...

<<<----  [OUT]
2020/09/09 18:23:55:602

I can't connect with the passive [192.168.100.113/5000] error_code:10060 !

<<<----  [OUT]
2020/09/09 18:23:58:090

Connecting Started...

<<<----  [OUT]
2020/09/09 18:24:19:134

I can't connect with the passive [192.168.100.113/5000] error_code:10060 !

<<<----  [OUT]
2020/09/09 18:24:21:621

Connecting Started...

<<<----  [OUT]
2020/09/09 18:24:42:669

I can't connect with the passive [192.168.100.113/5000] error_code:10060 !

<<<----  [OUT]
2020/09/09 18:24:45:154

Connecting Started...

<<<----  [OUT]
2020/09/09 18:25:06:196

I can't connect with the passive [192.168.100.113/5000] error_code:10060 !

<<<----  [OUT]
2020/09/09 18:25:08:685

Connecting Started...

<<<----  [OUT]
2020/09/09 18:25:29:715

I can't connect with the passive [192.168.100.113/5000] error_code:10060 !

<<<----  [OUT]
2020/09/09 18:25:32:200

Connecting Started...

<<<----  [OUT]
2020/09/09 18:25:53:238

I can't connect with the passive [192.168.100.113/5000] error_code:10060 !

<<<----  [OUT]
2020/09/09 18:25:55:716

Connecting Started...

<<<----  [OUT]
2020/09/09 18:26:16:753

I can't connect with the passive [192.168.100.113/5000] error_code:10060 !

<<<----  [OUT]
2020/09/09 18:26:19:231

Connecting Started...

<<<----  [OUT]
2020/09/09 18:26:40:249

I can't connect with the passive [192.168.100.113/5000] error_code:10060 !

<<<----  [OUT]
2020/09/09 18:26:42:732

Connecting Started...

<<<----  [OUT]
2020/09/09 18:27:03:773

I can't connect with the passive [192.168.100.113/5000] error_code:10060 !

<<<----  [OUT]
2020/09/09 18:27:06:262

Connecting Started...

<<<----  [OUT]
2020/09/09 18:27:27:294

I can't connect with the passive [192.168.100.113/5000] error_code:10060 !

<<<----  [OUT]
2020/09/09 18:27:29:778

Connecting Started...

<<<----  [OUT]
2020/09/09 18:27:50:822

I can't connect with the passive [192.168.100.113/5000] error_code:10060 !

<<<----  [OUT]
2020/09/09 18:27:53:309

Connecting Started...

<<<----  [OUT]
2020/09/09 18:28:14:363

I can't connect with the passive [192.168.100.113/5000] error_code:10060 !

<<<----  [OUT]
2020/09/09 18:28:16:841

Connecting Started...

<<<----  [OUT]
2020/09/09 18:28:37:870

I can't connect with the passive [192.168.100.113/5000] error_code:10060 !

<<<----  [OUT]
2020/09/09 18:28:40:357

Connecting Started...

<<<----  [OUT]
2020/09/09 18:29:01:391

I can't connect with the passive [192.168.100.113/5000] error_code:10060 !

<<<----  [OUT]
2020/09/09 18:29:03:871

Connecting Started...

<<<----  [OUT]
2020/09/09 18:29:24:911

I can't connect with the passive [192.168.100.113/5000] error_code:10060 !

<<<----  [OUT]
2020/09/09 18:29:27:387

Connecting Started...

<<<----  [OUT]
2020/09/09 18:29:48:414

I can't connect with the passive [192.168.100.113/5000] error_code:10060 !

<<<----  [OUT]
2020/09/09 18:29:50:903

Connecting Started...

<<<----  [OUT]
2020/09/09 18:30:11:946

I can't connect with the passive [192.168.100.113/5000] error_code:10060 !

<<<----  [OUT]
2020/09/09 18:30:14:434

Connecting Started...

<<<----  [OUT]
2020/09/09 18:30:35:479

I can't connect with the passive [192.168.100.113/5000] error_code:10060 !

<<<----  [OUT]
2020/09/09 18:30:37:967

Connecting Started...

<<<----  [OUT]
2020/09/09 18:30:59:009

I can't connect with the passive [192.168.100.113/5000] error_code:10060 !

<<<----  [OUT]
2020/09/09 18:31:01:498

Connecting Started...

<<<----  [OUT]
2020/09/09 18:31:22:557

I can't connect with the passive [192.168.100.113/5000] error_code:10060 !

<<<----  [OUT]
2020/09/09 18:31:25:044

Connecting Started...

<<<----  [OUT]
2020/09/09 18:31:46:068

I can't connect with the passive [192.168.100.113/5000] error_code:10060 !

<<<----  [OUT]
2020/09/09 18:31:48:559

Connecting Started...

<<<----  [OUT]
2020/09/09 18:32:09:609

I can't connect with the passive [192.168.100.113/5000] error_code:10060 !

<<<----  [OUT]
2020/09/09 18:32:12:090

Connecting Started...

<<<----  [OUT]
2020/09/09 18:32:33:146

I can't connect with the passive [192.168.100.113/5000] error_code:10060 !

<<<----  [OUT]
2020/09/09 18:32:35:638

Connecting Started...

<<<----  [OUT]
2020/09/09 18:32:56:686

I can't connect with the passive [192.168.100.113/5000] error_code:10060 !

<<<----  [OUT]
2020/09/09 18:32:59:170

Connecting Started...

<<<----  [OUT]
2020/09/09 18:33:20:202

I can't connect with the passive [192.168.100.113/5000] error_code:10060 !

<<<----  [OUT]
2020/09/09 18:33:22:684

Connecting Started...

<<<----  [OUT]
2020/09/09 18:33:43:718

I can't connect with the passive [192.168.100.113/5000] error_code:10060 !

<<<----  [OUT]
2020/09/09 18:33:46:201

Connecting Started...

<<<----  [OUT]
2020/09/09 18:34:07:242

I can't connect with the passive [192.168.100.113/5000] error_code:10060 !

<<<----  [OUT]
2020/09/09 18:34:09:731

Connecting Started...

<<<----  [OUT]
2020/09/09 18:34:30:757

I can't connect with the passive [192.168.100.113/5000] error_code:10060 !

<<<----  [OUT]
2020/09/09 18:34:33:247

Connecting Started...

<<<----  [OUT]
2020/09/09 18:34:54:291

I can't connect with the passive [192.168.100.113/5000] error_code:10060 !

<<<----  [OUT]
2020/09/09 18:34:56:777

Connecting Started...

<<<----  [OUT]
2020/09/09 18:35:17:822

I can't connect with the passive [192.168.100.113/5000] error_code:10060 !

<<<----  [OUT]
2020/09/09 18:35:20:309

Connecting Started...

<<<----  [OUT]
2020/09/09 18:35:41:343

I can't connect with the passive [192.168.100.113/5000] error_code:10060 !

<<<----  [OUT]
2020/09/09 18:35:43:826

Connecting Started...

<<<----  [OUT]
2020/09/09 18:36:04:872

I can't connect with the passive [192.168.100.113/5000] error_code:10060 !

<<<----  [OUT]
2020/09/09 18:36:07:356

Connecting Started...

<<<----  [OUT]
2020/09/09 18:36:28:391

I can't connect with the passive [192.168.100.113/5000] error_code:10060 !

<<<----  [OUT]
2020/09/09 18:36:30:872

Connecting Started...

<<<----  [OUT]
2020/09/09 18:36:51:901

I can't connect with the passive [192.168.100.113/5000] error_code:10060 !

<<<----  [OUT]
2020/09/09 18:36:54:387

Connecting Started...

<<<----  [OUT]
2020/09/09 18:37:15:434

I can't connect with the passive [192.168.100.113/5000] error_code:10060 !

<<<----  [OUT]
2020/09/09 18:37:17:919

Connecting Started...

<<<----  [OUT]
2020/09/09 18:37:38:960

I can't connect with the passive [192.168.100.113/5000] error_code:10060 !

<<<----  [OUT]
2020/09/09 18:37:41:450

Connecting Started...

<<<----  [OUT]
2020/09/09 18:38:02:495

I can't connect with the passive [192.168.100.113/5000] error_code:10060 !

<<<----  [OUT]
2020/09/09 18:38:04:981

Connecting Started...

<<<----  [OUT]
2020/09/09 18:38:26:004

I can't connect with the passive [192.168.100.113/5000] error_code:10060 !

<<<----  [OUT]
2020/09/09 18:38:28:482

Connecting Started...

<<<----  [OUT]
2020/09/09 18:38:49:516

I can't connect with the passive [192.168.100.113/5000] error_code:10060 !

<<<----  [OUT]
2020/09/09 18:38:51:996

Connecting Started...

<<<----  [OUT]
2020/09/09 18:39:13:040

I can't connect with the passive [192.168.100.113/5000] error_code:10060 !

<<<----  [OUT]
2020/09/09 18:39:15:529

Connecting Started...

<<<----  [OUT]
2020/09/09 18:39:36:571

I can't connect with the passive [192.168.100.113/5000] error_code:10060 !

<<<----  [OUT]
2020/09/09 18:39:39:060

Connecting Started...

<<<----  [OUT]
2020/09/09 18:40:00:099

I can't connect with the passive [192.168.100.113/5000] error_code:10060 !

<<<----  [OUT]
2020/09/09 18:40:02:590

Connecting Started...

<<<----  [OUT]
2020/09/09 18:40:23:639

I can't connect with the passive [192.168.100.113/5000] error_code:10060 !

<<<----  [OUT]
2020/09/09 18:40:26:123

Connecting Started...

<<<----  [OUT]
2020/09/09 18:40:47:164

I can't connect with the passive [192.168.100.113/5000] error_code:10060 !

<<<----  [OUT]
2020/09/09 18:40:49:654

Connecting Started...

<<<----  [OUT]
2020/09/09 18:41:10:694

I can't connect with the passive [192.168.100.113/5000] error_code:10060 !

<<<----  [OUT]
2020/09/09 18:41:13:184

Connecting Started...

<<<----  [OUT]
2020/09/09 18:41:34:248

I can't connect with the passive [192.168.100.113/5000] error_code:10060 !

<<<----  [OUT]
2020/09/09 18:41:36:732

Connecting Started...

<<<----  [OUT]
2020/09/09 18:41:57:756

I can't connect with the passive [192.168.100.113/5000] error_code:10060 !

<<<----  [OUT]
2020/09/09 18:42:00:248

Connecting Started...

<<<----  [OUT]
2020/09/09 18:42:21:289

I can't connect with the passive [192.168.100.113/5000] error_code:10060 !

<<<----  [OUT]
2020/09/09 18:42:23:778

Connecting Started...

<<<----  [OUT]
2020/09/09 18:42:44:820

I can't connect with the passive [192.168.100.113/5000] error_code:10060 !

<<<----  [OUT]
2020/09/09 18:42:47:310

Connecting Started...

<<<----  [OUT]
2020/09/09 18:43:08:352

I can't connect with the passive [192.168.100.113/5000] error_code:10060 !

<<<----  [OUT]
2020/09/09 18:43:10:841

Connecting Started...

<<<----  [OUT]
2020/09/09 18:43:31:886

I can't connect with the passive [192.168.100.113/5000] error_code:10060 !

<<<----  [OUT]
2020/09/09 18:43:34:372

Connecting Started...

<<<----  [OUT]
2020/09/09 18:43:55:416

I can't connect with the passive [192.168.100.113/5000] error_code:10060 !

<<<----  [OUT]
2020/09/09 18:43:57:903

Connecting Started...

<<<----  [OUT]
2020/09/09 18:44:18:930

I can't connect with the passive [192.168.100.113/5000] error_code:10060 !

<<<----  [OUT]
2020/09/09 18:44:21:418

Connecting Started...

<<<----  [OUT]
2020/09/09 18:44:42:461

I can't connect with the passive [192.168.100.113/5000] error_code:10060 !

<<<----  [OUT]
2020/09/09 18:44:44:950

Connecting Started...

<<<----  [OUT]
2020/09/09 18:45:05:972

I can't connect with the passive [192.168.100.113/5000] error_code:10060 !

<<<----  [OUT]
2020/09/09 18:45:08:451

Connecting Started...

<<<----  [OUT]
2020/09/09 18:45:29:482

I can't connect with the passive [192.168.100.113/5000] error_code:10060 !

<<<----  [OUT]
2020/09/09 18:45:31:967

Connecting Started...

<<<----  [OUT]
2020/09/09 18:45:52:994

I can't connect with the passive [192.168.100.113/5000] error_code:10060 !

<<<----  [OUT]
2020/09/09 18:45:55:481

Connecting Started...

<<<----  [OUT]
2020/09/09 18:46:16:509

I can't connect with the passive [192.168.100.113/5000] error_code:10060 !

<<<----  [OUT]
2020/09/09 18:46:18:997

Connecting Started...

<<<----  [OUT]
2020/09/09 18:46:40:047

I can't connect with the passive [192.168.100.113/5000] error_code:10060 !

<<<----  [OUT]
2020/09/09 18:46:42:528

Connecting Started...

<<<----  [OUT]
2020/09/09 18:47:03:581

I can't connect with the passive [192.168.100.113/5000] error_code:10060 !

<<<----  [OUT]
2020/09/09 18:47:06:059

Connecting Started...

<<<----  [OUT]
2020/09/09 18:47:27:101

I can't connect with the passive [192.168.100.113/5000] error_code:10060 !

<<<----  [OUT]
2020/09/09 18:47:29:590

Connecting Started...

<<<----  [OUT]
2020/09/09 18:47:50:622

I can't connect with the passive [192.168.100.113/5000] error_code:10060 !

<<<----  [OUT]
2020/09/09 18:47:53:107

Connecting Started...

<<<----  [OUT]
2020/09/09 18:48:14:135

I can't connect with the passive [192.168.100.113/5000] error_code:10060 !

<<<----  [OUT]
2020/09/09 18:48:16:622

Connecting Started...

<<<----  [OUT]
2020/09/09 18:48:37:650

I can't connect with the passive [192.168.100.113/5000] error_code:10060 !

<<<----  [OUT]
2020/09/09 18:48:40:138

Connecting Started...

<<<----  [OUT]
2020/09/09 18:49:01:162

I can't connect with the passive [192.168.100.113/5000] error_code:10060 !

<<<----  [OUT]
2020/09/09 18:49:03:654

Connecting Started...

<<<----  [OUT]
2020/09/09 18:49:24:703

I can't connect with the passive [192.168.100.113/5000] error_code:10060 !

<<<----  [OUT]
2020/09/09 18:49:27:184

Connecting Started...

<<<----  [OUT]
2020/09/09 18:49:48:233

I can't connect with the passive [192.168.100.113/5000] error_code:10060 !

<<<----  [OUT]
2020/09/09 18:49:50:715

Connecting Started...

<<<----  [OUT]
2020/09/09 18:50:11:762

I can't connect with the passive [192.168.100.113/5000] error_code:10060 !

<<<----  [OUT]
2020/09/09 18:50:14:247

Connecting Started...

<<<----  [OUT]
2020/09/09 18:50:35:271

I can't connect with the passive [192.168.100.113/5000] error_code:10060 !

<<<----  [OUT]
2020/09/09 18:50:37:747

Connecting Started...

<<<----  [OUT]
2020/09/09 18:50:58:785

I can't connect with the passive [192.168.100.113/5000] error_code:10060 !

<<<----  [OUT]
2020/09/09 18:51:01:263

Connecting Started...

<<<----  [OUT]
2020/09/09 18:51:22:294

I can't connect with the passive [192.168.100.113/5000] error_code:10060 !

<<<----  [OUT]
2020/09/09 18:51:24:778

Connecting Started...

<<<----  [OUT]
2020/09/09 18:51:45:835

I can't connect with the passive [192.168.100.113/5000] error_code:10060 !

<<<----  [OUT]
2020/09/09 18:51:48:326

Connecting Started...

<<<----  [OUT]
2020/09/09 18:52:09:366

I can't connect with the passive [192.168.100.113/5000] error_code:10060 !

<<<----  [OUT]
2020/09/09 18:52:11:856

Connecting Started...

<<<----  [OUT]
2020/09/09 18:52:32:889

I can't connect with the passive [192.168.100.113/5000] error_code:10060 !

<<<----  [OUT]
2020/09/09 18:52:35:372

Connecting Started...

<<<----  [OUT]
2020/09/09 18:52:56:409

I can't connect with the passive [192.168.100.113/5000] error_code:10060 !

<<<----  [OUT]
2020/09/09 18:52:58:888

Connecting Started...

<<<----  [OUT]
2020/09/09 18:53:19:924

I can't connect with the passive [192.168.100.113/5000] error_code:10060 !

<<<----  [OUT]
2020/09/09 18:53:22:403

Connecting Started...

<<<----  [OUT]
2020/09/09 18:53:43:436

I can't connect with the passive [192.168.100.113/5000] error_code:10060 !

<<<----  [OUT]
2020/09/09 18:53:45:919

Connecting Started...

<<<----  [OUT]
2020/09/09 18:54:06:966

I can't connect with the passive [192.168.100.113/5000] error_code:10060 !

<<<----  [OUT]
2020/09/09 18:54:09:451

Connecting Started...

<<<----  [OUT]
2020/09/09 18:54:30:491

I can't connect with the passive [192.168.100.113/5000] error_code:10060 !

<<<----  [OUT]
2020/09/09 18:54:32:981

Connecting Started...

<<<----  [OUT]
2020/09/09 18:54:54:036

I can't connect with the passive [192.168.100.113/5000] error_code:10060 !

<<<----  [OUT]
2020/09/09 18:54:56:512

Connecting Started...

<<<----  [OUT]
2020/09/09 18:55:17:550

I can't connect with the passive [192.168.100.113/5000] error_code:10060 !

<<<----  [OUT]
2020/09/09 18:55:20:029

Connecting Started...

<<<----  [OUT]
2020/09/09 18:55:41:067

I can't connect with the passive [192.168.100.113/5000] error_code:10060 !

<<<----  [OUT]
2020/09/09 18:55:43:544

Connecting Started...

<<<----  [OUT]
2020/09/09 18:56:04:588

I can't connect with the passive [192.168.100.113/5000] error_code:10060 !

<<<----  [OUT]
2020/09/09 18:56:07:075

Connecting Started...

<<<----  [OUT]
2020/09/09 18:56:28:104

I can't connect with the passive [192.168.100.113/5000] error_code:10060 !

<<<----  [OUT]
2020/09/09 18:56:30:591

Connecting Started...

<<<----  [OUT]
2020/09/09 18:56:51:648

I can't connect with the passive [192.168.100.113/5000] error_code:10060 !

<<<----  [OUT]
2020/09/09 18:56:54:138

Connecting Started...

<<<----  [OUT]
2020/09/09 18:57:15:182

I can't connect with the passive [192.168.100.113/5000] error_code:10060 !

<<<----  [OUT]
2020/09/09 18:57:17:669

Connecting Started...

<<<----  [OUT]
2020/09/09 18:57:38:699

I can't connect with the passive [192.168.100.113/5000] error_code:10060 !

<<<----  [OUT]
2020/09/09 18:57:41:184

Connecting Started...

<<<----  [OUT]
2020/09/09 18:58:02:214

I can't connect with the passive [192.168.100.113/5000] error_code:10060 !

<<<----  [OUT]
2020/09/09 18:58:04:700

Connecting Started...

<<<----  [OUT]
2020/09/09 18:58:25:737

I can't connect with the passive [192.168.100.113/5000] error_code:10060 !

<<<----  [OUT]
2020/09/09 18:58:28:216

Connecting Started...

<<<----  [OUT]
2020/09/09 18:58:49:252

I can't connect with the passive [192.168.100.113/5000] error_code:10060 !

<<<----  [OUT]
2020/09/09 18:58:51:731

Connecting Started...

<<<----  [OUT]
2020/09/09 18:59:12:771

I can't connect with the passive [192.168.100.113/5000] error_code:10060 !

<<<----  [OUT]
2020/09/09 18:59:15:247

Connecting Started...

<<<----  [OUT]
2020/09/09 18:59:36:273

I can't connect with the passive [192.168.100.113/5000] error_code:10060 !

<<<----  [OUT]
2020/09/09 18:59:38:763

Connecting Started...

<<<----  [OUT]
2020/09/09 18:59:59:794

I can't connect with the passive [192.168.100.113/5000] error_code:10060 !
