
<<<----  [OUT]
2021/05/25 21:23:28:061

---------------------------------------------------------------------
// FA : Start Log ...


<<<----  [OUT]
2021/05/25 21:23:28:071

//-------------------------------------------------------------
Property Information

   Driver Type [HSMS]
   Driver Mode [ACTIVE]
   IP    [192.168.100.113]
   Port  [5000]
//-------------------------------------------------------------


<<<----  [OUT]
2021/05/25 21:23:28:673

Auto-Start Started ... (Active)

<<<----  [OUT]
2021/05/25 21:23:28:764

Auto-Start Started ...  Waiting Stop-Connection.

<<<----  [OUT]
2021/05/25 21:23:28:764

Auto-Start Started ...  Waiting Open-Socket.

<<<----  [OUT]
2021/05/25 21:23:28:788

Socket Open Started...

<<<----  [OUT]
2021/05/25 21:23:28:788

Socket Open Completed...

<<<----  [OUT]
2021/05/25 21:23:28:788

Connecting Started...

<<<----  [OUT]
2021/05/25 21:23:28:855

Auto-Start Completed ...  (Active)

<<<----  [OUT]
2021/05/25 21:23:49:814

I can't connect with the passive [192.168.100.113/5000] error_code:10060 !

<<<----  [OUT]
2021/05/25 21:23:52:298

Connecting Started...

<<<----  [OUT]
2021/05/25 21:24:13:326

I can't connect with the passive [192.168.100.113/5000] error_code:10060 !

<<<----  [OUT]
2021/05/25 21:24:15:815

Connecting Started...

<<<----  [OUT]
2021/05/25 21:24:36:851

I can't connect with the passive [192.168.100.113/5000] error_code:10060 !

<<<----  [OUT]
2021/05/25 21:24:39:331

Connecting Started...

<<<----  [OUT]
2021/05/25 21:25:00:373

I can't connect with the passive [192.168.100.113/5000] error_code:10060 !

<<<----  [OUT]
2021/05/25 21:25:02:863

Connecting Started...

<<<----  [OUT]
2021/05/25 21:25:23:909

I can't connect with the passive [192.168.100.113/5000] error_code:10060 !

<<<----  [OUT]
2021/05/25 21:25:26:393

Connecting Started...

<<<----  [OUT]
2021/05/25 21:25:47:440

I can't connect with the passive [192.168.100.113/5000] error_code:10060 !

<<<----  [OUT]
2021/05/25 21:25:49:925

Connecting Started...

<<<----  [OUT]
2021/05/25 21:26:10:965

I can't connect with the passive [192.168.100.113/5000] error_code:10060 !

<<<----  [OUT]
2021/05/25 21:26:13:456

Connecting Started...

<<<----  [OUT]
2021/05/25 21:26:34:498

I can't connect with the passive [192.168.100.113/5000] error_code:10060 !

<<<----  [OUT]
2021/05/25 21:26:36:987

Connecting Started...

<<<----  [OUT]
2021/05/25 21:26:58:022

I can't connect with the passive [192.168.100.113/5000] error_code:10060 !

<<<----  [OUT]
2021/05/25 21:27:00:503

Connecting Started...

<<<----  [OUT]
2021/05/25 21:27:21:552

I can't connect with the passive [192.168.100.113/5000] error_code:10060 !

<<<----  [OUT]
2021/05/25 21:27:24:034

Connecting Started...

<<<----  [OUT]
2021/05/25 21:27:45:072

I can't connect with the passive [192.168.100.113/5000] error_code:10060 !

<<<----  [OUT]
2021/05/25 21:27:47:550

Connecting Started...

<<<----  [OUT]
2021/05/25 21:28:08:614

I can't connect with the passive [192.168.100.113/5000] error_code:10060 !

<<<----  [OUT]
2021/05/25 21:28:11:096

Connecting Started...

<<<----  [OUT]
2021/05/25 21:28:32:129

I can't connect with the passive [192.168.100.113/5000] error_code:10060 !

<<<----  [OUT]
2021/05/25 21:28:34:611

Connecting Started...

<<<----  [OUT]
2021/05/25 21:28:55:648

I can't connect with the passive [192.168.100.113/5000] error_code:10060 !

<<<----  [OUT]
2021/05/25 21:28:58:127

Connecting Started...

<<<----  [OUT]
2021/05/25 21:29:19:155

I can't connect with the passive [192.168.100.113/5000] error_code:10060 !

<<<----  [OUT]
2021/05/25 21:29:21:643

Connecting Started...

<<<----  [OUT]
2021/05/25 21:29:42:684

I can't connect with the passive [192.168.100.113/5000] error_code:10060 !

<<<----  [OUT]
2021/05/25 21:29:45:175

Connecting Started...

<<<----  [OUT]
2021/05/25 21:30:06:221

I can't connect with the passive [192.168.100.113/5000] error_code:10060 !

<<<----  [OUT]
2021/05/25 21:30:08:706

Connecting Started...

<<<----  [OUT]
2021/05/25 21:30:29:738

I can't connect with the passive [192.168.100.113/5000] error_code:10060 !

<<<----  [OUT]
2021/05/25 21:30:32:221

Connecting Started...

<<<----  [OUT]
2021/05/25 21:30:53:279

I can't connect with the passive [192.168.100.113/5000] error_code:10060 !

<<<----  [OUT]
2021/05/25 21:30:55:768

Connecting Started...

<<<----  [OUT]
2021/05/25 21:31:16:816

I can't connect with the passive [192.168.100.113/5000] error_code:10060 !

<<<----  [OUT]
2021/05/25 21:31:19:299

Connecting Started...

<<<----  [OUT]
2021/05/25 21:31:40:342

I can't connect with the passive [192.168.100.113/5000] error_code:10060 !

<<<----  [OUT]
2021/05/25 21:31:42:830

Connecting Started...

<<<----  [OUT]
2021/05/25 21:32:03:862

I can't connect with the passive [192.168.100.113/5000] error_code:10060 !

<<<----  [OUT]
2021/05/25 21:32:06:347

Connecting Started...

<<<----  [OUT]
2021/05/25 21:32:27:394

I can't connect with the passive [192.168.100.113/5000] error_code:10060 !

<<<----  [OUT]
2021/05/25 21:32:29:878

Connecting Started...

<<<----  [OUT]
2021/05/25 21:32:50:906

I can't connect with the passive [192.168.100.113/5000] error_code:10060 !

<<<----  [OUT]
2021/05/25 21:32:53:393

Connecting Started...

<<<----  [OUT]
2021/05/25 21:33:14:448

I can't connect with the passive [192.168.100.113/5000] error_code:10060 !

<<<----  [OUT]
2021/05/25 21:33:16:925

Connecting Started...

<<<----  [OUT]
2021/05/25 21:33:37:965

I can't connect with the passive [192.168.100.113/5000] error_code:10060 !

<<<----  [OUT]
2021/05/25 21:33:40:456

Connecting Started...

<<<----  [OUT]
2021/05/25 21:34:01:516

I can't connect with the passive [192.168.100.113/5000] error_code:10060 !

<<<----  [OUT]
2021/05/25 21:34:04:002

Connecting Started...

<<<----  [OUT]
2021/05/25 21:34:25:045

I can't connect with the passive [192.168.100.113/5000] error_code:10060 !

<<<----  [OUT]
2021/05/25 21:34:27:533

Connecting Started...

<<<----  [OUT]
2021/05/25 21:34:48:564

I can't connect with the passive [192.168.100.113/5000] error_code:10060 !

<<<----  [OUT]
2021/05/25 21:34:51:050

Connecting Started...

<<<----  [OUT]
2021/05/25 21:35:12:095

I can't connect with the passive [192.168.100.113/5000] error_code:10060 !

<<<----  [OUT]
2021/05/25 21:35:14:581

Connecting Started...

<<<----  [OUT]
2021/05/25 21:35:35:617

I can't connect with the passive [192.168.100.113/5000] error_code:10060 !

<<<----  [OUT]
2021/05/25 21:35:38:096

Connecting Started...

<<<----  [OUT]
2021/05/25 21:35:59:126

I can't connect with the passive [192.168.100.113/5000] error_code:10060 !

<<<----  [OUT]
2021/05/25 21:36:01:612

Connecting Started...

<<<----  [OUT]
2021/05/25 21:36:22:664

I can't connect with the passive [192.168.100.113/5000] error_code:10060 !

<<<----  [OUT]
2021/05/25 21:36:25:144

Connecting Started...

<<<----  [OUT]
2021/05/25 21:36:46:186

I can't connect with the passive [192.168.100.113/5000] error_code:10060 !

<<<----  [OUT]
2021/05/25 21:36:48:675

Connecting Started...

<<<----  [OUT]
2021/05/25 21:37:09:715

I can't connect with the passive [192.168.100.113/5000] error_code:10060 !

<<<----  [OUT]
2021/05/25 21:37:12:205

Connecting Started...

<<<----  [OUT]
2021/05/25 21:37:33:232

I can't connect with the passive [192.168.100.113/5000] error_code:10060 !

<<<----  [OUT]
2021/05/25 21:37:35:721

Connecting Started...

<<<----  [OUT]
2021/05/25 21:37:56:757

I can't connect with the passive [192.168.100.113/5000] error_code:10060 !

<<<----  [OUT]
2021/05/25 21:37:59:237

Connecting Started...

<<<----  [OUT]
2021/05/25 21:38:20:275

I can't connect with the passive [192.168.100.113/5000] error_code:10060 !

<<<----  [OUT]
2021/05/25 21:38:22:752

Connecting Started...

<<<----  [OUT]
2021/05/25 21:38:43:805

I can't connect with the passive [192.168.100.113/5000] error_code:10060 !

<<<----  [OUT]
2021/05/25 21:38:46:285

Connecting Started...

<<<----  [OUT]
2021/05/25 21:39:07:338

I can't connect with the passive [192.168.100.113/5000] error_code:10060 !

<<<----  [OUT]
2021/05/25 21:39:09:814

Connecting Started...

<<<----  [OUT]
2021/05/25 21:39:30:842

I can't connect with the passive [192.168.100.113/5000] error_code:10060 !

<<<----  [OUT]
2021/05/25 21:39:33:331

Connecting Started...

<<<----  [OUT]
2021/05/25 21:39:54:372

I can't connect with the passive [192.168.100.113/5000] error_code:10060 !

<<<----  [OUT]
2021/05/25 21:39:56:862

Connecting Started...

<<<----  [OUT]
2021/05/25 21:40:17:896

I can't connect with the passive [192.168.100.113/5000] error_code:10060 !

<<<----  [OUT]
2021/05/25 21:40:20:377

Connecting Started...

<<<----  [OUT]
2021/05/25 21:40:41:424

I can't connect with the passive [192.168.100.113/5000] error_code:10060 !

<<<----  [OUT]
2021/05/25 21:40:43:909

Connecting Started...

<<<----  [OUT]
2021/05/25 21:41:04:946

I can't connect with the passive [192.168.100.113/5000] error_code:10060 !

<<<----  [OUT]
2021/05/25 21:41:07:425

Connecting Started...

<<<----  [OUT]
2021/05/25 21:41:28:472

I can't connect with the passive [192.168.100.113/5000] error_code:10060 !

<<<----  [OUT]
2021/05/25 21:41:30:956

Connecting Started...

<<<----  [OUT]
2021/05/25 21:41:52:006

I can't connect with the passive [192.168.100.113/5000] error_code:10060 !

<<<----  [OUT]
2021/05/25 21:41:54:487

Connecting Started...

<<<----  [OUT]
2021/05/25 21:42:15:529

I can't connect with the passive [192.168.100.113/5000] error_code:10060 !

<<<----  [OUT]
2021/05/25 21:42:18:019

Connecting Started...

<<<----  [OUT]
2021/05/25 21:42:39:055

I can't connect with the passive [192.168.100.113/5000] error_code:10060 !

<<<----  [OUT]
2021/05/25 21:42:41:534

Connecting Started...

<<<----  [OUT]
2021/05/25 21:43:02:566

I can't connect with the passive [192.168.100.113/5000] error_code:10060 !

<<<----  [OUT]
2021/05/25 21:43:05:049

Connecting Started...

<<<----  [OUT]
2021/05/25 21:43:26:093

I can't connect with the passive [192.168.100.113/5000] error_code:10060 !

<<<----  [OUT]
2021/05/25 21:43:28:580

Connecting Started...

<<<----  [OUT]
2021/05/25 21:43:49:628

I can't connect with the passive [192.168.100.113/5000] error_code:10060 !

<<<----  [OUT]
2021/05/25 21:43:52:112

Connecting Started...

<<<----  [OUT]
2021/05/25 21:44:13:149

I can't connect with the passive [192.168.100.113/5000] error_code:10060 !

<<<----  [OUT]
2021/05/25 21:44:15:627

Connecting Started...

<<<----  [OUT]
2021/05/25 21:44:36:690

I can't connect with the passive [192.168.100.113/5000] error_code:10060 !

<<<----  [OUT]
2021/05/25 21:44:39:174

Connecting Started...

<<<----  [OUT]
2021/05/25 21:45:00:217

I can't connect with the passive [192.168.100.113/5000] error_code:10060 !

<<<----  [OUT]
2021/05/25 21:45:02:706

Connecting Started...

<<<----  [OUT]
2021/05/25 21:45:23:757

I can't connect with the passive [192.168.100.113/5000] error_code:10060 !

<<<----  [OUT]
2021/05/25 21:45:26:236

Connecting Started...

<<<----  [OUT]
2021/05/25 21:45:47:262

I can't connect with the passive [192.168.100.113/5000] error_code:10060 !

<<<----  [OUT]
2021/05/25 21:45:49:752

Connecting Started...

<<<----  [OUT]
2021/05/25 21:46:10:795

I can't connect with the passive [192.168.100.113/5000] error_code:10060 !

<<<----  [OUT]
2021/05/25 21:46:13:284

Connecting Started...

<<<----  [OUT]
2021/05/25 21:46:34:321

I can't connect with the passive [192.168.100.113/5000] error_code:10060 !

<<<----  [OUT]
2021/05/25 21:46:36:800

Connecting Started...

<<<----  [OUT]
2021/05/25 21:46:57:840

I can't connect with the passive [192.168.100.113/5000] error_code:10060 !

<<<----  [OUT]
2021/05/25 21:47:00:330

Connecting Started...

<<<----  [OUT]
2021/05/25 21:47:21:379

I can't connect with the passive [192.168.100.113/5000] error_code:10060 !

<<<----  [OUT]
2021/05/25 21:47:23:862

Connecting Started...

<<<----  [OUT]
2021/05/25 21:47:44:911

I can't connect with the passive [192.168.100.113/5000] error_code:10060 !

<<<----  [OUT]
2021/05/25 21:47:47:393

Connecting Started...

<<<----  [OUT]
2021/05/25 21:48:08:436

I can't connect with the passive [192.168.100.113/5000] error_code:10060 !

<<<----  [OUT]
2021/05/25 21:48:10:924

Connecting Started...

<<<----  [OUT]
2021/05/25 21:48:31:963

I can't connect with the passive [192.168.100.113/5000] error_code:10060 !

<<<----  [OUT]
2021/05/25 21:48:34:440

Connecting Started...

<<<----  [OUT]
2021/05/25 21:48:55:471

I can't connect with the passive [192.168.100.113/5000] error_code:10060 !

<<<----  [OUT]
2021/05/25 21:48:57:956

Connecting Started...

<<<----  [OUT]
2021/05/25 21:49:18:996

I can't connect with the passive [192.168.100.113/5000] error_code:10060 !

<<<----  [OUT]
2021/05/25 21:49:21:488

Connecting Started...

<<<----  [OUT]
2021/05/25 21:49:42:517

I can't connect with the passive [192.168.100.113/5000] error_code:10060 !

<<<----  [OUT]
2021/05/25 21:49:45:002

Connecting Started...

<<<----  [OUT]
2021/05/25 21:50:06:044

I can't connect with the passive [192.168.100.113/5000] error_code:10060 !

<<<----  [OUT]
2021/05/25 21:50:08:533

Connecting Started...

<<<----  [OUT]
2021/05/25 21:50:29:577

I can't connect with the passive [192.168.100.113/5000] error_code:10060 !

<<<----  [OUT]
2021/05/25 21:50:32:065

Connecting Started...

<<<----  [OUT]
2021/05/25 21:50:53:108

I can't connect with the passive [192.168.100.113/5000] error_code:10060 !

<<<----  [OUT]
2021/05/25 21:50:55:596

Connecting Started...

<<<----  [OUT]
2021/05/25 21:51:16:621

I can't connect with the passive [192.168.100.113/5000] error_code:10060 !

<<<----  [OUT]
2021/05/25 21:51:19:111

Connecting Started...

<<<----  [OUT]
2021/05/25 21:51:40:145

I can't connect with the passive [192.168.100.113/5000] error_code:10060 !

<<<----  [OUT]
2021/05/25 21:51:42:629

Connecting Started...

<<<----  [OUT]
2021/05/25 21:52:03:666

I can't connect with the passive [192.168.100.113/5000] error_code:10060 !

<<<----  [OUT]
2021/05/25 21:52:06:144

Connecting Started...

<<<----  [OUT]
2021/05/25 21:52:27:206

I can't connect with the passive [192.168.100.113/5000] error_code:10060 !

<<<----  [OUT]
2021/05/25 21:52:29:690

Connecting Started...

<<<----  [OUT]
2021/05/25 21:52:50:736

I can't connect with the passive [192.168.100.113/5000] error_code:10060 !

<<<----  [OUT]
2021/05/25 21:52:53:222

Connecting Started...

<<<----  [OUT]
2021/05/25 21:53:14:265

I can't connect with the passive [192.168.100.113/5000] error_code:10060 !

<<<----  [OUT]
2021/05/25 21:53:16:752

Connecting Started...

<<<----  [OUT]
2021/05/25 21:53:37:787

I can't connect with the passive [192.168.100.113/5000] error_code:10060 !

<<<----  [OUT]
2021/05/25 21:53:40:268

Connecting Started...

<<<----  [OUT]
2021/05/25 21:54:01:310

I can't connect with the passive [192.168.100.113/5000] error_code:10060 !

<<<----  [OUT]
2021/05/25 21:54:03:800

Connecting Started...

<<<----  [OUT]
2021/05/25 21:54:24:834

I can't connect with the passive [192.168.100.113/5000] error_code:10060 !

<<<----  [OUT]
2021/05/25 21:54:27:315

Connecting Started...

<<<----  [OUT]
2021/05/25 21:54:48:352

I can't connect with the passive [192.168.100.113/5000] error_code:10060 !

<<<----  [OUT]
2021/05/25 21:54:50:830

Connecting Started...

<<<----  [OUT]
2021/05/25 21:55:11:863

I can't connect with the passive [192.168.100.113/5000] error_code:10060 !

<<<----  [OUT]
2021/05/25 21:55:14:347

Connecting Started...

<<<----  [OUT]
2021/05/25 21:55:35:381

I can't connect with the passive [192.168.100.113/5000] error_code:10060 !

<<<----  [OUT]
2021/05/25 21:55:37:862

Connecting Started...

<<<----  [OUT]
2021/05/25 21:55:58:900

I can't connect with the passive [192.168.100.113/5000] error_code:10060 !

<<<----  [OUT]
2021/05/25 21:56:01:377

Connecting Started...

<<<----  [OUT]
2021/05/25 21:56:22:413

I can't connect with the passive [192.168.100.113/5000] error_code:10060 !

<<<----  [OUT]
2021/05/25 21:56:24:894

Connecting Started...

<<<----  [OUT]
2021/05/25 21:56:45:938

I can't connect with the passive [192.168.100.113/5000] error_code:10060 !

<<<----  [OUT]
2021/05/25 21:56:48:424

Connecting Started...

<<<----  [OUT]
2021/05/25 21:57:09:477

I can't connect with the passive [192.168.100.113/5000] error_code:10060 !

<<<----  [OUT]
2021/05/25 21:57:11:955

Connecting Started...

<<<----  [OUT]
2021/05/25 21:57:32:987

I can't connect with the passive [192.168.100.113/5000] error_code:10060 !

<<<----  [OUT]
2021/05/25 21:57:35:471

Connecting Started...

<<<----  [OUT]
2021/05/25 21:57:56:512

I can't connect with the passive [192.168.100.113/5000] error_code:10060 !

<<<----  [OUT]
2021/05/25 21:57:59:003

Connecting Started...

<<<----  [OUT]
2021/05/25 21:58:20:024

I can't connect with the passive [192.168.100.113/5000] error_code:10060 !

<<<----  [OUT]
2021/05/25 21:58:22:503

Connecting Started...

<<<----  [OUT]
2021/05/25 21:58:43:550

I can't connect with the passive [192.168.100.113/5000] error_code:10060 !

<<<----  [OUT]
2021/05/25 21:58:46:034

Connecting Started...

<<<----  [OUT]
2021/05/25 21:59:07:082

I can't connect with the passive [192.168.100.113/5000] error_code:10060 !

<<<----  [OUT]
2021/05/25 21:59:09:566

Connecting Started...

<<<----  [OUT]
2021/05/25 21:59:30:595

I can't connect with the passive [192.168.100.113/5000] error_code:10060 !

<<<----  [OUT]
2021/05/25 21:59:33:080

Connecting Started...

<<<----  [OUT]
2021/05/25 21:59:54:109

I can't connect with the passive [192.168.100.113/5000] error_code:10060 !

<<<----  [OUT]
2021/05/25 21:59:56:595

Connecting Started...
