
<<<----  [OUT]
2021/01/23 16:00:19:798

I can't connect with the passive [192.168.100.113/5000] error_code:10060 !

<<<----  [OUT]
2021/01/23 16:00:22:277

Connecting Started...

<<<----  [OUT]
2021/01/23 16:00:43:319

I can't connect with the passive [192.168.100.113/5000] error_code:10060 !

<<<----  [OUT]
2021/01/23 16:00:45:808

Connecting Started...

<<<----  [OUT]
2021/01/23 16:01:06:852

I can't connect with the passive [192.168.100.113/5000] error_code:10060 !

<<<----  [OUT]
2021/01/23 16:01:09:339

Connecting Started...

<<<----  [OUT]
2021/01/23 16:01:30:388

I can't connect with the passive [192.168.100.113/5000] error_code:10060 !

<<<----  [OUT]
2021/01/23 16:01:32:870

Connecting Started...

<<<----  [OUT]
2021/01/23 16:01:53:906

I can't connect with the passive [192.168.100.113/5000] error_code:10060 !

<<<----  [OUT]
2021/01/23 16:01:56:386

Connecting Started...

<<<----  [OUT]
2021/01/23 16:02:17:422

I can't connect with the passive [192.168.100.113/5000] error_code:10060 !

<<<----  [OUT]
2021/01/23 16:02:19:903

Connecting Started...

<<<----  [OUT]
2021/01/23 16:02:40:949

I can't connect with the passive [192.168.100.113/5000] error_code:10060 !

<<<----  [OUT]
2021/01/23 16:02:43:434

Connecting Started...

<<<----  [OUT]
2021/01/23 16:03:04:481

I can't connect with the passive [192.168.100.113/5000] error_code:10060 !

<<<----  [OUT]
2021/01/23 16:03:06:964

Connecting Started...

<<<----  [OUT]
2021/01/23 16:03:28:016

I can't connect with the passive [192.168.100.113/5000] error_code:10060 !

<<<----  [OUT]
2021/01/23 16:03:30:495

Connecting Started...

<<<----  [OUT]
2021/01/23 16:03:51:540

I can't connect with the passive [192.168.100.113/5000] error_code:10060 !

<<<----  [OUT]
2021/01/23 16:03:54:027

Connecting Started...

<<<----  [OUT]
2021/01/23 16:04:15:078

I can't connect with the passive [192.168.100.113/5000] error_code:10060 !

<<<----  [OUT]
2021/01/23 16:04:17:558

Connecting Started...

<<<----  [OUT]
2021/01/23 16:04:38:609

I can't connect with the passive [192.168.100.113/5000] error_code:10060 !

<<<----  [OUT]
2021/01/23 16:04:41:089

Connecting Started...

<<<----  [OUT]
2021/01/23 16:05:02:135

I can't connect with the passive [192.168.100.113/5000] error_code:10060 !

<<<----  [OUT]
2021/01/23 16:05:04:621

Connecting Started...

<<<----  [OUT]
2021/01/23 16:05:25:664

I can't connect with the passive [192.168.100.113/5000] error_code:10060 !

<<<----  [OUT]
2021/01/23 16:05:28:151

Connecting Started...

<<<----  [OUT]
2021/01/23 16:05:49:180

I can't connect with the passive [192.168.100.113/5000] error_code:10060 !

<<<----  [OUT]
2021/01/23 16:05:51:668

Connecting Started...

<<<----  [OUT]
2021/01/23 16:06:12:701

I can't connect with the passive [192.168.100.113/5000] error_code:10060 !

<<<----  [OUT]
2021/01/23 16:06:15:183

Connecting Started...

<<<----  [OUT]
2021/01/23 16:06:36:244

I can't connect with the passive [192.168.100.113/5000] error_code:10060 !

<<<----  [OUT]
2021/01/23 16:06:38:730

Connecting Started...

<<<----  [OUT]
2021/01/23 16:06:59:771

I can't connect with the passive [192.168.100.113/5000] error_code:10060 !

<<<----  [OUT]
2021/01/23 16:07:02:262

Connecting Started...

<<<----  [OUT]
2021/01/23 16:07:23:303

I can't connect with the passive [192.168.100.113/5000] error_code:10060 !

<<<----  [OUT]
2021/01/23 16:07:25:792

Connecting Started...

<<<----  [OUT]
2021/01/23 16:07:46:833

I can't connect with the passive [192.168.100.113/5000] error_code:10060 !

<<<----  [OUT]
2021/01/23 16:07:49:324

Connecting Started...

<<<----  [OUT]
2021/01/23 16:08:10:356

I can't connect with the passive [192.168.100.113/5000] error_code:10060 !

<<<----  [OUT]
2021/01/23 16:08:12:839

Connecting Started...

<<<----  [OUT]
2021/01/23 16:08:33:881

I can't connect with the passive [192.168.100.113/5000] error_code:10060 !

<<<----  [OUT]
2021/01/23 16:08:36:371

Connecting Started...

<<<----  [OUT]
2021/01/23 16:08:57:412

I can't connect with the passive [192.168.100.113/5000] error_code:10060 !

<<<----  [OUT]
2021/01/23 16:08:59:903

Connecting Started...

<<<----  [OUT]
2021/01/23 16:09:20:932

I can't connect with the passive [192.168.100.113/5000] error_code:10060 !

<<<----  [OUT]
2021/01/23 16:09:23:417

Connecting Started...

<<<----  [OUT]
2021/01/23 16:09:44:450

I can't connect with the passive [192.168.100.113/5000] error_code:10060 !

<<<----  [OUT]
2021/01/23 16:09:46:933

Connecting Started...

<<<----  [OUT]
2021/01/23 16:10:07:967

I can't connect with the passive [192.168.100.113/5000] error_code:10060 !

<<<----  [OUT]
2021/01/23 16:10:10:448

Connecting Started...

<<<----  [OUT]
2021/01/23 16:10:31:493

I can't connect with the passive [192.168.100.113/5000] error_code:10060 !

<<<----  [OUT]
2021/01/23 16:10:33:979

Connecting Started...

<<<----  [OUT]
2021/01/23 16:10:55:013

I can't connect with the passive [192.168.100.113/5000] error_code:10060 !

<<<----  [OUT]
2021/01/23 16:10:57:496

Connecting Started...

<<<----  [OUT]
2021/01/23 16:11:18:522

I can't connect with the passive [192.168.100.113/5000] error_code:10060 !

<<<----  [OUT]
2021/01/23 16:11:21:010

Connecting Started...

<<<----  [OUT]
2021/01/23 16:11:42:058

I can't connect with the passive [192.168.100.113/5000] error_code:10060 !

<<<----  [OUT]
2021/01/23 16:11:44:543

Connecting Started...

<<<----  [OUT]
2021/01/23 16:12:05:588

I can't connect with the passive [192.168.100.113/5000] error_code:10060 !

<<<----  [OUT]
2021/01/23 16:12:08:075

Connecting Started...

<<<----  [OUT]
2021/01/23 16:12:29:135

I can't connect with the passive [192.168.100.113/5000] error_code:10060 !

<<<----  [OUT]
2021/01/23 16:12:31:621

Connecting Started...

<<<----  [OUT]
2021/01/23 16:12:52:650

I can't connect with the passive [192.168.100.113/5000] error_code:10060 !

<<<----  [OUT]
2021/01/23 16:12:55:137

Connecting Started...

<<<----  [OUT]
2021/01/23 16:13:16:166

I can't connect with the passive [192.168.100.113/5000] error_code:10060 !

<<<----  [OUT]
2021/01/23 16:13:18:652

Connecting Started...

<<<----  [OUT]
2021/01/23 16:13:39:690

I can't connect with the passive [192.168.100.113/5000] error_code:10060 !

<<<----  [OUT]
2021/01/23 16:13:42:167

Connecting Started...

<<<----  [OUT]
2021/01/23 16:14:03:185

I can't connect with the passive [192.168.100.113/5000] error_code:10060 !

<<<----  [OUT]
2021/01/23 16:14:05:668

Connecting Started...

<<<----  [OUT]
2021/01/23 16:31:02:086

---------------------------------------------------------------------
// FA : Start Log ...


<<<----  [OUT]
2021/01/23 16:31:02:092

//-------------------------------------------------------------
Property Information

   Driver Type [HSMS]
   Driver Mode [ACTIVE]
   IP    [192.168.100.113]
   Port  [5000]
//-------------------------------------------------------------


<<<----  [OUT]
2021/01/23 16:31:02:694

Auto-Start Started ... (Active)

<<<----  [OUT]
2021/01/23 16:31:02:785

Auto-Start Started ...  Waiting Stop-Connection.

<<<----  [OUT]
2021/01/23 16:31:02:785

Auto-Start Started ...  Waiting Open-Socket.

<<<----  [OUT]
2021/01/23 16:31:02:813

Socket Open Started...

<<<----  [OUT]
2021/01/23 16:31:02:813

Socket Open Completed...

<<<----  [OUT]
2021/01/23 16:31:02:813

Connecting Started...

<<<----  [OUT]
2021/01/23 16:31:02:875

Auto-Start Completed ...  (Active)

<<<----  [OUT]
2021/01/23 16:31:23:854

I can't connect with the passive [192.168.100.113/5000] error_code:10060 !

<<<----  [OUT]
2021/01/23 16:31:26:340

Connecting Started...

<<<----  [OUT]
2021/01/23 16:31:47:376

I can't connect with the passive [192.168.100.113/5000] error_code:10060 !

<<<----  [OUT]
2021/01/23 16:31:49:855

Connecting Started...

<<<----  [OUT]
2021/01/23 16:32:10:885

I can't connect with the passive [192.168.100.113/5000] error_code:10060 !

<<<----  [OUT]
2021/01/23 16:32:13:371

Connecting Started...

<<<----  [OUT]
2021/01/23 16:32:34:404

I can't connect with the passive [192.168.100.113/5000] error_code:10060 !

<<<----  [OUT]
2021/01/23 16:32:36:886

Connecting Started...

<<<----  [OUT]
2021/01/23 16:32:57:912

I can't connect with the passive [192.168.100.113/5000] error_code:10060 !

<<<----  [OUT]
2021/01/23 16:33:00:402

Connecting Started...

<<<----  [OUT]
2021/01/23 16:33:21:440

I can't connect with the passive [192.168.100.113/5000] error_code:10060 !

<<<----  [OUT]
2021/01/23 16:33:23:917

Connecting Started...

<<<----  [OUT]
2021/01/23 16:33:44:955

I can't connect with the passive [192.168.100.113/5000] error_code:10060 !

<<<----  [OUT]
2021/01/23 16:33:47:432

Connecting Started...

<<<----  [OUT]
2021/01/23 16:34:08:464

I can't connect with the passive [192.168.100.113/5000] error_code:10060 !

<<<----  [OUT]
2021/01/23 16:34:10:948

Connecting Started...

<<<----  [OUT]
2021/01/23 16:34:31:982

I can't connect with the passive [192.168.100.113/5000] error_code:10060 !

<<<----  [OUT]
2021/01/23 16:34:34:465

Connecting Started...

<<<----  [OUT]
2021/01/23 16:34:55:505

I can't connect with the passive [192.168.100.113/5000] error_code:10060 !

<<<----  [OUT]
2021/01/23 16:34:57:995

Connecting Started...

<<<----  [OUT]
2021/01/23 16:35:19:009

I can't connect with the passive [192.168.100.113/5000] error_code:10060 !

<<<----  [OUT]
2021/01/23 16:35:21:495

Connecting Started...

<<<----  [OUT]
2021/01/23 16:35:42:532

I can't connect with the passive [192.168.100.113/5000] error_code:10060 !

<<<----  [OUT]
2021/01/23 16:35:45:011

Connecting Started...

<<<----  [OUT]
2021/01/23 16:36:06:045

I can't connect with the passive [192.168.100.113/5000] error_code:10060 !

<<<----  [OUT]
2021/01/23 16:36:08:527

Connecting Started...

<<<----  [OUT]
2021/01/23 16:36:29:553

I can't connect with the passive [192.168.100.113/5000] error_code:10060 !

<<<----  [OUT]
2021/01/23 16:36:32:042

Connecting Started...

<<<----  [OUT]
2021/01/23 16:36:53:090

I can't connect with the passive [192.168.100.113/5000] error_code:10060 !

<<<----  [OUT]
2021/01/23 16:36:55:574

Connecting Started...

<<<----  [OUT]
2021/01/23 16:37:16:617

I can't connect with the passive [192.168.100.113/5000] error_code:10060 !

<<<----  [OUT]
2021/01/23 16:37:19:104

Connecting Started...

<<<----  [OUT]
2021/01/23 16:37:40:144

I can't connect with the passive [192.168.100.113/5000] error_code:10060 !

<<<----  [OUT]
2021/01/23 16:37:42:621

Connecting Started...

<<<----  [OUT]
2021/01/23 16:38:03:663

I can't connect with the passive [192.168.100.113/5000] error_code:10060 !

<<<----  [OUT]
2021/01/23 16:38:06:152

Connecting Started...

<<<----  [OUT]
2021/01/23 16:38:27:197

I can't connect with the passive [192.168.100.113/5000] error_code:10060 !

<<<----  [OUT]
2021/01/23 16:38:29:683

Connecting Started...

<<<----  [OUT]
2021/01/23 16:38:50:719

I can't connect with the passive [192.168.100.113/5000] error_code:10060 !

<<<----  [OUT]
2021/01/23 16:38:53:199

Connecting Started...

<<<----  [OUT]
2021/01/23 16:39:14:236

I can't connect with the passive [192.168.100.113/5000] error_code:10060 !

<<<----  [OUT]
2021/01/23 16:39:16:715

Connecting Started...

<<<----  [OUT]
2021/01/23 16:39:37:750

I can't connect with the passive [192.168.100.113/5000] error_code:10060 !

<<<----  [OUT]
2021/01/23 16:39:40:230

Connecting Started...

<<<----  [OUT]
2021/01/23 16:40:01:353

I can't connect with the passive [192.168.100.113/5000] error_code:10060 !

<<<----  [OUT]
2021/01/23 16:40:03:840

Connecting Started...

<<<----  [OUT]
2021/01/23 16:40:24:873

I can't connect with the passive [192.168.100.113/5000] error_code:10060 !

<<<----  [OUT]
2021/01/23 16:40:27:355

Connecting Started...

<<<----  [OUT]
2021/01/23 16:40:48:390

I can't connect with the passive [192.168.100.113/5000] error_code:10060 !

<<<----  [OUT]
2021/01/23 16:40:50:870

Connecting Started...

<<<----  [OUT]
2021/01/23 16:41:11:909

I can't connect with the passive [192.168.100.113/5000] error_code:10060 !

<<<----  [OUT]
2021/01/23 16:41:14:386

Connecting Started...

<<<----  [OUT]
2021/01/23 16:41:35:420

I can't connect with the passive [192.168.100.113/5000] error_code:10060 !

<<<----  [OUT]
2021/01/23 16:41:37:902

Connecting Started...

<<<----  [OUT]
2021/01/23 16:41:58:957

I can't connect with the passive [192.168.100.113/5000] error_code:10060 !

<<<----  [OUT]
2021/01/23 16:42:01:432

Connecting Started...

<<<----  [OUT]
2021/01/23 16:42:22:470

I can't connect with the passive [192.168.100.113/5000] error_code:10060 !

<<<----  [OUT]
2021/01/23 16:42:24:948

Connecting Started...

<<<----  [OUT]
2021/01/23 16:42:45:997

I can't connect with the passive [192.168.100.113/5000] error_code:10060 !

<<<----  [OUT]
2021/01/23 16:42:48:480

Connecting Started...

<<<----  [OUT]
2021/01/23 16:43:09:528

I can't connect with the passive [192.168.100.113/5000] error_code:10060 !

<<<----  [OUT]
2021/01/23 16:43:12:012

Connecting Started...

<<<----  [OUT]
2021/01/23 16:43:33:053

I can't connect with the passive [192.168.100.113/5000] error_code:10060 !

<<<----  [OUT]
2021/01/23 16:43:35:543

Connecting Started...

<<<----  [OUT]
2021/01/23 16:43:56:588

I can't connect with the passive [192.168.100.113/5000] error_code:10060 !

<<<----  [OUT]
2021/01/23 16:43:59:074

Connecting Started...

<<<----  [OUT]
2021/01/23 16:44:20:105

I can't connect with the passive [192.168.100.113/5000] error_code:10060 !

<<<----  [OUT]
2021/01/23 16:44:22:589

Connecting Started...

<<<----  [OUT]
2021/01/23 16:44:43:630

I can't connect with the passive [192.168.100.113/5000] error_code:10060 !

<<<----  [OUT]
2021/01/23 16:44:46:121

Connecting Started...

<<<----  [OUT]
2021/01/23 16:45:07:160

I can't connect with the passive [192.168.100.113/5000] error_code:10060 !

<<<----  [OUT]
2021/01/23 16:45:09:637

Connecting Started...

<<<----  [OUT]
2021/01/23 16:45:30:672

I can't connect with the passive [192.168.100.113/5000] error_code:10060 !

<<<----  [OUT]
2021/01/23 16:45:33:152

Connecting Started...

<<<----  [OUT]
2021/01/23 16:45:54:192

I can't connect with the passive [192.168.100.113/5000] error_code:10060 !

<<<----  [OUT]
2021/01/23 16:45:56:683

Connecting Started...

<<<----  [OUT]
2021/01/23 16:46:17:733

I can't connect with the passive [192.168.100.113/5000] error_code:10060 !

<<<----  [OUT]
2021/01/23 16:46:20:215

Connecting Started...

<<<----  [OUT]
2021/01/23 16:46:41:272

I can't connect with the passive [192.168.100.113/5000] error_code:10060 !

<<<----  [OUT]
2021/01/23 16:46:43:761

Connecting Started...

<<<----  [OUT]
2021/01/23 16:47:04:802

I can't connect with the passive [192.168.100.113/5000] error_code:10060 !

<<<----  [OUT]
2021/01/23 16:47:07:293

Connecting Started...

<<<----  [OUT]
2021/01/23 16:47:28:339

I can't connect with the passive [192.168.100.113/5000] error_code:10060 !

<<<----  [OUT]
2021/01/23 16:47:30:824

Connecting Started...

<<<----  [OUT]
2021/01/23 16:47:51:867

I can't connect with the passive [192.168.100.113/5000] error_code:10060 !

<<<----  [OUT]
2021/01/23 16:47:54:356

Connecting Started...

<<<----  [OUT]
2021/01/23 16:48:15:386

I can't connect with the passive [192.168.100.113/5000] error_code:10060 !

<<<----  [OUT]
2021/01/23 16:48:17:871

Connecting Started...

<<<----  [OUT]
2021/01/23 16:48:38:931

I can't connect with the passive [192.168.100.113/5000] error_code:10060 !

<<<----  [OUT]
2021/01/23 16:48:41:417

Connecting Started...

<<<----  [OUT]
2021/01/23 16:49:02:455

I can't connect with the passive [192.168.100.113/5000] error_code:10060 !

<<<----  [OUT]
2021/01/23 16:49:04:933

Connecting Started...

<<<----  [OUT]
2021/01/23 16:49:25:973

I can't connect with the passive [192.168.100.113/5000] error_code:10060 !

<<<----  [OUT]
2021/01/23 16:49:28:465

Connecting Started...

<<<----  [OUT]
2021/01/23 16:49:49:491

I can't connect with the passive [192.168.100.113/5000] error_code:10060 !

<<<----  [OUT]
2021/01/23 16:49:51:979

Connecting Started...

<<<----  [OUT]
2021/01/23 16:50:13:029

I can't connect with the passive [192.168.100.113/5000] error_code:10060 !

<<<----  [OUT]
2021/01/23 16:50:15:511

Connecting Started...

<<<----  [OUT]
2021/01/23 16:50:36:530

I can't connect with the passive [192.168.100.113/5000] error_code:10060 !

<<<----  [OUT]
2021/01/23 16:50:39:012

Connecting Started...

<<<----  [OUT]
2021/01/23 16:51:00:045

I can't connect with the passive [192.168.100.113/5000] error_code:10060 !

<<<----  [OUT]
2021/01/23 16:51:02:527

Connecting Started...

<<<----  [OUT]
2021/01/23 16:51:23:555

I can't connect with the passive [192.168.100.113/5000] error_code:10060 !

<<<----  [OUT]
2021/01/23 16:51:26:042

Connecting Started...

<<<----  [OUT]
2021/01/23 16:51:47:070

I can't connect with the passive [192.168.100.113/5000] error_code:10060 !

<<<----  [OUT]
2021/01/23 16:51:49:559

Connecting Started...

<<<----  [OUT]
2021/01/23 16:52:10:594

I can't connect with the passive [192.168.100.113/5000] error_code:10060 !

<<<----  [OUT]
2021/01/23 16:52:13:076

Connecting Started...

<<<----  [OUT]
2021/01/23 16:52:34:121

I can't connect with the passive [192.168.100.113/5000] error_code:10060 !

<<<----  [OUT]
2021/01/23 16:52:36:604

Connecting Started...

<<<----  [OUT]
2021/01/23 16:52:57:627

I can't connect with the passive [192.168.100.113/5000] error_code:10060 !

<<<----  [OUT]
2021/01/23 16:53:00:105

Connecting Started...

<<<----  [OUT]
2021/01/23 16:53:21:131

I can't connect with the passive [192.168.100.113/5000] error_code:10060 !

<<<----  [OUT]
2021/01/23 16:53:23:621

Connecting Started...

<<<----  [OUT]
2021/01/23 16:53:44:645

I can't connect with the passive [192.168.100.113/5000] error_code:10060 !

<<<----  [OUT]
2021/01/23 16:53:47:137

Connecting Started...

<<<----  [OUT]
2021/01/23 16:54:08:150

I can't connect with the passive [192.168.100.113/5000] error_code:10060 !

<<<----  [OUT]
2021/01/23 16:54:10:636

Connecting Started...

<<<----  [OUT]
2021/01/23 16:54:31:684

I can't connect with the passive [192.168.100.113/5000] error_code:10060 !

<<<----  [OUT]
2021/01/23 16:54:34:167

Connecting Started...

<<<----  [OUT]
2021/01/23 16:54:55:206

I can't connect with the passive [192.168.100.113/5000] error_code:10060 !

<<<----  [OUT]
2021/01/23 16:54:57:684

Connecting Started...

<<<----  [OUT]
2021/01/23 16:55:18:746

I can't connect with the passive [192.168.100.113/5000] error_code:10060 !

<<<----  [OUT]
2021/01/23 16:55:21:231

Connecting Started...

<<<----  [OUT]
2021/01/23 16:55:42:270

I can't connect with the passive [192.168.100.113/5000] error_code:10060 !

<<<----  [OUT]
2021/01/23 16:55:44:762

Connecting Started...

<<<----  [OUT]
2021/01/23 16:56:05:795

I can't connect with the passive [192.168.100.113/5000] error_code:10060 !

<<<----  [OUT]
2021/01/23 16:56:08:277

Connecting Started...

<<<----  [OUT]
2021/01/23 16:56:29:318

I can't connect with the passive [192.168.100.113/5000] error_code:10060 !

<<<----  [OUT]
2021/01/23 16:56:31:808

Connecting Started...

<<<----  [OUT]
2021/01/23 16:56:52:836

I can't connect with the passive [192.168.100.113/5000] error_code:10060 !

<<<----  [OUT]
2021/01/23 16:56:55:323

Connecting Started...

<<<----  [OUT]
2021/01/23 16:57:16:368

I can't connect with the passive [192.168.100.113/5000] error_code:10060 !

<<<----  [OUT]
2021/01/23 16:57:18:854

Connecting Started...

<<<----  [OUT]
2021/01/23 16:57:39:882

I can't connect with the passive [192.168.100.113/5000] error_code:10060 !

<<<----  [OUT]
2021/01/23 16:57:42:370

Connecting Started...

<<<----  [OUT]
2021/01/23 16:58:03:394

I can't connect with the passive [192.168.100.113/5000] error_code:10060 !

<<<----  [OUT]
2021/01/23 16:58:05:871

Connecting Started...

<<<----  [OUT]
2021/01/23 16:58:26:900

I can't connect with the passive [192.168.100.113/5000] error_code:10060 !

<<<----  [OUT]
2021/01/23 16:58:29:386

Connecting Started...

<<<----  [OUT]
2021/01/23 16:58:50:417

I can't connect with the passive [192.168.100.113/5000] error_code:10060 !

<<<----  [OUT]
2021/01/23 16:58:52:902

Connecting Started...

<<<----  [OUT]
2021/01/23 16:59:13:931

I can't connect with the passive [192.168.100.113/5000] error_code:10060 !

<<<----  [OUT]
2021/01/23 16:59:16:417

Connecting Started...

<<<----  [OUT]
2021/01/23 16:59:37:450

I can't connect with the passive [192.168.100.113/5000] error_code:10060 !

<<<----  [OUT]
2021/01/23 16:59:39:934

Connecting Started...
