
<<<----  [OUT]
2021/01/23 17:00:00:981

I can't connect with the passive [192.168.100.113/5000] error_code:10060 !

<<<----  [OUT]
2021/01/23 17:00:03:464

Connecting Started...

<<<----  [OUT]
2021/01/23 17:00:24:498

I can't connect with the passive [192.168.100.113/5000] error_code:10060 !

<<<----  [OUT]
2021/01/23 17:00:26:980

Connecting Started...

<<<----  [OUT]
2021/01/23 17:00:48:012

I can't connect with the passive [192.168.100.113/5000] error_code:10060 !

<<<----  [OUT]
2021/01/23 17:00:50:496

Connecting Started...

<<<----  [OUT]
2021/01/23 17:01:11:542

I can't connect with the passive [192.168.100.113/5000] error_code:10060 !

<<<----  [OUT]
2021/01/23 17:01:14:026

Connecting Started...

<<<----  [OUT]
2021/01/23 17:01:35:070

I can't connect with the passive [192.168.100.113/5000] error_code:10060 !

<<<----  [OUT]
2021/01/23 17:01:37:557

Connecting Started...

<<<----  [OUT]
2021/01/23 17:01:58:595

I can't connect with the passive [192.168.100.113/5000] error_code:10060 !

<<<----  [OUT]
2021/01/23 17:02:01:075

Connecting Started...

<<<----  [OUT]
2021/01/23 17:02:22:113

I can't connect with the passive [192.168.100.113/5000] error_code:10060 !

<<<----  [OUT]
2021/01/23 17:02:24:606

Connecting Started...

<<<----  [OUT]
2021/01/23 17:02:45:644

I can't connect with the passive [192.168.100.113/5000] error_code:10060 !

<<<----  [OUT]
2021/01/23 17:02:48:120

Connecting Started...

<<<----  [OUT]
2021/01/23 17:03:09:148

I can't connect with the passive [192.168.100.113/5000] error_code:10060 !

<<<----  [OUT]
2021/01/23 17:03:11:635

Connecting Started...

<<<----  [OUT]
2021/01/23 17:03:32:658

I can't connect with the passive [192.168.100.113/5000] error_code:10060 !

<<<----  [OUT]
2021/01/23 17:03:35:136

Connecting Started...

<<<----  [OUT]
2021/01/23 17:03:56:169

I can't connect with the passive [192.168.100.113/5000] error_code:10060 !

<<<----  [OUT]
2021/01/23 17:03:58:653

Connecting Started...

<<<----  [OUT]
2021/01/23 17:04:19:701

I can't connect with the passive [192.168.100.113/5000] error_code:10060 !

<<<----  [OUT]
2021/01/23 17:04:22:184

Connecting Started...

<<<----  [OUT]
2021/01/23 17:04:43:231

I can't connect with the passive [192.168.100.113/5000] error_code:10060 !

<<<----  [OUT]
2021/01/23 17:04:45:714

Connecting Started...

<<<----  [OUT]
2021/01/23 17:05:06:745

I can't connect with the passive [192.168.100.113/5000] error_code:10060 !

<<<----  [OUT]
2021/01/23 17:05:09:231

Connecting Started...

<<<----  [OUT]
2021/01/23 17:05:30:259

I can't connect with the passive [192.168.100.113/5000] error_code:10060 !

<<<----  [OUT]
2021/01/23 17:05:32:746

Connecting Started...

<<<----  [OUT]
2021/01/23 17:05:53:783

I can't connect with the passive [192.168.100.113/5000] error_code:10060 !

<<<----  [OUT]
2021/01/23 17:05:56:262

Connecting Started...

<<<----  [OUT]
2021/01/23 17:06:17:291

I can't connect with the passive [192.168.100.113/5000] error_code:10060 !

<<<----  [OUT]
2021/01/23 17:06:19:776

Connecting Started...

<<<----  [OUT]
2021/01/23 17:06:40:845

I can't connect with the passive [192.168.100.113/5000] error_code:10060 !

<<<----  [OUT]
2021/01/23 17:06:43:323

Connecting Started...

<<<----  [OUT]
2021/01/23 17:07:04:377

I can't connect with the passive [192.168.100.113/5000] error_code:10060 !

<<<----  [OUT]
2021/01/23 17:07:06:855

Connecting Started...

<<<----  [OUT]
2021/01/23 17:07:27:900

I can't connect with the passive [192.168.100.113/5000] error_code:10060 !

<<<----  [OUT]
2021/01/23 17:07:30:386

Connecting Started...

<<<----  [OUT]
2021/01/23 17:07:51:424

I can't connect with the passive [192.168.100.113/5000] error_code:10060 !

<<<----  [OUT]
2021/01/23 17:07:53:901

Connecting Started...

<<<----  [OUT]
2021/01/23 17:08:14:951

I can't connect with the passive [192.168.100.113/5000] error_code:10060 !

<<<----  [OUT]
2021/01/23 17:08:17:432

Connecting Started...

<<<----  [OUT]
2021/01/23 17:08:38:485

I can't connect with the passive [192.168.100.113/5000] error_code:10060 !

<<<----  [OUT]
2021/01/23 17:08:40:965

Connecting Started...

<<<----  [OUT]
2021/01/23 17:09:02:006

I can't connect with the passive [192.168.100.113/5000] error_code:10060 !

<<<----  [OUT]
2021/01/23 17:09:04:496

Connecting Started...

<<<----  [OUT]
2021/01/23 17:09:25:532

I can't connect with the passive [192.168.100.113/5000] error_code:10060 !

<<<----  [OUT]
2021/01/23 17:09:28:011

Connecting Started...

<<<----  [OUT]
2021/01/23 17:09:49:046

I can't connect with the passive [192.168.100.113/5000] error_code:10060 !

<<<----  [OUT]
2021/01/23 17:09:51:527

Connecting Started...

<<<----  [OUT]
2021/01/23 17:10:12:583

I can't connect with the passive [192.168.100.113/5000] error_code:10060 !

<<<----  [OUT]
2021/01/23 17:10:15:074

Connecting Started...

<<<----  [OUT]
2021/01/23 17:10:36:095

I can't connect with the passive [192.168.100.113/5000] error_code:10060 !

<<<----  [OUT]
2021/01/23 17:10:38:573

Connecting Started...

<<<----  [OUT]
2021/01/23 17:10:59:612

I can't connect with the passive [192.168.100.113/5000] error_code:10060 !

<<<----  [OUT]
2021/01/23 17:11:02:090

Connecting Started...

<<<----  [OUT]
2021/01/23 17:11:23:120

I can't connect with the passive [192.168.100.113/5000] error_code:10060 !

<<<----  [OUT]
2021/01/23 17:11:25:604

Connecting Started...

<<<----  [OUT]
2021/01/23 17:11:46:642

I can't connect with the passive [192.168.100.113/5000] error_code:10060 !

<<<----  [OUT]
2021/01/23 17:11:49:121

Connecting Started...

<<<----  [OUT]
2021/01/23 17:12:10:160

I can't connect with the passive [192.168.100.113/5000] error_code:10060 !

<<<----  [OUT]
2021/01/23 17:12:12:637

Connecting Started...

<<<----  [OUT]
2021/01/23 17:12:33:671

I can't connect with the passive [192.168.100.113/5000] error_code:10060 !

<<<----  [OUT]
2021/01/23 17:12:36:152

Connecting Started...

<<<----  [OUT]
2021/01/23 17:12:57:183

I can't connect with the passive [192.168.100.113/5000] error_code:10060 !

<<<----  [OUT]
2021/01/23 17:12:59:668

Connecting Started...

<<<----  [OUT]
2021/01/23 17:13:20:716

I can't connect with the passive [192.168.100.113/5000] error_code:10060 !

<<<----  [OUT]
2021/01/23 17:13:23:198

Connecting Started...

<<<----  [OUT]
2021/01/23 17:13:44:248

I can't connect with the passive [192.168.100.113/5000] error_code:10060 !

<<<----  [OUT]
2021/01/23 17:13:46:730

Connecting Started...

<<<----  [OUT]
2021/01/23 17:14:07:772

I can't connect with the passive [192.168.100.113/5000] error_code:10060 !

<<<----  [OUT]
2021/01/23 17:14:10:260

Connecting Started...

<<<----  [OUT]
2021/01/23 17:14:31:290

I can't connect with the passive [192.168.100.113/5000] error_code:10060 !

<<<----  [OUT]
2021/01/23 17:14:33:777

Connecting Started...

<<<----  [OUT]
2021/01/23 17:14:54:818

I can't connect with the passive [192.168.100.113/5000] error_code:10060 !

<<<----  [OUT]
2021/01/23 17:14:57:308

Connecting Started...

<<<----  [OUT]
2021/01/23 17:15:18:349

I can't connect with the passive [192.168.100.113/5000] error_code:10060 !

<<<----  [OUT]
2021/01/23 17:15:20:840

Connecting Started...

<<<----  [OUT]
2021/01/23 17:15:41:880

I can't connect with the passive [192.168.100.113/5000] error_code:10060 !

<<<----  [OUT]
2021/01/23 17:15:44:371

Connecting Started...

<<<----  [OUT]
2021/01/23 17:16:05:407

I can't connect with the passive [192.168.100.113/5000] error_code:10060 !

<<<----  [OUT]
2021/01/23 17:16:07:887

Connecting Started...

<<<----  [OUT]
2021/01/23 17:16:28:944

I can't connect with the passive [192.168.100.113/5000] error_code:10060 !

<<<----  [OUT]
2021/01/23 17:16:31:433

Connecting Started...

<<<----  [OUT]
2021/01/23 17:16:52:488

I can't connect with the passive [192.168.100.113/5000] error_code:10060 !

<<<----  [OUT]
2021/01/23 17:16:54:965

Connecting Started...

<<<----  [OUT]
2021/01/23 17:17:16:015

I can't connect with the passive [192.168.100.113/5000] error_code:10060 !

<<<----  [OUT]
2021/01/23 17:17:18:495

Connecting Started...

<<<----  [OUT]
2021/01/23 17:17:39:534

I can't connect with the passive [192.168.100.113/5000] error_code:10060 !

<<<----  [OUT]
2021/01/23 17:17:42:011

Connecting Started...

<<<----  [OUT]
2021/01/23 17:18:03:055

I can't connect with the passive [192.168.100.113/5000] error_code:10060 !

<<<----  [OUT]
2021/01/23 17:18:05:543

Connecting Started...

<<<----  [OUT]
2021/01/23 17:18:26:579

I can't connect with the passive [192.168.100.113/5000] error_code:10060 !

<<<----  [OUT]
2021/01/23 17:18:29:059

Connecting Started...

<<<----  [OUT]
2021/01/23 17:18:50:087

I can't connect with the passive [192.168.100.113/5000] error_code:10060 !

<<<----  [OUT]
2021/01/23 17:18:52:573

Connecting Started...

<<<----  [OUT]
2021/01/23 17:38:50:143

---------------------------------------------------------------------
// FA : Start Log ...


<<<----  [OUT]
2021/01/23 17:38:50:147

//-------------------------------------------------------------
Property Information

   Driver Type [HSMS]
   Driver Mode [ACTIVE]
   IP    [192.168.100.113]
   Port  [5000]
//-------------------------------------------------------------


<<<----  [OUT]
2021/01/23 17:38:50:749

Auto-Start Started ... (Active)

<<<----  [OUT]
2021/01/23 17:38:50:840

Auto-Start Started ...  Waiting Stop-Connection.

<<<----  [OUT]
2021/01/23 17:38:50:840

Auto-Start Started ...  Waiting Open-Socket.

<<<----  [OUT]
2021/01/23 17:38:50:870

Socket Open Started...

<<<----  [OUT]
2021/01/23 17:38:50:870

Socket Open Completed...

<<<----  [OUT]
2021/01/23 17:38:50:870

Connecting Started...

<<<----  [OUT]
2021/01/23 17:38:50:930

Auto-Start Completed ...  (Active)

<<<----  [OUT]
2021/01/23 17:39:11:919

I can't connect with the passive [192.168.100.113/5000] error_code:10060 !

<<<----  [OUT]
2021/01/23 17:39:14:402

Connecting Started...

<<<----  [OUT]
2021/01/23 17:39:35:424

I can't connect with the passive [192.168.100.113/5000] error_code:10060 !

<<<----  [OUT]
2021/01/23 17:39:37:903

Connecting Started...

<<<----  [OUT]
2021/01/23 17:39:58:952

I can't connect with the passive [192.168.100.113/5000] error_code:10060 !

<<<----  [OUT]
2021/01/23 17:40:01:433

Connecting Started...

<<<----  [OUT]
2021/01/23 17:40:22:491

I can't connect with the passive [192.168.100.113/5000] error_code:10060 !

<<<----  [OUT]
2021/01/23 17:40:24:980

Connecting Started...

<<<----  [OUT]
2021/01/23 17:40:46:038

I can't connect with the passive [192.168.100.113/5000] error_code:10060 !

<<<----  [OUT]
2021/01/23 17:40:48:527

Connecting Started...

<<<----  [OUT]
2021/01/23 17:51:20:675

---------------------------------------------------------------------
// FA : Start Log ...


<<<----  [OUT]
2021/01/23 17:51:20:678

//-------------------------------------------------------------
Property Information

   Driver Type [HSMS]
   Driver Mode [ACTIVE]
   IP    [192.168.100.113]
   Port  [5000]
//-------------------------------------------------------------


<<<----  [OUT]
2021/01/23 17:51:21:281

Auto-Start Started ... (Active)

<<<----  [OUT]
2021/01/23 17:51:21:372

Auto-Start Started ...  Waiting Stop-Connection.

<<<----  [OUT]
2021/01/23 17:51:21:372

Auto-Start Started ...  Waiting Open-Socket.

<<<----  [OUT]
2021/01/23 17:51:21:401

Socket Open Started...

<<<----  [OUT]
2021/01/23 17:51:21:401

Socket Open Completed...

<<<----  [OUT]
2021/01/23 17:51:21:401

Connecting Started...

<<<----  [OUT]
2021/01/23 17:51:21:462

Auto-Start Completed ...  (Active)

<<<----  [OUT]
2021/01/23 17:51:42:435

I can't connect with the passive [192.168.100.113/5000] error_code:10060 !

<<<----  [OUT]
2021/01/23 17:51:44:918

Connecting Started...

<<<----  [OUT]
2021/01/23 17:52:05:962

I can't connect with the passive [192.168.100.113/5000] error_code:10060 !

<<<----  [OUT]
2021/01/23 17:52:08:449

Connecting Started...

<<<----  [OUT]
2021/01/23 17:52:29:474

I can't connect with the passive [192.168.100.113/5000] error_code:10060 !

<<<----  [OUT]
2021/01/23 17:52:31:965

Connecting Started...

<<<----  [OUT]
2021/01/23 17:52:53:001

I can't connect with the passive [192.168.100.113/5000] error_code:10060 !

<<<----  [OUT]
2021/01/23 17:52:55:479

Connecting Started...

<<<----  [OUT]
2021/01/23 17:53:16:538

I can't connect with the passive [192.168.100.113/5000] error_code:10060 !

<<<----  [OUT]
2021/01/23 17:53:19:027

Connecting Started...
