@LINE	
STATUS	
GUI-100	
-1	
2021.06.18 01:45:44:380	
POST	
START	
	
#LINE=START	
#TYPE=ALARM	
#LEVEL=HEAVY	
#MODULE=CTC	
#ID=101	
#TIME=2021.06.18 01:46:42:508	
#RESULT=POST	
#TITLE=DB_CFG - Simulation mode is active !	
#MSG=START	
	
#MSG=END	
#LINE=END	

#LINE=START	
#TYPE=ALARM	
#LEVEL=WARNING	
#MODULE=CTC	
#ID=102	
#TIME=2021.06.18 01:46:42:508	
#RESULT=POST	
#TITLE=DB_CFG - TMC-Dummy mode is active !	
#MSG=START	
 * "DB_CFG+SCH_TEST.CFG.TMC_DUMMY_BY_CTC" <- "YES" 

	
#MSG=END	
#LINE=END	

#LINE=START	
#TYPE=ALARM	
#LEVEL=LIGHT	
#MODULE=CTC	
#ID=111	
#TIME=2021.06.18 01:46:42:508	
#RESULT=POST	
#TITLE=DB_CFG - PM1-Dummy mode is active !	
#MSG=START	
 * "DB_CFG+SCH_TEST.CFG.PM1_DUMMY_BY_CTC" <- "YES" 

	
#MSG=END	
#LINE=END	

#LINE=START	
#TYPE=ALARM	
#LEVEL=LIGHT	
#MODULE=CTC	
#ID=112	
#TIME=2021.06.18 01:46:42:508	
#RESULT=POST	
#TITLE=DB_CFG - PM2-Dummy mode is active !	
#MSG=START	
 * "DB_CFG+SCH_TEST.CFG.PM2_DUMMY_BY_CTC" <- "YES" 

	
#MSG=END	
#LINE=END	

#LINE=START	
#TYPE=ALARM	
#LEVEL=LIGHT	
#MODULE=CTC	
#ID=113	
#TIME=2021.06.18 01:46:42:508	
#RESULT=POST	
#TITLE=DB_CFG - PM3-Dummy mode is active !	
#MSG=START	
 * "DB_CFG+SCH_TEST.CFG.PM3_DUMMY_BY_CTC" <- "YES" 

	
#MSG=END	
#LINE=END	

#LINE=START	
#TYPE=ALARM	
#LEVEL=LIGHT	
#MODULE=CTC	
#ID=114	
#TIME=2021.06.18 01:46:42:508	
#RESULT=POST	
#TITLE=DB_CFG - PM4-Dummy mode is active !	
#MSG=START	
 * "DB_CFG+SCH_TEST.CFG.PM4_DUMMY_BY_CTC" <- "YES" 

	
#MSG=END	
#LINE=END	

@LINE	
STATUS	
GUI-100	
-1	
2021.06.18 01:47:20:404	
POST	
STOP	
	
@LINE	
STATUS	
GUI-100	
-1	
2021.06.18 09:59:09:836	
POST	
START	
	
#LINE=START	
#TYPE=ALARM	
#LEVEL=HEAVY	
#MODULE=CTC	
#ID=101	
#TIME=2021.06.18 09:58:55:366	
#RESULT=POST	
#TITLE=DB_CFG - Simulation mode is active !	
#MSG=START	
	
#MSG=END	
#LINE=END	

#LINE=START	
#TYPE=ALARM	
#LEVEL=WARNING	
#MODULE=CTC	
#ID=102	
#TIME=2021.06.18 09:58:55:366	
#RESULT=POST	
#TITLE=DB_CFG - TMC-Dummy mode is active !	
#MSG=START	
 * "DB_CFG+SCH_TEST.CFG.TMC_DUMMY_BY_CTC" <- "YES" 

	
#MSG=END	
#LINE=END	

#LINE=START	
#TYPE=ALARM	
#LEVEL=LIGHT	
#MODULE=CTC	
#ID=111	
#TIME=2021.06.18 09:58:55:366	
#RESULT=POST	
#TITLE=DB_CFG - PM1-Dummy mode is active !	
#MSG=START	
 * "DB_CFG+SCH_TEST.CFG.PM1_DUMMY_BY_CTC" <- "YES" 

	
#MSG=END	
#LINE=END	

#LINE=START	
#TYPE=ALARM	
#LEVEL=LIGHT	
#MODULE=CTC	
#ID=112	
#TIME=2021.06.18 09:58:55:366	
#RESULT=POST	
#TITLE=DB_CFG - PM2-Dummy mode is active !	
#MSG=START	
 * "DB_CFG+SCH_TEST.CFG.PM2_DUMMY_BY_CTC" <- "YES" 

	
#MSG=END	
#LINE=END	

#LINE=START	
#TYPE=ALARM	
#LEVEL=LIGHT	
#MODULE=CTC	
#ID=113	
#TIME=2021.06.18 09:58:55:366	
#RESULT=POST	
#TITLE=DB_CFG - PM3-Dummy mode is active !	
#MSG=START	
 * "DB_CFG+SCH_TEST.CFG.PM3_DUMMY_BY_CTC" <- "YES" 

	
#MSG=END	
#LINE=END	

#LINE=START	
#TYPE=ALARM	
#LEVEL=LIGHT	
#MODULE=CTC	
#ID=114	
#TIME=2021.06.18 09:58:55:366	
#RESULT=POST	
#TITLE=DB_CFG - PM4-Dummy mode is active !	
#MSG=START	
 * "DB_CFG+SCH_TEST.CFG.PM4_DUMMY_BY_CTC" <- "YES" 

	
#MSG=END	
#LINE=END	

@LINE	
STATUS	
GUI-100	
-1	
2021.06.18 10:00:18:975	
POST	
STOP	
	
@LINE	
STATUS	
GUI-100	
-1	
2021.06.18 11:27:12:918	
POST	
START	
	
#LINE=START	
#TYPE=ALARM	
#LEVEL=LIGHT	
#MODULE=PM1	
#ID=401	
#TIME=2021.06.18 11:26:46:692	
#RESULT=POST	
#TITLE=DB_SYS - Simulation mode is active !	
#MSG=START	
	
#MSG=END	
#LINE=END	

#LINE=START	
#TYPE=ALARM	
#LEVEL=LIGHT	
#MODULE=PM1	
#ID=1	
#TIME=2021.06.18 11:27:53:926	
#RESULT=POST	
#TITLE=DB_SYS - Simulation mode is active !	
#MSG=START	
	
#MSG=END	
#LINE=END	

#LINE=START	
#TYPE=ALARM	
#LEVEL=LIGHT	
#MODULE=PM1	
#ID=401	
#TIME=2021.06.18 11:28:55:959	
#RESULT=POST	
#TITLE=DB_SYS - Simulation mode is active !	
#MSG=START	
	
#MSG=END	
#LINE=END	

#LINE=START	
#TYPE=ALARM	
#LEVEL=LIGHT	
#MODULE=PM1	
#ID=816	
#TIME=2021.06.18 11:31:01:683	
#RESULT=POST	
#TITLE=FNC_PROC - Do you want to convert the status of wafer ? 
	
#MSG=START	
The lot ID of wafer is "". 
The port ID of wafer is "". 
The slot ID of wafer is "". 
The recipe name of wafer is "PRC\TEST1". 

If you click "YES", the status of wafer will be converted to "PROCESSED". 
If you click "NO",  the status of wafer will be not changed. 
	
#MSG=END	
#LINE=END	

#LINE=START	
#TYPE=ALARM	
#LEVEL=LIGHT	
#MODULE=PM1	
#ID=816	
#TIME=2021.06.18 11:31:04:274	
#RESULT=NO	
#TITLE=FNC_PROC - Do you want to convert the status of wafer ? 
	
#MSG=START	
The lot ID of wafer is "". 
The port ID of wafer is "". 
The slot ID of wafer is "". 
The recipe name of wafer is "PRC\TEST1". 

If you click "YES", the status of wafer will be converted to "PROCESSED". 
If you click "NO",  the status of wafer will be not changed. 
	
#MSG=END	
#LINE=END	

#LINE=START	
#TYPE=ALARM	
#LEVEL=LIGHT	
#MODULE=PM1	
#ID=816	
#TIME=2021.06.18 11:37:07:913	
#RESULT=POST	
#TITLE=FNC_PROC - Do you want to convert the status of wafer ? 
	
#MSG=START	
The lot ID of wafer is "". 
The port ID of wafer is "". 
The slot ID of wafer is "". 
The recipe name of wafer is "PRC\TEST1". 

If you click "YES", the status of wafer will be converted to "PROCESSED". 
If you click "NO",  the status of wafer will be not changed. 
	
#MSG=END	
#LINE=END	

#LINE=START	
#TYPE=ALARM	
#LEVEL=LIGHT	
#MODULE=PM1	
#ID=816	
#TIME=2021.06.18 11:37:18:344	
#RESULT=NO	
#TITLE=FNC_PROC - Do you want to convert the status of wafer ? 
	
#MSG=START	
The lot ID of wafer is "". 
The port ID of wafer is "". 
The slot ID of wafer is "". 
The recipe name of wafer is "PRC\TEST1". 

If you click "YES", the status of wafer will be converted to "PROCESSED". 
If you click "NO",  the status of wafer will be not changed. 
	
#MSG=END	
#LINE=END	

@LINE	
STATUS	
GUI-100	
-1	
2021.06.18 11:48:42:986	
POST	
STOP	
	
@LINE	
STATUS	
GUI-100	
-1	
2021.06.18 11:53:45:373	
POST	
START	
	
#LINE=START	
#TYPE=ALARM	
#LEVEL=LIGHT	
#MODULE=PM1	
#ID=401	
#TIME=2021.06.18 11:53:36:880	
#RESULT=POST	
#TITLE=DB_SYS - Simulation mode is active !	
#MSG=START	
	
#MSG=END	
#LINE=END	

#LINE=START	
#TYPE=ALARM	
#LEVEL=LIGHT	
#MODULE=PM1	
#ID=816	
#TIME=2021.06.18 11:55:55:797	
#RESULT=POST	
#TITLE=FNC_PROC - Do you want to convert the status of wafer ? 
	
#MSG=START	
The lot ID of wafer is "". 
The port ID of wafer is "". 
The slot ID of wafer is "". 
The recipe name of wafer is "PRC\TEST1". 

If you click "YES", the status of wafer will be converted to "PROCESSED". 
If you click "NO",  the status of wafer will be not changed. 
	
#MSG=END	
#LINE=END	

#LINE=START	
#TYPE=ALARM	
#LEVEL=LIGHT	
#MODULE=PM1	
#ID=816	
#TIME=2021.06.18 11:55:57:419	
#RESULT=NO	
#TITLE=FNC_PROC - Do you want to convert the status of wafer ? 
	
#MSG=START	
The lot ID of wafer is "". 
The port ID of wafer is "". 
The slot ID of wafer is "". 
The recipe name of wafer is "PRC\TEST1". 

If you click "YES", the status of wafer will be converted to "PROCESSED". 
If you click "NO",  the status of wafer will be not changed. 
	
#MSG=END	
#LINE=END	

@LINE	
STATUS	
GUI-100	
-1	
2021.06.18 12:07:35:079	
POST	
STOP	
	
@LINE	
STATUS	
GUI-100	
-1	
2021.06.18 13:19:15:768	
POST	
START	
	
#LINE=START	
#TYPE=ALARM	
#LEVEL=LIGHT	
#MODULE=PM1	
#ID=401	
#TIME=2021.06.18 13:18:24:786	
#RESULT=POST	
#TITLE=DB_SYS - Simulation mode is active !	
#MSG=START	
	
#MSG=END	
#LINE=END	

#LINE=START	
#TYPE=ALARM	
#LEVEL=LIGHT	
#MODULE=PM1	
#ID=11	
#TIME=2021.06.18 13:25:24:762	
#RESULT=POST	
#TITLE=__SYS - System Error 11 - Dll Title	
#MSG=START	
#MSG_TITLE
Msg Title - Test !
##MSG
Msg Body - Test !!

System Error 11 - Dll Message	
#MSG=END	
#LINE=END	

#LINE=START	
#TYPE=WARNING	
#LEVEL=LIGHT	
#MODULE=PM1	
#ID=12	
#TIME=2021.06.18 13:25:27:936	
#RESULT=POST	
#TITLE=__SYS - SYSTEM WARNING 12	
#MSG=START	
Warning Message 
 1. Line(1) 
 2. Line(2) 
	
#MSG=END	
#LINE=END	

#LINE=START	
#TYPE=ALARM	
#LEVEL=LIGHT	
#MODULE=PM1	
#ID=31	
#TIME=2021.06.18 13:25:31:506	
#RESULT=POST	
#TITLE=__SYS -  AlarmID(1)	
#MSG=START	
AlarmID(1)'s message ...	
#MSG=END	
#LINE=END	

@LINE	
STATUS	
GUI-100	
-1	
2021.06.18 13:25:51:795	
POST	
STOP	
	
@LINE	
STATUS	
GUI-100	
-1	
2021.06.18 13:26:04:273	
POST	
START	
	
#LINE=START	
#TYPE=ALARM	
#LEVEL=LIGHT	
#MODULE=PM1	
#ID=401	
#TIME=2021.06.18 13:18:24:786	
#RESULT=POST	
#TITLE=DB_SYS - Simulation mode is active !	
#MSG=START	
	
#MSG=END	
#LINE=END	

#LINE=START	
#TYPE=ALARM	
#LEVEL=LIGHT	
#MODULE=PM1	
#ID=11	
#TIME=2021.06.18 13:25:24:762	
#RESULT=POST	
#TITLE=__SYS - System Error 11 - Dll Title	
#MSG=START	
#MSG_TITLE
Msg Title - Test !
##MSG
Msg Body - Test !!

System Error 11 - Dll Message	
#MSG=END	
#LINE=END	

#LINE=START	
#TYPE=WARNING	
#LEVEL=LIGHT	
#MODULE=PM1	
#ID=12	
#TIME=2021.06.18 13:25:27:936	
#RESULT=POST	
#TITLE=__SYS - SYSTEM WARNING 12	
#MSG=START	
Warning Message 
 1. Line(1) 
 2. Line(2) 
	
#MSG=END	
#LINE=END	

#LINE=START	
#TYPE=ALARM	
#LEVEL=LIGHT	
#MODULE=PM1	
#ID=31	
#TIME=2021.06.18 13:25:31:506	
#RESULT=POST	
#TITLE=__SYS -  AlarmID(1)	
#MSG=START	
AlarmID(1)'s message ...	
#MSG=END	
#LINE=END	

#LINE=START	
#TYPE=ALARM	
#LEVEL=LIGHT	
#MODULE=PM1	
#ID=31	
#TIME=2021.06.18 13:26:15:997	
#RESULT=ACT.1	
#TITLE=__SYS -  AlarmID(1)	
#MSG=START	
AlarmID(1)'s message ...	
#MSG=END	
#LINE=END	

#LINE=START	
#TYPE=ALARM	
#LEVEL=LIGHT	
#MODULE=PM1	
#ID=35	
#TIME=2021.06.18 13:26:27:694	
#RESULT=POST	
#TITLE=__SYS -  AlarmID(5)	
#MSG=START	
AlarmID(5)'s message ...	
#MSG=END	
#LINE=END	

#LINE=START	
#TYPE=ALARM	
#LEVEL=LIGHT	
#MODULE=PM1	
#ID=35	
#TIME=2021.06.18 13:26:48:218	
#RESULT=ACT.5	
#TITLE=__SYS -  AlarmID(5)	
#MSG=START	
AlarmID(5)'s message ...	
#MSG=END	
#LINE=END	

@LINE	
STATUS	
GUI-100	
-1	
2021.06.18 13:52:00:800	
POST	
STOP	
	
@LINE	
STATUS	
GUI-100	
-1	
2021.06.18 13:52:10:135	
POST	
START	
	
#LINE=START	
#TYPE=ALARM	
#LEVEL=LIGHT	
#MODULE=PM1	
#ID=401	
#TIME=2021.06.18 13:18:24:786	
#RESULT=POST	
#TITLE=DB_SYS - Simulation mode is active !	
#MSG=START	
	
#MSG=END	
#LINE=END	

#LINE=START	
#TYPE=ALARM	
#LEVEL=LIGHT	
#MODULE=PM1	
#ID=35	
#TIME=2021.06.18 13:58:06:218	
#RESULT=POST	
#TITLE=__SYS -  AlarmID(5)	
#MSG=START	
AlarmID(5)'s message ...	
#MSG=END	
#LINE=END	

#LINE=START	
#TYPE=ALARM	
#LEVEL=LIGHT	
#MODULE=PM1	
#ID=35	
#TIME=2021.06.18 13:58:18:225	
#RESULT=ACT.5	
#TITLE=__SYS -  AlarmID(5)	
#MSG=START	
AlarmID(5)'s message ...	
#MSG=END	
#LINE=END	

#LINE=START	
#TYPE=ALARM	
#LEVEL=LIGHT	
#MODULE=PM1	
#ID=1	
#TIME=2021.06.18 14:00:06:472	
#RESULT=POST	
#TITLE=DB_SYS2 - Simulation mode is active !	
#MSG=START	
	
#MSG=END	
#LINE=END	

#LINE=START	
#TYPE=ALARM	
#LEVEL=LIGHT	
#MODULE=PM1	
#ID=401	
#TIME=2021.06.18 14:00:06:472	
#RESULT=POST	
#TITLE=DB_SYS - Simulation mode is active !	
#MSG=START	
	
#MSG=END	
#LINE=END	

#LINE=START	
#TYPE=ALARM	
#LEVEL=LIGHT	
#MODULE=PM1	
#ID=819	
#TIME=2021.06.18 14:01:05:136	
#RESULT=POST	
#TITLE=FNC_PROC - Process를 진행할 상태가 아닙니다.	
#MSG=START	
 * DB_INF+LIFT_PIN.STATUS <- MOVING 

Lift_Pin은 Dwon 상태이어야 합니다. 
	
#MSG=END	
#LINE=END	

#LINE=START	
#TYPE=ALARM	
#LEVEL=LIGHT	
#MODULE=PM1	
#ID=33	
#TIME=2021.06.18 14:01:17:046	
#RESULT=POST	
#TITLE=__SYS -  AlarmID(3)	
#MSG=START	
AlarmID(3)'s message ...	
#MSG=END	
#LINE=END	

@LINE	
STATUS	
GUI-100	
-1	
2021.06.18 14:02:33:877	
POST	
STOP	
	
@LINE	
STATUS	
GUI-100	
-1	
2021.06.18 14:04:32:098	
POST	
START	
	
#LINE=START	
#TYPE=ALARM	
#LEVEL=LIGHT	
#MODULE=PM1	
#ID=401	
#TIME=2021.06.18 14:02:57:286	
#RESULT=POST	
#TITLE=DB_SYS - Simulation mode is active !	
#MSG=START	
	
#MSG=END	
#LINE=END	

@LINE	
STATUS	
GUI-100	
-1	
2021.06.18 14:05:34:380	
POST	
STOP	
	
@LINE	
STATUS	
GUI-100	
-1	
2021.06.18 14:05:49:088	
POST	
START	
	
#LINE=START	
#TYPE=ALARM	
#LEVEL=HEAVY	
#MODULE=CTC	
#ID=101	
#TIME=2021.06.18 14:05:19:883	
#RESULT=POST	
#TITLE=DB_CFG - Simulation mode is active !	
#MSG=START	
	
#MSG=END	
#LINE=END	

#LINE=START	
#TYPE=ALARM	
#LEVEL=WARNING	
#MODULE=CTC	
#ID=102	
#TIME=2021.06.18 14:05:19:883	
#RESULT=POST	
#TITLE=DB_CFG - TMC-Dummy mode is active !	
#MSG=START	
 * "DB_CFG+SCH_TEST.CFG.TMC_DUMMY_BY_CTC" <- "YES" 

	
#MSG=END	
#LINE=END	

#LINE=START	
#TYPE=ALARM	
#LEVEL=LIGHT	
#MODULE=CTC	
#ID=111	
#TIME=2021.06.18 14:05:19:883	
#RESULT=POST	
#TITLE=DB_CFG - PM1-Dummy mode is active !	
#MSG=START	
 * "DB_CFG+SCH_TEST.CFG.PM1_DUMMY_BY_CTC" <- "YES" 

	
#MSG=END	
#LINE=END	

#LINE=START	
#TYPE=ALARM	
#LEVEL=LIGHT	
#MODULE=CTC	
#ID=112	
#TIME=2021.06.18 14:05:19:883	
#RESULT=POST	
#TITLE=DB_CFG - PM2-Dummy mode is active !	
#MSG=START	
 * "DB_CFG+SCH_TEST.CFG.PM2_DUMMY_BY_CTC" <- "YES" 

	
#MSG=END	
#LINE=END	

#LINE=START	
#TYPE=ALARM	
#LEVEL=LIGHT	
#MODULE=CTC	
#ID=113	
#TIME=2021.06.18 14:05:19:883	
#RESULT=POST	
#TITLE=DB_CFG - PM3-Dummy mode is active !	
#MSG=START	
 * "DB_CFG+SCH_TEST.CFG.PM3_DUMMY_BY_CTC" <- "YES" 

	
#MSG=END	
#LINE=END	

#LINE=START	
#TYPE=ALARM	
#LEVEL=LIGHT	
#MODULE=CTC	
#ID=114	
#TIME=2021.06.18 14:05:19:883	
#RESULT=POST	
#TITLE=DB_CFG - PM4-Dummy mode is active !	
#MSG=START	
 * "DB_CFG+SCH_TEST.CFG.PM4_DUMMY_BY_CTC" <- "YES" 

	
#MSG=END	
#LINE=END	

#LINE=START	
#TYPE=ALARM	
#LEVEL=LIGHT	
#MODULE=CTC	
#ID=32	
#TIME=2021.06.18 14:06:16:060	
#RESULT=POST	
#TITLE=__SYS -  AlarmID(2)	
#MSG=START	
AlarmID(2)'s message ...	
#MSG=END	
#LINE=END	

#LINE=START	
#TYPE=ALARM	
#LEVEL=LIGHT	
#MODULE=CTC	
#ID=613	
#TIME=2021.06.18 14:08:06:088	
#RESULT=POST	
#TITLE=OPR_CTC_MODE : SYSTEM IN MAINT MODE	
#MSG=START	
Can't run job in maint mode !	
#MSG=END	
#LINE=END	

#LINE=START	
#TYPE=ALARM	
#LEVEL=LIGHT	
#MODULE=CTC	
#ID=32	
#TIME=2021.06.18 14:08:16:538	
#RESULT=ACT.2	
#TITLE=__SYS -  AlarmID(2)	
#MSG=START	
AlarmID(2)'s message ...	
#MSG=END	
#LINE=END	

#LINE=START	
#TYPE=ALARM	
#LEVEL=LIGHT	
#MODULE=CTC	
#ID=613	
#TIME=2021.06.18 14:08:17:679	
#RESULT=CHECK	
#TITLE=OPR_CTC_MODE : SYSTEM IN MAINT MODE	
#MSG=START	
Can't run job in maint mode !	
#MSG=END	
#LINE=END	

#LINE=START	
#TYPE=ALARM	
#LEVEL=LIGHT	
#MODULE=CTC	
#ID=32	
#TIME=2021.06.18 14:08:18:719	
#RESULT=POST	
#TITLE=__SYS -  AlarmID(2)	
#MSG=START	
AlarmID(2)'s message ...	
#MSG=END	
#LINE=END	

#LINE=START	
#TYPE=ALARM	
#LEVEL=LIGHT	
#MODULE=CTC	
#ID=32	
#TIME=2021.06.18 14:08:20:683	
#RESULT=ACT.2	
#TITLE=__SYS -  AlarmID(2)	
#MSG=START	
AlarmID(2)'s message ...	
#MSG=END	
#LINE=END	

@LINE	
STATUS	
GUI-100	
-1	
2021.06.18 14:08:23:832	
POST	
STOP	
	
@LINE	
STATUS	
GUI-100	
-1	
2021.06.18 14:10:49:807	
POST	
START	
	
#LINE=START	
#TYPE=ALARM	
#LEVEL=LIGHT	
#MODULE=PM1	
#ID=401	
#TIME=2021.06.18 14:10:38:630	
#RESULT=POST	
#TITLE=DB_SYS - Simulation mode is active !	
#MSG=START	
	
#MSG=END	
#LINE=END	

@LINE	
STATUS	
GUI-100	
-1	
2021.06.18 14:17:04:405	
POST	
STOP	
	
@LINE	
STATUS	
GUI-100	
-1	
2021.06.18 14:17:38:857	
POST	
START	
	
#LINE=START	
#TYPE=ALARM	
#LEVEL=HEAVY	
#MODULE=CTC	
#ID=101	
#TIME=2021.06.18 14:17:26:742	
#RESULT=POST	
#TITLE=DB_CFG - Simulation mode is active !	
#MSG=START	
	
#MSG=END	
#LINE=END	

#LINE=START	
#TYPE=ALARM	
#LEVEL=WARNING	
#MODULE=CTC	
#ID=102	
#TIME=2021.06.18 14:17:26:742	
#RESULT=POST	
#TITLE=DB_CFG - TMC-Dummy mode is active !	
#MSG=START	
 * "DB_CFG+SCH_TEST.CFG.TMC_DUMMY_BY_CTC" <- "YES" 

	
#MSG=END	
#LINE=END	

#LINE=START	
#TYPE=ALARM	
#LEVEL=LIGHT	
#MODULE=CTC	
#ID=111	
#TIME=2021.06.18 14:17:26:742	
#RESULT=POST	
#TITLE=DB_CFG - PM1-Dummy mode is active !	
#MSG=START	
 * "DB_CFG+SCH_TEST.CFG.PM1_DUMMY_BY_CTC" <- "YES" 

	
#MSG=END	
#LINE=END	

#LINE=START	
#TYPE=ALARM	
#LEVEL=LIGHT	
#MODULE=CTC	
#ID=112	
#TIME=2021.06.18 14:17:26:743	
#RESULT=POST	
#TITLE=DB_CFG - PM2-Dummy mode is active !	
#MSG=START	
 * "DB_CFG+SCH_TEST.CFG.PM2_DUMMY_BY_CTC" <- "YES" 

	
#MSG=END	
#LINE=END	

#LINE=START	
#TYPE=ALARM	
#LEVEL=LIGHT	
#MODULE=CTC	
#ID=113	
#TIME=2021.06.18 14:17:26:743	
#RESULT=POST	
#TITLE=DB_CFG - PM3-Dummy mode is active !	
#MSG=START	
 * "DB_CFG+SCH_TEST.CFG.PM3_DUMMY_BY_CTC" <- "YES" 

	
#MSG=END	
#LINE=END	

#LINE=START	
#TYPE=ALARM	
#LEVEL=LIGHT	
#MODULE=CTC	
#ID=114	
#TIME=2021.06.18 14:17:26:743	
#RESULT=POST	
#TITLE=DB_CFG - PM4-Dummy mode is active !	
#MSG=START	
 * "DB_CFG+SCH_TEST.CFG.PM4_DUMMY_BY_CTC" <- "YES" 

	
#MSG=END	
#LINE=END	

@LINE	
STATUS	
GUI-100	
-1	
2021.06.18 14:18:32:461	
POST	
STOP	
	
@LINE	
STATUS	
GUI-100	
-1	
2021.06.18 14:18:37:445	
POST	
START	
	
#LINE=START	
#TYPE=ALARM	
#LEVEL=HEAVY	
#MODULE=CTC	
#ID=101	
#TIME=2021.06.18 14:17:26:742	
#RESULT=POST	
#TITLE=DB_CFG - Simulation mode is active !	
#MSG=START	
	
#MSG=END	
#LINE=END	

#LINE=START	
#TYPE=ALARM	
#LEVEL=WARNING	
#MODULE=CTC	
#ID=102	
#TIME=2021.06.18 14:17:26:742	
#RESULT=POST	
#TITLE=DB_CFG - TMC-Dummy mode is active !	
#MSG=START	
 * "DB_CFG+SCH_TEST.CFG.TMC_DUMMY_BY_CTC" <- "YES" 

	
#MSG=END	
#LINE=END	

#LINE=START	
#TYPE=ALARM	
#LEVEL=LIGHT	
#MODULE=CTC	
#ID=111	
#TIME=2021.06.18 14:17:26:742	
#RESULT=POST	
#TITLE=DB_CFG - PM1-Dummy mode is active !	
#MSG=START	
 * "DB_CFG+SCH_TEST.CFG.PM1_DUMMY_BY_CTC" <- "YES" 

	
#MSG=END	
#LINE=END	

#LINE=START	
#TYPE=ALARM	
#LEVEL=LIGHT	
#MODULE=CTC	
#ID=112	
#TIME=2021.06.18 14:17:26:743	
#RESULT=POST	
#TITLE=DB_CFG - PM2-Dummy mode is active !	
#MSG=START	
 * "DB_CFG+SCH_TEST.CFG.PM2_DUMMY_BY_CTC" <- "YES" 

	
#MSG=END	
#LINE=END	

#LINE=START	
#TYPE=ALARM	
#LEVEL=LIGHT	
#MODULE=CTC	
#ID=113	
#TIME=2021.06.18 14:17:26:743	
#RESULT=POST	
#TITLE=DB_CFG - PM3-Dummy mode is active !	
#MSG=START	
 * "DB_CFG+SCH_TEST.CFG.PM3_DUMMY_BY_CTC" <- "YES" 

	
#MSG=END	
#LINE=END	

#LINE=START	
#TYPE=ALARM	
#LEVEL=LIGHT	
#MODULE=CTC	
#ID=114	
#TIME=2021.06.18 14:17:26:743	
#RESULT=POST	
#TITLE=DB_CFG - PM4-Dummy mode is active !	
#MSG=START	
 * "DB_CFG+SCH_TEST.CFG.PM4_DUMMY_BY_CTC" <- "YES" 

	
#MSG=END	
#LINE=END	

@LINE	
STATUS	
GUI-100	
-1	
2021.06.18 14:54:05:685	
POST	
STOP	
	
@LINE	
STATUS	
GUI-100	
-1	
2021.06.18 14:54:48:177	
POST	
START	
	
#LINE=START	
#TYPE=ALARM	
#LEVEL=LIGHT	
#MODULE=PM1	
#ID=401	
#TIME=2021.06.18 14:54:30:864	
#RESULT=POST	
#TITLE=DB_SYS - Simulation mode is active !	
#MSG=START	
	
#MSG=END	
#LINE=END	

@LINE	
STATUS	
GUI-100	
-1	
2021.06.18 15:00:30:906	
POST	
STOP	
	
@LINE	
STATUS	
GUI-100	
-1	
2021.06.18 15:06:22:155	
POST	
START	
	
#LINE=START	
#TYPE=ALARM	
#LEVEL=LIGHT	
#MODULE=PM1	
#ID=401	
#TIME=2021.06.18 14:54:30:864	
#RESULT=POST	
#TITLE=DB_SYS - Simulation mode is active !	
#MSG=START	
	
#MSG=END	
#LINE=END	

@LINE	
STATUS	
GUI-100	
-1	
2021.06.18 16:30:41:352	
POST	
STOP	
	
@LINE	
STATUS	
GUI-100	
-1	
2021.06.18 17:40:22:815	
POST	
START	
	
#LINE=START	
#TYPE=ALARM	
#LEVEL=LIGHT	
#MODULE=PM1	
#ID=401	
#TIME=2021.06.18 17:40:18:379	
#RESULT=POST	
#TITLE=DB_SYS - Simulation mode is active !	
#MSG=START	
	
#MSG=END	
#LINE=END	

@LINE	
STATUS	
GUI-100	
-1	
2021.06.18 17:46:09:247	
POST	
STOP	
	
@LINE	
STATUS	
GUI-100	
-1	
2021.06.18 17:46:38:479	
POST	
START	
	
#LINE=START	
#TYPE=ALARM	
#LEVEL=LIGHT	
#MODULE=PM1	
#ID=401	
#TIME=2021.06.18 17:40:18:379	
#RESULT=POST	
#TITLE=DB_SYS - Simulation mode is active !	
#MSG=START	
	
#MSG=END	
#LINE=END	

@LINE	
STATUS	
GUI-100	
-1	
2021.06.18 17:52:07:116	
POST	
STOP	
	
@LINE	
STATUS	
GUI-100	
-1	
2021.06.18 17:52:37:053	
POST	
START	
	
#LINE=START	
#TYPE=ALARM	
#LEVEL=LIGHT	
#MODULE=PM1	
#ID=401	
#TIME=2021.06.18 17:40:18:379	
#RESULT=POST	
#TITLE=DB_SYS - Simulation mode is active !	
#MSG=START	
	
#MSG=END	
#LINE=END	

@LINE	
STATUS	
GUI-100	
-1	
2021.06.18 18:04:59:582	
POST	
STOP	
	
@LINE	
STATUS	
GUI-100	
-1	
2021.06.18 18:05:27:047	
POST	
START	
	
#LINE=START	
#TYPE=ALARM	
#LEVEL=LIGHT	
#MODULE=PM1	
#ID=401	
#TIME=2021.06.18 17:40:18:379	
#RESULT=POST	
#TITLE=DB_SYS - Simulation mode is active !	
#MSG=START	
	
#MSG=END	
#LINE=END	

@LINE	
STATUS	
GUI-100	
-1	
2021.06.18 18:08:31:951	
POST	
STOP	
	
@LINE	
STATUS	
GUI-100	
-1	
2021.06.18 18:23:56:218	
POST	
START	
	
#LINE=START	
#TYPE=ALARM	
#LEVEL=LIGHT	
#MODULE=PM1	
#ID=401	
#TIME=2021.06.18 18:22:56:707	
#RESULT=POST	
#TITLE=DB_SYS - Simulation mode is active !	
#MSG=START	
	
#MSG=END	
#LINE=END	

#LINE=START	
#TYPE=ALARM	
#LEVEL=LIGHT	
#MODULE=PM1	
#ID=816	
#TIME=2021.06.18 18:32:21:177	
#RESULT=POST	
#TITLE=FNC_PROC - Do you want to convert the status of wafer ? 
	
#MSG=START	
The lot ID of wafer is "". 
The port ID of wafer is "". 
The slot ID of wafer is "". 
The recipe name of wafer is "PRC\TEST1". 

If you click "YES", the status of wafer will be converted to "PROCESSED". 
If you click "NO",  the status of wafer will be not changed. 
	
#MSG=END	
#LINE=END	

#LINE=START	
#TYPE=ALARM	
#LEVEL=LIGHT	
#MODULE=PM1	
#ID=816	
#TIME=2021.06.18 18:32:23:244	
#RESULT=NO	
#TITLE=FNC_PROC - Do you want to convert the status of wafer ? 
	
#MSG=START	
The lot ID of wafer is "". 
The port ID of wafer is "". 
The slot ID of wafer is "". 
The recipe name of wafer is "PRC\TEST1". 

If you click "YES", the status of wafer will be converted to "PROCESSED". 
If you click "NO",  the status of wafer will be not changed. 
	
#MSG=END	
#LINE=END	

@LINE	
STATUS	
GUI-100	
-1	
2021.06.18 18:35:14:057	
POST	
STOP	
	
@LINE	
STATUS	
GUI-100	
-1	
2021.06.18 19:05:50:622	
POST	
START	
	
#LINE=START	
#TYPE=ALARM	
#LEVEL=LIGHT	
#MODULE=PM1	
#ID=401	
#TIME=2021.06.18 18:37:44:520	
#RESULT=POST	
#TITLE=DB_SYS - Simulation mode is active !	
#MSG=START	
	
#MSG=END	
#LINE=END	

#LINE=START	
#TYPE=ALARM	
#LEVEL=LIGHT	
#MODULE=PM1	
#ID=816	
#TIME=2021.06.18 19:09:34:048	
#RESULT=POST	
#TITLE=FNC_PROC - Do you want to convert the status of wafer ? 
	
#MSG=START	
The lot ID of wafer is "". 
The port ID of wafer is "". 
The slot ID of wafer is "". 
The recipe name of wafer is "PRC\TEST1". 

If you click "YES", the status of wafer will be converted to "PROCESSED". 
If you click "NO",  the status of wafer will be not changed. 
	
#MSG=END	
#LINE=END	

#LINE=START	
#TYPE=ALARM	
#LEVEL=LIGHT	
#MODULE=PM1	
#ID=816	
#TIME=2021.06.18 19:09:38:381	
#RESULT=NO	
#TITLE=FNC_PROC - Do you want to convert the status of wafer ? 
	
#MSG=START	
The lot ID of wafer is "". 
The port ID of wafer is "". 
The slot ID of wafer is "". 
The recipe name of wafer is "PRC\TEST1". 

If you click "YES", the status of wafer will be converted to "PROCESSED". 
If you click "NO",  the status of wafer will be not changed. 
	
#MSG=END	
#LINE=END	

#LINE=START	
#TYPE=ALARM	
#LEVEL=LIGHT	
#MODULE=PM1	
#ID=401	
#TIME=2021.06.18 20:13:45:786	
#RESULT=POST	
#TITLE=DB_SYS - Simulation mode is active !	
#MSG=START	
	
#MSG=END	
#LINE=END	

#LINE=START	
#TYPE=ALARM	
#LEVEL=LIGHT	
#MODULE=PM1	
#ID=816	
#TIME=2021.06.18 20:16:19:064	
#RESULT=POST	
#TITLE=FNC_PROC - Do you want to convert the status of wafer ? 
	
#MSG=START	
The lot ID of wafer is "". 
The port ID of wafer is "". 
The slot ID of wafer is "". 
The recipe name of wafer is "PRC\TEST1". 

If you click "YES", the status of wafer will be converted to "PROCESSED". 
If you click "NO",  the status of wafer will be not changed. 
	
#MSG=END	
#LINE=END	

#LINE=START	
#TYPE=ALARM	
#LEVEL=LIGHT	
#MODULE=PM1	
#ID=816	
#TIME=2021.06.18 20:16:21:927	
#RESULT=NO	
#TITLE=FNC_PROC - Do you want to convert the status of wafer ? 
	
#MSG=START	
The lot ID of wafer is "". 
The port ID of wafer is "". 
The slot ID of wafer is "". 
The recipe name of wafer is "PRC\TEST1". 

If you click "YES", the status of wafer will be converted to "PROCESSED". 
If you click "NO",  the status of wafer will be not changed. 
	
#MSG=END	
#LINE=END	

#LINE=START	
#TYPE=ALARM	
#LEVEL=LIGHT	
#MODULE=PM1	
#ID=401	
#TIME=2021.06.18 20:50:41:333	
#RESULT=POST	
#TITLE=DB_SYS - Simulation mode is active !	
#MSG=START	
	
#MSG=END	
#LINE=END	

#LINE=START	
#TYPE=ALARM	
#LEVEL=LIGHT	
#MODULE=PM1	
#ID=816	
#TIME=2021.06.18 20:54:07:643	
#RESULT=POST	
#TITLE=FNC_PROC - Do you want to convert the status of wafer ? 
	
#MSG=START	
The lot ID of wafer is "". 
The port ID of wafer is "". 
The slot ID of wafer is "". 
The recipe name of wafer is "PRC\TEST1". 

If you click "YES", the status of wafer will be converted to "PROCESSED". 
If you click "NO",  the status of wafer will be not changed. 
	
#MSG=END	
#LINE=END	

#LINE=START	
#TYPE=ALARM	
#LEVEL=LIGHT	
#MODULE=PM1	
#ID=816	
#TIME=2021.06.18 20:54:10:296	
#RESULT=NO	
#TITLE=FNC_PROC - Do you want to convert the status of wafer ? 
	
#MSG=START	
The lot ID of wafer is "". 
The port ID of wafer is "". 
The slot ID of wafer is "". 
The recipe name of wafer is "PRC\TEST1". 

If you click "YES", the status of wafer will be converted to "PROCESSED". 
If you click "NO",  the status of wafer will be not changed. 
	
#MSG=END	
#LINE=END	

#LINE=START	
#TYPE=ALARM	
#LEVEL=LIGHT	
#MODULE=PM1	
#ID=816	
#TIME=2021.06.18 20:58:53:367	
#RESULT=POST	
#TITLE=FNC_PROC - Do you want to convert the status of wafer ? 
	
#MSG=START	
The lot ID of wafer is "". 
The port ID of wafer is "". 
The slot ID of wafer is "". 
The recipe name of wafer is "PRC\TEST1". 

If you click "YES", the status of wafer will be converted to "PROCESSED". 
If you click "NO",  the status of wafer will be not changed. 
	
#MSG=END	
#LINE=END	

#LINE=START	
#TYPE=ALARM	
#LEVEL=LIGHT	
#MODULE=PM1	
#ID=816	
#TIME=2021.06.18 20:59:03:896	
#RESULT=NO	
#TITLE=FNC_PROC - Do you want to convert the status of wafer ? 
	
#MSG=START	
The lot ID of wafer is "". 
The port ID of wafer is "". 
The slot ID of wafer is "". 
The recipe name of wafer is "PRC\TEST1". 

If you click "YES", the status of wafer will be converted to "PROCESSED". 
If you click "NO",  the status of wafer will be not changed. 
	
#MSG=END	
#LINE=END	

#LINE=START	
#TYPE=ALARM	
#LEVEL=LIGHT	
#MODULE=PM1	
#ID=816	
#TIME=2021.06.18 21:03:58:692	
#RESULT=POST	
#TITLE=FNC_PROC - Do you want to convert the status of wafer ? 
	
#MSG=START	
The lot ID of wafer is "". 
The port ID of wafer is "". 
The slot ID of wafer is "". 
The recipe name of wafer is "PRC\TEST1". 

If you click "YES", the status of wafer will be converted to "PROCESSED". 
If you click "NO",  the status of wafer will be not changed. 
	
#MSG=END	
#LINE=END	

#LINE=START	
#TYPE=ALARM	
#LEVEL=LIGHT	
#MODULE=PM1	
#ID=816	
#TIME=2021.06.18 21:04:00:906	
#RESULT=NO	
#TITLE=FNC_PROC - Do you want to convert the status of wafer ? 
	
#MSG=START	
The lot ID of wafer is "". 
The port ID of wafer is "". 
The slot ID of wafer is "". 
The recipe name of wafer is "PRC\TEST1". 

If you click "YES", the status of wafer will be converted to "PROCESSED". 
If you click "NO",  the status of wafer will be not changed. 
	
#MSG=END	
#LINE=END	

#LINE=START	
#TYPE=ALARM	
#LEVEL=LIGHT	
#MODULE=PM1	
#ID=816	
#TIME=2021.06.18 21:06:50:428	
#RESULT=POST	
#TITLE=FNC_PROC - Do you want to convert the status of wafer ? 
	
#MSG=START	
The lot ID of wafer is "". 
The port ID of wafer is "". 
The slot ID of wafer is "". 
The recipe name of wafer is "PRC\TEST1". 

If you click "YES", the status of wafer will be converted to "PROCESSED". 
If you click "NO",  the status of wafer will be not changed. 
	
#MSG=END	
#LINE=END	

#LINE=START	
#TYPE=ALARM	
#LEVEL=LIGHT	
#MODULE=PM1	
#ID=816	
#TIME=2021.06.18 21:06:52:671	
#RESULT=NO	
#TITLE=FNC_PROC - Do you want to convert the status of wafer ? 
	
#MSG=START	
The lot ID of wafer is "". 
The port ID of wafer is "". 
The slot ID of wafer is "". 
The recipe name of wafer is "PRC\TEST1". 

If you click "YES", the status of wafer will be converted to "PROCESSED". 
If you click "NO",  the status of wafer will be not changed. 
	
#MSG=END	
#LINE=END	

#LINE=START	
#TYPE=ALARM	
#LEVEL=LIGHT	
#MODULE=PM1	
#ID=401	
#TIME=2021.06.18 21:13:26:910	
#RESULT=POST	
#TITLE=DB_SYS - Simulation mode is active !	
#MSG=START	
	
#MSG=END	
#LINE=END	

#LINE=START	
#TYPE=ALARM	
#LEVEL=LIGHT	
#MODULE=PM1	
#ID=816	
#TIME=2021.06.18 21:17:40:548	
#RESULT=POST	
#TITLE=FNC_PROC - Do you want to convert the status of wafer ? 
	
#MSG=START	
The lot ID of wafer is "". 
The port ID of wafer is "". 
The slot ID of wafer is "". 
The recipe name of wafer is "PRC\TEST1". 

If you click "YES", the status of wafer will be converted to "PROCESSED". 
If you click "NO",  the status of wafer will be not changed. 
	
#MSG=END	
#LINE=END	

#LINE=START	
#TYPE=ALARM	
#LEVEL=LIGHT	
#MODULE=PM1	
#ID=816	
#TIME=2021.06.18 21:19:41:596	
#RESULT=NO	
#TITLE=FNC_PROC - Do you want to convert the status of wafer ? 
	
#MSG=START	
The lot ID of wafer is "". 
The port ID of wafer is "". 
The slot ID of wafer is "". 
The recipe name of wafer is "PRC\TEST1". 

If you click "YES", the status of wafer will be converted to "PROCESSED". 
If you click "NO",  the status of wafer will be not changed. 
	
#MSG=END	
#LINE=END	

#LINE=START	
#TYPE=ALARM	
#LEVEL=LIGHT	
#MODULE=PM1	
#ID=401	
#TIME=2021.06.18 21:33:23:973	
#RESULT=POST	
#TITLE=DB_SYS - Simulation mode is active !	
#MSG=START	
	
#MSG=END	
#LINE=END	

#LINE=START	
#TYPE=ALARM	
#LEVEL=LIGHT	
#MODULE=PM1	
#ID=401	
#TIME=2021.06.18 22:14:07:707	
#RESULT=POST	
#TITLE=DB_SYS - Simulation mode is active !	
#MSG=START	
	
#MSG=END	
#LINE=END	

@LINE	
STATUS	
GUI-100	
-1	
2021.06.18 23:00:00:941	
POST	
STOP	
	
