@LINE	
STATUS	
GUI-100	
-1	
2021.11.17 00:10:10:514	
POST	
START	
	
@LINE	
STATUS	
GUI-100	
-1	
2021.11.17 00:11:37:538	
POST	
STOP	
	
@LINE	
STATUS	
GUI-100	
-1	
2021.11.17 00:13:33:581	
POST	
START	
	
@LINE	
STATUS	
GUI-100	
-1	
2021.11.17 00:18:32:780	
POST	
STOP	
	
@LINE	
STATUS	
GUI-100	
-1	
2021.11.17 00:18:40:316	
POST	
START	
	
@LINE	
STATUS	
GUI-100	
-1	
2021.11.17 00:21:11:844	
POST	
STOP	
	
@LINE	
STATUS	
GUI-100	
-1	
2021.11.17 00:21:17:304	
POST	
START	
	
#LINE=START	
#TYPE=ALARM	
#LEVEL=LIGHT	
#MODULE=TMC	
#ID=21	
#TIME=2021.11.17 00:24:52:187	
#RESULT=POST	
#TITLE=IO - ECAT's Node1 Offline !	
#MSG=START	
현재, MacID는 4097 입니다. 

ECAT Node1의 MacID 또는 연결 상태를 확인바랍니다 !	
#MSG=END	
#LINE=END	

#LINE=START	
#TYPE=ALARM	
#LEVEL=LIGHT	
#MODULE=TMC	
#ID=22	
#TIME=2021.11.17 00:24:52:187	
#RESULT=POST	
#TITLE=IO - ECAT's Node2 Offline !	
#MSG=START	
현재, MacID는 37 입니다. 

ECAT Node2의 MacID 또는 연결 상태를 확인바랍니다 !	
#MSG=END	
#LINE=END	

#LINE=START	
#TYPE=ALARM	
#LEVEL=LIGHT	
#MODULE=TMC	
#ID=22	
#TIME=2021.11.17 00:25:34:928	
#RESULT=CHECK	
#TITLE=IO - ECAT's Node2 Offline !	
#MSG=START	
현재, MacID는 37 입니다. 

ECAT Node2의 MacID 또는 연결 상태를 확인바랍니다 !	
#MSG=END	
#LINE=END	

#LINE=START	
#TYPE=ALARM	
#LEVEL=LIGHT	
#MODULE=TMC	
#ID=21	
#TIME=2021.11.17 00:25:35:560	
#RESULT=CHECK	
#TITLE=IO - ECAT's Node1 Offline !	
#MSG=START	
현재, MacID는 4097 입니다. 

ECAT Node1의 MacID 또는 연결 상태를 확인바랍니다 !	
#MSG=END	
#LINE=END	

#LINE=START	
#TYPE=ALARM	
#LEVEL=LIGHT	
#MODULE=TMC	
#ID=22	
#TIME=2021.11.17 00:25:37:190	
#RESULT=POST	
#TITLE=IO - ECAT's Node2 Offline !	
#MSG=START	
현재, MacID는 37 입니다. 

ECAT Node2의 MacID 또는 연결 상태를 확인바랍니다 !	
#MSG=END	
#LINE=END	

#LINE=START	
#TYPE=ALARM	
#LEVEL=LIGHT	
#MODULE=TMC	
#ID=21	
#TIME=2021.11.17 00:26:07:192	
#RESULT=POST	
#TITLE=IO - ECAT's Node1 Offline !	
#MSG=START	
현재, MacID는 4097 입니다. 

ECAT Node1의 MacID 또는 연결 상태를 확인바랍니다 !	
#MSG=END	
#LINE=END	

#LINE=START	
#TYPE=ALARM	
#LEVEL=LIGHT	
#MODULE=TMC	
#ID=22	
#TIME=2021.11.17 00:26:12:720	
#RESULT=CHECK	
#TITLE=IO - ECAT's Node2 Offline !	
#MSG=START	
현재, MacID는 37 입니다. 

ECAT Node2의 MacID 또는 연결 상태를 확인바랍니다 !	
#MSG=END	
#LINE=END	

#LINE=START	
#TYPE=ALARM	
#LEVEL=LIGHT	
#MODULE=TMC	
#ID=21	
#TIME=2021.11.17 00:26:13:376	
#RESULT=CHECK	
#TITLE=IO - ECAT's Node1 Offline !	
#MSG=START	
현재, MacID는 4097 입니다. 

ECAT Node1의 MacID 또는 연결 상태를 확인바랍니다 !	
#MSG=END	
#LINE=END	

#LINE=START	
#TYPE=ALARM	
#LEVEL=LIGHT	
#MODULE=TMC	
#ID=21	
#TIME=2021.11.17 00:27:17:190	
#RESULT=POST	
#TITLE=IO - ECAT's Node1 Offline !	
#MSG=START	
현재, MacID는 4097 입니다. 

ECAT Node1의 MacID 또는 연결 상태를 확인바랍니다 !	
#MSG=END	
#LINE=END	

#LINE=START	
#TYPE=ALARM	
#LEVEL=LIGHT	
#MODULE=TMC	
#ID=22	
#TIME=2021.11.17 00:27:17:190	
#RESULT=POST	
#TITLE=IO - ECAT's Node2 Offline !	
#MSG=START	
현재, MacID는 5 입니다. 

ECAT Node2의 MacID 또는 연결 상태를 확인바랍니다 !	
#MSG=END	
#LINE=END	

#LINE=START	
#TYPE=ALARM	
#LEVEL=LIGHT	
#MODULE=TMC	
#ID=22	
#TIME=2021.11.17 00:34:56:601	
#RESULT=POST	
#TITLE=IO - ECAT's Node2 Offline !	
#MSG=START	
현재, MacID는 5 입니다. 

ECAT Node2의 MacID 또는 연결 상태를 확인바랍니다 !	
#MSG=END	
#LINE=END	

#LINE=START	
#TYPE=ALARM	
#LEVEL=LIGHT	
#MODULE=TMC	
#ID=22	
#TIME=2021.11.17 00:36:06:534	
#RESULT=CHECK	
#TITLE=IO - ECAT's Node2 Offline !	
#MSG=START	
현재, MacID는 5 입니다. 

ECAT Node2의 MacID 또는 연결 상태를 확인바랍니다 !	
#MSG=END	
#LINE=END	

#LINE=START	
#TYPE=ALARM	
#LEVEL=LIGHT	
#MODULE=TMC	
#ID=22	
#TIME=2021.11.17 00:36:06:593	
#RESULT=POST	
#TITLE=IO - ECAT's Node2 Offline !	
#MSG=START	
현재, MacID는 5 입니다. 

ECAT Node2의 MacID 또는 연결 상태를 확인바랍니다 !	
#MSG=END	
#LINE=END	

#LINE=START	
#TYPE=ALARM	
#LEVEL=LIGHT	
#MODULE=TMC	
#ID=22	
#TIME=2021.11.17 00:36:29:470	
#RESULT=POST	
#TITLE=IO - ECAT's Node2 Offline !	
#MSG=START	
현재, MacID는 5 입니다. 

ECAT Node2의 MacID 또는 연결 상태를 확인바랍니다 !	
#MSG=END	
#LINE=END	

#LINE=START	
#TYPE=ALARM	
#LEVEL=LIGHT	
#MODULE=TMC	
#ID=21	
#TIME=2021.11.17 00:36:39:472	
#RESULT=POST	
#TITLE=IO - ECAT's Node1 Offline !	
#MSG=START	
현재, MacID는 4097 입니다. 

ECAT Node1의 MacID 또는 연결 상태를 확인바랍니다 !	
#MSG=END	
#LINE=END	

#LINE=START	
#TYPE=ALARM	
#LEVEL=LIGHT	
#MODULE=TMC	
#ID=22	
#TIME=2021.11.17 00:37:25:144	
#RESULT=POST	
#TITLE=IO - ECAT's Node2 Offline !	
#MSG=START	
현재, MacID는 5 입니다. 

ECAT Node2의 MacID 또는 연결 상태를 확인바랍니다 !	
#MSG=END	
#LINE=END	

#LINE=START	
#TYPE=ALARM	
#LEVEL=LIGHT	
#MODULE=TMC	
#ID=22	
#TIME=2021.11.17 00:38:27:874	
#RESULT=CHECK	
#TITLE=IO - ECAT's Node2 Offline !	
#MSG=START	
현재, MacID는 5 입니다. 

ECAT Node2의 MacID 또는 연결 상태를 확인바랍니다 !	
#MSG=END	
#LINE=END	

#LINE=START	
#TYPE=ALARM	
#LEVEL=LIGHT	
#MODULE=TMC	
#ID=21	
#TIME=2021.11.17 00:49:36:836	
#RESULT=POST	
#TITLE=IO - ECAT's Node1 Offline !	
#MSG=START	
현재, MacID는 4097 입니다. 

ECAT Node1의 MacID 또는 연결 상태를 확인바랍니다 !	
#MSG=END	
#LINE=END	

#LINE=START	
#TYPE=ALARM	
#LEVEL=LIGHT	
#MODULE=TMC	
#ID=22	
#TIME=2021.11.17 00:49:36:836	
#RESULT=POST	
#TITLE=IO - ECAT's Node2 Offline !	
#MSG=START	
현재, MacID는 4098 입니다. 

ECAT Node2의 MacID 또는 연결 상태를 확인바랍니다 !	
#MSG=END	
#LINE=END	

#LINE=START	
#TYPE=ALARM	
#LEVEL=LIGHT	
#MODULE=TMC	
#ID=21	
#TIME=2021.11.17 00:51:03:663	
#RESULT=POST	
#TITLE=IO - ECAT's Node1 Offline !	
#MSG=START	
현재, MacID는 4097 입니다. 

ECAT Node1의 MacID 또는 연결 상태를 확인바랍니다 !	
#MSG=END	
#LINE=END	

#LINE=START	
#TYPE=ALARM	
#LEVEL=LIGHT	
#MODULE=TMC	
#ID=22	
#TIME=2021.11.17 00:51:03:663	
#RESULT=POST	
#TITLE=IO - ECAT's Node2 Offline !	
#MSG=START	
현재, MacID는 4098 입니다. 

ECAT Node2의 MacID 또는 연결 상태를 확인바랍니다 !	
#MSG=END	
#LINE=END	

#LINE=START	
#TYPE=ALARM	
#LEVEL=LIGHT	
#MODULE=TMC	
#ID=22	
#TIME=2021.11.17 00:54:22:883	
#RESULT=CHECK	
#TITLE=IO - ECAT's Node2 Offline !	
#MSG=START	
현재, MacID는 4098 입니다. 

ECAT Node2의 MacID 또는 연결 상태를 확인바랍니다 !	
#MSG=END	
#LINE=END	

#LINE=START	
#TYPE=ALARM	
#LEVEL=LIGHT	
#MODULE=TMC	
#ID=21	
#TIME=2021.11.17 00:54:22:910	
#RESULT=CHECK	
#TITLE=IO - ECAT's Node1 Offline !	
#MSG=START	
현재, MacID는 4097 입니다. 

ECAT Node1의 MacID 또는 연결 상태를 확인바랍니다 !	
#MSG=END	
#LINE=END	

#LINE=START	
#TYPE=ALARM	
#LEVEL=LIGHT	
#MODULE=TMC	
#ID=42	
#TIME=2021.11.17 00:57:52:204	
#RESULT=POST	
#TITLE=PHY_IO__LP1 - Command Timeout.	
#MSG=START	
Command Timeout CLAMP, Please Check H/W DeviceNet I/O Input status
After Command Send, Result Can't Receive.
	
#MSG=END	
#LINE=END	

#LINE=START	
#TYPE=ALARM	
#LEVEL=LIGHT	
#MODULE=TMC	
#ID=42	
#TIME=2021.11.17 00:58:01:386	
#RESULT=ABORT	
#TITLE=PHY_IO__LP1 - Command Timeout.	
#MSG=START	
Command Timeout CLAMP, Please Check H/W DeviceNet I/O Input status
After Command Send, Result Can't Receive.
	
#MSG=END	
#LINE=END	

#LINE=START	
#TYPE=ALARM	
#LEVEL=LIGHT	
#MODULE=TMC	
#ID=45	
#TIME=2021.11.17 00:58:07:549	
#RESULT=POST	
#TITLE=PHY_IO__LP1 - LP PADDLE UP/DN... PADDLE SENSOR NOT EXT STATUS ALARM.	
#MSG=START	
Before LP Paddle Up/Down Action, Paddle Not Extend Status.
Please, Check Paddle Extend Status !
	
#MSG=END	
#LINE=END	

#LINE=START	
#TYPE=ALARM	
#LEVEL=LIGHT	
#MODULE=TMC	
#ID=45	
#TIME=2021.11.17 00:58:14:998	
#RESULT=ABORT	
#TITLE=PHY_IO__LP1 - LP PADDLE UP/DN... PADDLE SENSOR NOT EXT STATUS ALARM.	
#MSG=START	
Before LP Paddle Up/Down Action, Paddle Not Extend Status.
Please, Check Paddle Extend Status !
	
#MSG=END	
#LINE=END	

#LINE=START	
#TYPE=ALARM	
#LEVEL=LIGHT	
#MODULE=TMC	
#ID=45	
#TIME=2021.11.17 00:59:27:132	
#RESULT=POST	
#TITLE=PHY_IO__LP1 - LP PADDLE UP/DN... PADDLE SENSOR NOT EXT STATUS ALARM.	
#MSG=START	
Before LP Paddle Up/Down Action, Paddle Not Extend Status.
Please, Check Paddle Extend Status !
	
#MSG=END	
#LINE=END	

#LINE=START	
#TYPE=ALARM	
#LEVEL=LIGHT	
#MODULE=TMC	
#ID=45	
#TIME=2021.11.17 00:59:37:551	
#RESULT=ABORT	
#TITLE=PHY_IO__LP1 - LP PADDLE UP/DN... PADDLE SENSOR NOT EXT STATUS ALARM.	
#MSG=START	
Before LP Paddle Up/Down Action, Paddle Not Extend Status.
Please, Check Paddle Extend Status !
	
#MSG=END	
#LINE=END	

#LINE=START	
#TYPE=ALARM	
#LEVEL=LIGHT	
#MODULE=TMC	
#ID=21	
#TIME=2021.11.17 01:01:33:659	
#RESULT=POST	
#TITLE=IO - ECAT's Node1 Offline !	
#MSG=START	
현재, MacID는 4097 입니다. 

ECAT Node1의 MacID 또는 연결 상태를 확인바랍니다 !	
#MSG=END	
#LINE=END	

#LINE=START	
#TYPE=ALARM	
#LEVEL=LIGHT	
#MODULE=TMC	
#ID=22	
#TIME=2021.11.17 01:01:33:659	
#RESULT=POST	
#TITLE=IO - ECAT's Node2 Offline !	
#MSG=START	
현재, MacID는 4098 입니다. 

ECAT Node2의 MacID 또는 연결 상태를 확인바랍니다 !	
#MSG=END	
#LINE=END	

#LINE=START	
#TYPE=ALARM	
#LEVEL=LIGHT	
#MODULE=TMC	
#ID=21	
#TIME=2021.11.17 01:19:24:320	
#RESULT=POST	
#TITLE=IO - ECAT's Node1 Offline !	
#MSG=START	
현재, MacID는 4097 입니다. 

ECAT Node1의 MacID 또는 연결 상태를 확인바랍니다 !	
#MSG=END	
#LINE=END	

#LINE=START	
#TYPE=ALARM	
#LEVEL=LIGHT	
#MODULE=TMC	
#ID=22	
#TIME=2021.11.17 01:19:24:320	
#RESULT=POST	
#TITLE=IO - ECAT's Node2 Offline !	
#MSG=START	
현재, MacID는 4098 입니다. 

ECAT Node2의 MacID 또는 연결 상태를 확인바랍니다 !	
#MSG=END	
#LINE=END	

@LINE	
STATUS	
GUI-100	
-1	
2021.11.17 01:22:16:370	
POST	
STOP	
	
@LINE	
STATUS	
GUI-100	
-1	
2021.11.17 01:24:25:709	
POST	
START	
	
#LINE=START	
#TYPE=ALARM	
#LEVEL=LIGHT	
#MODULE=TMC	
#ID=21	
#TIME=2021.11.17 01:19:24:320	
#RESULT=POST	
#TITLE=IO - ECAT's Node1 Offline !	
#MSG=START	
현재, MacID는 4097 입니다. 

ECAT Node1의 MacID 또는 연결 상태를 확인바랍니다 !	
#MSG=END	
#LINE=END	

#LINE=START	
#TYPE=ALARM	
#LEVEL=LIGHT	
#MODULE=TMC	
#ID=22	
#TIME=2021.11.17 01:19:24:320	
#RESULT=POST	
#TITLE=IO - ECAT's Node2 Offline !	
#MSG=START	
현재, MacID는 4098 입니다. 

ECAT Node2의 MacID 또는 연결 상태를 확인바랍니다 !	
#MSG=END	
#LINE=END	

@LINE	
STATUS	
GUI-100	
-1	
2021.11.17 08:38:59:601	
POST	
STOP	
	
@LINE	
STATUS	
GUI-100	
-1	
2021.11.17 08:52:30:424	
POST	
START	
	
#LINE=START	
#TYPE=ALARM	
#LEVEL=LIGHT	
#MODULE=TMC	
#ID=21	
#TIME=2021.11.17 08:52:11:048	
#RESULT=POST	
#TITLE=IO - ECAT's Node1 Offline !	
#MSG=START	
현재, MacID는 4097 입니다. 

ECAT Node1의 MacID 또는 연결 상태를 확인바랍니다 !	
#MSG=END	
#LINE=END	

#LINE=START	
#TYPE=ALARM	
#LEVEL=LIGHT	
#MODULE=TMC	
#ID=22	
#TIME=2021.11.17 08:52:11:048	
#RESULT=POST	
#TITLE=IO - ECAT's Node2 Offline !	
#MSG=START	
현재, MacID는 4098 입니다. 

ECAT Node2의 MacID 또는 연결 상태를 확인바랍니다 !	
#MSG=END	
#LINE=END	

@LINE	
STATUS	
GUI-100	
-1	
2021.11.17 10:07:07:132	
POST	
STOP	
	
@LINE	
STATUS	
GUI-100	
-1	
2021.11.17 11:01:03:500	
POST	
START	
	
#LINE=START	
#TYPE=ALARM	
#LEVEL=LIGHT	
#MODULE=TMC	
#ID=21	
#TIME=2021.11.17 08:52:11:048	
#RESULT=POST	
#TITLE=IO - ECAT's Node1 Offline !	
#MSG=START	
현재, MacID는 4097 입니다. 

ECAT Node1의 MacID 또는 연결 상태를 확인바랍니다 !	
#MSG=END	
#LINE=END	

#LINE=START	
#TYPE=ALARM	
#LEVEL=LIGHT	
#MODULE=TMC	
#ID=22	
#TIME=2021.11.17 08:52:11:048	
#RESULT=POST	
#TITLE=IO - ECAT's Node2 Offline !	
#MSG=START	
현재, MacID는 4098 입니다. 

ECAT Node2의 MacID 또는 연결 상태를 확인바랍니다 !	
#MSG=END	
#LINE=END	

#LINE=START	
#TYPE=ALARM	
#LEVEL=LIGHT	
#MODULE=TMC	
#ID=21	
#TIME=2021.11.17 11:04:18:632	
#RESULT=POST	
#TITLE=IO - ECAT's Node1 Offline !	
#MSG=START	
현재, MacID는 4097 입니다. 

ECAT Node1의 MacID 또는 연결 상태를 확인바랍니다 !	
#MSG=END	
#LINE=END	

#LINE=START	
#TYPE=ALARM	
#LEVEL=LIGHT	
#MODULE=TMC	
#ID=22	
#TIME=2021.11.17 11:04:18:632	
#RESULT=POST	
#TITLE=IO - ECAT's Node2 Offline !	
#MSG=START	
현재, MacID는 4098 입니다. 

ECAT Node2의 MacID 또는 연결 상태를 확인바랍니다 !	
#MSG=END	
#LINE=END	

#LINE=START	
#TYPE=ALARM	
#LEVEL=LIGHT	
#MODULE=TMC	
#ID=21	
#TIME=2021.11.17 11:06:56:023	
#RESULT=POST	
#TITLE=IO - ECAT's Node1 Offline !	
#MSG=START	
현재, MacID는 4097 입니다. 

ECAT Node1의 MacID 또는 연결 상태를 확인바랍니다 !	
#MSG=END	
#LINE=END	

#LINE=START	
#TYPE=ALARM	
#LEVEL=LIGHT	
#MODULE=TMC	
#ID=22	
#TIME=2021.11.17 11:06:56:023	
#RESULT=POST	
#TITLE=IO - ECAT's Node2 Offline !	
#MSG=START	
현재, MacID는 4098 입니다. 

ECAT Node2의 MacID 또는 연결 상태를 확인바랍니다 !	
#MSG=END	
#LINE=END	

#LINE=START	
#TYPE=ALARM	
#LEVEL=LIGHT	
#MODULE=TMC	
#ID=11	
#TIME=2021.11.17 11:07:00:516	
#RESULT=POST	
#TITLE=PHY_IO__ATM_ROBOT - Offline.	
#MSG=START	
Controller is Offline.
Please, Check Communication Status !
	
#MSG=END	
#LINE=END	

#LINE=START	
#TYPE=ALARM	
#LEVEL=LIGHT	
#MODULE=TMC	
#ID=11	
#TIME=2021.11.17 11:07:30:617	
#RESULT=ABORT	
#TITLE=PHY_IO__ATM_ROBOT - Offline.	
#MSG=START	
Controller is Offline.
Please, Check Communication Status !
	
#MSG=END	
#LINE=END	

#LINE=START	
#TYPE=ALARM	
#LEVEL=LIGHT	
#MODULE=TMC	
#ID=22	
#TIME=2021.11.17 11:07:30:652	
#RESULT=CHECK	
#TITLE=IO - ECAT's Node2 Offline !	
#MSG=START	
현재, MacID는 4098 입니다. 

ECAT Node2의 MacID 또는 연결 상태를 확인바랍니다 !	
#MSG=END	
#LINE=END	

#LINE=START	
#TYPE=ALARM	
#LEVEL=LIGHT	
#MODULE=TMC	
#ID=21	
#TIME=2021.11.17 11:07:30:696	
#RESULT=CHECK	
#TITLE=IO - ECAT's Node1 Offline !	
#MSG=START	
현재, MacID는 4097 입니다. 

ECAT Node1의 MacID 또는 연결 상태를 확인바랍니다 !	
#MSG=END	
#LINE=END	

#LINE=START	
#TYPE=ALARM	
#LEVEL=LIGHT	
#MODULE=TMC	
#ID=11	
#TIME=2021.11.17 11:07:32:015	
#RESULT=POST	
#TITLE=PHY_IO__ATM_ROBOT - Offline.	
#MSG=START	
Controller is Offline.
Please, Check Communication Status !
	
#MSG=END	
#LINE=END	

#LINE=START	
#TYPE=ALARM	
#LEVEL=LIGHT	
#MODULE=TMC	
#ID=2	
#TIME=2021.11.17 11:10:18:475	
#RESULT=POST	
#TITLE=DB_CFG - Simulation mode is active !	
#MSG=START	
	
#MSG=END	
#LINE=END	

#LINE=START	
#TYPE=ALARM	
#LEVEL=LIGHT	
#MODULE=TMC	
#ID=3	
#TIME=2021.11.17 11:10:18:475	
#RESULT=POST	
#TITLE=DB_CFG - PMC-Dummy mode is active !	
#MSG=START	
 * "DB_CFG+SCH_TEST.CFG.PMC_DUMMY_BY_CTC" <- "YES" 

	
#MSG=END	
#LINE=END	

#LINE=START	
#TYPE=ALARM	
#LEVEL=LIGHT	
#MODULE=TMC	
#ID=2	
#TIME=2021.11.17 11:20:30:413	
#RESULT=POST	
#TITLE=DB_CFG - Simulation mode is active !	
#MSG=START	
	
#MSG=END	
#LINE=END	

#LINE=START	
#TYPE=ALARM	
#LEVEL=LIGHT	
#MODULE=TMC	
#ID=3	
#TIME=2021.11.17 11:20:30:413	
#RESULT=POST	
#TITLE=DB_CFG - PMC-Dummy mode is active !	
#MSG=START	
 * "DB_CFG+SCH_TEST.CFG.PMC_DUMMY_BY_CTC" <- "YES" 

	
#MSG=END	
#LINE=END	

@LINE	
STATUS	
GUI-100	
-1	
2021.11.17 11:43:26:541	
POST	
STOP	
	
@LINE	
STATUS	
GUI-100	
-1	
2021.11.17 11:43:42:826	
POST	
START	
	
#LINE=START	
#TYPE=ALARM	
#LEVEL=LIGHT	
#MODULE=TMC	
#ID=2	
#TIME=2021.11.17 11:20:30:413	
#RESULT=POST	
#TITLE=DB_CFG - Simulation mode is active !	
#MSG=START	
	
#MSG=END	
#LINE=END	

#LINE=START	
#TYPE=ALARM	
#LEVEL=LIGHT	
#MODULE=TMC	
#ID=3	
#TIME=2021.11.17 11:20:30:413	
#RESULT=POST	
#TITLE=DB_CFG - PMC-Dummy mode is active !	
#MSG=START	
 * "DB_CFG+SCH_TEST.CFG.PMC_DUMMY_BY_CTC" <- "YES" 

	
#MSG=END	
#LINE=END	

#LINE=START	
#TYPE=ALARM	
#LEVEL=LIGHT	
#MODULE=TMC	
#ID=0	
#TIME=2021.11.17 11:53:10:218	
#RESULT=POST	
#TITLE=__SYS - SYSTEM ERROR	
#MSG=START	
Error Type    :  OBJECT_MODE
Error Title   :  Unknown Object Mode "HOME" 
Error Message
"HOME" is not registered in "PHY_IO__LP1" object. 


	
#MSG=END	
#LINE=END	

@LINE	
STATUS	
GUI-100	
-1	
2021.11.17 11:55:01:191	
POST	
STOP	
	
@LINE	
STATUS	
GUI-100	
-1	
2021.11.17 12:17:57:692	
POST	
START	
	
#LINE=START	
#TYPE=ALARM	
#LEVEL=LIGHT	
#MODULE=TMC	
#ID=2	
#TIME=2021.11.17 11:20:30:413	
#RESULT=POST	
#TITLE=DB_CFG - Simulation mode is active !	
#MSG=START	
	
#MSG=END	
#LINE=END	

#LINE=START	
#TYPE=ALARM	
#LEVEL=LIGHT	
#MODULE=TMC	
#ID=3	
#TIME=2021.11.17 11:20:30:413	
#RESULT=POST	
#TITLE=DB_CFG - PMC-Dummy mode is active !	
#MSG=START	
 * "DB_CFG+SCH_TEST.CFG.PMC_DUMMY_BY_CTC" <- "YES" 

	
#MSG=END	
#LINE=END	

#LINE=START	
#TYPE=ALARM	
#LEVEL=LIGHT	
#MODULE=TMC	
#ID=0	
#TIME=2021.11.17 11:53:10:218	
#RESULT=POST	
#TITLE=__SYS - SYSTEM ERROR	
#MSG=START	
Error Type    :  OBJECT_MODE
Error Title   :  Unknown Object Mode "HOME" 
Error Message
"HOME" is not registered in "PHY_IO__LP1" object. 


	
#MSG=END	
#LINE=END	

@LINE	
STATUS	
GUI-100	
-1	
2021.11.17 12:18:30:436	
POST	
STOP	
	
@LINE	
STATUS	
GUI-100	
-1	
2021.11.17 12:20:45:745	
POST	
START	
	
#LINE=START	
#TYPE=ALARM	
#LEVEL=LIGHT	
#MODULE=TMC	
#ID=2	
#TIME=2021.11.17 11:20:30:413	
#RESULT=POST	
#TITLE=DB_CFG - Simulation mode is active !	
#MSG=START	
	
#MSG=END	
#LINE=END	

#LINE=START	
#TYPE=ALARM	
#LEVEL=LIGHT	
#MODULE=TMC	
#ID=3	
#TIME=2021.11.17 11:20:30:413	
#RESULT=POST	
#TITLE=DB_CFG - PMC-Dummy mode is active !	
#MSG=START	
 * "DB_CFG+SCH_TEST.CFG.PMC_DUMMY_BY_CTC" <- "YES" 

	
#MSG=END	
#LINE=END	

#LINE=START	
#TYPE=ALARM	
#LEVEL=LIGHT	
#MODULE=TMC	
#ID=0	
#TIME=2021.11.17 11:53:10:218	
#RESULT=POST	
#TITLE=__SYS - SYSTEM ERROR	
#MSG=START	
Error Type    :  OBJECT_MODE
Error Title   :  Unknown Object Mode "HOME" 
Error Message
"HOME" is not registered in "PHY_IO__LP1" object. 


	
#MSG=END	
#LINE=END	

@LINE	
STATUS	
GUI-100	
-1	
2021.11.17 12:28:54:013	
POST	
STOP	
	
@LINE	
STATUS	
GUI-100	
-1	
2021.11.17 12:29:00:218	
POST	
START	
	
#LINE=START	
#TYPE=ALARM	
#LEVEL=LIGHT	
#MODULE=TMC	
#ID=2	
#TIME=2021.11.17 11:20:30:413	
#RESULT=POST	
#TITLE=DB_CFG - Simulation mode is active !	
#MSG=START	
	
#MSG=END	
#LINE=END	

#LINE=START	
#TYPE=ALARM	
#LEVEL=LIGHT	
#MODULE=TMC	
#ID=3	
#TIME=2021.11.17 11:20:30:413	
#RESULT=POST	
#TITLE=DB_CFG - PMC-Dummy mode is active !	
#MSG=START	
 * "DB_CFG+SCH_TEST.CFG.PMC_DUMMY_BY_CTC" <- "YES" 

	
#MSG=END	
#LINE=END	

#LINE=START	
#TYPE=ALARM	
#LEVEL=LIGHT	
#MODULE=TMC	
#ID=0	
#TIME=2021.11.17 11:53:10:218	
#RESULT=POST	
#TITLE=__SYS - SYSTEM ERROR	
#MSG=START	
Error Type    :  OBJECT_MODE
Error Title   :  Unknown Object Mode "HOME" 
Error Message
"HOME" is not registered in "PHY_IO__LP1" object. 


	
#MSG=END	
#LINE=END	

#LINE=START	
#TYPE=ALARM	
#LEVEL=LIGHT	
#MODULE=TMC	
#ID=0	
#TIME=2021.11.17 12:30:46:686	
#RESULT=CHECK	
#TITLE=__SYS - SYSTEM ERROR	
#MSG=START	
Error Type    :  OBJECT_MODE
Error Title   :  Unknown Object Mode "HOME" 
Error Message
"HOME" is not registered in "PHY_IO__LP1" object. 


	
#MSG=END	
#LINE=END	

#LINE=START	
#TYPE=ALARM	
#LEVEL=LIGHT	
#MODULE=TMC	
#ID=0	
#TIME=2021.11.17 12:31:31:719	
#RESULT=POST	
#TITLE=__SYS - SYSTEM ERROR	
#MSG=START	
Error Type    :  OBJECT_MODE
Error Title   :  Unknown Object Mode "HOME" 
Error Message
"HOME" is not registered in "PHY_IO__LP1" object. 


	
#MSG=END	
#LINE=END	

#LINE=START	
#TYPE=ALARM	
#LEVEL=LIGHT	
#MODULE=TMC	
#ID=0	
#TIME=2021.11.17 12:31:38:346	
#RESULT=CHECK	
#TITLE=__SYS - SYSTEM ERROR	
#MSG=START	
Error Type    :  OBJECT_MODE
Error Title   :  Unknown Object Mode "HOME" 
Error Message
"HOME" is not registered in "PHY_IO__LP1" object. 


	
#MSG=END	
#LINE=END	

#LINE=START	
#TYPE=ALARM	
#LEVEL=LIGHT	
#MODULE=TMC	
#ID=2	
#TIME=2021.11.17 12:38:32:055	
#RESULT=POST	
#TITLE=DB_CFG - Simulation mode is active !	
#MSG=START	
	
#MSG=END	
#LINE=END	

#LINE=START	
#TYPE=ALARM	
#LEVEL=LIGHT	
#MODULE=TMC	
#ID=3	
#TIME=2021.11.17 12:38:32:055	
#RESULT=POST	
#TITLE=DB_CFG - PMC-Dummy mode is active !	
#MSG=START	
 * "DB_CFG+SCH_TEST.CFG.PMC_DUMMY_BY_CTC" <- "YES" 

	
#MSG=END	
#LINE=END	

@LINE	
STATUS	
GUI-100	
-1	
2021.11.17 12:42:17:006	
POST	
STOP	
	
@LINE	
STATUS	
GUI-100	
-1	
2021.11.17 13:12:00:037	
POST	
START	
	
#LINE=START	
#TYPE=ALARM	
#LEVEL=LIGHT	
#MODULE=TMC	
#ID=2	
#TIME=2021.11.17 13:08:12:989	
#RESULT=POST	
#TITLE=DB_CFG - Simulation mode is active !	
#MSG=START	
	
#MSG=END	
#LINE=END	

#LINE=START	
#TYPE=ALARM	
#LEVEL=LIGHT	
#MODULE=TMC	
#ID=3	
#TIME=2021.11.17 13:08:12:989	
#RESULT=POST	
#TITLE=DB_CFG - PMC-Dummy mode is active !	
#MSG=START	
 * "DB_CFG+SCH_TEST.CFG.PMC_DUMMY_BY_CTC" <- "YES" 

	
#MSG=END	
#LINE=END	

@LINE	
STATUS	
GUI-100	
-1	
2021.11.17 13:14:40:797	
POST	
STOP	
	
@LINE	
STATUS	
GUI-100	
-1	
2021.11.17 13:19:21:879	
POST	
START	
	
#LINE=START	
#TYPE=ALARM	
#LEVEL=LIGHT	
#MODULE=TMC	
#ID=2	
#TIME=2021.11.17 13:08:12:989	
#RESULT=POST	
#TITLE=DB_CFG - Simulation mode is active !	
#MSG=START	
	
#MSG=END	
#LINE=END	

#LINE=START	
#TYPE=ALARM	
#LEVEL=LIGHT	
#MODULE=TMC	
#ID=3	
#TIME=2021.11.17 13:08:12:989	
#RESULT=POST	
#TITLE=DB_CFG - PMC-Dummy mode is active !	
#MSG=START	
 * "DB_CFG+SCH_TEST.CFG.PMC_DUMMY_BY_CTC" <- "YES" 

	
#MSG=END	
#LINE=END	

@LINE	
STATUS	
GUI-100	
-1	
2021.11.17 13:40:34:489	
POST	
STOP	
	
@LINE	
STATUS	
GUI-100	
-1	
2021.11.17 14:02:46:765	
POST	
START	
	
#LINE=START	
#TYPE=ALARM	
#LEVEL=LIGHT	
#MODULE=TMC	
#ID=2	
#TIME=2021.11.17 13:54:38:064	
#RESULT=POST	
#TITLE=DB_CFG - Simulation mode is active !	
#MSG=START	
	
#MSG=END	
#LINE=END	

#LINE=START	
#TYPE=ALARM	
#LEVEL=LIGHT	
#MODULE=TMC	
#ID=3	
#TIME=2021.11.17 13:54:38:064	
#RESULT=POST	
#TITLE=DB_CFG - PMC-Dummy mode is active !	
#MSG=START	
 * "DB_CFG+SCH_TEST.CFG.PMC_DUMMY_BY_CTC" <- "YES" 

	
#MSG=END	
#LINE=END	

#LINE=START	
#TYPE=ALARM	
#LEVEL=LIGHT	
#MODULE=TMC	
#ID=42	
#TIME=2021.11.17 14:07:35:097	
#RESULT=POST	
#TITLE=PHY_IO__LP1 - Command Timeout.	
#MSG=START	
Command Timeout SHUTTLE_OUT, Please Check H/W DeviceNet I/O Input status
After Command Send, Result Can't Receive.
	
#MSG=END	
#LINE=END	

#LINE=START	
#TYPE=ALARM	
#LEVEL=LIGHT	
#MODULE=TMC	
#ID=42	
#TIME=2021.11.17 14:07:48:366	
#RESULT=ABORT	
#TITLE=PHY_IO__LP1 - Command Timeout.	
#MSG=START	
Command Timeout SHUTTLE_OUT, Please Check H/W DeviceNet I/O Input status
After Command Send, Result Can't Receive.
	
#MSG=END	
#LINE=END	

#LINE=START	
#TYPE=ALARM	
#LEVEL=LIGHT	
#MODULE=TMC	
#ID=11	
#TIME=2021.11.17 14:27:51:250	
#RESULT=POST	
#TITLE=PHY_IO__ATM_ROBOT - Offline.	
#MSG=START	
Controller is Offline.
Please, Check Communication Status !
	
#MSG=END	
#LINE=END	

#LINE=START	
#TYPE=ALARM	
#LEVEL=LIGHT	
#MODULE=TMC	
#ID=11	
#TIME=2021.11.17 14:36:54:530	
#RESULT=POST	
#TITLE=PHY_IO__ATM_ROBOT - Offline.	
#MSG=START	
Controller is Offline.
Please, Check Communication Status !
	
#MSG=END	
#LINE=END	

@LINE	
STATUS	
GUI-100	
-1	
2021.11.17 14:37:25:361	
POST	
STOP	
	
@LINE	
STATUS	
GUI-100	
-1	
2021.11.17 14:49:01:523	
POST	
START	
	
#LINE=START	
#TYPE=ALARM	
#LEVEL=LIGHT	
#MODULE=TMC	
#ID=11	
#TIME=2021.11.17 14:36:54:530	
#RESULT=POST	
#TITLE=PHY_IO__ATM_ROBOT - Offline.	
#MSG=START	
Controller is Offline.
Please, Check Communication Status !
	
#MSG=END	
#LINE=END	

@LINE	
STATUS	
GUI-100	
-1	
2021.11.17 14:52:48:238	
POST	
STOP	
	
@LINE	
STATUS	
GUI-100	
-1	
2021.11.17 14:54:05:170	
POST	
START	
	
#LINE=START	
#TYPE=ALARM	
#LEVEL=LIGHT	
#MODULE=TMC	
#ID=11	
#TIME=2021.11.17 14:36:54:530	
#RESULT=POST	
#TITLE=PHY_IO__ATM_ROBOT - Offline.	
#MSG=START	
Controller is Offline.
Please, Check Communication Status !
	
#MSG=END	
#LINE=END	

#LINE=START	
#TYPE=ALARM	
#LEVEL=LIGHT	
#MODULE=TMC	
#ID=11	
#TIME=2021.11.17 15:07:53:218	
#RESULT=POST	
#TITLE=PHY_IO__ATM_ROBOT - Offline.	
#MSG=START	
Controller is Offline.
Please, Check Communication Status !
	
#MSG=END	
#LINE=END	

#LINE=START	
#TYPE=ALARM	
#LEVEL=LIGHT	
#MODULE=TMC	
#ID=40	
#TIME=2021.11.17 15:18:49:582	
#RESULT=POST	
#TITLE=PHY_IO__LP1 - Offline.	
#MSG=START	
Communication is Offline.
Please, Check DeviceNet Communication Status !
	
#MSG=END	
#LINE=END	

#LINE=START	
#TYPE=ALARM	
#LEVEL=LIGHT	
#MODULE=TMC	
#ID=11	
#TIME=2021.11.17 15:18:52:625	
#RESULT=POST	
#TITLE=PHY_IO__ATM_ROBOT - Offline.	
#MSG=START	
Controller is Offline.
Please, Check Communication Status !
	
#MSG=END	
#LINE=END	

#LINE=START	
#TYPE=ALARM	
#LEVEL=LIGHT	
#MODULE=TMC	
#ID=11	
#TIME=2021.11.17 15:24:02:984	
#RESULT=POST	
#TITLE=PHY_IO__ATM_ROBOT - Offline.	
#MSG=START	
Controller is Offline.
Please, Check Communication Status !
	
#MSG=END	
#LINE=END	

#LINE=START	
#TYPE=ALARM	
#LEVEL=LIGHT	
#MODULE=TMC	
#ID=45	
#TIME=2021.11.17 15:41:18:927	
#RESULT=POST	
#TITLE=PHY_IO__LP1 - LP PADDLE UP/DN... PADDLE SENSOR NOT EXT STATUS ALARM.	
#MSG=START	
Before LP Paddle Up/Down Action, Paddle Not Extend Status.
Please, Check Paddle Extend Status !
	
#MSG=END	
#LINE=END	

#LINE=START	
#TYPE=ALARM	
#LEVEL=LIGHT	
#MODULE=TMC	
#ID=45	
#TIME=2021.11.17 15:42:54:905	
#RESULT=RETRY	
#TITLE=PHY_IO__LP1 - LP PADDLE UP/DN... PADDLE SENSOR NOT EXT STATUS ALARM.	
#MSG=START	
Before LP Paddle Up/Down Action, Paddle Not Extend Status.
Please, Check Paddle Extend Status !
	
#MSG=END	
#LINE=END	

#LINE=START	
#TYPE=ALARM	
#LEVEL=LIGHT	
#MODULE=TMC	
#ID=45	
#TIME=2021.11.17 15:42:54:908	
#RESULT=POST	
#TITLE=PHY_IO__LP1 - LP PADDLE UP/DN... PADDLE SENSOR NOT EXT STATUS ALARM.	
#MSG=START	
Before LP Paddle Up/Down Action, Paddle Not Extend Status.
Please, Check Paddle Extend Status !
	
#MSG=END	
#LINE=END	

#LINE=START	
#TYPE=ALARM	
#LEVEL=LIGHT	
#MODULE=TMC	
#ID=45	
#TIME=2021.11.17 15:43:39:432	
#RESULT=ABORT	
#TITLE=PHY_IO__LP1 - LP PADDLE UP/DN... PADDLE SENSOR NOT EXT STATUS ALARM.	
#MSG=START	
Before LP Paddle Up/Down Action, Paddle Not Extend Status.
Please, Check Paddle Extend Status !
	
#MSG=END	
#LINE=END	

#LINE=START	
#TYPE=ALARM	
#LEVEL=LIGHT	
#MODULE=TMC	
#ID=40	
#TIME=2021.11.17 16:00:19:592	
#RESULT=POST	
#TITLE=PHY_IO__LP2 - Offline.	
#MSG=START	
Communication is Offline.
Please, Check DeviceNet Communication Status !
	
#MSG=END	
#LINE=END	

#LINE=START	
#TYPE=ALARM	
#LEVEL=LIGHT	
#MODULE=TMC	
#ID=40	
#TIME=2021.11.17 16:00:19:632	
#RESULT=POST	
#TITLE=PHY_IO__LP3 - Offline.	
#MSG=START	
Communication is Offline.
Please, Check DeviceNet Communication Status !
	
#MSG=END	
#LINE=END	

#LINE=START	
#TYPE=ALARM	
#LEVEL=LIGHT	
#MODULE=TMC	
#ID=11	
#TIME=2021.11.17 16:00:22:672	
#RESULT=POST	
#TITLE=PHY_IO__ATM_ROBOT - Offline.	
#MSG=START	
Controller is Offline.
Please, Check Communication Status !
	
#MSG=END	
#LINE=END	

#LINE=START	
#TYPE=ALARM	
#LEVEL=LIGHT	
#MODULE=TMC	
#ID=33	
#TIME=2021.11.17 16:02:37:459	
#RESULT=POST	
#TITLE=IO - ECAT's Node3 Offline !	
#MSG=START	
현재, MacID는 1 입니다. 

ECAT Node3의 MacID 또는 연결 상태를 확인바랍니다 !	
#MSG=END	
#LINE=END	

#LINE=START	
#TYPE=ALARM	
#LEVEL=LIGHT	
#MODULE=TMC	
#ID=40	
#TIME=2021.11.17 16:02:42:861	
#RESULT=POST	
#TITLE=PHY_IO__LP2 - Offline.	
#MSG=START	
Communication is Offline.
Please, Check DeviceNet Communication Status !
	
#MSG=END	
#LINE=END	

#LINE=START	
#TYPE=ALARM	
#LEVEL=LIGHT	
#MODULE=TMC	
#ID=40	
#TIME=2021.11.17 16:02:42:891	
#RESULT=POST	
#TITLE=PHY_IO__LP3 - Offline.	
#MSG=START	
Communication is Offline.
Please, Check DeviceNet Communication Status !
	
#MSG=END	
#LINE=END	

#LINE=START	
#TYPE=ALARM	
#LEVEL=LIGHT	
#MODULE=TMC	
#ID=11	
#TIME=2021.11.17 16:02:45:969	
#RESULT=POST	
#TITLE=PHY_IO__ATM_ROBOT - Offline.	
#MSG=START	
Controller is Offline.
Please, Check Communication Status !
	
#MSG=END	
#LINE=END	

#LINE=START	
#TYPE=ALARM	
#LEVEL=LIGHT	
#MODULE=TMC	
#ID=34	
#TIME=2021.11.17 16:05:32:452	
#RESULT=POST	
#TITLE=IO - ECAT's Node4 Offline !	
#MSG=START	
현재, MacID는 4100 입니다. 

ECAT Node4의 MacID 또는 연결 상태를 확인바랍니다 !	
#MSG=END	
#LINE=END	

#LINE=START	
#TYPE=ALARM	
#LEVEL=LIGHT	
#MODULE=TMC	
#ID=35	
#TIME=2021.11.17 16:05:32:452	
#RESULT=POST	
#TITLE=IO - ECAT's Node5 Offline !	
#MSG=START	
현재, MacID는 4101 입니다. 

ECAT Node5의 MacID 또는 연결 상태를 확인바랍니다 !	
#MSG=END	
#LINE=END	

#LINE=START	
#TYPE=ALARM	
#LEVEL=LIGHT	
#MODULE=TMC	
#ID=31	
#TIME=2021.11.17 16:05:33:461	
#RESULT=POST	
#TITLE=IO - ECAT's Node1 Offline !	
#MSG=START	
현재, MacID는 4097 입니다. 

ECAT Node1의 MacID 또는 연결 상태를 확인바랍니다 !	
#MSG=END	
#LINE=END	

#LINE=START	
#TYPE=ALARM	
#LEVEL=LIGHT	
#MODULE=TMC	
#ID=32	
#TIME=2021.11.17 16:05:33:461	
#RESULT=POST	
#TITLE=IO - ECAT's Node2 Offline !	
#MSG=START	
현재, MacID는 4098 입니다. 

ECAT Node2의 MacID 또는 연결 상태를 확인바랍니다 !	
#MSG=END	
#LINE=END	

#LINE=START	
#TYPE=ALARM	
#LEVEL=LIGHT	
#MODULE=TMC	
#ID=40	
#TIME=2021.11.17 16:05:33:774	
#RESULT=POST	
#TITLE=PHY_IO__LP1 - Offline.	
#MSG=START	
Communication is Offline.
Please, Check DeviceNet Communication Status !
	
#MSG=END	
#LINE=END	

#LINE=START	
#TYPE=ALARM	
#LEVEL=LIGHT	
#MODULE=TMC	
#ID=40	
#TIME=2021.11.17 16:08:48:385	
#RESULT=ABORT	
#TITLE=PHY_IO__LP1 - Offline.	
#MSG=START	
Communication is Offline.
Please, Check DeviceNet Communication Status !
	
#MSG=END	
#LINE=END	

#LINE=START	
#TYPE=ALARM	
#LEVEL=LIGHT	
#MODULE=TMC	
#ID=32	
#TIME=2021.11.17 16:08:48:418	
#RESULT=CHECK	
#TITLE=IO - ECAT's Node2 Offline !	
#MSG=START	
현재, MacID는 4098 입니다. 

ECAT Node2의 MacID 또는 연결 상태를 확인바랍니다 !	
#MSG=END	
#LINE=END	

#LINE=START	
#TYPE=ALARM	
#LEVEL=LIGHT	
#MODULE=TMC	
#ID=31	
#TIME=2021.11.17 16:08:48:449	
#RESULT=CHECK	
#TITLE=IO - ECAT's Node1 Offline !	
#MSG=START	
현재, MacID는 4097 입니다. 

ECAT Node1의 MacID 또는 연결 상태를 확인바랍니다 !	
#MSG=END	
#LINE=END	

#LINE=START	
#TYPE=ALARM	
#LEVEL=LIGHT	
#MODULE=TMC	
#ID=35	
#TIME=2021.11.17 16:08:48:485	
#RESULT=CHECK	
#TITLE=IO - ECAT's Node5 Offline !	
#MSG=START	
현재, MacID는 4101 입니다. 

ECAT Node5의 MacID 또는 연결 상태를 확인바랍니다 !	
#MSG=END	
#LINE=END	

#LINE=START	
#TYPE=ALARM	
#LEVEL=LIGHT	
#MODULE=TMC	
#ID=34	
#TIME=2021.11.17 16:08:48:514	
#RESULT=CHECK	
#TITLE=IO - ECAT's Node4 Offline !	
#MSG=START	
현재, MacID는 4100 입니다. 

ECAT Node4의 MacID 또는 연결 상태를 확인바랍니다 !	
#MSG=END	
#LINE=END	

#LINE=START	
#TYPE=ALARM	
#LEVEL=LIGHT	
#MODULE=TMC	
#ID=11	
#TIME=2021.11.17 16:08:48:552	
#RESULT=ABORT	
#TITLE=PHY_IO__ATM_ROBOT - Offline.	
#MSG=START	
Controller is Offline.
Please, Check Communication Status !
	
#MSG=END	
#LINE=END	

#LINE=START	
#TYPE=ALARM	
#LEVEL=LIGHT	
#MODULE=TMC	
#ID=40	
#TIME=2021.11.17 16:08:48:585	
#RESULT=ABORT	
#TITLE=PHY_IO__LP3 - Offline.	
#MSG=START	
Communication is Offline.
Please, Check DeviceNet Communication Status !
	
#MSG=END	
#LINE=END	

#LINE=START	
#TYPE=ALARM	
#LEVEL=LIGHT	
#MODULE=TMC	
#ID=40	
#TIME=2021.11.17 16:08:48:616	
#RESULT=ABORT	
#TITLE=PHY_IO__LP2 - Offline.	
#MSG=START	
Communication is Offline.
Please, Check DeviceNet Communication Status !
	
#MSG=END	
#LINE=END	

#LINE=START	
#TYPE=ALARM	
#LEVEL=LIGHT	
#MODULE=TMC	
#ID=33	
#TIME=2021.11.17 16:08:48:650	
#RESULT=CHECK	
#TITLE=IO - ECAT's Node3 Offline !	
#MSG=START	
현재, MacID는 1 입니다. 

ECAT Node3의 MacID 또는 연결 상태를 확인바랍니다 !	
#MSG=END	
#LINE=END	

#LINE=START	
#TYPE=ALARM	
#LEVEL=LIGHT	
#MODULE=TMC	
#ID=40	
#TIME=2021.11.17 16:08:48:865	
#RESULT=POST	
#TITLE=PHY_IO__LP2 - Offline.	
#MSG=START	
Communication is Offline.
Please, Check DeviceNet Communication Status !
	
#MSG=END	
#LINE=END	

#LINE=START	
#TYPE=ALARM	
#LEVEL=LIGHT	
#MODULE=TMC	
#ID=40	
#TIME=2021.11.17 16:08:48:894	
#RESULT=POST	
#TITLE=PHY_IO__LP3 - Offline.	
#MSG=START	
Communication is Offline.
Please, Check DeviceNet Communication Status !
	
#MSG=END	
#LINE=END	

#LINE=START	
#TYPE=ALARM	
#LEVEL=LIGHT	
#MODULE=TMC	
#ID=33	
#TIME=2021.11.17 16:08:49:452	
#RESULT=POST	
#TITLE=IO - ECAT's Node3 Offline !	
#MSG=START	
현재, MacID는 4099 입니다. 

ECAT Node3의 MacID 또는 연결 상태를 확인바랍니다 !	
#MSG=END	
#LINE=END	

#LINE=START	
#TYPE=ALARM	
#LEVEL=LIGHT	
#MODULE=TMC	
#ID=34	
#TIME=2021.11.17 16:08:49:452	
#RESULT=POST	
#TITLE=IO - ECAT's Node4 Offline !	
#MSG=START	
현재, MacID는 4100 입니다. 

ECAT Node4의 MacID 또는 연결 상태를 확인바랍니다 !	
#MSG=END	
#LINE=END	

#LINE=START	
#TYPE=ALARM	
#LEVEL=LIGHT	
#MODULE=TMC	
#ID=35	
#TIME=2021.11.17 16:08:49:452	
#RESULT=POST	
#TITLE=IO - ECAT's Node5 Offline !	
#MSG=START	
현재, MacID는 4101 입니다. 

ECAT Node5의 MacID 또는 연결 상태를 확인바랍니다 !	
#MSG=END	
#LINE=END	

#LINE=START	
#TYPE=ALARM	
#LEVEL=LIGHT	
#MODULE=TMC	
#ID=11	
#TIME=2021.11.17 16:08:49:969	
#RESULT=POST	
#TITLE=PHY_IO__ATM_ROBOT - Offline.	
#MSG=START	
Controller is Offline.
Please, Check Communication Status !
	
#MSG=END	
#LINE=END	

#LINE=START	
#TYPE=ALARM	
#LEVEL=LIGHT	
#MODULE=TMC	
#ID=31	
#TIME=2021.11.17 16:19:04:452	
#RESULT=POST	
#TITLE=IO - ECAT's Node1 Offline !	
#MSG=START	
현재, MacID는 4097 입니다. 

ECAT Node1의 MacID 또는 연결 상태를 확인바랍니다 !	
#MSG=END	
#LINE=END	

#LINE=START	
#TYPE=ALARM	
#LEVEL=LIGHT	
#MODULE=TMC	
#ID=32	
#TIME=2021.11.17 16:19:04:452	
#RESULT=POST	
#TITLE=IO - ECAT's Node2 Offline !	
#MSG=START	
현재, MacID는 4098 입니다. 

ECAT Node2의 MacID 또는 연결 상태를 확인바랍니다 !	
#MSG=END	
#LINE=END	

#LINE=START	
#TYPE=ALARM	
#LEVEL=LIGHT	
#MODULE=TMC	
#ID=40	
#TIME=2021.11.17 16:19:04:769	
#RESULT=POST	
#TITLE=PHY_IO__LP1 - Offline.	
#MSG=START	
Communication is Offline.
Please, Check DeviceNet Communication Status !
	
#MSG=END	
#LINE=END	

#LINE=START	
#TYPE=ALARM	
#LEVEL=LIGHT	
#MODULE=TMC	
#ID=33	
#TIME=2021.11.17 16:23:24:222	
#RESULT=POST	
#TITLE=IO - ECAT's Node3 Offline !	
#MSG=START	
현재, MacID는 4099 입니다. 

ECAT Node3의 MacID 또는 연결 상태를 확인바랍니다 !	
#MSG=END	
#LINE=END	

#LINE=START	
#TYPE=ALARM	
#LEVEL=LIGHT	
#MODULE=TMC	
#ID=34	
#TIME=2021.11.17 16:23:24:222	
#RESULT=POST	
#TITLE=IO - ECAT's Node4 Offline !	
#MSG=START	
현재, MacID는 4100 입니다. 

ECAT Node4의 MacID 또는 연결 상태를 확인바랍니다 !	
#MSG=END	
#LINE=END	

#LINE=START	
#TYPE=ALARM	
#LEVEL=LIGHT	
#MODULE=TMC	
#ID=35	
#TIME=2021.11.17 16:23:24:222	
#RESULT=POST	
#TITLE=IO - ECAT's Node5 Offline !	
#MSG=START	
현재, MacID는 4101 입니다. 

ECAT Node5의 MacID 또는 연결 상태를 확인바랍니다 !	
#MSG=END	
#LINE=END	

#LINE=START	
#TYPE=ALARM	
#LEVEL=LIGHT	
#MODULE=TMC	
#ID=36	
#TIME=2021.11.17 16:23:24:222	
#RESULT=POST	
#TITLE=IO - ECAT's Node6 Offline !	
#MSG=START	
현재, MacID는 4102 입니다. 

ECAT Node6의 MacID 또는 연결 상태를 확인바랍니다 !	
#MSG=END	
#LINE=END	

#LINE=START	
#TYPE=ALARM	
#LEVEL=LIGHT	
#MODULE=TMC	
#ID=40	
#TIME=2021.11.17 16:23:29:648	
#RESULT=POST	
#TITLE=PHY_IO__LP2 - Offline.	
#MSG=START	
Communication is Offline.
Please, Check DeviceNet Communication Status !
	
#MSG=END	
#LINE=END	

#LINE=START	
#TYPE=ALARM	
#LEVEL=LIGHT	
#MODULE=TMC	
#ID=40	
#TIME=2021.11.17 16:23:29:677	
#RESULT=POST	
#TITLE=PHY_IO__LP3 - Offline.	
#MSG=START	
Communication is Offline.
Please, Check DeviceNet Communication Status !
	
#MSG=END	
#LINE=END	

#LINE=START	
#TYPE=ALARM	
#LEVEL=LIGHT	
#MODULE=TMC	
#ID=11	
#TIME=2021.11.17 16:23:32:718	
#RESULT=POST	
#TITLE=PHY_IO__ATM_ROBOT - Offline.	
#MSG=START	
Controller is Offline.
Please, Check Communication Status !
	
#MSG=END	
#LINE=END	

#LINE=START	
#TYPE=ALARM	
#LEVEL=LIGHT	
#MODULE=TMC	
#ID=11	
#TIME=2021.11.17 16:24:12:706	
#RESULT=ABORT	
#TITLE=PHY_IO__ATM_ROBOT - Offline.	
#MSG=START	
Controller is Offline.
Please, Check Communication Status !
	
#MSG=END	
#LINE=END	

#LINE=START	
#TYPE=ALARM	
#LEVEL=LIGHT	
#MODULE=TMC	
#ID=40	
#TIME=2021.11.17 16:24:12:743	
#RESULT=ABORT	
#TITLE=PHY_IO__LP3 - Offline.	
#MSG=START	
Communication is Offline.
Please, Check DeviceNet Communication Status !
	
#MSG=END	
#LINE=END	

#LINE=START	
#TYPE=ALARM	
#LEVEL=LIGHT	
#MODULE=TMC	
#ID=40	
#TIME=2021.11.17 16:24:12:783	
#RESULT=ABORT	
#TITLE=PHY_IO__LP2 - Offline.	
#MSG=START	
Communication is Offline.
Please, Check DeviceNet Communication Status !
	
#MSG=END	
#LINE=END	

#LINE=START	
#TYPE=ALARM	
#LEVEL=LIGHT	
#MODULE=TMC	
#ID=36	
#TIME=2021.11.17 16:24:12:821	
#RESULT=CHECK	
#TITLE=IO - ECAT's Node6 Offline !	
#MSG=START	
현재, MacID는 4102 입니다. 

ECAT Node6의 MacID 또는 연결 상태를 확인바랍니다 !	
#MSG=END	
#LINE=END	

#LINE=START	
#TYPE=ALARM	
#LEVEL=LIGHT	
#MODULE=TMC	
#ID=35	
#TIME=2021.11.17 16:24:12:855	
#RESULT=CHECK	
#TITLE=IO - ECAT's Node5 Offline !	
#MSG=START	
현재, MacID는 4101 입니다. 

ECAT Node5의 MacID 또는 연결 상태를 확인바랍니다 !	
#MSG=END	
#LINE=END	

#LINE=START	
#TYPE=ALARM	
#LEVEL=LIGHT	
#MODULE=TMC	
#ID=34	
#TIME=2021.11.17 16:24:12:888	
#RESULT=CHECK	
#TITLE=IO - ECAT's Node4 Offline !	
#MSG=START	
현재, MacID는 4100 입니다. 

ECAT Node4의 MacID 또는 연결 상태를 확인바랍니다 !	
#MSG=END	
#LINE=END	

#LINE=START	
#TYPE=ALARM	
#LEVEL=LIGHT	
#MODULE=TMC	
#ID=33	
#TIME=2021.11.17 16:24:12:918	
#RESULT=CHECK	
#TITLE=IO - ECAT's Node3 Offline !	
#MSG=START	
현재, MacID는 4099 입니다. 

ECAT Node3의 MacID 또는 연결 상태를 확인바랍니다 !	
#MSG=END	
#LINE=END	

#LINE=START	
#TYPE=ALARM	
#LEVEL=LIGHT	
#MODULE=TMC	
#ID=40	
#TIME=2021.11.17 16:24:13:143	
#RESULT=POST	
#TITLE=PHY_IO__LP2 - Offline.	
#MSG=START	
Communication is Offline.
Please, Check DeviceNet Communication Status !
	
#MSG=END	
#LINE=END	

#LINE=START	
#TYPE=ALARM	
#LEVEL=LIGHT	
#MODULE=TMC	
#ID=40	
#TIME=2021.11.17 16:24:13:172	
#RESULT=POST	
#TITLE=PHY_IO__LP3 - Offline.	
#MSG=START	
Communication is Offline.
Please, Check DeviceNet Communication Status !
	
#MSG=END	
#LINE=END	

#LINE=START	
#TYPE=ALARM	
#LEVEL=LIGHT	
#MODULE=TMC	
#ID=33	
#TIME=2021.11.17 16:24:13:222	
#RESULT=POST	
#TITLE=IO - ECAT's Node3 Offline !	
#MSG=START	
현재, MacID는 4099 입니다. 

ECAT Node3의 MacID 또는 연결 상태를 확인바랍니다 !	
#MSG=END	
#LINE=END	

#LINE=START	
#TYPE=ALARM	
#LEVEL=LIGHT	
#MODULE=TMC	
#ID=34	
#TIME=2021.11.17 16:24:13:222	
#RESULT=POST	
#TITLE=IO - ECAT's Node4 Offline !	
#MSG=START	
현재, MacID는 4100 입니다. 

ECAT Node4의 MacID 또는 연결 상태를 확인바랍니다 !	
#MSG=END	
#LINE=END	

#LINE=START	
#TYPE=ALARM	
#LEVEL=LIGHT	
#MODULE=TMC	
#ID=35	
#TIME=2021.11.17 16:24:13:222	
#RESULT=POST	
#TITLE=IO - ECAT's Node5 Offline !	
#MSG=START	
현재, MacID는 4101 입니다. 

ECAT Node5의 MacID 또는 연결 상태를 확인바랍니다 !	
#MSG=END	
#LINE=END	

#LINE=START	
#TYPE=ALARM	
#LEVEL=LIGHT	
#MODULE=TMC	
#ID=36	
#TIME=2021.11.17 16:24:13:222	
#RESULT=POST	
#TITLE=IO - ECAT's Node6 Offline !	
#MSG=START	
현재, MacID는 4102 입니다. 

ECAT Node6의 MacID 또는 연결 상태를 확인바랍니다 !	
#MSG=END	
#LINE=END	

#LINE=START	
#TYPE=ALARM	
#LEVEL=LIGHT	
#MODULE=TMC	
#ID=11	
#TIME=2021.11.17 16:24:14:718	
#RESULT=POST	
#TITLE=PHY_IO__ATM_ROBOT - Offline.	
#MSG=START	
Controller is Offline.
Please, Check Communication Status !
	
#MSG=END	
#LINE=END	

@LINE	
STATUS	
GUI-100	
-1	
2021.11.17 19:32:48:830	
POST	
STOP	
	
