@LINE	
STATUS	
GUI-100	
-1	
2021.08.22 07:48:01:645	
POST	
START	
	
#LINE=START	
#TYPE=ALARM	
#LEVEL=LIGHT	
#MODULE=TMC	
#ID=2	
#TIME=2021.08.22 07:47:47:343	
#RESULT=POST	
#TITLE=DB_CFG - Simulation mode is active !	
#MSG=START	
	
#MSG=END	
#LINE=END	

#LINE=START	
#TYPE=ALARM	
#LEVEL=LIGHT	
#MODULE=TMC	
#ID=3	
#TIME=2021.08.22 07:47:47:343	
#RESULT=POST	
#TITLE=DB_CFG - PMC-Dummy mode is active !	
#MSG=START	
 * "DB_CFG+SCH_TEST.CFG.PMC_DUMMY_BY_CTC" <- "YES" 

	
#MSG=END	
#LINE=END	

@LINE	
STATUS	
GUI-100	
-1	
2021.08.22 08:07:52:877	
POST	
STOP	
	
@LINE	
STATUS	
GUI-100	
-1	
2021.08.22 08:08:05:000	
POST	
START	
	
#LINE=START	
#TYPE=ALARM	
#LEVEL=LIGHT	
#MODULE=TMC	
#ID=2	
#TIME=2021.08.22 07:47:47:343	
#RESULT=POST	
#TITLE=DB_CFG - Simulation mode is active !	
#MSG=START	
	
#MSG=END	
#LINE=END	

#LINE=START	
#TYPE=ALARM	
#LEVEL=LIGHT	
#MODULE=TMC	
#ID=3	
#TIME=2021.08.22 07:47:47:343	
#RESULT=POST	
#TITLE=DB_CFG - PMC-Dummy mode is active !	
#MSG=START	
 * "DB_CFG+SCH_TEST.CFG.PMC_DUMMY_BY_CTC" <- "YES" 

	
#MSG=END	
#LINE=END	

@LINE	
STATUS	
GUI-100	
-1	
2021.08.22 08:10:06:710	
POST	
STOP	
	
@LINE	
STATUS	
GUI-100	
-1	
2021.08.22 08:10:15:890	
POST	
START	
	
#LINE=START	
#TYPE=ALARM	
#LEVEL=LIGHT	
#MODULE=TMC	
#ID=2	
#TIME=2021.08.22 07:47:47:343	
#RESULT=POST	
#TITLE=DB_CFG - Simulation mode is active !	
#MSG=START	
	
#MSG=END	
#LINE=END	

#LINE=START	
#TYPE=ALARM	
#LEVEL=LIGHT	
#MODULE=TMC	
#ID=3	
#TIME=2021.08.22 07:47:47:343	
#RESULT=POST	
#TITLE=DB_CFG - PMC-Dummy mode is active !	
#MSG=START	
 * "DB_CFG+SCH_TEST.CFG.PMC_DUMMY_BY_CTC" <- "YES" 

	
#MSG=END	
#LINE=END	

#LINE=START	
#TYPE=ALARM	
#LEVEL=LIGHT	
#MODULE=TMC	
#ID=31	
#TIME=2021.08.22 08:16:03:131	
#RESULT=POST	
#TITLE=PHY_IO__ATM_ROBOT - LP1's door status is not open.	
#MSG=START	
Robot can not lp mapping to LP1.

Please, check LP1's door status !
	
#MSG=END	
#LINE=END	

#LINE=START	
#TYPE=ALARM	
#LEVEL=LIGHT	
#MODULE=TMC	
#ID=31	
#TIME=2021.08.22 08:16:12:292	
#RESULT=ABORT	
#TITLE=PHY_IO__ATM_ROBOT - LP1's door status is not open.	
#MSG=START	
Robot can not lp mapping to LP1.

Please, check LP1's door status !
	
#MSG=END	
#LINE=END	

@LINE	
STATUS	
GUI-100	
-1	
2021.08.22 08:24:15:601	
POST	
STOP	
	
@LINE	
STATUS	
GUI-100	
-1	
2021.08.22 08:24:27:924	
POST	
START	
	
#LINE=START	
#TYPE=ALARM	
#LEVEL=LIGHT	
#MODULE=TMC	
#ID=2	
#TIME=2021.08.22 07:47:47:343	
#RESULT=POST	
#TITLE=DB_CFG - Simulation mode is active !	
#MSG=START	
	
#MSG=END	
#LINE=END	

#LINE=START	
#TYPE=ALARM	
#LEVEL=LIGHT	
#MODULE=TMC	
#ID=3	
#TIME=2021.08.22 07:47:47:343	
#RESULT=POST	
#TITLE=DB_CFG - PMC-Dummy mode is active !	
#MSG=START	
 * "DB_CFG+SCH_TEST.CFG.PMC_DUMMY_BY_CTC" <- "YES" 

	
#MSG=END	
#LINE=END	

#LINE=START	
#TYPE=ALARM	
#LEVEL=LIGHT	
#MODULE=TMC	
#ID=2	
#TIME=2021.08.22 09:25:37:483	
#RESULT=POST	
#TITLE=DB_CFG - Simulation mode is active !	
#MSG=START	
	
#MSG=END	
#LINE=END	

#LINE=START	
#TYPE=ALARM	
#LEVEL=LIGHT	
#MODULE=TMC	
#ID=3	
#TIME=2021.08.22 09:25:37:483	
#RESULT=POST	
#TITLE=DB_CFG - PMC-Dummy mode is active !	
#MSG=START	
 * "DB_CFG+SCH_TEST.CFG.PMC_DUMMY_BY_CTC" <- "YES" 

	
#MSG=END	
#LINE=END	

@LINE	
STATUS	
GUI-100	
-1	
2021.08.22 09:28:42:232	
POST	
STOP	
	
@LINE	
STATUS	
GUI-100	
-1	
2021.08.22 09:33:30:370	
POST	
START	
	
#LINE=START	
#TYPE=ALARM	
#LEVEL=LIGHT	
#MODULE=TMC	
#ID=2	
#TIME=2021.08.22 09:33:16:905	
#RESULT=POST	
#TITLE=DB_CFG - Simulation mode is active !	
#MSG=START	
	
#MSG=END	
#LINE=END	

#LINE=START	
#TYPE=ALARM	
#LEVEL=LIGHT	
#MODULE=TMC	
#ID=3	
#TIME=2021.08.22 09:33:16:905	
#RESULT=POST	
#TITLE=DB_CFG - PMC-Dummy mode is active !	
#MSG=START	
 * "DB_CFG+SCH_TEST.CFG.PMC_DUMMY_BY_CTC" <- "YES" 

	
#MSG=END	
#LINE=END	

@LINE	
STATUS	
GUI-100	
-1	
2021.08.22 09:34:26:749	
POST	
STOP	
	
@LINE	
STATUS	
GUI-100	
-1	
2021.08.22 09:43:38:072	
POST	
START	
	
#LINE=START	
#TYPE=ALARM	
#LEVEL=LIGHT	
#MODULE=TMC	
#ID=2	
#TIME=2021.08.22 09:43:28:015	
#RESULT=POST	
#TITLE=DB_CFG - Simulation mode is active !	
#MSG=START	
	
#MSG=END	
#LINE=END	

#LINE=START	
#TYPE=ALARM	
#LEVEL=LIGHT	
#MODULE=TMC	
#ID=3	
#TIME=2021.08.22 09:43:28:015	
#RESULT=POST	
#TITLE=DB_CFG - PMC-Dummy mode is active !	
#MSG=START	
 * "DB_CFG+SCH_TEST.CFG.PMC_DUMMY_BY_CTC" <- "YES" 

	
#MSG=END	
#LINE=END	

@LINE	
STATUS	
GUI-100	
-1	
2021.08.22 09:44:31:895	
POST	
STOP	
	
@LINE	
STATUS	
GUI-100	
-1	
2021.08.22 09:46:01:865	
POST	
START	
	
#LINE=START	
#TYPE=ALARM	
#LEVEL=LIGHT	
#MODULE=TMC	
#ID=2	
#TIME=2021.08.22 09:45:57:858	
#RESULT=POST	
#TITLE=DB_CFG - Simulation mode is active !	
#MSG=START	
	
#MSG=END	
#LINE=END	

#LINE=START	
#TYPE=ALARM	
#LEVEL=LIGHT	
#MODULE=TMC	
#ID=3	
#TIME=2021.08.22 09:45:57:858	
#RESULT=POST	
#TITLE=DB_CFG - PMC-Dummy mode is active !	
#MSG=START	
 * "DB_CFG+SCH_TEST.CFG.PMC_DUMMY_BY_CTC" <- "YES" 

	
#MSG=END	
#LINE=END	

@LINE	
STATUS	
GUI-100	
-1	
2021.08.22 09:54:53:408	
POST	
STOP	
	
@LINE	
STATUS	
GUI-100	
-1	
2021.08.22 09:54:59:850	
POST	
START	
	
#LINE=START	
#TYPE=ALARM	
#LEVEL=LIGHT	
#MODULE=TMC	
#ID=2	
#TIME=2021.08.22 09:45:57:858	
#RESULT=POST	
#TITLE=DB_CFG - Simulation mode is active !	
#MSG=START	
	
#MSG=END	
#LINE=END	

#LINE=START	
#TYPE=ALARM	
#LEVEL=LIGHT	
#MODULE=TMC	
#ID=3	
#TIME=2021.08.22 09:45:57:858	
#RESULT=POST	
#TITLE=DB_CFG - PMC-Dummy mode is active !	
#MSG=START	
 * "DB_CFG+SCH_TEST.CFG.PMC_DUMMY_BY_CTC" <- "YES" 

	
#MSG=END	
#LINE=END	

@LINE	
STATUS	
GUI-100	
-1	
2021.08.22 10:08:52:005	
POST	
STOP	
	
@LINE	
STATUS	
GUI-100	
-1	
2021.08.22 10:10:02:398	
POST	
START	
	
#LINE=START	
#TYPE=ALARM	
#LEVEL=LIGHT	
#MODULE=TMC	
#ID=2	
#TIME=2021.08.22 10:09:55:251	
#RESULT=POST	
#TITLE=DB_CFG - Simulation mode is active !	
#MSG=START	
	
#MSG=END	
#LINE=END	

#LINE=START	
#TYPE=ALARM	
#LEVEL=LIGHT	
#MODULE=TMC	
#ID=3	
#TIME=2021.08.22 10:09:55:251	
#RESULT=POST	
#TITLE=DB_CFG - PMC-Dummy mode is active !	
#MSG=START	
 * "DB_CFG+SCH_TEST.CFG.PMC_DUMMY_BY_CTC" <- "YES" 

	
#MSG=END	
#LINE=END	

@LINE	
STATUS	
GUI-100	
-1	
2021.08.22 10:17:39:645	
POST	
STOP	
	
@LINE	
STATUS	
GUI-100	
-1	
2021.08.22 10:45:57:372	
POST	
START	
	
#LINE=START	
#TYPE=ALARM	
#LEVEL=LIGHT	
#MODULE=TMC	
#ID=2	
#TIME=2021.08.22 10:45:47:655	
#RESULT=POST	
#TITLE=DB_CFG - Simulation mode is active !	
#MSG=START	
	
#MSG=END	
#LINE=END	

#LINE=START	
#TYPE=ALARM	
#LEVEL=LIGHT	
#MODULE=TMC	
#ID=3	
#TIME=2021.08.22 10:45:47:655	
#RESULT=POST	
#TITLE=DB_CFG - PMC-Dummy mode is active !	
#MSG=START	
 * "DB_CFG+SCH_TEST.CFG.PMC_DUMMY_BY_CTC" <- "YES" 

	
#MSG=END	
#LINE=END	

#LINE=START	
#TYPE=ALARM	
#LEVEL=LIGHT	
#MODULE=TMC	
#ID=2	
#TIME=2021.08.22 11:01:00:329	
#RESULT=POST	
#TITLE=DB_CFG - Simulation mode is active !	
#MSG=START	
	
#MSG=END	
#LINE=END	

#LINE=START	
#TYPE=ALARM	
#LEVEL=LIGHT	
#MODULE=TMC	
#ID=3	
#TIME=2021.08.22 11:01:00:329	
#RESULT=POST	
#TITLE=DB_CFG - PMC-Dummy mode is active !	
#MSG=START	
 * "DB_CFG+SCH_TEST.CFG.PMC_DUMMY_BY_CTC" <- "YES" 

	
#MSG=END	
#LINE=END	

@LINE	
STATUS	
GUI-100	
-1	
2021.08.22 11:03:09:641	
POST	
STOP	
	
@LINE	
STATUS	
GUI-100	
-1	
2021.08.22 11:16:07:348	
POST	
START	
	
#LINE=START	
#TYPE=ALARM	
#LEVEL=LIGHT	
#MODULE=TMC	
#ID=2	
#TIME=2021.08.22 11:05:39:876	
#RESULT=POST	
#TITLE=DB_CFG - Simulation mode is active !	
#MSG=START	
	
#MSG=END	
#LINE=END	

#LINE=START	
#TYPE=ALARM	
#LEVEL=LIGHT	
#MODULE=TMC	
#ID=3	
#TIME=2021.08.22 11:05:39:876	
#RESULT=POST	
#TITLE=DB_CFG - PMC-Dummy mode is active !	
#MSG=START	
 * "DB_CFG+SCH_TEST.CFG.PMC_DUMMY_BY_CTC" <- "YES" 

	
#MSG=END	
#LINE=END	

@LINE	
STATUS	
GUI-100	
-1	
2021.08.22 13:10:25:560	
POST	
STOP	
	
@LINE	
STATUS	
GUI-100	
-1	
2021.08.22 14:59:10:119	
POST	
START	
	
#LINE=START	
#TYPE=ALARM	
#LEVEL=LIGHT	
#MODULE=TMC	
#ID=2	
#TIME=2021.08.22 14:59:03:140	
#RESULT=POST	
#TITLE=DB_CFG - Simulation mode is active !	
#MSG=START	
	
#MSG=END	
#LINE=END	

#LINE=START	
#TYPE=ALARM	
#LEVEL=LIGHT	
#MODULE=TMC	
#ID=3	
#TIME=2021.08.22 14:59:03:140	
#RESULT=POST	
#TITLE=DB_CFG - PMC-Dummy mode is active !	
#MSG=START	
 * "DB_CFG+SCH_TEST.CFG.PMC_DUMMY_BY_CTC" <- "YES" 

	
#MSG=END	
#LINE=END	

#LINE=START	
#TYPE=ALARM	
#LEVEL=LIGHT	
#MODULE=TMC	
#ID=12	
#TIME=2021.08.22 15:02:06:493	
#RESULT=POST	
#TITLE=FNC__TMC_CHM - TMC Leak Check is higher than config value !	
#MSG=START	
 * Total Leak_Rate  : 0 (mtorr/min) 
 * Config Leak_Rate : 0 (mtorr/min) 

	
#MSG=END	
#LINE=END	

#LINE=START	
#TYPE=ALARM	
#LEVEL=LIGHT	
#MODULE=TMC	
#ID=12	
#TIME=2021.08.22 15:02:25:642	
#RESULT=CHECK	
#TITLE=FNC__TMC_CHM - TMC Leak Check is higher than config value !	
#MSG=START	
 * Total Leak_Rate  : 0 (mtorr/min) 
 * Config Leak_Rate : 0 (mtorr/min) 

	
#MSG=END	
#LINE=END	

#LINE=START	
#TYPE=ALARM	
#LEVEL=LIGHT	
#MODULE=TMC	
#ID=12	
#TIME=2021.08.22 15:03:32:773	
#RESULT=POST	
#TITLE=FNC__LBA - Leak Check is higher than config value !	
#MSG=START	
 * Total Leak_Rate  : 0 (mtorr/min) 
 * Config Leak_Rate : 0 (mtorr/min) 

	
#MSG=END	
#LINE=END	

#LINE=START	
#TYPE=ALARM	
#LEVEL=LIGHT	
#MODULE=TMC	
#ID=12	
#TIME=2021.08.22 15:03:35:871	
#RESULT=CHECK	
#TITLE=FNC__LBA - Leak Check is higher than config value !	
#MSG=START	
 * Total Leak_Rate  : 0 (mtorr/min) 
 * Config Leak_Rate : 0 (mtorr/min) 

	
#MSG=END	
#LINE=END	

@LINE	
STATUS	
GUI-100	
-1	
2021.08.22 15:04:27:017	
POST	
STOP	
	
@LINE	
STATUS	
GUI-100	
-1	
2021.08.22 15:04:37:054	
POST	
START	
	
#LINE=START	
#TYPE=ALARM	
#LEVEL=LIGHT	
#MODULE=TMC	
#ID=2	
#TIME=2021.08.22 14:59:03:140	
#RESULT=POST	
#TITLE=DB_CFG - Simulation mode is active !	
#MSG=START	
	
#MSG=END	
#LINE=END	

#LINE=START	
#TYPE=ALARM	
#LEVEL=LIGHT	
#MODULE=TMC	
#ID=3	
#TIME=2021.08.22 14:59:03:140	
#RESULT=POST	
#TITLE=DB_CFG - PMC-Dummy mode is active !	
#MSG=START	
 * "DB_CFG+SCH_TEST.CFG.PMC_DUMMY_BY_CTC" <- "YES" 

	
#MSG=END	
#LINE=END	

@LINE	
STATUS	
GUI-100	
-1	
2021.08.22 15:07:08:096	
POST	
STOP	
	
@LINE	
STATUS	
GUI-100	
-1	
2021.08.22 15:16:25:561	
POST	
START	
	
#LINE=START	
#TYPE=ALARM	
#LEVEL=LIGHT	
#MODULE=TMC	
#ID=2	
#TIME=2021.08.22 15:16:16:000	
#RESULT=POST	
#TITLE=DB_CFG - Simulation mode is active !	
#MSG=START	
	
#MSG=END	
#LINE=END	

#LINE=START	
#TYPE=ALARM	
#LEVEL=LIGHT	
#MODULE=TMC	
#ID=3	
#TIME=2021.08.22 15:16:16:000	
#RESULT=POST	
#TITLE=DB_CFG - PMC-Dummy mode is active !	
#MSG=START	
 * "DB_CFG+SCH_TEST.CFG.PMC_DUMMY_BY_CTC" <- "YES" 

	
#MSG=END	
#LINE=END	

#LINE=START	
#TYPE=ALARM	
#LEVEL=LIGHT	
#MODULE=TMC	
#ID=2	
#TIME=2021.08.22 15:24:13:858	
#RESULT=POST	
#TITLE=DB_CFG - Simulation mode is active !	
#MSG=START	
	
#MSG=END	
#LINE=END	

#LINE=START	
#TYPE=ALARM	
#LEVEL=LIGHT	
#MODULE=TMC	
#ID=3	
#TIME=2021.08.22 15:24:13:858	
#RESULT=POST	
#TITLE=DB_CFG - PMC-Dummy mode is active !	
#MSG=START	
 * "DB_CFG+SCH_TEST.CFG.PMC_DUMMY_BY_CTC" <- "YES" 

	
#MSG=END	
#LINE=END	

@LINE	
STATUS	
GUI-100	
-1	
2021.08.22 17:11:07:889	
POST	
STOP	
	
@LINE	
STATUS	
GUI-100	
-1	
2021.08.22 19:42:42:408	
POST	
START	
	
@LINE	
STATUS	
GUI-100	
-1	
2021.08.22 19:42:51:131	
POST	
STOP	
	
@LINE	
STATUS	
GUI-100	
-1	
2021.08.22 19:44:09:209	
POST	
START	
	
#LINE=START	
#TYPE=ALARM	
#LEVEL=LIGHT	
#MODULE=TMC	
#ID=2	
#TIME=2021.08.22 19:42:36:421	
#RESULT=POST	
#TITLE=DB_CFG - Simulation mode is active !	
#MSG=START	
	
#MSG=END	
#LINE=END	

#LINE=START	
#TYPE=ALARM	
#LEVEL=LIGHT	
#MODULE=TMC	
#ID=3	
#TIME=2021.08.22 19:42:36:421	
#RESULT=POST	
#TITLE=DB_CFG - PMC-Dummy mode is active !	
#MSG=START	
 * "DB_CFG+SCH_TEST.CFG.PMC_DUMMY_BY_CTC" <- "YES" 

	
#MSG=END	
#LINE=END	

@LINE	
STATUS	
GUI-100	
-1	
2021.08.22 19:45:07:016	
POST	
STOP	
	
@LINE	
STATUS	
GUI-100	
-1	
2021.08.22 19:53:51:304	
POST	
START	
	
#LINE=START	
#TYPE=ALARM	
#LEVEL=LIGHT	
#MODULE=TMC	
#ID=2	
#TIME=2021.08.22 19:53:51:860	
#RESULT=POST	
#TITLE=DB_CFG - Simulation mode is active !	
#MSG=START	
	
#MSG=END	
#LINE=END	

#LINE=START	
#TYPE=ALARM	
#LEVEL=LIGHT	
#MODULE=TMC	
#ID=3	
#TIME=2021.08.22 19:53:51:860	
#RESULT=POST	
#TITLE=DB_CFG - PMC-Dummy mode is active !	
#MSG=START	
 * "DB_CFG+SCH_TEST.CFG.PMC_DUMMY_BY_CTC" <- "YES" 

	
#MSG=END	
#LINE=END	

@LINE	
STATUS	
GUI-100	
-1	
2021.08.22 19:55:33:684	
POST	
STOP	
	
@LINE	
STATUS	
GUI-100	
-1	
2021.08.22 20:32:45:062	
POST	
START	
	
#LINE=START	
#TYPE=ALARM	
#LEVEL=LIGHT	
#MODULE=TMC	
#ID=2	
#TIME=2021.08.22 20:32:29:625	
#RESULT=POST	
#TITLE=DB_CFG - Simulation mode is active !	
#MSG=START	
	
#MSG=END	
#LINE=END	

#LINE=START	
#TYPE=ALARM	
#LEVEL=LIGHT	
#MODULE=TMC	
#ID=3	
#TIME=2021.08.22 20:32:29:625	
#RESULT=POST	
#TITLE=DB_CFG - PMC-Dummy mode is active !	
#MSG=START	
 * "DB_CFG+SCH_TEST.CFG.PMC_DUMMY_BY_CTC" <- "YES" 

	
#MSG=END	
#LINE=END	

#LINE=START	
#TYPE=ALARM	
#LEVEL=LIGHT	
#MODULE=TMC	
#ID=1	
#TIME=2021.08.22 20:33:17:305	
#RESULT=POST	
#TITLE=FNC__MANIFOLD_TEST - LL1's status is not "MAINTMODE".	
#MSG=START	
The state of TMC is not "MAINTMODE". 
Please, convert LL's status to "MAINTMODE" !
	
#MSG=END	
#LINE=END	

#LINE=START	
#TYPE=ALARM	
#LEVEL=LIGHT	
#MODULE=TMC	
#ID=1	
#TIME=2021.08.22 20:33:39:748	
#RESULT=CHECK	
#TITLE=FNC__MANIFOLD_TEST - LL1's status is not "MAINTMODE".	
#MSG=START	
The state of TMC is not "MAINTMODE". 
Please, convert LL's status to "MAINTMODE" !
	
#MSG=END	
#LINE=END	

