@LINE	
STATUS	
GUI-100	
-1	
2021.08.11 11:14:09:391	
POST	
START	
	
#LINE=START	
#TYPE=ALARM	
#LEVEL=LIGHT	
#MODULE=PM3	
#ID=1	
#TIME=2021.08.11 11:13:53:633	
#RESULT=POST	
#TITLE=DB_INF - Simulation mode is active !	
#MSG=START	
	
#MSG=END	
#LINE=END	

#LINE=START	
#TYPE=ALARM	
#LEVEL=LIGHT	
#MODULE=PM3	
#ID=10	
#TIME=2021.08.11 11:13:56:833	
#RESULT=POST	
#TITLE=PHY_IO__HEATER - HEATER SYSTEM : Chamber Not Closed. Heater Power Off !	
#MSG=START	
Heater Power was off. 
When Chamber's lid is not closed, heater power must be off. 
	
#MSG=END	
#LINE=END	

#LINE=START	
#TYPE=ALARM	
#LEVEL=LIGHT	
#MODULE=PM3	
#ID=89	
#TIME=2021.08.11 11:13:58:573	
#RESULT=POST	
#TITLE=FNC_STEP : The door of gas box is not closed !	
#MSG=START	
The current status of gas box's interlock sensor is "False". 

If chamber's status is "processing", process will be aborted. 
If chamber's status is "idle", chamber's status will be "maint". 
Please, check the status of gas box. 
	
#MSG=END	
#LINE=END	

#LINE=START	
#TYPE=ALARM	
#LEVEL=LIGHT	
#MODULE=PM3	
#ID=100	
#TIME=2021.08.11 11:13:58:633	
#RESULT=POST	
#TITLE=FNC_STEP : System interlock occurred !	
#MSG=START	
All RF Power <- Off 
All Gas Valve <- Close 
All Ballast Valve <- Close 

	
#MSG=END	
#LINE=END	

#LINE=START	
#TYPE=ALARM	
#LEVEL=LIGHT	
#MODULE=PM3	
#ID=4	
#TIME=2021.08.11 11:13:58:638	
#RESULT=POST	
#TITLE=PHY_APC_VLV - APC Valve can't control in no vacuum.	
#MSG=START	
Please, check vacuum sensor.
	
#MSG=END	
#LINE=END	

#LINE=START	
#TYPE=ALARM	
#LEVEL=LIGHT	
#MODULE=PM3	
#ID=12	
#TIME=2021.08.11 12:01:03:091	
#RESULT=POST	
#TITLE=PHY_APC_VLV - "Transfer ballast over pressure" occurred !	
#MSG=START	
Error-Type(2) : Elapse Time <- (0.000) sec 
   Cfg Max.Pressure <- (30.000) mtorr 
   Cfg Min.Pressure <- (-2.000) mtorr 
   Current Pressure <- (100.000) mtorr 
   Config Timeout   <- (0.000) sec 

Please, check Ballast valve or N2 valve.
	
#MSG=END	
#LINE=END	

#LINE=START	
#TYPE=ALARM	
#LEVEL=LIGHT	
#MODULE=PM3	
#ID=16	
#TIME=2021.08.11 12:01:16:006	
#RESULT=POST	
#TITLE=FNC_PROC - Do you want to convert the status of wafer ? 
	
#MSG=START	
The lot ID of wafer is "". 
The port ID of wafer is "". 
The slot ID of wafer is "". 
The recipe name of wafer is "PRC\PMC_FULL_TEST". 

If you click "YES", the status of wafer will be converted to "PROCESSED". 
If you click "NO",  the status of wafer will be not changed. 
	
#MSG=END	
#LINE=END	

#LINE=START	
#TYPE=ALARM	
#LEVEL=LIGHT	
#MODULE=PM3	
#ID=16	
#TIME=2021.08.11 12:01:21:876	
#RESULT=YES	
#TITLE=FNC_PROC - Do you want to convert the status of wafer ? 
	
#MSG=START	
The lot ID of wafer is "". 
The port ID of wafer is "". 
The slot ID of wafer is "". 
The recipe name of wafer is "PRC\PMC_FULL_TEST". 

If you click "YES", the status of wafer will be converted to "PROCESSED". 
If you click "NO",  the status of wafer will be not changed. 
	
#MSG=END	
#LINE=END	

#LINE=START	
#TYPE=ALARM	
#LEVEL=LIGHT	
#MODULE=PM3	
#ID=12	
#TIME=2021.08.11 12:01:42:871	
#RESULT=CHECK	
#TITLE=PHY_APC_VLV - "Transfer ballast over pressure" occurred !	
#MSG=START	
Error-Type(2) : Elapse Time <- (0.000) sec 
   Cfg Max.Pressure <- (30.000) mtorr 
   Cfg Min.Pressure <- (-2.000) mtorr 
   Current Pressure <- (100.000) mtorr 
   Config Timeout   <- (0.000) sec 

Please, check Ballast valve or N2 valve.
	
#MSG=END	
#LINE=END	

@LINE	
STATUS	
GUI-100	
-1	
2021.08.11 12:07:49:956	
POST	
STOP	
	
