@LINE	
STATUS	
GUI-100	
-1	
2021.06.17 21:39:31:829	
POST	
START	
	
@LINE	
STATUS	
GUI-100	
-1	
2021.06.17 21:40:49:464	
POST	
STOP	
	
@LINE	
STATUS	
GUI-100	
-1	
2021.06.17 22:12:18:599	
POST	
START	
	
#LINE=START	
#TYPE=ALARM	
#LEVEL=HEAVY	
#MODULE=CTC	
#ID=101	
#TIME=2021.06.17 22:12:04:522	
#RESULT=POST	
#TITLE=DB_CFG - Simulation mode is active !	
#MSG=START	
	
#MSG=END	
#LINE=END	

#LINE=START	
#TYPE=ALARM	
#LEVEL=WARNING	
#MODULE=CTC	
#ID=102	
#TIME=2021.06.17 22:12:04:522	
#RESULT=POST	
#TITLE=DB_CFG - TMC-Dummy mode is active !	
#MSG=START	
 * "DB_CFG+SCH_TEST.CFG.TMC_DUMMY_BY_CTC" <- "YES" 

	
#MSG=END	
#LINE=END	

#LINE=START	
#TYPE=ALARM	
#LEVEL=LIGHT	
#MODULE=CTC	
#ID=111	
#TIME=2021.06.17 22:12:04:522	
#RESULT=POST	
#TITLE=DB_CFG - PM1-Dummy mode is active !	
#MSG=START	
 * "DB_CFG+SCH_TEST.CFG.PM1_DUMMY_BY_CTC" <- "YES" 

	
#MSG=END	
#LINE=END	

#LINE=START	
#TYPE=ALARM	
#LEVEL=LIGHT	
#MODULE=CTC	
#ID=112	
#TIME=2021.06.17 22:12:04:522	
#RESULT=POST	
#TITLE=DB_CFG - PM2-Dummy mode is active !	
#MSG=START	
 * "DB_CFG+SCH_TEST.CFG.PM2_DUMMY_BY_CTC" <- "YES" 

	
#MSG=END	
#LINE=END	

#LINE=START	
#TYPE=ALARM	
#LEVEL=LIGHT	
#MODULE=CTC	
#ID=113	
#TIME=2021.06.17 22:12:04:522	
#RESULT=POST	
#TITLE=DB_CFG - PM3-Dummy mode is active !	
#MSG=START	
 * "DB_CFG+SCH_TEST.CFG.PM3_DUMMY_BY_CTC" <- "YES" 

	
#MSG=END	
#LINE=END	

#LINE=START	
#TYPE=ALARM	
#LEVEL=LIGHT	
#MODULE=CTC	
#ID=114	
#TIME=2021.06.17 22:12:04:522	
#RESULT=POST	
#TITLE=DB_CFG - PM4-Dummy mode is active !	
#MSG=START	
 * "DB_CFG+SCH_TEST.CFG.PM4_DUMMY_BY_CTC" <- "YES" 

	
#MSG=END	
#LINE=END	

@LINE	
STATUS	
GUI-100	
-1	
2021.06.17 22:15:31:080	
POST	
STOP	
	
@LINE	
STATUS	
GUI-100	
-1	
2021.06.17 22:34:09:573	
POST	
START	
	
@LINE	
STATUS	
GUI-100	
-1	
2021.06.17 22:36:50:075	
POST	
STOP	
	
@LINE	
STATUS	
GUI-100	
-1	
2021.06.17 22:37:10:712	
POST	
START	
	
@LINE	
STATUS	
GUI-100	
-1	
2021.06.17 22:37:44:659	
POST	
STOP	
	
