@LINE	
STATUS	
GUI-100	
-1	
2021.11.08 11:45:15:545	
POST	
START	
	
#LINE=START	
#TYPE=ALARM	
#LEVEL=LIGHT	
#MODULE=TMC	
#ID=21	
#TIME=2021.11.08 11:44:21:216	
#RESULT=POST	
#TITLE=IO - ECAT's Node1 Offline !	
#MSG=START	
현재, MacID는 4097 입니다. 

ECAT Node1의 MacID 또는 연결 상태를 확인바랍니다 !	
#MSG=END	
#LINE=END	

#LINE=START	
#TYPE=ALARM	
#LEVEL=LIGHT	
#MODULE=TMC	
#ID=22	
#TIME=2021.11.08 11:44:21:216	
#RESULT=POST	
#TITLE=IO - ECAT's Node2 Offline !	
#MSG=START	
현재, MacID는 4098 입니다. 

ECAT Node2의 MacID 또는 연결 상태를 확인바랍니다 !	
#MSG=END	
#LINE=END	

#LINE=START	
#TYPE=ALARM	
#LEVEL=LIGHT	
#MODULE=TMC	
#ID=45	
#TIME=2021.11.08 11:46:17:837	
#RESULT=POST	
#TITLE=PHY_IO__LP1 - LP PADDLE UP/DN... PADDLE SENSOR NOT EXT STATUS ALARM.	
#MSG=START	
Before LP Paddle Up/Down Action, Paddle Not Extend Status.
Please, Check Paddle Extend Status !
	
#MSG=END	
#LINE=END	

#LINE=START	
#TYPE=ALARM	
#LEVEL=LIGHT	
#MODULE=TMC	
#ID=45	
#TIME=2021.11.08 11:46:25:330	
#RESULT=ABORT	
#TITLE=PHY_IO__LP1 - LP PADDLE UP/DN... PADDLE SENSOR NOT EXT STATUS ALARM.	
#MSG=START	
Before LP Paddle Up/Down Action, Paddle Not Extend Status.
Please, Check Paddle Extend Status !
	
#MSG=END	
#LINE=END	

#LINE=START	
#TYPE=ALARM	
#LEVEL=LIGHT	
#MODULE=TMC	
#ID=21	
#TIME=2021.11.08 12:12:58:384	
#RESULT=POST	
#TITLE=IO - ECAT's Node1 Offline !	
#MSG=START	
현재, MacID는 4097 입니다. 

ECAT Node1의 MacID 또는 연결 상태를 확인바랍니다 !	
#MSG=END	
#LINE=END	

#LINE=START	
#TYPE=ALARM	
#LEVEL=LIGHT	
#MODULE=TMC	
#ID=22	
#TIME=2021.11.08 12:12:58:384	
#RESULT=POST	
#TITLE=IO - ECAT's Node2 Offline !	
#MSG=START	
현재, MacID는 4098 입니다. 

ECAT Node2의 MacID 또는 연결 상태를 확인바랍니다 !	
#MSG=END	
#LINE=END	

#LINE=START	
#TYPE=ALARM	
#LEVEL=LIGHT	
#MODULE=TMC	
#ID=2	
#TIME=2021.11.08 12:20:32:506	
#RESULT=POST	
#TITLE=DB_CFG - Simulation mode is active !	
#MSG=START	
	
#MSG=END	
#LINE=END	

#LINE=START	
#TYPE=ALARM	
#LEVEL=LIGHT	
#MODULE=TMC	
#ID=3	
#TIME=2021.11.08 12:20:32:506	
#RESULT=POST	
#TITLE=DB_CFG - PMC-Dummy mode is active !	
#MSG=START	
 * "DB_CFG+SCH_TEST.CFG.PMC_DUMMY_BY_CTC" <- "YES" 

	
#MSG=END	
#LINE=END	

#LINE=START	
#TYPE=ALARM	
#LEVEL=LIGHT	
#MODULE=TMC	
#ID=21	
#TIME=2021.11.08 12:20:36:667	
#RESULT=POST	
#TITLE=IO - ECAT's Node1 Offline !	
#MSG=START	
현재, MacID는 4097 입니다. 

ECAT Node1의 MacID 또는 연결 상태를 확인바랍니다 !	
#MSG=END	
#LINE=END	

#LINE=START	
#TYPE=ALARM	
#LEVEL=LIGHT	
#MODULE=TMC	
#ID=22	
#TIME=2021.11.08 12:20:36:667	
#RESULT=POST	
#TITLE=IO - ECAT's Node2 Offline !	
#MSG=START	
현재, MacID는 4098 입니다. 

ECAT Node2의 MacID 또는 연결 상태를 확인바랍니다 !	
#MSG=END	
#LINE=END	

#LINE=START	
#TYPE=ALARM	
#LEVEL=LIGHT	
#MODULE=TMC	
#ID=2	
#TIME=2021.11.08 12:27:03:585	
#RESULT=POST	
#TITLE=DB_CFG - Simulation mode is active !	
#MSG=START	
	
#MSG=END	
#LINE=END	

#LINE=START	
#TYPE=ALARM	
#LEVEL=LIGHT	
#MODULE=TMC	
#ID=3	
#TIME=2021.11.08 12:27:03:585	
#RESULT=POST	
#TITLE=DB_CFG - PMC-Dummy mode is active !	
#MSG=START	
 * "DB_CFG+SCH_TEST.CFG.PMC_DUMMY_BY_CTC" <- "YES" 

	
#MSG=END	
#LINE=END	

@LINE	
STATUS	
GUI-100	
-1	
2021.11.08 12:29:12:141	
POST	
STOP	
	
@LINE	
STATUS	
GUI-100	
-1	
2021.11.08 12:48:12:227	
POST	
START	
	
#LINE=START	
#TYPE=ALARM	
#LEVEL=LIGHT	
#MODULE=TMC	
#ID=2	
#TIME=2021.11.08 12:27:03:585	
#RESULT=POST	
#TITLE=DB_CFG - Simulation mode is active !	
#MSG=START	
	
#MSG=END	
#LINE=END	

#LINE=START	
#TYPE=ALARM	
#LEVEL=LIGHT	
#MODULE=TMC	
#ID=3	
#TIME=2021.11.08 12:27:03:585	
#RESULT=POST	
#TITLE=DB_CFG - PMC-Dummy mode is active !	
#MSG=START	
 * "DB_CFG+SCH_TEST.CFG.PMC_DUMMY_BY_CTC" <- "YES" 

	
#MSG=END	
#LINE=END	

@LINE	
STATUS	
GUI-100	
-1	
2021.11.08 13:16:17:543	
POST	
STOP	
	
@LINE	
STATUS	
GUI-100	
-1	
2021.11.08 13:16:25:434	
POST	
START	
	
#LINE=START	
#TYPE=ALARM	
#LEVEL=LIGHT	
#MODULE=TMC	
#ID=2	
#TIME=2021.11.08 12:27:03:585	
#RESULT=POST	
#TITLE=DB_CFG - Simulation mode is active !	
#MSG=START	
	
#MSG=END	
#LINE=END	

#LINE=START	
#TYPE=ALARM	
#LEVEL=LIGHT	
#MODULE=TMC	
#ID=3	
#TIME=2021.11.08 12:27:03:585	
#RESULT=POST	
#TITLE=DB_CFG - PMC-Dummy mode is active !	
#MSG=START	
 * "DB_CFG+SCH_TEST.CFG.PMC_DUMMY_BY_CTC" <- "YES" 

	
#MSG=END	
#LINE=END	

@LINE	
STATUS	
GUI-100	
-1	
2021.11.08 16:07:16:171	
POST	
STOP	
	
@LINE	
STATUS	
GUI-100	
-1	
2021.11.08 16:32:08:307	
POST	
START	
	
#LINE=START	
#TYPE=ALARM	
#LEVEL=LIGHT	
#MODULE=TMC	
#ID=2	
#TIME=2021.11.08 12:27:03:585	
#RESULT=POST	
#TITLE=DB_CFG - Simulation mode is active !	
#MSG=START	
	
#MSG=END	
#LINE=END	

#LINE=START	
#TYPE=ALARM	
#LEVEL=LIGHT	
#MODULE=TMC	
#ID=3	
#TIME=2021.11.08 12:27:03:585	
#RESULT=POST	
#TITLE=DB_CFG - PMC-Dummy mode is active !	
#MSG=START	
 * "DB_CFG+SCH_TEST.CFG.PMC_DUMMY_BY_CTC" <- "YES" 

	
#MSG=END	
#LINE=END	

@LINE	
STATUS	
GUI-100	
-1	
2021.11.08 16:36:42:813	
POST	
STOP	
	
@LINE	
STATUS	
GUI-100	
-1	
2021.11.08 16:36:58:220	
POST	
START	
	
#LINE=START	
#TYPE=ALARM	
#LEVEL=LIGHT	
#MODULE=TMC	
#ID=2	
#TIME=2021.11.08 12:27:03:585	
#RESULT=POST	
#TITLE=DB_CFG - Simulation mode is active !	
#MSG=START	
	
#MSG=END	
#LINE=END	

#LINE=START	
#TYPE=ALARM	
#LEVEL=LIGHT	
#MODULE=TMC	
#ID=3	
#TIME=2021.11.08 12:27:03:585	
#RESULT=POST	
#TITLE=DB_CFG - PMC-Dummy mode is active !	
#MSG=START	
 * "DB_CFG+SCH_TEST.CFG.PMC_DUMMY_BY_CTC" <- "YES" 

	
#MSG=END	
#LINE=END	

@LINE	
STATUS	
GUI-100	
-1	
2021.11.08 16:38:25:260	
POST	
STOP	
	
