#LINE=START	
#TYPE=ALARM	
#LEVEL=LIGHT	
#MODULE=PM3	
#ID=1	
#TIME=2021.07.28 23:59:58:703	
#RESULT=POST	
#TITLE=DB_INF - Simulation mode is active !	
#MSG=START	
	
#MSG=END	
#LINE=END	

#LINE=START	
#TYPE=ALARM	
#LEVEL=LIGHT	
#MODULE=PM3	
#ID=10	
#TIME=2021.07.29 00:00:01:943	
#RESULT=POST	
#TITLE=PHY_IO__HEATER - HEATER SYSTEM : Chamber Not Closed. Heater Power Off !	
#MSG=START	
Heater Power was off. 
When Chamber's lid is not closed, heater power must be off. 
	
#MSG=END	
#LINE=END	

#LINE=START	
#TYPE=ALARM	
#LEVEL=LIGHT	
#MODULE=PM3	
#ID=89	
#TIME=2021.07.29 00:00:03:627	
#RESULT=POST	
#TITLE=FNC_STEP : The door of gas box is not closed !	
#MSG=START	
The current status of gas box's interlock sensor is "False". 

If chamber's status is "processing", process will be aborted. 
If chamber's status is "idle", chamber's status will be "maint". 
Please, check the status of gas box. 
	
#MSG=END	
#LINE=END	

#LINE=START	
#TYPE=ALARM	
#LEVEL=LIGHT	
#MODULE=PM3	
#ID=100	
#TIME=2021.07.29 00:00:03:677	
#RESULT=POST	
#TITLE=FNC_STEP : System interlock occurred !	
#MSG=START	
All RF Power <- Off 
All Gas Valve <- Close 
All Ballast Valve <- Close 

	
#MSG=END	
#LINE=END	

#LINE=START	
#TYPE=ALARM	
#LEVEL=LIGHT	
#MODULE=PM3	
#ID=4	
#TIME=2021.07.29 00:00:03:683	
#RESULT=POST	
#TITLE=PHY_APC_VLV - APC Valve can't control in no vacuum.	
#MSG=START	
Please, check vacuum sensor.
	
#MSG=END	
#LINE=END	

#LINE=START	
#TYPE=ALARM	
#LEVEL=LIGHT	
#MODULE=PM3	
#ID=4	
#TIME=2021.07.29 00:05:48:589	
#RESULT=CHECK	
#TITLE=PHY_APC_VLV - APC Valve can't control in no vacuum.	
#MSG=START	
Please, check vacuum sensor.
	
#MSG=END	
#LINE=END	

#LINE=START	
#TYPE=ALARM	
#LEVEL=LIGHT	
#MODULE=PM3	
#ID=100	
#TIME=2021.07.29 00:05:48:623	
#RESULT=CHECK	
#TITLE=FNC_STEP : System interlock occurred !	
#MSG=START	
All RF Power <- Off 
All Gas Valve <- Close 
All Ballast Valve <- Close 

	
#MSG=END	
#LINE=END	

#LINE=START	
#TYPE=ALARM	
#LEVEL=LIGHT	
#MODULE=PM3	
#ID=89	
#TIME=2021.07.29 00:05:48:659	
#RESULT=CHECK	
#TITLE=FNC_STEP : The door of gas box is not closed !	
#MSG=START	
The current status of gas box's interlock sensor is "False". 

If chamber's status is "processing", process will be aborted. 
If chamber's status is "idle", chamber's status will be "maint". 
Please, check the status of gas box. 
	
#MSG=END	
#LINE=END	

#LINE=START	
#TYPE=ALARM	
#LEVEL=LIGHT	
#MODULE=PM3	
#ID=10	
#TIME=2021.07.29 00:05:48:705	
#RESULT=CHECK	
#TITLE=PHY_IO__HEATER - HEATER SYSTEM : Chamber Not Closed. Heater Power Off !	
#MSG=START	
Heater Power was off. 
When Chamber's lid is not closed, heater power must be off. 
	
#MSG=END	
#LINE=END	

#LINE=START	
#TYPE=ALARM	
#LEVEL=LIGHT	
#MODULE=PM3	
#ID=1	
#TIME=2021.07.29 00:05:48:744	
#RESULT=CHECK	
#TITLE=DB_INF - Simulation mode is active !	
#MSG=START	
	
#MSG=END	
#LINE=END	

#LINE=START	
#TYPE=ALARM	
#LEVEL=LIGHT	
#MODULE=PM3	
#ID=1	
#TIME=2021.07.29 00:05:48:798	
#RESULT=POST	
#TITLE=DB_INF - Simulation mode is active !	
#MSG=START	
	
#MSG=END	
#LINE=END	

#LINE=START	
#TYPE=ALARM	
#LEVEL=LIGHT	
#MODULE=PM3	
#ID=16	
#TIME=2021.07.29 00:15:23:005	
#RESULT=POST	
#TITLE=FNC_PROC - Do you want to convert the status of wafer ? 
	
#MSG=START	
The lot ID of wafer is "". 
The port ID of wafer is "". 
The slot ID of wafer is "". 
The recipe name of wafer is "PRC\PMC_FULL_TEST". 

If you click "YES", the status of wafer will be converted to "PROCESSED". 
If you click "NO",  the status of wafer will be not changed. 
	
#MSG=END	
#LINE=END	

#LINE=START	
#TYPE=ALARM	
#LEVEL=LIGHT	
#MODULE=PM3	
#ID=16	
#TIME=2021.07.29 00:15:25:871	
#RESULT=NO	
#TITLE=FNC_PROC - Do you want to convert the status of wafer ? 
	
#MSG=START	
The lot ID of wafer is "". 
The port ID of wafer is "". 
The slot ID of wafer is "". 
The recipe name of wafer is "PRC\PMC_FULL_TEST". 

If you click "YES", the status of wafer will be converted to "PROCESSED". 
If you click "NO",  the status of wafer will be not changed. 
	
#MSG=END	
#LINE=END	

#LINE=START	
#TYPE=ALARM	
#LEVEL=LIGHT	
#MODULE=PM3	
#ID=1	
#TIME=2021.07.29 00:18:41:270	
#RESULT=POST	
#TITLE=DB_INF - Simulation mode is active !	
#MSG=START	
	
#MSG=END	
#LINE=END	

#LINE=START	
#TYPE=ALARM	
#LEVEL=LIGHT	
#MODULE=PM3	
#ID=10	
#TIME=2021.07.29 00:18:44:439	
#RESULT=POST	
#TITLE=PHY_IO__HEATER - HEATER SYSTEM : Chamber Not Closed. Heater Power Off !	
#MSG=START	
Heater Power was off. 
When Chamber's lid is not closed, heater power must be off. 
	
#MSG=END	
#LINE=END	

#LINE=START	
#TYPE=ALARM	
#LEVEL=LIGHT	
#MODULE=PM3	
#ID=89	
#TIME=2021.07.29 00:18:46:194	
#RESULT=POST	
#TITLE=FNC_STEP : The door of gas box is not closed !	
#MSG=START	
The current status of gas box's interlock sensor is "False". 

If chamber's status is "processing", process will be aborted. 
If chamber's status is "idle", chamber's status will be "maint". 
Please, check the status of gas box. 
	
#MSG=END	
#LINE=END	

#LINE=START	
#TYPE=ALARM	
#LEVEL=LIGHT	
#MODULE=PM3	
#ID=100	
#TIME=2021.07.29 00:18:46:234	
#RESULT=POST	
#TITLE=FNC_STEP : System interlock occurred !	
#MSG=START	
All RF Power <- Off 
All Gas Valve <- Close 
All Ballast Valve <- Close 

	
#MSG=END	
#LINE=END	

#LINE=START	
#TYPE=ALARM	
#LEVEL=LIGHT	
#MODULE=PM3	
#ID=4	
#TIME=2021.07.29 00:18:46:239	
#RESULT=POST	
#TITLE=PHY_APC_VLV - APC Valve can't control in no vacuum.	
#MSG=START	
Please, check vacuum sensor.
	
#MSG=END	
#LINE=END	

#LINE=START	
#TYPE=ALARM	
#LEVEL=LIGHT	
#MODULE=PM3	
#ID=4	
#TIME=2021.07.29 00:25:11:465	
#RESULT=CHECK	
#TITLE=PHY_APC_VLV - APC Valve can't control in no vacuum.	
#MSG=START	
Please, check vacuum sensor.
	
#MSG=END	
#LINE=END	

#LINE=START	
#TYPE=ALARM	
#LEVEL=LIGHT	
#MODULE=PM3	
#ID=100	
#TIME=2021.07.29 00:25:11:501	
#RESULT=CHECK	
#TITLE=FNC_STEP : System interlock occurred !	
#MSG=START	
All RF Power <- Off 
All Gas Valve <- Close 
All Ballast Valve <- Close 

	
#MSG=END	
#LINE=END	

#LINE=START	
#TYPE=ALARM	
#LEVEL=LIGHT	
#MODULE=PM3	
#ID=89	
#TIME=2021.07.29 00:25:11:534	
#RESULT=CHECK	
#TITLE=FNC_STEP : The door of gas box is not closed !	
#MSG=START	
The current status of gas box's interlock sensor is "False". 

If chamber's status is "processing", process will be aborted. 
If chamber's status is "idle", chamber's status will be "maint". 
Please, check the status of gas box. 
	
#MSG=END	
#LINE=END	

#LINE=START	
#TYPE=ALARM	
#LEVEL=LIGHT	
#MODULE=PM3	
#ID=10	
#TIME=2021.07.29 00:25:11:568	
#RESULT=CHECK	
#TITLE=PHY_IO__HEATER - HEATER SYSTEM : Chamber Not Closed. Heater Power Off !	
#MSG=START	
Heater Power was off. 
When Chamber's lid is not closed, heater power must be off. 
	
#MSG=END	
#LINE=END	

#LINE=START	
#TYPE=ALARM	
#LEVEL=LIGHT	
#MODULE=PM3	
#ID=1	
#TIME=2021.07.29 00:25:11:599	
#RESULT=CHECK	
#TITLE=DB_INF - Simulation mode is active !	
#MSG=START	
	
#MSG=END	
#LINE=END	

#LINE=START	
#TYPE=ALARM	
#LEVEL=LIGHT	
#MODULE=PM3	
#ID=1	
#TIME=2021.07.29 00:25:11:677	
#RESULT=POST	
#TITLE=DB_INF - Simulation mode is active !	
#MSG=START	
	
#MSG=END	
#LINE=END	

#LINE=START	
#TYPE=ALARM	
#LEVEL=LIGHT	
#MODULE=PM3	
#ID=16	
#TIME=2021.07.29 00:31:30:830	
#RESULT=POST	
#TITLE=FNC_PROC - Do you want to convert the status of wafer ? 
	
#MSG=START	
The lot ID of wafer is "". 
The port ID of wafer is "". 
The slot ID of wafer is "". 
The recipe name of wafer is "PRC\PMC_FULL_TEST". 

If you click "YES", the status of wafer will be converted to "PROCESSED". 
If you click "NO",  the status of wafer will be not changed. 
	
#MSG=END	
#LINE=END	

#LINE=START	
#TYPE=ALARM	
#LEVEL=LIGHT	
#MODULE=PM3	
#ID=16	
#TIME=2021.07.29 00:31:54:915	
#RESULT=NO	
#TITLE=FNC_PROC - Do you want to convert the status of wafer ? 
	
#MSG=START	
The lot ID of wafer is "". 
The port ID of wafer is "". 
The slot ID of wafer is "". 
The recipe name of wafer is "PRC\PMC_FULL_TEST". 

If you click "YES", the status of wafer will be converted to "PROCESSED". 
If you click "NO",  the status of wafer will be not changed. 
	
#MSG=END	
#LINE=END	

#LINE=START	
#TYPE=ALARM	
#LEVEL=LIGHT	
#MODULE=PM3	
#ID=1	
#TIME=2021.07.29 00:43:31:296	
#RESULT=POST	
#TITLE=DB_INF - Simulation mode is active !	
#MSG=START	
	
#MSG=END	
#LINE=END	

#LINE=START	
#TYPE=ALARM	
#LEVEL=LIGHT	
#MODULE=PM3	
#ID=10	
#TIME=2021.07.29 00:43:34:571	
#RESULT=POST	
#TITLE=PHY_IO__HEATER - HEATER SYSTEM : Chamber Not Closed. Heater Power Off !	
#MSG=START	
Heater Power was off. 
When Chamber's lid is not closed, heater power must be off. 
	
#MSG=END	
#LINE=END	

#LINE=START	
#TYPE=ALARM	
#LEVEL=LIGHT	
#MODULE=PM3	
#ID=89	
#TIME=2021.07.29 00:43:36:255	
#RESULT=POST	
#TITLE=FNC_STEP : The door of gas box is not closed !	
#MSG=START	
The current status of gas box's interlock sensor is "False". 

If chamber's status is "processing", process will be aborted. 
If chamber's status is "idle", chamber's status will be "maint". 
Please, check the status of gas box. 
	
#MSG=END	
#LINE=END	

#LINE=START	
#TYPE=ALARM	
#LEVEL=LIGHT	
#MODULE=PM3	
#ID=100	
#TIME=2021.07.29 00:43:36:285	
#RESULT=POST	
#TITLE=FNC_STEP : System interlock occurred !	
#MSG=START	
All RF Power <- Off 
All Gas Valve <- Close 
All Ballast Valve <- Close 

	
#MSG=END	
#LINE=END	

#LINE=START	
#TYPE=ALARM	
#LEVEL=LIGHT	
#MODULE=PM3	
#ID=4	
#TIME=2021.07.29 00:43:36:290	
#RESULT=POST	
#TITLE=PHY_APC_VLV - APC Valve can't control in no vacuum.	
#MSG=START	
Please, check vacuum sensor.
	
#MSG=END	
#LINE=END	

#LINE=START	
#TYPE=ALARM	
#LEVEL=LIGHT	
#MODULE=PM3	
#ID=1	
#TIME=2021.07.29 00:54:24:987	
#RESULT=POST	
#TITLE=DB_INF - Simulation mode is active !	
#MSG=START	
	
#MSG=END	
#LINE=END	

#LINE=START	
#TYPE=ALARM	
#LEVEL=LIGHT	
#MODULE=PM3	
#ID=10	
#TIME=2021.07.29 00:54:28:265	
#RESULT=POST	
#TITLE=PHY_IO__HEATER - HEATER SYSTEM : Chamber Not Closed. Heater Power Off !	
#MSG=START	
Heater Power was off. 
When Chamber's lid is not closed, heater power must be off. 
	
#MSG=END	
#LINE=END	

#LINE=START	
#TYPE=ALARM	
#LEVEL=LIGHT	
#MODULE=PM3	
#ID=89	
#TIME=2021.07.29 00:54:29:991	
#RESULT=POST	
#TITLE=FNC_STEP : The door of gas box is not closed !	
#MSG=START	
The current status of gas box's interlock sensor is "False". 

If chamber's status is "processing", process will be aborted. 
If chamber's status is "idle", chamber's status will be "maint". 
Please, check the status of gas box. 
	
#MSG=END	
#LINE=END	

#LINE=START	
#TYPE=ALARM	
#LEVEL=LIGHT	
#MODULE=PM3	
#ID=100	
#TIME=2021.07.29 00:54:30:020	
#RESULT=POST	
#TITLE=FNC_STEP : System interlock occurred !	
#MSG=START	
All RF Power <- Off 
All Gas Valve <- Close 
All Ballast Valve <- Close 

	
#MSG=END	
#LINE=END	

#LINE=START	
#TYPE=ALARM	
#LEVEL=LIGHT	
#MODULE=PM3	
#ID=4	
#TIME=2021.07.29 00:54:30:024	
#RESULT=POST	
#TITLE=PHY_APC_VLV - APC Valve can't control in no vacuum.	
#MSG=START	
Please, check vacuum sensor.
	
#MSG=END	
#LINE=END	

#LINE=START	
#TYPE=ALARM	
#LEVEL=LIGHT	
#MODULE=PM3	
#ID=4	
#TIME=2021.07.29 00:58:45:925	
#RESULT=CHECK	
#TITLE=PHY_APC_VLV - APC Valve can't control in no vacuum.	
#MSG=START	
Please, check vacuum sensor.
	
#MSG=END	
#LINE=END	

#LINE=START	
#TYPE=ALARM	
#LEVEL=LIGHT	
#MODULE=PM3	
#ID=100	
#TIME=2021.07.29 00:58:45:965	
#RESULT=CHECK	
#TITLE=FNC_STEP : System interlock occurred !	
#MSG=START	
All RF Power <- Off 
All Gas Valve <- Close 
All Ballast Valve <- Close 

	
#MSG=END	
#LINE=END	

#LINE=START	
#TYPE=ALARM	
#LEVEL=LIGHT	
#MODULE=PM3	
#ID=89	
#TIME=2021.07.29 00:58:46:000	
#RESULT=CHECK	
#TITLE=FNC_STEP : The door of gas box is not closed !	
#MSG=START	
The current status of gas box's interlock sensor is "False". 

If chamber's status is "processing", process will be aborted. 
If chamber's status is "idle", chamber's status will be "maint". 
Please, check the status of gas box. 
	
#MSG=END	
#LINE=END	

#LINE=START	
#TYPE=ALARM	
#LEVEL=LIGHT	
#MODULE=PM3	
#ID=10	
#TIME=2021.07.29 00:58:46:034	
#RESULT=CHECK	
#TITLE=PHY_IO__HEATER - HEATER SYSTEM : Chamber Not Closed. Heater Power Off !	
#MSG=START	
Heater Power was off. 
When Chamber's lid is not closed, heater power must be off. 
	
#MSG=END	
#LINE=END	

#LINE=START	
#TYPE=ALARM	
#LEVEL=LIGHT	
#MODULE=PM3	
#ID=1	
#TIME=2021.07.29 00:58:46:067	
#RESULT=CHECK	
#TITLE=DB_INF - Simulation mode is active !	
#MSG=START	
	
#MSG=END	
#LINE=END	

#LINE=START	
#TYPE=ALARM	
#LEVEL=LIGHT	
#MODULE=PM3	
#ID=1	
#TIME=2021.07.29 00:58:46:086	
#RESULT=POST	
#TITLE=DB_INF - Simulation mode is active !	
#MSG=START	
	
#MSG=END	
#LINE=END	

#LINE=START	
#TYPE=ALARM	
#LEVEL=LIGHT	
#MODULE=PM3	
#ID=16	
#TIME=2021.07.29 01:05:03:068	
#RESULT=POST	
#TITLE=FNC_PROC - Do you want to convert the status of wafer ? 
	
#MSG=START	
The lot ID of wafer is "". 
The port ID of wafer is "". 
The slot ID of wafer is "". 
The recipe name of wafer is "PRC\PMC_FULL_TEST". 

If you click "YES", the status of wafer will be converted to "PROCESSED". 
If you click "NO",  the status of wafer will be not changed. 
	
#MSG=END	
#LINE=END	

#LINE=START	
#TYPE=ALARM	
#LEVEL=LIGHT	
#MODULE=PM3	
#ID=16	
#TIME=2021.07.29 01:05:08:464	
#RESULT=YES	
#TITLE=FNC_PROC - Do you want to convert the status of wafer ? 
	
#MSG=START	
The lot ID of wafer is "". 
The port ID of wafer is "". 
The slot ID of wafer is "". 
The recipe name of wafer is "PRC\PMC_FULL_TEST". 

If you click "YES", the status of wafer will be converted to "PROCESSED". 
If you click "NO",  the status of wafer will be not changed. 
	
#MSG=END	
#LINE=END	

#LINE=START	
#TYPE=ALARM	
#LEVEL=LIGHT	
#MODULE=PM3	
#ID=16	
#TIME=2021.07.29 01:11:31:121	
#RESULT=POST	
#TITLE=FNC_PROC - Do you want to convert the status of wafer ? 
	
#MSG=START	
The lot ID of wafer is "". 
The port ID of wafer is "". 
The slot ID of wafer is "". 
The recipe name of wafer is "PRC\PMC_FULL_TEST". 

If you click "YES", the status of wafer will be converted to "PROCESSED". 
If you click "NO",  the status of wafer will be not changed. 
	
#MSG=END	
#LINE=END	

#LINE=START	
#TYPE=ALARM	
#LEVEL=LIGHT	
#MODULE=PM3	
#ID=16	
#TIME=2021.07.29 01:11:36:377	
#RESULT=NO	
#TITLE=FNC_PROC - Do you want to convert the status of wafer ? 
	
#MSG=START	
The lot ID of wafer is "". 
The port ID of wafer is "". 
The slot ID of wafer is "". 
The recipe name of wafer is "PRC\PMC_FULL_TEST". 

If you click "YES", the status of wafer will be converted to "PROCESSED". 
If you click "NO",  the status of wafer will be not changed. 
	
#MSG=END	
#LINE=END	

#LINE=START	
#TYPE=ALARM	
#LEVEL=LIGHT	
#MODULE=PM3	
#ID=1	
#TIME=2021.07.29 01:13:31:488	
#RESULT=POST	
#TITLE=DB_INF - Simulation mode is active !	
#MSG=START	
	
#MSG=END	
#LINE=END	

#LINE=START	
#TYPE=ALARM	
#LEVEL=LIGHT	
#MODULE=PM3	
#ID=10	
#TIME=2021.07.29 01:13:34:649	
#RESULT=POST	
#TITLE=PHY_IO__HEATER - HEATER SYSTEM : Chamber Not Closed. Heater Power Off !	
#MSG=START	
Heater Power was off. 
When Chamber's lid is not closed, heater power must be off. 
	
#MSG=END	
#LINE=END	

#LINE=START	
#TYPE=ALARM	
#LEVEL=LIGHT	
#MODULE=PM3	
#ID=89	
#TIME=2021.07.29 01:13:36:414	
#RESULT=POST	
#TITLE=FNC_STEP : The door of gas box is not closed !	
#MSG=START	
The current status of gas box's interlock sensor is "False". 

If chamber's status is "processing", process will be aborted. 
If chamber's status is "idle", chamber's status will be "maint". 
Please, check the status of gas box. 
	
#MSG=END	
#LINE=END	

#LINE=START	
#TYPE=ALARM	
#LEVEL=LIGHT	
#MODULE=PM3	
#ID=100	
#TIME=2021.07.29 01:13:36:474	
#RESULT=POST	
#TITLE=FNC_STEP : System interlock occurred !	
#MSG=START	
All RF Power <- Off 
All Gas Valve <- Close 
All Ballast Valve <- Close 

	
#MSG=END	
#LINE=END	

#LINE=START	
#TYPE=ALARM	
#LEVEL=LIGHT	
#MODULE=PM3	
#ID=4	
#TIME=2021.07.29 01:13:36:480	
#RESULT=POST	
#TITLE=PHY_APC_VLV - APC Valve can't control in no vacuum.	
#MSG=START	
Please, check vacuum sensor.
	
#MSG=END	
#LINE=END	

#LINE=START	
#TYPE=ALARM	
#LEVEL=LIGHT	
#MODULE=PM3	
#ID=4	
#TIME=2021.07.29 01:15:18:288	
#RESULT=CHECK	
#TITLE=PHY_APC_VLV - APC Valve can't control in no vacuum.	
#MSG=START	
Please, check vacuum sensor.
	
#MSG=END	
#LINE=END	

#LINE=START	
#TYPE=ALARM	
#LEVEL=LIGHT	
#MODULE=PM3	
#ID=100	
#TIME=2021.07.29 01:15:18:331	
#RESULT=CHECK	
#TITLE=FNC_STEP : System interlock occurred !	
#MSG=START	
All RF Power <- Off 
All Gas Valve <- Close 
All Ballast Valve <- Close 

	
#MSG=END	
#LINE=END	

#LINE=START	
#TYPE=ALARM	
#LEVEL=LIGHT	
#MODULE=PM3	
#ID=89	
#TIME=2021.07.29 01:15:18:363	
#RESULT=CHECK	
#TITLE=FNC_STEP : The door of gas box is not closed !	
#MSG=START	
The current status of gas box's interlock sensor is "False". 

If chamber's status is "processing", process will be aborted. 
If chamber's status is "idle", chamber's status will be "maint". 
Please, check the status of gas box. 
	
#MSG=END	
#LINE=END	

#LINE=START	
#TYPE=ALARM	
#LEVEL=LIGHT	
#MODULE=PM3	
#ID=10	
#TIME=2021.07.29 01:15:18:393	
#RESULT=CHECK	
#TITLE=PHY_IO__HEATER - HEATER SYSTEM : Chamber Not Closed. Heater Power Off !	
#MSG=START	
Heater Power was off. 
When Chamber's lid is not closed, heater power must be off. 
	
#MSG=END	
#LINE=END	

#LINE=START	
#TYPE=ALARM	
#LEVEL=LIGHT	
#MODULE=PM3	
#ID=1	
#TIME=2021.07.29 01:15:18:421	
#RESULT=CHECK	
#TITLE=DB_INF - Simulation mode is active !	
#MSG=START	
	
#MSG=END	
#LINE=END	

#LINE=START	
#TYPE=ALARM	
#LEVEL=LIGHT	
#MODULE=PM3	
#ID=1	
#TIME=2021.07.29 01:15:18:490	
#RESULT=POST	
#TITLE=DB_INF - Simulation mode is active !	
#MSG=START	
	
#MSG=END	
#LINE=END	

#LINE=START	
#TYPE=ALARM	
#LEVEL=LIGHT	
#MODULE=PM3	
#ID=16	
#TIME=2021.07.29 01:22:28:875	
#RESULT=POST	
#TITLE=FNC_PROC - Do you want to convert the status of wafer ? 
	
#MSG=START	
The lot ID of wafer is "". 
The port ID of wafer is "". 
The slot ID of wafer is "". 
The recipe name of wafer is "PRC\PMC_FULL_TEST". 

If you click "YES", the status of wafer will be converted to "PROCESSED". 
If you click "NO",  the status of wafer will be not changed. 
	
#MSG=END	
#LINE=END	

#LINE=START	
#TYPE=ALARM	
#LEVEL=LIGHT	
#MODULE=PM3	
#ID=16	
#TIME=2021.07.29 01:22:33:783	
#RESULT=NO	
#TITLE=FNC_PROC - Do you want to convert the status of wafer ? 
	
#MSG=START	
The lot ID of wafer is "". 
The port ID of wafer is "". 
The slot ID of wafer is "". 
The recipe name of wafer is "PRC\PMC_FULL_TEST". 

If you click "YES", the status of wafer will be converted to "PROCESSED". 
If you click "NO",  the status of wafer will be not changed. 
	
#MSG=END	
#LINE=END	

#LINE=START	
#TYPE=ALARM	
#LEVEL=LIGHT	
#MODULE=PM3	
#ID=1	
#TIME=2021.07.29 01:34:10:876	
#RESULT=POST	
#TITLE=DB_INF - Simulation mode is active !	
#MSG=START	
	
#MSG=END	
#LINE=END	

#LINE=START	
#TYPE=ALARM	
#LEVEL=LIGHT	
#MODULE=PM3	
#ID=10	
#TIME=2021.07.29 01:34:14:096	
#RESULT=POST	
#TITLE=PHY_IO__HEATER - HEATER SYSTEM : Chamber Not Closed. Heater Power Off !	
#MSG=START	
Heater Power was off. 
When Chamber's lid is not closed, heater power must be off. 
	
#MSG=END	
#LINE=END	

#LINE=START	
#TYPE=ALARM	
#LEVEL=LIGHT	
#MODULE=PM3	
#ID=89	
#TIME=2021.07.29 01:34:15:821	
#RESULT=POST	
#TITLE=FNC_STEP : The door of gas box is not closed !	
#MSG=START	
The current status of gas box's interlock sensor is "False". 

If chamber's status is "processing", process will be aborted. 
If chamber's status is "idle", chamber's status will be "maint". 
Please, check the status of gas box. 
	
#MSG=END	
#LINE=END	

#LINE=START	
#TYPE=ALARM	
#LEVEL=LIGHT	
#MODULE=PM3	
#ID=100	
#TIME=2021.07.29 01:34:15:861	
#RESULT=POST	
#TITLE=FNC_STEP : System interlock occurred !	
#MSG=START	
All RF Power <- Off 
All Gas Valve <- Close 
All Ballast Valve <- Close 

	
#MSG=END	
#LINE=END	

#LINE=START	
#TYPE=ALARM	
#LEVEL=LIGHT	
#MODULE=PM3	
#ID=4	
#TIME=2021.07.29 01:34:15:868	
#RESULT=POST	
#TITLE=PHY_APC_VLV - APC Valve can't control in no vacuum.	
#MSG=START	
Please, check vacuum sensor.
	
#MSG=END	
#LINE=END	

#LINE=START	
#TYPE=ALARM	
#LEVEL=LIGHT	
#MODULE=PM3	
#ID=4	
#TIME=2021.07.29 01:37:36:603	
#RESULT=CHECK	
#TITLE=PHY_APC_VLV - APC Valve can't control in no vacuum.	
#MSG=START	
Please, check vacuum sensor.
	
#MSG=END	
#LINE=END	

#LINE=START	
#TYPE=ALARM	
#LEVEL=LIGHT	
#MODULE=PM3	
#ID=100	
#TIME=2021.07.29 01:37:36:635	
#RESULT=CHECK	
#TITLE=FNC_STEP : System interlock occurred !	
#MSG=START	
All RF Power <- Off 
All Gas Valve <- Close 
All Ballast Valve <- Close 

	
#MSG=END	
#LINE=END	

#LINE=START	
#TYPE=ALARM	
#LEVEL=LIGHT	
#MODULE=PM3	
#ID=89	
#TIME=2021.07.29 01:37:36:668	
#RESULT=CHECK	
#TITLE=FNC_STEP : The door of gas box is not closed !	
#MSG=START	
The current status of gas box's interlock sensor is "False". 

If chamber's status is "processing", process will be aborted. 
If chamber's status is "idle", chamber's status will be "maint". 
Please, check the status of gas box. 
	
#MSG=END	
#LINE=END	

#LINE=START	
#TYPE=ALARM	
#LEVEL=LIGHT	
#MODULE=PM3	
#ID=10	
#TIME=2021.07.29 01:37:36:699	
#RESULT=CHECK	
#TITLE=PHY_IO__HEATER - HEATER SYSTEM : Chamber Not Closed. Heater Power Off !	
#MSG=START	
Heater Power was off. 
When Chamber's lid is not closed, heater power must be off. 
	
#MSG=END	
#LINE=END	

#LINE=START	
#TYPE=ALARM	
#LEVEL=LIGHT	
#MODULE=PM3	
#ID=1	
#TIME=2021.07.29 01:37:36:729	
#RESULT=CHECK	
#TITLE=DB_INF - Simulation mode is active !	
#MSG=START	
	
#MSG=END	
#LINE=END	

#LINE=START	
#TYPE=ALARM	
#LEVEL=LIGHT	
#MODULE=PM3	
#ID=1	
#TIME=2021.07.29 01:37:36:786	
#RESULT=POST	
#TITLE=DB_INF - Simulation mode is active !	
#MSG=START	
	
#MSG=END	
#LINE=END	

#LINE=START	
#TYPE=ALARM	
#LEVEL=LIGHT	
#MODULE=PM3	
#ID=16	
#TIME=2021.07.29 01:43:00:810	
#RESULT=POST	
#TITLE=FNC_PROC - Do you want to convert the status of wafer ? 
	
#MSG=START	
The lot ID of wafer is "". 
The port ID of wafer is "". 
The slot ID of wafer is "". 
The recipe name of wafer is "PRC\PMC_FULL_TEST". 

If you click "YES", the status of wafer will be converted to "PROCESSED". 
If you click "NO",  the status of wafer will be not changed. 
	
#MSG=END	
#LINE=END	

#LINE=START	
#TYPE=ALARM	
#LEVEL=LIGHT	
#MODULE=PM3	
#ID=16	
#TIME=2021.07.29 01:43:04:356	
#RESULT=NO	
#TITLE=FNC_PROC - Do you want to convert the status of wafer ? 
	
#MSG=START	
The lot ID of wafer is "". 
The port ID of wafer is "". 
The slot ID of wafer is "". 
The recipe name of wafer is "PRC\PMC_FULL_TEST". 

If you click "YES", the status of wafer will be converted to "PROCESSED". 
If you click "NO",  the status of wafer will be not changed. 
	
#MSG=END	
#LINE=END	

#LINE=START	
#TYPE=ALARM	
#LEVEL=LIGHT	
#MODULE=PM3	
#ID=16	
#TIME=2021.07.29 01:49:17:860	
#RESULT=POST	
#TITLE=FNC_PROC - Do you want to convert the status of wafer ? 
	
#MSG=START	
The lot ID of wafer is "". 
The port ID of wafer is "". 
The slot ID of wafer is "". 
The recipe name of wafer is "PRC\PMC_FULL_TEST". 

If you click "YES", the status of wafer will be converted to "PROCESSED". 
If you click "NO",  the status of wafer will be not changed. 
	
#MSG=END	
#LINE=END	

#LINE=START	
#TYPE=ALARM	
#LEVEL=LIGHT	
#MODULE=PM3	
#ID=16	
#TIME=2021.07.29 01:49:21:531	
#RESULT=NO	
#TITLE=FNC_PROC - Do you want to convert the status of wafer ? 
	
#MSG=START	
The lot ID of wafer is "". 
The port ID of wafer is "". 
The slot ID of wafer is "". 
The recipe name of wafer is "PRC\PMC_FULL_TEST". 

If you click "YES", the status of wafer will be converted to "PROCESSED". 
If you click "NO",  the status of wafer will be not changed. 
	
#MSG=END	
#LINE=END	

#LINE=START	
#TYPE=ALARM	
#LEVEL=LIGHT	
#MODULE=PM3	
#ID=16	
#TIME=2021.07.29 01:55:42:891	
#RESULT=POST	
#TITLE=FNC_PROC - Do you want to convert the status of wafer ? 
	
#MSG=START	
The lot ID of wafer is "". 
The port ID of wafer is "". 
The slot ID of wafer is "". 
The recipe name of wafer is "PRC\PMC_FULL_TEST". 

If you click "YES", the status of wafer will be converted to "PROCESSED". 
If you click "NO",  the status of wafer will be not changed. 
	
#MSG=END	
#LINE=END	

#LINE=START	
#TYPE=ALARM	
#LEVEL=LIGHT	
#MODULE=PM3	
#ID=16	
#TIME=2021.07.29 01:55:50:499	
#RESULT=NO	
#TITLE=FNC_PROC - Do you want to convert the status of wafer ? 
	
#MSG=START	
The lot ID of wafer is "". 
The port ID of wafer is "". 
The slot ID of wafer is "". 
The recipe name of wafer is "PRC\PMC_FULL_TEST". 

If you click "YES", the status of wafer will be converted to "PROCESSED". 
If you click "NO",  the status of wafer will be not changed. 
	
#MSG=END	
#LINE=END	

#LINE=START	
#TYPE=ALARM	
#LEVEL=LIGHT	
#MODULE=PM3	
#ID=16	
#TIME=2021.07.29 02:04:24:306	
#RESULT=POST	
#TITLE=FNC_PROC - Do you want to convert the status of wafer ? 
	
#MSG=START	
The lot ID of wafer is "". 
The port ID of wafer is "". 
The slot ID of wafer is "". 
The recipe name of wafer is "PRC\PMC_FULL_TEST". 

If you click "YES", the status of wafer will be converted to "PROCESSED". 
If you click "NO",  the status of wafer will be not changed. 
	
#MSG=END	
#LINE=END	

#LINE=START	
#TYPE=ALARM	
#LEVEL=LIGHT	
#MODULE=PM3	
#ID=16	
#TIME=2021.07.29 02:05:07:431	
#RESULT=NO	
#TITLE=FNC_PROC - Do you want to convert the status of wafer ? 
	
#MSG=START	
The lot ID of wafer is "". 
The port ID of wafer is "". 
The slot ID of wafer is "". 
The recipe name of wafer is "PRC\PMC_FULL_TEST". 

If you click "YES", the status of wafer will be converted to "PROCESSED". 
If you click "NO",  the status of wafer will be not changed. 
	
#MSG=END	
#LINE=END	

#LINE=START	
#TYPE=ALARM	
#LEVEL=LIGHT	
#MODULE=PM3	
#ID=16	
#TIME=2021.07.29 02:22:08:694	
#RESULT=POST	
#TITLE=FNC_PROC - Do you want to convert the status of wafer ? 
	
#MSG=START	
The lot ID of wafer is "". 
The port ID of wafer is "". 
The slot ID of wafer is "". 
The recipe name of wafer is "PRC\PMC_FULL_TEST". 

If you click "YES", the status of wafer will be converted to "PROCESSED". 
If you click "NO",  the status of wafer will be not changed. 
	
#MSG=END	
#LINE=END	

#LINE=START	
#TYPE=ALARM	
#LEVEL=LIGHT	
#MODULE=PM3	
#ID=16	
#TIME=2021.07.29 02:22:16:867	
#RESULT=NO	
#TITLE=FNC_PROC - Do you want to convert the status of wafer ? 
	
#MSG=START	
The lot ID of wafer is "". 
The port ID of wafer is "". 
The slot ID of wafer is "". 
The recipe name of wafer is "PRC\PMC_FULL_TEST". 

If you click "YES", the status of wafer will be converted to "PROCESSED". 
If you click "NO",  the status of wafer will be not changed. 
	
#MSG=END	
#LINE=END	

#LINE=START	
#TYPE=ALARM	
#LEVEL=LIGHT	
#MODULE=PM3	
#ID=16	
#TIME=2021.07.29 11:13:45:469	
#RESULT=POST	
#TITLE=FNC_PROC - Do you want to convert the status of wafer ? 
	
#MSG=START	
The lot ID of wafer is "". 
The port ID of wafer is "". 
The slot ID of wafer is "". 
The recipe name of wafer is "PRC\PMC_FULL_TEST". 

If you click "YES", the status of wafer will be converted to "PROCESSED". 
If you click "NO",  the status of wafer will be not changed. 
	
#MSG=END	
#LINE=END	

#LINE=START	
#TYPE=ALARM	
#LEVEL=LIGHT	
#MODULE=PM3	
#ID=16	
#TIME=2021.07.29 11:14:03:234	
#RESULT=NO	
#TITLE=FNC_PROC - Do you want to convert the status of wafer ? 
	
#MSG=START	
The lot ID of wafer is "". 
The port ID of wafer is "". 
The slot ID of wafer is "". 
The recipe name of wafer is "PRC\PMC_FULL_TEST". 

If you click "YES", the status of wafer will be converted to "PROCESSED". 
If you click "NO",  the status of wafer will be not changed. 
	
#MSG=END	
#LINE=END	

@LINE	
STATUS	
GUI-100	
-1	
2021.07.29 11:15:12:970	
POST	
STOP	
	
@LINE	
STATUS	
GUI-100	
-1	
2021.07.29 17:12:01:275	
POST	
START	
	
#LINE=START	
#TYPE=ALARM	
#LEVEL=LIGHT	
#MODULE=PM3	
#ID=1	
#TIME=2021.07.29 17:10:57:836	
#RESULT=POST	
#TITLE=DB_INF - Simulation mode is active !	
#MSG=START	
	
#MSG=END	
#LINE=END	

#LINE=START	
#TYPE=ALARM	
#LEVEL=LIGHT	
#MODULE=PM3	
#ID=10	
#TIME=2021.07.29 17:11:01:094	
#RESULT=POST	
#TITLE=PHY_IO__HEATER - HEATER SYSTEM : Chamber Not Closed. Heater Power Off !	
#MSG=START	
Heater Power was off. 
When Chamber's lid is not closed, heater power must be off. 
	
#MSG=END	
#LINE=END	

#LINE=START	
#TYPE=ALARM	
#LEVEL=LIGHT	
#MODULE=PM3	
#ID=89	
#TIME=2021.07.29 17:11:02:773	
#RESULT=POST	
#TITLE=FNC_STEP : The door of gas box is not closed !	
#MSG=START	
The current status of gas box's interlock sensor is "False". 

If chamber's status is "processing", process will be aborted. 
If chamber's status is "idle", chamber's status will be "maint". 
Please, check the status of gas box. 
	
#MSG=END	
#LINE=END	

#LINE=START	
#TYPE=ALARM	
#LEVEL=LIGHT	
#MODULE=PM3	
#ID=100	
#TIME=2021.07.29 17:11:02:833	
#RESULT=POST	
#TITLE=FNC_STEP : System interlock occurred !	
#MSG=START	
All RF Power <- Off 
All Gas Valve <- Close 
All Ballast Valve <- Close 

	
#MSG=END	
#LINE=END	

#LINE=START	
#TYPE=ALARM	
#LEVEL=LIGHT	
#MODULE=PM3	
#ID=4	
#TIME=2021.07.29 17:11:02:839	
#RESULT=POST	
#TITLE=PHY_APC_VLV - APC Valve can't control in no vacuum.	
#MSG=START	
Please, check vacuum sensor.
	
#MSG=END	
#LINE=END	

#LINE=START	
#TYPE=ALARM	
#LEVEL=LIGHT	
#MODULE=PM3	
#ID=4	
#TIME=2021.07.29 17:17:29:922	
#RESULT=CHECK	
#TITLE=PHY_APC_VLV - APC Valve can't control in no vacuum.	
#MSG=START	
Please, check vacuum sensor.
	
#MSG=END	
#LINE=END	

#LINE=START	
#TYPE=ALARM	
#LEVEL=LIGHT	
#MODULE=PM3	
#ID=100	
#TIME=2021.07.29 17:17:29:975	
#RESULT=CHECK	
#TITLE=FNC_STEP : System interlock occurred !	
#MSG=START	
All RF Power <- Off 
All Gas Valve <- Close 
All Ballast Valve <- Close 

	
#MSG=END	
#LINE=END	

#LINE=START	
#TYPE=ALARM	
#LEVEL=LIGHT	
#MODULE=PM3	
#ID=89	
#TIME=2021.07.29 17:17:30:013	
#RESULT=CHECK	
#TITLE=FNC_STEP : The door of gas box is not closed !	
#MSG=START	
The current status of gas box's interlock sensor is "False". 

If chamber's status is "processing", process will be aborted. 
If chamber's status is "idle", chamber's status will be "maint". 
Please, check the status of gas box. 
	
#MSG=END	
#LINE=END	

#LINE=START	
#TYPE=ALARM	
#LEVEL=LIGHT	
#MODULE=PM3	
#ID=10	
#TIME=2021.07.29 17:17:30:048	
#RESULT=CHECK	
#TITLE=PHY_IO__HEATER - HEATER SYSTEM : Chamber Not Closed. Heater Power Off !	
#MSG=START	
Heater Power was off. 
When Chamber's lid is not closed, heater power must be off. 
	
#MSG=END	
#LINE=END	

#LINE=START	
#TYPE=ALARM	
#LEVEL=LIGHT	
#MODULE=PM3	
#ID=1	
#TIME=2021.07.29 17:17:30:073	
#RESULT=CHECK	
#TITLE=DB_INF - Simulation mode is active !	
#MSG=START	
	
#MSG=END	
#LINE=END	

#LINE=START	
#TYPE=ALARM	
#LEVEL=LIGHT	
#MODULE=PM3	
#ID=1	
#TIME=2021.07.29 17:17:30:124	
#RESULT=POST	
#TITLE=DB_INF - Simulation mode is active !	
#MSG=START	
	
#MSG=END	
#LINE=END	

#LINE=START	
#TYPE=ALARM	
#LEVEL=LIGHT	
#MODULE=PM3	
#ID=16	
#TIME=2021.07.29 17:23:32:502	
#RESULT=POST	
#TITLE=FNC_PROC - Do you want to convert the status of wafer ? 
	
#MSG=START	
The lot ID of wafer is "". 
The port ID of wafer is "". 
The slot ID of wafer is "". 
The recipe name of wafer is "PRC\PMC_FULL_TEST". 

If you click "YES", the status of wafer will be converted to "PROCESSED". 
If you click "NO",  the status of wafer will be not changed. 
	
#MSG=END	
#LINE=END	

#LINE=START	
#TYPE=ALARM	
#LEVEL=LIGHT	
#MODULE=PM3	
#ID=16	
#TIME=2021.07.29 17:26:05:678	
#RESULT=YES	
#TITLE=FNC_PROC - Do you want to convert the status of wafer ? 
	
#MSG=START	
The lot ID of wafer is "". 
The port ID of wafer is "". 
The slot ID of wafer is "". 
The recipe name of wafer is "PRC\PMC_FULL_TEST". 

If you click "YES", the status of wafer will be converted to "PROCESSED". 
If you click "NO",  the status of wafer will be not changed. 
	
#MSG=END	
#LINE=END	

#LINE=START	
#TYPE=ALARM	
#LEVEL=LIGHT	
#MODULE=PM3	
#ID=16	
#TIME=2021.07.29 17:32:21:484	
#RESULT=POST	
#TITLE=FNC_PROC - Do you want to convert the status of wafer ? 
	
#MSG=START	
The lot ID of wafer is "". 
The port ID of wafer is "". 
The slot ID of wafer is "". 
The recipe name of wafer is "PRC\PMC_FULL_TEST". 

If you click "YES", the status of wafer will be converted to "PROCESSED". 
If you click "NO",  the status of wafer will be not changed. 
	
#MSG=END	
#LINE=END	

#LINE=START	
#TYPE=ALARM	
#LEVEL=LIGHT	
#MODULE=PM3	
#ID=16	
#TIME=2021.07.29 18:00:50:013	
#RESULT=YES	
#TITLE=FNC_PROC - Do you want to convert the status of wafer ? 
	
#MSG=START	
The lot ID of wafer is "". 
The port ID of wafer is "". 
The slot ID of wafer is "". 
The recipe name of wafer is "PRC\PMC_FULL_TEST". 

If you click "YES", the status of wafer will be converted to "PROCESSED". 
If you click "NO",  the status of wafer will be not changed. 
	
#MSG=END	
#LINE=END	

#LINE=START	
#TYPE=ALARM	
#LEVEL=LIGHT	
#MODULE=PM3	
#ID=16	
#TIME=2021.07.29 18:07:33:807	
#RESULT=POST	
#TITLE=FNC_PROC - Do you want to convert the status of wafer ? 
	
#MSG=START	
The lot ID of wafer is "". 
The port ID of wafer is "". 
The slot ID of wafer is "". 
The recipe name of wafer is "PRC\PMC_FULL_TEST". 

If you click "YES", the status of wafer will be converted to "PROCESSED". 
If you click "NO",  the status of wafer will be not changed. 
	
#MSG=END	
#LINE=END	

#LINE=START	
#TYPE=ALARM	
#LEVEL=LIGHT	
#MODULE=PM3	
#ID=16	
#TIME=2021.07.29 18:07:40:992	
#RESULT=YES	
#TITLE=FNC_PROC - Do you want to convert the status of wafer ? 
	
#MSG=START	
The lot ID of wafer is "". 
The port ID of wafer is "". 
The slot ID of wafer is "". 
The recipe name of wafer is "PRC\PMC_FULL_TEST". 

If you click "YES", the status of wafer will be converted to "PROCESSED". 
If you click "NO",  the status of wafer will be not changed. 
	
#MSG=END	
#LINE=END	

@LINE	
STATUS	
GUI-100	
-1	
2021.07.29 18:11:56:109	
POST	
STOP	
	
