@LINE	
STATUS	
GUI-100	
-1	
2021.07.28 14:28:48:644	
POST	
START	
	
#LINE=START	
#TYPE=ALARM	
#LEVEL=LIGHT	
#MODULE=PM3	
#ID=1	
#TIME=2021.07.28 14:23:54:957	
#RESULT=POST	
#TITLE=DB_INF - Simulation mode is active !	
#MSG=START	
	
#MSG=END	
#LINE=END	

#LINE=START	
#TYPE=ALARM	
#LEVEL=LIGHT	
#MODULE=PM3	
#ID=10	
#TIME=2021.07.28 14:23:58:235	
#RESULT=POST	
#TITLE=PHY_IO__HEATER - HEATER SYSTEM : Chamber Not Closed. Heater Power Off !	
#MSG=START	
Heater Power was off. 
When Chamber's lid is not closed, heater power must be off. 
	
#MSG=END	
#LINE=END	

#LINE=START	
#TYPE=ALARM	
#LEVEL=LIGHT	
#MODULE=PM3	
#ID=89	
#TIME=2021.07.28 14:23:59:890	
#RESULT=POST	
#TITLE=FNC_STEP : The door of gas box is not closed !	
#MSG=START	
The current status of gas box's interlock sensor is "False". 

If chamber's status is "processing", process will be aborted. 
If chamber's status is "idle", chamber's status will be "maint". 
Please, check the status of gas box. 
	
#MSG=END	
#LINE=END	

#LINE=START	
#TYPE=ALARM	
#LEVEL=LIGHT	
#MODULE=PM3	
#ID=100	
#TIME=2021.07.28 14:23:59:960	
#RESULT=POST	
#TITLE=FNC_STEP : System interlock occurred !	
#MSG=START	
All RF Power <- Off 
All Gas Valve <- Close 
All Ballast Valve <- Close 

	
#MSG=END	
#LINE=END	

#LINE=START	
#TYPE=ALARM	
#LEVEL=LIGHT	
#MODULE=PM3	
#ID=4	
#TIME=2021.07.28 14:23:59:967	
#RESULT=POST	
#TITLE=PHY_APC_VLV - APC Valve can't control in no vacuum.	
#MSG=START	
Please, check vacuum sensor.
	
#MSG=END	
#LINE=END	

#LINE=START	
#TYPE=ALARM	
#LEVEL=LIGHT	
#MODULE=PM3	
#ID=4	
#TIME=2021.07.28 14:39:05:775	
#RESULT=CHECK	
#TITLE=PHY_APC_VLV - APC Valve can't control in no vacuum.	
#MSG=START	
Please, check vacuum sensor.
	
#MSG=END	
#LINE=END	

#LINE=START	
#TYPE=ALARM	
#LEVEL=LIGHT	
#MODULE=PM3	
#ID=100	
#TIME=2021.07.28 14:39:05:822	
#RESULT=CHECK	
#TITLE=FNC_STEP : System interlock occurred !	
#MSG=START	
All RF Power <- Off 
All Gas Valve <- Close 
All Ballast Valve <- Close 

	
#MSG=END	
#LINE=END	

#LINE=START	
#TYPE=ALARM	
#LEVEL=LIGHT	
#MODULE=PM3	
#ID=89	
#TIME=2021.07.28 14:39:05:853	
#RESULT=CHECK	
#TITLE=FNC_STEP : The door of gas box is not closed !	
#MSG=START	
The current status of gas box's interlock sensor is "False". 

If chamber's status is "processing", process will be aborted. 
If chamber's status is "idle", chamber's status will be "maint". 
Please, check the status of gas box. 
	
#MSG=END	
#LINE=END	

#LINE=START	
#TYPE=ALARM	
#LEVEL=LIGHT	
#MODULE=PM3	
#ID=10	
#TIME=2021.07.28 14:39:05:886	
#RESULT=CHECK	
#TITLE=PHY_IO__HEATER - HEATER SYSTEM : Chamber Not Closed. Heater Power Off !	
#MSG=START	
Heater Power was off. 
When Chamber's lid is not closed, heater power must be off. 
	
#MSG=END	
#LINE=END	

#LINE=START	
#TYPE=ALARM	
#LEVEL=LIGHT	
#MODULE=PM3	
#ID=1	
#TIME=2021.07.28 14:39:05:912	
#RESULT=CHECK	
#TITLE=DB_INF - Simulation mode is active !	
#MSG=START	
	
#MSG=END	
#LINE=END	

#LINE=START	
#TYPE=ALARM	
#LEVEL=LIGHT	
#MODULE=PM3	
#ID=1	
#TIME=2021.07.28 14:39:05:960	
#RESULT=POST	
#TITLE=DB_INF - Simulation mode is active !	
#MSG=START	
	
#MSG=END	
#LINE=END	

#LINE=START	
#TYPE=ALARM	
#LEVEL=LIGHT	
#MODULE=PM3	
#ID=16	
#TIME=2021.07.28 14:45:24:109	
#RESULT=POST	
#TITLE=FNC_PROC - Do you want to convert the status of wafer ? 
	
#MSG=START	
The lot ID of wafer is "". 
The port ID of wafer is "". 
The slot ID of wafer is "". 
The recipe name of wafer is "PRC\PMC_FULL_TEST". 

If you click "YES", the status of wafer will be converted to "PROCESSED". 
If you click "NO",  the status of wafer will be not changed. 
	
#MSG=END	
#LINE=END	

#LINE=START	
#TYPE=ALARM	
#LEVEL=LIGHT	
#MODULE=PM3	
#ID=16	
#TIME=2021.07.28 14:45:31:073	
#RESULT=NO	
#TITLE=FNC_PROC - Do you want to convert the status of wafer ? 
	
#MSG=START	
The lot ID of wafer is "". 
The port ID of wafer is "". 
The slot ID of wafer is "". 
The recipe name of wafer is "PRC\PMC_FULL_TEST". 

If you click "YES", the status of wafer will be converted to "PROCESSED". 
If you click "NO",  the status of wafer will be not changed. 
	
#MSG=END	
#LINE=END	

@LINE	
STATUS	
GUI-100	
-1	
2021.07.28 14:51:55:906	
POST	
STOP	
	
@LINE	
STATUS	
GUI-100	
-1	
2021.07.28 14:58:11:413	
POST	
START	
	
#LINE=START	
#TYPE=ALARM	
#LEVEL=LIGHT	
#MODULE=PM3	
#ID=1	
#TIME=2021.07.28 14:58:03:814	
#RESULT=POST	
#TITLE=DB_INF - Simulation mode is active !	
#MSG=START	
	
#MSG=END	
#LINE=END	

#LINE=START	
#TYPE=ALARM	
#LEVEL=LIGHT	
#MODULE=PM3	
#ID=10	
#TIME=2021.07.28 14:58:07:147	
#RESULT=POST	
#TITLE=PHY_IO__HEATER - HEATER SYSTEM : Chamber Not Closed. Heater Power Off !	
#MSG=START	
Heater Power was off. 
When Chamber's lid is not closed, heater power must be off. 
	
#MSG=END	
#LINE=END	

#LINE=START	
#TYPE=ALARM	
#LEVEL=LIGHT	
#MODULE=PM3	
#ID=89	
#TIME=2021.07.28 14:58:08:752	
#RESULT=POST	
#TITLE=FNC_STEP : The door of gas box is not closed !	
#MSG=START	
The current status of gas box's interlock sensor is "False". 

If chamber's status is "processing", process will be aborted. 
If chamber's status is "idle", chamber's status will be "maint". 
Please, check the status of gas box. 
	
#MSG=END	
#LINE=END	

#LINE=START	
#TYPE=ALARM	
#LEVEL=LIGHT	
#MODULE=PM3	
#ID=100	
#TIME=2021.07.28 14:58:08:802	
#RESULT=POST	
#TITLE=FNC_STEP : System interlock occurred !	
#MSG=START	
All RF Power <- Off 
All Gas Valve <- Close 
All Ballast Valve <- Close 

	
#MSG=END	
#LINE=END	

#LINE=START	
#TYPE=ALARM	
#LEVEL=LIGHT	
#MODULE=PM3	
#ID=4	
#TIME=2021.07.28 14:58:08:807	
#RESULT=POST	
#TITLE=PHY_APC_VLV - APC Valve can't control in no vacuum.	
#MSG=START	
Please, check vacuum sensor.
	
#MSG=END	
#LINE=END	

#LINE=START	
#TYPE=ALARM	
#LEVEL=LIGHT	
#MODULE=PM3	
#ID=4	
#TIME=2021.07.28 15:00:58:972	
#RESULT=CHECK	
#TITLE=PHY_APC_VLV - APC Valve can't control in no vacuum.	
#MSG=START	
Please, check vacuum sensor.
	
#MSG=END	
#LINE=END	

#LINE=START	
#TYPE=ALARM	
#LEVEL=LIGHT	
#MODULE=PM3	
#ID=100	
#TIME=2021.07.28 15:00:59:008	
#RESULT=CHECK	
#TITLE=FNC_STEP : System interlock occurred !	
#MSG=START	
All RF Power <- Off 
All Gas Valve <- Close 
All Ballast Valve <- Close 

	
#MSG=END	
#LINE=END	

#LINE=START	
#TYPE=ALARM	
#LEVEL=LIGHT	
#MODULE=PM3	
#ID=89	
#TIME=2021.07.28 15:00:59:042	
#RESULT=CHECK	
#TITLE=FNC_STEP : The door of gas box is not closed !	
#MSG=START	
The current status of gas box's interlock sensor is "False". 

If chamber's status is "processing", process will be aborted. 
If chamber's status is "idle", chamber's status will be "maint". 
Please, check the status of gas box. 
	
#MSG=END	
#LINE=END	

#LINE=START	
#TYPE=ALARM	
#LEVEL=LIGHT	
#MODULE=PM3	
#ID=10	
#TIME=2021.07.28 15:00:59:081	
#RESULT=CHECK	
#TITLE=PHY_IO__HEATER - HEATER SYSTEM : Chamber Not Closed. Heater Power Off !	
#MSG=START	
Heater Power was off. 
When Chamber's lid is not closed, heater power must be off. 
	
#MSG=END	
#LINE=END	

#LINE=START	
#TYPE=ALARM	
#LEVEL=LIGHT	
#MODULE=PM3	
#ID=1	
#TIME=2021.07.28 15:00:59:126	
#RESULT=CHECK	
#TITLE=DB_INF - Simulation mode is active !	
#MSG=START	
	
#MSG=END	
#LINE=END	

#LINE=START	
#TYPE=ALARM	
#LEVEL=LIGHT	
#MODULE=PM3	
#ID=1	
#TIME=2021.07.28 15:00:59:222	
#RESULT=POST	
#TITLE=DB_INF - Simulation mode is active !	
#MSG=START	
	
#MSG=END	
#LINE=END	

#LINE=START	
#TYPE=ALARM	
#LEVEL=LIGHT	
#MODULE=PM3	
#ID=16	
#TIME=2021.07.28 15:07:21:267	
#RESULT=POST	
#TITLE=FNC_PROC - Do you want to convert the status of wafer ? 
	
#MSG=START	
The lot ID of wafer is "". 
The port ID of wafer is "". 
The slot ID of wafer is "". 
The recipe name of wafer is "PRC\PMC_FULL_TEST". 

If you click "YES", the status of wafer will be converted to "PROCESSED". 
If you click "NO",  the status of wafer will be not changed. 
	
#MSG=END	
#LINE=END	

#LINE=START	
#TYPE=ALARM	
#LEVEL=LIGHT	
#MODULE=PM3	
#ID=16	
#TIME=2021.07.28 15:07:24:683	
#RESULT=NO	
#TITLE=FNC_PROC - Do you want to convert the status of wafer ? 
	
#MSG=START	
The lot ID of wafer is "". 
The port ID of wafer is "". 
The slot ID of wafer is "". 
The recipe name of wafer is "PRC\PMC_FULL_TEST". 

If you click "YES", the status of wafer will be converted to "PROCESSED". 
If you click "NO",  the status of wafer will be not changed. 
	
#MSG=END	
#LINE=END	

@LINE	
STATUS	
GUI-100	
-1	
2021.07.28 15:10:29:592	
POST	
STOP	
	
@LINE	
STATUS	
GUI-100	
-1	
2021.07.28 15:10:38:900	
POST	
START	
	
#LINE=START	
#TYPE=ALARM	
#LEVEL=LIGHT	
#MODULE=PM3	
#ID=1	
#TIME=2021.07.28 15:00:59:222	
#RESULT=POST	
#TITLE=DB_INF - Simulation mode is active !	
#MSG=START	
	
#MSG=END	
#LINE=END	

#LINE=START	
#TYPE=ALARM	
#LEVEL=LIGHT	
#MODULE=PM3	
#ID=16	
#TIME=2021.07.28 15:20:49:024	
#RESULT=POST	
#TITLE=FNC_PROC - Do you want to convert the status of wafer ? 
	
#MSG=START	
The lot ID of wafer is "". 
The port ID of wafer is "". 
The slot ID of wafer is "". 
The recipe name of wafer is "PRC\PMC_FULL_TEST". 

If you click "YES", the status of wafer will be converted to "PROCESSED". 
If you click "NO",  the status of wafer will be not changed. 
	
#MSG=END	
#LINE=END	

#LINE=START	
#TYPE=ALARM	
#LEVEL=LIGHT	
#MODULE=PM3	
#ID=16	
#TIME=2021.07.28 15:20:52:229	
#RESULT=YES	
#TITLE=FNC_PROC - Do you want to convert the status of wafer ? 
	
#MSG=START	
The lot ID of wafer is "". 
The port ID of wafer is "". 
The slot ID of wafer is "". 
The recipe name of wafer is "PRC\PMC_FULL_TEST". 

If you click "YES", the status of wafer will be converted to "PROCESSED". 
If you click "NO",  the status of wafer will be not changed. 
	
#MSG=END	
#LINE=END	

@LINE	
STATUS	
GUI-100	
-1	
2021.07.28 15:21:40:459	
POST	
STOP	
	
@LINE	
STATUS	
GUI-100	
-1	
2021.07.28 16:57:35:924	
POST	
START	
	
#LINE=START	
#TYPE=ALARM	
#LEVEL=LIGHT	
#MODULE=PM3	
#ID=1	
#TIME=2021.07.28 16:57:22:952	
#RESULT=POST	
#TITLE=DB_INF - Simulation mode is active !	
#MSG=START	
	
#MSG=END	
#LINE=END	

#LINE=START	
#TYPE=ALARM	
#LEVEL=LIGHT	
#MODULE=PM3	
#ID=10	
#TIME=2021.07.28 16:57:26:226	
#RESULT=POST	
#TITLE=PHY_IO__HEATER - HEATER SYSTEM : Chamber Not Closed. Heater Power Off !	
#MSG=START	
Heater Power was off. 
When Chamber's lid is not closed, heater power must be off. 
	
#MSG=END	
#LINE=END	

#LINE=START	
#TYPE=ALARM	
#LEVEL=LIGHT	
#MODULE=PM3	
#ID=89	
#TIME=2021.07.28 16:57:27:895	
#RESULT=POST	
#TITLE=FNC_STEP : The door of gas box is not closed !	
#MSG=START	
The current status of gas box's interlock sensor is "False". 

If chamber's status is "processing", process will be aborted. 
If chamber's status is "idle", chamber's status will be "maint". 
Please, check the status of gas box. 
	
#MSG=END	
#LINE=END	

#LINE=START	
#TYPE=ALARM	
#LEVEL=LIGHT	
#MODULE=PM3	
#ID=100	
#TIME=2021.07.28 16:57:27:945	
#RESULT=POST	
#TITLE=FNC_STEP : System interlock occurred !	
#MSG=START	
All RF Power <- Off 
All Gas Valve <- Close 
All Ballast Valve <- Close 

	
#MSG=END	
#LINE=END	

#LINE=START	
#TYPE=ALARM	
#LEVEL=LIGHT	
#MODULE=PM3	
#ID=4	
#TIME=2021.07.28 16:57:27:950	
#RESULT=POST	
#TITLE=PHY_APC_VLV - APC Valve can't control in no vacuum.	
#MSG=START	
Please, check vacuum sensor.
	
#MSG=END	
#LINE=END	

@LINE	
STATUS	
GUI-100	
-1	
2021.07.28 17:00:53:849	
POST	
STOP	
	
@LINE	
STATUS	
GUI-100	
-1	
2021.07.28 17:01:03:412	
POST	
START	
	
#LINE=START	
#TYPE=ALARM	
#LEVEL=LIGHT	
#MODULE=PM3	
#ID=1	
#TIME=2021.07.28 16:57:22:952	
#RESULT=POST	
#TITLE=DB_INF - Simulation mode is active !	
#MSG=START	
	
#MSG=END	
#LINE=END	

#LINE=START	
#TYPE=ALARM	
#LEVEL=LIGHT	
#MODULE=PM3	
#ID=10	
#TIME=2021.07.28 16:57:26:226	
#RESULT=POST	
#TITLE=PHY_IO__HEATER - HEATER SYSTEM : Chamber Not Closed. Heater Power Off !	
#MSG=START	
Heater Power was off. 
When Chamber's lid is not closed, heater power must be off. 
	
#MSG=END	
#LINE=END	

#LINE=START	
#TYPE=ALARM	
#LEVEL=LIGHT	
#MODULE=PM3	
#ID=89	
#TIME=2021.07.28 16:57:27:895	
#RESULT=POST	
#TITLE=FNC_STEP : The door of gas box is not closed !	
#MSG=START	
The current status of gas box's interlock sensor is "False". 

If chamber's status is "processing", process will be aborted. 
If chamber's status is "idle", chamber's status will be "maint". 
Please, check the status of gas box. 
	
#MSG=END	
#LINE=END	

#LINE=START	
#TYPE=ALARM	
#LEVEL=LIGHT	
#MODULE=PM3	
#ID=100	
#TIME=2021.07.28 16:57:27:945	
#RESULT=POST	
#TITLE=FNC_STEP : System interlock occurred !	
#MSG=START	
All RF Power <- Off 
All Gas Valve <- Close 
All Ballast Valve <- Close 

	
#MSG=END	
#LINE=END	

#LINE=START	
#TYPE=ALARM	
#LEVEL=LIGHT	
#MODULE=PM3	
#ID=4	
#TIME=2021.07.28 16:57:27:950	
#RESULT=POST	
#TITLE=PHY_APC_VLV - APC Valve can't control in no vacuum.	
#MSG=START	
Please, check vacuum sensor.
	
#MSG=END	
#LINE=END	

@LINE	
STATUS	
GUI-100	
-1	
2021.07.28 17:01:36:416	
POST	
STOP	
	
@LINE	
STATUS	
GUI-100	
-1	
2021.07.28 20:02:35:695	
POST	
START	
	
#LINE=START	
#TYPE=ALARM	
#LEVEL=LIGHT	
#MODULE=PM3	
#ID=1	
#TIME=2021.07.28 20:01:57:946	
#RESULT=POST	
#TITLE=DB_INF - Simulation mode is active !	
#MSG=START	
	
#MSG=END	
#LINE=END	

#LINE=START	
#TYPE=ALARM	
#LEVEL=LIGHT	
#MODULE=PM3	
#ID=10	
#TIME=2021.07.28 20:02:01:198	
#RESULT=POST	
#TITLE=PHY_IO__HEATER - HEATER SYSTEM : Chamber Not Closed. Heater Power Off !	
#MSG=START	
Heater Power was off. 
When Chamber's lid is not closed, heater power must be off. 
	
#MSG=END	
#LINE=END	

#LINE=START	
#TYPE=ALARM	
#LEVEL=LIGHT	
#MODULE=PM3	
#ID=89	
#TIME=2021.07.28 20:02:02:883	
#RESULT=POST	
#TITLE=FNC_STEP : The door of gas box is not closed !	
#MSG=START	
The current status of gas box's interlock sensor is "False". 

If chamber's status is "processing", process will be aborted. 
If chamber's status is "idle", chamber's status will be "maint". 
Please, check the status of gas box. 
	
#MSG=END	
#LINE=END	

#LINE=START	
#TYPE=ALARM	
#LEVEL=LIGHT	
#MODULE=PM3	
#ID=100	
#TIME=2021.07.28 20:02:02:943	
#RESULT=POST	
#TITLE=FNC_STEP : System interlock occurred !	
#MSG=START	
All RF Power <- Off 
All Gas Valve <- Close 
All Ballast Valve <- Close 

	
#MSG=END	
#LINE=END	

#LINE=START	
#TYPE=ALARM	
#LEVEL=LIGHT	
#MODULE=PM3	
#ID=4	
#TIME=2021.07.28 20:02:02:947	
#RESULT=POST	
#TITLE=PHY_APC_VLV - APC Valve can't control in no vacuum.	
#MSG=START	
Please, check vacuum sensor.
	
#MSG=END	
#LINE=END	

#LINE=START	
#TYPE=ALARM	
#LEVEL=LIGHT	
#MODULE=PM3	
#ID=4	
#TIME=2021.07.28 20:05:54:878	
#RESULT=CHECK	
#TITLE=PHY_APC_VLV - APC Valve can't control in no vacuum.	
#MSG=START	
Please, check vacuum sensor.
	
#MSG=END	
#LINE=END	

#LINE=START	
#TYPE=ALARM	
#LEVEL=LIGHT	
#MODULE=PM3	
#ID=100	
#TIME=2021.07.28 20:05:54:916	
#RESULT=CHECK	
#TITLE=FNC_STEP : System interlock occurred !	
#MSG=START	
All RF Power <- Off 
All Gas Valve <- Close 
All Ballast Valve <- Close 

	
#MSG=END	
#LINE=END	

#LINE=START	
#TYPE=ALARM	
#LEVEL=LIGHT	
#MODULE=PM3	
#ID=89	
#TIME=2021.07.28 20:05:54:949	
#RESULT=CHECK	
#TITLE=FNC_STEP : The door of gas box is not closed !	
#MSG=START	
The current status of gas box's interlock sensor is "False". 

If chamber's status is "processing", process will be aborted. 
If chamber's status is "idle", chamber's status will be "maint". 
Please, check the status of gas box. 
	
#MSG=END	
#LINE=END	

#LINE=START	
#TYPE=ALARM	
#LEVEL=LIGHT	
#MODULE=PM3	
#ID=10	
#TIME=2021.07.28 20:05:54:975	
#RESULT=CHECK	
#TITLE=PHY_IO__HEATER - HEATER SYSTEM : Chamber Not Closed. Heater Power Off !	
#MSG=START	
Heater Power was off. 
When Chamber's lid is not closed, heater power must be off. 
	
#MSG=END	
#LINE=END	

#LINE=START	
#TYPE=ALARM	
#LEVEL=LIGHT	
#MODULE=PM3	
#ID=1	
#TIME=2021.07.28 20:05:55:007	
#RESULT=CHECK	
#TITLE=DB_INF - Simulation mode is active !	
#MSG=START	
	
#MSG=END	
#LINE=END	

#LINE=START	
#TYPE=ALARM	
#LEVEL=LIGHT	
#MODULE=PM3	
#ID=1	
#TIME=2021.07.28 20:05:55:035	
#RESULT=POST	
#TITLE=DB_INF - Simulation mode is active !	
#MSG=START	
	
#MSG=END	
#LINE=END	

#LINE=START	
#TYPE=ALARM	
#LEVEL=LIGHT	
#MODULE=PM3	
#ID=16	
#TIME=2021.07.28 20:13:47:732	
#RESULT=POST	
#TITLE=FNC_PROC - Do you want to convert the status of wafer ? 
	
#MSG=START	
The lot ID of wafer is "". 
The port ID of wafer is "". 
The slot ID of wafer is "". 
The recipe name of wafer is "PRC\PMC_FULL_TEST". 

If you click "YES", the status of wafer will be converted to "PROCESSED". 
If you click "NO",  the status of wafer will be not changed. 
	
#MSG=END	
#LINE=END	

#LINE=START	
#TYPE=ALARM	
#LEVEL=LIGHT	
#MODULE=PM3	
#ID=16	
#TIME=2021.07.28 20:13:50:989	
#RESULT=NO	
#TITLE=FNC_PROC - Do you want to convert the status of wafer ? 
	
#MSG=START	
The lot ID of wafer is "". 
The port ID of wafer is "". 
The slot ID of wafer is "". 
The recipe name of wafer is "PRC\PMC_FULL_TEST". 

If you click "YES", the status of wafer will be converted to "PROCESSED". 
If you click "NO",  the status of wafer will be not changed. 
	
#MSG=END	
#LINE=END	

@LINE	
STATUS	
GUI-100	
-1	
2021.07.28 20:40:16:998	
POST	
STOP	
	
@LINE	
STATUS	
GUI-100	
-1	
2021.07.28 20:43:38:987	
POST	
START	
	
#LINE=START	
#TYPE=ALARM	
#LEVEL=LIGHT	
#MODULE=PM3	
#ID=1	
#TIME=2021.07.28 20:05:55:035	
#RESULT=POST	
#TITLE=DB_INF - Simulation mode is active !	
#MSG=START	
	
#MSG=END	
#LINE=END	

@LINE	
STATUS	
GUI-100	
-1	
2021.07.28 21:28:40:541	
POST	
STOP	
	
@LINE	
STATUS	
GUI-100	
-1	
2021.07.28 21:28:47:968	
POST	
START	
	
#LINE=START	
#TYPE=ALARM	
#LEVEL=LIGHT	
#MODULE=PM3	
#ID=1	
#TIME=2021.07.28 20:05:55:035	
#RESULT=POST	
#TITLE=DB_INF - Simulation mode is active !	
#MSG=START	
	
#MSG=END	
#LINE=END	

@LINE	
STATUS	
GUI-100	
-1	
2021.07.28 21:31:31:922	
POST	
STOP	
	
@LINE	
STATUS	
GUI-100	
-1	
2021.07.28 21:31:37:054	
POST	
START	
	
#LINE=START	
#TYPE=ALARM	
#LEVEL=LIGHT	
#MODULE=PM3	
#ID=1	
#TIME=2021.07.28 20:05:55:035	
#RESULT=POST	
#TITLE=DB_INF - Simulation mode is active !	
#MSG=START	
	
#MSG=END	
#LINE=END	

@LINE	
STATUS	
GUI-100	
-1	
2021.07.28 21:33:46:028	
POST	
STOP	
	
@LINE	
STATUS	
GUI-100	
-1	
2021.07.28 21:33:53:780	
POST	
START	
	
#LINE=START	
#TYPE=ALARM	
#LEVEL=LIGHT	
#MODULE=PM3	
#ID=1	
#TIME=2021.07.28 20:05:55:035	
#RESULT=POST	
#TITLE=DB_INF - Simulation mode is active !	
#MSG=START	
	
#MSG=END	
#LINE=END	

@LINE	
STATUS	
GUI-100	
-1	
2021.07.28 21:47:21:301	
POST	
STOP	
	
@LINE	
STATUS	
GUI-100	
-1	
2021.07.28 21:48:01:573	
POST	
START	
	
#LINE=START	
#TYPE=ALARM	
#LEVEL=LIGHT	
#MODULE=PM3	
#ID=1	
#TIME=2021.07.28 20:05:55:035	
#RESULT=POST	
#TITLE=DB_INF - Simulation mode is active !	
#MSG=START	
	
#MSG=END	
#LINE=END	

@LINE	
STATUS	
GUI-100	
-1	
2021.07.28 21:51:06:905	
POST	
STOP	
	
@LINE	
STATUS	
GUI-100	
-1	
2021.07.28 21:51:15:087	
POST	
START	
	
#LINE=START	
#TYPE=ALARM	
#LEVEL=LIGHT	
#MODULE=PM3	
#ID=1	
#TIME=2021.07.28 20:05:55:035	
#RESULT=POST	
#TITLE=DB_INF - Simulation mode is active !	
#MSG=START	
	
#MSG=END	
#LINE=END	

#LINE=START	
#TYPE=ALARM	
#LEVEL=LIGHT	
#MODULE=PM3	
#ID=1	
#TIME=2021.07.28 23:08:29:015	
#RESULT=POST	
#TITLE=DB_INF - Simulation mode is active !	
#MSG=START	
	
#MSG=END	
#LINE=END	

#LINE=START	
#TYPE=ALARM	
#LEVEL=LIGHT	
#MODULE=PM3	
#ID=10	
#TIME=2021.07.28 23:08:32:241	
#RESULT=POST	
#TITLE=PHY_IO__HEATER - HEATER SYSTEM : Chamber Not Closed. Heater Power Off !	
#MSG=START	
Heater Power was off. 
When Chamber's lid is not closed, heater power must be off. 
	
#MSG=END	
#LINE=END	

#LINE=START	
#TYPE=ALARM	
#LEVEL=LIGHT	
#MODULE=PM3	
#ID=89	
#TIME=2021.07.28 23:08:33:977	
#RESULT=POST	
#TITLE=FNC_STEP : The door of gas box is not closed !	
#MSG=START	
The current status of gas box's interlock sensor is "False". 

If chamber's status is "processing", process will be aborted. 
If chamber's status is "idle", chamber's status will be "maint". 
Please, check the status of gas box. 
	
#MSG=END	
#LINE=END	

#LINE=START	
#TYPE=ALARM	
#LEVEL=LIGHT	
#MODULE=PM3	
#ID=100	
#TIME=2021.07.28 23:08:34:006	
#RESULT=POST	
#TITLE=FNC_STEP : System interlock occurred !	
#MSG=START	
All RF Power <- Off 
All Gas Valve <- Close 
All Ballast Valve <- Close 

	
#MSG=END	
#LINE=END	

#LINE=START	
#TYPE=ALARM	
#LEVEL=LIGHT	
#MODULE=PM3	
#ID=4	
#TIME=2021.07.28 23:08:34:012	
#RESULT=POST	
#TITLE=PHY_APC_VLV - APC Valve can't control in no vacuum.	
#MSG=START	
Please, check vacuum sensor.
	
#MSG=END	
#LINE=END	

