@LINE	
STATUS	
GUI-100	
-1	
2021.06.16 03:10:51:489	
POST	
START	
	
#LINE=START	
#TYPE=ALARM	
#LEVEL=LIGHT	
#MODULE=PM1	
#ID=1	
#TIME=2021.06.16 03:10:40:925	
#RESULT=POST	
#TITLE=DB_SYS - Simulation mode is active !	
#MSG=START	
	
#MSG=END	
#LINE=END	

@LINE	
STATUS	
GUI-100	
-1	
2021.06.16 03:14:54:042	
POST	
STOP	
	
@LINE	
STATUS	
GUI-100	
-1	
2021.06.16 10:03:37:361	
POST	
START	
	
#LINE=START	
#TYPE=ALARM	
#LEVEL=HEAVY	
#MODULE=CTC	
#ID=101	
#TIME=2021.06.16 10:02:11:554	
#RESULT=POST	
#TITLE=DB_CFG - Simulation mode is active !	
#MSG=START	
	
#MSG=END	
#LINE=END	

#LINE=START	
#TYPE=ALARM	
#LEVEL=WARNING	
#MODULE=CTC	
#ID=102	
#TIME=2021.06.16 10:02:11:554	
#RESULT=POST	
#TITLE=DB_CFG - TMC-Dummy mode is active !	
#MSG=START	
 * "DB_CFG+SCH_TEST.CFG.TMC_DUMMY_BY_CTC" <- "YES" 

	
#MSG=END	
#LINE=END	

#LINE=START	
#TYPE=ALARM	
#LEVEL=LIGHT	
#MODULE=CTC	
#ID=111	
#TIME=2021.06.16 10:02:11:554	
#RESULT=POST	
#TITLE=DB_CFG - PM1-Dummy mode is active !	
#MSG=START	
 * "DB_CFG+SCH_TEST.CFG.PM1_DUMMY_BY_CTC" <- "YES" 

	
#MSG=END	
#LINE=END	

#LINE=START	
#TYPE=ALARM	
#LEVEL=LIGHT	
#MODULE=CTC	
#ID=112	
#TIME=2021.06.16 10:02:11:554	
#RESULT=POST	
#TITLE=DB_CFG - PM2-Dummy mode is active !	
#MSG=START	
 * "DB_CFG+SCH_TEST.CFG.PM2_DUMMY_BY_CTC" <- "YES" 

	
#MSG=END	
#LINE=END	

#LINE=START	
#TYPE=ALARM	
#LEVEL=LIGHT	
#MODULE=CTC	
#ID=113	
#TIME=2021.06.16 10:02:11:554	
#RESULT=POST	
#TITLE=DB_CFG - PM3-Dummy mode is active !	
#MSG=START	
 * "DB_CFG+SCH_TEST.CFG.PM3_DUMMY_BY_CTC" <- "YES" 

	
#MSG=END	
#LINE=END	

#LINE=START	
#TYPE=ALARM	
#LEVEL=LIGHT	
#MODULE=CTC	
#ID=114	
#TIME=2021.06.16 10:02:11:554	
#RESULT=POST	
#TITLE=DB_CFG - PM4-Dummy mode is active !	
#MSG=START	
 * "DB_CFG+SCH_TEST.CFG.PM4_DUMMY_BY_CTC" <- "YES" 

	
#MSG=END	
#LINE=END	

@LINE	
STATUS	
GUI-100	
-1	
2021.06.16 10:09:49:867	
POST	
STOP	
	
@LINE	
STATUS	
GUI-100	
-1	
2021.06.16 10:09:56:157	
POST	
START	
	
#LINE=START	
#TYPE=ALARM	
#LEVEL=HEAVY	
#MODULE=CTC	
#ID=101	
#TIME=2021.06.16 10:02:11:554	
#RESULT=POST	
#TITLE=DB_CFG - Simulation mode is active !	
#MSG=START	
	
#MSG=END	
#LINE=END	

#LINE=START	
#TYPE=ALARM	
#LEVEL=WARNING	
#MODULE=CTC	
#ID=102	
#TIME=2021.06.16 10:02:11:554	
#RESULT=POST	
#TITLE=DB_CFG - TMC-Dummy mode is active !	
#MSG=START	
 * "DB_CFG+SCH_TEST.CFG.TMC_DUMMY_BY_CTC" <- "YES" 

	
#MSG=END	
#LINE=END	

#LINE=START	
#TYPE=ALARM	
#LEVEL=LIGHT	
#MODULE=CTC	
#ID=111	
#TIME=2021.06.16 10:02:11:554	
#RESULT=POST	
#TITLE=DB_CFG - PM1-Dummy mode is active !	
#MSG=START	
 * "DB_CFG+SCH_TEST.CFG.PM1_DUMMY_BY_CTC" <- "YES" 

	
#MSG=END	
#LINE=END	

#LINE=START	
#TYPE=ALARM	
#LEVEL=LIGHT	
#MODULE=CTC	
#ID=112	
#TIME=2021.06.16 10:02:11:554	
#RESULT=POST	
#TITLE=DB_CFG - PM2-Dummy mode is active !	
#MSG=START	
 * "DB_CFG+SCH_TEST.CFG.PM2_DUMMY_BY_CTC" <- "YES" 

	
#MSG=END	
#LINE=END	

#LINE=START	
#TYPE=ALARM	
#LEVEL=LIGHT	
#MODULE=CTC	
#ID=113	
#TIME=2021.06.16 10:02:11:554	
#RESULT=POST	
#TITLE=DB_CFG - PM3-Dummy mode is active !	
#MSG=START	
 * "DB_CFG+SCH_TEST.CFG.PM3_DUMMY_BY_CTC" <- "YES" 

	
#MSG=END	
#LINE=END	

#LINE=START	
#TYPE=ALARM	
#LEVEL=LIGHT	
#MODULE=CTC	
#ID=114	
#TIME=2021.06.16 10:02:11:554	
#RESULT=POST	
#TITLE=DB_CFG - PM4-Dummy mode is active !	
#MSG=START	
 * "DB_CFG+SCH_TEST.CFG.PM4_DUMMY_BY_CTC" <- "YES" 

	
#MSG=END	
#LINE=END	

@LINE	
STATUS	
GUI-100	
-1	
2021.06.16 10:14:43:247	
POST	
STOP	
	
@LINE	
STATUS	
GUI-100	
-1	
2021.06.16 10:14:53:078	
POST	
START	
	
#LINE=START	
#TYPE=ALARM	
#LEVEL=HEAVY	
#MODULE=CTC	
#ID=101	
#TIME=2021.06.16 10:02:11:554	
#RESULT=POST	
#TITLE=DB_CFG - Simulation mode is active !	
#MSG=START	
	
#MSG=END	
#LINE=END	

#LINE=START	
#TYPE=ALARM	
#LEVEL=WARNING	
#MODULE=CTC	
#ID=102	
#TIME=2021.06.16 10:02:11:554	
#RESULT=POST	
#TITLE=DB_CFG - TMC-Dummy mode is active !	
#MSG=START	
 * "DB_CFG+SCH_TEST.CFG.TMC_DUMMY_BY_CTC" <- "YES" 

	
#MSG=END	
#LINE=END	

#LINE=START	
#TYPE=ALARM	
#LEVEL=LIGHT	
#MODULE=CTC	
#ID=111	
#TIME=2021.06.16 10:02:11:554	
#RESULT=POST	
#TITLE=DB_CFG - PM1-Dummy mode is active !	
#MSG=START	
 * "DB_CFG+SCH_TEST.CFG.PM1_DUMMY_BY_CTC" <- "YES" 

	
#MSG=END	
#LINE=END	

#LINE=START	
#TYPE=ALARM	
#LEVEL=LIGHT	
#MODULE=CTC	
#ID=112	
#TIME=2021.06.16 10:02:11:554	
#RESULT=POST	
#TITLE=DB_CFG - PM2-Dummy mode is active !	
#MSG=START	
 * "DB_CFG+SCH_TEST.CFG.PM2_DUMMY_BY_CTC" <- "YES" 

	
#MSG=END	
#LINE=END	

#LINE=START	
#TYPE=ALARM	
#LEVEL=LIGHT	
#MODULE=CTC	
#ID=113	
#TIME=2021.06.16 10:02:11:554	
#RESULT=POST	
#TITLE=DB_CFG - PM3-Dummy mode is active !	
#MSG=START	
 * "DB_CFG+SCH_TEST.CFG.PM3_DUMMY_BY_CTC" <- "YES" 

	
#MSG=END	
#LINE=END	

#LINE=START	
#TYPE=ALARM	
#LEVEL=LIGHT	
#MODULE=CTC	
#ID=114	
#TIME=2021.06.16 10:02:11:554	
#RESULT=POST	
#TITLE=DB_CFG - PM4-Dummy mode is active !	
#MSG=START	
 * "DB_CFG+SCH_TEST.CFG.PM4_DUMMY_BY_CTC" <- "YES" 

	
#MSG=END	
#LINE=END	

@LINE	
STATUS	
GUI-100	
-1	
2021.06.16 10:36:46:319	
POST	
STOP	
	
@LINE	
STATUS	
GUI-100	
-1	
2021.06.16 12:02:25:042	
POST	
START	
	
@LINE	
STATUS	
GUI-100	
-1	
2021.06.16 12:02:56:371	
POST	
STOP	
	
@LINE	
STATUS	
GUI-100	
-1	
2021.06.16 12:03:11:593	
POST	
START	
	
#LINE=START	
#TYPE=ALARM	
#LEVEL=LIGHT	
#MODULE=PM1	
#ID=401	
#TIME=2021.06.16 12:00:24:753	
#RESULT=POST	
#TITLE=DB_SYS - Simulation mode is active !	
#MSG=START	
	
#MSG=END	
#LINE=END	

@LINE	
STATUS	
GUI-100	
-1	
2021.06.16 12:06:06:041	
POST	
STOP	
	
@LINE	
STATUS	
GUI-100	
-1	
2021.06.16 12:12:15:661	
POST	
START	
	
@LINE	
STATUS	
GUI-100	
-1	
2021.06.16 12:13:20:359	
POST	
START	
	
#LINE=START	
#TYPE=ALARM	
#LEVEL=LIGHT	
#MODULE=PM4	
#ID=401	
#TIME=2021.06.16 12:11:07:020	
#RESULT=POST	
#TITLE=DB_SYS - Simulation mode is active !	
#MSG=START	
	
#MSG=END	
#LINE=END	

@LINE	
STATUS	
GUI-100	
-1	
2021.06.16 17:45:30:813	
POST	
STOP	
	
