@LINE	
STATUS	
GUI-100	
-1	
2021.11.19 09:18:34:275	
POST	
START	
	
#LINE=START	
#TYPE=ALARM	
#LEVEL=LIGHT	
#MODULE=PM3	
#ID=1	
#TIME=2021.11.19 09:18:20:695	
#RESULT=POST	
#TITLE=DB_INF - Simulation mode is active !	
#MSG=START	
	
#MSG=END	
#LINE=END	

#LINE=START	
#TYPE=ALARM	
#LEVEL=LIGHT	
#MODULE=PM3	
#ID=10	
#TIME=2021.11.19 09:18:23:955	
#RESULT=POST	
#TITLE=PHY_IO__HEATER - HEATER SYSTEM : Chamber Not Closed. Heater Power Off !	
#MSG=START	
Heater Power was off. 
When Chamber's lid is not closed, heater power must be off. 
	
#MSG=END	
#LINE=END	

#LINE=START	
#TYPE=ALARM	
#LEVEL=LIGHT	
#MODULE=PM3	
#ID=89	
#TIME=2021.11.19 09:18:25:647	
#RESULT=POST	
#TITLE=FNC_STEP : The door of gas box is not closed !	
#MSG=START	
The current status of gas box's interlock sensor is "False". 

If chamber's status is "processing", process will be aborted. 
If chamber's status is "idle", chamber's status will be "maint". 
Please, check the status of gas box. 
	
#MSG=END	
#LINE=END	

#LINE=START	
#TYPE=ALARM	
#LEVEL=LIGHT	
#MODULE=PM3	
#ID=100	
#TIME=2021.11.19 09:18:25:687	
#RESULT=POST	
#TITLE=FNC_STEP : System interlock occurred !	
#MSG=START	
All RF Power <- Off 
All Gas Valve <- Close 
All Ballast Valve <- Close 

	
#MSG=END	
#LINE=END	

#LINE=START	
#TYPE=ALARM	
#LEVEL=LIGHT	
#MODULE=PM3	
#ID=4	
#TIME=2021.11.19 09:18:25:728	
#RESULT=POST	
#TITLE=PHY_APC_VLV - APC Valve can't control in no vacuum.	
#MSG=START	
Please, check vacuum sensor.
	
#MSG=END	
#LINE=END	

@LINE	
STATUS	
GUI-100	
-1	
2021.11.19 09:55:55:625	
POST	
STOP	
	
@LINE	
STATUS	
GUI-100	
-1	
2021.11.19 13:44:44:152	
POST	
START	
	
@LINE	
STATUS	
GUI-100	
-1	
2021.11.19 13:45:27:650	
POST	
STOP	
	
@LINE	
STATUS	
GUI-100	
-1	
2021.11.19 13:45:34:015	
POST	
START	
	
@LINE	
STATUS	
GUI-100	
-1	
2021.11.19 13:45:56:472	
POST	
START	
	
#LINE=START	
#TYPE=ALARM	
#LEVEL=LIGHT	
#MODULE=TMC	
#ID=42	
#TIME=2021.11.19 13:53:08:876	
#RESULT=POST	
#TITLE=PHY_IO__LP1 - Command Timeout.	
#MSG=START	
Command Timeout VAC_ON, Please Check H/W DeviceNet I/O Input status
After Command Send, Result Can't Receive.
	
#MSG=END	
#LINE=END	

#LINE=START	
#TYPE=ALARM	
#LEVEL=LIGHT	
#MODULE=TMC	
#ID=42	
#TIME=2021.11.19 13:53:22:375	
#RESULT=ABORT	
#TITLE=PHY_IO__LP1 - Command Timeout.	
#MSG=START	
Command Timeout VAC_ON, Please Check H/W DeviceNet I/O Input status
After Command Send, Result Can't Receive.
	
#MSG=END	
#LINE=END	

#LINE=START	
#TYPE=ALARM	
#LEVEL=LIGHT	
#MODULE=TMC	
#ID=45	
#TIME=2021.11.19 13:56:31:048	
#RESULT=POST	
#TITLE=PHY_IO__LP1 - LP PADDLE UP/DN... PADDLE SENSOR NOT EXT STATUS ALARM.	
#MSG=START	
Before LP Paddle Up/Down Action, Paddle Not Extend Status.
Please, Check Paddle Extend Status !
	
#MSG=END	
#LINE=END	

#LINE=START	
#TYPE=ALARM	
#LEVEL=LIGHT	
#MODULE=TMC	
#ID=45	
#TIME=2021.11.19 13:56:39:006	
#RESULT=ABORT	
#TITLE=PHY_IO__LP1 - LP PADDLE UP/DN... PADDLE SENSOR NOT EXT STATUS ALARM.	
#MSG=START	
Before LP Paddle Up/Down Action, Paddle Not Extend Status.
Please, Check Paddle Extend Status !
	
#MSG=END	
#LINE=END	

#LINE=START	
#TYPE=ALARM	
#LEVEL=LIGHT	
#MODULE=TMC	
#ID=45	
#TIME=2021.11.19 13:56:41:809	
#RESULT=POST	
#TITLE=PHY_IO__LP1 - LP PADDLE UP/DN... PADDLE SENSOR NOT EXT STATUS ALARM.	
#MSG=START	
Before LP Paddle Up/Down Action, Paddle Not Extend Status.
Please, Check Paddle Extend Status !
	
#MSG=END	
#LINE=END	

#LINE=START	
#TYPE=ALARM	
#LEVEL=LIGHT	
#MODULE=TMC	
#ID=45	
#TIME=2021.11.19 13:56:49:195	
#RESULT=ABORT	
#TITLE=PHY_IO__LP1 - LP PADDLE UP/DN... PADDLE SENSOR NOT EXT STATUS ALARM.	
#MSG=START	
Before LP Paddle Up/Down Action, Paddle Not Extend Status.
Please, Check Paddle Extend Status !
	
#MSG=END	
#LINE=END	

@LINE	
STATUS	
GUI-100	
-1	
2021.11.19 14:41:05:678	
POST	
STOP	
	
@LINE	
STATUS	
GUI-100	
-1	
2021.11.19 14:44:13:739	
POST	
START	
	
#LINE=START	
#TYPE=ALARM	
#LEVEL=LIGHT	
#MODULE=TMC	
#ID=0	
#TIME=2021.11.19 14:44:11:077	
#RESULT=POST	
#TITLE=__SYS - SYSTEM ERROR	
#MSG=START	
Error Type    :  DIGITAL_DESCRIPTOR
Error Title   :  PHY_IO__LP1+INR.dCFG.UNLOADCLAMP.OPT : DIGITAL DESCRIPTOR ERROR !
Error Message
The item (Type2) does not exist.
	ITEM LIST
		AUTO
		BUTTON


	
#MSG=END	
#LINE=END	

@LINE	
STATUS	
GUI-100	
-1	
2021.11.19 14:44:50:487	
POST	
STOP	
	
@LINE	
STATUS	
GUI-100	
-1	
2021.11.19 14:45:30:117	
POST	
START	
	
#LINE=START	
#TYPE=ALARM	
#LEVEL=LIGHT	
#MODULE=TMC	
#ID=0	
#TIME=2021.11.19 14:44:11:077	
#RESULT=POST	
#TITLE=__SYS - SYSTEM ERROR	
#MSG=START	
Error Type    :  DIGITAL_DESCRIPTOR
Error Title   :  PHY_IO__LP1+INR.dCFG.UNLOADCLAMP.OPT : DIGITAL DESCRIPTOR ERROR !
Error Message
The item (Type2) does not exist.
	ITEM LIST
		AUTO
		BUTTON


	
#MSG=END	
#LINE=END	

@LINE	
STATUS	
GUI-100	
-1	
2021.11.19 14:47:36:700	
POST	
STOP	
	
@LINE	
STATUS	
GUI-100	
-1	
2021.11.19 19:56:45:006	
POST	
START	
	
#LINE=START	
#TYPE=ALARM	
#LEVEL=LIGHT	
#MODULE=TMC	
#ID=2	
#TIME=2021.11.19 19:56:37:070	
#RESULT=POST	
#TITLE=DB_CFG - Simulation mode is active !	
#MSG=START	
	
#MSG=END	
#LINE=END	

#LINE=START	
#TYPE=ALARM	
#LEVEL=LIGHT	
#MODULE=TMC	
#ID=3	
#TIME=2021.11.19 19:56:37:070	
#RESULT=POST	
#TITLE=DB_CFG - PMC-Dummy mode is active !	
#MSG=START	
 * "DB_CFG+SCH_TEST.CFG.PMC_DUMMY_BY_CTC" <- "YES" 

	
#MSG=END	
#LINE=END	

#LINE=START	
#TYPE=ALARM	
#LEVEL=LIGHT	
#MODULE=TMC	
#ID=2	
#TIME=2021.11.19 20:08:45:421	
#RESULT=POST	
#TITLE=DB_CFG - Simulation mode is active !	
#MSG=START	
	
#MSG=END	
#LINE=END	

#LINE=START	
#TYPE=ALARM	
#LEVEL=LIGHT	
#MODULE=TMC	
#ID=3	
#TIME=2021.11.19 20:08:45:421	
#RESULT=POST	
#TITLE=DB_CFG - PMC-Dummy mode is active !	
#MSG=START	
 * "DB_CFG+SCH_TEST.CFG.PMC_DUMMY_BY_CTC" <- "YES" 

	
#MSG=END	
#LINE=END	

#LINE=START	
#TYPE=ALARM	
#LEVEL=LIGHT	
#MODULE=TMC	
#ID=2	
#TIME=2021.11.19 20:21:24:476	
#RESULT=POST	
#TITLE=DB_CFG - Simulation mode is active !	
#MSG=START	
	
#MSG=END	
#LINE=END	

#LINE=START	
#TYPE=ALARM	
#LEVEL=LIGHT	
#MODULE=TMC	
#ID=3	
#TIME=2021.11.19 20:21:24:477	
#RESULT=POST	
#TITLE=DB_CFG - PMC-Dummy mode is active !	
#MSG=START	
 * "DB_CFG+SCH_TEST.CFG.PMC_DUMMY_BY_CTC" <- "YES" 

	
#MSG=END	
#LINE=END	

#LINE=START	
#TYPE=ALARM	
#LEVEL=LIGHT	
#MODULE=TMC	
#ID=0	
#TIME=2021.11.19 20:21:26:343	
#RESULT=POST	
#TITLE=__SYS - SYSTEM ERROR	
#MSG=START	
Error Type    :  DIGITAL_DESCRIPTOR
Error Title   :  PHY_IO__LP2+INR.dCFG.UNLOADCLAMP.OPT : DIGITAL DESCRIPTOR ERROR !
Error Message
The item (Type2) does not exist.
	ITEM LIST
		AUTO
		BUTTON


	
#MSG=END	
#LINE=END	

@LINE	
STATUS	
GUI-100	
-1	
2021.11.19 21:02:35:513	
POST	
STOP	
	
@LINE	
STATUS	
GUI-100	
-1	
2021.11.19 21:09:34:252	
POST	
START	
	
#LINE=START	
#TYPE=ALARM	
#LEVEL=LIGHT	
#MODULE=TMC	
#ID=2	
#TIME=2021.11.19 20:21:24:476	
#RESULT=POST	
#TITLE=DB_CFG - Simulation mode is active !	
#MSG=START	
	
#MSG=END	
#LINE=END	

#LINE=START	
#TYPE=ALARM	
#LEVEL=LIGHT	
#MODULE=TMC	
#ID=3	
#TIME=2021.11.19 20:21:24:477	
#RESULT=POST	
#TITLE=DB_CFG - PMC-Dummy mode is active !	
#MSG=START	
 * "DB_CFG+SCH_TEST.CFG.PMC_DUMMY_BY_CTC" <- "YES" 

	
#MSG=END	
#LINE=END	

#LINE=START	
#TYPE=ALARM	
#LEVEL=LIGHT	
#MODULE=TMC	
#ID=0	
#TIME=2021.11.19 20:21:26:343	
#RESULT=POST	
#TITLE=__SYS - SYSTEM ERROR	
#MSG=START	
Error Type    :  DIGITAL_DESCRIPTOR
Error Title   :  PHY_IO__LP2+INR.dCFG.UNLOADCLAMP.OPT : DIGITAL DESCRIPTOR ERROR !
Error Message
The item (Type2) does not exist.
	ITEM LIST
		AUTO
		BUTTON


	
#MSG=END	
#LINE=END	

@LINE	
STATUS	
GUI-100	
-1	
2021.11.19 21:29:43:516	
POST	
STOP	
	
@LINE	
STATUS	
GUI-100	
-1	
2021.11.19 21:29:50:350	
POST	
START	
	
#LINE=START	
#TYPE=ALARM	
#LEVEL=LIGHT	
#MODULE=TMC	
#ID=2	
#TIME=2021.11.19 20:21:24:476	
#RESULT=POST	
#TITLE=DB_CFG - Simulation mode is active !	
#MSG=START	
	
#MSG=END	
#LINE=END	

#LINE=START	
#TYPE=ALARM	
#LEVEL=LIGHT	
#MODULE=TMC	
#ID=3	
#TIME=2021.11.19 20:21:24:477	
#RESULT=POST	
#TITLE=DB_CFG - PMC-Dummy mode is active !	
#MSG=START	
 * "DB_CFG+SCH_TEST.CFG.PMC_DUMMY_BY_CTC" <- "YES" 

	
#MSG=END	
#LINE=END	

#LINE=START	
#TYPE=ALARM	
#LEVEL=LIGHT	
#MODULE=TMC	
#ID=0	
#TIME=2021.11.19 20:21:26:343	
#RESULT=POST	
#TITLE=__SYS - SYSTEM ERROR	
#MSG=START	
Error Type    :  DIGITAL_DESCRIPTOR
Error Title   :  PHY_IO__LP2+INR.dCFG.UNLOADCLAMP.OPT : DIGITAL DESCRIPTOR ERROR !
Error Message
The item (Type2) does not exist.
	ITEM LIST
		AUTO
		BUTTON


	
#MSG=END	
#LINE=END	

#LINE=START	
#TYPE=ALARM	
#LEVEL=LIGHT	
#MODULE=TMC	
#ID=2	
#TIME=2021.11.19 21:59:47:644	
#RESULT=POST	
#TITLE=DB_CFG - Simulation mode is active !	
#MSG=START	
	
#MSG=END	
#LINE=END	

#LINE=START	
#TYPE=ALARM	
#LEVEL=LIGHT	
#MODULE=TMC	
#ID=3	
#TIME=2021.11.19 21:59:47:644	
#RESULT=POST	
#TITLE=DB_CFG - PMC-Dummy mode is active !	
#MSG=START	
 * "DB_CFG+SCH_TEST.CFG.PMC_DUMMY_BY_CTC" <- "YES" 

	
#MSG=END	
#LINE=END	

#LINE=START	
#TYPE=ALARM	
#LEVEL=LIGHT	
#MODULE=TMC	
#ID=2	
#TIME=2021.11.19 22:44:48:765	
#RESULT=POST	
#TITLE=DB_CFG - Simulation mode is active !	
#MSG=START	
	
#MSG=END	
#LINE=END	

#LINE=START	
#TYPE=ALARM	
#LEVEL=LIGHT	
#MODULE=TMC	
#ID=3	
#TIME=2021.11.19 22:44:48:765	
#RESULT=POST	
#TITLE=DB_CFG - PMC-Dummy mode is active !	
#MSG=START	
 * "DB_CFG+SCH_TEST.CFG.PMC_DUMMY_BY_CTC" <- "YES" 

	
#MSG=END	
#LINE=END	

@LINE	
STATUS	
GUI-100	
-1	
2021.11.19 22:59:11:586	
POST	
STOP	
	
@LINE	
STATUS	
GUI-100	
-1	
2021.11.19 23:14:49:266	
POST	
START	
	
#LINE=START	
#TYPE=ALARM	
#LEVEL=LIGHT	
#MODULE=TMC	
#ID=2	
#TIME=2021.11.19 23:14:28:186	
#RESULT=POST	
#TITLE=DB_CFG - Simulation mode is active !	
#MSG=START	
	
#MSG=END	
#LINE=END	

#LINE=START	
#TYPE=ALARM	
#LEVEL=LIGHT	
#MODULE=TMC	
#ID=3	
#TIME=2021.11.19 23:14:28:186	
#RESULT=POST	
#TITLE=DB_CFG - PMC-Dummy mode is active !	
#MSG=START	
 * "DB_CFG+SCH_TEST.CFG.PMC_DUMMY_BY_CTC" <- "YES" 

	
#MSG=END	
#LINE=END	

#LINE=START	
#TYPE=ALARM	
#LEVEL=LIGHT	
#MODULE=TMC	
#ID=2	
#TIME=2021.11.19 23:37:26:288	
#RESULT=POST	
#TITLE=DB_CFG - Simulation mode is active !	
#MSG=START	
	
#MSG=END	
#LINE=END	

#LINE=START	
#TYPE=ALARM	
#LEVEL=LIGHT	
#MODULE=TMC	
#ID=3	
#TIME=2021.11.19 23:37:26:288	
#RESULT=POST	
#TITLE=DB_CFG - PMC-Dummy mode is active !	
#MSG=START	
 * "DB_CFG+SCH_TEST.CFG.PMC_DUMMY_BY_CTC" <- "YES" 

	
#MSG=END	
#LINE=END	

@LINE	
STATUS	
GUI-100	
-1	
2021.11.19 23:44:50:180	
POST	
STOP	
	
@LINE	
STATUS	
GUI-100	
-1	
2021.11.19 23:46:21:619	
POST	
START	
	
#LINE=START	
#TYPE=ALARM	
#LEVEL=LIGHT	
#MODULE=TMC	
#ID=2	
#TIME=2021.11.19 23:37:26:288	
#RESULT=POST	
#TITLE=DB_CFG - Simulation mode is active !	
#MSG=START	
	
#MSG=END	
#LINE=END	

#LINE=START	
#TYPE=ALARM	
#LEVEL=LIGHT	
#MODULE=TMC	
#ID=3	
#TIME=2021.11.19 23:37:26:288	
#RESULT=POST	
#TITLE=DB_CFG - PMC-Dummy mode is active !	
#MSG=START	
 * "DB_CFG+SCH_TEST.CFG.PMC_DUMMY_BY_CTC" <- "YES" 

	
#MSG=END	
#LINE=END	

