@LINE	
STATUS	
GUI-100	
-1	
2021.08.20 00:59:41:186	
POST	
START	
	
#LINE=START	
#TYPE=ALARM	
#LEVEL=LIGHT	
#MODULE=TMC	
#ID=2	
#TIME=2021.08.20 00:59:23:772	
#RESULT=POST	
#TITLE=DB_CFG - Simulation mode is active !	
#MSG=START	
	
#MSG=END	
#LINE=END	

#LINE=START	
#TYPE=ALARM	
#LEVEL=LIGHT	
#MODULE=TMC	
#ID=3	
#TIME=2021.08.20 00:59:23:772	
#RESULT=POST	
#TITLE=DB_CFG - PMC-Dummy mode is active !	
#MSG=START	
 * "DB_CFG+SCH_TEST.CFG.PMC_DUMMY_BY_CTC" <- "YES" 

	
#MSG=END	
#LINE=END	

#LINE=START	
#TYPE=ALARM	
#LEVEL=LIGHT	
#MODULE=TMC	
#ID=2	
#TIME=2021.08.20 01:03:51:100	
#RESULT=POST	
#TITLE=DB_CFG - Simulation mode is active !	
#MSG=START	
	
#MSG=END	
#LINE=END	

#LINE=START	
#TYPE=ALARM	
#LEVEL=LIGHT	
#MODULE=TMC	
#ID=3	
#TIME=2021.08.20 01:03:51:100	
#RESULT=POST	
#TITLE=DB_CFG - PMC-Dummy mode is active !	
#MSG=START	
 * "DB_CFG+SCH_TEST.CFG.PMC_DUMMY_BY_CTC" <- "YES" 

	
#MSG=END	
#LINE=END	

@LINE	
STATUS	
GUI-100	
-1	
2021.08.20 08:12:38:222	
POST	
STOP	
	
@LINE	
STATUS	
GUI-100	
-1	
2021.08.20 08:32:28:278	
POST	
START	
	
#LINE=START	
#TYPE=ALARM	
#LEVEL=LIGHT	
#MODULE=TMC	
#ID=2	
#TIME=2021.08.20 08:32:13:881	
#RESULT=POST	
#TITLE=DB_CFG - Simulation mode is active !	
#MSG=START	
	
#MSG=END	
#LINE=END	

#LINE=START	
#TYPE=ALARM	
#LEVEL=LIGHT	
#MODULE=TMC	
#ID=3	
#TIME=2021.08.20 08:32:13:881	
#RESULT=POST	
#TITLE=DB_CFG - PMC-Dummy mode is active !	
#MSG=START	
 * "DB_CFG+SCH_TEST.CFG.PMC_DUMMY_BY_CTC" <- "YES" 

	
#MSG=END	
#LINE=END	

#LINE=START	
#TYPE=ALARM	
#LEVEL=LIGHT	
#MODULE=TMC	
#ID=2	
#TIME=2021.08.20 08:37:31:491	
#RESULT=POST	
#TITLE=DB_CFG - Simulation mode is active !	
#MSG=START	
	
#MSG=END	
#LINE=END	

#LINE=START	
#TYPE=ALARM	
#LEVEL=LIGHT	
#MODULE=TMC	
#ID=3	
#TIME=2021.08.20 08:37:31:491	
#RESULT=POST	
#TITLE=DB_CFG - PMC-Dummy mode is active !	
#MSG=START	
 * "DB_CFG+SCH_TEST.CFG.PMC_DUMMY_BY_CTC" <- "YES" 

	
#MSG=END	
#LINE=END	

#LINE=START	
#TYPE=ALARM	
#LEVEL=LIGHT	
#MODULE=TMC	
#ID=2	
#TIME=2021.08.20 08:54:29:226	
#RESULT=POST	
#TITLE=DB_CFG - Simulation mode is active !	
#MSG=START	
	
#MSG=END	
#LINE=END	

#LINE=START	
#TYPE=ALARM	
#LEVEL=LIGHT	
#MODULE=TMC	
#ID=3	
#TIME=2021.08.20 08:54:29:226	
#RESULT=POST	
#TITLE=DB_CFG - PMC-Dummy mode is active !	
#MSG=START	
 * "DB_CFG+SCH_TEST.CFG.PMC_DUMMY_BY_CTC" <- "YES" 

	
#MSG=END	
#LINE=END	

#LINE=START	
#TYPE=ALARM	
#LEVEL=LIGHT	
#MODULE=TMC	
#ID=2	
#TIME=2021.08.20 09:07:32:585	
#RESULT=POST	
#TITLE=DB_CFG - Simulation mode is active !	
#MSG=START	
	
#MSG=END	
#LINE=END	

#LINE=START	
#TYPE=ALARM	
#LEVEL=LIGHT	
#MODULE=TMC	
#ID=3	
#TIME=2021.08.20 09:07:32:585	
#RESULT=POST	
#TITLE=DB_CFG - PMC-Dummy mode is active !	
#MSG=START	
 * "DB_CFG+SCH_TEST.CFG.PMC_DUMMY_BY_CTC" <- "YES" 

	
#MSG=END	
#LINE=END	

@LINE	
STATUS	
GUI-100	
-1	
2021.08.20 09:16:36:921	
POST	
STOP	
	
@LINE	
STATUS	
GUI-100	
-1	
2021.08.20 10:52:59:738	
POST	
START	
	
#LINE=START	
#TYPE=ALARM	
#LEVEL=LIGHT	
#MODULE=TMC	
#ID=2	
#TIME=2021.08.20 10:52:37:538	
#RESULT=POST	
#TITLE=DB_CFG - Simulation mode is active !	
#MSG=START	
	
#MSG=END	
#LINE=END	

#LINE=START	
#TYPE=ALARM	
#LEVEL=LIGHT	
#MODULE=TMC	
#ID=3	
#TIME=2021.08.20 10:52:37:538	
#RESULT=POST	
#TITLE=DB_CFG - PMC-Dummy mode is active !	
#MSG=START	
 * "DB_CFG+SCH_TEST.CFG.PMC_DUMMY_BY_CTC" <- "YES" 

	
#MSG=END	
#LINE=END	

#LINE=START	
#TYPE=ALARM	
#LEVEL=LIGHT	
#MODULE=TMC	
#ID=13	
#TIME=2021.08.20 12:12:35:342	
#RESULT=POST	
#TITLE=PHY__LBA - Door Valve can not open, because of not ATM Pressure !	
#MSG=START	
1. The pressure of LBA is VAC Sts.
2. The pressure of LBA is 0.030 and The config pressure is 735.000.
The LBA's pressure must be more than 735.000 and ATM Sts..

Please, check 's pressure.
	
#MSG=END	
#LINE=END	

#LINE=START	
#TYPE=ALARM	
#LEVEL=LIGHT	
#MODULE=TMC	
#ID=13	
#TIME=2021.08.20 12:12:39:685	
#RESULT=ABORT	
#TITLE=PHY__LBA - Door Valve can not open, because of not ATM Pressure !	
#MSG=START	
1. The pressure of LBA is VAC Sts.
2. The pressure of LBA is 0.030 and The config pressure is 735.000.
The LBA's pressure must be more than 735.000 and ATM Sts..

Please, check 's pressure.
	
#MSG=END	
#LINE=END	

#LINE=START	
#TYPE=ALARM	
#LEVEL=LIGHT	
#MODULE=TMC	
#ID=13	
#TIME=2021.08.20 12:12:44:571	
#RESULT=POST	
#TITLE=PHY__LBA - Door Valve can not open, because of not ATM Pressure !	
#MSG=START	
1. The pressure of LBA is VAC Sts.
2. The pressure of LBA is 0.030 and The config pressure is 735.000.
The LBA's pressure must be more than 735.000 and ATM Sts..

Please, check 's pressure.
	
#MSG=END	
#LINE=END	

#LINE=START	
#TYPE=ALARM	
#LEVEL=LIGHT	
#MODULE=TMC	
#ID=13	
#TIME=2021.08.20 12:12:52:544	
#RESULT=ABORT	
#TITLE=PHY__LBA - Door Valve can not open, because of not ATM Pressure !	
#MSG=START	
1. The pressure of LBA is VAC Sts.
2. The pressure of LBA is 0.030 and The config pressure is 735.000.
The LBA's pressure must be more than 735.000 and ATM Sts..

Please, check 's pressure.
	
#MSG=END	
#LINE=END	

#LINE=START	
#TYPE=ALARM	
#LEVEL=LIGHT	
#MODULE=TMC	
#ID=2	
#TIME=2021.08.20 12:24:56:992	
#RESULT=POST	
#TITLE=DB_CFG - Simulation mode is active !	
#MSG=START	
	
#MSG=END	
#LINE=END	

#LINE=START	
#TYPE=ALARM	
#LEVEL=LIGHT	
#MODULE=TMC	
#ID=3	
#TIME=2021.08.20 12:24:56:992	
#RESULT=POST	
#TITLE=DB_CFG - PMC-Dummy mode is active !	
#MSG=START	
 * "DB_CFG+SCH_TEST.CFG.PMC_DUMMY_BY_CTC" <- "YES" 

	
#MSG=END	
#LINE=END	

@LINE	
STATUS	
GUI-100	
-1	
2021.08.20 12:28:36:533	
POST	
STOP	
	
@LINE	
STATUS	
GUI-100	
-1	
2021.08.20 15:58:12:160	
POST	
START	
	
#LINE=START	
#TYPE=ALARM	
#LEVEL=LIGHT	
#MODULE=TMC	
#ID=2	
#TIME=2021.08.20 15:58:02:225	
#RESULT=POST	
#TITLE=DB_CFG - Simulation mode is active !	
#MSG=START	
	
#MSG=END	
#LINE=END	

#LINE=START	
#TYPE=ALARM	
#LEVEL=LIGHT	
#MODULE=TMC	
#ID=3	
#TIME=2021.08.20 15:58:02:225	
#RESULT=POST	
#TITLE=DB_CFG - PMC-Dummy mode is active !	
#MSG=START	
 * "DB_CFG+SCH_TEST.CFG.PMC_DUMMY_BY_CTC" <- "YES" 

	
#MSG=END	
#LINE=END	

#LINE=START	
#TYPE=ALARM	
#LEVEL=LIGHT	
#MODULE=TMC	
#ID=0	
#TIME=2021.08.20 17:32:49:997	
#RESULT=POST	
#TITLE=__SYS - SYSTEM ERROR	
#MSG=START	
Error Type    :  OBJECT_MODE
Error Title   :  Unknown Object Mode "LBB_SV_OPEN" 
Error Message
"LBB_SV_OPEN" is not registered in "FNC__TMC_VLV" object. 


	
#MSG=END	
#LINE=END	

@LINE	
STATUS	
GUI-100	
-1	
2021.08.20 21:28:10:427	
POST	
STOP	
	
@LINE	
STATUS	
GUI-100	
-1	
2021.08.20 21:53:18:405	
POST	
START	
	
#LINE=START	
#TYPE=ALARM	
#LEVEL=LIGHT	
#MODULE=TMC	
#ID=2	
#TIME=2021.08.20 21:56:31:666	
#RESULT=POST	
#TITLE=DB_CFG - Simulation mode is active !	
#MSG=START	
	
#MSG=END	
#LINE=END	

#LINE=START	
#TYPE=ALARM	
#LEVEL=LIGHT	
#MODULE=TMC	
#ID=3	
#TIME=2021.08.20 21:56:31:666	
#RESULT=POST	
#TITLE=DB_CFG - PMC-Dummy mode is active !	
#MSG=START	
 * "DB_CFG+SCH_TEST.CFG.PMC_DUMMY_BY_CTC" <- "YES" 

	
#MSG=END	
#LINE=END	

#LINE=START	
#TYPE=ALARM	
#LEVEL=LIGHT	
#MODULE=TMC	
#ID=0	
#TIME=2021.08.20 22:26:32:265	
#RESULT=POST	
#TITLE=__SYS - SYSTEM ERROR	
#MSG=START	
Error Type    :  OBJECT_MODE
Error Title   :  Unknown Object Mode "LBB_SV_OPEN" 
Error Message
"LBB_SV_OPEN" is not registered in "FNC__TMC_VLV" object. 


	
#MSG=END	
#LINE=END	

#LINE=START	
#TYPE=ALARM	
#LEVEL=LIGHT	
#MODULE=TMC	
#ID=2	
#TIME=2021.08.20 22:48:13:729	
#RESULT=POST	
#TITLE=DB_CFG - Simulation mode is active !	
#MSG=START	
	
#MSG=END	
#LINE=END	

#LINE=START	
#TYPE=ALARM	
#LEVEL=LIGHT	
#MODULE=TMC	
#ID=3	
#TIME=2021.08.20 22:48:13:729	
#RESULT=POST	
#TITLE=DB_CFG - PMC-Dummy mode is active !	
#MSG=START	
 * "DB_CFG+SCH_TEST.CFG.PMC_DUMMY_BY_CTC" <- "YES" 

	
#MSG=END	
#LINE=END	

@LINE	
STATUS	
GUI-100	
-1	
2021.08.20 22:55:27:855	
POST	
STOP	
	
@LINE	
STATUS	
GUI-100	
-1	
2021.08.20 23:00:41:940	
POST	
START	
	
#LINE=START	
#TYPE=ALARM	
#LEVEL=LIGHT	
#MODULE=TMC	
#ID=2	
#TIME=2021.08.20 23:00:34:948	
#RESULT=POST	
#TITLE=DB_CFG - Simulation mode is active !	
#MSG=START	
	
#MSG=END	
#LINE=END	

#LINE=START	
#TYPE=ALARM	
#LEVEL=LIGHT	
#MODULE=TMC	
#ID=3	
#TIME=2021.08.20 23:00:34:948	
#RESULT=POST	
#TITLE=DB_CFG - PMC-Dummy mode is active !	
#MSG=START	
 * "DB_CFG+SCH_TEST.CFG.PMC_DUMMY_BY_CTC" <- "YES" 

	
#MSG=END	
#LINE=END	

#LINE=START	
#TYPE=ALARM	
#LEVEL=LIGHT	
#MODULE=TMC	
#ID=6	
#TIME=2021.08.20 23:01:49:984	
#RESULT=POST	
#TITLE=PHY__TMC_CHM - Dry Pump is Offline or Not Run Status !	
#MSG=START	
TMC CHAMBER's Fast Rough Valve will be closed.. !
Please, check pump status !
	
#MSG=END	
#LINE=END	

#LINE=START	
#TYPE=ALARM	
#LEVEL=LIGHT	
#MODULE=TMC	
#ID=13	
#TIME=2021.08.20 23:04:40:658	
#RESULT=POST	
#TITLE=PHY__LBA - Door Valve can not open, because of not ATM Pressure !	
#MSG=START	
1. The pressure of LBA is VAC Sts.
2. The pressure of LBA is 0.030 and The config pressure is 735.000.
The LBA's pressure must be more than 735.000 and ATM Sts..

Please, check 's pressure.
	
#MSG=END	
#LINE=END	

#LINE=START	
#TYPE=ALARM	
#LEVEL=LIGHT	
#MODULE=TMC	
#ID=13	
#TIME=2021.08.20 23:04:46:714	
#RESULT=ABORT	
#TITLE=PHY__LBA - Door Valve can not open, because of not ATM Pressure !	
#MSG=START	
1. The pressure of LBA is VAC Sts.
2. The pressure of LBA is 0.030 and The config pressure is 735.000.
The LBA's pressure must be more than 735.000 and ATM Sts..

Please, check 's pressure.
	
#MSG=END	
#LINE=END	

#LINE=START	
#TYPE=ALARM	
#LEVEL=LIGHT	
#MODULE=TMC	
#ID=6	
#TIME=2021.08.20 23:05:52:335	
#RESULT=CHECK	
#TITLE=PHY__TMC_CHM - Dry Pump is Offline or Not Run Status !	
#MSG=START	
TMC CHAMBER's Fast Rough Valve will be closed.. !
Please, check pump status !
	
#MSG=END	
#LINE=END	

