@LINE	
STATUS	
GUI-100	
-1	
2021.07.12 00:43:59:484	
POST	
START	
	
#LINE=START	
#TYPE=ALARM	
#LEVEL=LIGHT	
#MODULE=PM3	
#ID=0	
#TIME=2021.07.12 00:43:46:306	
#RESULT=POST	
#TITLE=__SYS - SYSTEM ERROR	
#MSG=START	
Error Type    :  DIGITAL_DESCRIPTOR
Error Title   :  FNC_GAS_VLV_CTRL+CFG.WAP.AUTO.LEARN.GAS : DIGITAL DESCRIPTOR ERROR !
Error Message
The item (GAS07) does not exist.
	ITEM LIST


	
#MSG=END	
#LINE=END	

#LINE=START	
#TYPE=ALARM	
#LEVEL=LIGHT	
#MODULE=PM3	
#ID=10	
#TIME=2021.07.12 00:43:49:170	
#RESULT=POST	
#TITLE=PHY_IO__HEATER - HEATER SYSTEM : Chamber Not Closed. Heater Power Off !	
#MSG=START	
Heater Power was off. 
When Chamber's lid is not closed, heater power must be off. 
	
#MSG=END	
#LINE=END	

#LINE=START	
#TYPE=ALARM	
#LEVEL=LIGHT	
#MODULE=PM3	
#ID=89	
#TIME=2021.07.12 00:43:50:835	
#RESULT=POST	
#TITLE=FNC_STEP : The door of gas box is not closed !	
#MSG=START	
The current status of gas box's interlock sensor is "False". 

If chamber's status is "processing", process will be aborted. 
If chamber's status is "idle", chamber's status will be "maint". 
Please, check the status of gas box. 
	
#MSG=END	
#LINE=END	

#LINE=START	
#TYPE=ALARM	
#LEVEL=LIGHT	
#MODULE=PM3	
#ID=100	
#TIME=2021.07.12 00:43:50:905	
#RESULT=POST	
#TITLE=FNC_STEP : System interlock occurred !	
#MSG=START	
All RF Power <- Off 
All Gas Valve <- Close 
All Ballast Valve <- Close 

	
#MSG=END	
#LINE=END	

#LINE=START	
#TYPE=ALARM	
#LEVEL=LIGHT	
#MODULE=PM3	
#ID=4	
#TIME=2021.07.12 00:43:50:913	
#RESULT=POST	
#TITLE=PHY_APC_VLV - APC Valve can't control in no vacuum.	
#MSG=START	
Please, check vacuum sensor.
	
#MSG=END	
#LINE=END	

#LINE=START	
#TYPE=ALARM	
#LEVEL=LIGHT	
#MODULE=PM3	
#ID=0	
#TIME=2021.07.12 00:46:17:269	
#RESULT=CHECK	
#TITLE=__SYS - SYSTEM ERROR	
#MSG=START	
Error Type    :  DIGITAL_DESCRIPTOR
Error Title   :  FNC_GAS_VLV_CTRL+CFG.WAP.AUTO.LEARN.GAS : DIGITAL DESCRIPTOR ERROR !
Error Message
The item (GAS07) does not exist.
	ITEM LIST


	
#MSG=END	
#LINE=END	

#LINE=START	
#TYPE=ALARM	
#LEVEL=LIGHT	
#MODULE=PM3	
#ID=0	
#TIME=2021.07.12 00:46:17:307	
#RESULT=POST	
#TITLE=__SYS - SYSTEM ERROR	
#MSG=START	
Error Type    :  DIGITAL_DESCRIPTOR
Error Title   :  PHY_MFC9+MFC.STABLE.FLAG : DIGITAL DESCRIPTOR ERROR !
Error Message
The item (NO) does not exist.
	ITEM LIST
		OFF
		ON


	
#MSG=END	
#LINE=END	

#LINE=START	
#TYPE=ALARM	
#LEVEL=LIGHT	
#MODULE=PM3	
#ID=0	
#TIME=2021.07.12 00:48:03:260	
#RESULT=POST	
#TITLE=__SYS - SYSTEM ERROR	
#MSG=START	
Error Type    :  DIGITAL_DESCRIPTOR
Error Title   :  FNC_GAS_VLV_CTRL+CFG.WAP.AUTO.LEARN.GAS : DIGITAL DESCRIPTOR ERROR !
Error Message
The item (GAS07) does not exist.
	ITEM LIST


	
#MSG=END	
#LINE=END	

#LINE=START	
#TYPE=ALARM	
#LEVEL=LIGHT	
#MODULE=PM3	
#ID=10	
#TIME=2021.07.12 00:48:06:124	
#RESULT=POST	
#TITLE=PHY_IO__HEATER - HEATER SYSTEM : Chamber Not Closed. Heater Power Off !	
#MSG=START	
Heater Power was off. 
When Chamber's lid is not closed, heater power must be off. 
	
#MSG=END	
#LINE=END	

#LINE=START	
#TYPE=ALARM	
#LEVEL=LIGHT	
#MODULE=PM3	
#ID=89	
#TIME=2021.07.12 00:48:07:790	
#RESULT=POST	
#TITLE=FNC_STEP : The door of gas box is not closed !	
#MSG=START	
The current status of gas box's interlock sensor is "False". 

If chamber's status is "processing", process will be aborted. 
If chamber's status is "idle", chamber's status will be "maint". 
Please, check the status of gas box. 
	
#MSG=END	
#LINE=END	

#LINE=START	
#TYPE=ALARM	
#LEVEL=LIGHT	
#MODULE=PM3	
#ID=100	
#TIME=2021.07.12 00:48:07:862	
#RESULT=POST	
#TITLE=FNC_STEP : System interlock occurred !	
#MSG=START	
All RF Power <- Off 
All Gas Valve <- Close 
All Ballast Valve <- Close 

	
#MSG=END	
#LINE=END	

#LINE=START	
#TYPE=ALARM	
#LEVEL=LIGHT	
#MODULE=PM3	
#ID=4	
#TIME=2021.07.12 00:48:07:870	
#RESULT=POST	
#TITLE=PHY_APC_VLV - APC Valve can't control in no vacuum.	
#MSG=START	
Please, check vacuum sensor.
	
#MSG=END	
#LINE=END	

#LINE=START	
#TYPE=ALARM	
#LEVEL=LIGHT	
#MODULE=PM3	
#ID=0	
#TIME=2021.07.12 00:48:11:365	
#RESULT=CHECK	
#TITLE=__SYS - SYSTEM ERROR	
#MSG=START	
Error Type    :  DIGITAL_DESCRIPTOR
Error Title   :  FNC_GAS_VLV_CTRL+CFG.WAP.AUTO.LEARN.GAS : DIGITAL DESCRIPTOR ERROR !
Error Message
The item (GAS07) does not exist.
	ITEM LIST


	
#MSG=END	
#LINE=END	

@LINE	
STATUS	
GUI-100	
-1	
2021.07.12 00:56:18:680	
POST	
STOP	
	
@LINE	
STATUS	
GUI-100	
-1	
2021.07.12 00:56:28:055	
POST	
START	
	
#LINE=START	
#TYPE=ALARM	
#LEVEL=LIGHT	
#MODULE=PM3	
#ID=10	
#TIME=2021.07.12 00:48:06:124	
#RESULT=POST	
#TITLE=PHY_IO__HEATER - HEATER SYSTEM : Chamber Not Closed. Heater Power Off !	
#MSG=START	
Heater Power was off. 
When Chamber's lid is not closed, heater power must be off. 
	
#MSG=END	
#LINE=END	

#LINE=START	
#TYPE=ALARM	
#LEVEL=LIGHT	
#MODULE=PM3	
#ID=89	
#TIME=2021.07.12 00:48:07:790	
#RESULT=POST	
#TITLE=FNC_STEP : The door of gas box is not closed !	
#MSG=START	
The current status of gas box's interlock sensor is "False". 

If chamber's status is "processing", process will be aborted. 
If chamber's status is "idle", chamber's status will be "maint". 
Please, check the status of gas box. 
	
#MSG=END	
#LINE=END	

#LINE=START	
#TYPE=ALARM	
#LEVEL=LIGHT	
#MODULE=PM3	
#ID=100	
#TIME=2021.07.12 00:48:07:862	
#RESULT=POST	
#TITLE=FNC_STEP : System interlock occurred !	
#MSG=START	
All RF Power <- Off 
All Gas Valve <- Close 
All Ballast Valve <- Close 

	
#MSG=END	
#LINE=END	

#LINE=START	
#TYPE=ALARM	
#LEVEL=LIGHT	
#MODULE=PM3	
#ID=4	
#TIME=2021.07.12 00:48:07:870	
#RESULT=POST	
#TITLE=PHY_APC_VLV - APC Valve can't control in no vacuum.	
#MSG=START	
Please, check vacuum sensor.
	
#MSG=END	
#LINE=END	

#LINE=START	
#TYPE=ALARM	
#LEVEL=LIGHT	
#MODULE=PM3	
#ID=0	
#TIME=2021.07.12 01:09:54:103	
#RESULT=POST	
#TITLE=__SYS - SYSTEM ERROR	
#MSG=START	
Error Type    :  DIGITAL_DESCRIPTOR
Error Title   :  FNC_GAS_VLV_CTRL+CFG.WAP.AUTO.LEARN.GAS : DIGITAL DESCRIPTOR ERROR !
Error Message
The item (GAS07) does not exist.
	ITEM LIST


	
#MSG=END	
#LINE=END	

#LINE=START	
#TYPE=ALARM	
#LEVEL=LIGHT	
#MODULE=PM3	
#ID=10	
#TIME=2021.07.12 01:09:57:014	
#RESULT=POST	
#TITLE=PHY_IO__HEATER - HEATER SYSTEM : Chamber Not Closed. Heater Power Off !	
#MSG=START	
Heater Power was off. 
When Chamber's lid is not closed, heater power must be off. 
	
#MSG=END	
#LINE=END	

#LINE=START	
#TYPE=ALARM	
#LEVEL=LIGHT	
#MODULE=PM3	
#ID=89	
#TIME=2021.07.12 01:09:58:631	
#RESULT=POST	
#TITLE=FNC_STEP : The door of gas box is not closed !	
#MSG=START	
The current status of gas box's interlock sensor is "False". 

If chamber's status is "processing", process will be aborted. 
If chamber's status is "idle", chamber's status will be "maint". 
Please, check the status of gas box. 
	
#MSG=END	
#LINE=END	

#LINE=START	
#TYPE=ALARM	
#LEVEL=LIGHT	
#MODULE=PM3	
#ID=100	
#TIME=2021.07.12 01:09:58:718	
#RESULT=POST	
#TITLE=FNC_STEP : System interlock occurred !	
#MSG=START	
All RF Power <- Off 
All Gas Valve <- Close 
All Ballast Valve <- Close 

	
#MSG=END	
#LINE=END	

#LINE=START	
#TYPE=ALARM	
#LEVEL=LIGHT	
#MODULE=PM3	
#ID=4	
#TIME=2021.07.12 01:09:58:727	
#RESULT=POST	
#TITLE=PHY_APC_VLV - APC Valve can't control in no vacuum.	
#MSG=START	
Please, check vacuum sensor.
	
#MSG=END	
#LINE=END	

#LINE=START	
#TYPE=ALARM	
#LEVEL=LIGHT	
#MODULE=PM3	
#ID=0	
#TIME=2021.07.12 01:11:29:888	
#RESULT=CHECK	
#TITLE=__SYS - SYSTEM ERROR	
#MSG=START	
Error Type    :  DIGITAL_DESCRIPTOR
Error Title   :  FNC_GAS_VLV_CTRL+CFG.WAP.AUTO.LEARN.GAS : DIGITAL DESCRIPTOR ERROR !
Error Message
The item (GAS07) does not exist.
	ITEM LIST


	
#MSG=END	
#LINE=END	

#LINE=START	
#TYPE=ALARM	
#LEVEL=LIGHT	
#MODULE=PM3	
#ID=92	
#TIME=2021.07.12 01:11:35:261	
#RESULT=POST	
#TITLE=FNC_STEP : "He Dechuck" Initial Error !	
#MSG=START	
Please, don't let lift-pin up. 
If you click [ABORT],  Init sequence will be aborted. 
If you click [IGNORE], Init sequence will be completed. 
	
#MSG=END	
#LINE=END	

#LINE=START	
#TYPE=ALARM	
#LEVEL=LIGHT	
#MODULE=PM3	
#ID=92	
#TIME=2021.07.12 01:11:40:295	
#RESULT=IGNORE	
#TITLE=FNC_STEP : "He Dechuck" Initial Error !	
#MSG=START	
Please, don't let lift-pin up. 
If you click [ABORT],  Init sequence will be aborted. 
If you click [IGNORE], Init sequence will be completed. 
	
#MSG=END	
#LINE=END	

#LINE=START	
#TYPE=ALARM	
#LEVEL=LIGHT	
#MODULE=PM3	
#ID=0	
#TIME=2021.07.12 01:14:42:337	
#RESULT=POST	
#TITLE=__SYS - SYSTEM ERROR	
#MSG=START	
Error Type    :  DIGITAL_DESCRIPTOR
Error Title   :  FNC_GAS_VLV_CTRL+CFG.WAP.AUTO.LEARN.GAS : DIGITAL DESCRIPTOR ERROR !
Error Message
The item (GAS07) does not exist.
	ITEM LIST


	
#MSG=END	
#LINE=END	

#LINE=START	
#TYPE=ALARM	
#LEVEL=LIGHT	
#MODULE=PM3	
#ID=10	
#TIME=2021.07.12 01:14:45:202	
#RESULT=POST	
#TITLE=PHY_IO__HEATER - HEATER SYSTEM : Chamber Not Closed. Heater Power Off !	
#MSG=START	
Heater Power was off. 
When Chamber's lid is not closed, heater power must be off. 
	
#MSG=END	
#LINE=END	

#LINE=START	
#TYPE=ALARM	
#LEVEL=LIGHT	
#MODULE=PM3	
#ID=89	
#TIME=2021.07.12 01:14:46:867	
#RESULT=POST	
#TITLE=FNC_STEP : The door of gas box is not closed !	
#MSG=START	
The current status of gas box's interlock sensor is "False". 

If chamber's status is "processing", process will be aborted. 
If chamber's status is "idle", chamber's status will be "maint". 
Please, check the status of gas box. 
	
#MSG=END	
#LINE=END	

#LINE=START	
#TYPE=ALARM	
#LEVEL=LIGHT	
#MODULE=PM3	
#ID=100	
#TIME=2021.07.12 01:14:46:937	
#RESULT=POST	
#TITLE=FNC_STEP : System interlock occurred !	
#MSG=START	
All RF Power <- Off 
All Gas Valve <- Close 
All Ballast Valve <- Close 

	
#MSG=END	
#LINE=END	

#LINE=START	
#TYPE=ALARM	
#LEVEL=LIGHT	
#MODULE=PM3	
#ID=13	
#TIME=2021.07.12 01:14:50:820	
#RESULT=POST	
#TITLE=FNC_CHM - PMC's slit valve is not closed !	
#MSG=START	
Cann't execute the "HIGH_VAC_PUMP" mode.

Please, check the pmc's slit valve.
	
#MSG=END	
#LINE=END	

#LINE=START	
#TYPE=ALARM	
#LEVEL=LIGHT	
#MODULE=PM3	
#ID=13	
#TIME=2021.07.12 01:14:57:589	
#RESULT=RETRY	
#TITLE=FNC_CHM - PMC's slit valve is not closed !	
#MSG=START	
Cann't execute the "HIGH_VAC_PUMP" mode.

Please, check the pmc's slit valve.
	
#MSG=END	
#LINE=END	

#LINE=START	
#TYPE=ALARM	
#LEVEL=LIGHT	
#MODULE=PM3	
#ID=0	
#TIME=2021.07.12 01:15:03:372	
#RESULT=CHECK	
#TITLE=__SYS - SYSTEM ERROR	
#MSG=START	
Error Type    :  DIGITAL_DESCRIPTOR
Error Title   :  FNC_GAS_VLV_CTRL+CFG.WAP.AUTO.LEARN.GAS : DIGITAL DESCRIPTOR ERROR !
Error Message
The item (GAS07) does not exist.
	ITEM LIST


	
#MSG=END	
#LINE=END	

#LINE=START	
#TYPE=ALARM	
#LEVEL=LIGHT	
#MODULE=PM3	
#ID=0	
#TIME=2021.07.12 01:30:56:916	
#RESULT=POST	
#TITLE=__SYS - SYSTEM ERROR	
#MSG=START	
Error Type    :  DIGITAL_DESCRIPTOR
Error Title   :  FNC_GAS_VLV_CTRL+CFG.WAP.AUTO.LEARN.GAS : DIGITAL DESCRIPTOR ERROR !
Error Message
The item (GAS07) does not exist.
	ITEM LIST


	
#MSG=END	
#LINE=END	

#LINE=START	
#TYPE=ALARM	
#LEVEL=LIGHT	
#MODULE=PM3	
#ID=10	
#TIME=2021.07.12 01:30:59:890	
#RESULT=POST	
#TITLE=PHY_IO__HEATER - HEATER SYSTEM : Chamber Not Closed. Heater Power Off !	
#MSG=START	
Heater Power was off. 
When Chamber's lid is not closed, heater power must be off. 
	
#MSG=END	
#LINE=END	

#LINE=START	
#TYPE=ALARM	
#LEVEL=LIGHT	
#MODULE=PM3	
#ID=89	
#TIME=2021.07.12 01:31:01:523	
#RESULT=POST	
#TITLE=FNC_STEP : The door of gas box is not closed !	
#MSG=START	
The current status of gas box's interlock sensor is "False". 

If chamber's status is "processing", process will be aborted. 
If chamber's status is "idle", chamber's status will be "maint". 
Please, check the status of gas box. 
	
#MSG=END	
#LINE=END	

#LINE=START	
#TYPE=ALARM	
#LEVEL=LIGHT	
#MODULE=PM3	
#ID=100	
#TIME=2021.07.12 01:31:01:609	
#RESULT=POST	
#TITLE=FNC_STEP : System interlock occurred !	
#MSG=START	
All RF Power <- Off 
All Gas Valve <- Close 
All Ballast Valve <- Close 

	
#MSG=END	
#LINE=END	

#LINE=START	
#TYPE=ALARM	
#LEVEL=LIGHT	
#MODULE=PM3	
#ID=4	
#TIME=2021.07.12 01:31:01:617	
#RESULT=POST	
#TITLE=PHY_APC_VLV - APC Valve can't control in no vacuum.	
#MSG=START	
Please, check vacuum sensor.
	
#MSG=END	
#LINE=END	

#LINE=START	
#TYPE=ALARM	
#LEVEL=LIGHT	
#MODULE=PM3	
#ID=0	
#TIME=2021.07.12 01:31:05:164	
#RESULT=CHECK	
#TITLE=__SYS - SYSTEM ERROR	
#MSG=START	
Error Type    :  DIGITAL_DESCRIPTOR
Error Title   :  FNC_GAS_VLV_CTRL+CFG.WAP.AUTO.LEARN.GAS : DIGITAL DESCRIPTOR ERROR !
Error Message
The item (GAS07) does not exist.
	ITEM LIST


	
#MSG=END	
#LINE=END	

#LINE=START	
#TYPE=ALARM	
#LEVEL=LIGHT	
#MODULE=PM3	
#ID=1	
#TIME=2021.07.12 01:32:01:605	
#RESULT=POST	
#TITLE=FNC_SYSTEM : SYSTEM INIT FAILED.	
#MSG=START	
OBJECT [ESC] INIT Failed [3] Object : Result [-1] 
System Component Initialize Action Failed.	
#MSG=END	
#LINE=END	

#LINE=START	
#TYPE=ALARM	
#LEVEL=LIGHT	
#MODULE=PM3	
#ID=1	
#TIME=2021.07.12 01:34:18:996	
#RESULT=CHECK	
#TITLE=FNC_SYSTEM : SYSTEM INIT FAILED.	
#MSG=START	
OBJECT [ESC] INIT Failed [3] Object : Result [-1] 
System Component Initialize Action Failed.	
#MSG=END	
#LINE=END	

#LINE=START	
#TYPE=ALARM	
#LEVEL=LIGHT	
#MODULE=PM3	
#ID=4	
#TIME=2021.07.12 01:34:19:836	
#RESULT=CHECK	
#TITLE=PHY_APC_VLV - APC Valve can't control in no vacuum.	
#MSG=START	
Please, check vacuum sensor.
	
#MSG=END	
#LINE=END	

#LINE=START	
#TYPE=ALARM	
#LEVEL=LIGHT	
#MODULE=PM3	
#ID=100	
#TIME=2021.07.12 01:34:20:369	
#RESULT=CHECK	
#TITLE=FNC_STEP : System interlock occurred !	
#MSG=START	
All RF Power <- Off 
All Gas Valve <- Close 
All Ballast Valve <- Close 

	
#MSG=END	
#LINE=END	

#LINE=START	
#TYPE=ALARM	
#LEVEL=LIGHT	
#MODULE=PM3	
#ID=89	
#TIME=2021.07.12 01:34:20:767	
#RESULT=CHECK	
#TITLE=FNC_STEP : The door of gas box is not closed !	
#MSG=START	
The current status of gas box's interlock sensor is "False". 

If chamber's status is "processing", process will be aborted. 
If chamber's status is "idle", chamber's status will be "maint". 
Please, check the status of gas box. 
	
#MSG=END	
#LINE=END	

#LINE=START	
#TYPE=ALARM	
#LEVEL=LIGHT	
#MODULE=PM3	
#ID=10	
#TIME=2021.07.12 01:34:21:144	
#RESULT=CHECK	
#TITLE=PHY_IO__HEATER - HEATER SYSTEM : Chamber Not Closed. Heater Power Off !	
#MSG=START	
Heater Power was off. 
When Chamber's lid is not closed, heater power must be off. 
	
#MSG=END	
#LINE=END	

#LINE=START	
#TYPE=ALARM	
#LEVEL=LIGHT	
#MODULE=PM3	
#ID=0	
#TIME=2021.07.12 01:39:05:167	
#RESULT=POST	
#TITLE=__SYS - SYSTEM ERROR	
#MSG=START	
Error Type    :  DIGITAL_DESCRIPTOR
Error Title   :  FNC_GAS_VLV_CTRL+CFG.WAP.AUTO.LEARN.GAS : DIGITAL DESCRIPTOR ERROR !
Error Message
The item (GAS07) does not exist.
	ITEM LIST


	
#MSG=END	
#LINE=END	

#LINE=START	
#TYPE=ALARM	
#LEVEL=LIGHT	
#MODULE=PM3	
#ID=10	
#TIME=2021.07.12 01:39:08:126	
#RESULT=POST	
#TITLE=PHY_IO__HEATER - HEATER SYSTEM : Chamber Not Closed. Heater Power Off !	
#MSG=START	
Heater Power was off. 
When Chamber's lid is not closed, heater power must be off. 
	
#MSG=END	
#LINE=END	

#LINE=START	
#TYPE=ALARM	
#LEVEL=LIGHT	
#MODULE=PM3	
#ID=89	
#TIME=2021.07.12 01:39:09:696	
#RESULT=POST	
#TITLE=FNC_STEP : The door of gas box is not closed !	
#MSG=START	
The current status of gas box's interlock sensor is "False". 

If chamber's status is "processing", process will be aborted. 
If chamber's status is "idle", chamber's status will be "maint". 
Please, check the status of gas box. 
	
#MSG=END	
#LINE=END	

#LINE=START	
#TYPE=ALARM	
#LEVEL=LIGHT	
#MODULE=PM3	
#ID=100	
#TIME=2021.07.12 01:39:09:767	
#RESULT=POST	
#TITLE=FNC_STEP : System interlock occurred !	
#MSG=START	
All RF Power <- Off 
All Gas Valve <- Close 
All Ballast Valve <- Close 

	
#MSG=END	
#LINE=END	

#LINE=START	
#TYPE=ALARM	
#LEVEL=LIGHT	
#MODULE=PM3	
#ID=4	
#TIME=2021.07.12 01:39:09:773	
#RESULT=POST	
#TITLE=PHY_APC_VLV - APC Valve can't control in no vacuum.	
#MSG=START	
Please, check vacuum sensor.
	
#MSG=END	
#LINE=END	

#LINE=START	
#TYPE=ALARM	
#LEVEL=LIGHT	
#MODULE=PM3	
#ID=0	
#TIME=2021.07.12 01:39:25:660	
#RESULT=CHECK	
#TITLE=__SYS - SYSTEM ERROR	
#MSG=START	
Error Type    :  DIGITAL_DESCRIPTOR
Error Title   :  FNC_GAS_VLV_CTRL+CFG.WAP.AUTO.LEARN.GAS : DIGITAL DESCRIPTOR ERROR !
Error Message
The item (GAS07) does not exist.
	ITEM LIST


	
#MSG=END	
#LINE=END	

#LINE=START	
#TYPE=ALARM	
#LEVEL=LIGHT	
#MODULE=PM3	
#ID=1	
#TIME=2021.07.12 01:39:33:618	
#RESULT=POST	
#TITLE=FNC_SYSTEM : SYSTEM INIT FAILED.	
#MSG=START	
OBJECT [WAP] INIT Failed [1] Object : Result [-1] 
System Component Initialize Action Failed.	
#MSG=END	
#LINE=END	

#LINE=START	
#TYPE=ALARM	
#LEVEL=LIGHT	
#MODULE=PM3	
#ID=5	
#TIME=2021.07.12 01:39:33:699	
#RESULT=POST	
#TITLE=PHY_WAP_CONTROL :  - Encoder's status is not "OK".	
#MSG=START	
Please, check encoder's status. 
If you want to check encoder's status, you must initialize C-Ring. 
	
#MSG=END	
#LINE=END	

@LINE	
STATUS	
GUI-100	
-1	
2021.07.12 01:41:09:351	
POST	
STOP	
	
@LINE	
STATUS	
GUI-100	
-1	
2021.07.12 20:18:20:579	
POST	
START	
	
#LINE=START	
#TYPE=ALARM	
#LEVEL=LIGHT	
#MODULE=PM3	
#ID=0	
#TIME=2021.07.12 20:18:06:276	
#RESULT=POST	
#TITLE=__SYS - SYSTEM ERROR	
#MSG=START	
Error Type    :  DIGITAL_DESCRIPTOR
Error Title   :  FNC_GAS_VLV_CTRL+CFG.WAP.AUTO.LEARN.GAS : DIGITAL DESCRIPTOR ERROR !
Error Message
The item (GAS07) does not exist.
	ITEM LIST


	
#MSG=END	
#LINE=END	

#LINE=START	
#TYPE=ALARM	
#LEVEL=LIGHT	
#MODULE=PM3	
#ID=10	
#TIME=2021.07.12 20:18:09:076	
#RESULT=POST	
#TITLE=PHY_IO__HEATER - HEATER SYSTEM : Chamber Not Closed. Heater Power Off !	
#MSG=START	
Heater Power was off. 
When Chamber's lid is not closed, heater power must be off. 
	
#MSG=END	
#LINE=END	

#LINE=START	
#TYPE=ALARM	
#LEVEL=LIGHT	
#MODULE=PM3	
#ID=89	
#TIME=2021.07.12 20:18:10:805	
#RESULT=POST	
#TITLE=FNC_STEP : The door of gas box is not closed !	
#MSG=START	
The current status of gas box's interlock sensor is "False". 

If chamber's status is "processing", process will be aborted. 
If chamber's status is "idle", chamber's status will be "maint". 
Please, check the status of gas box. 
	
#MSG=END	
#LINE=END	

#LINE=START	
#TYPE=ALARM	
#LEVEL=LIGHT	
#MODULE=PM3	
#ID=100	
#TIME=2021.07.12 20:18:10:876	
#RESULT=POST	
#TITLE=FNC_STEP : System interlock occurred !	
#MSG=START	
All RF Power <- Off 
All Gas Valve <- Close 
All Ballast Valve <- Close 

	
#MSG=END	
#LINE=END	

#LINE=START	
#TYPE=ALARM	
#LEVEL=LIGHT	
#MODULE=PM3	
#ID=4	
#TIME=2021.07.12 20:18:10:883	
#RESULT=POST	
#TITLE=PHY_APC_VLV - APC Valve can't control in no vacuum.	
#MSG=START	
Please, check vacuum sensor.
	
#MSG=END	
#LINE=END	

#LINE=START	
#TYPE=ALARM	
#LEVEL=LIGHT	
#MODULE=PM3	
#ID=11	
#TIME=2021.07.12 20:18:21:119	
#RESULT=POST	
#TITLE=PHY_MFC8 - Transducer Threshold Warning.	
#MSG=START	
Transducer Flow was over Threshold Range..
	
#MSG=END	
#LINE=END	

#LINE=START	
#TYPE=ALARM	
#LEVEL=LIGHT	
#MODULE=PM3	
#ID=11	
#TIME=2021.07.12 20:18:21:151	
#RESULT=POST	
#TITLE=PHY_MFC10 - Transducer Threshold Warning.	
#MSG=START	
Transducer Flow was over Threshold Range..
	
#MSG=END	
#LINE=END	

#LINE=START	
#TYPE=ALARM	
#LEVEL=LIGHT	
#MODULE=PM3	
#ID=11	
#TIME=2021.07.12 20:18:21:151	
#RESULT=POST	
#TITLE=PHY_MFC1 - Transducer Threshold Warning.	
#MSG=START	
Transducer Flow was over Threshold Range..
	
#MSG=END	
#LINE=END	

#LINE=START	
#TYPE=ALARM	
#LEVEL=LIGHT	
#MODULE=PM3	
#ID=11	
#TIME=2021.07.12 20:18:21:165	
#RESULT=POST	
#TITLE=PHY_MFC12 - Transducer Threshold Warning.	
#MSG=START	
Transducer Flow was over Threshold Range..
	
#MSG=END	
#LINE=END	

#LINE=START	
#TYPE=ALARM	
#LEVEL=LIGHT	
#MODULE=PM3	
#ID=11	
#TIME=2021.07.12 20:18:21:165	
#RESULT=POST	
#TITLE=PHY_MFC11 - Transducer Threshold Warning.	
#MSG=START	
Transducer Flow was over Threshold Range..
	
#MSG=END	
#LINE=END	

#LINE=START	
#TYPE=ALARM	
#LEVEL=LIGHT	
#MODULE=PM3	
#ID=11	
#TIME=2021.07.12 20:18:21:181	
#RESULT=POST	
#TITLE=PHY_MFC2 - Transducer Threshold Warning.	
#MSG=START	
Transducer Flow was over Threshold Range..
	
#MSG=END	
#LINE=END	

#LINE=START	
#TYPE=ALARM	
#LEVEL=LIGHT	
#MODULE=PM3	
#ID=11	
#TIME=2021.07.12 20:18:21:197	
#RESULT=POST	
#TITLE=PHY_MFC6 - Transducer Threshold Warning.	
#MSG=START	
Transducer Flow was over Threshold Range..
	
#MSG=END	
#LINE=END	

#LINE=START	
#TYPE=ALARM	
#LEVEL=LIGHT	
#MODULE=PM3	
#ID=11	
#TIME=2021.07.12 20:18:21:197	
#RESULT=POST	
#TITLE=PHY_MFC3 - Transducer Threshold Warning.	
#MSG=START	
Transducer Flow was over Threshold Range..
	
#MSG=END	
#LINE=END	

#LINE=START	
#TYPE=ALARM	
#LEVEL=LIGHT	
#MODULE=PM3	
#ID=11	
#TIME=2021.07.12 20:18:21:197	
#RESULT=POST	
#TITLE=PHY_MFC5 - Transducer Threshold Warning.	
#MSG=START	
Transducer Flow was over Threshold Range..
	
#MSG=END	
#LINE=END	

#LINE=START	
#TYPE=ALARM	
#LEVEL=LIGHT	
#MODULE=PM3	
#ID=11	
#TIME=2021.07.12 20:18:21:197	
#RESULT=POST	
#TITLE=PHY_MFC7 - Transducer Threshold Warning.	
#MSG=START	
Transducer Flow was over Threshold Range..
	
#MSG=END	
#LINE=END	

#LINE=START	
#TYPE=ALARM	
#LEVEL=LIGHT	
#MODULE=PM3	
#ID=11	
#TIME=2021.07.12 20:18:21:197	
#RESULT=POST	
#TITLE=PHY_MFC4 - Transducer Threshold Warning.	
#MSG=START	
Transducer Flow was over Threshold Range..
	
#MSG=END	
#LINE=END	

#LINE=START	
#TYPE=ALARM	
#LEVEL=LIGHT	
#MODULE=PM3	
#ID=11	
#TIME=2021.07.12 20:18:21:213	
#RESULT=POST	
#TITLE=PHY_MFC9 - Transducer Threshold Warning.	
#MSG=START	
Transducer Flow was over Threshold Range..
	
#MSG=END	
#LINE=END	

#LINE=START	
#TYPE=ALARM	
#LEVEL=LIGHT	
#MODULE=PM3	
#ID=12	
#TIME=2021.07.12 20:18:24:119	
#RESULT=POST	
#TITLE=PHY_MFC8 - Transducer Threshold Alarm.	
#MSG=START	
Transducer Flow was over Threshold Range..
	
#MSG=END	
#LINE=END	

#LINE=START	
#TYPE=ALARM	
#LEVEL=LIGHT	
#MODULE=PM3	
#ID=12	
#TIME=2021.07.12 20:18:24:151	
#RESULT=POST	
#TITLE=PHY_MFC10 - Transducer Threshold Alarm.	
#MSG=START	
Transducer Flow was over Threshold Range..
	
#MSG=END	
#LINE=END	

#LINE=START	
#TYPE=ALARM	
#LEVEL=LIGHT	
#MODULE=PM3	
#ID=12	
#TIME=2021.07.12 20:18:24:151	
#RESULT=POST	
#TITLE=PHY_MFC1 - Transducer Threshold Alarm.	
#MSG=START	
Transducer Flow was over Threshold Range..
	
#MSG=END	
#LINE=END	

#LINE=START	
#TYPE=ALARM	
#LEVEL=LIGHT	
#MODULE=PM3	
#ID=12	
#TIME=2021.07.12 20:18:24:165	
#RESULT=POST	
#TITLE=PHY_MFC12 - Transducer Threshold Alarm.	
#MSG=START	
Transducer Flow was over Threshold Range..
	
#MSG=END	
#LINE=END	

#LINE=START	
#TYPE=ALARM	
#LEVEL=LIGHT	
#MODULE=PM3	
#ID=12	
#TIME=2021.07.12 20:18:24:166	
#RESULT=POST	
#TITLE=PHY_MFC11 - Transducer Threshold Alarm.	
#MSG=START	
Transducer Flow was over Threshold Range..
	
#MSG=END	
#LINE=END	

#LINE=START	
#TYPE=ALARM	
#LEVEL=LIGHT	
#MODULE=PM3	
#ID=12	
#TIME=2021.07.12 20:18:24:181	
#RESULT=POST	
#TITLE=PHY_MFC2 - Transducer Threshold Alarm.	
#MSG=START	
Transducer Flow was over Threshold Range..
	
#MSG=END	
#LINE=END	

#LINE=START	
#TYPE=ALARM	
#LEVEL=LIGHT	
#MODULE=PM3	
#ID=12	
#TIME=2021.07.12 20:18:24:197	
#RESULT=POST	
#TITLE=PHY_MFC4 - Transducer Threshold Alarm.	
#MSG=START	
Transducer Flow was over Threshold Range..
	
#MSG=END	
#LINE=END	

#LINE=START	
#TYPE=ALARM	
#LEVEL=LIGHT	
#MODULE=PM3	
#ID=12	
#TIME=2021.07.12 20:18:24:197	
#RESULT=POST	
#TITLE=PHY_MFC7 - Transducer Threshold Alarm.	
#MSG=START	
Transducer Flow was over Threshold Range..
	
#MSG=END	
#LINE=END	

#LINE=START	
#TYPE=ALARM	
#LEVEL=LIGHT	
#MODULE=PM3	
#ID=12	
#TIME=2021.07.12 20:18:24:197	
#RESULT=POST	
#TITLE=PHY_MFC5 - Transducer Threshold Alarm.	
#MSG=START	
Transducer Flow was over Threshold Range..
	
#MSG=END	
#LINE=END	

#LINE=START	
#TYPE=ALARM	
#LEVEL=LIGHT	
#MODULE=PM3	
#ID=12	
#TIME=2021.07.12 20:18:24:198	
#RESULT=POST	
#TITLE=PHY_MFC3 - Transducer Threshold Alarm.	
#MSG=START	
Transducer Flow was over Threshold Range..
	
#MSG=END	
#LINE=END	

#LINE=START	
#TYPE=ALARM	
#LEVEL=LIGHT	
#MODULE=PM3	
#ID=12	
#TIME=2021.07.12 20:18:24:198	
#RESULT=POST	
#TITLE=PHY_MFC6 - Transducer Threshold Alarm.	
#MSG=START	
Transducer Flow was over Threshold Range..
	
#MSG=END	
#LINE=END	

#LINE=START	
#TYPE=ALARM	
#LEVEL=LIGHT	
#MODULE=PM3	
#ID=12	
#TIME=2021.07.12 20:18:24:213	
#RESULT=POST	
#TITLE=PHY_MFC9 - Transducer Threshold Alarm.	
#MSG=START	
Transducer Flow was over Threshold Range..
	
#MSG=END	
#LINE=END	

@LINE	
STATUS	
GUI-100	
-1	
2021.07.12 20:19:58:666	
POST	
STOP	
	
@LINE	
STATUS	
GUI-100	
-1	
2021.07.12 20:28:06:544	
POST	
START	
	
#LINE=START	
#TYPE=ALARM	
#LEVEL=LIGHT	
#MODULE=PM3	
#ID=0	
#TIME=2021.07.12 20:27:55:260	
#RESULT=POST	
#TITLE=__SYS - SYSTEM ERROR	
#MSG=START	
Error Type    :  DIGITAL_DESCRIPTOR
Error Title   :  FNC_GAS_VLV_CTRL+CFG.WAP.AUTO.LEARN.GAS : DIGITAL DESCRIPTOR ERROR !
Error Message
The item (GAS07) does not exist.
	ITEM LIST


	
#MSG=END	
#LINE=END	

#LINE=START	
#TYPE=ALARM	
#LEVEL=LIGHT	
#MODULE=PM3	
#ID=10	
#TIME=2021.07.12 20:27:58:061	
#RESULT=POST	
#TITLE=PHY_IO__HEATER - HEATER SYSTEM : Chamber Not Closed. Heater Power Off !	
#MSG=START	
Heater Power was off. 
When Chamber's lid is not closed, heater power must be off. 
	
#MSG=END	
#LINE=END	

#LINE=START	
#TYPE=ALARM	
#LEVEL=LIGHT	
#MODULE=PM3	
#ID=89	
#TIME=2021.07.12 20:27:59:757	
#RESULT=POST	
#TITLE=FNC_STEP : The door of gas box is not closed !	
#MSG=START	
The current status of gas box's interlock sensor is "False". 

If chamber's status is "processing", process will be aborted. 
If chamber's status is "idle", chamber's status will be "maint". 
Please, check the status of gas box. 
	
#MSG=END	
#LINE=END	

#LINE=START	
#TYPE=ALARM	
#LEVEL=LIGHT	
#MODULE=PM3	
#ID=100	
#TIME=2021.07.12 20:27:59:829	
#RESULT=POST	
#TITLE=FNC_STEP : System interlock occurred !	
#MSG=START	
All RF Power <- Off 
All Gas Valve <- Close 
All Ballast Valve <- Close 

	
#MSG=END	
#LINE=END	

#LINE=START	
#TYPE=ALARM	
#LEVEL=LIGHT	
#MODULE=PM3	
#ID=4	
#TIME=2021.07.12 20:27:59:837	
#RESULT=POST	
#TITLE=PHY_APC_VLV - APC Valve can't control in no vacuum.	
#MSG=START	
Please, check vacuum sensor.
	
#MSG=END	
#LINE=END	

#LINE=START	
#TYPE=ALARM	
#LEVEL=LIGHT	
#MODULE=PM3	
#ID=11	
#TIME=2021.07.12 20:29:09:307	
#RESULT=POST	
#TITLE=PHY_MFC1 - Transducer Threshold Warning.	
#MSG=START	
Transducer Flow was over Threshold Range..
	
#MSG=END	
#LINE=END	

#LINE=START	
#TYPE=ALARM	
#LEVEL=LIGHT	
#MODULE=PM3	
#ID=12	
#TIME=2021.07.12 20:29:12:307	
#RESULT=POST	
#TITLE=PHY_MFC1 - Transducer Threshold Alarm.	
#MSG=START	
Transducer Flow was over Threshold Range..
	
#MSG=END	
#LINE=END	

#LINE=START	
#TYPE=ALARM	
#LEVEL=LIGHT	
#MODULE=PM3	
#ID=0	
#TIME=2021.07.12 20:31:16:510	
#RESULT=POST	
#TITLE=__SYS - SYSTEM ERROR	
#MSG=START	
Error Type    :  DIGITAL_DESCRIPTOR
Error Title   :  FNC_GAS_VLV_CTRL+CFG.WAP.AUTO.LEARN.GAS : DIGITAL DESCRIPTOR ERROR !
Error Message
The item (GAS07) does not exist.
	ITEM LIST


	
#MSG=END	
#LINE=END	

#LINE=START	
#TYPE=ALARM	
#LEVEL=LIGHT	
#MODULE=PM3	
#ID=10	
#TIME=2021.07.12 20:31:19:372	
#RESULT=POST	
#TITLE=PHY_IO__HEATER - HEATER SYSTEM : Chamber Not Closed. Heater Power Off !	
#MSG=START	
Heater Power was off. 
When Chamber's lid is not closed, heater power must be off. 
	
#MSG=END	
#LINE=END	

#LINE=START	
#TYPE=ALARM	
#LEVEL=LIGHT	
#MODULE=PM3	
#ID=89	
#TIME=2021.07.12 20:31:21:039	
#RESULT=POST	
#TITLE=FNC_STEP : The door of gas box is not closed !	
#MSG=START	
The current status of gas box's interlock sensor is "False". 

If chamber's status is "processing", process will be aborted. 
If chamber's status is "idle", chamber's status will be "maint". 
Please, check the status of gas box. 
	
#MSG=END	
#LINE=END	

#LINE=START	
#TYPE=ALARM	
#LEVEL=LIGHT	
#MODULE=PM3	
#ID=100	
#TIME=2021.07.12 20:31:21:109	
#RESULT=POST	
#TITLE=FNC_STEP : System interlock occurred !	
#MSG=START	
All RF Power <- Off 
All Gas Valve <- Close 
All Ballast Valve <- Close 

	
#MSG=END	
#LINE=END	

#LINE=START	
#TYPE=ALARM	
#LEVEL=LIGHT	
#MODULE=PM3	
#ID=4	
#TIME=2021.07.12 20:31:21:115	
#RESULT=POST	
#TITLE=PHY_APC_VLV - APC Valve can't control in no vacuum.	
#MSG=START	
Please, check vacuum sensor.
	
#MSG=END	
#LINE=END	

#LINE=START	
#TYPE=ALARM	
#LEVEL=LIGHT	
#MODULE=PM3	
#ID=11	
#TIME=2021.07.12 20:31:31:401	
#RESULT=POST	
#TITLE=PHY_MFC1 - Transducer Threshold Warning.	
#MSG=START	
cur: -15, threshold : 0, set-flow : 5
Transducer Flow was over Threshold Range..
	
#MSG=END	
#LINE=END	

#LINE=START	
#TYPE=ALARM	
#LEVEL=LIGHT	
#MODULE=PM3	
#ID=12	
#TIME=2021.07.12 20:31:34:400	
#RESULT=POST	
#TITLE=PHY_MFC1 - Transducer Threshold Alarm.	
#MSG=START	
cur: -15, threshold : 0, set-flow : 5
Transducer Flow was over Threshold Range..
	
#MSG=END	
#LINE=END	

#LINE=START	
#TYPE=ALARM	
#LEVEL=LIGHT	
#MODULE=PM3	
#ID=0	
#TIME=2021.07.12 20:45:16:557	
#RESULT=POST	
#TITLE=__SYS - SYSTEM ERROR	
#MSG=START	
Error Type    :  DIGITAL_DESCRIPTOR
Error Title   :  FNC_GAS_VLV_CTRL+CFG.WAP.AUTO.LEARN.GAS : DIGITAL DESCRIPTOR ERROR !
Error Message
The item (GAS07) does not exist.
	ITEM LIST


	
#MSG=END	
#LINE=END	

#LINE=START	
#TYPE=ALARM	
#LEVEL=LIGHT	
#MODULE=PM3	
#ID=10	
#TIME=2021.07.12 20:45:19:482	
#RESULT=POST	
#TITLE=PHY_IO__HEATER - HEATER SYSTEM : Chamber Not Closed. Heater Power Off !	
#MSG=START	
Heater Power was off. 
When Chamber's lid is not closed, heater power must be off. 
	
#MSG=END	
#LINE=END	

#LINE=START	
#TYPE=ALARM	
#LEVEL=LIGHT	
#MODULE=PM3	
#ID=89	
#TIME=2021.07.12 20:45:21:040	
#RESULT=POST	
#TITLE=FNC_STEP : The door of gas box is not closed !	
#MSG=START	
The current status of gas box's interlock sensor is "False". 

If chamber's status is "processing", process will be aborted. 
If chamber's status is "idle", chamber's status will be "maint". 
Please, check the status of gas box. 
	
#MSG=END	
#LINE=END	

#LINE=START	
#TYPE=ALARM	
#LEVEL=LIGHT	
#MODULE=PM3	
#ID=100	
#TIME=2021.07.12 20:45:21:110	
#RESULT=POST	
#TITLE=FNC_STEP : System interlock occurred !	
#MSG=START	
All RF Power <- Off 
All Gas Valve <- Close 
All Ballast Valve <- Close 

	
#MSG=END	
#LINE=END	

#LINE=START	
#TYPE=ALARM	
#LEVEL=LIGHT	
#MODULE=PM3	
#ID=4	
#TIME=2021.07.12 20:45:21:118	
#RESULT=POST	
#TITLE=PHY_APC_VLV - APC Valve can't control in no vacuum.	
#MSG=START	
Please, check vacuum sensor.
	
#MSG=END	
#LINE=END	

#LINE=START	
#TYPE=ALARM	
#LEVEL=LIGHT	
#MODULE=PM3	
#ID=11	
#TIME=2021.07.12 20:45:31:494	
#RESULT=POST	
#TITLE=PHY_MFC1 - Transducer Threshold Warning.	
#MSG=START	
cur: -15, threshold : 10, set-flow : 5
Transducer Flow was over Threshold Range..
	
#MSG=END	
#LINE=END	

#LINE=START	
#TYPE=ALARM	
#LEVEL=LIGHT	
#MODULE=PM3	
#ID=12	
#TIME=2021.07.12 20:45:34:495	
#RESULT=POST	
#TITLE=PHY_MFC1 - Transducer Threshold Alarm.	
#MSG=START	
cur: -15, threshold : 10, set-flow : 5
Transducer Flow was over Threshold Range..
	
#MSG=END	
#LINE=END	

#LINE=START	
#TYPE=ALARM	
#LEVEL=LIGHT	
#MODULE=PM3	
#ID=0	
#TIME=2021.07.12 20:55:42:307	
#RESULT=POST	
#TITLE=__SYS - SYSTEM ERROR	
#MSG=START	
Error Type    :  DIGITAL_DESCRIPTOR
Error Title   :  FNC_GAS_VLV_CTRL+CFG.WAP.AUTO.LEARN.GAS : DIGITAL DESCRIPTOR ERROR !
Error Message
The item (GAS07) does not exist.
	ITEM LIST


	
#MSG=END	
#LINE=END	

#LINE=START	
#TYPE=ALARM	
#LEVEL=LIGHT	
#MODULE=PM3	
#ID=10	
#TIME=2021.07.12 20:55:45:261	
#RESULT=POST	
#TITLE=PHY_IO__HEATER - HEATER SYSTEM : Chamber Not Closed. Heater Power Off !	
#MSG=START	
Heater Power was off. 
When Chamber's lid is not closed, heater power must be off. 
	
#MSG=END	
#LINE=END	

#LINE=START	
#TYPE=ALARM	
#LEVEL=LIGHT	
#MODULE=PM3	
#ID=89	
#TIME=2021.07.12 20:55:46:851	
#RESULT=POST	
#TITLE=FNC_STEP : The door of gas box is not closed !	
#MSG=START	
The current status of gas box's interlock sensor is "False". 

If chamber's status is "processing", process will be aborted. 
If chamber's status is "idle", chamber's status will be "maint". 
Please, check the status of gas box. 
	
#MSG=END	
#LINE=END	

#LINE=START	
#TYPE=ALARM	
#LEVEL=LIGHT	
#MODULE=PM3	
#ID=100	
#TIME=2021.07.12 20:55:46:883	
#RESULT=POST	
#TITLE=FNC_STEP : System interlock occurred !	
#MSG=START	
All RF Power <- Off 
All Gas Valve <- Close 
All Ballast Valve <- Close 

	
#MSG=END	
#LINE=END	

#LINE=START	
#TYPE=ALARM	
#LEVEL=LIGHT	
#MODULE=PM3	
#ID=4	
#TIME=2021.07.12 20:55:46:891	
#RESULT=POST	
#TITLE=PHY_APC_VLV - APC Valve can't control in no vacuum.	
#MSG=START	
Please, check vacuum sensor.
	
#MSG=END	
#LINE=END	

#LINE=START	
#TYPE=ALARM	
#LEVEL=LIGHT	
#MODULE=PM3	
#ID=0	
#TIME=2021.07.12 20:56:41:750	
#RESULT=CHECK	
#TITLE=__SYS - SYSTEM ERROR	
#MSG=START	
Error Type    :  DIGITAL_DESCRIPTOR
Error Title   :  FNC_GAS_VLV_CTRL+CFG.WAP.AUTO.LEARN.GAS : DIGITAL DESCRIPTOR ERROR !
Error Message
The item (GAS07) does not exist.
	ITEM LIST


	
#MSG=END	
#LINE=END	

#LINE=START	
#TYPE=ALARM	
#LEVEL=LIGHT	
#MODULE=PM3	
#ID=92	
#TIME=2021.07.12 20:58:18:103	
#RESULT=POST	
#TITLE=FNC_STEP : "He Dechuck" Initial Error !	
#MSG=START	
Please, don't let lift-pin up. 
If you click [ABORT],  Init sequence will be aborted. 
If you click [IGNORE], Init sequence will be completed. 
	
#MSG=END	
#LINE=END	

#LINE=START	
#TYPE=ALARM	
#LEVEL=LIGHT	
#MODULE=PM3	
#ID=92	
#TIME=2021.07.12 20:58:21:980	
#RESULT=ABORT	
#TITLE=FNC_STEP : "He Dechuck" Initial Error !	
#MSG=START	
Please, don't let lift-pin up. 
If you click [ABORT],  Init sequence will be aborted. 
If you click [IGNORE], Init sequence will be completed. 
	
#MSG=END	
#LINE=END	

#LINE=START	
#TYPE=ALARM	
#LEVEL=LIGHT	
#MODULE=PM3	
#ID=1	
#TIME=2021.07.12 20:58:21:984	
#RESULT=POST	
#TITLE=FNC_SYSTEM : SYSTEM INIT FAILED.	
#MSG=START	
OBJECT [He_DECHUCK] INIT Failed [11] Object : Result [-1] 
System Component Initialize Action Failed.	
#MSG=END	
#LINE=END	

#LINE=START	
#TYPE=ALARM	
#LEVEL=LIGHT	
#MODULE=PM3	
#ID=1	
#TIME=2021.07.12 21:23:56:331	
#RESULT=CHECK	
#TITLE=FNC_SYSTEM : SYSTEM INIT FAILED.	
#MSG=START	
OBJECT [He_DECHUCK] INIT Failed [11] Object : Result [-1] 
System Component Initialize Action Failed.	
#MSG=END	
#LINE=END	

#LINE=START	
#TYPE=ALARM	
#LEVEL=LIGHT	
#MODULE=PM3	
#ID=4	
#TIME=2021.07.12 21:23:56:916	
#RESULT=CHECK	
#TITLE=PHY_APC_VLV - APC Valve can't control in no vacuum.	
#MSG=START	
Please, check vacuum sensor.
	
#MSG=END	
#LINE=END	

#LINE=START	
#TYPE=ALARM	
#LEVEL=LIGHT	
#MODULE=PM3	
#ID=100	
#TIME=2021.07.12 21:23:57:322	
#RESULT=CHECK	
#TITLE=FNC_STEP : System interlock occurred !	
#MSG=START	
All RF Power <- Off 
All Gas Valve <- Close 
All Ballast Valve <- Close 

	
#MSG=END	
#LINE=END	

#LINE=START	
#TYPE=ALARM	
#LEVEL=LIGHT	
#MODULE=PM3	
#ID=89	
#TIME=2021.07.12 21:23:57:671	
#RESULT=CHECK	
#TITLE=FNC_STEP : The door of gas box is not closed !	
#MSG=START	
The current status of gas box's interlock sensor is "False". 

If chamber's status is "processing", process will be aborted. 
If chamber's status is "idle", chamber's status will be "maint". 
Please, check the status of gas box. 
	
#MSG=END	
#LINE=END	

#LINE=START	
#TYPE=ALARM	
#LEVEL=LIGHT	
#MODULE=PM3	
#ID=10	
#TIME=2021.07.12 21:23:58:682	
#RESULT=CHECK	
#TITLE=PHY_IO__HEATER - HEATER SYSTEM : Chamber Not Closed. Heater Power Off !	
#MSG=START	
Heater Power was off. 
When Chamber's lid is not closed, heater power must be off. 
	
#MSG=END	
#LINE=END	

#LINE=START	
#TYPE=ALARM	
#LEVEL=LIGHT	
#MODULE=PM3	
#ID=3	
#TIME=2021.07.12 21:23:59:088	
#RESULT=POST	
#TITLE=PHY_MFC1 - During Idle, MFC Flow Control Warning Range Alarm.	
#MSG=START	
Idle Warning Range Check ... 
When Idle, [C4F8] Set:[50.00]sccm, Cfg WarnBand:[7.00] Percent, Checking Time:[5]sec 

So, valid range is [46.50]sccm < Flow sccm < [53.50]sccm ... 

But, current flow is [50.00]sccm. 

Flow Control was over the Warning Range..
	
#MSG=END	
#LINE=END	

#LINE=START	
#TYPE=ALARM	
#LEVEL=LIGHT	
#MODULE=PM3	
#ID=0	
#TIME=2021.07.12 21:31:45:245	
#RESULT=POST	
#TITLE=__SYS - SYSTEM ERROR	
#MSG=START	
Error Type    :  DIGITAL_DESCRIPTOR
Error Title   :  FNC_GAS_VLV_CTRL+CFG.WAP.AUTO.LEARN.GAS : DIGITAL DESCRIPTOR ERROR !
Error Message
The item (GAS07) does not exist.
	ITEM LIST


	
#MSG=END	
#LINE=END	

#LINE=START	
#TYPE=ALARM	
#LEVEL=LIGHT	
#MODULE=PM3	
#ID=10	
#TIME=2021.07.12 21:31:48:109	
#RESULT=POST	
#TITLE=PHY_IO__HEATER - HEATER SYSTEM : Chamber Not Closed. Heater Power Off !	
#MSG=START	
Heater Power was off. 
When Chamber's lid is not closed, heater power must be off. 
	
#MSG=END	
#LINE=END	

#LINE=START	
#TYPE=ALARM	
#LEVEL=LIGHT	
#MODULE=PM3	
#ID=89	
#TIME=2021.07.12 21:31:49:772	
#RESULT=POST	
#TITLE=FNC_STEP : The door of gas box is not closed !	
#MSG=START	
The current status of gas box's interlock sensor is "False". 

If chamber's status is "processing", process will be aborted. 
If chamber's status is "idle", chamber's status will be "maint". 
Please, check the status of gas box. 
	
#MSG=END	
#LINE=END	

#LINE=START	
#TYPE=ALARM	
#LEVEL=LIGHT	
#MODULE=PM3	
#ID=100	
#TIME=2021.07.12 21:31:49:845	
#RESULT=POST	
#TITLE=FNC_STEP : System interlock occurred !	
#MSG=START	
All RF Power <- Off 
All Gas Valve <- Close 
All Ballast Valve <- Close 

	
#MSG=END	
#LINE=END	

#LINE=START	
#TYPE=ALARM	
#LEVEL=LIGHT	
#MODULE=PM3	
#ID=4	
#TIME=2021.07.12 21:31:49:853	
#RESULT=POST	
#TITLE=PHY_APC_VLV - APC Valve can't control in no vacuum.	
#MSG=START	
Please, check vacuum sensor.
	
#MSG=END	
#LINE=END	

#LINE=START	
#TYPE=ALARM	
#LEVEL=LIGHT	
#MODULE=PM3	
#ID=0	
#TIME=2021.07.12 21:31:53:989	
#RESULT=CHECK	
#TITLE=__SYS - SYSTEM ERROR	
#MSG=START	
Error Type    :  DIGITAL_DESCRIPTOR
Error Title   :  FNC_GAS_VLV_CTRL+CFG.WAP.AUTO.LEARN.GAS : DIGITAL DESCRIPTOR ERROR !
Error Message
The item (GAS07) does not exist.
	ITEM LIST


	
#MSG=END	
#LINE=END	

#LINE=START	
#TYPE=ALARM	
#LEVEL=LIGHT	
#MODULE=PM3	
#ID=4	
#TIME=2021.07.12 21:34:59:135	
#RESULT=CHECK	
#TITLE=PHY_APC_VLV - APC Valve can't control in no vacuum.	
#MSG=START	
Please, check vacuum sensor.
	
#MSG=END	
#LINE=END	

#LINE=START	
#TYPE=ALARM	
#LEVEL=LIGHT	
#MODULE=PM3	
#ID=100	
#TIME=2021.07.12 21:34:59:189	
#RESULT=CHECK	
#TITLE=FNC_STEP : System interlock occurred !	
#MSG=START	
All RF Power <- Off 
All Gas Valve <- Close 
All Ballast Valve <- Close 

	
#MSG=END	
#LINE=END	

#LINE=START	
#TYPE=ALARM	
#LEVEL=LIGHT	
#MODULE=PM3	
#ID=89	
#TIME=2021.07.12 21:34:59:239	
#RESULT=CHECK	
#TITLE=FNC_STEP : The door of gas box is not closed !	
#MSG=START	
The current status of gas box's interlock sensor is "False". 

If chamber's status is "processing", process will be aborted. 
If chamber's status is "idle", chamber's status will be "maint". 
Please, check the status of gas box. 
	
#MSG=END	
#LINE=END	

#LINE=START	
#TYPE=ALARM	
#LEVEL=LIGHT	
#MODULE=PM3	
#ID=10	
#TIME=2021.07.12 21:34:59:300	
#RESULT=CHECK	
#TITLE=PHY_IO__HEATER - HEATER SYSTEM : Chamber Not Closed. Heater Power Off !	
#MSG=START	
Heater Power was off. 
When Chamber's lid is not closed, heater power must be off. 
	
#MSG=END	
#LINE=END	

#LINE=START	
#TYPE=ALARM	
#LEVEL=LIGHT	
#MODULE=PM3	
#ID=3	
#TIME=2021.07.12 21:38:21:245	
#RESULT=POST	
#TITLE=PHY_MFC1 - During Idle, MFC Flow Control Warning Range Alarm.	
#MSG=START	
Idle Warning Range Check ... 
When Idle, [C4F8] Set:[50.00]sccm, Cfg WarnBand:[7.00] Percent, Checking Time:[5]sec 

So, valid range is [46.50]sccm < Flow sccm < [53.50]sccm ... 

But, current flow is [0.00]sccm. 

Flow Control was over the Warning Range..
	
#MSG=END	
#LINE=END	

#LINE=START	
#TYPE=ALARM	
#LEVEL=LIGHT	
#MODULE=PM3	
#ID=0	
#TIME=2021.07.12 21:42:18:978	
#RESULT=POST	
#TITLE=__SYS - SYSTEM ERROR	
#MSG=START	
Error Type    :  DIGITAL_DESCRIPTOR
Error Title   :  FNC_GAS_VLV_CTRL+CFG.WAP.AUTO.LEARN.GAS : DIGITAL DESCRIPTOR ERROR !
Error Message
The item (GAS07) does not exist.
	ITEM LIST


	
#MSG=END	
#LINE=END	

#LINE=START	
#TYPE=ALARM	
#LEVEL=LIGHT	
#MODULE=PM3	
#ID=10	
#TIME=2021.07.12 21:42:21:857	
#RESULT=POST	
#TITLE=PHY_IO__HEATER - HEATER SYSTEM : Chamber Not Closed. Heater Power Off !	
#MSG=START	
Heater Power was off. 
When Chamber's lid is not closed, heater power must be off. 
	
#MSG=END	
#LINE=END	

#LINE=START	
#TYPE=ALARM	
#LEVEL=LIGHT	
#MODULE=PM3	
#ID=89	
#TIME=2021.07.12 21:42:23:491	
#RESULT=POST	
#TITLE=FNC_STEP : The door of gas box is not closed !	
#MSG=START	
The current status of gas box's interlock sensor is "False". 

If chamber's status is "processing", process will be aborted. 
If chamber's status is "idle", chamber's status will be "maint". 
Please, check the status of gas box. 
	
#MSG=END	
#LINE=END	

#LINE=START	
#TYPE=ALARM	
#LEVEL=LIGHT	
#MODULE=PM3	
#ID=100	
#TIME=2021.07.12 21:42:23:579	
#RESULT=POST	
#TITLE=FNC_STEP : System interlock occurred !	
#MSG=START	
All RF Power <- Off 
All Gas Valve <- Close 
All Ballast Valve <- Close 

	
#MSG=END	
#LINE=END	

#LINE=START	
#TYPE=ALARM	
#LEVEL=LIGHT	
#MODULE=PM3	
#ID=13	
#TIME=2021.07.12 21:42:25:288	
#RESULT=POST	
#TITLE=FNC_CHM - PMC's slit valve is not closed !	
#MSG=START	
Cann't execute the "HIGH_VAC_PUMP" mode.

Please, check the pmc's slit valve.
	
#MSG=END	
#LINE=END	

#LINE=START	
#TYPE=ALARM	
#LEVEL=LIGHT	
#MODULE=PM3	
#ID=13	
#TIME=2021.07.12 21:42:32:151	
#RESULT=RETRY	
#TITLE=FNC_CHM - PMC's slit valve is not closed !	
#MSG=START	
Cann't execute the "HIGH_VAC_PUMP" mode.

Please, check the pmc's slit valve.
	
#MSG=END	
#LINE=END	

#LINE=START	
#TYPE=ALARM	
#LEVEL=LIGHT	
#MODULE=PM3	
#ID=100	
#TIME=2021.07.12 21:43:45:311	
#RESULT=CHECK	
#TITLE=FNC_STEP : System interlock occurred !	
#MSG=START	
All RF Power <- Off 
All Gas Valve <- Close 
All Ballast Valve <- Close 

	
#MSG=END	
#LINE=END	

#LINE=START	
#TYPE=ALARM	
#LEVEL=LIGHT	
#MODULE=PM3	
#ID=89	
#TIME=2021.07.12 21:43:45:360	
#RESULT=CHECK	
#TITLE=FNC_STEP : The door of gas box is not closed !	
#MSG=START	
The current status of gas box's interlock sensor is "False". 

If chamber's status is "processing", process will be aborted. 
If chamber's status is "idle", chamber's status will be "maint". 
Please, check the status of gas box. 
	
#MSG=END	
#LINE=END	

#LINE=START	
#TYPE=ALARM	
#LEVEL=LIGHT	
#MODULE=PM3	
#ID=10	
#TIME=2021.07.12 21:43:45:412	
#RESULT=CHECK	
#TITLE=PHY_IO__HEATER - HEATER SYSTEM : Chamber Not Closed. Heater Power Off !	
#MSG=START	
Heater Power was off. 
When Chamber's lid is not closed, heater power must be off. 
	
#MSG=END	
#LINE=END	

#LINE=START	
#TYPE=ALARM	
#LEVEL=LIGHT	
#MODULE=PM3	
#ID=0	
#TIME=2021.07.12 21:43:45:467	
#RESULT=CHECK	
#TITLE=__SYS - SYSTEM ERROR	
#MSG=START	
Error Type    :  DIGITAL_DESCRIPTOR
Error Title   :  FNC_GAS_VLV_CTRL+CFG.WAP.AUTO.LEARN.GAS : DIGITAL DESCRIPTOR ERROR !
Error Message
The item (GAS07) does not exist.
	ITEM LIST


	
#MSG=END	
#LINE=END	

#LINE=START	
#TYPE=ALARM	
#LEVEL=LIGHT	
#MODULE=PM3	
#ID=3	
#TIME=2021.07.12 21:45:45:993	
#RESULT=POST	
#TITLE=PHY_MFC1 - During Idle, MFC Flow Control Warning Range Alarm.	
#MSG=START	
Idle Warning Range Check ... 
When Idle, [C4F8] Set:[50.00]sccm, Cfg WarnBand:[7.00] Percent, Checking Time:[5]sec 

So, valid range is [46.50]sccm < Flow sccm < [53.50]sccm ... 

But, current flow is [0.00]sccm. 

Flow Control was over the Warning Range..
	
#MSG=END	
#LINE=END	

#LINE=START	
#TYPE=ALARM	
#LEVEL=LIGHT	
#MODULE=PM3	
#ID=4	
#TIME=2021.07.12 21:45:50:995	
#RESULT=POST	
#TITLE=PHY_MFC1 - During Idle, MFC Flow Control Abort Range Alarm.	
#MSG=START	
Idle Abort Range Check ... 
When idle, [C4F8] set:[50.00]sccm, Cfg Abort Band:[10.00] percent, Checking Time:[10]sec 

So, valid range is [45.00]sccm < Flow sccm < [55.00]sccm. 

But, current flow is [0.00]sccm. 

Flow Control was over the Abort Range..
For Safety, MFC Flow Will be Stopped !!
	
#MSG=END	
#LINE=END	

#LINE=START	
#TYPE=ALARM	
#LEVEL=LIGHT	
#MODULE=PM3	
#ID=0	
#TIME=2021.07.12 21:52:25:995	
#RESULT=POST	
#TITLE=__SYS - SYSTEM ERROR	
#MSG=START	
Error Type    :  DIGITAL_DESCRIPTOR
Error Title   :  FNC_GAS_VLV_CTRL+CFG.WAP.AUTO.LEARN.GAS : DIGITAL DESCRIPTOR ERROR !
Error Message
The item (GAS07) does not exist.
	ITEM LIST


	
#MSG=END	
#LINE=END	

#LINE=START	
#TYPE=ALARM	
#LEVEL=LIGHT	
#MODULE=PM3	
#ID=10	
#TIME=2021.07.12 21:52:28:920	
#RESULT=POST	
#TITLE=PHY_IO__HEATER - HEATER SYSTEM : Chamber Not Closed. Heater Power Off !	
#MSG=START	
Heater Power was off. 
When Chamber's lid is not closed, heater power must be off. 
	
#MSG=END	
#LINE=END	

#LINE=START	
#TYPE=ALARM	
#LEVEL=LIGHT	
#MODULE=PM3	
#ID=89	
#TIME=2021.07.12 21:52:30:507	
#RESULT=POST	
#TITLE=FNC_STEP : The door of gas box is not closed !	
#MSG=START	
The current status of gas box's interlock sensor is "False". 

If chamber's status is "processing", process will be aborted. 
If chamber's status is "idle", chamber's status will be "maint". 
Please, check the status of gas box. 
	
#MSG=END	
#LINE=END	

#LINE=START	
#TYPE=ALARM	
#LEVEL=LIGHT	
#MODULE=PM3	
#ID=100	
#TIME=2021.07.12 21:52:30:594	
#RESULT=POST	
#TITLE=FNC_STEP : System interlock occurred !	
#MSG=START	
All RF Power <- Off 
All Gas Valve <- Close 
All Ballast Valve <- Close 

	
#MSG=END	
#LINE=END	

#LINE=START	
#TYPE=ALARM	
#LEVEL=LIGHT	
#MODULE=PM3	
#ID=4	
#TIME=2021.07.12 21:52:30:601	
#RESULT=POST	
#TITLE=PHY_APC_VLV - APC Valve can't control in no vacuum.	
#MSG=START	
Please, check vacuum sensor.
	
#MSG=END	
#LINE=END	

#LINE=START	
#TYPE=ALARM	
#LEVEL=LIGHT	
#MODULE=PM3	
#ID=0	
#TIME=2021.07.12 21:53:18:297	
#RESULT=CHECK	
#TITLE=__SYS - SYSTEM ERROR	
#MSG=START	
Error Type    :  DIGITAL_DESCRIPTOR
Error Title   :  FNC_GAS_VLV_CTRL+CFG.WAP.AUTO.LEARN.GAS : DIGITAL DESCRIPTOR ERROR !
Error Message
The item (GAS07) does not exist.
	ITEM LIST


	
#MSG=END	
#LINE=END	

#LINE=START	
#TYPE=ALARM	
#LEVEL=LIGHT	
#MODULE=PM3	
#ID=4	
#TIME=2021.07.12 21:53:27:738	
#RESULT=CHECK	
#TITLE=PHY_APC_VLV - APC Valve can't control in no vacuum.	
#MSG=START	
Please, check vacuum sensor.
	
#MSG=END	
#LINE=END	

#LINE=START	
#TYPE=ALARM	
#LEVEL=LIGHT	
#MODULE=PM3	
#ID=100	
#TIME=2021.07.12 21:53:27:792	
#RESULT=CHECK	
#TITLE=FNC_STEP : System interlock occurred !	
#MSG=START	
All RF Power <- Off 
All Gas Valve <- Close 
All Ballast Valve <- Close 

	
#MSG=END	
#LINE=END	

#LINE=START	
#TYPE=ALARM	
#LEVEL=LIGHT	
#MODULE=PM3	
#ID=89	
#TIME=2021.07.12 21:53:27:845	
#RESULT=CHECK	
#TITLE=FNC_STEP : The door of gas box is not closed !	
#MSG=START	
The current status of gas box's interlock sensor is "False". 

If chamber's status is "processing", process will be aborted. 
If chamber's status is "idle", chamber's status will be "maint". 
Please, check the status of gas box. 
	
#MSG=END	
#LINE=END	

#LINE=START	
#TYPE=ALARM	
#LEVEL=LIGHT	
#MODULE=PM3	
#ID=10	
#TIME=2021.07.12 21:53:27:900	
#RESULT=CHECK	
#TITLE=PHY_IO__HEATER - HEATER SYSTEM : Chamber Not Closed. Heater Power Off !	
#MSG=START	
Heater Power was off. 
When Chamber's lid is not closed, heater power must be off. 
	
#MSG=END	
#LINE=END	

#LINE=START	
#TYPE=ALARM	
#LEVEL=LIGHT	
#MODULE=PM3	
#ID=11	
#TIME=2021.07.12 21:54:01:995	
#RESULT=POST	
#TITLE=PHY_MFC1 - Transducer Threshold Warning.	
#MSG=START	
cur: -15, threshold : 10, set-flow : 5
Transducer Flow was over Threshold Range..
	
#MSG=END	
#LINE=END	

#LINE=START	
#TYPE=ALARM	
#LEVEL=LIGHT	
#MODULE=PM3	
#ID=12	
#TIME=2021.07.12 21:54:04:994	
#RESULT=POST	
#TITLE=PHY_MFC1 - Transducer Threshold Alarm.	
#MSG=START	
cur: -15, threshold : 10, set-flow : 5
Transducer Flow was over Threshold Range..
	
#MSG=END	
#LINE=END	

#LINE=START	
#TYPE=ALARM	
#LEVEL=LIGHT	
#MODULE=PM3	
#ID=12	
#TIME=2021.07.12 21:54:32:044	
#RESULT=CLEAR	
#TITLE=PHY_MFC1 - Transducer Threshold Alarm.	
#MSG=START	
cur: -15, threshold : 10, set-flow : 5
Transducer Flow was over Threshold Range..
	
#MSG=END	
#LINE=END	

#LINE=START	
#TYPE=ALARM	
#LEVEL=LIGHT	
#MODULE=PM3	
#ID=11	
#TIME=2021.07.12 21:54:32:694	
#RESULT=CLEAR	
#TITLE=PHY_MFC1 - Transducer Threshold Warning.	
#MSG=START	
cur: -15, threshold : 10, set-flow : 5
Transducer Flow was over Threshold Range..
	
#MSG=END	
#LINE=END	

@LINE	
STATUS	
GUI-100	
-1	
2021.07.12 22:02:09:883	
POST	
STOP	
	
@LINE	
STATUS	
GUI-100	
-1	
2021.07.12 22:10:14:582	
POST	
START	
	
#LINE=START	
#TYPE=ALARM	
#LEVEL=LIGHT	
#MODULE=PM3	
#ID=0	
#TIME=2021.07.12 22:10:04:040	
#RESULT=POST	
#TITLE=__SYS - SYSTEM ERROR	
#MSG=START	
Error Type    :  DIGITAL_DESCRIPTOR
Error Title   :  FNC_GAS_VLV_CTRL+CFG.WAP.AUTO.LEARN.GAS : DIGITAL DESCRIPTOR ERROR !
Error Message
The item (GAS07) does not exist.
	ITEM LIST


	
#MSG=END	
#LINE=END	

#LINE=START	
#TYPE=ALARM	
#LEVEL=LIGHT	
#MODULE=PM3	
#ID=10	
#TIME=2021.07.12 22:10:06:889	
#RESULT=POST	
#TITLE=PHY_IO__HEATER - HEATER SYSTEM : Chamber Not Closed. Heater Power Off !	
#MSG=START	
Heater Power was off. 
When Chamber's lid is not closed, heater power must be off. 
	
#MSG=END	
#LINE=END	

#LINE=START	
#TYPE=ALARM	
#LEVEL=LIGHT	
#MODULE=PM3	
#ID=89	
#TIME=2021.07.12 22:10:08:570	
#RESULT=POST	
#TITLE=FNC_STEP : The door of gas box is not closed !	
#MSG=START	
The current status of gas box's interlock sensor is "False". 

If chamber's status is "processing", process will be aborted. 
If chamber's status is "idle", chamber's status will be "maint". 
Please, check the status of gas box. 
	
#MSG=END	
#LINE=END	

#LINE=START	
#TYPE=ALARM	
#LEVEL=LIGHT	
#MODULE=PM3	
#ID=100	
#TIME=2021.07.12 22:10:08:625	
#RESULT=POST	
#TITLE=FNC_STEP : System interlock occurred !	
#MSG=START	
All RF Power <- Off 
All Gas Valve <- Close 
All Ballast Valve <- Close 

	
#MSG=END	
#LINE=END	

#LINE=START	
#TYPE=ALARM	
#LEVEL=LIGHT	
#MODULE=PM3	
#ID=4	
#TIME=2021.07.12 22:10:08:637	
#RESULT=POST	
#TITLE=PHY_APC_VLV - APC Valve can't control in no vacuum.	
#MSG=START	
Please, check vacuum sensor.
	
#MSG=END	
#LINE=END	

#LINE=START	
#TYPE=ALARM	
#LEVEL=LIGHT	
#MODULE=PM3	
#ID=4	
#TIME=2021.07.12 22:11:29:140	
#RESULT=CHECK	
#TITLE=PHY_APC_VLV - APC Valve can't control in no vacuum.	
#MSG=START	
Please, check vacuum sensor.
	
#MSG=END	
#LINE=END	

#LINE=START	
#TYPE=ALARM	
#LEVEL=LIGHT	
#MODULE=PM3	
#ID=100	
#TIME=2021.07.12 22:11:29:201	
#RESULT=CHECK	
#TITLE=FNC_STEP : System interlock occurred !	
#MSG=START	
All RF Power <- Off 
All Gas Valve <- Close 
All Ballast Valve <- Close 

	
#MSG=END	
#LINE=END	

#LINE=START	
#TYPE=ALARM	
#LEVEL=LIGHT	
#MODULE=PM3	
#ID=89	
#TIME=2021.07.12 22:11:29:272	
#RESULT=CHECK	
#TITLE=FNC_STEP : The door of gas box is not closed !	
#MSG=START	
The current status of gas box's interlock sensor is "False". 

If chamber's status is "processing", process will be aborted. 
If chamber's status is "idle", chamber's status will be "maint". 
Please, check the status of gas box. 
	
#MSG=END	
#LINE=END	

#LINE=START	
#TYPE=ALARM	
#LEVEL=LIGHT	
#MODULE=PM3	
#ID=10	
#TIME=2021.07.12 22:11:29:346	
#RESULT=CHECK	
#TITLE=PHY_IO__HEATER - HEATER SYSTEM : Chamber Not Closed. Heater Power Off !	
#MSG=START	
Heater Power was off. 
When Chamber's lid is not closed, heater power must be off. 
	
#MSG=END	
#LINE=END	

#LINE=START	
#TYPE=ALARM	
#LEVEL=LIGHT	
#MODULE=PM3	
#ID=0	
#TIME=2021.07.12 22:11:29:401	
#RESULT=CHECK	
#TITLE=__SYS - SYSTEM ERROR	
#MSG=START	
Error Type    :  DIGITAL_DESCRIPTOR
Error Title   :  FNC_GAS_VLV_CTRL+CFG.WAP.AUTO.LEARN.GAS : DIGITAL DESCRIPTOR ERROR !
Error Message
The item (GAS07) does not exist.
	ITEM LIST


	
#MSG=END	
#LINE=END	

#LINE=START	
#TYPE=ALARM	
#LEVEL=LIGHT	
#MODULE=PM3	
#ID=3	
#TIME=2021.07.12 22:16:20:446	
#RESULT=POST	
#TITLE=PHY_MFC17 - During Idle, MFC Flow Control Warning Range Alarm.	
#MSG=START	
Idle Warning Range Check ... 
When Idle, [O2] Set:[10.00]sccm, Cfg WarnBand:[1.00] Percent, Checking Time:[5]sec 

So, valid range is [9.90]sccm < Flow sccm < [10.10]sccm ... 

But, current flow is [0.00]sccm. 

Flow Control was over the Warning Range..
	
#MSG=END	
#LINE=END	

#LINE=START	
#TYPE=ALARM	
#LEVEL=LIGHT	
#MODULE=PM3	
#ID=4	
#TIME=2021.07.12 22:16:25:447	
#RESULT=POST	
#TITLE=PHY_MFC17 - During Idle, MFC Flow Control Abort Range Alarm.	
#MSG=START	
Idle Abort Range Check ... 
When idle, [O2] set:[10.00]sccm, Cfg Abort Band:[2.00] percent, Checking Time:[10]sec 

So, valid range is [9.80]sccm < Flow sccm < [10.20]sccm. 

But, current flow is [0.00]sccm. 

Flow Control was over the Abort Range..
For Safety, MFC Flow Will be Stopped !!
	
#MSG=END	
#LINE=END	

#LINE=START	
#TYPE=ALARM	
#LEVEL=LIGHT	
#MODULE=PM3	
#ID=0	
#TIME=2021.07.12 22:23:00:416	
#RESULT=POST	
#TITLE=__SYS - SYSTEM ERROR	
#MSG=START	
Error Type    :  DIGITAL_DESCRIPTOR
Error Title   :  FNC_GAS_VLV_CTRL+CFG.WAP.AUTO.LEARN.GAS : DIGITAL DESCRIPTOR ERROR !
Error Message
The item (GAS07) does not exist.
	ITEM LIST


	
#MSG=END	
#LINE=END	

#LINE=START	
#TYPE=ALARM	
#LEVEL=LIGHT	
#MODULE=PM3	
#ID=10	
#TIME=2021.07.12 22:23:03:248	
#RESULT=POST	
#TITLE=PHY_IO__HEATER - HEATER SYSTEM : Chamber Not Closed. Heater Power Off !	
#MSG=START	
Heater Power was off. 
When Chamber's lid is not closed, heater power must be off. 
	
#MSG=END	
#LINE=END	

#LINE=START	
#TYPE=ALARM	
#LEVEL=LIGHT	
#MODULE=PM3	
#ID=89	
#TIME=2021.07.12 22:23:04:945	
#RESULT=POST	
#TITLE=FNC_STEP : The door of gas box is not closed !	
#MSG=START	
The current status of gas box's interlock sensor is "False". 

If chamber's status is "processing", process will be aborted. 
If chamber's status is "idle", chamber's status will be "maint". 
Please, check the status of gas box. 
	
#MSG=END	
#LINE=END	

#LINE=START	
#TYPE=ALARM	
#LEVEL=LIGHT	
#MODULE=PM3	
#ID=100	
#TIME=2021.07.12 22:23:05:001	
#RESULT=POST	
#TITLE=FNC_STEP : System interlock occurred !	
#MSG=START	
All RF Power <- Off 
All Gas Valve <- Close 
All Ballast Valve <- Close 

	
#MSG=END	
#LINE=END	

#LINE=START	
#TYPE=ALARM	
#LEVEL=LIGHT	
#MODULE=PM3	
#ID=4	
#TIME=2021.07.12 22:23:05:008	
#RESULT=POST	
#TITLE=PHY_APC_VLV - APC Valve can't control in no vacuum.	
#MSG=START	
Please, check vacuum sensor.
	
#MSG=END	
#LINE=END	

#LINE=START	
#TYPE=ALARM	
#LEVEL=LIGHT	
#MODULE=PM3	
#ID=4	
#TIME=2021.07.12 22:23:09:871	
#RESULT=CHECK	
#TITLE=PHY_APC_VLV - APC Valve can't control in no vacuum.	
#MSG=START	
Please, check vacuum sensor.
	
#MSG=END	
#LINE=END	

#LINE=START	
#TYPE=ALARM	
#LEVEL=LIGHT	
#MODULE=PM3	
#ID=100	
#TIME=2021.07.12 22:23:09:912	
#RESULT=CHECK	
#TITLE=FNC_STEP : System interlock occurred !	
#MSG=START	
All RF Power <- Off 
All Gas Valve <- Close 
All Ballast Valve <- Close 

	
#MSG=END	
#LINE=END	

#LINE=START	
#TYPE=ALARM	
#LEVEL=LIGHT	
#MODULE=PM3	
#ID=100	
#TIME=2021.07.12 22:23:09:928	
#RESULT=POST	
#TITLE=FNC_STEP : System interlock occurred !	
#MSG=START	
All RF Power <- Off 
All Gas Valve <- Close 
All Ballast Valve <- Close 

	
#MSG=END	
#LINE=END	

#LINE=START	
#TYPE=ALARM	
#LEVEL=LIGHT	
#MODULE=PM3	
#ID=4	
#TIME=2021.07.12 22:23:09:934	
#RESULT=POST	
#TITLE=PHY_APC_VLV - APC Valve can't control in no vacuum.	
#MSG=START	
Please, check vacuum sensor.
	
#MSG=END	
#LINE=END	

#LINE=START	
#TYPE=ALARM	
#LEVEL=LIGHT	
#MODULE=PM3	
#ID=89	
#TIME=2021.07.12 22:23:09:970	
#RESULT=CHECK	
#TITLE=FNC_STEP : The door of gas box is not closed !	
#MSG=START	
The current status of gas box's interlock sensor is "False". 

If chamber's status is "processing", process will be aborted. 
If chamber's status is "idle", chamber's status will be "maint". 
Please, check the status of gas box. 
	
#MSG=END	
#LINE=END	

#LINE=START	
#TYPE=ALARM	
#LEVEL=LIGHT	
#MODULE=PM3	
#ID=10	
#TIME=2021.07.12 22:23:10:018	
#RESULT=CHECK	
#TITLE=PHY_IO__HEATER - HEATER SYSTEM : Chamber Not Closed. Heater Power Off !	
#MSG=START	
Heater Power was off. 
When Chamber's lid is not closed, heater power must be off. 
	
#MSG=END	
#LINE=END	

#LINE=START	
#TYPE=ALARM	
#LEVEL=LIGHT	
#MODULE=PM3	
#ID=0	
#TIME=2021.07.12 22:23:10:071	
#RESULT=CHECK	
#TITLE=__SYS - SYSTEM ERROR	
#MSG=START	
Error Type    :  DIGITAL_DESCRIPTOR
Error Title   :  FNC_GAS_VLV_CTRL+CFG.WAP.AUTO.LEARN.GAS : DIGITAL DESCRIPTOR ERROR !
Error Message
The item (GAS07) does not exist.
	ITEM LIST


	
#MSG=END	
#LINE=END	

#LINE=START	
#TYPE=ALARM	
#LEVEL=LIGHT	
#MODULE=PM3	
#ID=4	
#TIME=2021.07.12 22:25:52:967	
#RESULT=CHECK	
#TITLE=PHY_APC_VLV - APC Valve can't control in no vacuum.	
#MSG=START	
Please, check vacuum sensor.
	
#MSG=END	
#LINE=END	

#LINE=START	
#TYPE=ALARM	
#LEVEL=LIGHT	
#MODULE=PM3	
#ID=100	
#TIME=2021.07.12 22:25:53:026	
#RESULT=CHECK	
#TITLE=FNC_STEP : System interlock occurred !	
#MSG=START	
All RF Power <- Off 
All Gas Valve <- Close 
All Ballast Valve <- Close 

	
#MSG=END	
#LINE=END	

#LINE=START	
#TYPE=ALARM	
#LEVEL=LIGHT	
#MODULE=PM3	
#ID=11	
#TIME=2021.07.12 22:28:35:322	
#RESULT=POST	
#TITLE=PHY_MFC17 - Transducer Threshold Warning.	
#MSG=START	
cur: 0, threshold : 10, set-flow : 20
Transducer Flow was over Threshold Range..
	
#MSG=END	
#LINE=END	

#LINE=START	
#TYPE=ALARM	
#LEVEL=LIGHT	
#MODULE=PM3	
#ID=12	
#TIME=2021.07.12 22:28:38:323	
#RESULT=POST	
#TITLE=PHY_MFC17 - Transducer Threshold Alarm.	
#MSG=START	
cur: 0, threshold : 10, set-flow : 20
Transducer Flow was over Threshold Range..
	
#MSG=END	
#LINE=END	

#LINE=START	
#TYPE=ALARM	
#LEVEL=LIGHT	
#MODULE=PM3	
#ID=0	
#TIME=2021.07.12 22:36:09:119	
#RESULT=POST	
#TITLE=__SYS - SYSTEM ERROR	
#MSG=START	
Error Type    :  DIGITAL_DESCRIPTOR
Error Title   :  FNC_GAS_VLV_CTRL+CFG.WAP.AUTO.LEARN.GAS : DIGITAL DESCRIPTOR ERROR !
Error Message
The item (GAS07) does not exist.
	ITEM LIST


	
#MSG=END	
#LINE=END	

#LINE=START	
#TYPE=ALARM	
#LEVEL=LIGHT	
#MODULE=PM3	
#ID=10	
#TIME=2021.07.12 22:36:12:215	
#RESULT=POST	
#TITLE=PHY_IO__HEATER - HEATER SYSTEM : Chamber Not Closed. Heater Power Off !	
#MSG=START	
Heater Power was off. 
When Chamber's lid is not closed, heater power must be off. 
	
#MSG=END	
#LINE=END	

#LINE=START	
#TYPE=ALARM	
#LEVEL=LIGHT	
#MODULE=PM3	
#ID=89	
#TIME=2021.07.12 22:36:13:758	
#RESULT=POST	
#TITLE=FNC_STEP : The door of gas box is not closed !	
#MSG=START	
The current status of gas box's interlock sensor is "False". 

If chamber's status is "processing", process will be aborted. 
If chamber's status is "idle", chamber's status will be "maint". 
Please, check the status of gas box. 
	
#MSG=END	
#LINE=END	

#LINE=START	
#TYPE=ALARM	
#LEVEL=LIGHT	
#MODULE=PM3	
#ID=100	
#TIME=2021.07.12 22:36:13:843	
#RESULT=POST	
#TITLE=FNC_STEP : System interlock occurred !	
#MSG=START	
All RF Power <- Off 
All Gas Valve <- Close 
All Ballast Valve <- Close 

	
#MSG=END	
#LINE=END	

#LINE=START	
#TYPE=ALARM	
#LEVEL=LIGHT	
#MODULE=PM3	
#ID=4	
#TIME=2021.07.12 22:36:13:851	
#RESULT=POST	
#TITLE=PHY_APC_VLV - APC Valve can't control in no vacuum.	
#MSG=START	
Please, check vacuum sensor.
	
#MSG=END	
#LINE=END	

#LINE=START	
#TYPE=ALARM	
#LEVEL=LIGHT	
#MODULE=PM3	
#ID=4	
#TIME=2021.07.12 22:36:25:596	
#RESULT=CHECK	
#TITLE=PHY_APC_VLV - APC Valve can't control in no vacuum.	
#MSG=START	
Please, check vacuum sensor.
	
#MSG=END	
#LINE=END	

#LINE=START	
#TYPE=ALARM	
#LEVEL=LIGHT	
#MODULE=PM3	
#ID=100	
#TIME=2021.07.12 22:36:25:647	
#RESULT=CHECK	
#TITLE=FNC_STEP : System interlock occurred !	
#MSG=START	
All RF Power <- Off 
All Gas Valve <- Close 
All Ballast Valve <- Close 

	
#MSG=END	
#LINE=END	

#LINE=START	
#TYPE=ALARM	
#LEVEL=LIGHT	
#MODULE=PM3	
#ID=89	
#TIME=2021.07.12 22:36:25:718	
#RESULT=CHECK	
#TITLE=FNC_STEP : The door of gas box is not closed !	
#MSG=START	
The current status of gas box's interlock sensor is "False". 

If chamber's status is "processing", process will be aborted. 
If chamber's status is "idle", chamber's status will be "maint". 
Please, check the status of gas box. 
	
#MSG=END	
#LINE=END	

#LINE=START	
#TYPE=ALARM	
#LEVEL=LIGHT	
#MODULE=PM3	
#ID=10	
#TIME=2021.07.12 22:36:25:770	
#RESULT=CHECK	
#TITLE=PHY_IO__HEATER - HEATER SYSTEM : Chamber Not Closed. Heater Power Off !	
#MSG=START	
Heater Power was off. 
When Chamber's lid is not closed, heater power must be off. 
	
#MSG=END	
#LINE=END	

#LINE=START	
#TYPE=ALARM	
#LEVEL=LIGHT	
#MODULE=PM3	
#ID=0	
#TIME=2021.07.12 22:36:25:838	
#RESULT=CHECK	
#TITLE=__SYS - SYSTEM ERROR	
#MSG=START	
Error Type    :  DIGITAL_DESCRIPTOR
Error Title   :  FNC_GAS_VLV_CTRL+CFG.WAP.AUTO.LEARN.GAS : DIGITAL DESCRIPTOR ERROR !
Error Message
The item (GAS07) does not exist.
	ITEM LIST


	
#MSG=END	
#LINE=END	

#LINE=START	
#TYPE=ALARM	
#LEVEL=LIGHT	
#MODULE=PM3	
#ID=11	
#TIME=2021.07.12 22:38:37:978	
#RESULT=POST	
#TITLE=PHY_MFC17 - Transducer Threshold Warning.	
#MSG=START	
cur: 0, threshold : 10, set-flow : 20
Transducer Flow was over Threshold Range..
	
#MSG=END	
#LINE=END	

#LINE=START	
#TYPE=ALARM	
#LEVEL=LIGHT	
#MODULE=PM3	
#ID=12	
#TIME=2021.07.12 22:38:40:978	
#RESULT=POST	
#TITLE=PHY_MFC17 - Transducer Threshold Alarm.	
#MSG=START	
cur: 0, threshold : 10, set-flow : 20
Transducer Flow was over Threshold Range..
	
#MSG=END	
#LINE=END	

#LINE=START	
#TYPE=ALARM	
#LEVEL=LIGHT	
#MODULE=PM3	
#ID=12	
#TIME=2021.07.12 22:39:12:619	
#RESULT=CLEAR	
#TITLE=PHY_MFC17 - Transducer Threshold Alarm.	
#MSG=START	
cur: 0, threshold : 10, set-flow : 20
Transducer Flow was over Threshold Range..
	
#MSG=END	
#LINE=END	

#LINE=START	
#TYPE=ALARM	
#LEVEL=LIGHT	
#MODULE=PM3	
#ID=11	
#TIME=2021.07.12 22:39:12:673	
#RESULT=CLEAR	
#TITLE=PHY_MFC17 - Transducer Threshold Warning.	
#MSG=START	
cur: 0, threshold : 10, set-flow : 20
Transducer Flow was over Threshold Range..
	
#MSG=END	
#LINE=END	

@LINE	
STATUS	
GUI-100	
-1	
2021.07.12 22:40:18:013	
POST	
STOP	
	
