@LINE	
STATUS	
GUI-100	
-1	
2021.07.03 17:24:34:017	
POST	
START	
	
#LINE=START	
#TYPE=ALARM	
#LEVEL=LIGHT	
#MODULE=PM3	
#ID=0	
#TIME=2021.07.02 23:34:33:073	
#RESULT=POST	
#TITLE=__SYS - SYSTEM ERROR	
#MSG=START	
Error Type    :  DIGITAL_DESCRIPTOR
Error Title   :  FNC_GAS_VLV_CTRL+CFG.WAP.AUTO.LEARN.GAS : DIGITAL DESCRIPTOR ERROR !
Error Message
The item (GAS07) does not exist.
	ITEM LIST


	
#MSG=END	
#LINE=END	

#LINE=START	
#TYPE=ALARM	
#LEVEL=LIGHT	
#MODULE=PM3	
#ID=10	
#TIME=2021.07.02 23:34:35:984	
#RESULT=POST	
#TITLE=PHY_IO__HEATER - HEATER SYSTEM : Chamber Not Closed. Heater Power Off !	
#MSG=START	
Heater Power was off. 
When Chamber's lid is not closed, heater power must be off. 
	
#MSG=END	
#LINE=END	

#LINE=START	
#TYPE=ALARM	
#LEVEL=LIGHT	
#MODULE=PM3	
#ID=89	
#TIME=2021.07.02 23:34:37:619	
#RESULT=POST	
#TITLE=FNC_STEP : The door of gas box is not closed !	
#MSG=START	
The current status of gas box's interlock sensor is "False". 

If chamber's status is "processing", process will be aborted. 
If chamber's status is "idle", chamber's status will be "maint". 
Please, check the status of gas box. 
	
#MSG=END	
#LINE=END	

#LINE=START	
#TYPE=ALARM	
#LEVEL=LIGHT	
#MODULE=PM3	
#ID=100	
#TIME=2021.07.02 23:34:37:707	
#RESULT=POST	
#TITLE=FNC_STEP : System interlock occurred !	
#MSG=START	
All RF Power <- Off 
All Gas Valve <- Close 
All Ballast Valve <- Close 

	
#MSG=END	
#LINE=END	

#LINE=START	
#TYPE=ALARM	
#LEVEL=LIGHT	
#MODULE=PM3	
#ID=4	
#TIME=2021.07.02 23:34:37:716	
#RESULT=POST	
#TITLE=PHY_APC_VLV - APC Valve can't control in no vacuum.	
#MSG=START	
Please, check vacuum sensor.
	
#MSG=END	
#LINE=END	

@LINE	
STATUS	
GUI-100	
-1	
2021.07.03 17:31:55:401	
POST	
STOP	
	
@LINE	
STATUS	
GUI-100	
-1	
2021.07.03 17:33:04:580	
POST	
START	
	
#LINE=START	
#TYPE=ALARM	
#LEVEL=LIGHT	
#MODULE=PM3	
#ID=0	
#TIME=2021.07.02 23:34:33:073	
#RESULT=POST	
#TITLE=__SYS - SYSTEM ERROR	
#MSG=START	
Error Type    :  DIGITAL_DESCRIPTOR
Error Title   :  FNC_GAS_VLV_CTRL+CFG.WAP.AUTO.LEARN.GAS : DIGITAL DESCRIPTOR ERROR !
Error Message
The item (GAS07) does not exist.
	ITEM LIST


	
#MSG=END	
#LINE=END	

#LINE=START	
#TYPE=ALARM	
#LEVEL=LIGHT	
#MODULE=PM3	
#ID=10	
#TIME=2021.07.02 23:34:35:984	
#RESULT=POST	
#TITLE=PHY_IO__HEATER - HEATER SYSTEM : Chamber Not Closed. Heater Power Off !	
#MSG=START	
Heater Power was off. 
When Chamber's lid is not closed, heater power must be off. 
	
#MSG=END	
#LINE=END	

#LINE=START	
#TYPE=ALARM	
#LEVEL=LIGHT	
#MODULE=PM3	
#ID=89	
#TIME=2021.07.02 23:34:37:619	
#RESULT=POST	
#TITLE=FNC_STEP : The door of gas box is not closed !	
#MSG=START	
The current status of gas box's interlock sensor is "False". 

If chamber's status is "processing", process will be aborted. 
If chamber's status is "idle", chamber's status will be "maint". 
Please, check the status of gas box. 
	
#MSG=END	
#LINE=END	

#LINE=START	
#TYPE=ALARM	
#LEVEL=LIGHT	
#MODULE=PM3	
#ID=100	
#TIME=2021.07.02 23:34:37:707	
#RESULT=POST	
#TITLE=FNC_STEP : System interlock occurred !	
#MSG=START	
All RF Power <- Off 
All Gas Valve <- Close 
All Ballast Valve <- Close 

	
#MSG=END	
#LINE=END	

#LINE=START	
#TYPE=ALARM	
#LEVEL=LIGHT	
#MODULE=PM3	
#ID=4	
#TIME=2021.07.02 23:34:37:716	
#RESULT=POST	
#TITLE=PHY_APC_VLV - APC Valve can't control in no vacuum.	
#MSG=START	
Please, check vacuum sensor.
	
#MSG=END	
#LINE=END	

@LINE	
STATUS	
GUI-100	
-1	
2021.07.03 17:35:35:029	
POST	
STOP	
	
@LINE	
STATUS	
GUI-100	
-1	
2021.07.03 17:35:43:693	
POST	
START	
	
#LINE=START	
#TYPE=ALARM	
#LEVEL=LIGHT	
#MODULE=PM3	
#ID=0	
#TIME=2021.07.02 23:34:33:073	
#RESULT=POST	
#TITLE=__SYS - SYSTEM ERROR	
#MSG=START	
Error Type    :  DIGITAL_DESCRIPTOR
Error Title   :  FNC_GAS_VLV_CTRL+CFG.WAP.AUTO.LEARN.GAS : DIGITAL DESCRIPTOR ERROR !
Error Message
The item (GAS07) does not exist.
	ITEM LIST


	
#MSG=END	
#LINE=END	

#LINE=START	
#TYPE=ALARM	
#LEVEL=LIGHT	
#MODULE=PM3	
#ID=10	
#TIME=2021.07.02 23:34:35:984	
#RESULT=POST	
#TITLE=PHY_IO__HEATER - HEATER SYSTEM : Chamber Not Closed. Heater Power Off !	
#MSG=START	
Heater Power was off. 
When Chamber's lid is not closed, heater power must be off. 
	
#MSG=END	
#LINE=END	

#LINE=START	
#TYPE=ALARM	
#LEVEL=LIGHT	
#MODULE=PM3	
#ID=89	
#TIME=2021.07.02 23:34:37:619	
#RESULT=POST	
#TITLE=FNC_STEP : The door of gas box is not closed !	
#MSG=START	
The current status of gas box's interlock sensor is "False". 

If chamber's status is "processing", process will be aborted. 
If chamber's status is "idle", chamber's status will be "maint". 
Please, check the status of gas box. 
	
#MSG=END	
#LINE=END	

#LINE=START	
#TYPE=ALARM	
#LEVEL=LIGHT	
#MODULE=PM3	
#ID=100	
#TIME=2021.07.02 23:34:37:707	
#RESULT=POST	
#TITLE=FNC_STEP : System interlock occurred !	
#MSG=START	
All RF Power <- Off 
All Gas Valve <- Close 
All Ballast Valve <- Close 

	
#MSG=END	
#LINE=END	

#LINE=START	
#TYPE=ALARM	
#LEVEL=LIGHT	
#MODULE=PM3	
#ID=4	
#TIME=2021.07.02 23:34:37:716	
#RESULT=POST	
#TITLE=PHY_APC_VLV - APC Valve can't control in no vacuum.	
#MSG=START	
Please, check vacuum sensor.
	
#MSG=END	
#LINE=END	

@LINE	
STATUS	
GUI-100	
-1	
2021.07.03 17:37:31:751	
POST	
STOP	
	
@LINE	
STATUS	
GUI-100	
-1	
2021.07.03 17:37:40:541	
POST	
START	
	
#LINE=START	
#TYPE=ALARM	
#LEVEL=LIGHT	
#MODULE=PM3	
#ID=0	
#TIME=2021.07.02 23:34:33:073	
#RESULT=POST	
#TITLE=__SYS - SYSTEM ERROR	
#MSG=START	
Error Type    :  DIGITAL_DESCRIPTOR
Error Title   :  FNC_GAS_VLV_CTRL+CFG.WAP.AUTO.LEARN.GAS : DIGITAL DESCRIPTOR ERROR !
Error Message
The item (GAS07) does not exist.
	ITEM LIST


	
#MSG=END	
#LINE=END	

#LINE=START	
#TYPE=ALARM	
#LEVEL=LIGHT	
#MODULE=PM3	
#ID=10	
#TIME=2021.07.02 23:34:35:984	
#RESULT=POST	
#TITLE=PHY_IO__HEATER - HEATER SYSTEM : Chamber Not Closed. Heater Power Off !	
#MSG=START	
Heater Power was off. 
When Chamber's lid is not closed, heater power must be off. 
	
#MSG=END	
#LINE=END	

#LINE=START	
#TYPE=ALARM	
#LEVEL=LIGHT	
#MODULE=PM3	
#ID=89	
#TIME=2021.07.02 23:34:37:619	
#RESULT=POST	
#TITLE=FNC_STEP : The door of gas box is not closed !	
#MSG=START	
The current status of gas box's interlock sensor is "False". 

If chamber's status is "processing", process will be aborted. 
If chamber's status is "idle", chamber's status will be "maint". 
Please, check the status of gas box. 
	
#MSG=END	
#LINE=END	

#LINE=START	
#TYPE=ALARM	
#LEVEL=LIGHT	
#MODULE=PM3	
#ID=100	
#TIME=2021.07.02 23:34:37:707	
#RESULT=POST	
#TITLE=FNC_STEP : System interlock occurred !	
#MSG=START	
All RF Power <- Off 
All Gas Valve <- Close 
All Ballast Valve <- Close 

	
#MSG=END	
#LINE=END	

#LINE=START	
#TYPE=ALARM	
#LEVEL=LIGHT	
#MODULE=PM3	
#ID=4	
#TIME=2021.07.02 23:34:37:716	
#RESULT=POST	
#TITLE=PHY_APC_VLV - APC Valve can't control in no vacuum.	
#MSG=START	
Please, check vacuum sensor.
	
#MSG=END	
#LINE=END	

@LINE	
STATUS	
GUI-100	
-1	
2021.07.03 17:42:52:587	
POST	
STOP	
	
@LINE	
STATUS	
GUI-100	
-1	
2021.07.03 17:43:00:768	
POST	
START	
	
#LINE=START	
#TYPE=ALARM	
#LEVEL=LIGHT	
#MODULE=PM3	
#ID=0	
#TIME=2021.07.02 23:34:33:073	
#RESULT=POST	
#TITLE=__SYS - SYSTEM ERROR	
#MSG=START	
Error Type    :  DIGITAL_DESCRIPTOR
Error Title   :  FNC_GAS_VLV_CTRL+CFG.WAP.AUTO.LEARN.GAS : DIGITAL DESCRIPTOR ERROR !
Error Message
The item (GAS07) does not exist.
	ITEM LIST


	
#MSG=END	
#LINE=END	

#LINE=START	
#TYPE=ALARM	
#LEVEL=LIGHT	
#MODULE=PM3	
#ID=10	
#TIME=2021.07.02 23:34:35:984	
#RESULT=POST	
#TITLE=PHY_IO__HEATER - HEATER SYSTEM : Chamber Not Closed. Heater Power Off !	
#MSG=START	
Heater Power was off. 
When Chamber's lid is not closed, heater power must be off. 
	
#MSG=END	
#LINE=END	

#LINE=START	
#TYPE=ALARM	
#LEVEL=LIGHT	
#MODULE=PM3	
#ID=89	
#TIME=2021.07.02 23:34:37:619	
#RESULT=POST	
#TITLE=FNC_STEP : The door of gas box is not closed !	
#MSG=START	
The current status of gas box's interlock sensor is "False". 

If chamber's status is "processing", process will be aborted. 
If chamber's status is "idle", chamber's status will be "maint". 
Please, check the status of gas box. 
	
#MSG=END	
#LINE=END	

#LINE=START	
#TYPE=ALARM	
#LEVEL=LIGHT	
#MODULE=PM3	
#ID=100	
#TIME=2021.07.02 23:34:37:707	
#RESULT=POST	
#TITLE=FNC_STEP : System interlock occurred !	
#MSG=START	
All RF Power <- Off 
All Gas Valve <- Close 
All Ballast Valve <- Close 

	
#MSG=END	
#LINE=END	

#LINE=START	
#TYPE=ALARM	
#LEVEL=LIGHT	
#MODULE=PM3	
#ID=4	
#TIME=2021.07.02 23:34:37:716	
#RESULT=POST	
#TITLE=PHY_APC_VLV - APC Valve can't control in no vacuum.	
#MSG=START	
Please, check vacuum sensor.
	
#MSG=END	
#LINE=END	

@LINE	
STATUS	
GUI-100	
-1	
2021.07.03 17:55:14:688	
POST	
STOP	
	
@LINE	
STATUS	
GUI-100	
-1	
2021.07.03 17:57:03:366	
POST	
START	
	
#LINE=START	
#TYPE=ALARM	
#LEVEL=LIGHT	
#MODULE=PM3	
#ID=0	
#TIME=2021.07.02 23:34:33:073	
#RESULT=POST	
#TITLE=__SYS - SYSTEM ERROR	
#MSG=START	
Error Type    :  DIGITAL_DESCRIPTOR
Error Title   :  FNC_GAS_VLV_CTRL+CFG.WAP.AUTO.LEARN.GAS : DIGITAL DESCRIPTOR ERROR !
Error Message
The item (GAS07) does not exist.
	ITEM LIST


	
#MSG=END	
#LINE=END	

#LINE=START	
#TYPE=ALARM	
#LEVEL=LIGHT	
#MODULE=PM3	
#ID=10	
#TIME=2021.07.02 23:34:35:984	
#RESULT=POST	
#TITLE=PHY_IO__HEATER - HEATER SYSTEM : Chamber Not Closed. Heater Power Off !	
#MSG=START	
Heater Power was off. 
When Chamber's lid is not closed, heater power must be off. 
	
#MSG=END	
#LINE=END	

#LINE=START	
#TYPE=ALARM	
#LEVEL=LIGHT	
#MODULE=PM3	
#ID=89	
#TIME=2021.07.02 23:34:37:619	
#RESULT=POST	
#TITLE=FNC_STEP : The door of gas box is not closed !	
#MSG=START	
The current status of gas box's interlock sensor is "False". 

If chamber's status is "processing", process will be aborted. 
If chamber's status is "idle", chamber's status will be "maint". 
Please, check the status of gas box. 
	
#MSG=END	
#LINE=END	

#LINE=START	
#TYPE=ALARM	
#LEVEL=LIGHT	
#MODULE=PM3	
#ID=100	
#TIME=2021.07.02 23:34:37:707	
#RESULT=POST	
#TITLE=FNC_STEP : System interlock occurred !	
#MSG=START	
All RF Power <- Off 
All Gas Valve <- Close 
All Ballast Valve <- Close 

	
#MSG=END	
#LINE=END	

#LINE=START	
#TYPE=ALARM	
#LEVEL=LIGHT	
#MODULE=PM3	
#ID=4	
#TIME=2021.07.02 23:34:37:716	
#RESULT=POST	
#TITLE=PHY_APC_VLV - APC Valve can't control in no vacuum.	
#MSG=START	
Please, check vacuum sensor.
	
#MSG=END	
#LINE=END	

@LINE	
STATUS	
GUI-100	
-1	
2021.07.03 17:59:10:800	
POST	
STOP	
	
