@LINE	
STATUS	
GUI-100	
-1	
2021.11.24 14:30:26:566	
POST	
START	
	
#LINE=START	
#TYPE=ALARM	
#LEVEL=LIGHT	
#MODULE=TMC	
#ID=2	
#TIME=2021.11.24 14:30:17:101	
#RESULT=POST	
#TITLE=DB_CFG - Simulation mode is active !	
#MSG=START	
	
#MSG=END	
#LINE=END	

#LINE=START	
#TYPE=ALARM	
#LEVEL=LIGHT	
#MODULE=TMC	
#ID=3	
#TIME=2021.11.24 14:30:17:101	
#RESULT=POST	
#TITLE=DB_CFG - PMC-Dummy mode is active !	
#MSG=START	
 * "DB_CFG+SCH_TEST.CFG.PMC_DUMMY_BY_CTC" <- "YES" 

	
#MSG=END	
#LINE=END	

@LINE	
STATUS	
GUI-100	
-1	
2021.11.24 14:31:58:088	
POST	
STOP	
	
