@LINE	
STATUS	
GUI-100	
-1	
2021.07.09 00:23:18:946	
POST	
START	
	
#LINE=START	
#TYPE=ALARM	
#LEVEL=LIGHT	
#MODULE=PM3	
#ID=0	
#TIME=2021.07.09 00:24:14:832	
#RESULT=POST	
#TITLE=__SYS - SYSTEM ERROR	
#MSG=START	
Error Type    :  DIGITAL_DESCRIPTOR
Error Title   :  FNC_GAS_VLV_CTRL+CFG.WAP.AUTO.LEARN.GAS : DIGITAL DESCRIPTOR ERROR !
Error Message
The item (GAS07) does not exist.
	ITEM LIST


	
#MSG=END	
#LINE=END	

#LINE=START	
#TYPE=ALARM	
#LEVEL=LIGHT	
#MODULE=PM3	
#ID=0	
#TIME=2021.07.09 00:26:30:643	
#RESULT=POST	
#TITLE=__SYS - SYSTEM ERROR	
#MSG=START	
Error Type    :  DIGITAL_DESCRIPTOR
Error Title   :  FNC_GAS_VLV_CTRL+CFG.WAP.AUTO.LEARN.GAS : DIGITAL DESCRIPTOR ERROR !
Error Message
The item (GAS07) does not exist.
	ITEM LIST


	
#MSG=END	
#LINE=END	

#LINE=START	
#TYPE=ALARM	
#LEVEL=LIGHT	
#MODULE=PM3	
#ID=10	
#TIME=2021.07.09 00:26:33:584	
#RESULT=POST	
#TITLE=PHY_IO__HEATER - HEATER SYSTEM : Chamber Not Closed. Heater Power Off !	
#MSG=START	
Heater Power was off. 
When Chamber's lid is not closed, heater power must be off. 
	
#MSG=END	
#LINE=END	

#LINE=START	
#TYPE=ALARM	
#LEVEL=LIGHT	
#MODULE=PM3	
#ID=89	
#TIME=2021.07.09 00:26:35:188	
#RESULT=POST	
#TITLE=FNC_STEP : The door of gas box is not closed !	
#MSG=START	
The current status of gas box's interlock sensor is "False". 

If chamber's status is "processing", process will be aborted. 
If chamber's status is "idle", chamber's status will be "maint". 
Please, check the status of gas box. 
	
#MSG=END	
#LINE=END	

#LINE=START	
#TYPE=ALARM	
#LEVEL=LIGHT	
#MODULE=PM3	
#ID=100	
#TIME=2021.07.09 00:26:35:260	
#RESULT=POST	
#TITLE=FNC_STEP : System interlock occurred !	
#MSG=START	
All RF Power <- Off 
All Gas Valve <- Close 
All Ballast Valve <- Close 

	
#MSG=END	
#LINE=END	

#LINE=START	
#TYPE=ALARM	
#LEVEL=LIGHT	
#MODULE=PM3	
#ID=4	
#TIME=2021.07.09 00:26:35:268	
#RESULT=POST	
#TITLE=PHY_APC_VLV - APC Valve can't control in no vacuum.	
#MSG=START	
Please, check vacuum sensor.
	
#MSG=END	
#LINE=END	

@LINE	
STATUS	
GUI-100	
-1	
2021.07.09 00:28:12:362	
POST	
STOP	
	
@LINE	
STATUS	
GUI-100	
-1	
2021.07.09 00:30:44:375	
POST	
START	
	
#LINE=START	
#TYPE=ALARM	
#LEVEL=LIGHT	
#MODULE=PM3	
#ID=0	
#TIME=2021.07.09 00:26:30:643	
#RESULT=POST	
#TITLE=__SYS - SYSTEM ERROR	
#MSG=START	
Error Type    :  DIGITAL_DESCRIPTOR
Error Title   :  FNC_GAS_VLV_CTRL+CFG.WAP.AUTO.LEARN.GAS : DIGITAL DESCRIPTOR ERROR !
Error Message
The item (GAS07) does not exist.
	ITEM LIST


	
#MSG=END	
#LINE=END	

#LINE=START	
#TYPE=ALARM	
#LEVEL=LIGHT	
#MODULE=PM3	
#ID=10	
#TIME=2021.07.09 00:26:33:584	
#RESULT=POST	
#TITLE=PHY_IO__HEATER - HEATER SYSTEM : Chamber Not Closed. Heater Power Off !	
#MSG=START	
Heater Power was off. 
When Chamber's lid is not closed, heater power must be off. 
	
#MSG=END	
#LINE=END	

#LINE=START	
#TYPE=ALARM	
#LEVEL=LIGHT	
#MODULE=PM3	
#ID=89	
#TIME=2021.07.09 00:26:35:188	
#RESULT=POST	
#TITLE=FNC_STEP : The door of gas box is not closed !	
#MSG=START	
The current status of gas box's interlock sensor is "False". 

If chamber's status is "processing", process will be aborted. 
If chamber's status is "idle", chamber's status will be "maint". 
Please, check the status of gas box. 
	
#MSG=END	
#LINE=END	

#LINE=START	
#TYPE=ALARM	
#LEVEL=LIGHT	
#MODULE=PM3	
#ID=100	
#TIME=2021.07.09 00:26:35:260	
#RESULT=POST	
#TITLE=FNC_STEP : System interlock occurred !	
#MSG=START	
All RF Power <- Off 
All Gas Valve <- Close 
All Ballast Valve <- Close 

	
#MSG=END	
#LINE=END	

#LINE=START	
#TYPE=ALARM	
#LEVEL=LIGHT	
#MODULE=PM3	
#ID=4	
#TIME=2021.07.09 00:26:35:268	
#RESULT=POST	
#TITLE=PHY_APC_VLV - APC Valve can't control in no vacuum.	
#MSG=START	
Please, check vacuum sensor.
	
#MSG=END	
#LINE=END	

@LINE	
STATUS	
GUI-100	
-1	
2021.07.09 00:39:20:479	
POST	
STOP	
	
@LINE	
STATUS	
GUI-100	
-1	
2021.07.09 11:18:46:078	
POST	
START	
	
#LINE=START	
#TYPE=ALARM	
#LEVEL=LIGHT	
#MODULE=PM3	
#ID=0	
#TIME=2021.07.09 11:17:46:816	
#RESULT=POST	
#TITLE=__SYS - SYSTEM ERROR	
#MSG=START	
Error Type    :  DIGITAL_DESCRIPTOR
Error Title   :  FNC_GAS_VLV_CTRL+CFG.WAP.AUTO.LEARN.GAS : DIGITAL DESCRIPTOR ERROR !
Error Message
The item (GAS07) does not exist.
	ITEM LIST


	
#MSG=END	
#LINE=END	

#LINE=START	
#TYPE=ALARM	
#LEVEL=LIGHT	
#MODULE=PM3	
#ID=10	
#TIME=2021.07.09 11:17:49:690	
#RESULT=POST	
#TITLE=PHY_IO__HEATER - HEATER SYSTEM : Chamber Not Closed. Heater Power Off !	
#MSG=START	
Heater Power was off. 
When Chamber's lid is not closed, heater power must be off. 
	
#MSG=END	
#LINE=END	

#LINE=START	
#TYPE=ALARM	
#LEVEL=LIGHT	
#MODULE=PM3	
#ID=89	
#TIME=2021.07.09 11:17:51:344	
#RESULT=POST	
#TITLE=FNC_STEP : The door of gas box is not closed !	
#MSG=START	
The current status of gas box's interlock sensor is "False". 

If chamber's status is "processing", process will be aborted. 
If chamber's status is "idle", chamber's status will be "maint". 
Please, check the status of gas box. 
	
#MSG=END	
#LINE=END	

#LINE=START	
#TYPE=ALARM	
#LEVEL=LIGHT	
#MODULE=PM3	
#ID=100	
#TIME=2021.07.09 11:17:51:415	
#RESULT=POST	
#TITLE=FNC_STEP : System interlock occurred !	
#MSG=START	
All RF Power <- Off 
All Gas Valve <- Close 
All Ballast Valve <- Close 

	
#MSG=END	
#LINE=END	

#LINE=START	
#TYPE=ALARM	
#LEVEL=LIGHT	
#MODULE=PM3	
#ID=4	
#TIME=2021.07.09 11:17:51:423	
#RESULT=POST	
#TITLE=PHY_APC_VLV - APC Valve can't control in no vacuum.	
#MSG=START	
Please, check vacuum sensor.
	
#MSG=END	
#LINE=END	

@LINE	
STATUS	
GUI-100	
-1	
2021.07.09 11:21:41:267	
POST	
STOP	
	
@LINE	
STATUS	
GUI-100	
-1	
2021.07.09 11:22:16:549	
POST	
START	
	
#LINE=START	
#TYPE=ALARM	
#LEVEL=LIGHT	
#MODULE=PM3	
#ID=0	
#TIME=2021.07.09 11:17:46:816	
#RESULT=POST	
#TITLE=__SYS - SYSTEM ERROR	
#MSG=START	
Error Type    :  DIGITAL_DESCRIPTOR
Error Title   :  FNC_GAS_VLV_CTRL+CFG.WAP.AUTO.LEARN.GAS : DIGITAL DESCRIPTOR ERROR !
Error Message
The item (GAS07) does not exist.
	ITEM LIST


	
#MSG=END	
#LINE=END	

#LINE=START	
#TYPE=ALARM	
#LEVEL=LIGHT	
#MODULE=PM3	
#ID=10	
#TIME=2021.07.09 11:17:49:690	
#RESULT=POST	
#TITLE=PHY_IO__HEATER - HEATER SYSTEM : Chamber Not Closed. Heater Power Off !	
#MSG=START	
Heater Power was off. 
When Chamber's lid is not closed, heater power must be off. 
	
#MSG=END	
#LINE=END	

#LINE=START	
#TYPE=ALARM	
#LEVEL=LIGHT	
#MODULE=PM3	
#ID=89	
#TIME=2021.07.09 11:17:51:344	
#RESULT=POST	
#TITLE=FNC_STEP : The door of gas box is not closed !	
#MSG=START	
The current status of gas box's interlock sensor is "False". 

If chamber's status is "processing", process will be aborted. 
If chamber's status is "idle", chamber's status will be "maint". 
Please, check the status of gas box. 
	
#MSG=END	
#LINE=END	

#LINE=START	
#TYPE=ALARM	
#LEVEL=LIGHT	
#MODULE=PM3	
#ID=100	
#TIME=2021.07.09 11:17:51:415	
#RESULT=POST	
#TITLE=FNC_STEP : System interlock occurred !	
#MSG=START	
All RF Power <- Off 
All Gas Valve <- Close 
All Ballast Valve <- Close 

	
#MSG=END	
#LINE=END	

#LINE=START	
#TYPE=ALARM	
#LEVEL=LIGHT	
#MODULE=PM3	
#ID=4	
#TIME=2021.07.09 11:17:51:423	
#RESULT=POST	
#TITLE=PHY_APC_VLV - APC Valve can't control in no vacuum.	
#MSG=START	
Please, check vacuum sensor.
	
#MSG=END	
#LINE=END	

@LINE	
STATUS	
GUI-100	
-1	
2021.07.09 12:20:25:278	
POST	
STOP	
	
@LINE	
STATUS	
GUI-100	
-1	
2021.07.09 12:58:04:395	
POST	
START	
	
#LINE=START	
#TYPE=ALARM	
#LEVEL=LIGHT	
#MODULE=PM3	
#ID=0	
#TIME=2021.07.09 11:17:46:816	
#RESULT=POST	
#TITLE=__SYS - SYSTEM ERROR	
#MSG=START	
Error Type    :  DIGITAL_DESCRIPTOR
Error Title   :  FNC_GAS_VLV_CTRL+CFG.WAP.AUTO.LEARN.GAS : DIGITAL DESCRIPTOR ERROR !
Error Message
The item (GAS07) does not exist.
	ITEM LIST


	
#MSG=END	
#LINE=END	

#LINE=START	
#TYPE=ALARM	
#LEVEL=LIGHT	
#MODULE=PM3	
#ID=10	
#TIME=2021.07.09 11:17:49:690	
#RESULT=POST	
#TITLE=PHY_IO__HEATER - HEATER SYSTEM : Chamber Not Closed. Heater Power Off !	
#MSG=START	
Heater Power was off. 
When Chamber's lid is not closed, heater power must be off. 
	
#MSG=END	
#LINE=END	

#LINE=START	
#TYPE=ALARM	
#LEVEL=LIGHT	
#MODULE=PM3	
#ID=89	
#TIME=2021.07.09 11:17:51:344	
#RESULT=POST	
#TITLE=FNC_STEP : The door of gas box is not closed !	
#MSG=START	
The current status of gas box's interlock sensor is "False". 

If chamber's status is "processing", process will be aborted. 
If chamber's status is "idle", chamber's status will be "maint". 
Please, check the status of gas box. 
	
#MSG=END	
#LINE=END	

#LINE=START	
#TYPE=ALARM	
#LEVEL=LIGHT	
#MODULE=PM3	
#ID=100	
#TIME=2021.07.09 11:17:51:415	
#RESULT=POST	
#TITLE=FNC_STEP : System interlock occurred !	
#MSG=START	
All RF Power <- Off 
All Gas Valve <- Close 
All Ballast Valve <- Close 

	
#MSG=END	
#LINE=END	

#LINE=START	
#TYPE=ALARM	
#LEVEL=LIGHT	
#MODULE=PM3	
#ID=4	
#TIME=2021.07.09 11:17:51:423	
#RESULT=POST	
#TITLE=PHY_APC_VLV - APC Valve can't control in no vacuum.	
#MSG=START	
Please, check vacuum sensor.
	
#MSG=END	
#LINE=END	

@LINE	
STATUS	
GUI-100	
-1	
2021.07.09 12:59:17:606	
POST	
STOP	
	
