#LINE=START	
#TYPE=ALARM	
#LEVEL=LIGHT	
#MODULE=TMC	
#ID=2	
#TIME=2021.08.21 00:13:42:182	
#RESULT=POST	
#TITLE=DB_CFG - Simulation mode is active !	
#MSG=START	
	
#MSG=END	
#LINE=END	

#LINE=START	
#TYPE=ALARM	
#LEVEL=LIGHT	
#MODULE=TMC	
#ID=3	
#TIME=2021.08.21 00:13:42:182	
#RESULT=POST	
#TITLE=DB_CFG - PMC-Dummy mode is active !	
#MSG=START	
 * "DB_CFG+SCH_TEST.CFG.PMC_DUMMY_BY_CTC" <- "YES" 

	
#MSG=END	
#LINE=END	

#LINE=START	
#TYPE=ALARM	
#LEVEL=LIGHT	
#MODULE=TMC	
#ID=13	
#TIME=2021.08.21 00:15:13:577	
#RESULT=POST	
#TITLE=PHY__LBA - Door Valve can not open, because of not ATM Pressure !	
#MSG=START	
1. The pressure of LBA is VAC Sts.
2. The pressure of LBA is 0.030 and The config pressure is 735.000.
The LBA's pressure must be more than 735.000 and ATM Sts..

Please, check 's pressure.
	
#MSG=END	
#LINE=END	

#LINE=START	
#TYPE=ALARM	
#LEVEL=LIGHT	
#MODULE=TMC	
#ID=13	
#TIME=2021.08.21 00:15:19:300	
#RESULT=ABORT	
#TITLE=PHY__LBA - Door Valve can not open, because of not ATM Pressure !	
#MSG=START	
1. The pressure of LBA is VAC Sts.
2. The pressure of LBA is 0.030 and The config pressure is 735.000.
The LBA's pressure must be more than 735.000 and ATM Sts..

Please, check 's pressure.
	
#MSG=END	
#LINE=END	

#LINE=START	
#TYPE=ALARM	
#LEVEL=LIGHT	
#MODULE=TMC	
#ID=13	
#TIME=2021.08.21 00:17:18:506	
#RESULT=POST	
#TITLE=PHY__LBB - Door Valve can not open, because of not ATM Pressure !	
#MSG=START	
1. The pressure of LBB is VAC Sts.
2. The pressure of LBB is 0.030 and The config pressure is 735.000.
The LBB's pressure must be more than 735.000 and ATM Sts..

Please, check 's pressure.
	
#MSG=END	
#LINE=END	

#LINE=START	
#TYPE=ALARM	
#LEVEL=LIGHT	
#MODULE=TMC	
#ID=13	
#TIME=2021.08.21 00:17:22:561	
#RESULT=ABORT	
#TITLE=PHY__LBB - Door Valve can not open, because of not ATM Pressure !	
#MSG=START	
1. The pressure of LBB is VAC Sts.
2. The pressure of LBB is 0.030 and The config pressure is 735.000.
The LBB's pressure must be more than 735.000 and ATM Sts..

Please, check 's pressure.
	
#MSG=END	
#LINE=END	

#LINE=START	
#TYPE=ALARM	
#LEVEL=LIGHT	
#MODULE=TMC	
#ID=2	
#TIME=2021.08.21 00:22:10:605	
#RESULT=POST	
#TITLE=DB_CFG - Simulation mode is active !	
#MSG=START	
	
#MSG=END	
#LINE=END	

#LINE=START	
#TYPE=ALARM	
#LEVEL=LIGHT	
#MODULE=TMC	
#ID=3	
#TIME=2021.08.21 00:22:10:605	
#RESULT=POST	
#TITLE=DB_CFG - PMC-Dummy mode is active !	
#MSG=START	
 * "DB_CFG+SCH_TEST.CFG.PMC_DUMMY_BY_CTC" <- "YES" 

	
#MSG=END	
#LINE=END	

#LINE=START	
#TYPE=ALARM	
#LEVEL=LIGHT	
#MODULE=TMC	
#ID=27	
#TIME=2021.08.21 00:23:32:032	
#RESULT=POST	
#TITLE=PHY__LBA - ATM Robot's Arm not retracted sts.	
#MSG=START	
Please, Check ATM Robot's Arm Status !
	
#MSG=END	
#LINE=END	

#LINE=START	
#TYPE=ALARM	
#LEVEL=LIGHT	
#MODULE=TMC	
#ID=27	
#TIME=2021.08.21 00:24:32:398	
#RESULT=RETRY	
#TITLE=PHY__LBA - ATM Robot's Arm not retracted sts.	
#MSG=START	
Please, Check ATM Robot's Arm Status !
	
#MSG=END	
#LINE=END	

#LINE=START	
#TYPE=ALARM	
#LEVEL=LIGHT	
#MODULE=TMC	
#ID=27	
#TIME=2021.08.21 00:24:34:410	
#RESULT=POST	
#TITLE=PHY__LBA - ATM Robot's Arm not retracted sts.	
#MSG=START	
Please, Check ATM Robot's Arm Status !
	
#MSG=END	
#LINE=END	

#LINE=START	
#TYPE=ALARM	
#LEVEL=LIGHT	
#MODULE=TMC	
#ID=2	
#TIME=2021.08.21 00:44:29:885	
#RESULT=POST	
#TITLE=DB_CFG - Simulation mode is active !	
#MSG=START	
	
#MSG=END	
#LINE=END	

#LINE=START	
#TYPE=ALARM	
#LEVEL=LIGHT	
#MODULE=TMC	
#ID=3	
#TIME=2021.08.21 00:44:29:885	
#RESULT=POST	
#TITLE=DB_CFG - PMC-Dummy mode is active !	
#MSG=START	
 * "DB_CFG+SCH_TEST.CFG.PMC_DUMMY_BY_CTC" <- "YES" 

	
#MSG=END	
#LINE=END	

@LINE	
STATUS	
GUI-100	
-1	
2021.08.21 10:27:48:085	
POST	
STOP	
	
