@LINE	
STATUS	
GUI-100	
-1	
2021.11.20 00:24:20:214	
POST	
STOP	
	
@LINE	
STATUS	
GUI-100	
-1	
2021.11.20 00:31:50:555	
POST	
START	
	
#LINE=START	
#TYPE=ALARM	
#LEVEL=LIGHT	
#MODULE=TMC	
#ID=2	
#TIME=2021.11.20 00:31:29:007	
#RESULT=POST	
#TITLE=DB_CFG - Simulation mode is active !	
#MSG=START	
	
#MSG=END	
#LINE=END	

#LINE=START	
#TYPE=ALARM	
#LEVEL=LIGHT	
#MODULE=TMC	
#ID=3	
#TIME=2021.11.20 00:31:29:007	
#RESULT=POST	
#TITLE=DB_CFG - PMC-Dummy mode is active !	
#MSG=START	
 * "DB_CFG+SCH_TEST.CFG.PMC_DUMMY_BY_CTC" <- "YES" 

	
#MSG=END	
#LINE=END	

@LINE	
STATUS	
GUI-100	
-1	
2021.11.20 00:39:53:731	
POST	
STOP	
	
@LINE	
STATUS	
GUI-100	
-1	
2021.11.20 00:40:00:677	
POST	
START	
	
#LINE=START	
#TYPE=ALARM	
#LEVEL=LIGHT	
#MODULE=TMC	
#ID=2	
#TIME=2021.11.20 00:31:29:007	
#RESULT=POST	
#TITLE=DB_CFG - Simulation mode is active !	
#MSG=START	
	
#MSG=END	
#LINE=END	

#LINE=START	
#TYPE=ALARM	
#LEVEL=LIGHT	
#MODULE=TMC	
#ID=3	
#TIME=2021.11.20 00:31:29:007	
#RESULT=POST	
#TITLE=DB_CFG - PMC-Dummy mode is active !	
#MSG=START	
 * "DB_CFG+SCH_TEST.CFG.PMC_DUMMY_BY_CTC" <- "YES" 

	
#MSG=END	
#LINE=END	

@LINE	
STATUS	
GUI-100	
-1	
2021.11.20 00:50:42:164	
POST	
STOP	
	
@LINE	
STATUS	
GUI-100	
-1	
2021.11.20 00:56:21:639	
POST	
START	
	
#LINE=START	
#TYPE=ALARM	
#LEVEL=LIGHT	
#MODULE=TMC	
#ID=2	
#TIME=2021.11.20 00:55:20:990	
#RESULT=POST	
#TITLE=DB_CFG - Simulation mode is active !	
#MSG=START	
	
#MSG=END	
#LINE=END	

#LINE=START	
#TYPE=ALARM	
#LEVEL=LIGHT	
#MODULE=TMC	
#ID=3	
#TIME=2021.11.20 00:55:20:990	
#RESULT=POST	
#TITLE=DB_CFG - PMC-Dummy mode is active !	
#MSG=START	
 * "DB_CFG+SCH_TEST.CFG.PMC_DUMMY_BY_CTC" <- "YES" 

	
#MSG=END	
#LINE=END	

@LINE	
STATUS	
GUI-100	
-1	
2021.11.20 00:59:48:317	
POST	
STOP	
	
@LINE	
STATUS	
GUI-100	
-1	
2021.11.20 01:11:40:577	
POST	
START	
	
#LINE=START	
#TYPE=ALARM	
#LEVEL=LIGHT	
#MODULE=TMC	
#ID=2	
#TIME=2021.11.20 01:12:18:386	
#RESULT=POST	
#TITLE=DB_CFG - Simulation mode is active !	
#MSG=START	
	
#MSG=END	
#LINE=END	

#LINE=START	
#TYPE=ALARM	
#LEVEL=LIGHT	
#MODULE=TMC	
#ID=3	
#TIME=2021.11.20 01:12:18:386	
#RESULT=POST	
#TITLE=DB_CFG - PMC-Dummy mode is active !	
#MSG=START	
 * "DB_CFG+SCH_TEST.CFG.PMC_DUMMY_BY_CTC" <- "YES" 

	
#MSG=END	
#LINE=END	

#LINE=START	
#TYPE=ALARM	
#LEVEL=LIGHT	
#MODULE=TMC	
#ID=2	
#TIME=2021.11.20 02:10:09:092	
#RESULT=POST	
#TITLE=DB_CFG - Simulation mode is active !	
#MSG=START	
	
#MSG=END	
#LINE=END	

#LINE=START	
#TYPE=ALARM	
#LEVEL=LIGHT	
#MODULE=TMC	
#ID=3	
#TIME=2021.11.20 02:10:09:092	
#RESULT=POST	
#TITLE=DB_CFG - PMC-Dummy mode is active !	
#MSG=START	
 * "DB_CFG+SCH_TEST.CFG.PMC_DUMMY_BY_CTC" <- "YES" 

	
#MSG=END	
#LINE=END	

#LINE=START	
#TYPE=ALARM	
#LEVEL=LIGHT	
#MODULE=TMC	
#ID=2	
#TIME=2021.11.20 02:21:57:682	
#RESULT=POST	
#TITLE=DB_CFG - Simulation mode is active !	
#MSG=START	
	
#MSG=END	
#LINE=END	

#LINE=START	
#TYPE=ALARM	
#LEVEL=LIGHT	
#MODULE=TMC	
#ID=3	
#TIME=2021.11.20 02:21:57:682	
#RESULT=POST	
#TITLE=DB_CFG - PMC-Dummy mode is active !	
#MSG=START	
 * "DB_CFG+SCH_TEST.CFG.PMC_DUMMY_BY_CTC" <- "YES" 

	
#MSG=END	
#LINE=END	

@LINE	
STATUS	
GUI-100	
-1	
2021.11.20 02:23:40:839	
POST	
STOP	
	
@LINE	
STATUS	
GUI-100	
-1	
2021.11.20 02:25:18:069	
POST	
START	
	
#LINE=START	
#TYPE=ALARM	
#LEVEL=LIGHT	
#MODULE=TMC	
#ID=2	
#TIME=2021.11.20 02:24:58:331	
#RESULT=POST	
#TITLE=DB_CFG - Simulation mode is active !	
#MSG=START	
	
#MSG=END	
#LINE=END	

#LINE=START	
#TYPE=ALARM	
#LEVEL=LIGHT	
#MODULE=TMC	
#ID=3	
#TIME=2021.11.20 02:24:58:331	
#RESULT=POST	
#TITLE=DB_CFG - PMC-Dummy mode is active !	
#MSG=START	
 * "DB_CFG+SCH_TEST.CFG.PMC_DUMMY_BY_CTC" <- "YES" 

	
#MSG=END	
#LINE=END	

#LINE=START	
#TYPE=ALARM	
#LEVEL=LIGHT	
#MODULE=TMC	
#ID=2	
#TIME=2021.11.20 10:44:07:704	
#RESULT=POST	
#TITLE=DB_CFG - Simulation mode is active !	
#MSG=START	
	
#MSG=END	
#LINE=END	

#LINE=START	
#TYPE=ALARM	
#LEVEL=LIGHT	
#MODULE=TMC	
#ID=3	
#TIME=2021.11.20 10:44:07:704	
#RESULT=POST	
#TITLE=DB_CFG - PMC-Dummy mode is active !	
#MSG=START	
 * "DB_CFG+SCH_TEST.CFG.PMC_DUMMY_BY_CTC" <- "YES" 

	
#MSG=END	
#LINE=END	

#LINE=START	
#TYPE=ALARM	
#LEVEL=LIGHT	
#MODULE=TMC	
#ID=42	
#TIME=2021.11.20 10:45:44:533	
#RESULT=POST	
#TITLE=PHY_IO__LP1 - Command timeout !	
#MSG=START	
"CLAMP" command timeout ((null)) sec 
Please, check I/O Input state 
  IO+di.LP1.Clamp.Sns <- Off 
  IO+di.LP1.Unclamp.Sns <- On 

After command send, result can't receive. 
	
#MSG=END	
#LINE=END	

#LINE=START	
#TYPE=ALARM	
#LEVEL=LIGHT	
#MODULE=TMC	
#ID=42	
#TIME=2021.11.20 10:46:20:327	
#RESULT=RETRY	
#TITLE=PHY_IO__LP1 - Command timeout !	
#MSG=START	
"CLAMP" command timeout ((null)) sec 
Please, check I/O Input state 
  IO+di.LP1.Clamp.Sns <- Off 
  IO+di.LP1.Unclamp.Sns <- On 

After command send, result can't receive. 
	
#MSG=END	
#LINE=END	

#LINE=START	
#TYPE=ALARM	
#LEVEL=LIGHT	
#MODULE=TMC	
#ID=42	
#TIME=2021.11.20 10:46:23:358	
#RESULT=POST	
#TITLE=PHY_IO__LP1 - Command timeout !	
#MSG=START	
"CLAMP" command timeout ((null)) sec 
Please, check I/O Input state 
  IO+di.LP1.Clamp.Sns <- Off 
  IO+di.LP1.Unclamp.Sns <- On 

After command send, result can't receive. 
	
#MSG=END	
#LINE=END	

#LINE=START	
#TYPE=ALARM	
#LEVEL=LIGHT	
#MODULE=TMC	
#ID=42	
#TIME=2021.11.20 10:46:28:512	
#RESULT=ABORT	
#TITLE=PHY_IO__LP1 - Command timeout !	
#MSG=START	
"CLAMP" command timeout ((null)) sec 
Please, check I/O Input state 
  IO+di.LP1.Clamp.Sns <- Off 
  IO+di.LP1.Unclamp.Sns <- On 

After command send, result can't receive. 
	
#MSG=END	
#LINE=END	

#LINE=START	
#TYPE=ALARM	
#LEVEL=LIGHT	
#MODULE=TMC	
#ID=2	
#TIME=2021.11.20 12:29:36:659	
#RESULT=POST	
#TITLE=DB_CFG - Simulation mode is active !	
#MSG=START	
	
#MSG=END	
#LINE=END	

#LINE=START	
#TYPE=ALARM	
#LEVEL=LIGHT	
#MODULE=TMC	
#ID=3	
#TIME=2021.11.20 12:29:36:659	
#RESULT=POST	
#TITLE=DB_CFG - PMC-Dummy mode is active !	
#MSG=START	
 * "DB_CFG+SCH_TEST.CFG.PMC_DUMMY_BY_CTC" <- "YES" 

	
#MSG=END	
#LINE=END	

#LINE=START	
#TYPE=ALARM	
#LEVEL=LIGHT	
#MODULE=TMC	
#ID=42	
#TIME=2021.11.20 12:30:10:461	
#RESULT=POST	
#TITLE=PHY_IO__LP1 - Command timeout !	
#MSG=START	
"PADDLE.UP" command timeout (3) sec 
Please, check I/O Input state 
  IO+di.LP1.Clamp.Sns <- Off 
  IO+di.LP1.Unclamp.Sns <- Off 

After command send, result can't receive. 
	
#MSG=END	
#LINE=END	

#LINE=START	
#TYPE=ALARM	
#LEVEL=LIGHT	
#MODULE=TMC	
#ID=42	
#TIME=2021.11.20 12:30:32:231	
#RESULT=RETRY	
#TITLE=PHY_IO__LP1 - Command timeout !	
#MSG=START	
"PADDLE.UP" command timeout (3) sec 
Please, check I/O Input state 
  IO+di.LP1.Clamp.Sns <- Off 
  IO+di.LP1.Unclamp.Sns <- Off 

After command send, result can't receive. 
	
#MSG=END	
#LINE=END	

@LINE	
STATUS	
GUI-100	
-1	
2021.11.20 13:12:13:979	
POST	
STOP	
	
@LINE	
STATUS	
GUI-100	
-1	
2021.11.20 13:20:34:724	
POST	
START	
	
#LINE=START	
#TYPE=ALARM	
#LEVEL=LIGHT	
#MODULE=TMC	
#ID=2	
#TIME=2021.11.20 13:20:13:024	
#RESULT=POST	
#TITLE=DB_CFG - Simulation mode is active !	
#MSG=START	
	
#MSG=END	
#LINE=END	

#LINE=START	
#TYPE=ALARM	
#LEVEL=LIGHT	
#MODULE=TMC	
#ID=3	
#TIME=2021.11.20 13:20:13:024	
#RESULT=POST	
#TITLE=DB_CFG - PMC-Dummy mode is active !	
#MSG=START	
 * "DB_CFG+SCH_TEST.CFG.PMC_DUMMY_BY_CTC" <- "YES" 

	
#MSG=END	
#LINE=END	

@LINE	
STATUS	
GUI-100	
-1	
2021.11.20 13:34:03:710	
POST	
STOP	
	
@LINE	
STATUS	
GUI-100	
-1	
2021.11.20 13:37:18:643	
POST	
START	
	
#LINE=START	
#TYPE=ALARM	
#LEVEL=LIGHT	
#MODULE=TMC	
#ID=2	
#TIME=2021.11.20 13:36:48:816	
#RESULT=POST	
#TITLE=DB_CFG - Simulation mode is active !	
#MSG=START	
	
#MSG=END	
#LINE=END	

#LINE=START	
#TYPE=ALARM	
#LEVEL=LIGHT	
#MODULE=TMC	
#ID=3	
#TIME=2021.11.20 13:36:48:816	
#RESULT=POST	
#TITLE=DB_CFG - PMC-Dummy mode is active !	
#MSG=START	
 * "DB_CFG+SCH_TEST.CFG.PMC_DUMMY_BY_CTC" <- "YES" 

	
#MSG=END	
#LINE=END	

@LINE	
STATUS	
GUI-100	
-1	
2021.11.20 13:59:48:410	
POST	
STOP	
	
@LINE	
STATUS	
GUI-100	
-1	
2021.11.20 13:59:57:963	
POST	
START	
	
#LINE=START	
#TYPE=ALARM	
#LEVEL=LIGHT	
#MODULE=TMC	
#ID=2	
#TIME=2021.11.20 13:36:48:816	
#RESULT=POST	
#TITLE=DB_CFG - Simulation mode is active !	
#MSG=START	
	
#MSG=END	
#LINE=END	

#LINE=START	
#TYPE=ALARM	
#LEVEL=LIGHT	
#MODULE=TMC	
#ID=3	
#TIME=2021.11.20 13:36:48:816	
#RESULT=POST	
#TITLE=DB_CFG - PMC-Dummy mode is active !	
#MSG=START	
 * "DB_CFG+SCH_TEST.CFG.PMC_DUMMY_BY_CTC" <- "YES" 

	
#MSG=END	
#LINE=END	

@LINE	
STATUS	
GUI-100	
-1	
2021.11.20 14:01:44:204	
POST	
STOP	
	
@LINE	
STATUS	
GUI-100	
-1	
2021.11.20 14:02:57:367	
POST	
START	
	
#LINE=START	
#TYPE=ALARM	
#LEVEL=LIGHT	
#MODULE=TMC	
#ID=2	
#TIME=2021.11.20 13:36:48:816	
#RESULT=POST	
#TITLE=DB_CFG - Simulation mode is active !	
#MSG=START	
	
#MSG=END	
#LINE=END	

#LINE=START	
#TYPE=ALARM	
#LEVEL=LIGHT	
#MODULE=TMC	
#ID=3	
#TIME=2021.11.20 13:36:48:816	
#RESULT=POST	
#TITLE=DB_CFG - PMC-Dummy mode is active !	
#MSG=START	
 * "DB_CFG+SCH_TEST.CFG.PMC_DUMMY_BY_CTC" <- "YES" 

	
#MSG=END	
#LINE=END	

#LINE=START	
#TYPE=ALARM	
#LEVEL=LIGHT	
#MODULE=TMC	
#ID=2	
#TIME=2021.11.20 14:14:00:813	
#RESULT=POST	
#TITLE=DB_CFG - Simulation mode is active !	
#MSG=START	
	
#MSG=END	
#LINE=END	

#LINE=START	
#TYPE=ALARM	
#LEVEL=LIGHT	
#MODULE=TMC	
#ID=3	
#TIME=2021.11.20 14:14:00:813	
#RESULT=POST	
#TITLE=DB_CFG - PMC-Dummy mode is active !	
#MSG=START	
 * "DB_CFG+SCH_TEST.CFG.PMC_DUMMY_BY_CTC" <- "YES" 

	
#MSG=END	
#LINE=END	

@LINE	
STATUS	
GUI-100	
-1	
2021.11.20 14:48:20:913	
POST	
STOP	
	
@LINE	
STATUS	
GUI-100	
-1	
2021.11.20 16:25:18:938	
POST	
START	
	
#LINE=START	
#TYPE=ALARM	
#LEVEL=LIGHT	
#MODULE=TMC	
#ID=2	
#TIME=2021.11.20 16:24:11:489	
#RESULT=POST	
#TITLE=DB_CFG - Simulation mode is active !	
#MSG=START	
	
#MSG=END	
#LINE=END	

#LINE=START	
#TYPE=ALARM	
#LEVEL=LIGHT	
#MODULE=TMC	
#ID=3	
#TIME=2021.11.20 16:24:11:489	
#RESULT=POST	
#TITLE=DB_CFG - PMC-Dummy mode is active !	
#MSG=START	
 * "DB_CFG+SCH_TEST.CFG.PMC_DUMMY_BY_CTC" <- "YES" 

	
#MSG=END	
#LINE=END	

#LINE=START	
#TYPE=ALARM	
#LEVEL=LIGHT	
#MODULE=TMC	
#ID=2	
#TIME=2021.11.20 17:03:31:741	
#RESULT=POST	
#TITLE=DB_CFG - Simulation mode is active !	
#MSG=START	
	
#MSG=END	
#LINE=END	

#LINE=START	
#TYPE=ALARM	
#LEVEL=LIGHT	
#MODULE=TMC	
#ID=3	
#TIME=2021.11.20 17:03:31:741	
#RESULT=POST	
#TITLE=DB_CFG - PMC-Dummy mode is active !	
#MSG=START	
 * "DB_CFG+SCH_TEST.CFG.PMC_DUMMY_BY_CTC" <- "YES" 

	
#MSG=END	
#LINE=END	

@LINE	
STATUS	
GUI-100	
-1	
2021.11.20 17:17:14:262	
POST	
STOP	
	
