@LINE	
STATUS	
GUI-100	
-1	
2021.08.27 13:25:49:643	
POST	
START	
	
#LINE=START	
#TYPE=ALARM	
#LEVEL=LIGHT	
#MODULE=TMC	
#ID=2	
#TIME=2021.08.27 13:22:44:674	
#RESULT=POST	
#TITLE=DB_CFG - Simulation mode is active !	
#MSG=START	
	
#MSG=END	
#LINE=END	

#LINE=START	
#TYPE=ALARM	
#LEVEL=LIGHT	
#MODULE=TMC	
#ID=3	
#TIME=2021.08.27 13:22:44:674	
#RESULT=POST	
#TITLE=DB_CFG - PMC-Dummy mode is active !	
#MSG=START	
 * "DB_CFG+SCH_TEST.CFG.PMC_DUMMY_BY_CTC" <- "YES" 

	
#MSG=END	
#LINE=END	

#LINE=START	
#TYPE=ALARM	
#LEVEL=LIGHT	
#MODULE=TMC	
#ID=1	
#TIME=2021.08.27 13:27:13:817	
#RESULT=POST	
#TITLE=MNG__SYS_CTRL : SYSTEM INIT FAILED.	
#MSG=START	

OBJECT [LL1] INIT Failed. 
OBJECT [LL2] INIT Failed. 

System component Initial-Action is failed !	
#MSG=END	
#LINE=END	

@LINE	
STATUS	
GUI-100	
-1	
2021.08.27 13:28:02:894	
POST	
STOP	
	
@LINE	
STATUS	
GUI-100	
-1	
2021.08.27 14:12:55:843	
POST	
START	
	
#LINE=START	
#TYPE=ALARM	
#LEVEL=LIGHT	
#MODULE=TMC	
#ID=2	
#TIME=2021.08.27 14:12:42:556	
#RESULT=POST	
#TITLE=DB_CFG - Simulation mode is active !	
#MSG=START	
	
#MSG=END	
#LINE=END	

#LINE=START	
#TYPE=ALARM	
#LEVEL=LIGHT	
#MODULE=TMC	
#ID=3	
#TIME=2021.08.27 14:12:42:556	
#RESULT=POST	
#TITLE=DB_CFG - PMC-Dummy mode is active !	
#MSG=START	
 * "DB_CFG+SCH_TEST.CFG.PMC_DUMMY_BY_CTC" <- "YES" 

	
#MSG=END	
#LINE=END	

#LINE=START	
#TYPE=ALARM	
#LEVEL=LIGHT	
#MODULE=TMC	
#ID=1	
#TIME=2021.08.27 14:15:28:707	
#RESULT=POST	
#TITLE=MNG__SYS_CTRL : SYSTEM INIT FAILED.	
#MSG=START	

OBJECT [LL1] INIT Failed. 
OBJECT [LL2] INIT Failed. 

System component Initial-Action is failed !	
#MSG=END	
#LINE=END	

#LINE=START	
#TYPE=ALARM	
#LEVEL=LIGHT	
#MODULE=TMC	
#ID=2	
#TIME=2021.08.27 14:27:00:354	
#RESULT=POST	
#TITLE=DB_CFG - Simulation mode is active !	
#MSG=START	
	
#MSG=END	
#LINE=END	

#LINE=START	
#TYPE=ALARM	
#LEVEL=LIGHT	
#MODULE=TMC	
#ID=3	
#TIME=2021.08.27 14:27:00:354	
#RESULT=POST	
#TITLE=DB_CFG - PMC-Dummy mode is active !	
#MSG=START	
 * "DB_CFG+SCH_TEST.CFG.PMC_DUMMY_BY_CTC" <- "YES" 

	
#MSG=END	
#LINE=END	

#LINE=START	
#TYPE=ALARM	
#LEVEL=LIGHT	
#MODULE=TMC	
#ID=11	
#TIME=2021.08.27 14:27:04:334	
#RESULT=POST	
#TITLE=PHY_IO__ATM_ROBOT - Offline.	
#MSG=START	
1. Check the Serial cable
2. Check the Robot power
Controller is Offline.
Please, Check Communication Status !
	
#MSG=END	
#LINE=END	

#LINE=START	
#TYPE=ALARM	
#LEVEL=LIGHT	
#MODULE=TMC	
#ID=11	
#TIME=2021.08.27 14:27:11:046	
#RESULT=ABORT	
#TITLE=PHY_IO__ATM_ROBOT - Offline.	
#MSG=START	
1. Check the Serial cable
2. Check the Robot power
Controller is Offline.
Please, Check Communication Status !
	
#MSG=END	
#LINE=END	

#LINE=START	
#TYPE=ALARM	
#LEVEL=LIGHT	
#MODULE=TMC	
#ID=1	
#TIME=2021.08.27 14:27:11:050	
#RESULT=POST	
#TITLE=MNG__SYS_CTRL : SYSTEM INIT FAILED.	
#MSG=START	

OBJECT [ATM_ROBOT] INIT Failed. 

System component Initial-Action is failed !	
#MSG=END	
#LINE=END	

#LINE=START	
#TYPE=ALARM	
#LEVEL=LIGHT	
#MODULE=TMC	
#ID=1	
#TIME=2021.08.27 14:29:49:387	
#RESULT=CHECK	
#TITLE=MNG__SYS_CTRL : SYSTEM INIT FAILED.	
#MSG=START	

OBJECT [ATM_ROBOT] INIT Failed. 

System component Initial-Action is failed !	
#MSG=END	
#LINE=END	

@LINE	
STATUS	
GUI-100	
-1	
2021.08.27 14:42:23:362	
POST	
STOP	
	
@LINE	
STATUS	
GUI-100	
-1	
2021.08.27 16:36:45:839	
POST	
START	
	
#LINE=START	
#TYPE=ALARM	
#LEVEL=LIGHT	
#MODULE=TMC	
#ID=2	
#TIME=2021.08.27 16:36:30:945	
#RESULT=POST	
#TITLE=DB_CFG - Simulation mode is active !	
#MSG=START	
	
#MSG=END	
#LINE=END	

#LINE=START	
#TYPE=ALARM	
#LEVEL=LIGHT	
#MODULE=TMC	
#ID=3	
#TIME=2021.08.27 16:36:30:945	
#RESULT=POST	
#TITLE=DB_CFG - PMC-Dummy mode is active !	
#MSG=START	
 * "DB_CFG+SCH_TEST.CFG.PMC_DUMMY_BY_CTC" <- "YES" 

	
#MSG=END	
#LINE=END	

@LINE	
STATUS	
GUI-100	
-1	
2021.08.27 16:42:43:778	
POST	
STOP	
	
@LINE	
STATUS	
GUI-100	
-1	
2021.08.27 16:51:16:409	
POST	
START	
	
#LINE=START	
#TYPE=ALARM	
#LEVEL=LIGHT	
#MODULE=TMC	
#ID=2	
#TIME=2021.08.27 16:51:14:509	
#RESULT=POST	
#TITLE=DB_CFG - Simulation mode is active !	
#MSG=START	
	
#MSG=END	
#LINE=END	

#LINE=START	
#TYPE=ALARM	
#LEVEL=LIGHT	
#MODULE=TMC	
#ID=3	
#TIME=2021.08.27 16:51:14:509	
#RESULT=POST	
#TITLE=DB_CFG - PMC-Dummy mode is active !	
#MSG=START	
 * "DB_CFG+SCH_TEST.CFG.PMC_DUMMY_BY_CTC" <- "YES" 

	
#MSG=END	
#LINE=END	

@LINE	
STATUS	
GUI-100	
-1	
2021.08.27 16:53:47:622	
POST	
STOP	
	
@LINE	
STATUS	
GUI-100	
-1	
2021.08.27 17:24:48:840	
POST	
START	
	
#LINE=START	
#TYPE=ALARM	
#LEVEL=LIGHT	
#MODULE=TMC	
#ID=2	
#TIME=2021.08.27 17:24:47:613	
#RESULT=POST	
#TITLE=DB_CFG - Simulation mode is active !	
#MSG=START	
	
#MSG=END	
#LINE=END	

#LINE=START	
#TYPE=ALARM	
#LEVEL=LIGHT	
#MODULE=TMC	
#ID=3	
#TIME=2021.08.27 17:24:47:613	
#RESULT=POST	
#TITLE=DB_CFG - PMC-Dummy mode is active !	
#MSG=START	
 * "DB_CFG+SCH_TEST.CFG.PMC_DUMMY_BY_CTC" <- "YES" 

	
#MSG=END	
#LINE=END	

#LINE=START	
#TYPE=ALARM	
#LEVEL=LIGHT	
#MODULE=TMC	
#ID=2	
#TIME=2021.08.27 17:31:09:382	
#RESULT=POST	
#TITLE=DB_CFG - Simulation mode is active !	
#MSG=START	
	
#MSG=END	
#LINE=END	

#LINE=START	
#TYPE=ALARM	
#LEVEL=LIGHT	
#MODULE=TMC	
#ID=3	
#TIME=2021.08.27 17:31:09:382	
#RESULT=POST	
#TITLE=DB_CFG - PMC-Dummy mode is active !	
#MSG=START	
 * "DB_CFG+SCH_TEST.CFG.PMC_DUMMY_BY_CTC" <- "YES" 

	
#MSG=END	
#LINE=END	

#LINE=START	
#TYPE=ALARM	
#LEVEL=LIGHT	
#MODULE=TMC	
#ID=1	
#TIME=2021.08.27 17:32:46:367	
#RESULT=POST	
#TITLE=MNG__SYS_CTRL : SYSTEM INIT FAILED.	
#MSG=START	

OBJECT [TM_CHM] INIT Failed. 
OBJECT [LL1] INIT Failed. 
OBJECT [LL2] INIT Failed. 

System component Initial-Action is failed !	
#MSG=END	
#LINE=END	

#LINE=START	
#TYPE=ALARM	
#LEVEL=LIGHT	
#MODULE=TMC	
#ID=1	
#TIME=2021.08.27 17:35:41:968	
#RESULT=CHECK	
#TITLE=MNG__SYS_CTRL : SYSTEM INIT FAILED.	
#MSG=START	

OBJECT [TM_CHM] INIT Failed. 
OBJECT [LL1] INIT Failed. 
OBJECT [LL2] INIT Failed. 

System component Initial-Action is failed !	
#MSG=END	
#LINE=END	

@LINE	
STATUS	
GUI-100	
-1	
2021.08.27 18:03:41:029	
POST	
STOP	
	
@LINE	
STATUS	
GUI-100	
-1	
2021.08.27 18:03:56:241	
POST	
START	
	
#LINE=START	
#TYPE=ALARM	
#LEVEL=LIGHT	
#MODULE=TMC	
#ID=2	
#TIME=2021.08.27 17:31:09:382	
#RESULT=POST	
#TITLE=DB_CFG - Simulation mode is active !	
#MSG=START	
	
#MSG=END	
#LINE=END	

#LINE=START	
#TYPE=ALARM	
#LEVEL=LIGHT	
#MODULE=TMC	
#ID=3	
#TIME=2021.08.27 17:31:09:382	
#RESULT=POST	
#TITLE=DB_CFG - PMC-Dummy mode is active !	
#MSG=START	
 * "DB_CFG+SCH_TEST.CFG.PMC_DUMMY_BY_CTC" <- "YES" 

	
#MSG=END	
#LINE=END	

@LINE	
STATUS	
GUI-100	
-1	
2021.08.27 18:08:41:650	
POST	
STOP	
	
@LINE	
STATUS	
GUI-100	
-1	
2021.08.27 18:21:49:628	
POST	
START	
	
#LINE=START	
#TYPE=ALARM	
#LEVEL=LIGHT	
#MODULE=TMC	
#ID=2	
#TIME=2021.08.27 17:31:09:382	
#RESULT=POST	
#TITLE=DB_CFG - Simulation mode is active !	
#MSG=START	
	
#MSG=END	
#LINE=END	

#LINE=START	
#TYPE=ALARM	
#LEVEL=LIGHT	
#MODULE=TMC	
#ID=3	
#TIME=2021.08.27 17:31:09:382	
#RESULT=POST	
#TITLE=DB_CFG - PMC-Dummy mode is active !	
#MSG=START	
 * "DB_CFG+SCH_TEST.CFG.PMC_DUMMY_BY_CTC" <- "YES" 

	
#MSG=END	
#LINE=END	

@LINE	
STATUS	
GUI-100	
-1	
2021.08.27 18:28:47:788	
POST	
STOP	
	
@LINE	
STATUS	
GUI-100	
-1	
2021.08.27 19:59:04:609	
POST	
START	
	
#LINE=START	
#TYPE=ALARM	
#LEVEL=LIGHT	
#MODULE=TMC	
#ID=2	
#TIME=2021.08.27 17:31:09:382	
#RESULT=POST	
#TITLE=DB_CFG - Simulation mode is active !	
#MSG=START	
	
#MSG=END	
#LINE=END	

#LINE=START	
#TYPE=ALARM	
#LEVEL=LIGHT	
#MODULE=TMC	
#ID=3	
#TIME=2021.08.27 17:31:09:382	
#RESULT=POST	
#TITLE=DB_CFG - PMC-Dummy mode is active !	
#MSG=START	
 * "DB_CFG+SCH_TEST.CFG.PMC_DUMMY_BY_CTC" <- "YES" 

	
#MSG=END	
#LINE=END	

#LINE=START	
#TYPE=ALARM	
#LEVEL=LIGHT	
#MODULE=TMC	
#ID=1	
#TIME=2021.08.27 20:04:14:037	
#RESULT=POST	
#TITLE=MNG__SYS_CTRL : SYSTEM INIT FAILED.	
#MSG=START	

OBJECT [LP1] INIT Failed. 
OBJECT [LP2] INIT Failed. 
OBJECT [LP3] INIT Failed. 
OBJECT [PUMP] INIT Failed. 

System component Initial-Action is failed !	
#MSG=END	
#LINE=END	

@LINE	
STATUS	
GUI-100	
-1	
2021.08.27 21:24:26:242	
POST	
STOP	
	
@LINE	
STATUS	
GUI-100	
-1	
2021.08.27 21:24:35:922	
POST	
START	
	
#LINE=START	
#TYPE=ALARM	
#LEVEL=LIGHT	
#MODULE=TMC	
#ID=2	
#TIME=2021.08.27 17:31:09:382	
#RESULT=POST	
#TITLE=DB_CFG - Simulation mode is active !	
#MSG=START	
	
#MSG=END	
#LINE=END	

#LINE=START	
#TYPE=ALARM	
#LEVEL=LIGHT	
#MODULE=TMC	
#ID=3	
#TIME=2021.08.27 17:31:09:382	
#RESULT=POST	
#TITLE=DB_CFG - PMC-Dummy mode is active !	
#MSG=START	
 * "DB_CFG+SCH_TEST.CFG.PMC_DUMMY_BY_CTC" <- "YES" 

	
#MSG=END	
#LINE=END	

#LINE=START	
#TYPE=ALARM	
#LEVEL=LIGHT	
#MODULE=TMC	
#ID=1	
#TIME=2021.08.27 20:04:14:037	
#RESULT=POST	
#TITLE=MNG__SYS_CTRL : SYSTEM INIT FAILED.	
#MSG=START	

OBJECT [LP1] INIT Failed. 
OBJECT [LP2] INIT Failed. 
OBJECT [LP3] INIT Failed. 
OBJECT [PUMP] INIT Failed. 

System component Initial-Action is failed !	
#MSG=END	
#LINE=END	

@LINE	
STATUS	
GUI-100	
-1	
2021.08.27 21:31:25:347	
POST	
STOP	
	
@LINE	
STATUS	
GUI-100	
-1	
2021.08.27 21:31:33:672	
POST	
START	
	
#LINE=START	
#TYPE=ALARM	
#LEVEL=LIGHT	
#MODULE=TMC	
#ID=2	
#TIME=2021.08.27 17:31:09:382	
#RESULT=POST	
#TITLE=DB_CFG - Simulation mode is active !	
#MSG=START	
	
#MSG=END	
#LINE=END	

#LINE=START	
#TYPE=ALARM	
#LEVEL=LIGHT	
#MODULE=TMC	
#ID=3	
#TIME=2021.08.27 17:31:09:382	
#RESULT=POST	
#TITLE=DB_CFG - PMC-Dummy mode is active !	
#MSG=START	
 * "DB_CFG+SCH_TEST.CFG.PMC_DUMMY_BY_CTC" <- "YES" 

	
#MSG=END	
#LINE=END	

#LINE=START	
#TYPE=ALARM	
#LEVEL=LIGHT	
#MODULE=TMC	
#ID=1	
#TIME=2021.08.27 20:04:14:037	
#RESULT=POST	
#TITLE=MNG__SYS_CTRL : SYSTEM INIT FAILED.	
#MSG=START	

OBJECT [LP1] INIT Failed. 
OBJECT [LP2] INIT Failed. 
OBJECT [LP3] INIT Failed. 
OBJECT [PUMP] INIT Failed. 

System component Initial-Action is failed !	
#MSG=END	
#LINE=END	

@LINE	
STATUS	
GUI-100	
-1	
2021.08.27 21:34:37:491	
POST	
STOP	
	
@LINE	
STATUS	
GUI-100	
-1	
2021.08.27 21:46:01:803	
POST	
START	
	
#LINE=START	
#TYPE=ALARM	
#LEVEL=LIGHT	
#MODULE=TMC	
#ID=2	
#TIME=2021.08.27 21:45:29:460	
#RESULT=POST	
#TITLE=DB_CFG - Simulation mode is active !	
#MSG=START	
	
#MSG=END	
#LINE=END	

#LINE=START	
#TYPE=ALARM	
#LEVEL=LIGHT	
#MODULE=TMC	
#ID=3	
#TIME=2021.08.27 21:45:29:460	
#RESULT=POST	
#TITLE=DB_CFG - PMC-Dummy mode is active !	
#MSG=START	
 * "DB_CFG+SCH_TEST.CFG.PMC_DUMMY_BY_CTC" <- "YES" 

	
#MSG=END	
#LINE=END	

#LINE=START	
#TYPE=ALARM	
#LEVEL=LIGHT	
#MODULE=TMC	
#ID=1	
#TIME=2021.08.27 21:47:37:910	
#RESULT=POST	
#TITLE=MNG__SYS_CTRL : SYSTEM INIT FAILED.	
#MSG=START	

OBJECT [LP1] INIT Failed. 
OBJECT [LP2] INIT Failed. 
OBJECT [LP3] INIT Failed. 
OBJECT [PUMP] INIT Failed. 

System component Initial-Action is failed !	
#MSG=END	
#LINE=END	

#LINE=START	
#TYPE=ALARM	
#LEVEL=LIGHT	
#MODULE=TMC	
#ID=1	
#TIME=2021.08.27 21:48:13:946	
#RESULT=CHECK	
#TITLE=MNG__SYS_CTRL : SYSTEM INIT FAILED.	
#MSG=START	

OBJECT [LP1] INIT Failed. 
OBJECT [LP2] INIT Failed. 
OBJECT [LP3] INIT Failed. 
OBJECT [PUMP] INIT Failed. 

System component Initial-Action is failed !	
#MSG=END	
#LINE=END	

