@LINE	
STATUS	
GUI-100	
-1	
2021.06.19 01:51:22:921	
POST	
START	
	
#LINE=START	
#TYPE=ALARM	
#LEVEL=HEAVY	
#MODULE=CTC	
#ID=101	
#TIME=2021.06.19 01:51:15:413	
#RESULT=POST	
#TITLE=DB_CFG - Simulation mode is active !	
#MSG=START	
	
#MSG=END	
#LINE=END	

#LINE=START	
#TYPE=ALARM	
#LEVEL=WARNING	
#MODULE=CTC	
#ID=102	
#TIME=2021.06.19 01:51:15:413	
#RESULT=POST	
#TITLE=DB_CFG - TMC-Dummy mode is active !	
#MSG=START	
 * "DB_CFG+SCH_TEST.CFG.TMC_DUMMY_BY_CTC" <- "YES" 

	
#MSG=END	
#LINE=END	

#LINE=START	
#TYPE=ALARM	
#LEVEL=LIGHT	
#MODULE=CTC	
#ID=111	
#TIME=2021.06.19 01:51:15:413	
#RESULT=POST	
#TITLE=DB_CFG - PM1-Dummy mode is active !	
#MSG=START	
 * "DB_CFG+SCH_TEST.CFG.PM1_DUMMY_BY_CTC" <- "YES" 

	
#MSG=END	
#LINE=END	

#LINE=START	
#TYPE=ALARM	
#LEVEL=LIGHT	
#MODULE=CTC	
#ID=112	
#TIME=2021.06.19 01:51:15:413	
#RESULT=POST	
#TITLE=DB_CFG - PM2-Dummy mode is active !	
#MSG=START	
 * "DB_CFG+SCH_TEST.CFG.PM2_DUMMY_BY_CTC" <- "YES" 

	
#MSG=END	
#LINE=END	

#LINE=START	
#TYPE=ALARM	
#LEVEL=LIGHT	
#MODULE=CTC	
#ID=113	
#TIME=2021.06.19 01:51:15:413	
#RESULT=POST	
#TITLE=DB_CFG - PM3-Dummy mode is active !	
#MSG=START	
 * "DB_CFG+SCH_TEST.CFG.PM3_DUMMY_BY_CTC" <- "YES" 

	
#MSG=END	
#LINE=END	

#LINE=START	
#TYPE=ALARM	
#LEVEL=LIGHT	
#MODULE=CTC	
#ID=114	
#TIME=2021.06.19 01:51:15:413	
#RESULT=POST	
#TITLE=DB_CFG - PM4-Dummy mode is active !	
#MSG=START	
 * "DB_CFG+SCH_TEST.CFG.PM4_DUMMY_BY_CTC" <- "YES" 

	
#MSG=END	
#LINE=END	

#LINE=START	
#TYPE=ALARM	
#LEVEL=LIGHT	
#MODULE=CTC	
#ID=32	
#TIME=2021.06.19 01:52:11:323	
#RESULT=POST	
#TITLE=__SYS -  AlarmID(2)	
#MSG=START	
AlarmID(2)'s message ...	
#MSG=END	
#LINE=END	

#LINE=START	
#TYPE=ALARM	
#LEVEL=LIGHT	
#MODULE=CTC	
#ID=32	
#TIME=2021.06.19 01:52:24:883	
#RESULT=ACT.2	
#TITLE=__SYS -  AlarmID(2)	
#MSG=START	
AlarmID(2)'s message ...	
#MSG=END	
#LINE=END	

#LINE=START	
#TYPE=ALARM	
#LEVEL=LIGHT	
#MODULE=CTC	
#ID=32	
#TIME=2021.06.19 01:53:12:198	
#RESULT=POST	
#TITLE=__SYS -  AlarmID(2)	
#MSG=START	
AlarmID(2)'s message ...	
#MSG=END	
#LINE=END	

#LINE=START	
#TYPE=ALARM	
#LEVEL=LIGHT	
#MODULE=CTC	
#ID=613	
#TIME=2021.06.19 01:53:16:395	
#RESULT=POST	
#TITLE=OPR_CTC_MODE : SYSTEM IN MAINT MODE	
#MSG=START	
Can't run job in maint mode !	
#MSG=END	
#LINE=END	

#LINE=START	
#TYPE=ALARM	
#LEVEL=LIGHT	
#MODULE=CTC	
#ID=613	
#TIME=2021.06.19 01:53:17:759	
#RESULT=CHECK	
#TITLE=OPR_CTC_MODE : SYSTEM IN MAINT MODE	
#MSG=START	
Can't run job in maint mode !	
#MSG=END	
#LINE=END	

#LINE=START	
#TYPE=ALARM	
#LEVEL=LIGHT	
#MODULE=CTC	
#ID=32	
#TIME=2021.06.19 01:53:19:326	
#RESULT=ACT.2	
#TITLE=__SYS -  AlarmID(2)	
#MSG=START	
AlarmID(2)'s message ...	
#MSG=END	
#LINE=END	

@LINE	
STATUS	
GUI-100	
-1	
2021.06.19 01:59:05:625	
POST	
STOP	
	
@LINE	
STATUS	
GUI-100	
-1	
2021.06.19 01:59:43:012	
POST	
START	
	
#LINE=START	
#TYPE=ALARM	
#LEVEL=HEAVY	
#MODULE=CTC	
#ID=101	
#TIME=2021.06.19 01:51:15:413	
#RESULT=POST	
#TITLE=DB_CFG - Simulation mode is active !	
#MSG=START	
	
#MSG=END	
#LINE=END	

#LINE=START	
#TYPE=ALARM	
#LEVEL=WARNING	
#MODULE=CTC	
#ID=102	
#TIME=2021.06.19 01:51:15:413	
#RESULT=POST	
#TITLE=DB_CFG - TMC-Dummy mode is active !	
#MSG=START	
 * "DB_CFG+SCH_TEST.CFG.TMC_DUMMY_BY_CTC" <- "YES" 

	
#MSG=END	
#LINE=END	

#LINE=START	
#TYPE=ALARM	
#LEVEL=LIGHT	
#MODULE=CTC	
#ID=111	
#TIME=2021.06.19 01:51:15:413	
#RESULT=POST	
#TITLE=DB_CFG - PM1-Dummy mode is active !	
#MSG=START	
 * "DB_CFG+SCH_TEST.CFG.PM1_DUMMY_BY_CTC" <- "YES" 

	
#MSG=END	
#LINE=END	

#LINE=START	
#TYPE=ALARM	
#LEVEL=LIGHT	
#MODULE=CTC	
#ID=112	
#TIME=2021.06.19 01:51:15:413	
#RESULT=POST	
#TITLE=DB_CFG - PM2-Dummy mode is active !	
#MSG=START	
 * "DB_CFG+SCH_TEST.CFG.PM2_DUMMY_BY_CTC" <- "YES" 

	
#MSG=END	
#LINE=END	

#LINE=START	
#TYPE=ALARM	
#LEVEL=LIGHT	
#MODULE=CTC	
#ID=113	
#TIME=2021.06.19 01:51:15:413	
#RESULT=POST	
#TITLE=DB_CFG - PM3-Dummy mode is active !	
#MSG=START	
 * "DB_CFG+SCH_TEST.CFG.PM3_DUMMY_BY_CTC" <- "YES" 

	
#MSG=END	
#LINE=END	

#LINE=START	
#TYPE=ALARM	
#LEVEL=LIGHT	
#MODULE=CTC	
#ID=114	
#TIME=2021.06.19 01:51:15:413	
#RESULT=POST	
#TITLE=DB_CFG - PM4-Dummy mode is active !	
#MSG=START	
 * "DB_CFG+SCH_TEST.CFG.PM4_DUMMY_BY_CTC" <- "YES" 

	
#MSG=END	
#LINE=END	

@LINE	
STATUS	
GUI-100	
-1	
2021.06.19 02:06:40:374	
POST	
STOP	
	
@LINE	
STATUS	
GUI-100	
-1	
2021.06.19 02:10:53:280	
POST	
START	
	
#LINE=START	
#TYPE=ALARM	
#LEVEL=HEAVY	
#MODULE=CTC	
#ID=101	
#TIME=2021.06.19 01:51:15:413	
#RESULT=POST	
#TITLE=DB_CFG - Simulation mode is active !	
#MSG=START	
	
#MSG=END	
#LINE=END	

#LINE=START	
#TYPE=ALARM	
#LEVEL=WARNING	
#MODULE=CTC	
#ID=102	
#TIME=2021.06.19 01:51:15:413	
#RESULT=POST	
#TITLE=DB_CFG - TMC-Dummy mode is active !	
#MSG=START	
 * "DB_CFG+SCH_TEST.CFG.TMC_DUMMY_BY_CTC" <- "YES" 

	
#MSG=END	
#LINE=END	

#LINE=START	
#TYPE=ALARM	
#LEVEL=LIGHT	
#MODULE=CTC	
#ID=111	
#TIME=2021.06.19 01:51:15:413	
#RESULT=POST	
#TITLE=DB_CFG - PM1-Dummy mode is active !	
#MSG=START	
 * "DB_CFG+SCH_TEST.CFG.PM1_DUMMY_BY_CTC" <- "YES" 

	
#MSG=END	
#LINE=END	

#LINE=START	
#TYPE=ALARM	
#LEVEL=LIGHT	
#MODULE=CTC	
#ID=112	
#TIME=2021.06.19 01:51:15:413	
#RESULT=POST	
#TITLE=DB_CFG - PM2-Dummy mode is active !	
#MSG=START	
 * "DB_CFG+SCH_TEST.CFG.PM2_DUMMY_BY_CTC" <- "YES" 

	
#MSG=END	
#LINE=END	

#LINE=START	
#TYPE=ALARM	
#LEVEL=LIGHT	
#MODULE=CTC	
#ID=113	
#TIME=2021.06.19 01:51:15:413	
#RESULT=POST	
#TITLE=DB_CFG - PM3-Dummy mode is active !	
#MSG=START	
 * "DB_CFG+SCH_TEST.CFG.PM3_DUMMY_BY_CTC" <- "YES" 

	
#MSG=END	
#LINE=END	

#LINE=START	
#TYPE=ALARM	
#LEVEL=LIGHT	
#MODULE=CTC	
#ID=114	
#TIME=2021.06.19 01:51:15:413	
#RESULT=POST	
#TITLE=DB_CFG - PM4-Dummy mode is active !	
#MSG=START	
 * "DB_CFG+SCH_TEST.CFG.PM4_DUMMY_BY_CTC" <- "YES" 

	
#MSG=END	
#LINE=END	

#LINE=START	
#TYPE=ALARM	
#LEVEL=LIGHT	
#MODULE=CTC	
#ID=32	
#TIME=2021.06.19 02:14:52:400	
#RESULT=POST	
#TITLE=__SYS -  AlarmID(2)	
#MSG=START	
AlarmID(2)'s message ...	
#MSG=END	
#LINE=END	

#LINE=START	
#TYPE=ALARM	
#LEVEL=LIGHT	
#MODULE=CTC	
#ID=32	
#TIME=2021.06.19 02:15:01:911	
#RESULT=ABORT	
#TITLE=__SYS -  AlarmID(2)	
#MSG=START	
AlarmID(2)'s message ...	
#MSG=END	
#LINE=END	

@LINE	
STATUS	
GUI-100	
-1	
2021.06.19 02:17:11:366	
POST	
STOP	
	
@LINE	
STATUS	
GUI-100	
-1	
2021.06.19 02:21:24:548	
POST	
START	
	
#LINE=START	
#TYPE=ALARM	
#LEVEL=HEAVY	
#MODULE=CTC	
#ID=101	
#TIME=2021.06.19 01:51:15:413	
#RESULT=POST	
#TITLE=DB_CFG - Simulation mode is active !	
#MSG=START	
	
#MSG=END	
#LINE=END	

#LINE=START	
#TYPE=ALARM	
#LEVEL=WARNING	
#MODULE=CTC	
#ID=102	
#TIME=2021.06.19 01:51:15:413	
#RESULT=POST	
#TITLE=DB_CFG - TMC-Dummy mode is active !	
#MSG=START	
 * "DB_CFG+SCH_TEST.CFG.TMC_DUMMY_BY_CTC" <- "YES" 

	
#MSG=END	
#LINE=END	

#LINE=START	
#TYPE=ALARM	
#LEVEL=LIGHT	
#MODULE=CTC	
#ID=111	
#TIME=2021.06.19 01:51:15:413	
#RESULT=POST	
#TITLE=DB_CFG - PM1-Dummy mode is active !	
#MSG=START	
 * "DB_CFG+SCH_TEST.CFG.PM1_DUMMY_BY_CTC" <- "YES" 

	
#MSG=END	
#LINE=END	

#LINE=START	
#TYPE=ALARM	
#LEVEL=LIGHT	
#MODULE=CTC	
#ID=112	
#TIME=2021.06.19 01:51:15:413	
#RESULT=POST	
#TITLE=DB_CFG - PM2-Dummy mode is active !	
#MSG=START	
 * "DB_CFG+SCH_TEST.CFG.PM2_DUMMY_BY_CTC" <- "YES" 

	
#MSG=END	
#LINE=END	

#LINE=START	
#TYPE=ALARM	
#LEVEL=LIGHT	
#MODULE=CTC	
#ID=113	
#TIME=2021.06.19 01:51:15:413	
#RESULT=POST	
#TITLE=DB_CFG - PM3-Dummy mode is active !	
#MSG=START	
 * "DB_CFG+SCH_TEST.CFG.PM3_DUMMY_BY_CTC" <- "YES" 

	
#MSG=END	
#LINE=END	

#LINE=START	
#TYPE=ALARM	
#LEVEL=LIGHT	
#MODULE=CTC	
#ID=114	
#TIME=2021.06.19 01:51:15:413	
#RESULT=POST	
#TITLE=DB_CFG - PM4-Dummy mode is active !	
#MSG=START	
 * "DB_CFG+SCH_TEST.CFG.PM4_DUMMY_BY_CTC" <- "YES" 

	
#MSG=END	
#LINE=END	

@LINE	
STATUS	
GUI-100	
-1	
2021.06.19 02:27:47:335	
POST	
STOP	
	
@LINE	
STATUS	
GUI-100	
-1	
2021.06.19 02:30:35:860	
POST	
START	
	
#LINE=START	
#TYPE=ALARM	
#LEVEL=HEAVY	
#MODULE=CTC	
#ID=101	
#TIME=2021.06.19 01:51:15:413	
#RESULT=POST	
#TITLE=DB_CFG - Simulation mode is active !	
#MSG=START	
	
#MSG=END	
#LINE=END	

#LINE=START	
#TYPE=ALARM	
#LEVEL=WARNING	
#MODULE=CTC	
#ID=102	
#TIME=2021.06.19 01:51:15:413	
#RESULT=POST	
#TITLE=DB_CFG - TMC-Dummy mode is active !	
#MSG=START	
 * "DB_CFG+SCH_TEST.CFG.TMC_DUMMY_BY_CTC" <- "YES" 

	
#MSG=END	
#LINE=END	

#LINE=START	
#TYPE=ALARM	
#LEVEL=LIGHT	
#MODULE=CTC	
#ID=111	
#TIME=2021.06.19 01:51:15:413	
#RESULT=POST	
#TITLE=DB_CFG - PM1-Dummy mode is active !	
#MSG=START	
 * "DB_CFG+SCH_TEST.CFG.PM1_DUMMY_BY_CTC" <- "YES" 

	
#MSG=END	
#LINE=END	

#LINE=START	
#TYPE=ALARM	
#LEVEL=LIGHT	
#MODULE=CTC	
#ID=112	
#TIME=2021.06.19 01:51:15:413	
#RESULT=POST	
#TITLE=DB_CFG - PM2-Dummy mode is active !	
#MSG=START	
 * "DB_CFG+SCH_TEST.CFG.PM2_DUMMY_BY_CTC" <- "YES" 

	
#MSG=END	
#LINE=END	

#LINE=START	
#TYPE=ALARM	
#LEVEL=LIGHT	
#MODULE=CTC	
#ID=113	
#TIME=2021.06.19 01:51:15:413	
#RESULT=POST	
#TITLE=DB_CFG - PM3-Dummy mode is active !	
#MSG=START	
 * "DB_CFG+SCH_TEST.CFG.PM3_DUMMY_BY_CTC" <- "YES" 

	
#MSG=END	
#LINE=END	

#LINE=START	
#TYPE=ALARM	
#LEVEL=LIGHT	
#MODULE=CTC	
#ID=114	
#TIME=2021.06.19 01:51:15:413	
#RESULT=POST	
#TITLE=DB_CFG - PM4-Dummy mode is active !	
#MSG=START	
 * "DB_CFG+SCH_TEST.CFG.PM4_DUMMY_BY_CTC" <- "YES" 

	
#MSG=END	
#LINE=END	

@LINE	
STATUS	
GUI-100	
-1	
2021.06.19 02:31:41:587	
POST	
STOP	
	
@LINE	
STATUS	
GUI-100	
-1	
2021.06.19 02:31:49:047	
POST	
START	
	
#LINE=START	
#TYPE=ALARM	
#LEVEL=HEAVY	
#MODULE=CTC	
#ID=101	
#TIME=2021.06.19 01:51:15:413	
#RESULT=POST	
#TITLE=DB_CFG - Simulation mode is active !	
#MSG=START	
	
#MSG=END	
#LINE=END	

#LINE=START	
#TYPE=ALARM	
#LEVEL=WARNING	
#MODULE=CTC	
#ID=102	
#TIME=2021.06.19 01:51:15:413	
#RESULT=POST	
#TITLE=DB_CFG - TMC-Dummy mode is active !	
#MSG=START	
 * "DB_CFG+SCH_TEST.CFG.TMC_DUMMY_BY_CTC" <- "YES" 

	
#MSG=END	
#LINE=END	

#LINE=START	
#TYPE=ALARM	
#LEVEL=LIGHT	
#MODULE=CTC	
#ID=111	
#TIME=2021.06.19 01:51:15:413	
#RESULT=POST	
#TITLE=DB_CFG - PM1-Dummy mode is active !	
#MSG=START	
 * "DB_CFG+SCH_TEST.CFG.PM1_DUMMY_BY_CTC" <- "YES" 

	
#MSG=END	
#LINE=END	

#LINE=START	
#TYPE=ALARM	
#LEVEL=LIGHT	
#MODULE=CTC	
#ID=112	
#TIME=2021.06.19 01:51:15:413	
#RESULT=POST	
#TITLE=DB_CFG - PM2-Dummy mode is active !	
#MSG=START	
 * "DB_CFG+SCH_TEST.CFG.PM2_DUMMY_BY_CTC" <- "YES" 

	
#MSG=END	
#LINE=END	

#LINE=START	
#TYPE=ALARM	
#LEVEL=LIGHT	
#MODULE=CTC	
#ID=113	
#TIME=2021.06.19 01:51:15:413	
#RESULT=POST	
#TITLE=DB_CFG - PM3-Dummy mode is active !	
#MSG=START	
 * "DB_CFG+SCH_TEST.CFG.PM3_DUMMY_BY_CTC" <- "YES" 

	
#MSG=END	
#LINE=END	

#LINE=START	
#TYPE=ALARM	
#LEVEL=LIGHT	
#MODULE=CTC	
#ID=114	
#TIME=2021.06.19 01:51:15:413	
#RESULT=POST	
#TITLE=DB_CFG - PM4-Dummy mode is active !	
#MSG=START	
 * "DB_CFG+SCH_TEST.CFG.PM4_DUMMY_BY_CTC" <- "YES" 

	
#MSG=END	
#LINE=END	

@LINE	
STATUS	
GUI-100	
-1	
2021.06.19 02:33:56:056	
POST	
STOP	
	
@LINE	
STATUS	
GUI-100	
-1	
2021.06.19 02:34:32:296	
POST	
START	
	
#LINE=START	
#TYPE=ALARM	
#LEVEL=HEAVY	
#MODULE=CTC	
#ID=101	
#TIME=2021.06.19 01:51:15:413	
#RESULT=POST	
#TITLE=DB_CFG - Simulation mode is active !	
#MSG=START	
	
#MSG=END	
#LINE=END	

#LINE=START	
#TYPE=ALARM	
#LEVEL=WARNING	
#MODULE=CTC	
#ID=102	
#TIME=2021.06.19 01:51:15:413	
#RESULT=POST	
#TITLE=DB_CFG - TMC-Dummy mode is active !	
#MSG=START	
 * "DB_CFG+SCH_TEST.CFG.TMC_DUMMY_BY_CTC" <- "YES" 

	
#MSG=END	
#LINE=END	

#LINE=START	
#TYPE=ALARM	
#LEVEL=LIGHT	
#MODULE=CTC	
#ID=111	
#TIME=2021.06.19 01:51:15:413	
#RESULT=POST	
#TITLE=DB_CFG - PM1-Dummy mode is active !	
#MSG=START	
 * "DB_CFG+SCH_TEST.CFG.PM1_DUMMY_BY_CTC" <- "YES" 

	
#MSG=END	
#LINE=END	

#LINE=START	
#TYPE=ALARM	
#LEVEL=LIGHT	
#MODULE=CTC	
#ID=112	
#TIME=2021.06.19 01:51:15:413	
#RESULT=POST	
#TITLE=DB_CFG - PM2-Dummy mode is active !	
#MSG=START	
 * "DB_CFG+SCH_TEST.CFG.PM2_DUMMY_BY_CTC" <- "YES" 

	
#MSG=END	
#LINE=END	

#LINE=START	
#TYPE=ALARM	
#LEVEL=LIGHT	
#MODULE=CTC	
#ID=113	
#TIME=2021.06.19 01:51:15:413	
#RESULT=POST	
#TITLE=DB_CFG - PM3-Dummy mode is active !	
#MSG=START	
 * "DB_CFG+SCH_TEST.CFG.PM3_DUMMY_BY_CTC" <- "YES" 

	
#MSG=END	
#LINE=END	

#LINE=START	
#TYPE=ALARM	
#LEVEL=LIGHT	
#MODULE=CTC	
#ID=114	
#TIME=2021.06.19 01:51:15:413	
#RESULT=POST	
#TITLE=DB_CFG - PM4-Dummy mode is active !	
#MSG=START	
 * "DB_CFG+SCH_TEST.CFG.PM4_DUMMY_BY_CTC" <- "YES" 

	
#MSG=END	
#LINE=END	

@LINE	
STATUS	
GUI-100	
-1	
2021.06.19 02:39:30:910	
POST	
STOP	
	
@LINE	
STATUS	
GUI-100	
-1	
2021.06.19 02:39:38:095	
POST	
START	
	
#LINE=START	
#TYPE=ALARM	
#LEVEL=HEAVY	
#MODULE=CTC	
#ID=101	
#TIME=2021.06.19 01:51:15:413	
#RESULT=POST	
#TITLE=DB_CFG - Simulation mode is active !	
#MSG=START	
	
#MSG=END	
#LINE=END	

#LINE=START	
#TYPE=ALARM	
#LEVEL=WARNING	
#MODULE=CTC	
#ID=102	
#TIME=2021.06.19 01:51:15:413	
#RESULT=POST	
#TITLE=DB_CFG - TMC-Dummy mode is active !	
#MSG=START	
 * "DB_CFG+SCH_TEST.CFG.TMC_DUMMY_BY_CTC" <- "YES" 

	
#MSG=END	
#LINE=END	

#LINE=START	
#TYPE=ALARM	
#LEVEL=LIGHT	
#MODULE=CTC	
#ID=111	
#TIME=2021.06.19 01:51:15:413	
#RESULT=POST	
#TITLE=DB_CFG - PM1-Dummy mode is active !	
#MSG=START	
 * "DB_CFG+SCH_TEST.CFG.PM1_DUMMY_BY_CTC" <- "YES" 

	
#MSG=END	
#LINE=END	

#LINE=START	
#TYPE=ALARM	
#LEVEL=LIGHT	
#MODULE=CTC	
#ID=112	
#TIME=2021.06.19 01:51:15:413	
#RESULT=POST	
#TITLE=DB_CFG - PM2-Dummy mode is active !	
#MSG=START	
 * "DB_CFG+SCH_TEST.CFG.PM2_DUMMY_BY_CTC" <- "YES" 

	
#MSG=END	
#LINE=END	

#LINE=START	
#TYPE=ALARM	
#LEVEL=LIGHT	
#MODULE=CTC	
#ID=113	
#TIME=2021.06.19 01:51:15:413	
#RESULT=POST	
#TITLE=DB_CFG - PM3-Dummy mode is active !	
#MSG=START	
 * "DB_CFG+SCH_TEST.CFG.PM3_DUMMY_BY_CTC" <- "YES" 

	
#MSG=END	
#LINE=END	

#LINE=START	
#TYPE=ALARM	
#LEVEL=LIGHT	
#MODULE=CTC	
#ID=114	
#TIME=2021.06.19 01:51:15:413	
#RESULT=POST	
#TITLE=DB_CFG - PM4-Dummy mode is active !	
#MSG=START	
 * "DB_CFG+SCH_TEST.CFG.PM4_DUMMY_BY_CTC" <- "YES" 

	
#MSG=END	
#LINE=END	

@LINE	
STATUS	
GUI-100	
-1	
2021.06.19 02:54:21:721	
POST	
STOP	
	
@LINE	
STATUS	
GUI-100	
-1	
2021.06.19 02:56:31:798	
POST	
START	
	
#LINE=START	
#TYPE=ALARM	
#LEVEL=HEAVY	
#MODULE=CTC	
#ID=101	
#TIME=2021.06.19 01:51:15:413	
#RESULT=POST	
#TITLE=DB_CFG - Simulation mode is active !	
#MSG=START	
	
#MSG=END	
#LINE=END	

#LINE=START	
#TYPE=ALARM	
#LEVEL=WARNING	
#MODULE=CTC	
#ID=102	
#TIME=2021.06.19 01:51:15:413	
#RESULT=POST	
#TITLE=DB_CFG - TMC-Dummy mode is active !	
#MSG=START	
 * "DB_CFG+SCH_TEST.CFG.TMC_DUMMY_BY_CTC" <- "YES" 

	
#MSG=END	
#LINE=END	

#LINE=START	
#TYPE=ALARM	
#LEVEL=LIGHT	
#MODULE=CTC	
#ID=111	
#TIME=2021.06.19 01:51:15:413	
#RESULT=POST	
#TITLE=DB_CFG - PM1-Dummy mode is active !	
#MSG=START	
 * "DB_CFG+SCH_TEST.CFG.PM1_DUMMY_BY_CTC" <- "YES" 

	
#MSG=END	
#LINE=END	

#LINE=START	
#TYPE=ALARM	
#LEVEL=LIGHT	
#MODULE=CTC	
#ID=112	
#TIME=2021.06.19 01:51:15:413	
#RESULT=POST	
#TITLE=DB_CFG - PM2-Dummy mode is active !	
#MSG=START	
 * "DB_CFG+SCH_TEST.CFG.PM2_DUMMY_BY_CTC" <- "YES" 

	
#MSG=END	
#LINE=END	

#LINE=START	
#TYPE=ALARM	
#LEVEL=LIGHT	
#MODULE=CTC	
#ID=113	
#TIME=2021.06.19 01:51:15:413	
#RESULT=POST	
#TITLE=DB_CFG - PM3-Dummy mode is active !	
#MSG=START	
 * "DB_CFG+SCH_TEST.CFG.PM3_DUMMY_BY_CTC" <- "YES" 

	
#MSG=END	
#LINE=END	

#LINE=START	
#TYPE=ALARM	
#LEVEL=LIGHT	
#MODULE=CTC	
#ID=114	
#TIME=2021.06.19 01:51:15:413	
#RESULT=POST	
#TITLE=DB_CFG - PM4-Dummy mode is active !	
#MSG=START	
 * "DB_CFG+SCH_TEST.CFG.PM4_DUMMY_BY_CTC" <- "YES" 

	
#MSG=END	
#LINE=END	

@LINE	
STATUS	
GUI-100	
-1	
2021.06.19 02:58:41:049	
POST	
STOP	
	
@LINE	
STATUS	
GUI-100	
-1	
2021.06.19 02:58:54:634	
POST	
START	
	
#LINE=START	
#TYPE=ALARM	
#LEVEL=HEAVY	
#MODULE=CTC	
#ID=101	
#TIME=2021.06.19 01:51:15:413	
#RESULT=POST	
#TITLE=DB_CFG - Simulation mode is active !	
#MSG=START	
	
#MSG=END	
#LINE=END	

#LINE=START	
#TYPE=ALARM	
#LEVEL=WARNING	
#MODULE=CTC	
#ID=102	
#TIME=2021.06.19 01:51:15:413	
#RESULT=POST	
#TITLE=DB_CFG - TMC-Dummy mode is active !	
#MSG=START	
 * "DB_CFG+SCH_TEST.CFG.TMC_DUMMY_BY_CTC" <- "YES" 

	
#MSG=END	
#LINE=END	

#LINE=START	
#TYPE=ALARM	
#LEVEL=LIGHT	
#MODULE=CTC	
#ID=111	
#TIME=2021.06.19 01:51:15:413	
#RESULT=POST	
#TITLE=DB_CFG - PM1-Dummy mode is active !	
#MSG=START	
 * "DB_CFG+SCH_TEST.CFG.PM1_DUMMY_BY_CTC" <- "YES" 

	
#MSG=END	
#LINE=END	

#LINE=START	
#TYPE=ALARM	
#LEVEL=LIGHT	
#MODULE=CTC	
#ID=112	
#TIME=2021.06.19 01:51:15:413	
#RESULT=POST	
#TITLE=DB_CFG - PM2-Dummy mode is active !	
#MSG=START	
 * "DB_CFG+SCH_TEST.CFG.PM2_DUMMY_BY_CTC" <- "YES" 

	
#MSG=END	
#LINE=END	

#LINE=START	
#TYPE=ALARM	
#LEVEL=LIGHT	
#MODULE=CTC	
#ID=113	
#TIME=2021.06.19 01:51:15:413	
#RESULT=POST	
#TITLE=DB_CFG - PM3-Dummy mode is active !	
#MSG=START	
 * "DB_CFG+SCH_TEST.CFG.PM3_DUMMY_BY_CTC" <- "YES" 

	
#MSG=END	
#LINE=END	

#LINE=START	
#TYPE=ALARM	
#LEVEL=LIGHT	
#MODULE=CTC	
#ID=114	
#TIME=2021.06.19 01:51:15:413	
#RESULT=POST	
#TITLE=DB_CFG - PM4-Dummy mode is active !	
#MSG=START	
 * "DB_CFG+SCH_TEST.CFG.PM4_DUMMY_BY_CTC" <- "YES" 

	
#MSG=END	
#LINE=END	

@LINE	
STATUS	
GUI-100	
-1	
2021.06.19 03:06:41:076	
POST	
STOP	
	
@LINE	
STATUS	
GUI-100	
-1	
2021.06.19 03:07:28:949	
POST	
START	
	
#LINE=START	
#TYPE=ALARM	
#LEVEL=HEAVY	
#MODULE=CTC	
#ID=101	
#TIME=2021.06.19 01:51:15:413	
#RESULT=POST	
#TITLE=DB_CFG - Simulation mode is active !	
#MSG=START	
	
#MSG=END	
#LINE=END	

#LINE=START	
#TYPE=ALARM	
#LEVEL=WARNING	
#MODULE=CTC	
#ID=102	
#TIME=2021.06.19 01:51:15:413	
#RESULT=POST	
#TITLE=DB_CFG - TMC-Dummy mode is active !	
#MSG=START	
 * "DB_CFG+SCH_TEST.CFG.TMC_DUMMY_BY_CTC" <- "YES" 

	
#MSG=END	
#LINE=END	

#LINE=START	
#TYPE=ALARM	
#LEVEL=LIGHT	
#MODULE=CTC	
#ID=111	
#TIME=2021.06.19 01:51:15:413	
#RESULT=POST	
#TITLE=DB_CFG - PM1-Dummy mode is active !	
#MSG=START	
 * "DB_CFG+SCH_TEST.CFG.PM1_DUMMY_BY_CTC" <- "YES" 

	
#MSG=END	
#LINE=END	

#LINE=START	
#TYPE=ALARM	
#LEVEL=LIGHT	
#MODULE=CTC	
#ID=112	
#TIME=2021.06.19 01:51:15:413	
#RESULT=POST	
#TITLE=DB_CFG - PM2-Dummy mode is active !	
#MSG=START	
 * "DB_CFG+SCH_TEST.CFG.PM2_DUMMY_BY_CTC" <- "YES" 

	
#MSG=END	
#LINE=END	

#LINE=START	
#TYPE=ALARM	
#LEVEL=LIGHT	
#MODULE=CTC	
#ID=113	
#TIME=2021.06.19 01:51:15:413	
#RESULT=POST	
#TITLE=DB_CFG - PM3-Dummy mode is active !	
#MSG=START	
 * "DB_CFG+SCH_TEST.CFG.PM3_DUMMY_BY_CTC" <- "YES" 

	
#MSG=END	
#LINE=END	

#LINE=START	
#TYPE=ALARM	
#LEVEL=LIGHT	
#MODULE=CTC	
#ID=114	
#TIME=2021.06.19 01:51:15:413	
#RESULT=POST	
#TITLE=DB_CFG - PM4-Dummy mode is active !	
#MSG=START	
 * "DB_CFG+SCH_TEST.CFG.PM4_DUMMY_BY_CTC" <- "YES" 

	
#MSG=END	
#LINE=END	

#LINE=START	
#TYPE=ALARM	
#LEVEL=LIGHT	
#MODULE=CTC	
#ID=32	
#TIME=2021.06.19 03:08:19:230	
#RESULT=POST	
#TITLE=__SYS -  AlarmID(2)	
#MSG=START	
AlarmID(2)'s message ...	
#MSG=END	
#LINE=END	

#LINE=START	
#TYPE=ALARM	
#LEVEL=LIGHT	
#MODULE=CTC	
#ID=32	
#TIME=2021.06.19 03:08:25:179	
#RESULT=ABORT	
#TITLE=__SYS -  AlarmID(2)	
#MSG=START	
AlarmID(2)'s message ...	
#MSG=END	
#LINE=END	

@LINE	
STATUS	
GUI-100	
-1	
2021.06.19 03:08:38:674	
POST	
STOP	
	
@LINE	
STATUS	
GUI-100	
-1	
2021.06.19 03:08:43:816	
POST	
START	
	
#LINE=START	
#TYPE=ALARM	
#LEVEL=HEAVY	
#MODULE=CTC	
#ID=101	
#TIME=2021.06.19 01:51:15:413	
#RESULT=POST	
#TITLE=DB_CFG - Simulation mode is active !	
#MSG=START	
	
#MSG=END	
#LINE=END	

#LINE=START	
#TYPE=ALARM	
#LEVEL=WARNING	
#MODULE=CTC	
#ID=102	
#TIME=2021.06.19 01:51:15:413	
#RESULT=POST	
#TITLE=DB_CFG - TMC-Dummy mode is active !	
#MSG=START	
 * "DB_CFG+SCH_TEST.CFG.TMC_DUMMY_BY_CTC" <- "YES" 

	
#MSG=END	
#LINE=END	

#LINE=START	
#TYPE=ALARM	
#LEVEL=LIGHT	
#MODULE=CTC	
#ID=111	
#TIME=2021.06.19 01:51:15:413	
#RESULT=POST	
#TITLE=DB_CFG - PM1-Dummy mode is active !	
#MSG=START	
 * "DB_CFG+SCH_TEST.CFG.PM1_DUMMY_BY_CTC" <- "YES" 

	
#MSG=END	
#LINE=END	

#LINE=START	
#TYPE=ALARM	
#LEVEL=LIGHT	
#MODULE=CTC	
#ID=112	
#TIME=2021.06.19 01:51:15:413	
#RESULT=POST	
#TITLE=DB_CFG - PM2-Dummy mode is active !	
#MSG=START	
 * "DB_CFG+SCH_TEST.CFG.PM2_DUMMY_BY_CTC" <- "YES" 

	
#MSG=END	
#LINE=END	

#LINE=START	
#TYPE=ALARM	
#LEVEL=LIGHT	
#MODULE=CTC	
#ID=113	
#TIME=2021.06.19 01:51:15:413	
#RESULT=POST	
#TITLE=DB_CFG - PM3-Dummy mode is active !	
#MSG=START	
 * "DB_CFG+SCH_TEST.CFG.PM3_DUMMY_BY_CTC" <- "YES" 

	
#MSG=END	
#LINE=END	

#LINE=START	
#TYPE=ALARM	
#LEVEL=LIGHT	
#MODULE=CTC	
#ID=114	
#TIME=2021.06.19 01:51:15:413	
#RESULT=POST	
#TITLE=DB_CFG - PM4-Dummy mode is active !	
#MSG=START	
 * "DB_CFG+SCH_TEST.CFG.PM4_DUMMY_BY_CTC" <- "YES" 

	
#MSG=END	
#LINE=END	

@LINE	
STATUS	
GUI-100	
-1	
2021.06.19 03:12:42:620	
POST	
STOP	
	
@LINE	
STATUS	
GUI-100	
-1	
2021.06.19 03:17:45:396	
POST	
START	
	
#LINE=START	
#TYPE=ALARM	
#LEVEL=HEAVY	
#MODULE=CTC	
#ID=101	
#TIME=2021.06.19 01:51:15:413	
#RESULT=POST	
#TITLE=DB_CFG - Simulation mode is active !	
#MSG=START	
	
#MSG=END	
#LINE=END	

#LINE=START	
#TYPE=ALARM	
#LEVEL=WARNING	
#MODULE=CTC	
#ID=102	
#TIME=2021.06.19 01:51:15:413	
#RESULT=POST	
#TITLE=DB_CFG - TMC-Dummy mode is active !	
#MSG=START	
 * "DB_CFG+SCH_TEST.CFG.TMC_DUMMY_BY_CTC" <- "YES" 

	
#MSG=END	
#LINE=END	

#LINE=START	
#TYPE=ALARM	
#LEVEL=LIGHT	
#MODULE=CTC	
#ID=111	
#TIME=2021.06.19 01:51:15:413	
#RESULT=POST	
#TITLE=DB_CFG - PM1-Dummy mode is active !	
#MSG=START	
 * "DB_CFG+SCH_TEST.CFG.PM1_DUMMY_BY_CTC" <- "YES" 

	
#MSG=END	
#LINE=END	

#LINE=START	
#TYPE=ALARM	
#LEVEL=LIGHT	
#MODULE=CTC	
#ID=112	
#TIME=2021.06.19 01:51:15:413	
#RESULT=POST	
#TITLE=DB_CFG - PM2-Dummy mode is active !	
#MSG=START	
 * "DB_CFG+SCH_TEST.CFG.PM2_DUMMY_BY_CTC" <- "YES" 

	
#MSG=END	
#LINE=END	

#LINE=START	
#TYPE=ALARM	
#LEVEL=LIGHT	
#MODULE=CTC	
#ID=113	
#TIME=2021.06.19 01:51:15:413	
#RESULT=POST	
#TITLE=DB_CFG - PM3-Dummy mode is active !	
#MSG=START	
 * "DB_CFG+SCH_TEST.CFG.PM3_DUMMY_BY_CTC" <- "YES" 

	
#MSG=END	
#LINE=END	

#LINE=START	
#TYPE=ALARM	
#LEVEL=LIGHT	
#MODULE=CTC	
#ID=114	
#TIME=2021.06.19 01:51:15:413	
#RESULT=POST	
#TITLE=DB_CFG - PM4-Dummy mode is active !	
#MSG=START	
 * "DB_CFG+SCH_TEST.CFG.PM4_DUMMY_BY_CTC" <- "YES" 

	
#MSG=END	
#LINE=END	

@LINE	
STATUS	
GUI-100	
-1	
2021.06.19 03:28:57:604	
POST	
STOP	
	
@LINE	
STATUS	
GUI-100	
-1	
2021.06.19 03:31:14:748	
POST	
START	
	
#LINE=START	
#TYPE=ALARM	
#LEVEL=HEAVY	
#MODULE=CTC	
#ID=101	
#TIME=2021.06.19 03:31:09:694	
#RESULT=POST	
#TITLE=DB_CFG - Simulation mode is active !	
#MSG=START	
	
#MSG=END	
#LINE=END	

#LINE=START	
#TYPE=ALARM	
#LEVEL=WARNING	
#MODULE=CTC	
#ID=102	
#TIME=2021.06.19 03:31:09:694	
#RESULT=POST	
#TITLE=DB_CFG - TMC-Dummy mode is active !	
#MSG=START	
 * "DB_CFG+SCH_TEST.CFG.TMC_DUMMY_BY_CTC" <- "YES" 

	
#MSG=END	
#LINE=END	

#LINE=START	
#TYPE=ALARM	
#LEVEL=LIGHT	
#MODULE=CTC	
#ID=111	
#TIME=2021.06.19 03:31:09:694	
#RESULT=POST	
#TITLE=DB_CFG - PM1-Dummy mode is active !	
#MSG=START	
 * "DB_CFG+SCH_TEST.CFG.PM1_DUMMY_BY_CTC" <- "YES" 

	
#MSG=END	
#LINE=END	

#LINE=START	
#TYPE=ALARM	
#LEVEL=LIGHT	
#MODULE=CTC	
#ID=112	
#TIME=2021.06.19 03:31:09:694	
#RESULT=POST	
#TITLE=DB_CFG - PM2-Dummy mode is active !	
#MSG=START	
 * "DB_CFG+SCH_TEST.CFG.PM2_DUMMY_BY_CTC" <- "YES" 

	
#MSG=END	
#LINE=END	

#LINE=START	
#TYPE=ALARM	
#LEVEL=LIGHT	
#MODULE=CTC	
#ID=113	
#TIME=2021.06.19 03:31:09:694	
#RESULT=POST	
#TITLE=DB_CFG - PM3-Dummy mode is active !	
#MSG=START	
 * "DB_CFG+SCH_TEST.CFG.PM3_DUMMY_BY_CTC" <- "YES" 

	
#MSG=END	
#LINE=END	

#LINE=START	
#TYPE=ALARM	
#LEVEL=LIGHT	
#MODULE=CTC	
#ID=114	
#TIME=2021.06.19 03:31:09:694	
#RESULT=POST	
#TITLE=DB_CFG - PM4-Dummy mode is active !	
#MSG=START	
 * "DB_CFG+SCH_TEST.CFG.PM4_DUMMY_BY_CTC" <- "YES" 

	
#MSG=END	
#LINE=END	

#LINE=START	
#TYPE=ALARM	
#LEVEL=LIGHT	
#MODULE=CTC	
#ID=33	
#TIME=2021.06.19 03:32:57:698	
#RESULT=POST	
#TITLE=__SYS -  AlarmID(3)	
#MSG=START	
AlarmID(3)'s message ...	
#MSG=END	
#LINE=END	

#LINE=START	
#TYPE=ALARM	
#LEVEL=LIGHT	
#MODULE=CTC	
#ID=613	
#TIME=2021.06.19 03:33:08:468	
#RESULT=POST	
#TITLE=OPR_CTC_MODE : SYSTEM IN MAINT MODE	
#MSG=START	
Can't run job in maint mode !	
#MSG=END	
#LINE=END	

#LINE=START	
#TYPE=ALARM	
#LEVEL=LIGHT	
#MODULE=CTC	
#ID=613	
#TIME=2021.06.19 03:33:13:870	
#RESULT=CHECK	
#TITLE=OPR_CTC_MODE : SYSTEM IN MAINT MODE	
#MSG=START	
Can't run job in maint mode !	
#MSG=END	
#LINE=END	

#LINE=START	
#TYPE=ALARM	
#LEVEL=LIGHT	
#MODULE=CTC	
#ID=33	
#TIME=2021.06.19 03:33:16:462	
#RESULT=ACT.3	
#TITLE=__SYS -  AlarmID(3)	
#MSG=START	
AlarmID(3)'s message ...	
#MSG=END	
#LINE=END	

@LINE	
STATUS	
GUI-100	
-1	
2021.06.19 03:37:37:597	
POST	
STOP	
	
@LINE	
STATUS	
GUI-100	
-1	
2021.06.19 03:42:16:506	
POST	
START	
	
@LINE	
STATUS	
GUI-100	
-1	
2021.06.19 03:42:45:771	
POST	
START	
	
#LINE=START	
#TYPE=ALARM	
#LEVEL=LIGHT	
#MODULE=PM2	
#ID=401	
#TIME=2021.06.19 03:41:33:130	
#RESULT=POST	
#TITLE=DB_SYS - Simulation mode is active !	
#MSG=START	
	
#MSG=END	
#LINE=END	

@LINE	
STATUS	
GUI-100	
-1	
2021.06.19 03:45:19:657	
POST	
STOP	
	
@LINE	
STATUS	
GUI-100	
-1	
2021.06.19 03:45:25:190	
POST	
START	
	
#LINE=START	
#TYPE=ALARM	
#LEVEL=LIGHT	
#MODULE=PM2	
#ID=401	
#TIME=2021.06.19 03:41:33:130	
#RESULT=POST	
#TITLE=DB_SYS - Simulation mode is active !	
#MSG=START	
	
#MSG=END	
#LINE=END	

@LINE	
STATUS	
GUI-100	
-1	
2021.06.19 03:46:38:761	
POST	
STOP	
	
@LINE	
STATUS	
GUI-100	
-1	
2021.06.19 03:46:45:956	
POST	
START	
	
#LINE=START	
#TYPE=ALARM	
#LEVEL=LIGHT	
#MODULE=PM2	
#ID=401	
#TIME=2021.06.19 03:41:33:130	
#RESULT=POST	
#TITLE=DB_SYS - Simulation mode is active !	
#MSG=START	
	
#MSG=END	
#LINE=END	

#LINE=START	
#TYPE=ALARM	
#LEVEL=LIGHT	
#MODULE=PM2	
#ID=816	
#TIME=2021.06.19 03:49:37:738	
#RESULT=POST	
#TITLE=FNC_PROC - Do you want to convert the status of wafer ? 
	
#MSG=START	
The lot ID of wafer is "". 
The port ID of wafer is "". 
The slot ID of wafer is "". 
The recipe name of wafer is "PRC\TEST1". 

If you click "YES", the status of wafer will be converted to "PROCESSED". 
If you click "NO",  the status of wafer will be not changed. 
	
#MSG=END	
#LINE=END	

#LINE=START	
#TYPE=ALARM	
#LEVEL=LIGHT	
#MODULE=PM2	
#ID=816	
#TIME=2021.06.19 03:49:43:114	
#RESULT=YES	
#TITLE=FNC_PROC - Do you want to convert the status of wafer ? 
	
#MSG=START	
The lot ID of wafer is "". 
The port ID of wafer is "". 
The slot ID of wafer is "". 
The recipe name of wafer is "PRC\TEST1". 

If you click "YES", the status of wafer will be converted to "PROCESSED". 
If you click "NO",  the status of wafer will be not changed. 
	
#MSG=END	
#LINE=END	

#LINE=START	
#TYPE=ALARM	
#LEVEL=LIGHT	
#MODULE=PM2	
#ID=816	
#TIME=2021.06.19 03:54:10:755	
#RESULT=POST	
#TITLE=FNC_PROC - Do you want to convert the status of wafer ? 
	
#MSG=START	
The lot ID of wafer is "". 
The port ID of wafer is "". 
The slot ID of wafer is "". 
The recipe name of wafer is "PRC\TEST1". 

If you click "YES", the status of wafer will be converted to "PROCESSED". 
If you click "NO",  the status of wafer will be not changed. 
	
#MSG=END	
#LINE=END	

#LINE=START	
#TYPE=ALARM	
#LEVEL=LIGHT	
#MODULE=PM2	
#ID=816	
#TIME=2021.06.19 03:54:19:325	
#RESULT=YES	
#TITLE=FNC_PROC - Do you want to convert the status of wafer ? 
	
#MSG=START	
The lot ID of wafer is "". 
The port ID of wafer is "". 
The slot ID of wafer is "". 
The recipe name of wafer is "PRC\TEST1". 

If you click "YES", the status of wafer will be converted to "PROCESSED". 
If you click "NO",  the status of wafer will be not changed. 
	
#MSG=END	
#LINE=END	

@LINE	
STATUS	
GUI-100	
-1	
2021.06.19 03:56:46:881	
POST	
STOP	
	
@LINE	
STATUS	
GUI-100	
-1	
2021.06.19 11:43:56:270	
POST	
START	
	
#LINE=START	
#TYPE=ALARM	
#LEVEL=LIGHT	
#MODULE=PM2	
#ID=401	
#TIME=2021.06.19 11:43:36:536	
#RESULT=POST	
#TITLE=DB_SYS - Simulation mode is active !	
#MSG=START	
	
#MSG=END	
#LINE=END	

@LINE	
STATUS	
GUI-100	
-1	
2021.06.19 12:32:41:270	
POST	
STOP	
	
@LINE	
STATUS	
GUI-100	
-1	
2021.06.19 18:58:47:143	
POST	
START	
	
#LINE=START	
#TYPE=ALARM	
#LEVEL=HEAVY	
#MODULE=CTC	
#ID=101	
#TIME=2021.06.19 18:58:16:853	
#RESULT=POST	
#TITLE=DB_CFG - Simulation mode is active !	
#MSG=START	
	
#MSG=END	
#LINE=END	

#LINE=START	
#TYPE=ALARM	
#LEVEL=WARNING	
#MODULE=CTC	
#ID=102	
#TIME=2021.06.19 18:58:16:853	
#RESULT=POST	
#TITLE=DB_CFG - TMC-Dummy mode is active !	
#MSG=START	
 * "DB_CFG+SCH_TEST.CFG.TMC_DUMMY_BY_CTC" <- "YES" 

	
#MSG=END	
#LINE=END	

#LINE=START	
#TYPE=ALARM	
#LEVEL=LIGHT	
#MODULE=CTC	
#ID=111	
#TIME=2021.06.19 18:58:16:853	
#RESULT=POST	
#TITLE=DB_CFG - PM1-Dummy mode is active !	
#MSG=START	
 * "DB_CFG+SCH_TEST.CFG.PM1_DUMMY_BY_CTC" <- "YES" 

	
#MSG=END	
#LINE=END	

#LINE=START	
#TYPE=ALARM	
#LEVEL=LIGHT	
#MODULE=CTC	
#ID=112	
#TIME=2021.06.19 18:58:16:853	
#RESULT=POST	
#TITLE=DB_CFG - PM2-Dummy mode is active !	
#MSG=START	
 * "DB_CFG+SCH_TEST.CFG.PM2_DUMMY_BY_CTC" <- "YES" 

	
#MSG=END	
#LINE=END	

#LINE=START	
#TYPE=ALARM	
#LEVEL=LIGHT	
#MODULE=CTC	
#ID=113	
#TIME=2021.06.19 18:58:16:853	
#RESULT=POST	
#TITLE=DB_CFG - PM3-Dummy mode is active !	
#MSG=START	
 * "DB_CFG+SCH_TEST.CFG.PM3_DUMMY_BY_CTC" <- "YES" 

	
#MSG=END	
#LINE=END	

#LINE=START	
#TYPE=ALARM	
#LEVEL=LIGHT	
#MODULE=CTC	
#ID=114	
#TIME=2021.06.19 18:58:16:853	
#RESULT=POST	
#TITLE=DB_CFG - PM4-Dummy mode is active !	
#MSG=START	
 * "DB_CFG+SCH_TEST.CFG.PM4_DUMMY_BY_CTC" <- "YES" 

	
#MSG=END	
#LINE=END	

#LINE=START	
#TYPE=ALARM	
#LEVEL=LIGHT	
#MODULE=CTC	
#ID=32	
#TIME=2021.06.19 19:01:07:803	
#RESULT=POST	
#TITLE=__SYS -  AlarmID(2)	
#MSG=START	
AlarmID(2)'s message ...	
#MSG=END	
#LINE=END	

#LINE=START	
#TYPE=ALARM	
#LEVEL=LIGHT	
#MODULE=CTC	
#ID=32	
#TIME=2021.06.19 19:01:11:332	
#RESULT=ABORT	
#TITLE=__SYS -  AlarmID(2)	
#MSG=START	
AlarmID(2)'s message ...	
#MSG=END	
#LINE=END	

#LINE=START	
#TYPE=ALARM	
#LEVEL=LIGHT	
#MODULE=CTC	
#ID=32	
#TIME=2021.06.19 19:01:15:643	
#RESULT=POST	
#TITLE=__SYS -  AlarmID(2)	
#MSG=START	
AlarmID(2)'s message ...	
#MSG=END	
#LINE=END	

#LINE=START	
#TYPE=ALARM	
#LEVEL=LIGHT	
#MODULE=CTC	
#ID=32	
#TIME=2021.06.19 19:01:26:255	
#RESULT=ABORT	
#TITLE=__SYS -  AlarmID(2)	
#MSG=START	
AlarmID(2)'s message ...	
#MSG=END	
#LINE=END	

#LINE=START	
#TYPE=ALARM	
#LEVEL=LIGHT	
#MODULE=CTC	
#ID=32	
#TIME=2021.06.19 19:01:27:861	
#RESULT=POST	
#TITLE=__SYS -  AlarmID(2)	
#MSG=START	
AlarmID(2)'s message ...	
#MSG=END	
#LINE=END	

#LINE=START	
#TYPE=ALARM	
#LEVEL=LIGHT	
#MODULE=CTC	
#ID=32	
#TIME=2021.06.19 19:01:31:841	
#RESULT=ACT.2	
#TITLE=__SYS -  AlarmID(2)	
#MSG=START	
AlarmID(2)'s message ...	
#MSG=END	
#LINE=END	

#LINE=START	
#TYPE=ALARM	
#LEVEL=LIGHT	
#MODULE=CTC	
#ID=32	
#TIME=2021.06.19 19:01:42:630	
#RESULT=POST	
#TITLE=__SYS -  AlarmID(2)	
#MSG=START	
AlarmID(2)'s message ...	
#MSG=END	
#LINE=END	

#LINE=START	
#TYPE=ALARM	
#LEVEL=LIGHT	
#MODULE=CTC	
#ID=613	
#TIME=2021.06.19 19:01:49:189	
#RESULT=POST	
#TITLE=OPR_CTC_MODE : SYSTEM IN MAINT MODE	
#MSG=START	
Can't run job in maint mode !	
#MSG=END	
#LINE=END	

#LINE=START	
#TYPE=ALARM	
#LEVEL=LIGHT	
#MODULE=CTC	
#ID=613	
#TIME=2021.06.19 19:01:55:962	
#RESULT=CHECK	
#TITLE=OPR_CTC_MODE : SYSTEM IN MAINT MODE	
#MSG=START	
Can't run job in maint mode !	
#MSG=END	
#LINE=END	

#LINE=START	
#TYPE=ALARM	
#LEVEL=LIGHT	
#MODULE=CTC	
#ID=32	
#TIME=2021.06.19 19:01:57:206	
#RESULT=ACT.2	
#TITLE=__SYS -  AlarmID(2)	
#MSG=START	
AlarmID(2)'s message ...	
#MSG=END	
#LINE=END	

#LINE=START	
#TYPE=ALARM	
#LEVEL=LIGHT	
#MODULE=CTC	
#ID=32	
#TIME=2021.06.19 19:01:58:169	
#RESULT=POST	
#TITLE=__SYS -  AlarmID(2)	
#MSG=START	
AlarmID(2)'s message ...	
#MSG=END	
#LINE=END	

#LINE=START	
#TYPE=ALARM	
#LEVEL=LIGHT	
#MODULE=CTC	
#ID=32	
#TIME=2021.06.19 19:02:03:763	
#RESULT=RETRY	
#TITLE=__SYS -  AlarmID(2)	
#MSG=START	
AlarmID(2)'s message ...	
#MSG=END	
#LINE=END	

@LINE	
STATUS	
GUI-100	
-1	
2021.06.19 19:02:12:361	
POST	
STOP	
	
@LINE	
STATUS	
GUI-100	
-1	
2021.06.19 20:20:06:088	
POST	
START	
	
@LINE	
STATUS	
GUI-100	
-1	
2021.06.19 20:23:36:730	
POST	
STOP	
	
@LINE	
STATUS	
GUI-100	
-1	
2021.06.19 20:25:28:857	
POST	
START	
	
#LINE=START	
#TYPE=ALARM	
#LEVEL=LIGHT	
#MODULE=PM2	
#ID=401	
#TIME=2021.06.19 20:03:53:179	
#RESULT=POST	
#TITLE=DB_SYS - Simulation mode is active !	
#MSG=START	
	
#MSG=END	
#LINE=END	

@LINE	
STATUS	
GUI-100	
-1	
2021.06.19 20:27:04:307	
POST	
STOP	
	
