@LINE	
STATUS	
GUI-100	
-1	
2021.06.15 13:29:22:824	
POST	
START	
	
#LINE=START	
#TYPE=ALARM	
#LEVEL=HEAVY	
#MODULE=CTC	
#ID=101	
#TIME=2021.06.15 13:29:09:911	
#RESULT=POST	
#TITLE=DB_CFG - Simulation mode is active !	
#MSG=START	
	
#MSG=END	
#LINE=END	

#LINE=START	
#TYPE=ALARM	
#LEVEL=WARNING	
#MODULE=CTC	
#ID=102	
#TIME=2021.06.15 13:29:09:911	
#RESULT=POST	
#TITLE=DB_CFG - TMC-Dummy mode is active !	
#MSG=START	
 * "DB_CFG+SCH_TEST.CFG.TMC_DUMMY_BY_CTC" <- "YES" 

	
#MSG=END	
#LINE=END	

#LINE=START	
#TYPE=ALARM	
#LEVEL=LIGHT	
#MODULE=CTC	
#ID=111	
#TIME=2021.06.15 13:29:09:911	
#RESULT=POST	
#TITLE=DB_CFG - PM1-Dummy mode is active !	
#MSG=START	
 * "DB_CFG+SCH_TEST.CFG.PM1_DUMMY_BY_CTC" <- "YES" 

	
#MSG=END	
#LINE=END	

#LINE=START	
#TYPE=ALARM	
#LEVEL=LIGHT	
#MODULE=CTC	
#ID=112	
#TIME=2021.06.15 13:29:09:911	
#RESULT=POST	
#TITLE=DB_CFG - PM2-Dummy mode is active !	
#MSG=START	
 * "DB_CFG+SCH_TEST.CFG.PM2_DUMMY_BY_CTC" <- "YES" 

	
#MSG=END	
#LINE=END	

#LINE=START	
#TYPE=ALARM	
#LEVEL=LIGHT	
#MODULE=CTC	
#ID=113	
#TIME=2021.06.15 13:29:09:911	
#RESULT=POST	
#TITLE=DB_CFG - PM3-Dummy mode is active !	
#MSG=START	
 * "DB_CFG+SCH_TEST.CFG.PM3_DUMMY_BY_CTC" <- "YES" 

	
#MSG=END	
#LINE=END	

#LINE=START	
#TYPE=ALARM	
#LEVEL=LIGHT	
#MODULE=CTC	
#ID=114	
#TIME=2021.06.15 13:29:09:911	
#RESULT=POST	
#TITLE=DB_CFG - PM4-Dummy mode is active !	
#MSG=START	
 * "DB_CFG+SCH_TEST.CFG.PM4_DUMMY_BY_CTC" <- "YES" 

	
#MSG=END	
#LINE=END	

@LINE	
STATUS	
GUI-100	
-1	
2021.06.15 13:40:00:508	
POST	
STOP	
	
@LINE	
STATUS	
GUI-100	
-1	
2021.06.15 13:45:47:388	
POST	
START	
	
#LINE=START	
#TYPE=ALARM	
#LEVEL=HEAVY	
#MODULE=CTC	
#ID=101	
#TIME=2021.06.15 13:29:09:911	
#RESULT=POST	
#TITLE=DB_CFG - Simulation mode is active !	
#MSG=START	
	
#MSG=END	
#LINE=END	

#LINE=START	
#TYPE=ALARM	
#LEVEL=WARNING	
#MODULE=CTC	
#ID=102	
#TIME=2021.06.15 13:29:09:911	
#RESULT=POST	
#TITLE=DB_CFG - TMC-Dummy mode is active !	
#MSG=START	
 * "DB_CFG+SCH_TEST.CFG.TMC_DUMMY_BY_CTC" <- "YES" 

	
#MSG=END	
#LINE=END	

#LINE=START	
#TYPE=ALARM	
#LEVEL=LIGHT	
#MODULE=CTC	
#ID=111	
#TIME=2021.06.15 13:29:09:911	
#RESULT=POST	
#TITLE=DB_CFG - PM1-Dummy mode is active !	
#MSG=START	
 * "DB_CFG+SCH_TEST.CFG.PM1_DUMMY_BY_CTC" <- "YES" 

	
#MSG=END	
#LINE=END	

#LINE=START	
#TYPE=ALARM	
#LEVEL=LIGHT	
#MODULE=CTC	
#ID=112	
#TIME=2021.06.15 13:29:09:911	
#RESULT=POST	
#TITLE=DB_CFG - PM2-Dummy mode is active !	
#MSG=START	
 * "DB_CFG+SCH_TEST.CFG.PM2_DUMMY_BY_CTC" <- "YES" 

	
#MSG=END	
#LINE=END	

#LINE=START	
#TYPE=ALARM	
#LEVEL=LIGHT	
#MODULE=CTC	
#ID=113	
#TIME=2021.06.15 13:29:09:911	
#RESULT=POST	
#TITLE=DB_CFG - PM3-Dummy mode is active !	
#MSG=START	
 * "DB_CFG+SCH_TEST.CFG.PM3_DUMMY_BY_CTC" <- "YES" 

	
#MSG=END	
#LINE=END	

#LINE=START	
#TYPE=ALARM	
#LEVEL=LIGHT	
#MODULE=CTC	
#ID=114	
#TIME=2021.06.15 13:29:09:911	
#RESULT=POST	
#TITLE=DB_CFG - PM4-Dummy mode is active !	
#MSG=START	
 * "DB_CFG+SCH_TEST.CFG.PM4_DUMMY_BY_CTC" <- "YES" 

	
#MSG=END	
#LINE=END	

#LINE=START	
#TYPE=ALARM	
#LEVEL=LIGHT	
#MODULE=PM1	
#ID=1	
#TIME=2021.06.15 13:52:43:439	
#RESULT=POST	
#TITLE=DB_SYS - Simulation mode is active !	
#MSG=START	
	
#MSG=END	
#LINE=END	

@LINE	
STATUS	
GUI-100	
-1	
2021.06.15 13:54:20:121	
POST	
STOP	
	
@LINE	
STATUS	
GUI-100	
-1	
2021.06.15 15:33:11:677	
POST	
START	
	
@LINE	
STATUS	
GUI-100	
-1	
2021.06.15 15:33:12:626	
POST	
STOP	
	
@LINE	
STATUS	
GUI-100	
-1	
2021.06.15 15:33:37:033	
POST	
START	
	
#LINE=START	
#TYPE=ALARM	
#LEVEL=LIGHT	
#MODULE=PM2	
#ID=1	
#TIME=2021.06.15 15:18:31:488	
#RESULT=POST	
#TITLE=DB_SYS - Simulation mode is active !	
#MSG=START	
	
#MSG=END	
#LINE=END	

@LINE	
STATUS	
GUI-100	
-1	
2021.06.15 15:46:05:310	
POST	
STOP	
	
@LINE	
STATUS	
GUI-100	
-1	
2021.06.15 15:50:56:285	
POST	
START	
	
#LINE=START	
#TYPE=ALARM	
#LEVEL=LIGHT	
#MODULE=PM1	
#ID=1	
#TIME=2021.06.15 15:50:13:081	
#RESULT=POST	
#TITLE=STD_01 - Alarm Test - 01	
#MSG=START	
User Alarm_Popup-Message !
Alarm message 01 
	
#MSG=END	
#LINE=END	

#LINE=START	
#TYPE=ALARM	
#LEVEL=LIGHT	
#MODULE=PM1	
#ID=1	
#TIME=2021.06.15 15:52:01:898	
#RESULT=POST	
#TITLE=STD_01 - Alarm Test - 01	
#MSG=START	
User Alarm_Popup-Message !
Alarm message 01 
	
#MSG=END	
#LINE=END	

#LINE=START	
#TYPE=ALARM	
#LEVEL=LIGHT	
#MODULE=PM1	
#ID=1	
#TIME=2021.06.15 15:52:08:672	
#RESULT=ABORT	
#TITLE=STD_01 - Alarm Test - 01	
#MSG=START	
User Alarm_Popup-Message !
Alarm message 01 
	
#MSG=END	
#LINE=END	

#LINE=START	
#TYPE=ALARM	
#LEVEL=LIGHT	
#MODULE=PM1	
#ID=1	
#TIME=2021.06.15 15:52:12:825	
#RESULT=POST	
#TITLE=STD_01 - Alarm Test - 01	
#MSG=START	
User Alarm_Popup-Message !
Alarm message 01 
	
#MSG=END	
#LINE=END	

#LINE=START	
#TYPE=ALARM	
#LEVEL=LIGHT	
#MODULE=PM1	
#ID=2	
#TIME=2021.06.15 15:53:20:097	
#RESULT=POST	
#TITLE=STD_01 - Alarm Test - 02	
#MSG=START	
User Alarm_Post-Message !
Alarm message 02 
	
#MSG=END	
#LINE=END	

@LINE	
STATUS	
GUI-100	
-1	
2021.06.15 15:59:45:604	
POST	
STOP	
	
@LINE	
STATUS	
GUI-100	
-1	
2021.06.15 15:59:50:117	
POST	
START	
	
#LINE=START	
#TYPE=ALARM	
#LEVEL=HEAVY	
#MODULE=CTC	
#ID=101	
#TIME=2021.06.15 15:58:53:630	
#RESULT=POST	
#TITLE=DB_CFG - Simulation mode is active !	
#MSG=START	
	
#MSG=END	
#LINE=END	

#LINE=START	
#TYPE=ALARM	
#LEVEL=WARNING	
#MODULE=CTC	
#ID=102	
#TIME=2021.06.15 15:58:53:630	
#RESULT=POST	
#TITLE=DB_CFG - TMC-Dummy mode is active !	
#MSG=START	
 * "DB_CFG+SCH_TEST.CFG.TMC_DUMMY_BY_CTC" <- "YES" 

	
#MSG=END	
#LINE=END	

#LINE=START	
#TYPE=ALARM	
#LEVEL=LIGHT	
#MODULE=CTC	
#ID=111	
#TIME=2021.06.15 15:58:53:630	
#RESULT=POST	
#TITLE=DB_CFG - PM1-Dummy mode is active !	
#MSG=START	
 * "DB_CFG+SCH_TEST.CFG.PM1_DUMMY_BY_CTC" <- "YES" 

	
#MSG=END	
#LINE=END	

#LINE=START	
#TYPE=ALARM	
#LEVEL=LIGHT	
#MODULE=CTC	
#ID=112	
#TIME=2021.06.15 15:58:53:630	
#RESULT=POST	
#TITLE=DB_CFG - PM2-Dummy mode is active !	
#MSG=START	
 * "DB_CFG+SCH_TEST.CFG.PM2_DUMMY_BY_CTC" <- "YES" 

	
#MSG=END	
#LINE=END	

#LINE=START	
#TYPE=ALARM	
#LEVEL=LIGHT	
#MODULE=CTC	
#ID=113	
#TIME=2021.06.15 15:58:53:630	
#RESULT=POST	
#TITLE=DB_CFG - PM3-Dummy mode is active !	
#MSG=START	
 * "DB_CFG+SCH_TEST.CFG.PM3_DUMMY_BY_CTC" <- "YES" 

	
#MSG=END	
#LINE=END	

#LINE=START	
#TYPE=ALARM	
#LEVEL=LIGHT	
#MODULE=CTC	
#ID=114	
#TIME=2021.06.15 15:58:53:630	
#RESULT=POST	
#TITLE=DB_CFG - PM4-Dummy mode is active !	
#MSG=START	
 * "DB_CFG+SCH_TEST.CFG.PM4_DUMMY_BY_CTC" <- "YES" 

	
#MSG=END	
#LINE=END	

#LINE=START	
#TYPE=ALARM	
#LEVEL=LIGHT	
#MODULE=CTC	
#ID=613	
#TIME=2021.06.15 16:02:15:741	
#RESULT=POST	
#TITLE=OPR_CTC_MODE : SYSTEM IN MAINT MODE	
#MSG=START	
Can't run job in maint mode !	
#MSG=END	
#LINE=END	

#LINE=START	
#TYPE=ALARM	
#LEVEL=LIGHT	
#MODULE=CTC	
#ID=613	
#TIME=2021.06.15 16:02:17:318	
#RESULT=CHECK	
#TITLE=OPR_CTC_MODE : SYSTEM IN MAINT MODE	
#MSG=START	
Can't run job in maint mode !	
#MSG=END	
#LINE=END	

#LINE=START	
#TYPE=ALARM	
#LEVEL=LIGHT	
#MODULE=CTC	
#ID=613	
#TIME=2021.06.15 16:02:19:942	
#RESULT=POST	
#TITLE=OPR_CTC_MODE : SYSTEM IN MAINT MODE	
#MSG=START	
Can't run job in maint mode !	
#MSG=END	
#LINE=END	

#LINE=START	
#TYPE=ALARM	
#LEVEL=LIGHT	
#MODULE=CTC	
#ID=613	
#TIME=2021.06.15 16:02:21:855	
#RESULT=CHECK	
#TITLE=OPR_CTC_MODE : SYSTEM IN MAINT MODE	
#MSG=START	
Can't run job in maint mode !	
#MSG=END	
#LINE=END	

@LINE	
STATUS	
GUI-100	
-1	
2021.06.15 16:09:57:740	
POST	
STOP	
	
