
/*   SYSTEM GUI CHANNEL  
SYS.MODULE.INDEX     
SYS.USER.LEVEL       
SYS.USER.ID          

SYS.AUTO_LOGOUT.FLAG         // ENABLE  DISABLE  
SYS.AUTO_LOGOUT.TIME         // 1 ~ 360 : min    
SYS.GUI.CLICK.FLAG      	    // YES  NO          

SYS.TOTAL_ALARM.POPUP.MODE   // ENABLE  DISABLE  
*/

ModuleID : 3 
   01)  GUI.BOTTOM 
   02)  GUI.BTM_MAIN 
   03)  GUI.BOTTOM_RECIPE_BFF 
   04)  GUI.BOTTOM_DATALOG_BFF 
   05)  GUI.BOTTOM_PART_BFF 
   06)  GUI.BOTTOM_UTILITY_BFF 
   07)  GUI.BOTTOM_UTILITY_CFG_BFF 
   08)  GUI.BOTTOM_CONFIG_BFF 
   09)  GUI.BOTTOM_CONFIG_MODULE_BFF 
   10)  GUI.BOTTOM_CONFIG_GAS_BFF 
   11)  GUI.BOTTOM_CONFIG_HTR_BFF 
   12)  GUI.BOTTOM_MAINT_BFF 
   13)  GUI.BOTTOM_MAINT_IO_BFF 
   14)  SCR.BTM_MAIN 
   15)  SCR.BOTTOM 
   16)  SCR.CLIENT 
   17)  GUI.PMC.POPUP 
   18)  GUI.PMC.APC.POPUP 
   19)  GUI.PMC.WAP.POPUP 
   20)  GUI.PMC.TEMP.POPUP 
   21)  GUI.PMC.ESC.POPUP 
   22)  GUI.PMC.RF.POPUP 
   23)  GUI.PMC.MATCHER.POPUP 
   24)  GUI.PMC.PIN.POPUP 
   25)  GUI.PMC.PUMP.POPUP 
   26)  GUI.PMC.MFC.POPUP 
   27)  GUI.PMC.EPD.POPUP 
