
/*   SYSTEM GUI CHANNEL  
SYS.MODULE.INDEX     
SYS.USER.LEVEL       
SYS.USER.ID          

SYS.AUTO_LOGOUT.FLAG         // ENABLE  DISABLE  
SYS.AUTO_LOGOUT.TIME         // 1 ~ 360 : min    
SYS.GUI.CLICK.FLAG      	    // YES  NO          

SYS.TOTAL_ALARM.POPUP.MODE   // ENABLE  DISABLE  
*/

ModuleID : 2 
   01)  SYS.MODULE.INDEX 
   02)  SYS.KEYPAD.FLAG 
   03)  SYS.USER.LEVEL 
   04)  SYS.USER.ID 
   05)  SYS.AUTO_LOGOUT.FLAG 
   06)  SYS.TOTAL_ALARM.POPUP.MODE 
   07)  SYS.AUTO_LOGOUT.TIME 
   08)  SYS.GUI.CLICK.FLAG 
   09)   
   10)  GUI.BOTTOM 
   11)  GUI.BTM_MAIN 
   12)  GUI.BOTTOM_CONFIG_BFF 
   13)  GUI.BOTTOM_MAINT_BFF 
   14)  GUI.BOTTOM_RECIPE_BFF 
   15)  GUI.BOTTOM_DATALOG_BFF 
   16)  GUI.BOTTOM_PART_BFF 
   17)  GUI.BOTTOM_UTILITY_BFF 
   18)  GUI.BOTTOM_UTILITY_CFG_BFF 
   19)  SCR.BTM_MAIN 
   20)  SCR.BOTTOM 
   21)  SCR.CLIENT 
   22)  GUI.PMC.POPUP 
   23)  GUI.PMC.APC.POPUP 
   24)  GUI.PMC.WAP.POPUP 
   25)  GUI.PMC.TEMP.POPUP 
   26)  GUI.PMC.ESC.POPUP 
   27)  GUI.PMC.RF.POPUP 
   28)  GUI.PMC.MATCHER.POPUP 
   29)  GUI.PMC.PIN.POPUP 
   30)  GUI.PMC.PUMP.POPUP 
   31)  GUI.PMC.MFC.POPUP 
   32)  GUI.PMC.EPD.POPUP 
   33)  GUI.MAIN 
   34)  SCR.SINGLE_TOP 
