
/*   SYSTEM GUI CHANNEL  
SYS.MODULE.INDEX     
SYS.USER.LEVEL       
SYS.USER.ID          

SYS.AUTO_LOGOUT.FLAG         // ENABLE  DISABLE  
SYS.AUTO_LOGOUT.TIME         // 1 ~ 360 : min    
SYS.GUI.CLICK.FLAG      	    // YES  NO          

SYS.TOTAL_ALARM.POPUP.MODE   // ENABLE  DISABLE  
*/

ModuleID : 1 
   01)  SYS.MODULE.INDEX 
   02)  SYS.KEYPAD.FLAG 
   03)  SYS.USER.LEVEL 
   04)  SYS.USER.ID 
   05)  SYS.AUTO_LOGOUT.FLAG 
   06)  SYS.TOTAL_ALARM.POPUP.MODE 
   07)  SYS.AUTO_LOGOUT.TIME 
   08)  SYS.GUI.CLICK.FLAG 
   09)   
   10)  GUI.BOTTOM 
   11)  GUI.BTM_MAIN 
   12)  GUI.BOTTOM_OPERATE_BFF 
   13)  GUI.BOTTOM_CONFIG_BFF 
   14)  GUI.BOTTOM_MAINT_BFF 
   15)  GUI.BOTTOM_DATALOG_BFF 
   16)  GUI.BOTTOM_PART_BFF 
   17)  GUI.BOTTOM_UTILITY_BFF 
   18)  SCR.BTM_MAIN 
   19)  SCR.CLIENT 
   20)  SCR.BOTTOM 
   21)  GUI.POPUP.MNT.FFU 
   22)  GUI.POPUP.MNT.ARB 
   23)  GUI.POPUP.MNT.LP1 
   24)  GUI.POPUP.MNT.LP2 
   25)  GUI.POPUP.MNT.LP3 
   26)  GUI.POPUP.MNT.VACCHM 
   27)  GUI.POPUP.MNT.VACROBOT 
   28)  GUI.POPUP.MNT.LBA 
   29)  GUI.POPUP.MNT.LBB 
   30)  GUI.POPUP.MNT.AL 
   31)  GUI.POPUP.MNT.DRYPUMP 
   32)  GUI.POPUP.MNT.VAL 
   33)  GUI.POPUP.MNT.E1 
   34)  GUI.POPUP.MNT.E2 
   35)  GUI.POPUP.MNT.E3 
   36)  GUI.POPUP.MNT.RF1 
   37)  GUI.POPUP.MNT.RF2 
   38)  GUI.POPUP.MNT.RF3 
   39)  GUI.POPUP.MNT.E84.OHT 
   40)  GUI.MAIN 
   41)  SCR.SINGLE_TOP 
