/*
COMMAND LIST ----------------------------------------

#INCLUDE   [FILE_NAME]


   #MEMORY_CHECK 
   #LINK__SEQ_ID 
   #MODULE_LINK_SERVER_REPORT_SPEED   [FAST/SLOW/VERY_SLOW] : []
   #CHANNEL_SYNCHRONIZE   [CH-NAME] [SYNC-CH]
   #SET_SIM_REAL__OBJECT   [OBJ-NAME]
   #GET_SIM_REAL__OBJECT   [OBJ-NAME]
   #CALL_FNC   SET_IO__X_OPTION


   #COMMON_LOG__INFO   [FILE-SIZE] [FILE-REF_MIN]

   #USER_LOG__START   [FILE-SIZE] [FILE-REF_MIN]
       [OBJECT_NAME1]
       // ...
       [OBJECT_NAMEn]
   #USER_LOG__END


#OBJECT_PROPERTY   [OBJ-NAME]

   // Object IO-File ...
   #OBJECT_IO_FILE   [IO-FILE]
   #OBJECT_IO_PARA   [PARA-NAME]  [PARA-DATA]

   // Object Link-File ...
   #OBJECT_LINK_FILE   [LINK-FILE]
   #OBJECT_LINK_PARA   [PARA-NAME]  [PARA-DATA]

   // Object FA-File ...
   #OBJECT_FA_FILE   [FA-FILE]
   #OBJECT_FA_SERVICE   [FA-SERVICE]

   // Object Connection ...
   #DEFINE_CONSTANT   [CONST-NAME]
   #FNC_MODE   [LOW-OBJ] [OBJ-MODE]
   #FNC_VARIABLE   [LOW-OBJ] [VAR-NAME]

   // Function Connection ...

   // int Fnc(), double Fnc(), CString Fnc() 
   #FNC_RET_INT   [FNC-NAME] [LOW-OBJ] [LOW-FNC]
   #FNC_RET_DOUBLE   [FNC-NAME] [LOW-OBJ] [LOW-FNC]
   #FNC_RET_STRING   [FNC-NAME] [LOW-OBJ] [LOW-FNC]

   // CString Fnc(int), CString Fnc(CString) 
   #FNC_RET_STRING(INT)   [FNC-NAME] [LOW-OBJ] [LOW-FNC]
   #FNC_RET_STRING(STRING)   [FNC-NAME] [LOW-OBJ] [LOW-FNC]

   // int Fnc(int,CString), int Fnc(CString,CString) 
   #FNC_RET_INT(INT,STRING)   [FNC-NAME] [LOW-OBJ] [LOW-FNC]
   #FNC_RET_INT(STRING,STRING)   [FNC-NAME] [LOW-OBJ] [LOW-FNC]
*/

#INCLUDE   D:\WORK_ICD\Program_Exe\PM2_HEATER\\EQP_INF\\\_METADATA__HEATER_SYS.inf 

//------------------------------------------------------------------------
// Set-Sim_Real List 
//------------------------------------------------------------------------

//------------------------------------------------------------------------
// Get-Sim_Real List 
//------------------------------------------------------------------------

//------------------------------------------------------------------------
// Define List 
//------------------------------------------------------------------------

//------------------------------------------------------------------------
// System Log INFO. 
//------------------------------------------------------------------------


#DIGITAL_DESCRIPTION  
// DESCRIPT_NAME   {  ITEM1  ITEM2  ...  ITEMn  }  




#OBJECT_PROPERTY     PHY_HTR_CHUCK

/*
*/
     #DEFINE_CONSTANT   DATA.LOOP_SIZE   4 
     #DEFINE_CONSTANT   DATA__CTRL_ACTIVE.1   YES 
     #DEFINE_CONSTANT   CH__AO_TEMPERATURE_SET.1   IO+ao.Chuck.Zone_1.Temp.Set 
     #DEFINE_CONSTANT   CH__AI_TEMPERATURE_READ.1   IO+si.Chuck.Zone_1.Temp.Read 
     #DEFINE_CONSTANT   CH__AI_TEMPERATURE_SET.1   IO+si.Chuck.Zone_1.Temp.SetPoint 
     #DEFINE_CONSTANT   CH__AI_TEMPERATURE_POWER.1   IO+si.Chuck.Zone_1.Temp.Output 
     #DEFINE_CONSTANT   CH__AI_PV_OFFSET.1   NULL 
     #DEFINE_CONSTANT   CH__AI_OP_HIGH_LIMIT.1   NULL 
     #DEFINE_CONSTANT   CH__AI_OP_FORWARD.1   NULL 
     #DEFINE_CONSTANT   CH__DO_HEATER_POWER.1   IO+do.Chuck.Zone_1.Heater.Pwr 
     #DEFINE_CONSTANT   CH__DI_OVER_TEMP.1   IO+si.Chuck.Zone_1.OverTemp 
     #DEFINE_CONSTANT   CH__DI_HIGH_LIMIT.1   NULL 
     #DEFINE_CONSTANT   DATA__CTRL_ACTIVE.2   YES 
     #DEFINE_CONSTANT   CH__AO_TEMPERATURE_SET.2   IO+ao.Chuck.Zone_2.Temp.Set 
     #DEFINE_CONSTANT   CH__AI_TEMPERATURE_READ.2   IO+si.Chuck.Zone_2.Temp.Read 
     #DEFINE_CONSTANT   CH__AI_TEMPERATURE_SET.2   IO+si.Chuck.Zone_2.Temp.SetPoint 
     #DEFINE_CONSTANT   CH__AI_TEMPERATURE_POWER.2   IO+si.Chuck.Zone_2.Temp.Output 
     #DEFINE_CONSTANT   CH__AI_PV_OFFSET.2   NULL 
     #DEFINE_CONSTANT   CH__AI_OP_HIGH_LIMIT.2   NULL 
     #DEFINE_CONSTANT   CH__AI_OP_FORWARD.2   NULL 
     #DEFINE_CONSTANT   CH__DO_HEATER_POWER.2   IO+do.Chuck.Zone_2.Heater.Pwr 
     #DEFINE_CONSTANT   CH__DI_OVER_TEMP.2   IO+si.Chuck.Zone_2.OverTemp 
     #DEFINE_CONSTANT   CH__DI_HIGH_LIMIT.2   NULL 
     #DEFINE_CONSTANT   DATA__CTRL_ACTIVE.3   YES 
     #DEFINE_CONSTANT   CH__AO_TEMPERATURE_SET.3   IO+ao.Chuck.Zone_3.Temp.Set 
     #DEFINE_CONSTANT   CH__AI_TEMPERATURE_READ.3   IO+si.Chuck.Zone_3.Temp.Read 
     #DEFINE_CONSTANT   CH__AI_TEMPERATURE_SET.3   IO+si.Chuck.Zone_3.Temp.SetPoint 
     #DEFINE_CONSTANT   CH__AI_TEMPERATURE_POWER.3   IO+si.Chuck.Zone_3.Temp.Output 
     #DEFINE_CONSTANT   CH__AI_PV_OFFSET.3   NULL 
     #DEFINE_CONSTANT   CH__AI_OP_HIGH_LIMIT.3   NULL 
     #DEFINE_CONSTANT   CH__AI_OP_FORWARD.3   NULL 
     #DEFINE_CONSTANT   CH__DO_HEATER_POWER.3   IO+do.Chuck.Zone_3.Heater.Pwr 
     #DEFINE_CONSTANT   CH__DI_OVER_TEMP.3   IO+si.Chuck.Zone_3.OverTemp 
     #DEFINE_CONSTANT   CH__DI_HIGH_LIMIT.3   NULL 
     #DEFINE_CONSTANT   DATA__CTRL_ACTIVE.4   YES 
     #DEFINE_CONSTANT   CH__AO_TEMPERATURE_SET.4   IO+ao.Chuck.Zone_4.Temp.Set 
     #DEFINE_CONSTANT   CH__AI_TEMPERATURE_READ.4   IO+si.Chuck.Zone_4.Temp.Read 
     #DEFINE_CONSTANT   CH__AI_TEMPERATURE_SET.4   IO+si.Chuck.Zone_4.Temp.SetPoint 
     #DEFINE_CONSTANT   CH__AI_TEMPERATURE_POWER.4   IO+si.Chuck.Zone_4.Temp.Output 
     #DEFINE_CONSTANT   CH__AI_PV_OFFSET.4   NULL 
     #DEFINE_CONSTANT   CH__AI_OP_HIGH_LIMIT.4   NULL 
     #DEFINE_CONSTANT   CH__AI_OP_FORWARD.4   NULL 
     #DEFINE_CONSTANT   CH__DO_HEATER_POWER.4   IO+do.Chuck.Zone_4.Heater.Pwr 
     #DEFINE_CONSTANT   CH__DI_OVER_TEMP.4   IO+si.Chuck.Zone_4.OverTemp 
     #DEFINE_CONSTANT   CH__DI_HIGH_LIMIT.4   NULL 
     #DEFINE_CONSTANT   CH__SI_ALARM_STATE.HEXA   NULL 
     #DEFINE_CONSTANT   CH__SO_ALARM_RESET.HEXA   NULL 


#OBJECT_PROPERTY     IO

/*
*/
     #OBJECT_IO_FILE   CFG_IO__PMC_MAIN.cfg 

