

//--------------------------------------------------------
// START

2021_12_23 11:04:27   Start : mRES__OBJECT_PROPERTY.Upload__OBJ_PROPERTY()
2021_12_23 11:04:27   Completed ...
2021_12_23 11:04:27   Start : mMNG__ALARM_DB.Upload__DB()
2021_12_23 11:04:27   Completed ...
2021_12_23 11:04:27   Start : mMNG_FILE.Upload__OBJECT_LIST()
2021_12_23 11:04:27   Completed ...
2021_12_23 11:04:27   Start : mRES__OBJECT_LIST.Start__OBJECT_LIST()
2021_12_23 11:04:28   Completed ...
2021_12_23 11:04:28   Start : mRES__OBJECT_LIST.Initialize__OBJECT_LIST()
2021_12_23 11:04:28   STD Object : (__EQP) Started ...
2021_12_23 11:04:28   STD Object : (__EQP) Completed ...
2021_12_23 11:04:28   STD Object : (__SYS) Started ...
2021_12_23 11:04:28   STD Object : (__SYS) Completed ...
2021_12_23 11:04:28   STD Object : (DB_ETCHER) Started ...
2021_12_23 11:04:28   STD Object : (DB_ETCHER) Completed ...
2021_12_23 11:04:28   STD Object : (DB_GUI) Started ...
2021_12_23 11:04:28   STD Object : (DB_GUI) Completed ...
2021_12_23 11:04:28   STD Object : (DB_INF) Started ...
2021_12_23 11:04:28   STD Object : (DB_INF) Completed ...
2021_12_23 11:04:28   STD Object : (DB_SYS) Started ...
2021_12_23 11:04:28   STD Object : (DB_SYS) Completed ...
2021_12_23 11:04:28   STD Object : (FNC_CHM) Started ...
2021_12_23 11:04:28   STD Object : (FNC_CHM) Completed ...
2021_12_23 11:04:28   STD Object : (FNC_GAS_VLV_CTRL) Started ...
2021_12_23 11:04:28   STD Object : (FNC_GAS_VLV_CTRL) Completed ...
2021_12_23 11:04:28   STD Object : (FNC_PM_DATALOG) Started ...
2021_12_23 11:04:29   STD Object : (FNC_PM_DATALOG) Completed ...
2021_12_23 11:04:29   STD Object : (FNC_PROC) Started ...
2021_12_23 11:04:29   STD Object : (FNC_PROC) Completed ...
2021_12_23 11:04:29   STD Object : (FNC_STEP) Started ...
2021_12_23 11:04:29   STD Object : (FNC_STEP) Completed ...
2021_12_23 11:04:29   STD Object : (FNC_SYSTEM) Started ...
2021_12_23 11:04:29   STD Object : (FNC_SYSTEM) Completed ...
2021_12_23 11:04:29   STD Object : (FNC_TRANSFER) Started ...
2021_12_23 11:04:29   STD Object : (FNC_TRANSFER) Completed ...
2021_12_23 11:04:29   STD Object : (FNC_VAC_VLV_CTRL) Started ...
2021_12_23 11:04:29   STD Object : (FNC_VAC_VLV_CTRL) Completed ...
2021_12_23 11:04:29   STD Object : (INF_ACTIVE_HANDOFF) Started ...
2021_12_23 11:04:29   STD Object : (INF_ACTIVE_HANDOFF) Completed ...
2021_12_23 11:04:29   STD Object : (INF_PMC) Started ...
2021_12_23 11:04:29   STD Object : (INF_PMC) Completed ...
2021_12_23 11:04:29   STD Object : (MNG_AUTO_PM) Started ...
2021_12_23 11:04:29   STD Object : (MNG_AUTO_PM) Completed ...
2021_12_23 11:04:29   STD Object : (MNG_DGF_CHECK) Started ...
2021_12_23 11:04:29   STD Object : (MNG_DGF_CHECK) Completed ...
2021_12_23 11:04:29   STD Object : (MNG_MFC_FLOW) Started ...
2021_12_23 11:04:29   STD Object : (MNG_MFC_FLOW) Completed ...
2021_12_23 11:04:29   STD Object : (Mng_RANGE_CTRL) Started ...
2021_12_23 11:04:29   STD Object : (Mng_RANGE_CTRL) Completed ...
2021_12_23 11:04:29   STD Object : (MNG_RF_CHECK) Started ...
2021_12_23 11:04:29   STD Object : (MNG_RF_CHECK) Completed ...
2021_12_23 11:04:29   STD Object : (MNG_VAT_CONDUCTANCE) Started ...
2021_12_23 11:04:29   STD Object : (MNG_VAT_CONDUCTANCE) Completed ...
2021_12_23 11:04:29   STD Object : (MNG_VAT_UTILITY) Started ...
2021_12_23 11:04:29   STD Object : (MNG_VAT_UTILITY) Completed ...
2021_12_23 11:04:29   STD Object : (MNG_WAP_CONDUCTANCE) Started ...
2021_12_23 11:04:29   STD Object : (MNG_WAP_CONDUCTANCE) Completed ...
2021_12_23 11:04:29   STD Object : (MNT_PROCESS) Started ...
2021_12_23 11:04:29   STD Object : (MNT_PROCESS) Completed ...
2021_12_23 11:04:29   STD Object : (OPR_PMC) Started ...
2021_12_23 11:04:29   STD Object : (OPR_PMC) Completed ...
2021_12_23 11:04:29   STD Object : (PAGE_CHM) Started ...
2021_12_23 11:04:29   STD Object : (PAGE_CHM) Completed ...
2021_12_23 11:04:29   STD Object : (PAGE_SYSTEM_INIT) Started ...
2021_12_23 11:04:29   STD Object : (PAGE_SYSTEM_INIT) Completed ...
2021_12_23 11:04:29   STD Object : (PAGE_SYSTEM_MAINT) Started ...
2021_12_23 11:04:29   STD Object : (PAGE_SYSTEM_MAINT) Completed ...
2021_12_23 11:04:29   STD Object : (PAGE_TRANSFER_INIT) Started ...
2021_12_23 11:04:29   STD Object : (PAGE_TRANSFER_INIT) Completed ...
2021_12_23 11:04:29   STD Object : (PHY_APC_VLV) Started ...
2021_12_23 11:04:29   STD Object : (PHY_APC_VLV) Completed ...
2021_12_23 11:04:29   STD Object : (PHY_CHM_INFO) Started ...
2021_12_23 11:04:29   STD Object : (PHY_CHM_INFO) Completed ...
2021_12_23 11:04:29   STD Object : (PHY_DGF) Started ...
2021_12_23 11:04:29   STD Object : (PHY_DGF) Completed ...
2021_12_23 11:04:29   STD Object : (PHY_DRY_PUMP) Started ...
2021_12_23 11:04:29   STD Object : (PHY_DRY_PUMP) Completed ...
2021_12_23 11:04:29   STD Object : (PHY_EPD) Started ...
2021_12_23 11:04:29   STD Object : (PHY_EPD) Completed ...
2021_12_23 11:04:29   STD Object : (PHY_ESC) Started ...
2021_12_23 11:04:29   STD Object : (PHY_ESC) Completed ...
2021_12_23 11:04:29   STD Object : (PHY_GAS_VLV) Started ...
2021_12_23 11:04:29   STD Object : (PHY_GAS_VLV) Completed ...
2021_12_23 11:04:29   STD Object : (PHY_HEATER) Started ...
2021_12_23 11:04:29   STD Object : (PHY_HEATER) Completed ...
2021_12_23 11:04:29   STD Object : (PHY_IO_ESC) Started ...
2021_12_23 11:04:29   STD Object : (PHY_IO_ESC) Completed ...
2021_12_23 11:04:29   STD Object : (PHY_IO_UPC_INNER) Started ...
2021_12_23 11:04:29   STD Object : (PHY_IO_UPC_INNER) Completed ...
2021_12_23 11:04:29   STD Object : (PHY_IO_UPC_OUTER) Started ...
2021_12_23 11:04:29   STD Object : (PHY_IO_UPC_OUTER) Completed ...
2021_12_23 11:04:29   STD Object : (PHY_LIFT) Started ...
2021_12_23 11:04:29   STD Object : (PHY_LIFT) Completed ...
2021_12_23 11:04:29   STD Object : (PHY_MATCH) Started ...
2021_12_23 11:04:29   STD Object : (PHY_MATCH) Completed ...
2021_12_23 11:04:29   STD Object : (PHY_MFC1) Started ...
2021_12_23 11:04:29   STD Object : (PHY_MFC1) Completed ...
2021_12_23 11:04:29   STD Object : (PHY_MFC10) Started ...
2021_12_23 11:04:29   STD Object : (PHY_MFC10) Completed ...
2021_12_23 11:04:29   STD Object : (PHY_MFC11) Started ...
2021_12_23 11:04:29   STD Object : (PHY_MFC11) Completed ...
2021_12_23 11:04:29   STD Object : (PHY_MFC12) Started ...
2021_12_23 11:04:29   STD Object : (PHY_MFC12) Completed ...
2021_12_23 11:04:29   STD Object : (PHY_MFC13) Started ...
2021_12_23 11:04:29   STD Object : (PHY_MFC13) Completed ...
2021_12_23 11:04:29   STD Object : (PHY_MFC14) Started ...
2021_12_23 11:04:29   STD Object : (PHY_MFC14) Completed ...
2021_12_23 11:04:29   STD Object : (PHY_MFC15) Started ...
2021_12_23 11:04:29   STD Object : (PHY_MFC15) Completed ...
2021_12_23 11:04:29   STD Object : (PHY_MFC16) Started ...
2021_12_23 11:04:29   STD Object : (PHY_MFC16) Completed ...
2021_12_23 11:04:29   STD Object : (PHY_MFC17) Started ...
2021_12_23 11:04:29   STD Object : (PHY_MFC17) Completed ...
2021_12_23 11:04:29   STD Object : (PHY_MFC2) Started ...
2021_12_23 11:04:29   STD Object : (PHY_MFC2) Completed ...
2021_12_23 11:04:29   STD Object : (PHY_MFC3) Started ...
2021_12_23 11:04:29   STD Object : (PHY_MFC3) Completed ...
2021_12_23 11:04:29   STD Object : (PHY_MFC4) Started ...
2021_12_23 11:04:29   STD Object : (PHY_MFC4) Completed ...
2021_12_23 11:04:29   STD Object : (PHY_MFC5) Started ...
2021_12_23 11:04:29   STD Object : (PHY_MFC5) Completed ...
2021_12_23 11:04:29   STD Object : (PHY_MFC6) Started ...
2021_12_23 11:04:29   STD Object : (PHY_MFC6) Completed ...
2021_12_23 11:04:29   STD Object : (PHY_MFC7) Started ...
2021_12_23 11:04:29   STD Object : (PHY_MFC7) Completed ...
2021_12_23 11:04:29   STD Object : (PHY_MFC8) Started ...
2021_12_23 11:04:29   STD Object : (PHY_MFC8) Completed ...
2021_12_23 11:04:29   STD Object : (PHY_MFC9) Started ...
2021_12_23 11:04:29   STD Object : (PHY_MFC9) Completed ...
2021_12_23 11:04:29   STD Object : (PHY_RF27MHz) Started ...
2021_12_23 11:04:29   STD Object : (PHY_RF27MHz) Completed ...
2021_12_23 11:04:29   STD Object : (PHY_RF2MHz) Started ...
2021_12_23 11:04:29   STD Object : (PHY_RF2MHz) Completed ...
2021_12_23 11:04:29   STD Object : (PHY_RF60MHz) Started ...
2021_12_23 11:04:30   STD Object : (PHY_RF60MHz) Completed ...
2021_12_23 11:04:30   STD Object : (PHY_TCU) Started ...
2021_12_23 11:04:30   STD Object : (PHY_TCU) Completed ...
2021_12_23 11:04:30   STD Object : (PHY_TRANSFER_VLV) Started ...
2021_12_23 11:04:30   STD Object : (PHY_TRANSFER_VLV) Completed ...
2021_12_23 11:04:30   STD Object : (PHY_TURBO_PUMP) Started ...
2021_12_23 11:04:30   STD Object : (PHY_TURBO_PUMP) Completed ...
2021_12_23 11:04:30   STD Object : (PHY_VAC_VLV) Started ...
2021_12_23 11:04:30   STD Object : (PHY_VAC_VLV) Completed ...
2021_12_23 11:04:30   STD Object : (PHY_WAP_CONTROL) Started ...
2021_12_23 11:04:30   STD Object : (PHY_WAP_CONTROL) Completed ...
2021_12_23 11:04:30   IO Object : (IO) Started ...
2021_12_23 11:04:30   IO Object : (IO) Completed ...
2021_12_23 11:04:30   IO Object : (PHY_IO__APC_VLV) Started ...
2021_12_23 11:04:30   IO Object : (PHY_IO__APC_VLV) Completed ...
2021_12_23 11:04:30   IO Object : (PHY_IO__CHILLER) Started ...
2021_12_23 11:04:30   IO Object : (PHY_IO__CHILLER) Completed ...
2021_12_23 11:04:30   IO Object : (PHY_IO__DRY_PMP) Started ...
2021_12_23 11:04:30   IO Object : (PHY_IO__DRY_PMP) Completed ...
2021_12_23 11:04:30   IO Object : (PHY_IO__HEATER) Started ...
2021_12_23 11:04:30   IO Object : (PHY_IO__HEATER) Completed ...
2021_12_23 11:04:30   IO Object : (PHY_IO__MATCHER) Started ...
2021_12_23 11:04:30   IO Object : (PHY_IO__MATCHER) Completed ...
2021_12_23 11:04:30   IO Object : (PHY_IO__MFC_PART01) Started ...
2021_12_23 11:04:30   IO Object : (PHY_IO__MFC_PART01) Completed ...
2021_12_23 11:04:30   IO Object : (PHY_IO__MFC_PART02) Started ...
2021_12_23 11:04:30   IO Object : (PHY_IO__MFC_PART02) Completed ...
2021_12_23 11:04:30   IO Object : (PHY_IO__MOTION) Started ...
2021_12_23 11:04:30   IO Object : (PHY_IO__MOTION) Completed ...
2021_12_23 11:04:30   IO Object : (PHY_IO__RF_27MHz) Started ...
2021_12_23 11:04:30   IO Object : (PHY_IO__RF_27MHz) Completed ...
2021_12_23 11:04:30   IO Object : (PHY_IO__RF_2MHz) Started ...
2021_12_23 11:04:30   IO Object : (PHY_IO__RF_2MHz) Completed ...
2021_12_23 11:04:30   IO Object : (PHY_IO__RF_60MHz) Started ...
2021_12_23 11:04:30   IO Object : (PHY_IO__RF_60MHz) Completed ...
2021_12_23 11:04:30   IO Object : (PHY_IO__SPECTROMETER) Started ...
2021_12_23 11:04:30   IO Object : (PHY_IO__SPECTROMETER) Completed ...
2021_12_23 11:04:30   IO Object : (PHY_IO__TMP) Started ...
2021_12_23 11:04:30   IO Object : (PHY_IO__TMP) Completed ...
2021_12_23 11:04:30   Interlock Object : (INTERLOCK_MFC) Started ...
2021_12_23 11:04:30   Interlock Object : (INTERLOCK_MFC) Completed ...
2021_12_23 11:04:30   Interlock Object : (INTERLOCK_SYS) Started ...
2021_12_23 11:04:30   Interlock Object : (INTERLOCK_SYS) Completed ...
2021_12_23 11:04:30   Completed ...
2021_12_23 11:04:30   Start : mMNG__ALARM_DB.Upload__LEVEL()
2021_12_23 11:04:30   Completed ...
2021_12_23 11:04:30   Start : mRES__OBJECT_DB.Upload__LOOKUP_TABLE()
2021_12_23 11:04:30   Completed ...
2021_12_23 11:04:30   Start : mRES__OBJECT_DB.Upload__OBJECT_OPTION()
2021_12_23 11:04:30   Completed ...
2021_12_23 11:04:30   Start : mRES__OBJECT_PROPERTY.Init__OBJ_PROPERTY()
2021_12_23 11:04:30      Property_Info__Memory_Check : -1
2021_12_23 11:04:30   Completed ...
2021_12_23 11:04:30   Start : mRES__OBJECT_DB.Analysis__OBJ_MODULE()
2021_12_23 11:04:30   Completed ...
2021_12_23 11:04:30   Start : mRES__OBJECT_DB.Analysis__OBJ_VERSION()
2021_12_23 11:04:30   Completed ...
2021_12_23 11:04:30   Start : mRES__OBJECT_DB.Upload__OBJECT_DATALOG_CHANNEL()
2021_12_23 11:04:31   Completed ...
2021_12_23 11:04:31   Start : mRES__SEQ_IP.Upload__SEQ_INFO()
2021_12_23 11:04:31   Completed ...
2021_12_23 11:04:31   Start : mRES__CFG_PAGE.Upload__PAGE_INFO()
2021_12_23 11:04:31   Completed ...
2021_12_23 11:04:31   Start : mRES__OBJECT_DB.Initialize__OBJECT()
2021_12_23 11:04:31   Completed ...
2021_12_23 11:04:31   Start : mRES__OBJECT_DB.Analysis__OBJ_LIST()
2021_12_23 11:04:31   Completed ...
2021_12_23 11:04:31   Start : mRES__OBJECT_PROPERTY.Check_ERROR__OBJ_PROPERTY()
2021_12_23 11:04:31   Completed ...
2021_12_23 11:04:31   Start : mRES__ALARM_DB.Change__DB()
2021_12_23 11:04:31   Completed ...
2021_12_23 11:04:31   Start : mRES__OBJECT_DB.Initialize__PROC()
2021_12_23 11:04:31   Completed ...
2021_12_23 11:04:31   Start : mUserID_CTRL.Upload()
2021_12_23 11:04:31   Completed ...
2021_12_23 11:04:31   Start : mRES__OBJECT_DB.Report__MODULE_INFO()
2021_12_23 11:04:31   Completed ...
2021_12_23 11:04:31   Start : net_ctrl->Start__NET()
2021_12_23 11:04:32   Completed ...
2021_12_23 11:04:32   Start : mRES__FA.Start__FA()
2021_12_23 11:04:32   Completed ...
2021_12_23 11:04:32   Start : mRES__OBJECT_DB.Start__OBJECT()
2021_12_23 11:04:32   Completed ...
