
<<<----  [OUT]
2020/08/10 09:00:04:927

I can't connect with the passive [192.168.100.113/5000] error_code:10060 !

<<<----  [OUT]
2020/08/10 09:00:07:402

Connecting Started...

<<<----  [OUT]
2020/08/10 09:00:28:442

I can't connect with the passive [192.168.100.113/5000] error_code:10060 !

<<<----  [OUT]
2020/08/10 09:00:30:919

Connecting Started...

<<<----  [OUT]
2020/08/10 09:00:51:954

I can't connect with the passive [192.168.100.113/5000] error_code:10060 !

<<<----  [OUT]
2020/08/10 09:00:54:433

Connecting Started...

<<<----  [OUT]
2020/08/10 09:01:15:480

I can't connect with the passive [192.168.100.113/5000] error_code:10060 !

<<<----  [OUT]
2020/08/10 09:01:17:966

Connecting Started...

<<<----  [OUT]
2020/08/10 09:01:39:018

I can't connect with the passive [192.168.100.113/5000] error_code:10060 !

<<<----  [OUT]
2020/08/10 09:01:41:497

Connecting Started...

<<<----  [OUT]
2020/08/10 09:02:02:545

I can't connect with the passive [192.168.100.113/5000] error_code:10060 !

<<<----  [OUT]
2020/08/10 09:02:05:028

Connecting Started...

<<<----  [OUT]
2020/08/10 09:02:26:071

I can't connect with the passive [192.168.100.113/5000] error_code:10060 !

<<<----  [OUT]
2020/08/10 09:02:28:560

Connecting Started...

<<<----  [OUT]
2020/08/10 09:02:49:597

I can't connect with the passive [192.168.100.113/5000] error_code:10060 !

<<<----  [OUT]
2020/08/10 09:02:52:075

Connecting Started...

<<<----  [OUT]
2020/08/10 09:03:13:107

I can't connect with the passive [192.168.100.113/5000] error_code:10060 !

<<<----  [OUT]
2020/08/10 09:03:15:591

Connecting Started...

<<<----  [OUT]
2020/08/10 09:03:36:640

I can't connect with the passive [192.168.100.113/5000] error_code:10060 !

<<<----  [OUT]
2020/08/10 09:03:39:122

Connecting Started...

<<<----  [OUT]
2020/08/10 09:04:00:155

I can't connect with the passive [192.168.100.113/5000] error_code:10060 !

<<<----  [OUT]
2020/08/10 09:04:02:638

Connecting Started...

<<<----  [OUT]
2020/08/10 09:04:23:669

I can't connect with the passive [192.168.100.113/5000] error_code:10060 !

<<<----  [OUT]
2020/08/10 09:04:58:489

---------------------------------------------------------------------
// FA : Start Log ...


<<<----  [OUT]
2020/08/10 09:04:58:492

//-------------------------------------------------------------
Property Information

   Driver Type [HSMS]
   Driver Mode [ACTIVE]
   IP    [192.168.100.113]
   Port  [5000]
//-------------------------------------------------------------


<<<----  [OUT]
2020/08/10 09:04:59:093

Auto-Start Started ... (Active)

<<<----  [OUT]
2020/08/10 09:04:59:184

Auto-Start Started ...  Waiting Stop-Connection.

<<<----  [OUT]
2020/08/10 09:04:59:184

Auto-Start Started ...  Waiting Open-Socket.

<<<----  [OUT]
2020/08/10 09:04:59:215

Socket Open Started...

<<<----  [OUT]
2020/08/10 09:04:59:215

Socket Open Completed...

<<<----  [OUT]
2020/08/10 09:04:59:215

Connecting Started...

<<<----  [OUT]
2020/08/10 09:04:59:275

Auto-Start Completed ...  (Active)

<<<----  [OUT]
2020/08/10 09:05:20:272

I can't connect with the passive [192.168.100.113/5000] error_code:10060 !

<<<----  [OUT]
2020/08/10 09:05:22:762

Connecting Started...

<<<----  [OUT]
2020/08/10 09:05:43:778

I can't connect with the passive [192.168.100.113/5000] error_code:10060 !

<<<----  [OUT]
2020/08/10 09:05:46:263

Connecting Started...

<<<----  [OUT]
2020/08/10 09:06:07:308

I can't connect with the passive [192.168.100.113/5000] error_code:10060 !

<<<----  [OUT]
2020/08/10 09:06:09:794

Connecting Started...

<<<----  [OUT]
2020/08/10 09:21:57:832

---------------------------------------------------------------------
// FA : Start Log ...


<<<----  [OUT]
2020/08/10 09:21:57:837

//-------------------------------------------------------------
Property Information

   Driver Type [HSMS]
   Driver Mode [ACTIVE]
   IP    [192.168.100.113]
   Port  [5000]
//-------------------------------------------------------------


<<<----  [OUT]
2020/08/10 09:21:58:439

Auto-Start Started ... (Active)

<<<----  [OUT]
2020/08/10 09:21:58:529

Auto-Start Started ...  Waiting Stop-Connection.

<<<----  [OUT]
2020/08/10 09:21:58:529

Auto-Start Started ...  Waiting Open-Socket.

<<<----  [OUT]
2020/08/10 09:21:58:559

Socket Open Started...

<<<----  [OUT]
2020/08/10 09:21:58:559

Socket Open Completed...

<<<----  [OUT]
2020/08/10 09:21:58:559

Connecting Started...

<<<----  [OUT]
2020/08/10 09:21:58:620

Auto-Start Completed ...  (Active)

<<<----  [OUT]
2020/08/10 09:22:19:745

I can't connect with the passive [192.168.100.113/5000] error_code:10060 !

<<<----  [OUT]
2020/08/10 09:22:22:230

Connecting Started...

<<<----  [OUT]
2020/08/10 09:22:48:006

---------------------------------------------------------------------
// FA : Start Log ...


<<<----  [OUT]
2020/08/10 09:22:48:009

//-------------------------------------------------------------
Property Information

   Driver Type [HSMS]
   Driver Mode [ACTIVE]
   IP    [192.168.100.113]
   Port  [5000]
//-------------------------------------------------------------


<<<----  [OUT]
2020/08/10 09:22:48:611

Auto-Start Started ... (Active)

<<<----  [OUT]
2020/08/10 09:22:48:702

Auto-Start Started ...  Waiting Stop-Connection.

<<<----  [OUT]
2020/08/10 09:22:48:702

Auto-Start Started ...  Waiting Open-Socket.

<<<----  [OUT]
2020/08/10 09:22:48:732

Socket Open Started...

<<<----  [OUT]
2020/08/10 09:22:48:732

Socket Open Completed...

<<<----  [OUT]
2020/08/10 09:22:48:732

Connecting Started...

<<<----  [OUT]
2020/08/10 09:22:48:792

Auto-Start Completed ...  (Active)

<<<----  [OUT]
2020/08/10 09:23:09:785

I can't connect with the passive [192.168.100.113/5000] error_code:10060 !

<<<----  [OUT]
2020/08/10 09:23:12:262

Connecting Started...

<<<----  [OUT]
2020/08/10 09:23:33:301

I can't connect with the passive [192.168.100.113/5000] error_code:10060 !

<<<----  [OUT]
2020/08/10 09:23:35:778

Connecting Started...

<<<----  [OUT]
2020/08/10 09:23:56:846

I can't connect with the passive [192.168.100.113/5000] error_code:10060 !

<<<----  [OUT]
2020/08/10 09:23:59:326

Connecting Started...

<<<----  [OUT]
2020/08/10 09:24:20:377

I can't connect with the passive [192.168.100.113/5000] error_code:10060 !

<<<----  [OUT]
2020/08/10 09:24:22:857

Connecting Started...

<<<----  [OUT]
2020/08/10 09:24:43:908

I can't connect with the passive [192.168.100.113/5000] error_code:10060 !

<<<----  [OUT]
2020/08/10 09:24:46:387

Connecting Started...

<<<----  [OUT]
2020/08/10 09:25:07:438

I can't connect with the passive [192.168.100.113/5000] error_code:10060 !

<<<----  [OUT]
2020/08/10 09:25:09:919

Connecting Started...

<<<----  [OUT]
2020/08/10 09:25:30:974

I can't connect with the passive [192.168.100.113/5000] error_code:10060 !

<<<----  [OUT]
2020/08/10 09:25:33:465

Connecting Started...

<<<----  [OUT]
2020/08/10 09:25:54:496

I can't connect with the passive [192.168.100.113/5000] error_code:10060 !

<<<----  [OUT]
2020/08/10 09:25:56:981

Connecting Started...

<<<----  [OUT]
2020/08/10 09:26:18:019

I can't connect with the passive [192.168.100.113/5000] error_code:10060 !

<<<----  [OUT]
2020/08/10 09:26:20:496

Connecting Started...

<<<----  [OUT]
2020/08/10 09:26:41:549

I can't connect with the passive [192.168.100.113/5000] error_code:10060 !

<<<----  [OUT]
2020/08/10 09:26:44:029

Connecting Started...

<<<----  [OUT]
2020/08/10 09:27:05:084

I can't connect with the passive [192.168.100.113/5000] error_code:10060 !

<<<----  [OUT]
2020/08/10 09:27:07:576

Connecting Started...

<<<----  [OUT]
2020/08/10 09:27:28:623

I can't connect with the passive [192.168.100.113/5000] error_code:10060 !

<<<----  [OUT]
2020/08/10 09:27:31:107

Connecting Started...

<<<----  [OUT]
2020/08/10 09:27:52:145

I can't connect with the passive [192.168.100.113/5000] error_code:10060 !

<<<----  [OUT]
2020/08/10 09:27:54:622

Connecting Started...

<<<----  [OUT]
2020/08/10 09:28:15:661

I can't connect with the passive [192.168.100.113/5000] error_code:10060 !

<<<----  [OUT]
2020/08/10 09:28:18:138

Connecting Started...

<<<----  [OUT]
2020/08/10 09:28:39:162

I can't connect with the passive [192.168.100.113/5000] error_code:10060 !

<<<----  [OUT]
2020/08/10 09:28:41:653

Connecting Started...

<<<----  [OUT]
2020/08/10 09:29:02:695

I can't connect with the passive [192.168.100.113/5000] error_code:10060 !

<<<----  [OUT]
2020/08/10 09:29:05:184

Connecting Started...

<<<----  [OUT]
2020/08/10 09:29:26:221

I can't connect with the passive [192.168.100.113/5000] error_code:10060 !

<<<----  [OUT]
2020/08/10 09:29:28:699

Connecting Started...

<<<----  [OUT]
2020/08/10 09:29:49:744

I can't connect with the passive [192.168.100.113/5000] error_code:10060 !

<<<----  [OUT]
2020/08/10 09:29:52:230

Connecting Started...

<<<----  [OUT]
2020/08/10 09:30:13:251

I can't connect with the passive [192.168.100.113/5000] error_code:10060 !

<<<----  [OUT]
2020/08/10 09:30:15:731

Connecting Started...

<<<----  [OUT]
2020/08/10 09:30:36:775

I can't connect with the passive [192.168.100.113/5000] error_code:10060 !

<<<----  [OUT]
2020/08/10 09:30:39:263

Connecting Started...

<<<----  [OUT]
2020/08/10 09:31:00:302

I can't connect with the passive [192.168.100.113/5000] error_code:10060 !

<<<----  [OUT]
2020/08/10 09:31:02:794

Connecting Started...

<<<----  [OUT]
2020/08/10 09:31:23:832

I can't connect with the passive [192.168.100.113/5000] error_code:10060 !

<<<----  [OUT]
2020/08/10 09:31:26:310

Connecting Started...

<<<----  [OUT]
2020/08/10 09:31:47:353

I can't connect with the passive [192.168.100.113/5000] error_code:10060 !

<<<----  [OUT]
2020/08/10 09:31:49:840

Connecting Started...

<<<----  [OUT]
2020/08/10 09:32:10:877

I can't connect with the passive [192.168.100.113/5000] error_code:10060 !

<<<----  [OUT]
2020/08/10 09:32:13:357

Connecting Started...

<<<----  [OUT]
2020/08/10 09:32:34:388

I can't connect with the passive [192.168.100.113/5000] error_code:10060 !

<<<----  [OUT]
2020/08/10 09:32:36:872

Connecting Started...

<<<----  [OUT]
2020/08/10 09:32:57:911

I can't connect with the passive [192.168.100.113/5000] error_code:10060 !

<<<----  [OUT]
2020/08/10 09:33:00:387

Connecting Started...

<<<----  [OUT]
2020/08/10 09:33:21:447

I can't connect with the passive [192.168.100.113/5000] error_code:10060 !

<<<----  [OUT]
2020/08/10 09:33:23:935

Connecting Started...

<<<----  [OUT]
2020/08/10 09:33:44:987

I can't connect with the passive [192.168.100.113/5000] error_code:10060 !

<<<----  [OUT]
2020/08/10 09:33:47:466

Connecting Started...

<<<----  [OUT]
2020/08/10 09:34:08:494

I can't connect with the passive [192.168.100.113/5000] error_code:10060 !

<<<----  [OUT]
2020/08/10 09:34:10:980

Connecting Started...

<<<----  [OUT]
2020/08/10 09:34:32:018

I can't connect with the passive [192.168.100.113/5000] error_code:10060 !

<<<----  [OUT]
2020/08/10 09:34:34:497

Connecting Started...

<<<----  [OUT]
2020/08/10 09:34:55:554

I can't connect with the passive [192.168.100.113/5000] error_code:10060 !

<<<----  [OUT]
2020/08/10 09:34:58:044

Connecting Started...

<<<----  [OUT]
2020/08/10 09:35:19:087

I can't connect with the passive [192.168.100.113/5000] error_code:10060 !

<<<----  [OUT]
2020/08/10 09:35:21:575

Connecting Started...

<<<----  [OUT]
2020/08/10 09:35:42:629

I can't connect with the passive [192.168.100.113/5000] error_code:10060 !

<<<----  [OUT]
2020/08/10 09:35:45:105

Connecting Started...

<<<----  [OUT]
2020/08/10 09:36:06:154

I can't connect with the passive [192.168.100.113/5000] error_code:10060 !

<<<----  [OUT]
2020/08/10 09:36:08:638

Connecting Started...

<<<----  [OUT]
2020/08/10 09:36:29:698

I can't connect with the passive [192.168.100.113/5000] error_code:10060 !

<<<----  [OUT]
2020/08/10 09:36:32:184

Connecting Started...

<<<----  [OUT]
2020/08/10 09:36:53:244

I can't connect with the passive [192.168.100.113/5000] error_code:10060 !

<<<----  [OUT]
2020/08/10 09:36:55:730

Connecting Started...

<<<----  [OUT]
2020/08/10 09:37:16:789

I can't connect with the passive [192.168.100.113/5000] error_code:10060 !

<<<----  [OUT]
2020/08/10 09:37:19:277

Connecting Started...

<<<----  [OUT]
2020/08/10 09:37:40:312

I can't connect with the passive [192.168.100.113/5000] error_code:10060 !

<<<----  [OUT]
2020/08/10 09:37:42:795

Connecting Started...

<<<----  [OUT]
2020/08/10 09:38:03:827

I can't connect with the passive [192.168.100.113/5000] error_code:10060 !

<<<----  [OUT]
2020/08/10 09:38:06:309

Connecting Started...

<<<----  [OUT]
2020/08/10 09:38:27:356

I can't connect with the passive [192.168.100.113/5000] error_code:10060 !

<<<----  [OUT]
2020/08/10 09:38:29:840

Connecting Started...

<<<----  [OUT]
2020/08/10 09:38:50:888

I can't connect with the passive [192.168.100.113/5000] error_code:10060 !

<<<----  [OUT]
2020/08/10 09:38:53:372

Connecting Started...

<<<----  [OUT]
2020/08/10 09:39:14:432

I can't connect with the passive [192.168.100.113/5000] error_code:10060 !

<<<----  [OUT]
2020/08/10 09:39:16:918

Connecting Started...

<<<----  [OUT]
2020/08/10 09:39:37:972

I can't connect with the passive [192.168.100.113/5000] error_code:10060 !

<<<----  [OUT]
2020/08/10 09:39:40:450

Connecting Started...

<<<----  [OUT]
2020/08/10 09:40:01:477

I can't connect with the passive [192.168.100.113/5000] error_code:10060 !

<<<----  [OUT]
2020/08/10 09:40:03:965

Connecting Started...

<<<----  [OUT]
2020/08/10 09:40:24:993

I can't connect with the passive [192.168.100.113/5000] error_code:10060 !

<<<----  [OUT]
2020/08/10 09:40:27:481

Connecting Started...

<<<----  [OUT]
2020/08/10 09:40:48:535

I can't connect with the passive [192.168.100.113/5000] error_code:10060 !

<<<----  [OUT]
2020/08/10 09:40:51:012

Connecting Started...

<<<----  [OUT]
2020/08/10 09:41:12:051

I can't connect with the passive [192.168.100.113/5000] error_code:10060 !

<<<----  [OUT]
2020/08/10 09:41:14:529

Connecting Started...

<<<----  [OUT]
2020/08/10 09:41:35:570

I can't connect with the passive [192.168.100.113/5000] error_code:10060 !

<<<----  [OUT]
2020/08/10 09:41:38:060

Connecting Started...

<<<----  [OUT]
2020/08/10 09:41:59:112

I can't connect with the passive [192.168.100.113/5000] error_code:10060 !

<<<----  [OUT]
2020/08/10 09:42:01:591

Connecting Started...

<<<----  [OUT]
2020/08/10 09:42:22:628

I can't connect with the passive [192.168.100.113/5000] error_code:10060 !

<<<----  [OUT]
2020/08/10 09:42:25:107

Connecting Started...

<<<----  [OUT]
2020/08/10 09:42:46:154

I can't connect with the passive [192.168.100.113/5000] error_code:10060 !

<<<----  [OUT]
2020/08/10 09:42:48:637

Connecting Started...

<<<----  [OUT]
2020/08/10 09:43:09:678

I can't connect with the passive [192.168.100.113/5000] error_code:10060 !

<<<----  [OUT]
2020/08/10 09:43:12:168

Connecting Started...

<<<----  [OUT]
2020/08/10 09:43:33:209

I can't connect with the passive [192.168.100.113/5000] error_code:10060 !

<<<----  [OUT]
2020/08/10 09:43:35:699

Connecting Started...

<<<----  [OUT]
2020/08/10 09:43:56:732

I can't connect with the passive [192.168.100.113/5000] error_code:10060 !

<<<----  [OUT]
2020/08/10 09:43:59:216

Connecting Started...

<<<----  [OUT]
2020/08/10 09:44:20:264

I can't connect with the passive [192.168.100.113/5000] error_code:10060 !

<<<----  [OUT]
2020/08/10 09:44:22:746

Connecting Started...

<<<----  [OUT]
2020/08/10 09:44:43:775

I can't connect with the passive [192.168.100.113/5000] error_code:10060 !

<<<----  [OUT]
2020/08/10 09:44:46:262

Connecting Started...

<<<----  [OUT]
2020/08/10 09:45:07:301

I can't connect with the passive [192.168.100.113/5000] error_code:10060 !

<<<----  [OUT]
2020/08/10 09:45:09:779

Connecting Started...

<<<----  [OUT]
2020/08/10 09:45:30:822

I can't connect with the passive [192.168.100.113/5000] error_code:10060 !

<<<----  [OUT]
2020/08/10 09:45:33:310

Connecting Started...

<<<----  [OUT]
2020/08/10 09:45:54:362

I can't connect with the passive [192.168.100.113/5000] error_code:10060 !

<<<----  [OUT]
2020/08/10 09:45:56:841

Connecting Started...

<<<----  [OUT]
2020/08/10 09:46:17:871

I can't connect with the passive [192.168.100.113/5000] error_code:10060 !

<<<----  [OUT]
2020/08/10 09:46:20:356

Connecting Started...

<<<----  [OUT]
2020/08/10 09:46:41:404

I can't connect with the passive [192.168.100.113/5000] error_code:10060 !

<<<----  [OUT]
2020/08/10 09:46:43:888

Connecting Started...

<<<----  [OUT]
2020/08/10 09:47:04:933

I can't connect with the passive [192.168.100.113/5000] error_code:10060 !

<<<----  [OUT]
2020/08/10 09:47:07:418

Connecting Started...

<<<----  [OUT]
2020/08/10 09:47:28:446

I can't connect with the passive [192.168.100.113/5000] error_code:10060 !

<<<----  [OUT]
2020/08/10 09:47:30:933

Connecting Started...

<<<----  [OUT]
2020/08/10 09:47:51:989

I can't connect with the passive [192.168.100.113/5000] error_code:10060 !

<<<----  [OUT]
2020/08/10 09:47:54:466

Connecting Started...

<<<----  [OUT]
2020/08/10 09:48:15:500

I can't connect with the passive [192.168.100.113/5000] error_code:10060 !

<<<----  [OUT]
2020/08/10 09:48:17:981

Connecting Started...

<<<----  [OUT]
2020/08/10 09:48:39:012

I can't connect with the passive [192.168.100.113/5000] error_code:10060 !

<<<----  [OUT]
2020/08/10 09:48:41:498

Connecting Started...

<<<----  [OUT]
2020/08/10 09:49:02:533

I can't connect with the passive [192.168.100.113/5000] error_code:10060 !

<<<----  [OUT]
2020/08/10 09:49:05:013

Connecting Started...

<<<----  [OUT]
2020/08/10 09:49:26:050

I can't connect with the passive [192.168.100.113/5000] error_code:10060 !

<<<----  [OUT]
2020/08/10 09:49:28:529

Connecting Started...

<<<----  [OUT]
2020/08/10 09:49:49:564

I can't connect with the passive [192.168.100.113/5000] error_code:10060 !

<<<----  [OUT]
2020/08/10 09:49:52:043

Connecting Started...

<<<----  [OUT]
2020/08/10 09:50:13:082

I can't connect with the passive [192.168.100.113/5000] error_code:10060 !

<<<----  [OUT]
2020/08/10 09:50:15:558

Connecting Started...

<<<----  [OUT]
2020/08/10 09:50:36:588

I can't connect with the passive [192.168.100.113/5000] error_code:10060 !

<<<----  [OUT]
2020/08/10 09:50:39:075

Connecting Started...

<<<----  [OUT]
2020/08/10 09:51:00:106

I can't connect with the passive [192.168.100.113/5000] error_code:10060 !

<<<----  [OUT]
2020/08/10 09:51:02:589

Connecting Started...

<<<----  [OUT]
2020/08/10 09:51:23:624

I can't connect with the passive [192.168.100.113/5000] error_code:10060 !

<<<----  [OUT]
2020/08/10 09:51:26:106

Connecting Started...

<<<----  [OUT]
2020/08/10 09:51:47:149

I can't connect with the passive [192.168.100.113/5000] error_code:10060 !

<<<----  [OUT]
2020/08/10 09:51:49:638

Connecting Started...

<<<----  [OUT]
2020/08/10 09:52:10:683

I can't connect with the passive [192.168.100.113/5000] error_code:10060 !

<<<----  [OUT]
2020/08/10 09:52:13:169

Connecting Started...

<<<----  [OUT]
2020/08/10 09:52:34:208

I can't connect with the passive [192.168.100.113/5000] error_code:10060 !

<<<----  [OUT]
2020/08/10 09:52:36:685

Connecting Started...

<<<----  [OUT]
2020/08/10 09:52:57:711

I can't connect with the passive [192.168.100.113/5000] error_code:10060 !

<<<----  [OUT]
2020/08/10 09:53:00:199

Connecting Started...

<<<----  [OUT]
2020/08/10 09:53:21:251

I can't connect with the passive [192.168.100.113/5000] error_code:10060 !

<<<----  [OUT]
2020/08/10 09:53:23:732

Connecting Started...

<<<----  [OUT]
2020/08/10 09:53:44:791

I can't connect with the passive [192.168.100.113/5000] error_code:10060 !

<<<----  [OUT]
2020/08/10 09:53:47:277

Connecting Started...

<<<----  [OUT]
2020/08/10 09:54:08:329

I can't connect with the passive [192.168.100.113/5000] error_code:10060 !

<<<----  [OUT]
2020/08/10 09:54:10:809

Connecting Started...

<<<----  [OUT]
2020/08/10 09:54:31:854

I can't connect with the passive [192.168.100.113/5000] error_code:10060 !

<<<----  [OUT]
2020/08/10 09:54:34:341

Connecting Started...

<<<----  [OUT]
2020/08/10 09:54:55:396

I can't connect with the passive [192.168.100.113/5000] error_code:10060 !

<<<----  [OUT]
2020/08/10 09:54:57:887

Connecting Started...

<<<----  [OUT]
2020/08/10 09:55:18:940

I can't connect with the passive [192.168.100.113/5000] error_code:10060 !

<<<----  [OUT]
2020/08/10 09:55:21:419

Connecting Started...

<<<----  [OUT]
2020/08/10 09:55:42:467

I can't connect with the passive [192.168.100.113/5000] error_code:10060 !

<<<----  [OUT]
2020/08/10 09:55:44:950

Connecting Started...

<<<----  [OUT]
2020/08/10 09:56:05:992

I can't connect with the passive [192.168.100.113/5000] error_code:10060 !

<<<----  [OUT]
2020/08/10 09:56:08:481

Connecting Started...

<<<----  [OUT]
2020/08/10 09:56:29:516

I can't connect with the passive [192.168.100.113/5000] error_code:10060 !

<<<----  [OUT]
2020/08/10 09:56:31:997

Connecting Started...

<<<----  [OUT]
2020/08/10 09:56:53:046

I can't connect with the passive [192.168.100.113/5000] error_code:10060 !

<<<----  [OUT]
2020/08/10 09:56:55:528

Connecting Started...

<<<----  [OUT]
2020/08/10 09:57:16:583

I can't connect with the passive [192.168.100.113/5000] error_code:10060 !

<<<----  [OUT]
2020/08/10 09:57:19:075

Connecting Started...

<<<----  [OUT]
2020/08/10 09:57:40:122

I can't connect with the passive [192.168.100.113/5000] error_code:10060 !

<<<----  [OUT]
2020/08/10 09:57:42:605

Connecting Started...

<<<----  [OUT]
2020/08/10 09:58:03:662

I can't connect with the passive [192.168.100.113/5000] error_code:10060 !

<<<----  [OUT]
2020/08/10 09:58:06:153

Connecting Started...

<<<----  [OUT]
2020/08/10 09:58:27:181

I can't connect with the passive [192.168.100.113/5000] error_code:10060 !

<<<----  [OUT]
2020/08/10 09:58:29:668

Connecting Started...

<<<----  [OUT]
2020/08/10 09:58:50:697

I can't connect with the passive [192.168.100.113/5000] error_code:10060 !

<<<----  [OUT]
2020/08/10 09:58:53:184

Connecting Started...

<<<----  [OUT]
2020/08/10 09:59:14:215

I can't connect with the passive [192.168.100.113/5000] error_code:10060 !

<<<----  [OUT]
2020/08/10 09:59:16:700

Connecting Started...

<<<----  [OUT]
2020/08/10 09:59:37:732

I can't connect with the passive [192.168.100.113/5000] error_code:10060 !

<<<----  [OUT]
2020/08/10 09:59:40:215

Connecting Started...
