
<<<----  [OUT]
2020/08/10 11:00:00:556

I can't connect with the passive [192.168.100.113/5000] error_code:10060 !

<<<----  [OUT]
2020/08/10 11:00:03:043

Connecting Started...

<<<----  [OUT]
2020/08/10 11:00:24:096

I can't connect with the passive [192.168.100.113/5000] error_code:10060 !

<<<----  [OUT]
2020/08/10 11:00:26:574

Connecting Started...

<<<----  [OUT]
2020/08/10 11:00:47:620

I can't connect with the passive [192.168.100.113/5000] error_code:10060 !

<<<----  [OUT]
2020/08/10 11:00:50:105

Connecting Started...

<<<----  [OUT]
2020/08/10 11:01:11:144

I can't connect with the passive [192.168.100.113/5000] error_code:10060 !

<<<----  [OUT]
2020/08/10 11:01:13:621

Connecting Started...

<<<----  [OUT]
2020/08/10 11:01:34:672

I can't connect with the passive [192.168.100.113/5000] error_code:10060 !

<<<----  [OUT]
2020/08/10 11:01:37:153

Connecting Started...

<<<----  [OUT]
2020/08/10 11:01:58:192

I can't connect with the passive [192.168.100.113/5000] error_code:10060 !

<<<----  [OUT]
2020/08/10 11:02:00:669

Connecting Started...

<<<----  [OUT]
2020/08/10 11:02:21:717

I can't connect with the passive [192.168.100.113/5000] error_code:10060 !

<<<----  [OUT]
2020/08/10 11:02:24:201

Connecting Started...

<<<----  [OUT]
2020/08/10 11:02:45:222

I can't connect with the passive [192.168.100.113/5000] error_code:10060 !

<<<----  [OUT]
2020/08/10 11:02:47:700

Connecting Started...

<<<----  [OUT]
2020/08/10 11:03:08:741

I can't connect with the passive [192.168.100.113/5000] error_code:10060 !

<<<----  [OUT]
2020/08/10 11:03:11:231

Connecting Started...

<<<----  [OUT]
2020/08/10 11:03:32:265

I can't connect with the passive [192.168.100.113/5000] error_code:10060 !

<<<----  [OUT]
2020/08/10 11:03:34:746

Connecting Started...

<<<----  [OUT]
2020/08/10 11:03:55:790

I can't connect with the passive [192.168.100.113/5000] error_code:10060 !

<<<----  [OUT]
2020/08/10 11:03:58:278

Connecting Started...

<<<----  [OUT]
2020/08/10 11:04:19:319

I can't connect with the passive [192.168.100.113/5000] error_code:10060 !

<<<----  [OUT]
2020/08/10 11:04:21:810

Connecting Started...

<<<----  [OUT]
2020/08/10 11:04:42:861

I can't connect with the passive [192.168.100.113/5000] error_code:10060 !

<<<----  [OUT]
2020/08/10 11:04:45:341

Connecting Started...

<<<----  [OUT]
2020/08/10 11:05:06:385

I can't connect with the passive [192.168.100.113/5000] error_code:10060 !

<<<----  [OUT]
2020/08/10 11:05:08:872

Connecting Started...

<<<----  [OUT]
2020/08/10 11:05:29:916

I can't connect with the passive [192.168.100.113/5000] error_code:10060 !

<<<----  [OUT]
2020/08/10 11:05:32:403

Connecting Started...

<<<----  [OUT]
2020/08/10 11:05:53:448

I can't connect with the passive [192.168.100.113/5000] error_code:10060 !

<<<----  [OUT]
2020/08/10 11:05:55:935

Connecting Started...

<<<----  [OUT]
2020/08/10 11:06:16:968

I can't connect with the passive [192.168.100.113/5000] error_code:10060 !

<<<----  [OUT]
2020/08/10 11:06:19:451

Connecting Started...

<<<----  [OUT]
2020/08/10 11:06:40:483

I can't connect with the passive [192.168.100.113/5000] error_code:10060 !

<<<----  [OUT]
2020/08/10 11:06:42:965

Connecting Started...

<<<----  [OUT]
2020/08/10 11:07:03:992

I can't connect with the passive [192.168.100.113/5000] error_code:10060 !

<<<----  [OUT]
2020/08/10 11:07:06:481

Connecting Started...

<<<----  [OUT]
2020/08/10 11:07:27:549

I can't connect with the passive [192.168.100.113/5000] error_code:10060 !

<<<----  [OUT]
2020/08/10 11:07:30:028

Connecting Started...

<<<----  [OUT]
2020/08/10 11:07:51:064

I can't connect with the passive [192.168.100.113/5000] error_code:10060 !

<<<----  [OUT]
2020/08/10 11:07:53:543

Connecting Started...

<<<----  [OUT]
2020/08/10 11:08:14:589

I can't connect with the passive [192.168.100.113/5000] error_code:10060 !

<<<----  [OUT]
2020/08/10 11:08:17:075

Connecting Started...

<<<----  [OUT]
2020/08/10 11:08:38:111

I can't connect with the passive [192.168.100.113/5000] error_code:10060 !

<<<----  [OUT]
2020/08/10 11:08:40:591

Connecting Started...

<<<----  [OUT]
2020/08/10 11:09:01:623

I can't connect with the passive [192.168.100.113/5000] error_code:10060 !

<<<----  [OUT]
2020/08/10 11:09:04:107

Connecting Started...

<<<----  [OUT]
2020/08/10 11:09:25:146

I can't connect with the passive [192.168.100.113/5000] error_code:10060 !

<<<----  [OUT]
2020/08/10 11:09:27:622

Connecting Started...

<<<----  [OUT]
2020/08/10 11:09:48:648

I can't connect with the passive [192.168.100.113/5000] error_code:10060 !

<<<----  [OUT]
2020/08/10 11:09:51:137

Connecting Started...

<<<----  [OUT]
2020/08/10 11:10:12:171

I can't connect with the passive [192.168.100.113/5000] error_code:10060 !

<<<----  [OUT]
2020/08/10 11:10:14:652

Connecting Started...

<<<----  [OUT]
2020/08/10 11:10:35:705

I can't connect with the passive [192.168.100.113/5000] error_code:10060 !

<<<----  [OUT]
2020/08/10 11:10:38:185

Connecting Started...

<<<----  [OUT]
2020/08/10 11:10:59:218

I can't connect with the passive [192.168.100.113/5000] error_code:10060 !

<<<----  [OUT]
2020/08/10 11:11:01:699

Connecting Started...

<<<----  [OUT]
2020/08/10 11:11:22:763

I can't connect with the passive [192.168.100.113/5000] error_code:10060 !

<<<----  [OUT]
2020/08/10 11:11:25:247

Connecting Started...

<<<----  [OUT]
2020/08/10 11:11:46:301

I can't connect with the passive [192.168.100.113/5000] error_code:10060 !

<<<----  [OUT]
2020/08/10 11:11:48:778

Connecting Started...

<<<----  [OUT]
2020/08/10 11:12:09:836

I can't connect with the passive [192.168.100.113/5000] error_code:10060 !

<<<----  [OUT]
2020/08/10 11:12:12:325

Connecting Started...

<<<----  [OUT]
2020/08/10 11:12:33:383

I can't connect with the passive [192.168.100.113/5000] error_code:10060 !

<<<----  [OUT]
2020/08/10 11:12:35:872

Connecting Started...

<<<----  [OUT]
2020/08/10 11:12:56:918

I can't connect with the passive [192.168.100.113/5000] error_code:10060 !

<<<----  [OUT]
2020/08/10 11:12:59:403

Connecting Started...

<<<----  [OUT]
2020/08/10 11:13:20:425

I can't connect with the passive [192.168.100.113/5000] error_code:10060 !

<<<----  [OUT]
2020/08/10 11:13:22:904

Connecting Started...

<<<----  [OUT]
2020/08/10 11:13:43:960

I can't connect with the passive [192.168.100.113/5000] error_code:10060 !

<<<----  [OUT]
2020/08/10 11:13:46:451

Connecting Started...

<<<----  [OUT]
2020/08/10 11:14:07:503

I can't connect with the passive [192.168.100.113/5000] error_code:10060 !

<<<----  [OUT]
2020/08/10 11:14:09:982

Connecting Started...

<<<----  [OUT]
2020/08/10 11:14:31:017

I can't connect with the passive [192.168.100.113/5000] error_code:10060 !

<<<----  [OUT]
2020/08/10 11:14:33:497

Connecting Started...

<<<----  [OUT]
2020/08/10 11:14:54:538

I can't connect with the passive [192.168.100.113/5000] error_code:10060 !

<<<----  [OUT]
2020/08/10 11:14:57:027

Connecting Started...

<<<----  [OUT]
2020/08/10 11:15:18:059

I can't connect with the passive [192.168.100.113/5000] error_code:10060 !

<<<----  [OUT]
2020/08/10 11:15:20:544

Connecting Started...

<<<----  [OUT]
2020/08/10 11:15:41:580

I can't connect with the passive [192.168.100.113/5000] error_code:10060 !

<<<----  [OUT]
2020/08/10 11:15:44:059

Connecting Started...

<<<----  [OUT]
2020/08/10 11:20:13:421

---------------------------------------------------------------------
// FA : Start Log ...


<<<----  [OUT]
2020/08/10 11:20:13:428

//-------------------------------------------------------------
Property Information

   Driver Type [HSMS]
   Driver Mode [ACTIVE]
   IP    [192.168.100.113]
   Port  [5000]
//-------------------------------------------------------------


<<<----  [OUT]
2020/08/10 11:20:14:030

Auto-Start Started ... (Active)

<<<----  [OUT]
2020/08/10 11:20:14:121

Auto-Start Started ...  Waiting Stop-Connection.

<<<----  [OUT]
2020/08/10 11:20:14:121

Auto-Start Started ...  Waiting Open-Socket.

<<<----  [OUT]
2020/08/10 11:20:14:148

Socket Open Started...

<<<----  [OUT]
2020/08/10 11:20:14:148

Socket Open Completed...

<<<----  [OUT]
2020/08/10 11:20:14:148

Connecting Started...

<<<----  [OUT]
2020/08/10 11:20:14:212

Auto-Start Completed ...  (Active)

<<<----  [OUT]
2020/08/10 11:20:35:196

I can't connect with the passive [192.168.100.113/5000] error_code:10060 !

<<<----  [OUT]
2020/08/10 11:20:37:683

Connecting Started...

<<<----  [OUT]
2020/08/10 11:20:58:729

I can't connect with the passive [192.168.100.113/5000] error_code:10060 !

<<<----  [OUT]
2020/08/10 11:21:01:216

Connecting Started...

<<<----  [OUT]
2020/08/10 11:21:22:248

I can't connect with the passive [192.168.100.113/5000] error_code:10060 !

<<<----  [OUT]
2020/08/10 11:21:24:732

Connecting Started...

<<<----  [OUT]
2020/08/10 11:21:45:777

I can't connect with the passive [192.168.100.113/5000] error_code:10060 !

<<<----  [OUT]
2020/08/10 11:21:48:262

Connecting Started...

<<<----  [OUT]
2020/08/10 11:22:09:312

I can't connect with the passive [192.168.100.113/5000] error_code:10060 !

<<<----  [OUT]
2020/08/10 11:22:11:794

Connecting Started...

<<<----  [OUT]
2020/08/10 11:22:32:850

I can't connect with the passive [192.168.100.113/5000] error_code:10060 !

<<<----  [OUT]
2020/08/10 11:22:35:341

Connecting Started...

<<<----  [OUT]
2020/08/10 11:22:56:389

I can't connect with the passive [192.168.100.113/5000] error_code:10060 !

<<<----  [OUT]
2020/08/10 11:22:58:872

Connecting Started...

<<<----  [OUT]
2020/08/10 11:23:19:925

I can't connect with the passive [192.168.100.113/5000] error_code:10060 !

<<<----  [OUT]
2020/08/10 11:23:22:402

Connecting Started...

<<<----  [OUT]
2020/08/10 11:23:43:441

I can't connect with the passive [192.168.100.113/5000] error_code:10060 !

<<<----  [OUT]
2020/08/10 11:23:45:919

Connecting Started...

<<<----  [OUT]
2020/08/10 11:24:06:966

I can't connect with the passive [192.168.100.113/5000] error_code:10060 !

<<<----  [OUT]
2020/08/10 11:24:09:450

Connecting Started...

<<<----  [OUT]
2020/08/10 11:24:30:486

I can't connect with the passive [192.168.100.113/5000] error_code:10060 !

<<<----  [OUT]
2020/08/10 11:24:32:965

Connecting Started...

<<<----  [OUT]
2020/08/10 11:24:54:001

I can't connect with the passive [192.168.100.113/5000] error_code:10060 !

<<<----  [OUT]
2020/08/10 11:24:56:482

Connecting Started...

<<<----  [OUT]
2020/08/10 11:25:17:535

I can't connect with the passive [192.168.100.113/5000] error_code:10060 !

<<<----  [OUT]
2020/08/10 11:25:20:013

Connecting Started...

<<<----  [OUT]
2020/08/10 11:25:41:068

I can't connect with the passive [192.168.100.113/5000] error_code:10060 !

<<<----  [OUT]
2020/08/10 11:25:43:560

Connecting Started...

<<<----  [OUT]
2020/08/10 11:26:04:604

I can't connect with the passive [192.168.100.113/5000] error_code:10060 !

<<<----  [OUT]
2020/08/10 11:26:07:090

Connecting Started...

<<<----  [OUT]
2020/08/10 11:26:28:129

I can't connect with the passive [192.168.100.113/5000] error_code:10060 !

<<<----  [OUT]
2020/08/10 11:26:30:606

Connecting Started...

<<<----  [OUT]
2020/08/10 11:26:51:656

I can't connect with the passive [192.168.100.113/5000] error_code:10060 !

<<<----  [OUT]
2020/08/10 11:26:54:138

Connecting Started...

<<<----  [OUT]
2020/08/10 11:27:15:172

I can't connect with the passive [192.168.100.113/5000] error_code:10060 !

<<<----  [OUT]
2020/08/10 11:27:17:652

Connecting Started...

<<<----  [OUT]
2020/08/10 11:27:38:691

I can't connect with the passive [192.168.100.113/5000] error_code:10060 !

<<<----  [OUT]
2020/08/10 11:27:41:168

Connecting Started...

<<<----  [OUT]
2020/08/10 11:28:02:211

I can't connect with the passive [192.168.100.113/5000] error_code:10060 !

<<<----  [OUT]
2020/08/10 11:28:04:700

Connecting Started...

<<<----  [OUT]
2020/08/10 11:28:25:746

I can't connect with the passive [192.168.100.113/5000] error_code:10060 !

<<<----  [OUT]
2020/08/10 11:28:28:230

Connecting Started...

<<<----  [OUT]
2020/08/10 11:28:49:275

I can't connect with the passive [192.168.100.113/5000] error_code:10060 !

<<<----  [OUT]
2020/08/10 11:28:51:761

Connecting Started...

<<<----  [OUT]
2020/08/10 11:29:12:826

I can't connect with the passive [192.168.100.113/5000] error_code:10060 !

<<<----  [OUT]
2020/08/10 11:29:15:309

Connecting Started...

<<<----  [OUT]
2020/08/10 11:29:36:327

I can't connect with the passive [192.168.100.113/5000] error_code:10060 !

<<<----  [OUT]
2020/08/10 11:29:38:810

Connecting Started...

<<<----  [OUT]
2020/08/10 11:29:59:844

I can't connect with the passive [192.168.100.113/5000] error_code:10060 !

<<<----  [OUT]
2020/08/10 11:30:02:326

Connecting Started...

<<<----  [OUT]
2020/08/10 11:30:23:362

I can't connect with the passive [192.168.100.113/5000] error_code:10060 !

<<<----  [OUT]
2020/08/10 11:30:25:840

Connecting Started...

<<<----  [OUT]
2020/08/10 11:30:46:861

I can't connect with the passive [192.168.100.113/5000] error_code:10060 !

<<<----  [OUT]
2020/08/10 11:30:49:340

Connecting Started...

<<<----  [OUT]
2020/08/10 11:31:10:378

I can't connect with the passive [192.168.100.113/5000] error_code:10060 !

<<<----  [OUT]
2020/08/10 11:31:12:856

Connecting Started...

<<<----  [OUT]
2020/08/10 11:31:33:915

I can't connect with the passive [192.168.100.113/5000] error_code:10060 !

<<<----  [OUT]
2020/08/10 11:31:36:403

Connecting Started...

<<<----  [OUT]
2020/08/10 11:31:57:436

I can't connect with the passive [192.168.100.113/5000] error_code:10060 !

<<<----  [OUT]
2020/08/10 11:31:59:918

Connecting Started...

<<<----  [OUT]
2020/08/10 11:32:20:971

I can't connect with the passive [192.168.100.113/5000] error_code:10060 !

<<<----  [OUT]
2020/08/10 11:32:23:450

Connecting Started...

<<<----  [OUT]
2020/08/10 11:32:44:497

I can't connect with the passive [192.168.100.113/5000] error_code:10060 !

<<<----  [OUT]
2020/08/10 11:32:46:981

Connecting Started...

<<<----  [OUT]
2020/08/10 11:33:08:013

I can't connect with the passive [192.168.100.113/5000] error_code:10060 !

<<<----  [OUT]
2020/08/10 11:33:10:497

Connecting Started...

<<<----  [OUT]
2020/08/10 11:33:31:541

I can't connect with the passive [192.168.100.113/5000] error_code:10060 !

<<<----  [OUT]
2020/08/10 11:33:34:028

Connecting Started...

<<<----  [OUT]
2020/08/10 11:33:55:092

I can't connect with the passive [192.168.100.113/5000] error_code:10060 !

<<<----  [OUT]
2020/08/10 11:33:57:576

Connecting Started...

<<<----  [OUT]
2020/08/10 11:34:18:601

I can't connect with the passive [192.168.100.113/5000] error_code:10060 !

<<<----  [OUT]
2020/08/10 11:34:21:090

Connecting Started...

<<<----  [OUT]
2020/08/10 11:36:08:673

---------------------------------------------------------------------
// FA : Start Log ...


<<<----  [OUT]
2020/08/10 11:36:08:677

//-------------------------------------------------------------
Property Information

   Driver Type [HSMS]
   Driver Mode [ACTIVE]
   IP    [192.168.100.113]
   Port  [5000]
//-------------------------------------------------------------


<<<----  [OUT]
2020/08/10 11:36:09:278

Auto-Start Started ... (Active)

<<<----  [OUT]
2020/08/10 11:36:09:369

Auto-Start Started ...  Waiting Stop-Connection.

<<<----  [OUT]
2020/08/10 11:36:09:369

Auto-Start Started ...  Waiting Open-Socket.

<<<----  [OUT]
2020/08/10 11:36:09:399

Socket Open Started...

<<<----  [OUT]
2020/08/10 11:36:09:399

Socket Open Completed...

<<<----  [OUT]
2020/08/10 11:36:09:399

Connecting Started...

<<<----  [OUT]
2020/08/10 11:36:09:460

Auto-Start Completed ...  (Active)

<<<----  [OUT]
2020/08/10 11:36:30:445

I can't connect with the passive [192.168.100.113/5000] error_code:10060 !

<<<----  [OUT]
2020/08/10 11:36:32:934

Connecting Started...

<<<----  [OUT]
2020/08/10 11:36:53:985

I can't connect with the passive [192.168.100.113/5000] error_code:10060 !

<<<----  [OUT]
2020/08/10 11:36:56:466

Connecting Started...

<<<----  [OUT]
2020/08/10 11:37:17:519

I can't connect with the passive [192.168.100.113/5000] error_code:10060 !

<<<----  [OUT]
2020/08/10 11:37:19:998

Connecting Started...

<<<----  [OUT]
2020/08/10 11:37:41:035

I can't connect with the passive [192.168.100.113/5000] error_code:10060 !

<<<----  [OUT]
2020/08/10 11:37:43:512

Connecting Started...

<<<----  [OUT]
2020/08/10 11:38:04:554

I can't connect with the passive [192.168.100.113/5000] error_code:10060 !

<<<----  [OUT]
2020/08/10 11:38:07:043

Connecting Started...

<<<----  [OUT]
2020/08/10 11:38:28:108

I can't connect with the passive [192.168.100.113/5000] error_code:10060 !

<<<----  [OUT]
2020/08/10 11:38:30:591

Connecting Started...

<<<----  [OUT]
2020/08/10 11:38:51:611

I can't connect with the passive [192.168.100.113/5000] error_code:10060 !

<<<----  [OUT]
2020/08/10 11:38:54:090

Connecting Started...

<<<----  [OUT]
2020/08/10 11:39:15:142

I can't connect with the passive [192.168.100.113/5000] error_code:10060 !

<<<----  [OUT]
2020/08/10 11:39:17:623

Connecting Started...

<<<----  [OUT]
2020/08/10 11:39:38:674

I can't connect with the passive [192.168.100.113/5000] error_code:10060 !

<<<----  [OUT]
2020/08/10 11:39:41:153

Connecting Started...

<<<----  [OUT]
2020/08/10 11:40:02:178

I can't connect with the passive [192.168.100.113/5000] error_code:10060 !

<<<----  [OUT]
2020/08/10 11:40:04:669

Connecting Started...

<<<----  [OUT]
2020/08/10 11:40:25:723

I can't connect with the passive [192.168.100.113/5000] error_code:10060 !

<<<----  [OUT]
2020/08/10 11:40:28:200

Connecting Started...

<<<----  [OUT]
2020/08/10 11:40:49:238

I can't connect with the passive [192.168.100.113/5000] error_code:10060 !

<<<----  [OUT]
2020/08/10 11:40:51:715

Connecting Started...

<<<----  [OUT]
2020/08/10 11:41:12:743

I can't connect with the passive [192.168.100.113/5000] error_code:10060 !

<<<----  [OUT]
2020/08/10 11:41:15:231

Connecting Started...

<<<----  [OUT]
2020/08/10 11:41:36:270

I can't connect with the passive [192.168.100.113/5000] error_code:10060 !

<<<----  [OUT]
2020/08/10 11:41:38:746

Connecting Started...

<<<----  [OUT]
2020/08/10 11:41:59:795

I can't connect with the passive [192.168.100.113/5000] error_code:10060 !

<<<----  [OUT]
2020/08/10 11:42:02:278

Connecting Started...

<<<----  [OUT]
2020/08/10 11:42:23:299

I can't connect with the passive [192.168.100.113/5000] error_code:10060 !

<<<----  [OUT]
2020/08/10 11:42:25:778

Connecting Started...

<<<----  [OUT]
2020/08/10 11:42:46:817

I can't connect with the passive [192.168.100.113/5000] error_code:10060 !

<<<----  [OUT]
2020/08/10 11:42:49:294

Connecting Started...

<<<----  [OUT]
2020/08/10 11:43:10:329

I can't connect with the passive [192.168.100.113/5000] error_code:10060 !

<<<----  [OUT]
2020/08/10 11:43:12:810

Connecting Started...

<<<----  [OUT]
2020/08/10 11:43:33:862

I can't connect with the passive [192.168.100.113/5000] error_code:10060 !

<<<----  [OUT]
2020/08/10 11:43:36:340

Connecting Started...

<<<----  [OUT]
2020/08/10 11:43:57:377

I can't connect with the passive [192.168.100.113/5000] error_code:10060 !

<<<----  [OUT]
2020/08/10 11:43:59:857

Connecting Started...

<<<----  [OUT]
2020/08/10 11:44:20:916

I can't connect with the passive [192.168.100.113/5000] error_code:10060 !

<<<----  [OUT]
2020/08/10 11:44:23:404

Connecting Started...

<<<----  [OUT]
2020/08/10 11:44:44:450

I can't connect with the passive [192.168.100.113/5000] error_code:10060 !

<<<----  [OUT]
2020/08/10 11:44:46:935

Connecting Started...

<<<----  [OUT]
2020/08/10 11:45:07:987

I can't connect with the passive [192.168.100.113/5000] error_code:10060 !

<<<----  [OUT]
2020/08/10 11:45:10:465

Connecting Started...

<<<----  [OUT]
2020/08/10 11:45:31:509

I can't connect with the passive [192.168.100.113/5000] error_code:10060 !

<<<----  [OUT]
2020/08/10 11:45:33:996

Connecting Started...

<<<----  [OUT]
2020/08/10 11:45:55:047

I can't connect with the passive [192.168.100.113/5000] error_code:10060 !

<<<----  [OUT]
2020/08/10 11:45:57:527

Connecting Started...

<<<----  [OUT]
2020/08/10 11:46:18:574

I can't connect with the passive [192.168.100.113/5000] error_code:10060 !

<<<----  [OUT]
2020/08/10 11:46:21:059

Connecting Started...

<<<----  [OUT]
2020/08/10 11:46:42:112

I can't connect with the passive [192.168.100.113/5000] error_code:10060 !

<<<----  [OUT]
2020/08/10 11:46:44:590

Connecting Started...

<<<----  [OUT]
2020/08/10 11:47:05:638

I can't connect with the passive [192.168.100.113/5000] error_code:10060 !

<<<----  [OUT]
2020/08/10 11:47:08:121

Connecting Started...

<<<----  [OUT]
2020/08/10 11:47:29:158

I can't connect with the passive [192.168.100.113/5000] error_code:10060 !

<<<----  [OUT]
2020/08/10 11:47:31:636

Connecting Started...

<<<----  [OUT]
2020/08/10 11:47:52:666

I can't connect with the passive [192.168.100.113/5000] error_code:10060 !

<<<----  [OUT]
2020/08/10 11:47:55:154

Connecting Started...

<<<----  [OUT]
2020/08/10 11:48:16:207

I can't connect with the passive [192.168.100.113/5000] error_code:10060 !

<<<----  [OUT]
2020/08/10 11:48:18:684

Connecting Started...

<<<----  [OUT]
2020/08/10 11:48:39:713

I can't connect with the passive [192.168.100.113/5000] error_code:10060 !

<<<----  [OUT]
2020/08/10 11:48:42:199

Connecting Started...

<<<----  [OUT]
2020/08/10 11:49:03:229

I can't connect with the passive [192.168.100.113/5000] error_code:10060 !

<<<----  [OUT]
2020/08/10 11:49:05:715

Connecting Started...

<<<----  [OUT]
2020/08/10 11:49:26:755

I can't connect with the passive [192.168.100.113/5000] error_code:10060 !

<<<----  [OUT]
2020/08/10 11:49:29:232

Connecting Started...

<<<----  [OUT]
2020/08/10 11:49:50:286

I can't connect with the passive [192.168.100.113/5000] error_code:10060 !

<<<----  [OUT]
2020/08/10 11:49:52:763

Connecting Started...

<<<----  [OUT]
2020/08/10 11:50:13:787

I can't connect with the passive [192.168.100.113/5000] error_code:10060 !

<<<----  [OUT]
2020/08/10 11:50:16:277

Connecting Started...

<<<----  [OUT]
2020/08/10 11:50:37:317

I can't connect with the passive [192.168.100.113/5000] error_code:10060 !

<<<----  [OUT]
2020/08/10 11:50:39:794

Connecting Started...

<<<----  [OUT]
2020/08/10 11:51:00:834

I can't connect with the passive [192.168.100.113/5000] error_code:10060 !

<<<----  [OUT]
2020/08/10 11:51:03:325

Connecting Started...

<<<----  [OUT]
2020/08/10 11:51:24:356

I can't connect with the passive [192.168.100.113/5000] error_code:10060 !

<<<----  [OUT]
2020/08/10 11:51:26:840

Connecting Started...

<<<----  [OUT]
2020/08/10 11:51:47:877

I can't connect with the passive [192.168.100.113/5000] error_code:10060 !

<<<----  [OUT]
2020/08/10 11:51:50:356

Connecting Started...

<<<----  [OUT]
2020/08/10 11:52:11:403

I can't connect with the passive [192.168.100.113/5000] error_code:10060 !

<<<----  [OUT]
2020/08/10 11:52:13:888

Connecting Started...

<<<----  [OUT]
2020/08/10 11:52:34:932

I can't connect with the passive [192.168.100.113/5000] error_code:10060 !

<<<----  [OUT]
2020/08/10 11:52:37:419

Connecting Started...

<<<----  [OUT]
2020/08/10 11:52:58:451

I can't connect with the passive [192.168.100.113/5000] error_code:10060 !

<<<----  [OUT]
2020/08/10 11:53:00:935

Connecting Started...

<<<----  [OUT]
2020/08/10 11:53:21:972

I can't connect with the passive [192.168.100.113/5000] error_code:10060 !

<<<----  [OUT]
2020/08/10 11:53:24:449

Connecting Started...

<<<----  [OUT]
2020/08/10 11:53:45:488

I can't connect with the passive [192.168.100.113/5000] error_code:10060 !

<<<----  [OUT]
2020/08/10 11:53:47:965

Connecting Started...

<<<----  [OUT]
2020/08/10 11:54:09:027

I can't connect with the passive [192.168.100.113/5000] error_code:10060 !

<<<----  [OUT]
2020/08/10 11:54:11:512

Connecting Started...

<<<----  [OUT]
2020/08/10 11:54:32:537

I can't connect with the passive [192.168.100.113/5000] error_code:10060 !

<<<----  [OUT]
2020/08/10 11:54:35:028

Connecting Started...

<<<----  [OUT]
2020/08/10 11:54:56:084

I can't connect with the passive [192.168.100.113/5000] error_code:10060 !

<<<----  [OUT]
2020/08/10 11:54:58:575

Connecting Started...

<<<----  [OUT]
2020/08/10 11:55:19:619

I can't connect with the passive [192.168.100.113/5000] error_code:10060 !

<<<----  [OUT]
2020/08/10 11:55:22:106

Connecting Started...

<<<----  [OUT]
2020/08/10 11:55:43:139

I can't connect with the passive [192.168.100.113/5000] error_code:10060 !

<<<----  [OUT]
2020/08/10 11:55:45:621

Connecting Started...

<<<----  [OUT]
2020/08/10 11:56:06:666

I can't connect with the passive [192.168.100.113/5000] error_code:10060 !

<<<----  [OUT]
2020/08/10 11:56:09:153

Connecting Started...

<<<----  [OUT]
2020/08/10 11:56:30:196

I can't connect with the passive [192.168.100.113/5000] error_code:10060 !

<<<----  [OUT]
2020/08/10 11:56:32:684

Connecting Started...

<<<----  [OUT]
2020/08/10 11:56:53:728

I can't connect with the passive [192.168.100.113/5000] error_code:10060 !

<<<----  [OUT]
2020/08/10 11:56:56:216

Connecting Started...

<<<----  [OUT]
2020/08/10 11:57:17:260

I can't connect with the passive [192.168.100.113/5000] error_code:10060 !

<<<----  [OUT]
2020/08/10 11:57:19:747

Connecting Started...

<<<----  [OUT]
2020/08/10 11:57:40:783

I can't connect with the passive [192.168.100.113/5000] error_code:10060 !

<<<----  [OUT]
2020/08/10 11:57:43:262

Connecting Started...

<<<----  [OUT]
2020/08/10 11:58:04:292

I can't connect with the passive [192.168.100.113/5000] error_code:10060 !

<<<----  [OUT]
2020/08/10 11:58:06:778

Connecting Started...

<<<----  [OUT]
2020/08/10 11:58:27:810

I can't connect with the passive [192.168.100.113/5000] error_code:10060 !

<<<----  [OUT]
2020/08/10 11:58:30:293

Connecting Started...

<<<----  [OUT]
2020/08/10 11:58:51:328

I can't connect with the passive [192.168.100.113/5000] error_code:10060 !

<<<----  [OUT]
2020/08/10 11:58:53:809

Connecting Started...

<<<----  [OUT]
2020/08/10 11:59:14:863

I can't connect with the passive [192.168.100.113/5000] error_code:10060 !

<<<----  [OUT]
2020/08/10 11:59:17:341

Connecting Started...

<<<----  [OUT]
2020/08/10 11:59:38:395

I can't connect with the passive [192.168.100.113/5000] error_code:10060 !

<<<----  [OUT]
2020/08/10 11:59:40:871

Connecting Started...
