

//--------------------------------------------------------
// START

2022_06_12 00:37:52   Start : mRES__OBJECT_PROPERTY.Upload__OBJ_PROPERTY()
2022_06_12 00:37:52   Completed ...
2022_06_12 00:37:52   Start : mMNG__ALARM_DB.Upload__DB()
2022_06_12 00:37:52   Completed ...
2022_06_12 00:37:52   Start : mMNG_FILE.Upload__OBJECT_LIST()
2022_06_12 00:37:52   Completed ...
2022_06_12 00:37:52   Start : mRES__OBJECT_LIST.Start__OBJECT_LIST()
2022_06_12 00:37:53   Completed ...
2022_06_12 00:37:53   Start : mRES__OBJECT_LIST.Initialize__OBJECT_LIST()
2022_06_12 00:37:53   STD Object : (__EQP) Started ...
2022_06_12 00:37:53   STD Object : (__EQP) Completed ...
2022_06_12 00:37:53   STD Object : (__SYS) Started ...
2022_06_12 00:37:53   STD Object : (__SYS) Completed ...
2022_06_12 00:37:53   STD Object : (DB_ETCHER) Started ...
2022_06_12 00:37:53   STD Object : (DB_ETCHER) Completed ...
2022_06_12 00:37:53   STD Object : (DB_GUI) Started ...
2022_06_12 00:37:53   STD Object : (DB_GUI) Completed ...
2022_06_12 00:37:53   STD Object : (DB_INF) Started ...
2022_06_12 00:37:53   STD Object : (DB_INF) Completed ...
2022_06_12 00:37:53   STD Object : (DB_SYS) Started ...
2022_06_12 00:37:53   STD Object : (DB_SYS) Completed ...
2022_06_12 00:37:53   STD Object : (DI_CHM) Started ...
2022_06_12 00:37:53   STD Object : (DI_CHM) Completed ...
2022_06_12 00:37:53   STD Object : (DI_GAS_BOX) Started ...
2022_06_12 00:37:53   STD Object : (DI_GAS_BOX) Completed ...
2022_06_12 00:37:53   STD Object : (DI_RF_SYS) Started ...
2022_06_12 00:37:53   STD Object : (DI_RF_SYS) Completed ...
2022_06_12 00:37:53   STD Object : (FNC_CHM) Started ...
2022_06_12 00:37:53   STD Object : (FNC_CHM) Completed ...
2022_06_12 00:37:53   STD Object : (FNC_GAS_VLV_CTRL) Started ...
2022_06_12 00:37:53   STD Object : (FNC_GAS_VLV_CTRL) Completed ...
2022_06_12 00:37:53   STD Object : (FNC_PM_DATALOG) Started ...
2022_06_12 00:37:55   STD Object : (FNC_PM_DATALOG) Completed ...
2022_06_12 00:37:55   STD Object : (FNC_PROC) Started ...
2022_06_12 00:37:55   STD Object : (FNC_PROC) Completed ...
2022_06_12 00:37:55   STD Object : (FNC_STEP) Started ...
2022_06_12 00:37:55   STD Object : (FNC_STEP) Completed ...
2022_06_12 00:37:55   STD Object : (FNC_SYSTEM) Started ...
2022_06_12 00:37:55   STD Object : (FNC_SYSTEM) Completed ...
2022_06_12 00:37:55   STD Object : (FNC_TRANSFER) Started ...
2022_06_12 00:37:55   STD Object : (FNC_TRANSFER) Completed ...
2022_06_12 00:37:55   STD Object : (INF_ACTIVE_HANDOFF) Started ...
2022_06_12 00:37:55   STD Object : (INF_ACTIVE_HANDOFF) Completed ...
2022_06_12 00:37:55   STD Object : (INF_PMC) Started ...
2022_06_12 00:37:55   STD Object : (INF_PMC) Completed ...
2022_06_12 00:37:55   STD Object : (MNG_AUTO_PM) Started ...
2022_06_12 00:37:55   STD Object : (MNG_AUTO_PM) Completed ...
2022_06_12 00:37:55   STD Object : (MNG_DGF_CHECK) Started ...
2022_06_12 00:37:55   STD Object : (MNG_DGF_CHECK) Completed ...
2022_06_12 00:37:55   STD Object : (MNG_GAUGE_CHECK) Started ...
2022_06_12 00:37:55   STD Object : (MNG_GAUGE_CHECK) Completed ...
2022_06_12 00:37:55   STD Object : (MNG_MFC_FLOW) Started ...
2022_06_12 00:37:55   STD Object : (MNG_MFC_FLOW) Completed ...
2022_06_12 00:37:55   STD Object : (MNG_RF_CHECK) Started ...
2022_06_12 00:37:55   STD Object : (MNG_RF_CHECK) Completed ...
2022_06_12 00:37:55   STD Object : (MNG_VAT_CONDUCTANCE) Started ...
2022_06_12 00:37:55   STD Object : (MNG_VAT_CONDUCTANCE) Completed ...
2022_06_12 00:37:55   STD Object : (MNT_PROCESS) Started ...
2022_06_12 00:37:55   STD Object : (MNT_PROCESS) Completed ...
2022_06_12 00:37:55   STD Object : (OPR_PMC) Started ...
2022_06_12 00:37:55   STD Object : (OPR_PMC) Completed ...
2022_06_12 00:37:55   STD Object : (PAGE_CHM) Started ...
2022_06_12 00:37:55   STD Object : (PAGE_CHM) Completed ...
2022_06_12 00:37:55   STD Object : (PAGE_PROCESS) Started ...
2022_06_12 00:37:55   STD Object : (PAGE_PROCESS) Completed ...
2022_06_12 00:37:55   STD Object : (PAGE_RF_PULSE) Started ...
2022_06_12 00:37:55   STD Object : (PAGE_RF_PULSE) Completed ...
2022_06_12 00:37:55   STD Object : (PAGE_SYSTEM_INIT) Started ...
2022_06_12 00:37:55   STD Object : (PAGE_SYSTEM_INIT) Completed ...
2022_06_12 00:37:55   STD Object : (PAGE_SYSTEM_MAINT) Started ...
2022_06_12 00:37:55   STD Object : (PAGE_SYSTEM_MAINT) Completed ...
2022_06_12 00:37:55   STD Object : (PHY_CHM_IO) Started ...
2022_06_12 00:37:55   STD Object : (PHY_CHM_IO) Completed ...
2022_06_12 00:37:55   STD Object : (PHY_DGF) Started ...
2022_06_12 00:37:55   STD Object : (PHY_DGF) Completed ...
2022_06_12 00:37:55   STD Object : (PHY_DRY) Started ...
2022_06_12 00:37:55   STD Object : (PHY_DRY) Completed ...
2022_06_12 00:37:55   STD Object : (PHY_EPD) Started ...
2022_06_12 00:37:55   STD Object : (PHY_EPD) Completed ...
2022_06_12 00:37:55   STD Object : (PHY_ESC) Started ...
2022_06_12 00:37:55   STD Object : (PHY_ESC) Completed ...
2022_06_12 00:37:55   STD Object : (PHY_GAS_VLV) Started ...
2022_06_12 00:37:55   STD Object : (PHY_GAS_VLV) Completed ...
2022_06_12 00:37:55   STD Object : (PHY_HTR_SH) Started ...
2022_06_12 00:37:55   STD Object : (PHY_HTR_SH) Completed ...
2022_06_12 00:37:55   STD Object : (PHY_HTR_WALL) Started ...
2022_06_12 00:37:55   STD Object : (PHY_HTR_WALL) Completed ...
2022_06_12 00:37:55   STD Object : (PHY_LIFT_PIN) Started ...
2022_06_12 00:37:55   STD Object : (PHY_LIFT_PIN) Completed ...
2022_06_12 00:37:55   STD Object : (PHY_MFC1) Started ...
2022_06_12 00:37:55   STD Object : (PHY_MFC1) Completed ...
2022_06_12 00:37:55   STD Object : (PHY_MFC10) Started ...
2022_06_12 00:37:55   STD Object : (PHY_MFC10) Completed ...
2022_06_12 00:37:55   STD Object : (PHY_MFC11) Started ...
2022_06_12 00:37:55   STD Object : (PHY_MFC11) Completed ...
2022_06_12 00:37:55   STD Object : (PHY_MFC12) Started ...
2022_06_12 00:37:55   STD Object : (PHY_MFC12) Completed ...
2022_06_12 00:37:55   STD Object : (PHY_MFC17) Started ...
2022_06_12 00:37:55   STD Object : (PHY_MFC17) Completed ...
2022_06_12 00:37:55   STD Object : (PHY_MFC2) Started ...
2022_06_12 00:37:55   STD Object : (PHY_MFC2) Completed ...
2022_06_12 00:37:55   STD Object : (PHY_MFC3) Started ...
2022_06_12 00:37:56   STD Object : (PHY_MFC3) Completed ...
2022_06_12 00:37:56   STD Object : (PHY_MFC4) Started ...
2022_06_12 00:37:56   STD Object : (PHY_MFC4) Completed ...
2022_06_12 00:37:56   STD Object : (PHY_MFC5) Started ...
2022_06_12 00:37:56   STD Object : (PHY_MFC5) Completed ...
2022_06_12 00:37:56   STD Object : (PHY_MFC6) Started ...
2022_06_12 00:37:56   STD Object : (PHY_MFC6) Completed ...
2022_06_12 00:37:56   STD Object : (PHY_MFC7) Started ...
2022_06_12 00:37:56   STD Object : (PHY_MFC7) Completed ...
2022_06_12 00:37:56   STD Object : (PHY_MFC8) Started ...
2022_06_12 00:37:56   STD Object : (PHY_MFC8) Completed ...
2022_06_12 00:37:56   STD Object : (PHY_MFC9) Started ...
2022_06_12 00:37:56   STD Object : (PHY_MFC9) Completed ...
2022_06_12 00:37:56   STD Object : (PHY_MTC) Started ...
2022_06_12 00:37:56   STD Object : (PHY_MTC) Completed ...
2022_06_12 00:37:56   STD Object : (PHY_PT) Started ...
2022_06_12 00:37:56   STD Object : (PHY_PT) Completed ...
2022_06_12 00:37:56   STD Object : (PHY_RF_HF) Started ...
2022_06_12 00:37:56   STD Object : (PHY_RF_HF) Completed ...
2022_06_12 00:37:56   STD Object : (PHY_RF_LF) Started ...
2022_06_12 00:37:56   STD Object : (PHY_RF_LF) Completed ...
2022_06_12 00:37:56   STD Object : (PHY_RF_RPS) Started ...
2022_06_12 00:37:56   STD Object : (PHY_RF_RPS) Completed ...
2022_06_12 00:37:56   STD Object : (PHY_TMP) Started ...
2022_06_12 00:37:56   STD Object : (PHY_TMP) Completed ...
2022_06_12 00:37:56   STD Object : (PHY_VAC_VLV) Started ...
2022_06_12 00:37:56   STD Object : (PHY_VAC_VLV) Completed ...
2022_06_12 00:37:56   STD Object : (PHY_VAT) Started ...
2022_06_12 00:37:56   STD Object : (PHY_VAT) Completed ...
2022_06_12 00:37:56   IO Object : (IO) Started ...
2022_06_12 00:37:56   IO Object : (IO) Completed ...
2022_06_12 00:37:56   IO Object : (PHY_IO__APC_VLV) Started ...
2022_06_12 00:37:56   IO Object : (PHY_IO__APC_VLV) Completed ...
2022_06_12 00:37:56   IO Object : (PHY_IO__DRY_PMP) Started ...
2022_06_12 00:37:56   IO Object : (PHY_IO__DRY_PMP) Completed ...
2022_06_12 00:37:56   IO Object : (PHY_IO__ESC) Started ...
2022_06_12 00:37:56   IO Object : (PHY_IO__ESC) Completed ...
2022_06_12 00:37:56   IO Object : (PHY_IO__MAT_HF) Started ...
2022_06_12 00:37:56   IO Object : (PHY_IO__MAT_HF) Completed ...
2022_06_12 00:37:56   IO Object : (PHY_IO__MAT_LF) Started ...
2022_06_12 00:37:56   IO Object : (PHY_IO__MAT_LF) Completed ...
2022_06_12 00:37:56   IO Object : (PHY_IO__MFC_PART01) Started ...
2022_06_12 00:37:56   IO Object : (PHY_IO__MFC_PART01) Completed ...
2022_06_12 00:37:56   IO Object : (PHY_IO__MFC_PART02) Started ...
2022_06_12 00:37:56   IO Object : (PHY_IO__MFC_PART02) Completed ...
2022_06_12 00:37:56   IO Object : (PHY_IO__OES) Started ...
2022_06_12 00:37:56   IO Object : (PHY_IO__OES) Completed ...
2022_06_12 00:37:56   IO Object : (PHY_IO__RF_400KHZ) Started ...
2022_06_12 00:37:56   IO Object : (PHY_IO__RF_400KHZ) Completed ...
2022_06_12 00:37:56   IO Object : (PHY_IO__RF_40MHZ) Started ...
2022_06_12 00:37:56   IO Object : (PHY_IO__RF_40MHZ) Completed ...
2022_06_12 00:37:56   IO Object : (PHY_IO__RF_PULSE) Started ...
2022_06_12 00:37:56   IO Object : (PHY_IO__RF_PULSE) Completed ...
2022_06_12 00:37:56   IO Object : (PHY_IO__RF_RPS) Started ...
2022_06_12 00:37:56   IO Object : (PHY_IO__RF_RPS) Completed ...
2022_06_12 00:37:56   Interlock Object : (INTERLOCK_MFC) Started ...
2022_06_12 00:37:56   Interlock Object : (INTERLOCK_MFC) Completed ...
2022_06_12 00:37:56   Interlock Object : (INTERLOCK_SYS) Started ...
2022_06_12 00:37:56   Interlock Object : (INTERLOCK_SYS) Completed ...
2022_06_12 00:37:56   Completed ...
2022_06_12 00:37:56   Start : mMNG__ALARM_DB.Upload__LEVEL()
2022_06_12 00:37:56   Completed ...
2022_06_12 00:37:56   Start : mRES__OBJECT_DB.Upload__LOOKUP_TABLE()
2022_06_12 00:37:56   Completed ...
2022_06_12 00:37:56   Start : mRES__OBJECT_DB.Upload__OBJECT_OPTION()
2022_06_12 00:37:57   Completed ...
2022_06_12 00:37:57   Start : mRES__OBJECT_PROPERTY.Init__OBJ_PROPERTY()
2022_06_12 00:37:57      Property_Info__Memory_Check : -1
2022_06_12 00:37:57   Completed ...
2022_06_12 00:37:57   Start : mRES__OBJECT_DB.Analysis__OBJ_MODULE()
2022_06_12 00:37:57   Completed ...
2022_06_12 00:37:57   Start : mRES__OBJECT_DB.Analysis__OBJ_VERSION()
2022_06_12 00:37:57   Completed ...
2022_06_12 00:37:57   Start : mRES__OBJECT_DB.Upload__OBJECT_DATALOG_CHANNEL()
2022_06_12 00:37:57   Completed ...
2022_06_12 00:37:57   Start : mRES__SEQ_IP.Upload__SEQ_INFO()
2022_06_12 00:37:57   Completed ...
2022_06_12 00:37:57   Start : mRES__CFG_PAGE.Upload__PAGE_INFO()
2022_06_12 00:37:57   Completed ...
2022_06_12 00:37:57   Start : mRES__OBJECT_DB.Initialize__OBJECT()
2022_06_12 00:37:57   Completed ...
2022_06_12 00:37:57   Start : mRES__OBJECT_DB.Analysis__OBJ_LIST()
2022_06_12 00:37:57   Completed ...
2022_06_12 00:37:57   Start : mRES__OBJECT_PROPERTY.Check_ERROR__OBJ_PROPERTY()
2022_06_12 00:37:57   Completed ...
2022_06_12 00:37:57   Start : mRES__ALARM_DB.Change__DB()
2022_06_12 00:37:58   Completed ...
2022_06_12 00:37:58   Start : mRES__OBJECT_DB.Initialize__PROC()
2022_06_12 00:37:58   Completed ...
2022_06_12 00:37:58   Start : mUserID_CTRL.Upload()
2022_06_12 00:37:58   Completed ...
2022_06_12 00:37:58   Start : mRES__OBJECT_DB.Report__MODULE_INFO()
2022_06_12 00:37:58   Completed ...
2022_06_12 00:37:58   Start : net_ctrl->Start__NET()
2022_06_12 00:37:59   Completed ...
2022_06_12 00:37:59   Start : mRES__FA.Start__FA()
2022_06_12 00:37:59   Completed ...
2022_06_12 00:37:59   Start : mRES__OBJECT_DB.Start__OBJECT()
2022_06_12 00:37:59   Completed ...
