
<<<----  [OUT]
2021/11/19 20:54:16:980

---------------------------------------------------------------------
// FA : Start Log ...


<<<----  [OUT]
2021/11/19 20:54:16:989

//-------------------------------------------------------------
Property Information

   Driver Type [HSMS]
   Driver Mode [ACTIVE]
   IP    [192.168.100.113]
   Port  [5000]
//-------------------------------------------------------------


<<<----  [OUT]
2021/11/19 20:54:17:591

Auto-Start Started ... (Active)

<<<----  [OUT]
2021/11/19 20:54:17:682

Auto-Start Started ...  Waiting Stop-Connection.

<<<----  [OUT]
2021/11/19 20:54:17:682

Auto-Start Started ...  Waiting Open-Socket.

<<<----  [OUT]
2021/11/19 20:54:17:704

Socket Open Started...

<<<----  [OUT]
2021/11/19 20:54:17:704

Socket Open Completed...

<<<----  [OUT]
2021/11/19 20:54:17:704

Connecting Started...

<<<----  [OUT]
2021/11/19 20:54:17:772

Auto-Start Completed ...  (Active)
