
<<<----  [OUT]
2020/08/25 09:00:05:634
Linktest.req
00 00 00 0A FF FF 00 00 00 05 00 00 00 50 

---->>>  [IN ]
2020/08/25 09:00:05:635
Linktest.rsp
00 00 00 0A FF FF 00 00 00 06 00 00 00 50 

<<<----  [OUT]
2020/08/25 09:00:15:651
Linktest.req
00 00 00 0A FF FF 00 00 00 05 00 00 00 51 

---->>>  [IN ]
2020/08/25 09:00:15:652
Linktest.rsp
00 00 00 0A FF FF 00 00 00 06 00 00 00 51 

<<<----  [OUT]
2020/08/25 09:00:25:665
Linktest.req
00 00 00 0A FF FF 00 00 00 05 00 00 00 52 

---->>>  [IN ]
2020/08/25 09:00:25:666
Linktest.rsp
00 00 00 0A FF FF 00 00 00 06 00 00 00 52 

<<<----  [OUT]
2020/08/25 09:00:35:683
Linktest.req
00 00 00 0A FF FF 00 00 00 05 00 00 00 53 

---->>>  [IN ]
2020/08/25 09:00:35:684
Linktest.rsp
00 00 00 0A FF FF 00 00 00 06 00 00 00 53 

<<<----  [OUT]
2020/08/25 09:00:45:700
Linktest.req
00 00 00 0A FF FF 00 00 00 05 00 00 00 54 

---->>>  [IN ]
2020/08/25 09:00:45:701
Linktest.rsp
00 00 00 0A FF FF 00 00 00 06 00 00 00 54 

---->>>  [IN ]
2020/08/25 09:00:54:161
Linktest.req
00 00 00 0A FF FF 00 00 00 05 80 00 04 4F 

<<<----  [OUT]
2020/08/25 09:00:54:161
Linktest.rsp
00 00 00 0A FF FF 00 00 00 06 80 00 04 4F 

<<<----  [OUT]
2020/08/25 09:00:55:717
Linktest.req
00 00 00 0A FF FF 00 00 00 05 00 00 00 55 

---->>>  [IN ]
2020/08/25 09:00:55:718
Linktest.rsp
00 00 00 0A FF FF 00 00 00 06 00 00 00 55 

<<<----  [OUT]
2020/08/25 09:01:05:733
Linktest.req
00 00 00 0A FF FF 00 00 00 05 00 00 00 56 

---->>>  [IN ]
2020/08/25 09:01:05:740
Linktest.rsp
00 00 00 0A FF FF 00 00 00 06 00 00 00 56 

<<<----  [OUT]
2020/08/25 09:01:15:756
Linktest.req
00 00 00 0A FF FF 00 00 00 05 00 00 00 57 

---->>>  [IN ]
2020/08/25 09:01:15:761
Linktest.rsp
00 00 00 0A FF FF 00 00 00 06 00 00 00 57 

<<<----  [OUT]
2020/08/25 09:01:25:774
Linktest.req
00 00 00 0A FF FF 00 00 00 05 00 00 00 58 

---->>>  [IN ]
2020/08/25 09:01:25:781
Linktest.rsp
00 00 00 0A FF FF 00 00 00 06 00 00 00 58 

<<<----  [OUT]
2020/08/25 09:01:35:794
Linktest.req
00 00 00 0A FF FF 00 00 00 05 00 00 00 59 

---->>>  [IN ]
2020/08/25 09:01:35:798
Linktest.rsp
00 00 00 0A FF FF 00 00 00 06 00 00 00 59 

<<<----  [OUT]
2020/08/25 09:01:45:809
Linktest.req
00 00 00 0A FF FF 00 00 00 05 00 00 00 5A 

---->>>  [IN ]
2020/08/25 09:01:45:810
Linktest.rsp
00 00 00 0A FF FF 00 00 00 06 00 00 00 5A 

<<<----  [OUT]
2020/08/25 09:01:52:971
S1F1  [0][1][91] [Msg Size : 14]

00 00 00 0A 00 00 81 01 00 00 00 00 00 5B 

---->>>  [IN ]
2020/08/25 09:01:53:055
S1F2  [0][-1][91]
	1.<L,  0   [-1]

00 00 00 0C 00 00 01 02 00 00 00 00 00 5B 01 00 

<<<----  [OUT]
2020/08/25 09:01:53:112

Set_Line_Status() : [1] -> [3]

<<<----  [OUT]
2020/08/25 09:01:53:114
S6F11  [0][1][92] [Msg Size : 30]
	1.<L	3
		1.<U4[1]	"1"
		2.<U4[1]	"3"		[CEID]
		3.<L	0		[LIST_LIMIT]

00 00 00 1A 00 00 86 0B 00 00 00 00 00 5C 01 03 B1 04 00 00 00 01 B1 04 00 00 00 03 01 00 

---->>>  [IN ]
2020/08/25 09:01:53:222
S6F12  [0][-1][92]
	1.<B[1]   "00"   [-1]

00 00 00 0D 00 00 06 0C 00 00 00 00 00 5C 21 01 00 

---->>>  [IN ]
2020/08/25 09:01:54:161
Linktest.req
00 00 00 0A FF FF 00 00 00 05 80 00 04 50 

<<<----  [OUT]
2020/08/25 09:01:54:161
Linktest.rsp
00 00 00 0A FF FF 00 00 00 06 80 00 04 50 

<<<----  [OUT]
2020/08/25 09:01:55:432
S6F11  [0][1][93] [Msg Size : 30]
	1.<L	3
		1.<U4[1]	"1"
		2.<U4[1]	"1"		[CEID]
		3.<L	0		[LIST_LIMIT]

00 00 00 1A 00 00 86 0B 00 00 00 00 00 5D 01 03 B1 04 00 00 00 01 B1 04 00 00 00 01 01 00 

---->>>  [IN ]
2020/08/25 09:01:55:544
S6F12  [0][-1][93]
	1.<B[1]   "00"   [-1]

00 00 00 0D 00 00 06 0C 00 00 00 00 00 5D 21 01 00 

<<<----  [OUT]
2020/08/25 09:01:55:546

Set_Line_Status() : [3] -> [1]

<<<----  [OUT]
2020/08/25 09:01:55:820
Linktest.req
00 00 00 0A FF FF 00 00 00 05 00 00 00 5E 

---->>>  [IN ]
2020/08/25 09:01:55:821
Linktest.rsp
00 00 00 0A FF FF 00 00 00 06 00 00 00 5E 

<<<----  [OUT]
2020/08/25 09:02:05:830
Linktest.req
00 00 00 0A FF FF 00 00 00 05 00 00 00 5F 

---->>>  [IN ]
2020/08/25 09:02:05:835
Linktest.rsp
00 00 00 0A FF FF 00 00 00 06 00 00 00 5F 

<<<----  [OUT]
2020/08/25 09:02:15:847
Linktest.req
00 00 00 0A FF FF 00 00 00 05 00 00 00 60 

---->>>  [IN ]
2020/08/25 09:02:15:852
Linktest.rsp
00 00 00 0A FF FF 00 00 00 06 00 00 00 60 

<<<----  [OUT]
2020/08/25 09:02:25:869
Linktest.req
00 00 00 0A FF FF 00 00 00 05 00 00 00 61 

---->>>  [IN ]
2020/08/25 09:02:25:874
Linktest.rsp
00 00 00 0A FF FF 00 00 00 06 00 00 00 61 

<<<----  [OUT]
2020/08/25 09:02:35:891
Linktest.req
00 00 00 0A FF FF 00 00 00 05 00 00 00 62 

---->>>  [IN ]
2020/08/25 09:02:35:896
Linktest.rsp
00 00 00 0A FF FF 00 00 00 06 00 00 00 62 

<<<----  [OUT]
2020/08/25 09:02:45:885
Linktest.req
00 00 00 0A FF FF 00 00 00 05 00 00 00 63 

---->>>  [IN ]
2020/08/25 09:02:45:890
Linktest.rsp
00 00 00 0A FF FF 00 00 00 06 00 00 00 63 

---->>>  [IN ]
2020/08/25 09:02:54:163
Linktest.req
00 00 00 0A FF FF 00 00 00 05 80 00 04 51 

<<<----  [OUT]
2020/08/25 09:02:54:163
Linktest.rsp
00 00 00 0A FF FF 00 00 00 06 80 00 04 51 

<<<----  [OUT]
2020/08/25 09:02:55:905
Linktest.req
00 00 00 0A FF FF 00 00 00 05 00 00 00 64 

---->>>  [IN ]
2020/08/25 09:02:55:910
Linktest.rsp
00 00 00 0A FF FF 00 00 00 06 00 00 00 64 

<<<----  [OUT]
2020/08/25 09:03:05:927
Linktest.req
00 00 00 0A FF FF 00 00 00 05 00 00 00 65 

---->>>  [IN ]
2020/08/25 09:03:05:934
Linktest.rsp
00 00 00 0A FF FF 00 00 00 06 00 00 00 65 

<<<----  [OUT]
2020/08/25 09:03:15:949
Linktest.req
00 00 00 0A FF FF 00 00 00 05 00 00 00 66 

---->>>  [IN ]
2020/08/25 09:03:15:954
Linktest.rsp
00 00 00 0A FF FF 00 00 00 06 00 00 00 66 

<<<----  [OUT]
2020/08/25 09:03:25:969
Linktest.req
00 00 00 0A FF FF 00 00 00 05 00 00 00 67 

---->>>  [IN ]
2020/08/25 09:03:25:974
Linktest.rsp
00 00 00 0A FF FF 00 00 00 06 00 00 00 67 

<<<----  [OUT]
2020/08/25 09:03:35:989
Linktest.req
00 00 00 0A FF FF 00 00 00 05 00 00 00 68 

---->>>  [IN ]
2020/08/25 09:03:35:990
Linktest.rsp
00 00 00 0A FF FF 00 00 00 06 00 00 00 68 

<<<----  [OUT]
2020/08/25 09:03:45:977
Linktest.req
00 00 00 0A FF FF 00 00 00 05 00 00 00 69 

---->>>  [IN ]
2020/08/25 09:03:45:978
Linktest.rsp
00 00 00 0A FF FF 00 00 00 06 00 00 00 69 

---->>>  [IN ]
2020/08/25 09:03:54:164
Linktest.req
00 00 00 0A FF FF 00 00 00 05 80 00 04 52 

<<<----  [OUT]
2020/08/25 09:03:54:164
Linktest.rsp
00 00 00 0A FF FF 00 00 00 06 80 00 04 52 

<<<----  [OUT]
2020/08/25 09:03:55:994
Linktest.req
00 00 00 0A FF FF 00 00 00 05 00 00 00 6A 

---->>>  [IN ]
2020/08/25 09:03:55:999
Linktest.rsp
00 00 00 0A FF FF 00 00 00 06 00 00 00 6A 

<<<----  [OUT]
2020/08/25 09:04:06:015
Linktest.req
00 00 00 0A FF FF 00 00 00 05 00 00 00 6B 

---->>>  [IN ]
2020/08/25 09:04:06:022
Linktest.rsp
00 00 00 0A FF FF 00 00 00 06 00 00 00 6B 

<<<----  [OUT]
2020/08/25 09:04:16:042
Linktest.req
00 00 00 0A FF FF 00 00 00 05 00 00 00 6C 

---->>>  [IN ]
2020/08/25 09:04:16:050
Linktest.rsp
00 00 00 0A FF FF 00 00 00 06 00 00 00 6C 

<<<----  [OUT]
2020/08/25 09:04:26:068
Linktest.req
00 00 00 0A FF FF 00 00 00 05 00 00 00 6D 

---->>>  [IN ]
2020/08/25 09:04:26:077
Linktest.rsp
00 00 00 0A FF FF 00 00 00 06 00 00 00 6D 

<<<----  [OUT]
2020/08/25 09:04:36:095
Linktest.req
00 00 00 0A FF FF 00 00 00 05 00 00 00 6E 

---->>>  [IN ]
2020/08/25 09:04:36:100
Linktest.rsp
00 00 00 0A FF FF 00 00 00 06 00 00 00 6E 

<<<----  [OUT]
2020/08/25 09:04:46:120
Linktest.req
00 00 00 0A FF FF 00 00 00 05 00 00 00 6F 

---->>>  [IN ]
2020/08/25 09:04:46:127
Linktest.rsp
00 00 00 0A FF FF 00 00 00 06 00 00 00 6F 

---->>>  [IN ]
2020/08/25 09:04:54:167
Linktest.req
00 00 00 0A FF FF 00 00 00 05 80 00 04 53 

<<<----  [OUT]
2020/08/25 09:04:54:167
Linktest.rsp
00 00 00 0A FF FF 00 00 00 06 80 00 04 53 

<<<----  [OUT]
2020/08/25 09:04:56:142
Linktest.req
00 00 00 0A FF FF 00 00 00 05 00 00 00 70 

---->>>  [IN ]
2020/08/25 09:04:56:147
Linktest.rsp
00 00 00 0A FF FF 00 00 00 06 00 00 00 70 

<<<----  [OUT]
2020/08/25 09:05:06:166
Linktest.req
00 00 00 0A FF FF 00 00 00 05 00 00 00 71 

---->>>  [IN ]
2020/08/25 09:05:06:171
Linktest.rsp
00 00 00 0A FF FF 00 00 00 06 00 00 00 71 

<<<----  [OUT]
2020/08/25 09:05:16:190
Linktest.req
00 00 00 0A FF FF 00 00 00 05 00 00 00 72 

---->>>  [IN ]
2020/08/25 09:05:16:197
Linktest.rsp
00 00 00 0A FF FF 00 00 00 06 00 00 00 72 

<<<----  [OUT]
2020/08/25 09:05:26:212
Linktest.req
00 00 00 0A FF FF 00 00 00 05 00 00 00 73 

---->>>  [IN ]
2020/08/25 09:05:26:220
Linktest.rsp
00 00 00 0A FF FF 00 00 00 06 00 00 00 73 

<<<----  [OUT]
2020/08/25 09:05:36:233
Linktest.req
00 00 00 0A FF FF 00 00 00 05 00 00 00 74 

---->>>  [IN ]
2020/08/25 09:05:36:238
Linktest.rsp
00 00 00 0A FF FF 00 00 00 06 00 00 00 74 

<<<----  [OUT]
2020/08/25 09:05:46:256
Linktest.req
00 00 00 0A FF FF 00 00 00 05 00 00 00 75 

---->>>  [IN ]
2020/08/25 09:05:46:257
Linktest.rsp
00 00 00 0A FF FF 00 00 00 06 00 00 00 75 

---->>>  [IN ]
2020/08/25 09:05:54:171
Linktest.req
00 00 00 0A FF FF 00 00 00 05 80 00 04 54 

<<<----  [OUT]
2020/08/25 09:05:54:171
Linktest.rsp
00 00 00 0A FF FF 00 00 00 06 80 00 04 54 

<<<----  [OUT]
2020/08/25 09:05:56:275
Linktest.req
00 00 00 0A FF FF 00 00 00 05 00 00 00 76 

---->>>  [IN ]
2020/08/25 09:05:56:280
Linktest.rsp
00 00 00 0A FF FF 00 00 00 06 00 00 00 76 

<<<----  [OUT]
2020/08/25 09:06:06:291
Linktest.req
00 00 00 0A FF FF 00 00 00 05 00 00 00 77 

---->>>  [IN ]
2020/08/25 09:06:06:298
Linktest.rsp
00 00 00 0A FF FF 00 00 00 06 00 00 00 77 
