00)   IO+di.Fan1.Alarm.TopLID
01)   IO+di.Fan2.Alarm.Filter
02)   IO+di.Fan3.Alarm.CBox
03)   IO+di.PMC.Box.Door.Sns
04)   IO+di.Heater.MC.SH
05)   IO+di.Heater.MC.Wall
06)   IO+di.Heater.Over.SH
07)   IO+di.Heater.Over.Wall
08)   IO+di.CHM.LID.Close.Sns
09)   IO+di.CDA.Pressure.SW
10)   IO+di.Matcher.Top.Interlock
11)   IO+di.Matcher.Bottom.Interlock
12)   IO+di.Pin.Up
13)   IO+di.Pin.Middle
14)   IO+di.Pin.Down
15)   IO+di.CHM.VAC.Sns
16)   IO+di.CHM.ATM.Sns
17)   IO+di.CM2.Trip.500_mtorr
18)   IO+di.CM2.Trip.400_mtorr
19)   IO+di.CM3.Trip.2_torr
20)   IO+di.PG1.He.Pressure
21)   IO+di.PG2.N2.Pressure
22)   IO+di.GasBox.Door.Sns
23)   IO+di.GasBox.Smoke.Sns
24)   IO+di.GasBox.Diff_Pressure
25)   IO+di.GasBox.Fire.Sns
26)   IO+di.GasBox.Reg.Door.Sns
27)   IO+di.GasBox.Interlock.NH3
28)   IO+di.PM.Slot.Valve.Close
29)   IO+di.PM.Robot.Retract.Sns
