00)   IO+do.GAS1.Primary.V10
01)   IO+do.GAS1.Purge.V11
02)   IO+do.GAS2.Primary.V20
03)   IO+do.GAS2.Purge.V21
04)   IO+do.GAS3.Primary.V30
05)   IO+do.GAS3.Purge.V31
06)   IO+do.GAS4.Primary.V40
07)   IO+do.GAS4.Purge.V41
08)   IO+do.GAS5.Primary.V50
09)   IO+do.GAS5.Purge.V51
10)   IO+do.GAS6.Primary.V60
11)   IO+do.GAS6.Purge.V61
12)   IO+do.GAS7.Primary.V70
13)   IO+do.GAS7.Purge.V71
14)   IO+do.GAS8.Primary.V80
15)   IO+do.GAS8.Purge.V81
16)   IO+do.GAS9.Primary.V90
17)   IO+do.GAS9.Purge.V91
18)   IO+do.GAS10.Primary.V100
19)   IO+do.GAS10.Purge.V101
20)   IO+do.GAS11.Primary.V110
21)   IO+do.GAS11.Purge.V111
22)   IO+do.GAS12.Primary.V120
23)   IO+do.GAS12.Purge.V121
