

//--------------------------------------------------------
// START

2022_01_28 16:16:24   System_Init() Start ...
 
2022_01_28 16:16:24   Directory Initialized ... 
2022_01_28 16:16:24   Unload System Info ... 
2022_01_28 16:16:24   Alarm Datalog : Start Program ... 
2022_01_28 16:16:24   Upload Sct List ... 
2022_01_28 16:16:24   PartI & PartII System Init ... 
2022_01_28 16:16:24   Alarm : Create Win & Show Win ... 
 
2022_01_28 16:16:24   Start : Create__Win_List 
2022_01_28 16:16:24   Create_Win() : EqpID0 <- Total_Page (0) 
2022_01_28 16:16:24   Create_Win() : EqpID1 <- Total_Page (50) 
2022_01_28 16:16:25   Create_Win() : EqpID2 <- Total_Page (0) 
2022_01_28 16:16:25   Create_Win() : EqpID3 <- Total_Page (0) 
2022_01_28 16:16:25   Create_Win() : EqpID4 <- Total_Page (0) 
2022_01_28 16:16:25   Create_Win() : EqpID5 <- Total_Page (0) 
2022_01_28 16:16:25   Create_Win() : EqpID6 <- Total_Page (0) 
2022_01_28 16:16:25   Create_Win() : EqpID7 <- Total_Page (0) 
2022_01_28 16:16:25   End : Create__Win_List 
 
2022_01_28 16:16:25   System_Init() Completed ...
 
2022_01_28 16:16:25   Proc__SYSTEM_INIT() : Start ... 
2022_01_28 16:16:25    * Module_ID(0) : Total_Page(0) 
2022_01_28 16:16:39    * Module_ID(1) : Total_Page(50) 
2022_01_28 16:16:39    * Module_ID(2) : Total_Page(0) 
2022_01_28 16:16:39    * Module_ID(3) : Total_Page(0) 
2022_01_28 16:16:40    * Module_ID(4) : Total_Page(0) 
2022_01_28 16:16:40    * Module_ID(5) : Total_Page(0) 
2022_01_28 16:16:40    * Module_ID(6) : Total_Page(0) 
2022_01_28 16:16:40    * Module_ID(7) : Total_Page(0) 
2022_01_28 16:16:40   Proc__SYSTEM_INIT() : End ... 
 
2022_01_28 16:16:40   Init_Screen() : Started (1) ... 
2022_01_28 16:16:42   Init_Screen() : Started (2) ... 
2022_01_28 16:16:42   Init_Screen() : Started (3) ... 
2022_01_28 16:16:42   
SUI__MODULE_CTRL::Init_Screen() 
   Device_Name : DEMO, EqpID : 1 
   Single_Local EQP_ID : 1 

 
2022_01_28 16:16:42   Init_Screen() : Started (4) ... 
2022_01_28 16:16:42   Init_Screen() : Started (5) ... 
2022_01_28 16:16:42   Init_Screen() : Started (6) ... 
2022_01_28 16:16:42   Init_Screen() : Started (7) ... 
2022_01_28 16:16:42   Init_Screen() : Started (8) ... 
2022_01_28 16:16:42   Init_Screen() : Completed ... 
