

//--------------------------------------------------------
// START

2021_12_23 15:19:55   Start : mRES__OBJECT_PROPERTY.Upload__OBJ_PROPERTY()
2021_12_23 15:19:55   Completed ...
2021_12_23 15:19:55   Start : mMNG__ALARM_DB.Upload__DB()
2021_12_23 15:19:55   Completed ...
2021_12_23 15:19:55   Start : mMNG_FILE.Upload__OBJECT_LIST()
2021_12_23 15:19:55   Completed ...
2021_12_23 15:19:55   Start : mRES__OBJECT_LIST.Start__OBJECT_LIST()
2021_12_23 15:19:55   Completed ...
2021_12_23 15:19:55   Start : mRES__OBJECT_LIST.Initialize__OBJECT_LIST()
2021_12_23 15:19:55   STD Object : (__EQP) Started ...
2021_12_23 15:19:55   STD Object : (__EQP) Completed ...
2021_12_23 15:19:55   STD Object : (__SYS) Started ...
2021_12_23 15:19:55   STD Object : (__SYS) Completed ...
2021_12_23 15:19:55   STD Object : (DB_CFG) Started ...
2021_12_23 15:19:55   STD Object : (DB_CFG) Completed ...
2021_12_23 15:19:55   STD Object : (DB_GUI) Started ...
2021_12_23 15:19:55   STD Object : (DB_GUI) Completed ...
2021_12_23 15:19:55   STD Object : (FA_APP_CTRL) Started ...
2021_12_23 15:19:55   STD Object : (FA_APP_CTRL) Completed ...
2021_12_23 15:19:55   STD Object : (FNC_ATM_ROBOT) Started ...
2021_12_23 15:19:55   STD Object : (FNC_ATM_ROBOT) Completed ...
2021_12_23 15:19:55   STD Object : (FNC_PMC_SYS) Started ...
2021_12_23 15:19:55   STD Object : (FNC_PMC_SYS) Completed ...
2021_12_23 15:19:55   STD Object : (FNC_TMC_SYS) Started ...
2021_12_23 15:19:55   STD Object : (FNC_TMC_SYS) Completed ...
2021_12_23 15:19:55   STD Object : (FNC_VAC_ROBOT) Started ...
2021_12_23 15:19:55   STD Object : (FNC_VAC_ROBOT) Completed ...
2021_12_23 15:19:55   STD Object : (MNG_ALARM_CTRL) Started ...
2021_12_23 15:19:55   STD Object : (MNG_ALARM_CTRL) Completed ...
2021_12_23 15:19:55   STD Object : (MNG_SIGNAL_TOWER) Started ...
2021_12_23 15:19:55   STD Object : (MNG_SIGNAL_TOWER) Completed ...
2021_12_23 15:19:55   STD Object : (MNG_SYSTEM_INFO) Started ...
2021_12_23 15:19:55   STD Object : (MNG_SYSTEM_INFO) Completed ...
2021_12_23 15:19:55   STD Object : (OPR_CTC_MODE) Started ...
2021_12_23 15:19:55   STD Object : (OPR_CTC_MODE) Completed ...
2021_12_23 15:19:55   STD Object : (OPR_MAINT) Started ...
2021_12_23 15:19:55   STD Object : (OPR_MAINT) Completed ...
2021_12_23 15:19:55   STD Object : (OPR_PART) Started ...
2021_12_23 15:19:55   STD Object : (OPR_PART) Completed ...
2021_12_23 15:19:55   STD Object : (OPR_TIMER) Started ...
2021_12_23 15:19:55   STD Object : (OPR_TIMER) Completed ...
2021_12_23 15:19:55   STD Object : (PHY_AL1) Started ...
2021_12_23 15:19:55   STD Object : (PHY_AL1) Completed ...
2021_12_23 15:19:55   STD Object : (PHY_ATM_ROBOT) Started ...
2021_12_23 15:19:55   STD Object : (PHY_ATM_ROBOT) Completed ...
2021_12_23 15:19:55   STD Object : (PHY_BFF1) Started ...
2021_12_23 15:19:55   STD Object : (PHY_BFF1) Completed ...
2021_12_23 15:19:55   STD Object : (PHY_BFF2) Started ...
2021_12_23 15:19:55   STD Object : (PHY_BFF2) Completed ...
2021_12_23 15:19:55   STD Object : (PHY_LBA) Started ...
2021_12_23 15:19:55   STD Object : (PHY_LBA) Completed ...
2021_12_23 15:19:55   STD Object : (PHY_LBB) Started ...
2021_12_23 15:19:55   STD Object : (PHY_LBB) Completed ...
2021_12_23 15:19:55   STD Object : (PHY_LP1) Started ...
2021_12_23 15:19:55   STD Object : (PHY_LP1) Completed ...
2021_12_23 15:19:55   STD Object : (PHY_LP2) Started ...
2021_12_23 15:19:55   STD Object : (PHY_LP2) Completed ...
2021_12_23 15:19:55   STD Object : (PHY_LP3) Started ...
2021_12_23 15:19:55   STD Object : (PHY_LP3) Completed ...
2021_12_23 15:19:55   STD Object : (PHY_PM1) Started ...
2021_12_23 15:19:55   STD Object : (PHY_PM1) Completed ...
2021_12_23 15:19:55   STD Object : (PHY_PM2) Started ...
2021_12_23 15:19:55   STD Object : (PHY_PM2) Completed ...
2021_12_23 15:19:55   STD Object : (PHY_PM3) Started ...
2021_12_23 15:19:55   STD Object : (PHY_PM3) Completed ...
2021_12_23 15:19:55   STD Object : (PHY_PM4) Started ...
2021_12_23 15:19:55   STD Object : (PHY_PM4) Completed ...
2021_12_23 15:19:55   STD Object : (PHY_TMC_CHM) Started ...
2021_12_23 15:19:55   STD Object : (PHY_TMC_CHM) Completed ...
2021_12_23 15:19:55   STD Object : (PHY_TMC_SYS) Started ...
2021_12_23 15:19:55   STD Object : (PHY_TMC_SYS) Completed ...
2021_12_23 15:19:55   STD Object : (PHY_VAC_ROBOT) Started ...
2021_12_23 15:19:55   STD Object : (PHY_VAC_ROBOT) Completed ...
2021_12_23 15:19:55   STD Object : (UTILITY__LOG_SIM_CTRL) Started ...
2021_12_23 15:19:55   STD Object : (UTILITY__LOG_SIM_CTRL) Completed ...
2021_12_23 15:19:55   Link Object : (LINK_CTC) Started ...
2021_12_23 15:19:55   Link Object : (LINK_CTC) Completed ...
2021_12_23 15:19:55   Link Object : (LINK_PM1_LOG) Started ...
2021_12_23 15:19:55   Link Object : (LINK_PM1_LOG) Completed ...
2021_12_23 15:19:55   Link Object : (LINK_PM2_LOG) Started ...
2021_12_23 15:19:55   Link Object : (LINK_PM2_LOG) Completed ...
2021_12_23 15:19:55   Link Object : (LINK_PM3_LOG) Started ...
2021_12_23 15:19:55   Link Object : (LINK_PM3_LOG) Completed ...
2021_12_23 15:19:55   Link Object : (LINK_PM4_LOG) Started ...
2021_12_23 15:19:55   Link Object : (LINK_PM4_LOG) Completed ...
2021_12_23 15:19:55   Link Object : (LINK_TMC_LOG) Started ...
2021_12_23 15:19:55   Link Object : (LINK_TMC_LOG) Completed ...
2021_12_23 15:19:55   FA Object : (FA_DRV) Started ...
2021_12_23 15:19:55   FA Object : (FA_DRV) Completed ...
2021_12_23 15:19:55   Completed ...
2021_12_23 15:19:55   Start : mMNG__ALARM_DB.Upload__LEVEL()
2021_12_23 15:19:55   Completed ...
2021_12_23 15:19:55   Start : mRES__OBJECT_DB.Upload__LOOKUP_TABLE()
2021_12_23 15:19:55   Completed ...
2021_12_23 15:19:55   Start : mRES__OBJECT_DB.Upload__OBJECT_OPTION()
2021_12_23 15:19:56   Completed ...
2021_12_23 15:19:56   Start : mRES__OBJECT_PROPERTY.Init__OBJ_PROPERTY()
2021_12_23 15:19:56      Property_Info__Memory_Check : -1
2021_12_23 15:19:56   Completed ...
2021_12_23 15:19:56   Start : mRES__OBJECT_DB.Analysis__OBJ_MODULE()
2021_12_23 15:19:56   Completed ...
2021_12_23 15:19:56   Start : mRES__OBJECT_DB.Analysis__OBJ_VERSION()
2021_12_23 15:19:56   Completed ...
2021_12_23 15:19:56   Start : mRES__OBJECT_DB.Upload__OBJECT_DATALOG_CHANNEL()
2021_12_23 15:19:56   Completed ...
2021_12_23 15:19:56   Start : mRES__SEQ_IP.Upload__SEQ_INFO()
2021_12_23 15:19:56   Completed ...
2021_12_23 15:19:56   Start : mRES__CFG_PAGE.Upload__PAGE_INFO()
2021_12_23 15:19:56   Completed ...
2021_12_23 15:19:56   Start : mRES__OBJECT_DB.Initialize__OBJECT()
2021_12_23 15:19:57   Completed ...
2021_12_23 15:19:57   Start : mRES__OBJECT_DB.Analysis__OBJ_LIST()
2021_12_23 15:19:57   Completed ...
2021_12_23 15:19:57   Start : mRES__OBJECT_PROPERTY.Check_ERROR__OBJ_PROPERTY()
2021_12_23 15:19:57   Completed ...
2021_12_23 15:19:57   Start : mRES__ALARM_DB.Change__DB()
2021_12_23 15:19:57   Completed ...
2021_12_23 15:19:57   Start : mRES__OBJECT_DB.Initialize__PROC()
2021_12_23 15:19:57   Completed ...
2021_12_23 15:19:57   Start : mUserID_CTRL.Upload()
2021_12_23 15:19:57   Completed ...
2021_12_23 15:19:57   Start : mRES__OBJECT_DB.Report__MODULE_INFO()
2021_12_23 15:19:57   Completed ...
2021_12_23 15:19:57   Start : net_ctrl->Start__NET()
2021_12_23 15:19:58   Completed ...
2021_12_23 15:19:58   Start : mRES__FA.Start__FA()
2021_12_23 15:20:00   Completed ...
2021_12_23 15:20:00   Start : mRES__OBJECT_DB.Start__OBJECT()
2021_12_23 15:20:00   Completed ...
