
<<<----  [OUT]
2021/11/17 00:24:00:017

---------------------------------------------------------------------
// FA : Start Log ...


<<<----  [OUT]
2021/11/17 00:24:00:030

//-------------------------------------------------------------
Property Information

   Driver Type [HSMS]
   Driver Mode [ACTIVE]
   IP    [192.168.100.113]
   Port  [5000]
//-------------------------------------------------------------


<<<----  [OUT]
2021/11/17 00:24:00:631

Auto-Start Started ... (Active)

<<<----  [OUT]
2021/11/17 00:24:00:722

Auto-Start Started ...  Waiting Stop-Connection.

<<<----  [OUT]
2021/11/17 00:24:00:722

Auto-Start Started ...  Waiting Open-Socket.

<<<----  [OUT]
2021/11/17 00:24:00:744

Socket Open Started...

<<<----  [OUT]
2021/11/17 00:24:00:744

Socket Open Completed...

<<<----  [OUT]
2021/11/17 00:24:00:744

Connecting Started...

<<<----  [OUT]
2021/11/17 00:24:00:813

Auto-Start Completed ...  (Active)
