
<<<----  [OUT]
2020/08/15 12:44:30:750

---------------------------------------------------------------------
// FA : Start Log ...


<<<----  [OUT]
2020/08/15 12:44:30:754

//-------------------------------------------------------------
Property Information

   Driver Type [HSMS]
   Driver Mode [ACTIVE]
   IP    [192.168.100.113]
   Port  [5000]
//-------------------------------------------------------------


<<<----  [OUT]
2020/08/15 12:44:31:357

Auto-Start Started ... (Active)

<<<----  [OUT]
2020/08/15 12:44:31:448

Auto-Start Started ...  Waiting Stop-Connection.

<<<----  [OUT]
2020/08/15 12:44:31:448

Auto-Start Started ...  Waiting Open-Socket.

<<<----  [OUT]
2020/08/15 12:44:31:479

Socket Open Started...

<<<----  [OUT]
2020/08/15 12:44:31:479

Socket Open Completed...

<<<----  [OUT]
2020/08/15 12:44:31:479

Connecting Started...

<<<----  [OUT]
2020/08/15 12:44:31:538

Auto-Start Completed ...  (Active)
