
<<<----  [OUT]
2020/08/21 21:14:53:903

---------------------------------------------------------------------
// FA : Start Log ...


<<<----  [OUT]
2020/08/21 21:14:53:908

//-------------------------------------------------------------
Property Information

   Driver Type [HSMS]
   Driver Mode [ACTIVE]
   IP    [192.168.100.113]
   Port  [5000]
//-------------------------------------------------------------


<<<----  [OUT]
2020/08/21 21:14:54:509

Auto-Start Started ... (Active)

<<<----  [OUT]
2020/08/21 21:14:54:600

Auto-Start Started ...  Waiting Stop-Connection.

<<<----  [OUT]
2020/08/21 21:14:54:600

Auto-Start Started ...  Waiting Open-Socket.

<<<----  [OUT]
2020/08/21 21:14:54:629

Socket Open Started...

<<<----  [OUT]
2020/08/21 21:14:54:629

Socket Open Completed...

<<<----  [OUT]
2020/08/21 21:14:54:629

Connecting Started...

<<<----  [OUT]
2020/08/21 21:14:54:691

Auto-Start Completed ...  (Active)

<<<----  [OUT]
2020/08/21 21:14:56:798

I can't connect with the passive [192.168.100.113/5000] error_code:10061 !
