

2023/05/06 00:18:18:439
//   START   ------------------------------------------------------------------

2023/05/06 00:18:19:868   [SEQ_1][SET_DATA]
Page [TMC_CFG__ROBOT] 
  1) "DB_CFG+CFG.LP3.EXIST.FLAG" <-- "YES"
  2) "DB_CFG+CFG.AL1.EXIST.FLAG" <-- "YES"
  3) "PHY_IO__ATM_ROBOT+CFG.LP1.STN.NUM" <-- "C01"
  4) "PHY_IO__ATM_ROBOT+CFG.LP2.STN.NUM" <-- "C02"
  5) "PHY_IO__ATM_ROBOT+CFG.LP3.STN.NUM" <-- "C03"
  6) "DB_CFG+CFG.LBA.EXIST.FLAG" <-- "YES"
  7) "DB_CFG+CFG.LBB.EXIST.FLAG" <-- "YES"
  8) "PHY_IO__ATM_ROBOT+CFG.LBA.STN.NUM" <-- "C05"
  9) "PHY_IO__ATM_ROBOT+CFG.LBB.STN.NUM" <-- "C06"
  10) "PHY_IO__ATM_ROBOT+CFG.AL1.STN.NUM" <-- "P01"
  11) "PHY_IO__VAC_ROBOT+OTR.IN.CFG.aPM3.STN.NUM" <-- "7"
  12) "DB_CFG+CFG.PM4.EXIST.FLAG" <-- "YES"
  13) "DB_CFG+CFG.PM3.EXIST.FLAG" <-- "YES"
  14) "PHY_IO__VAC_ROBOT+OTR.IN.CFG.aPM2.STN.NUM" <-- "6"
  15) "PHY_IO__VAC_ROBOT+OTR.IN.CFG.aPM1.STN.NUM" <-- "5"
  16) "PHY_IO__VAC_ROBOT+OTR.IN.CFG.aLBA.STN.NUM" <-- "1"
  17) "DB_CFG+CFG.PM2.EXIST.FLAG" <-- "YES"
  18) "DB_CFG+CFG.PM1.EXIST.FLAG" <-- "YES"
  19) "PHY__LP1+CFG.RF.EXIST.FLAG" <-- "YES"
  20) "PHY__LP2+CFG.RF.EXIST.FLAG" <-- "YES"
  21) "PHY__LP3+CFG.RF.EXIST.FLAG" <-- "YES"
  22) "DB_CFG+CFG.LP1.EXIST.FLAG" <-- "YES"
  23) "DB_CFG+CFG.LP2.EXIST.FLAG" <-- "YES"
  24) "PHY_IO__VAC_ROBOT+OTR.IN.CFG.aLBB.STN.NUM" <-- "2"
  25) "PHY_IO__VAC_ROBOT+OTR.IN.CFG.aPM4.STN.NUM" <-- "8"
  26) "PHY_IO__ATM_ROBOT+CFG.ST1.STN.NUM" <-- "C08"
  27) "DB_CFG+CFG.BUFF1.EXIST.FLAG" <-- "YES"
  28) "PHY_IO__VAC_ROBOT+OTR.IN.CFG.VACRB.CPTR.SNS.PM4.NUM" <-- "8"
  29) "PHY_IO__VAC_ROBOT+OTR.IN.CFG.VACRB.CPTR.SNS.PM3.NUM" <-- "7"
  30) "PHY_IO__VAC_ROBOT+OTR.IN.CFG.VACRB.CPTR.SNS.PM2.NUM" <-- "6"
  31) "PHY_IO__VAC_ROBOT+OTR.IN.CFG.VACRB.CPTR.SNS.PM1.NUM" <-- "5"
  32) "PHY_IO__VAC_ROBOT+OTR.IN.CFG.aCPTR.SNS.LL2.NUM" <-- "2"
  33) "PHY_IO__VAC_ROBOT+OTR.IN.CFG.aCPTR.SNS.LL1.NUM" <-- "1"
  34) "PHY_RS232__RF3+CFG.dTAG.READ.ID.INSTALLED" <-- "TRUE"
  35) "PHY_RS232__RF2+CFG.dTAG.READ.ID.INSTALLED" <-- "TRUE"
  36) "PHY_RS232__RF1+CFG.dTAG.READ.ID.INSTALLED" <-- "TRUE"

2023/05/06 00:18:19:878   [SEQ_1][SET_DATA]
Page [TMC_CFG__PRESSURE] 
  1) "PHY__TMC_CHM+OTR.IN.CFG.aATM.PRESSURE.TORR" <-- "740"
  2) "PHY__TMC_CHM+OTR.IN.CFG.aFAST.VENT.TIMEOUT" <-- "180"
  3) "PHY__LBA+OTR.IN.CFG.aSOFT.PUMP.TIMEOUT" <-- "60"
  4) "PHY__LBA+OTR.IN.CFG.aVAC.PRESSURE.TORR" <-- "0.100"
  5) "PHY__LBA+OTR.IN.CFG.aFAST.PUMP.TIMEOUT" <-- "60"
  6) "PHY__LBA+OTR.IN.CFG.aATM.PRESSURE.TORR" <-- "740"
  7) "PHY__LBA+OTR.IN.CFG.aFAST.VENT.TIMEOUT" <-- "60"
  8) "PHY__LBA+OTR.IN.CFG.aFAST.PUMP.PRESSURE.TORR" <-- "6"
  9) "PHY__LBB+OTR.IN.CFG.aFAST.PUMP.PRESSURE.TORR" <-- "6"
  10) "PHY__LBB+OTR.IN.CFG.aSOFT.PUMP.TIMEOUT" <-- "60"
  11) "PHY__LBB+OTR.IN.CFG.aVAC.PRESSURE.TORR" <-- "0.100"
  12) "PHY__LBB+OTR.IN.CFG.aFAST.PUMP.TIMEOUT" <-- "60"
  13) "PHY__LBB+OTR.IN.CFG.aATM.PRESSURE.TORR" <-- "740"
  14) "PHY__LBB+OTR.IN.CFG.aFAST.VENT.TIMEOUT" <-- "60"
  15) "PHY__LBB+OTR.IN.CFG.aOVER.VENT.TIME" <-- "2"
  16) "PHY__LBA+OTR.IN.CFG.aOVER.VENT.TIME" <-- "2"
  17) "PHY__LBB+OTR.IN.CFG.aSOFT.PUMP.COMPLETE.STABLE.TIME" <-- "3"
  18) "PHY__LBA+OTR.IN.CFG.aSOFT.PUMP.COMPLETE.STABLE.TIME" <-- "3"
  19) "PHY__TMC_CHM+OTR.IN.CFG.aOVER.VENT.TIME" <-- "2"
  20) "PHY__TMC_CHM+OTR.IN.CFG.aSOFT.PUMP.DELAY.TIME" <-- "0.0"
  21) "PHY__TMC_CHM+OTR.IN.CFG.aSOFT.VENT.DELAY.TIME" <-- "0.0"
  22) "PHY__TMC_CHM+OTR.IN.CFG.aVALVE.CLOSE.DELAY.TIME" <-- "1.0"
  23) "PHY__LBA+OTR.IN.CFG.aSOFT.PUMP.DELAY.TIME" <-- "0.0"
  24) "PHY__LBA+OTR.IN.CFG.aSOFT.VENT.DELAY.TIME" <-- "0.0"
  25) "PHY__LBA+CFG.PUMP.VALVE.CLOSE.DELAY.TIME" <-- "1.0"
  26) "PHY__LBB+OTR.IN.CFG.aSOFT.PUMP.DELAY.TIME" <-- "0.0"
  27) "PHY__LBB+OTR.IN.CFG.aSOFT.VENT.DELAY.TIME" <-- "0.0"
  28) "PHY__LBB+CFG.PUMP.VALVE.CLOSE.DELAY.TIME" <-- "1.0"
  29) "PHY__LBB+CFG.aVAC.UPPER.TOLERANCE" <-- "40"
  30) "PHY__LBA+CFG.aVAC.UPPER.TOLERANCE" <-- "40"
  31) "PHY__LBB+CFG.aATM.PRESS.STS.TOLERANCE" <-- "5"
  32) "PHY__LBA+CFG.aATM.PRESS.STS.TOLERANCE" <-- "5"
  33) "PHY__TMC_CHM+CFG.aATM.PRESS.STS.TOLERANCE" <-- "5"
  34) "PHY__LBA+OTR.IN.CFG.aFAST.VENT.PRESSURE.TORR" <-- "300"
  35) "PHY__LBA+OTR.IN.CFG.aSOFT.VENT.TIMEOUT" <-- "60"
  36) "PHY__LBB+OTR.IN.CFG.aFAST.VENT.PRESSURE.TORR" <-- "300"
  37) "PHY__LBB+OTR.IN.CFG.aSOFT.VENT.TIMEOUT" <-- "60"
  38) "PHY__LBA+CFG.dINIT.PUMP.DOWN" <-- "FALSE"
  39) "PHY__LBB+CFG.dINIT.PUMP.DOWN" <-- "FALSE"
  40) "PHY__LBA+CFG.GAUGE.LIMIT_PRESSURE" <-- "10"
  41) "PHY__LBB+CFG.GAUGE.LIMIT_PRESSURE" <-- "10"
  42) "PHY__TMC_CHM+OTR.IN.CFG.aFAST.PUMP.TIMEOUT" <-- "180"
  43) "PHY__TMC_CHM+OTR.IN.CFG.aVAC.PRESSURE.TORR" <-- "0.100"
  44) "PHY__TMC_CHM+OTR.IN.CFG.aSOFT.PUMP.PRESSURE.TORR" <-- "6"
  45) "PHY__TMC_CHM+OTR.IN.CFG.aSOFT.PUMP.TIMEOUT" <-- "60"
  46) "PHY__TMC_CHM+OTR.IN.CFG.aSOFT.PUMP.COMPLETE.STABLE.TIME" <-- "3"
  47) "PHY__TMC_CHM+CFG.aVAC.UPPER.TOLERANCE" <-- "40"
  48) "PHY__TMC_CHM+OTR.IN.CFG.aFAST.VENT.PRESSURE.TORR" <-- "300"
  49) "PHY__TMC_CHM+OTR.IN.CFG.aSOFT.VENT.TIMEOUT" <-- "60"
  50) "PHY__LBA+OTR.IN.CFG.aEXHAUST.PUMP.TIMEOUT" <-- "60"
  51) "PHY__LBA+OTR.IN.CFG.aEXHAUST.PUMP.PRESSURE.TORR" <-- "1"
  52) "PHY__LBB+OTR.IN.CFG.aEXHAUST.PUMP.PRESSURE.TORR" <-- "1"
  53) "PHY__LBB+OTR.IN.CFG.aEXHAUST.PUMP.TIMEOUT" <-- "60"
  54) "PHY__TMC_CHM+OTR.IN.CFG.aEXHAUST.PUMP.PRESSURE.TORR" <-- "1"
  55) "PHY__TMC_CHM+OTR.IN.CFG.aEXHAUST.PUMP.TIMEOUT" <-- "60"
  56) "PHY__LBA+OTR.IN.CFG.EQUALIZE.VENT.TIME" <-- "3.0"
  57) "PHY__LBB+OTR.IN.CFG.EQUALIZE.VENT.TIME" <-- "3.0"
  58) "PHY__LBA+OTR.IN.CFG.EQUAL_VLV.OPEN.WHEN_ATM" <-- "ENABLE"
  59) "PHY__LBB+OTR.IN.CFG.EQUAL_VLV.OPEN.WHEN_ATM" <-- "ENABLE"
  60) "PHY__TMC_CHM+OTR.IN.CFG.EQUALIZE.VENT.TIME" <-- "3.0"
  61) "PHY__TMC_CHM+OTR.IN.CFG.EQUAL_VLV.OPEN.WHEN_ATM" <-- "ENABLE"
  62) "PHY__LBA+CFG.VENT.VALVE.CLOSE.DELAY.TIME" <-- "1.0"
  63) "PHY__LBB+CFG.VENT.VALVE.CLOSE.DELAY.TIME" <-- "1.0"
  64) "PHY__LBA+CFG.ATM.HIGH.PRESSURE.TORR" <-- "800"
  65) "PHY__LBB+CFG.ATM.HIGH.PRESSURE.TORR" <-- "800"
  66) "PHY__TMC_CHM+CFG.ATM.HIGH.PRESSURE.TORR" <-- "800"

2023/05/06 00:18:19:885   [SEQ_1][SET_DATA]
Page [TMC_CFG__SLOT_VALVE] 
  1) "PHY__PMx+OTR.IN.CFG.aPM1.VALVE.OPEN.TIMEOUT" <-- "10"
  2) "PHY__PMx+OTR.IN.CFG.aPM1.VALVE.CLOSE.TIMEOUT" <-- "10"
  3) "PHY__LBA+CFG.SLOT_1.VALVE.OPEN.TIMEOUT" <-- "10"
  4) "PHY__LBA+CFG.SLOT_1.VALVE.CLOSE.TIMEOUT" <-- "10"
  5) "PHY__LBA+CFG.DOOR_1.VALVE.OPEN.TIMEOUT" <-- "10"
  6) "PHY__LBA+CFG.DOOR_1.VALVE.CLOSE.TIMEOUT" <-- "10"
  7) "PHY__PMx+OTR.IN.CFG.aPM2.VALVE.CLOSE.TIMEOUT" <-- "10"
  8) "PHY__PMx+OTR.IN.CFG.aPM2.VALVE.OPEN.TIMEOUT" <-- "10"
  9) "PHY__PMx+OTR.IN.CFG.aPM3.VALVE.CLOSE.TIMEOUT" <-- "10"
  10) "PHY__PMx+OTR.IN.CFG.aPM3.VALVE.OPEN.TIMEOUT" <-- "10"
  11) "PHY__PMx+OTR.IN.CFG.aPM4.VALVE.CLOSE.TIMEOUT" <-- "10"
  12) "PHY__PMx+OTR.IN.CFG.aPM4.VALVE.OPEN.TIMEOUT" <-- "10"
  13) "PHY__LBB+CFG.SLOT_1.VALVE.OPEN.TIMEOUT" <-- "10"
  14) "PHY__LBB+CFG.SLOT_1.VALVE.CLOSE.TIMEOUT" <-- "10"
  15) "PHY__LBB+CFG.DOOR_1.VALVE.OPEN.TIMEOUT" <-- "10"
  16) "PHY__LBB+CFG.DOOR_1.VALVE.CLOSE.TIMEOUT" <-- "10"
  17) "PHY__LBA+CFG.aMAX.SV.OPEN.DIFFERENTIAL.PRESS" <-- "200"
  18) "PHY__LBB+CFG.aMAX.SV.OPEN.DIFFERENTIAL.PRESS" <-- "200"
  19) "PHY__PMx+CFG.aMAX.PM1.DIFFERENTIAL.PRESS" <-- "500"
  20) "PHY__PMx+CFG.aMAX.PM2.DIFFERENTIAL.PRESS" <-- "500"
  21) "PHY__PMx+CFG.aMAX.PM3.DIFFERENTIAL.PRESS" <-- "500"
  22) "PHY__PMx+CFG.aMAX.PM4.DIFFERENTIAL.PRESS" <-- "500"
  23) "FNC__VAC_ROBOT+CFG.LLx_CLOSE.SEQUENCE_MODE" <-- "DISABLE"
  24) "FNC__VAC_ROBOT+CFG.PMx_CLOSE.SEQUENCE_MODE" <-- "DISABLE"

2023/05/06 00:18:19:890   [SEQ_1][SET_DATA]
Page [TMC_CFG__FA_INTERFACE] 
  1) "PHY_OHT__LP1+CFG.LT.CURTN.USE" <-- "FALSE"
  2) "PHY_OHT__LP1+CFG.PIO.TP1" <-- "5"
  3) "PHY_OHT__LP1+CFG.PIO.TP2" <-- "5"
  4) "PHY_OHT__LP1+CFG.PIO.TP3" <-- "45"
  5) "PHY_OHT__LP1+CFG.PIO.TP4" <-- "5"
  6) "PHY_OHT__LP1+CFG.PIO.TP5" <-- "5"
  7) "PHY_OHT__LP2+CFG.PIO.TP5" <-- "5"
  8) "PHY_OHT__LP2+CFG.PIO.TP4" <-- "5"
  9) "PHY_OHT__LP2+CFG.PIO.TP3" <-- "45"
  10) "PHY_OHT__LP2+CFG.PIO.TP2" <-- "5"
  11) "PHY_OHT__LP2+CFG.PIO.TP1" <-- "5"
  12) "PHY_OHT__LP3+CFG.PIO.TP5" <-- "5"
  13) "PHY_OHT__LP3+CFG.PIO.TP4" <-- "5"
  14) "PHY_OHT__LP3+CFG.PIO.TP3" <-- "45"
  15) "PHY_OHT__LP3+CFG.PIO.TP2" <-- "5"
  16) "PHY_OHT__LP3+CFG.PIO.TP1" <-- "5"
  17) "PHY_OHT__LP3+CFG.PIO.TP6" <-- "5"
  18) "PHY_OHT__LP2+CFG.PIO.TP6" <-- "5"
  19) "PHY_OHT__LP1+CFG.PIO.TP6" <-- "5"
  20) "PHY_OHT__LP2+CFG.LT.CURTN.USE" <-- "FALSE"
  21) "PHY_OHT__LP3+CFG.LT.CURTN.USE" <-- "FALSE"
  22) "PHY_OHT__LP3+CFG.aPIO.SIGNAL.CHATTERING.TIME" <-- "500"
  23) "PHY_OHT__LP2+CFG.aPIO.SIGNAL.CHATTERING.TIME" <-- "500"
  24) "PHY_OHT__LP1+CFG.aPIO.SIGNAL.CHATTERING.TIME" <-- "500"
  25) "PHY_OHT__LP3+CFG.aPIO.FOUP.VIOLATION.TIME" <-- "3"
  26) "PHY_OHT__LP2+CFG.aPIO.FOUP.VIOLATION.TIME" <-- "3"
  27) "PHY_OHT__LP1+CFG.aPIO.FOUP.VIOLATION.TIME" <-- "3"
  28) "PHY_OHT__LP3+CFG.aPIO.FOUP.LOGIC.ERROR.TIME" <-- "5"
  29) "PHY_OHT__LP2+CFG.aPIO.FOUP.LOGIC.ERROR.TIME" <-- "5"
  30) "PHY_OHT__LP1+CFG.aPIO.FOUP.LOGIC.ERROR.TIME" <-- "5"
  31) "PHY_OHT__LP3+CFG.PIO.TD1" <-- "5"
  32) "PHY_OHT__LP2+CFG.PIO.TD1" <-- "5"
  33) "PHY_OHT__LP1+CFG.PIO.TD1" <-- "5"

2023/05/06 00:18:19:896   [SEQ_1][SET_DATA]
Page [TMC_CFG__SYSTEM] 
  1) "DB_CFG+CFG.LL1.ALIGN.POS" <-- "10"
  2) "DB_CFG+CFG.aLL1.POST.POSITION.INCREMENT" <-- "1"
  3) "DB_CFG+CFG.aLL1.POST.POSITION.INCREMENT.RANGE" <-- "10"
  4) "DB_CFG+CFG.aLL1.POST.POSITION.INCREMENT.START.ANGLE" <-- "65"
  5) "DB_CFG+CFG.LL1.POST.POSITION.INCREMENT.APPLY" <-- "ENABLE"
  6) "DB_CFG+CFG.LL2.ALIGN.POS" <-- "20"
  7) "DB_CFG+CFG.aLL2.POST.POSITION.INCREMENT" <-- "1"
  8) "DB_CFG+CFG.aLL2.POST.POSITION.INCREMENT.RANGE" <-- "10"
  9) "DB_CFG+CFG.aLL2.POST.POSITION.INCREMENT.START.ANGLE" <-- "275"
  10) "DB_CFG+CFG.LL2.POST.POSITION.INCREMENT.APPLY" <-- "ENABLE"
  11) "DB_CFG+CFG.dALIGN.DEVICE" <-- "ALIGNER"
  12) "DB_CFG+CFG.SETUP.TEST.MODE" <-- "DISABLE"
  13) "DB_CFG+CFG.SETUP.AUTO.VENTING_PUMPING" <-- "DISABLE"
  14) "DB_CFG+CFG.SETUP.LLx.DOOR_SLOT_VLV.CONTROL" <-- "DISABLE"
  15) "MON__CDA+CFG.CDA_GN2.LOW_PRESSURE" <-- "0.500"

2023/05/06 00:18:19:901   [SEQ_1][SET_DATA]
Page [TMC_CFG__LLx] 
  1) "DB_CFG+CFG.LL1.SLOT02.USE" <-- "YES"
  2) "DB_CFG+CFG.LL1.SLOT01.USE" <-- "YES"
  3) "DB_CFG+CFG.LL2.SLOT02.USE" <-- "YES"
  4) "DB_CFG+CFG.LL2.SLOT01.USE" <-- "YES"
  5) "DB_CFG+CFG.LBA.SLOT.MAX" <-- "2"
  6) "DB_CFG+CFG.LBB.SLOT.MAX" <-- "2"

2023/05/06 00:18:19:909   [SEQ_1][SET_DATA]
Page [TMC_CFG__LPx] 
  1) "PHY__LP1+CFG.UNLOAD.CLAMP.OPT" <-- "AUTO"
  2) "PHY__LP2+CFG.UNLOAD.CLAMP.OPT" <-- "AUTO"
  3) "PHY__LP3+CFG.UNLOAD.CLAMP.OPT" <-- "AUTO"
  4) "PHY__LP3+CFG.DYNAMIC.USE" <-- "YES"
  5) "PHY__LP2+CFG.DYNAMIC.USE" <-- "YES"
  6) "PHY__LP1+CFG.DYNAMIC.USE" <-- "YES"
  7) "PHY__LP3+CFG.WAFER.SLIDE.SNS.CHECK" <-- "TRUE"
  8) "PHY__LP2+CFG.WAFER.SLIDE.SNS.CHECK" <-- "TRUE"
  9) "PHY__LP1+CFG.WAFER.SLIDE.SNS.CHECK" <-- "TRUE"
  10) "PHY__LP3+CFG.LOAD.DOOR.OPEN" <-- "NO"
  11) "PHY__LP2+CFG.LOAD.DOOR.OPEN" <-- "NO"
  12) "PHY__LP1+CFG.LOAD.DOOR.OPEN" <-- "NO"
  13) "DB_CFG+CFG.dLP3.DOOR_CLOSE_MODE.AFTER_MAPPING" <-- "DISABLE"
  14) "DB_CFG+CFG.dLP2.DOOR_CLOSE_MODE.AFTER_MAPPING" <-- "DISABLE"
  15) "DB_CFG+CFG.dLP1.DOOR_CLOSE_MODE.AFTER_MAPPING" <-- "DISABLE"
  16) "PHY__LP1+CFG.LOAD.COMPLETE.DELAY.TIME" <-- "0"
  17) "PHY__LP2+CFG.LOAD.COMPLETE.DELAY.TIME" <-- "0"
  18) "PHY__LP3+CFG.LOAD.COMPLETE.DELAY.TIME" <-- "0"
  19) "PHY__LP1+CFG.MAPPING.SENSOR.USE" <-- "YES"
  20) "PHY__LP2+CFG.MAPPING.SENSOR.USE" <-- "YES"
  21) "PHY__LP3+CFG.MAPPING.SENSOR.USE" <-- "YES"
  22) "PHY__LP1+CFG.PREPLOAD.CID.MODE" <-- "DISABLE"
  23) "PHY__LP2+CFG.PREPLOAD.CID.MODE" <-- "DISABLE"
  24) "PHY__LP3+CFG.PREPLOAD.CID.MODE" <-- "DISABLE"
  25) "PHY__LP1+CFG.LOAD_ACT.AUTO_MAP.MODE" <-- "ENABLE"
  26) "PHY__LP2+CFG.LOAD_ACT.AUTO_MAP.MODE" <-- "ENABLE"
  27) "PHY__LP3+CFG.LOAD_ACT.AUTO_MAP.MODE" <-- "ENABLE"
  28) "PHY__LP1+CFG.INIT.SLOT.STATE.UNKNOWN" <-- "NO"
  29) "PHY__LP2+CFG.INIT.SLOT.STATE.UNKNOWN" <-- "NO"
  30) "PHY__LP3+CFG.INIT.SLOT.STATE.UNKNOWN" <-- "NO"
  31) "PHY__BUFF1+CFG.SLOT.MAX" <-- "25"
  32) "PHY__BUFF2+CFG.SLOT.MAX" <-- "25"
  33) "PHY__LP3+CFG.DOOR.OPEN.COMPLETE.DELAY.TIME" <-- "1.0"
  34) "PHY__LP2+CFG.DOOR.OPEN.COMPLETE.DELAY.TIME" <-- "1.0"
  35) "PHY__LP1+CFG.DOOR.OPEN.COMPLETE.DELAY.TIME" <-- "1.0"
  36) "PHY__LP3+CFG.BEFORE.LOAD.CST.CHECK" <-- "TRUE"
  37) "PHY__LP2+CFG.BEFORE.LOAD.CST.CHECK" <-- "TRUE"
  38) "PHY__LP1+CFG.BEFORE.LOAD.CST.CHECK" <-- "TRUE"
  39) "PHY__LP1+CFG.LOAD.MAP.MODE" <-- "DISABLE"
  40) "PHY__LP2+CFG.LOAD.MAP.MODE" <-- "DISABLE"
  41) "PHY__LP3+CFG.LOAD.MAP.MODE" <-- "DISABLE"

2023/05/06 00:18:19:927   [SEQ_1][SET_DATA]
Page [TMC_CFG__ACTIVE_HANDOFF] 
  1) "PHY__PMx+CFG.USE.SHUTTER.1" <-- "NO"
  2) "PHY__PMx+CFG.USE.LIFT.PIN.1" <-- "NO"
  3) "PHY__PMx+CFG.USE.CR.POSITION.1" <-- "NO"
  4) "PHY__PMx+CFG.USE.SHUTTER.2" <-- "NO"
  5) "PHY__PMx+CFG.USE.LIFT.PIN.2" <-- "NO"
  6) "PHY__PMx+CFG.USE.CR.POSITION.2" <-- "NO"
  7) "PHY__PMx+CFG.USE.SHUTTER.3" <-- "NO"
  8) "PHY__PMx+CFG.USE.LIFT.PIN.3" <-- "NO"
  9) "PHY__PMx+CFG.USE.CR.POSITION.3" <-- "NO"
  10) "PHY__PMx+CFG.USE.SHUTTER.4" <-- "NO"
  11) "PHY__PMx+CFG.USE.LIFT.PIN.4" <-- "NO"
  12) "PHY__PMx+CFG.USE.CR.POSITION.4" <-- "NO"
  13) "DB_CFG+CFG.PM1.SV.USE" <-- "YES"
  14) "DB_CFG+CFG.PM2.SV.USE" <-- "YES"
  15) "DB_CFG+CFG.PM3.SV.USE" <-- "YES"
  16) "DB_CFG+CFG.PM4.SV.USE" <-- "YES"
  17) "FNC__VAC_ROBOT+CFG.LL1.HANDSHAKE.MODE" <-- "PASSIVE"
  18) "FNC__VAC_ROBOT+CFG.LL1.ROBOT_Z_MOVE" <-- "YES"
  19) "FNC__VAC_ROBOT+CFG.LL2.HANDSHAKE.MODE" <-- "PASSIVE"
  20) "FNC__VAC_ROBOT+CFG.LL2.ROBOT_Z_MOVE" <-- "YES"
  21) "PHY__PMx+CFG.PM1.HANDSHAKE.MODE" <-- "PASSIVE"
  22) "PHY__PMx+CFG.PM2.HANDSHAKE.MODE" <-- "PASSIVE"
  23) "PHY__PMx+CFG.PM3.HANDSHAKE.MODE" <-- "PASSIVE"
  24) "PHY__PMx+CFG.PM4.HANDSHAKE.MODE" <-- "PASSIVE"
  25) "PHY__TMC_CHM+CFG.dTM.BALLAST.CTRL" <-- "ENABLE"
  26) "PHY__TMC_CHM+CFG.aTM.BALLAST.N2.I.GAIN" <-- "15.000"
  27) "PHY__TMC_CHM+CFG.aTM.BALLAST.N2.D.GAIN" <-- "10.000"
  28) "PHY__TMC_CHM+CFG.aTM.BALLAST.N2.P.GAIN" <-- "20.000"
  29) "PHY__TMC_CHM+CFG.dTM.BALLAST.MODE" <-- "VALVE"
  30) "DB_CFG+CFG.PM1.CHM.TYPE" <-- "DUMMY"
  31) "DB_CFG+CFG.PM2.CHM.TYPE" <-- "DUMMY"
  32) "DB_CFG+CFG.PM3.CHM.TYPE" <-- "DUMMY"
  33) "DB_CFG+CFG.PM4.CHM.TYPE" <-- "DUMMY"

