
<<<----  [OUT]
2020/09/08 04:00:19:736

I can't connect with the passive [192.168.100.113/5000] error_code:10060 !

<<<----  [OUT]
2020/09/08 04:00:22:215

Connecting Started...

<<<----  [OUT]
2020/09/08 04:00:43:258

I can't connect with the passive [192.168.100.113/5000] error_code:10060 !

<<<----  [OUT]
2020/09/08 04:00:45:747

Connecting Started...

<<<----  [OUT]
2020/09/08 04:01:06:784

I can't connect with the passive [192.168.100.113/5000] error_code:10060 !

<<<----  [OUT]
2020/09/08 04:01:09:262

Connecting Started...

<<<----  [OUT]
2020/09/08 04:01:30:296

I can't connect with the passive [192.168.100.113/5000] error_code:10060 !

<<<----  [OUT]
2020/09/08 04:01:32:779

Connecting Started...

<<<----  [OUT]
2020/09/08 04:01:53:824

I can't connect with the passive [192.168.100.113/5000] error_code:10060 !

<<<----  [OUT]
2020/09/08 04:01:56:310

Connecting Started...

<<<----  [OUT]
2020/09/08 04:02:17:356

I can't connect with the passive [192.168.100.113/5000] error_code:10060 !

<<<----  [OUT]
2020/09/08 04:02:19:842

Connecting Started...

<<<----  [OUT]
2020/09/08 04:02:40:887

I can't connect with the passive [192.168.100.113/5000] error_code:10060 !

<<<----  [OUT]
2020/09/08 04:02:43:372

Connecting Started...

<<<----  [OUT]
2020/09/08 04:03:04:420

I can't connect with the passive [192.168.100.113/5000] error_code:10060 !

<<<----  [OUT]
2020/09/08 04:03:06:904

Connecting Started...

<<<----  [OUT]
2020/09/08 04:03:27:936

I can't connect with the passive [192.168.100.113/5000] error_code:10060 !

<<<----  [OUT]
2020/09/08 04:03:30:419

Connecting Started...

<<<----  [OUT]
2020/09/08 04:03:51:482

I can't connect with the passive [192.168.100.113/5000] error_code:10060 !

<<<----  [OUT]
2020/09/08 04:03:53:966

Connecting Started...

<<<----  [OUT]
2020/09/08 04:04:15:010

I can't connect with the passive [192.168.100.113/5000] error_code:10060 !

<<<----  [OUT]
2020/09/08 04:04:17:498

Connecting Started...

<<<----  [OUT]
2020/09/08 04:04:38:527

I can't connect with the passive [192.168.100.113/5000] error_code:10060 !

<<<----  [OUT]
2020/09/08 04:04:41:012

Connecting Started...

<<<----  [OUT]
2020/09/08 04:05:02:037

I can't connect with the passive [192.168.100.113/5000] error_code:10060 !

<<<----  [OUT]
2020/09/08 04:05:04:528

Connecting Started...

<<<----  [OUT]
2020/09/08 04:05:25:557

I can't connect with the passive [192.168.100.113/5000] error_code:10060 !

<<<----  [OUT]
2020/09/08 04:05:28:044

Connecting Started...

<<<----  [OUT]
2020/09/08 04:05:49:097

I can't connect with the passive [192.168.100.113/5000] error_code:10060 !

<<<----  [OUT]
2020/09/08 04:05:51:575

Connecting Started...

<<<----  [OUT]
2020/09/08 04:06:12:619

I can't connect with the passive [192.168.100.113/5000] error_code:10060 !

<<<----  [OUT]
2020/09/08 04:06:15:107

Connecting Started...

<<<----  [OUT]
2020/09/08 04:06:36:152

I can't connect with the passive [192.168.100.113/5000] error_code:10060 !

<<<----  [OUT]
2020/09/08 04:06:38:637

Connecting Started...

<<<----  [OUT]
2020/09/08 04:06:59:669

I can't connect with the passive [192.168.100.113/5000] error_code:10060 !

<<<----  [OUT]
2020/09/08 04:07:02:154

Connecting Started...

<<<----  [OUT]
2020/09/08 04:07:23:185

I can't connect with the passive [192.168.100.113/5000] error_code:10060 !

<<<----  [OUT]
2020/09/08 04:07:25:670

Connecting Started...

<<<----  [OUT]
2020/09/08 04:07:46:695

I can't connect with the passive [192.168.100.113/5000] error_code:10060 !

<<<----  [OUT]
2020/09/08 04:07:49:184

Connecting Started...

<<<----  [OUT]
2020/09/08 04:08:10:210

I can't connect with the passive [192.168.100.113/5000] error_code:10060 !

<<<----  [OUT]
2020/09/08 04:08:12:700

Connecting Started...

<<<----  [OUT]
2020/09/08 04:08:33:721

I can't connect with the passive [192.168.100.113/5000] error_code:10060 !

<<<----  [OUT]
2020/09/08 04:08:36:200

Connecting Started...

<<<----  [OUT]
2020/09/08 04:08:57:218

I can't connect with the passive [192.168.100.113/5000] error_code:10060 !

<<<----  [OUT]
2020/09/08 04:08:59:700

Connecting Started...

<<<----  [OUT]
2020/09/08 04:09:20:729

I can't connect with the passive [192.168.100.113/5000] error_code:10060 !

<<<----  [OUT]
2020/09/08 04:09:23:216

Connecting Started...

<<<----  [OUT]
2020/09/08 04:09:44:248

I can't connect with the passive [192.168.100.113/5000] error_code:10060 !

<<<----  [OUT]
2020/09/08 04:09:46:730

Connecting Started...

<<<----  [OUT]
2020/09/08 04:10:07:773

I can't connect with the passive [192.168.100.113/5000] error_code:10060 !

<<<----  [OUT]
2020/09/08 04:10:10:262

Connecting Started...

<<<----  [OUT]
2020/09/08 04:10:31:293

I can't connect with the passive [192.168.100.113/5000] error_code:10060 !

<<<----  [OUT]
2020/09/08 04:10:33:779

Connecting Started...

<<<----  [OUT]
2020/09/08 04:10:54:819

I can't connect with the passive [192.168.100.113/5000] error_code:10060 !

<<<----  [OUT]
2020/09/08 04:10:57:310

Connecting Started...

<<<----  [OUT]
2020/09/08 04:11:18:352

I can't connect with the passive [192.168.100.113/5000] error_code:10060 !

<<<----  [OUT]
2020/09/08 04:11:20:840

Connecting Started...

<<<----  [OUT]
2020/09/08 04:11:41:885

I can't connect with the passive [192.168.100.113/5000] error_code:10060 !

<<<----  [OUT]
2020/09/08 04:11:44:372

Connecting Started...

<<<----  [OUT]
2020/09/08 04:12:05:432

I can't connect with the passive [192.168.100.113/5000] error_code:10060 !

<<<----  [OUT]
2020/09/08 04:12:07:919

Connecting Started...

<<<----  [OUT]
2020/09/08 04:12:28:961

I can't connect with the passive [192.168.100.113/5000] error_code:10060 !

<<<----  [OUT]
2020/09/08 04:12:31:450

Connecting Started...

<<<----  [OUT]
2020/09/08 04:12:52:491

I can't connect with the passive [192.168.100.113/5000] error_code:10060 !

<<<----  [OUT]
2020/09/08 04:12:54:982

Connecting Started...

<<<----  [OUT]
2020/09/08 04:13:16:014

I can't connect with the passive [192.168.100.113/5000] error_code:10060 !

<<<----  [OUT]
2020/09/08 04:13:18:496

Connecting Started...

<<<----  [OUT]
2020/09/08 04:13:39:535

I can't connect with the passive [192.168.100.113/5000] error_code:10060 !

<<<----  [OUT]
2020/09/08 04:13:42:013

Connecting Started...

<<<----  [OUT]
2020/09/08 04:14:03:042

I can't connect with the passive [192.168.100.113/5000] error_code:10060 !

<<<----  [OUT]
2020/09/08 04:14:05:527

Connecting Started...

<<<----  [OUT]
2020/09/08 04:14:26:566

I can't connect with the passive [192.168.100.113/5000] error_code:10060 !

<<<----  [OUT]
2020/09/08 04:14:29:045

Connecting Started...

<<<----  [OUT]
2020/09/08 04:14:50:079

I can't connect with the passive [192.168.100.113/5000] error_code:10060 !

<<<----  [OUT]
2020/09/08 04:14:52:559

Connecting Started...

<<<----  [OUT]
2020/09/08 04:15:13:605

I can't connect with the passive [192.168.100.113/5000] error_code:10060 !

<<<----  [OUT]
2020/09/08 04:15:16:090

Connecting Started...

<<<----  [OUT]
2020/09/08 04:15:37:145

I can't connect with the passive [192.168.100.113/5000] error_code:10060 !

<<<----  [OUT]
2020/09/08 04:15:39:622

Connecting Started...

<<<----  [OUT]
2020/09/08 04:16:00:670

I can't connect with the passive [192.168.100.113/5000] error_code:10060 !

<<<----  [OUT]
2020/09/08 04:16:03:153

Connecting Started...

<<<----  [OUT]
2020/09/08 04:16:24:199

I can't connect with the passive [192.168.100.113/5000] error_code:10060 !

<<<----  [OUT]
2020/09/08 04:16:26:684

Connecting Started...

<<<----  [OUT]
2020/09/08 04:16:47:722

I can't connect with the passive [192.168.100.113/5000] error_code:10060 !

<<<----  [OUT]
2020/09/08 04:16:50:201

Connecting Started...

<<<----  [OUT]
2020/09/08 04:17:11:242

I can't connect with the passive [192.168.100.113/5000] error_code:10060 !

<<<----  [OUT]
2020/09/08 04:17:13:731

Connecting Started...

<<<----  [OUT]
2020/09/08 04:17:34:774

I can't connect with the passive [192.168.100.113/5000] error_code:10060 !

<<<----  [OUT]
2020/09/08 04:17:37:262

Connecting Started...

<<<----  [OUT]
2020/09/08 04:17:58:299

I can't connect with the passive [192.168.100.113/5000] error_code:10060 !

<<<----  [OUT]
2020/09/08 04:18:00:778

Connecting Started...

<<<----  [OUT]
2020/09/08 04:18:21:804

I can't connect with the passive [192.168.100.113/5000] error_code:10060 !

<<<----  [OUT]
2020/09/08 04:18:24:293

Connecting Started...

<<<----  [OUT]
2020/09/08 04:18:45:322

I can't connect with the passive [192.168.100.113/5000] error_code:10060 !

<<<----  [OUT]
2020/09/08 04:18:47:809

Connecting Started...

<<<----  [OUT]
2020/09/08 04:19:08:838

I can't connect with the passive [192.168.100.113/5000] error_code:10060 !

<<<----  [OUT]
2020/09/08 04:19:11:325

Connecting Started...

<<<----  [OUT]
2020/09/08 04:19:32:367

I can't connect with the passive [192.168.100.113/5000] error_code:10060 !

<<<----  [OUT]
2020/09/08 04:19:34:856

Connecting Started...

<<<----  [OUT]
2020/09/08 04:19:55:902

I can't connect with the passive [192.168.100.113/5000] error_code:10060 !

<<<----  [OUT]
2020/09/08 04:19:58:388

Connecting Started...

<<<----  [OUT]
2020/09/08 04:20:19:422

I can't connect with the passive [192.168.100.113/5000] error_code:10060 !

<<<----  [OUT]
2020/09/08 04:20:21:903

Connecting Started...

<<<----  [OUT]
2020/09/08 04:20:42:926

I can't connect with the passive [192.168.100.113/5000] error_code:10060 !

<<<----  [OUT]
2020/09/08 04:20:45:403

Connecting Started...

<<<----  [OUT]
2020/09/08 04:21:06:441

I can't connect with the passive [192.168.100.113/5000] error_code:10060 !

<<<----  [OUT]
2020/09/08 04:21:08:919

Connecting Started...

<<<----  [OUT]
2020/09/08 04:21:29:938

I can't connect with the passive [192.168.100.113/5000] error_code:10060 !

<<<----  [OUT]
2020/09/08 04:21:32:418

Connecting Started...

<<<----  [OUT]
2020/09/08 04:21:53:474

I can't connect with the passive [192.168.100.113/5000] error_code:10060 !

<<<----  [OUT]
2020/09/08 04:21:55:950

Connecting Started...

<<<----  [OUT]
2020/09/08 04:22:16:991

I can't connect with the passive [192.168.100.113/5000] error_code:10060 !

<<<----  [OUT]
2020/09/08 04:22:19:481

Connecting Started...

<<<----  [OUT]
2020/09/08 04:22:40:498

I can't connect with the passive [192.168.100.113/5000] error_code:10060 !

<<<----  [OUT]
2020/09/08 04:22:42:981

Connecting Started...

<<<----  [OUT]
2020/09/08 04:23:04:025

I can't connect with the passive [192.168.100.113/5000] error_code:10060 !

<<<----  [OUT]
2020/09/08 04:23:06:512

Connecting Started...

<<<----  [OUT]
2020/09/08 04:23:27:548

I can't connect with the passive [192.168.100.113/5000] error_code:10060 !

<<<----  [OUT]
2020/09/08 04:23:30:029

Connecting Started...

<<<----  [OUT]
2020/09/08 04:23:51:049

I can't connect with the passive [192.168.100.113/5000] error_code:10060 !

<<<----  [OUT]
2020/09/08 04:23:53:529

Connecting Started...

<<<----  [OUT]
2020/09/08 04:24:14:559

I can't connect with the passive [192.168.100.113/5000] error_code:10060 !

<<<----  [OUT]
2020/09/08 04:24:17:045

Connecting Started...

<<<----  [OUT]
2020/09/08 04:24:38:080

I can't connect with the passive [192.168.100.113/5000] error_code:10060 !

<<<----  [OUT]
2020/09/08 04:24:40:560

Connecting Started...

<<<----  [OUT]
2020/09/08 04:25:01:613

I can't connect with the passive [192.168.100.113/5000] error_code:10060 !

<<<----  [OUT]
2020/09/08 04:25:04:090

Connecting Started...

<<<----  [OUT]
2020/09/08 04:25:25:111

I can't connect with the passive [192.168.100.113/5000] error_code:10060 !

<<<----  [OUT]
2020/09/08 04:25:27:591

Connecting Started...

<<<----  [OUT]
2020/09/08 04:25:48:622

I can't connect with the passive [192.168.100.113/5000] error_code:10060 !

<<<----  [OUT]
2020/09/08 04:25:51:106

Connecting Started...

<<<----  [OUT]
2020/09/08 04:26:12:136

I can't connect with the passive [192.168.100.113/5000] error_code:10060 !

<<<----  [OUT]
2020/09/08 04:26:14:622

Connecting Started...

<<<----  [OUT]
2020/09/08 04:26:35:655

I can't connect with the passive [192.168.100.113/5000] error_code:10060 !

<<<----  [OUT]
2020/09/08 04:26:38:138

Connecting Started...

<<<----  [OUT]
2020/09/08 04:26:59:178

I can't connect with the passive [192.168.100.113/5000] error_code:10060 !

<<<----  [OUT]
2020/09/08 04:27:01:670

Connecting Started...

<<<----  [OUT]
2020/09/08 04:27:22:715

I can't connect with the passive [192.168.100.113/5000] error_code:10060 !

<<<----  [OUT]
2020/09/08 04:27:25:200

Connecting Started...

<<<----  [OUT]
2020/09/08 04:27:46:228

I can't connect with the passive [192.168.100.113/5000] error_code:10060 !

<<<----  [OUT]
2020/09/08 04:27:48:716

Connecting Started...

<<<----  [OUT]
2020/09/08 04:28:09:739

I can't connect with the passive [192.168.100.113/5000] error_code:10060 !

<<<----  [OUT]
2020/09/08 04:28:12:216

Connecting Started...

<<<----  [OUT]
2020/09/08 04:28:33:262

I can't connect with the passive [192.168.100.113/5000] error_code:10060 !

<<<----  [OUT]
2020/09/08 04:28:35:747

Connecting Started...

<<<----  [OUT]
2020/09/08 04:28:56:778

I can't connect with the passive [192.168.100.113/5000] error_code:10060 !

<<<----  [OUT]
2020/09/08 04:28:59:263

Connecting Started...

<<<----  [OUT]
2020/09/08 04:29:20:288

I can't connect with the passive [192.168.100.113/5000] error_code:10060 !

<<<----  [OUT]
2020/09/08 04:29:22:779

Connecting Started...

<<<----  [OUT]
2020/09/08 04:29:43:801

I can't connect with the passive [192.168.100.113/5000] error_code:10060 !

<<<----  [OUT]
2020/09/08 04:29:46:279

Connecting Started...

<<<----  [OUT]
2020/09/08 04:30:07:301

I can't connect with the passive [192.168.100.113/5000] error_code:10060 !

<<<----  [OUT]
2020/09/08 04:30:09:778

Connecting Started...

<<<----  [OUT]
2020/09/08 04:30:30:811

I can't connect with the passive [192.168.100.113/5000] error_code:10060 !

<<<----  [OUT]
2020/09/08 04:30:33:294

Connecting Started...

<<<----  [OUT]
2020/09/08 04:30:54:315

I can't connect with the passive [192.168.100.113/5000] error_code:10060 !

<<<----  [OUT]
2020/09/08 04:30:56:795

Connecting Started...

<<<----  [OUT]
2020/09/08 04:31:17:831

I can't connect with the passive [192.168.100.113/5000] error_code:10060 !

<<<----  [OUT]
2020/09/08 04:31:20:310

Connecting Started...

<<<----  [OUT]
2020/09/08 04:31:41:345

I can't connect with the passive [192.168.100.113/5000] error_code:10060 !

<<<----  [OUT]
2020/09/08 04:31:43:826

Connecting Started...

<<<----  [OUT]
2020/09/08 04:32:04:864

I can't connect with the passive [192.168.100.113/5000] error_code:10060 !

<<<----  [OUT]
2020/09/08 04:32:07:340

Connecting Started...

<<<----  [OUT]
2020/09/08 04:32:28:378

I can't connect with the passive [192.168.100.113/5000] error_code:10060 !

<<<----  [OUT]
2020/09/08 04:32:30:855

Connecting Started...

<<<----  [OUT]
2020/09/08 04:32:32:903

I can't connect with the passive [192.168.100.113/5000] error_code:10061 !

<<<----  [OUT]
2020/09/08 04:32:35:387

Connecting Started...

<<<----  [OUT]
2020/09/08 04:32:37:438

I can't connect with the passive [192.168.100.113/5000] error_code:10061 !

<<<----  [OUT]
2020/09/08 04:32:39:918

Connecting Started...

<<<----  [OUT]
2020/09/08 04:32:41:972

I can't connect with the passive [192.168.100.113/5000] error_code:10061 !

<<<----  [OUT]
2020/09/08 04:32:44:450

Connecting Started...

<<<----  [OUT]
2020/09/08 04:32:46:506

I can't connect with the passive [192.168.100.113/5000] error_code:10061 !

<<<----  [OUT]
2020/09/08 04:32:48:998

Connecting Started...

<<<----  [OUT]
2020/09/08 04:32:51:054

I can't connect with the passive [192.168.100.113/5000] error_code:10061 !

<<<----  [OUT]
2020/09/08 04:32:53:544

Connecting Started...

<<<----  [OUT]
2020/09/08 04:32:55:604

I can't connect with the passive [192.168.100.113/5000] error_code:10061 !

<<<----  [OUT]
2020/09/08 04:32:58:090

Connecting Started...

<<<----  [OUT]
2020/09/08 04:33:00:137

I can't connect with the passive [192.168.100.113/5000] error_code:10061 !

<<<----  [OUT]
2020/09/08 04:33:02:621

Connecting Started...

<<<----  [OUT]
2020/09/08 04:33:04:656

I can't connect with the passive [192.168.100.113/5000] error_code:10061 !

<<<----  [OUT]
2020/09/08 04:33:07:137

Connecting Started...

<<<----  [OUT]
2020/09/08 04:33:09:189

I can't connect with the passive [192.168.100.113/5000] error_code:10061 !

<<<----  [OUT]
2020/09/08 04:33:11:669

Connecting Started...

<<<----  [OUT]
2020/09/08 04:33:13:724

I can't connect with the passive [192.168.100.113/5000] error_code:10061 !

<<<----  [OUT]
2020/09/08 04:33:16:201

Connecting Started...

<<<----  [OUT]
2020/09/08 04:33:18:251

I can't connect with the passive [192.168.100.113/5000] error_code:10061 !

<<<----  [OUT]
2020/09/08 04:33:20:732

Connecting Started...

<<<----  [OUT]
2020/09/08 04:33:22:791

I can't connect with the passive [192.168.100.113/5000] error_code:10061 !

<<<----  [OUT]
2020/09/08 04:33:25:279

Connecting Started...

<<<----  [OUT]
2020/09/08 04:33:27:345

I can't connect with the passive [192.168.100.113/5000] error_code:10061 !

<<<----  [OUT]
2020/09/08 04:33:29:825

Connecting Started...

<<<----  [OUT]
2020/09/08 04:33:31:873

I can't connect with the passive [192.168.100.113/5000] error_code:10061 !

<<<----  [OUT]
2020/09/08 04:33:34:357

Connecting Started...

<<<----  [OUT]
2020/09/08 04:33:36:412

I can't connect with the passive [192.168.100.113/5000] error_code:10061 !

<<<----  [OUT]
2020/09/08 04:33:38:903

Connecting Started...

<<<----  [OUT]
2020/09/08 04:33:40:947

I can't connect with the passive [192.168.100.113/5000] error_code:10061 !

<<<----  [OUT]
2020/09/08 04:33:43:435

Connecting Started...

<<<----  [OUT]
2020/09/08 04:33:45:496

I can't connect with the passive [192.168.100.113/5000] error_code:10061 !

<<<----  [OUT]
2020/09/08 04:33:47:982

Connecting Started...

<<<----  [OUT]
2020/09/08 04:33:50:041

I can't connect with the passive [192.168.100.113/5000] error_code:10061 !

<<<----  [OUT]
2020/09/08 04:33:52:529

Connecting Started...

<<<----  [OUT]
2020/09/08 04:33:54:587

I can't connect with the passive [192.168.100.113/5000] error_code:10061 !

<<<----  [OUT]
2020/09/08 04:33:57:075

Connecting Started...

<<<----  [OUT]
2020/09/08 04:33:59:144

I can't connect with the passive [192.168.100.113/5000] error_code:10061 !

<<<----  [OUT]
2020/09/08 04:34:01:622

Connecting Started...

<<<----  [OUT]
2020/09/08 04:34:03:671

I can't connect with the passive [192.168.100.113/5000] error_code:10061 !

<<<----  [OUT]
2020/09/08 04:34:06:152

Connecting Started...

<<<----  [OUT]
2020/09/08 04:34:08:214

I can't connect with the passive [192.168.100.113/5000] error_code:10061 !

<<<----  [OUT]
2020/09/08 04:34:10:700

Connecting Started...

<<<----  [OUT]
2020/09/08 04:34:12:743

I can't connect with the passive [192.168.100.113/5000] error_code:10061 !

<<<----  [OUT]
2020/09/08 04:34:15:231

Connecting Started...

<<<----  [OUT]
2020/09/08 04:34:17:283

I can't connect with the passive [192.168.100.113/5000] error_code:10061 !

<<<----  [OUT]
2020/09/08 04:34:19:763

Connecting Started...

<<<----  [OUT]
2020/09/08 04:34:21:817

I can't connect with the passive [192.168.100.113/5000] error_code:10061 !

<<<----  [OUT]
2020/09/08 04:34:24:295

Connecting Started...

<<<----  [OUT]
2020/09/08 04:34:26:352

I can't connect with the passive [192.168.100.113/5000] error_code:10061 !

<<<----  [OUT]
2020/09/08 04:34:28:841

Connecting Started...

<<<----  [OUT]
2020/09/08 04:34:30:903

I can't connect with the passive [192.168.100.113/5000] error_code:10061 !

<<<----  [OUT]
2020/09/08 04:34:33:388

Connecting Started...

<<<----  [OUT]
2020/09/08 04:34:35:452

I can't connect with the passive [192.168.100.113/5000] error_code:10061 !

<<<----  [OUT]
2020/09/08 04:34:37:934

Connecting Started...

<<<----  [OUT]
2020/09/08 04:34:39:989

I can't connect with the passive [192.168.100.113/5000] error_code:10061 !

<<<----  [OUT]
2020/09/08 04:34:42:466

Connecting Started...

<<<----  [OUT]
2020/09/08 04:34:44:520

I can't connect with the passive [192.168.100.113/5000] error_code:10061 !

<<<----  [OUT]
2020/09/08 04:34:46:996

Connecting Started...

<<<----  [OUT]
2020/09/08 04:34:49:040

I can't connect with the passive [192.168.100.113/5000] error_code:10061 !

<<<----  [OUT]
2020/09/08 04:34:51:529

Connecting Started...

<<<----  [OUT]
2020/09/08 04:34:53:566

I can't connect with the passive [192.168.100.113/5000] error_code:10061 !

<<<----  [OUT]
2020/09/08 04:34:56:044

Connecting Started...

<<<----  [OUT]
2020/09/08 04:34:58:101

I can't connect with the passive [192.168.100.113/5000] error_code:10061 !

<<<----  [OUT]
2020/09/08 04:35:00:590

Connecting Started...

<<<----  [OUT]
2020/09/08 04:35:02:649

I can't connect with the passive [192.168.100.113/5000] error_code:10061 !

<<<----  [OUT]
2020/09/08 04:35:05:139

Connecting Started...

<<<----  [OUT]
2020/09/08 04:35:07:195

I can't connect with the passive [192.168.100.113/5000] error_code:10061 !

<<<----  [OUT]
2020/09/08 04:35:09:685

Connecting Started...

<<<----  [OUT]
2020/09/08 04:35:11:742

I can't connect with the passive [192.168.100.113/5000] error_code:10061 !

<<<----  [OUT]
2020/09/08 04:35:14:230

Connecting Started...

<<<----  [OUT]
2020/09/08 04:35:16:293

I can't connect with the passive [192.168.100.113/5000] error_code:10061 !

<<<----  [OUT]
2020/09/08 04:35:18:778

Connecting Started...

<<<----  [OUT]
2020/09/08 04:35:20:827

I can't connect with the passive [192.168.100.113/5000] error_code:10061 !

<<<----  [OUT]
2020/09/08 04:35:23:309

Connecting Started...

<<<----  [OUT]
2020/09/08 04:35:25:360

I can't connect with the passive [192.168.100.113/5000] error_code:10061 !

<<<----  [OUT]
2020/09/08 04:35:27:841

Connecting Started...

<<<----  [OUT]
2020/09/08 04:35:29:892

I can't connect with the passive [192.168.100.113/5000] error_code:10061 !

<<<----  [OUT]
2020/09/08 04:35:32:373

Connecting Started...

<<<----  [OUT]
2020/09/08 04:35:34:428

I can't connect with the passive [192.168.100.113/5000] error_code:10061 !

<<<----  [OUT]
2020/09/08 04:35:36:919

Connecting Started...

<<<----  [OUT]
2020/09/08 04:35:38:969

I can't connect with the passive [192.168.100.113/5000] error_code:10061 !

<<<----  [OUT]
2020/09/08 04:35:41:451

Connecting Started...

<<<----  [OUT]
2020/09/08 04:35:43:508

I can't connect with the passive [192.168.100.113/5000] error_code:10061 !

<<<----  [OUT]
2020/09/08 04:35:45:997

Connecting Started...

<<<----  [OUT]
2020/09/08 04:35:48:058

I can't connect with the passive [192.168.100.113/5000] error_code:10061 !

<<<----  [OUT]
2020/09/08 04:35:50:543

Connecting Started...

<<<----  [OUT]
2020/09/08 04:35:52:604

I can't connect with the passive [192.168.100.113/5000] error_code:10061 !

<<<----  [OUT]
2020/09/08 04:35:55:091

Connecting Started...

<<<----  [OUT]
2020/09/08 04:35:57:142

I can't connect with the passive [192.168.100.113/5000] error_code:10061 !

<<<----  [OUT]
2020/09/08 04:35:59:623

Connecting Started...

<<<----  [OUT]
2020/09/08 04:36:01:671

I can't connect with the passive [192.168.100.113/5000] error_code:10061 !

<<<----  [OUT]
2020/09/08 04:36:04:153

Connecting Started...

<<<----  [OUT]
2020/09/08 04:36:06:205

I can't connect with the passive [192.168.100.113/5000] error_code:10061 !

<<<----  [OUT]
2020/09/08 04:36:08:684

Connecting Started...

<<<----  [OUT]
2020/09/08 04:36:10:728

I can't connect with the passive [192.168.100.113/5000] error_code:10061 !

<<<----  [OUT]
2020/09/08 04:36:13:215

Connecting Started...

<<<----  [OUT]
2020/09/08 04:36:15:277

I can't connect with the passive [192.168.100.113/5000] error_code:10061 !

<<<----  [OUT]
2020/09/08 04:36:17:763

Connecting Started...

<<<----  [OUT]
2020/09/08 04:36:19:810

I can't connect with the passive [192.168.100.113/5000] error_code:10061 !

<<<----  [OUT]
2020/09/08 04:36:22:294

Connecting Started...

<<<----  [OUT]
2020/09/08 04:36:24:346

I can't connect with the passive [192.168.100.113/5000] error_code:10061 !

<<<----  [OUT]
2020/09/08 04:36:26:824

Connecting Started...

<<<----  [OUT]
2020/09/08 04:36:28:879

I can't connect with the passive [192.168.100.113/5000] error_code:10061 !

<<<----  [OUT]
2020/09/08 04:36:31:357

Connecting Started...

<<<----  [OUT]
2020/09/08 04:36:33:417

I can't connect with the passive [192.168.100.113/5000] error_code:10061 !

<<<----  [OUT]
2020/09/08 04:36:35:904

Connecting Started...

<<<----  [OUT]
2020/09/08 04:36:37:962

I can't connect with the passive [192.168.100.113/5000] error_code:10061 !

<<<----  [OUT]
2020/09/08 04:36:40:451

Connecting Started...

<<<----  [OUT]
2020/09/08 04:36:42:504

I can't connect with the passive [192.168.100.113/5000] error_code:10061 !

<<<----  [OUT]
2020/09/08 04:36:44:982

Connecting Started...

<<<----  [OUT]
2020/09/08 04:36:47:035

I can't connect with the passive [192.168.100.113/5000] error_code:10061 !

<<<----  [OUT]
2020/09/08 04:36:49:514

Connecting Started...

<<<----  [OUT]
2020/09/08 04:36:51:582

I can't connect with the passive [192.168.100.113/5000] error_code:10061 !

<<<----  [OUT]
2020/09/08 04:36:54:061

Connecting Started...

<<<----  [OUT]
2020/09/08 04:36:56:114

I can't connect with the passive [192.168.100.113/5000] error_code:10061 !

<<<----  [OUT]
2020/09/08 04:36:58:590

Connecting Started...

<<<----  [OUT]
2020/09/08 04:37:00:649

I can't connect with the passive [192.168.100.113/5000] error_code:10061 !

<<<----  [OUT]
2020/09/08 04:37:03:137

Connecting Started...

<<<----  [OUT]
2020/09/08 04:37:05:197

I can't connect with the passive [192.168.100.113/5000] error_code:10061 !

<<<----  [OUT]
2020/09/08 04:37:07:684

Connecting Started...

<<<----  [OUT]
2020/09/08 04:37:09:756

I can't connect with the passive [192.168.100.113/5000] error_code:10061 !

<<<----  [OUT]
2020/09/08 04:37:12:247

Connecting Started...

<<<----  [OUT]
2020/09/08 04:37:14:317

I can't connect with the passive [192.168.100.113/5000] error_code:10061 !

<<<----  [OUT]
2020/09/08 04:37:16:795

Connecting Started...

<<<----  [OUT]
2020/09/08 04:37:18:850

I can't connect with the passive [192.168.100.113/5000] error_code:10061 !

<<<----  [OUT]
2020/09/08 04:37:21:340

Connecting Started...

<<<----  [OUT]
2020/09/08 04:37:23:399

I can't connect with the passive [192.168.100.113/5000] error_code:10061 !

<<<----  [OUT]
2020/09/08 04:37:25:888

Connecting Started...

<<<----  [OUT]
2020/09/08 04:37:27:956

I can't connect with the passive [192.168.100.113/5000] error_code:10061 !

<<<----  [OUT]
2020/09/08 04:37:30:434

Connecting Started...

<<<----  [OUT]
2020/09/08 04:37:32:479

I can't connect with the passive [192.168.100.113/5000] error_code:10061 !

<<<----  [OUT]
2020/09/08 04:37:34:966

Connecting Started...

<<<----  [OUT]
2020/09/08 04:37:37:008

I can't connect with the passive [192.168.100.113/5000] error_code:10061 !

<<<----  [OUT]
2020/09/08 04:37:39:497

Connecting Started...

<<<----  [OUT]
2020/09/08 04:37:41:543

I can't connect with the passive [192.168.100.113/5000] error_code:10061 !

<<<----  [OUT]
2020/09/08 04:37:44:028

Connecting Started...

<<<----  [OUT]
2020/09/08 04:37:46:076

I can't connect with the passive [192.168.100.113/5000] error_code:10061 !

<<<----  [OUT]
2020/09/08 04:37:48:559

Connecting Started...

<<<----  [OUT]
2020/09/08 04:37:50:614

I can't connect with the passive [192.168.100.113/5000] error_code:10061 !

<<<----  [OUT]
2020/09/08 04:37:53:090

Connecting Started...

<<<----  [OUT]
2020/09/08 04:37:55:153

I can't connect with the passive [192.168.100.113/5000] error_code:10061 !

<<<----  [OUT]
2020/09/08 04:37:57:637

Connecting Started...

<<<----  [OUT]
2020/09/08 04:37:59:692

I can't connect with the passive [192.168.100.113/5000] error_code:10061 !

<<<----  [OUT]
2020/09/08 04:38:02:168

Connecting Started...

<<<----  [OUT]
2020/09/08 04:38:04:211

I can't connect with the passive [192.168.100.113/5000] error_code:10061 !

<<<----  [OUT]
2020/09/08 04:38:06:700

Connecting Started...

<<<----  [OUT]
2020/09/08 04:38:08:746

I can't connect with the passive [192.168.100.113/5000] error_code:10061 !

<<<----  [OUT]
2020/09/08 04:38:11:231

Connecting Started...

<<<----  [OUT]
2020/09/08 04:38:13:291

I can't connect with the passive [192.168.100.113/5000] error_code:10061 !

<<<----  [OUT]
2020/09/08 04:38:15:778

Connecting Started...

<<<----  [OUT]
2020/09/08 04:38:17:830

I can't connect with the passive [192.168.100.113/5000] error_code:10061 !

<<<----  [OUT]
2020/09/08 04:38:20:309

Connecting Started...

<<<----  [OUT]
2020/09/08 04:38:22:363

I can't connect with the passive [192.168.100.113/5000] error_code:10061 !

<<<----  [OUT]
2020/09/08 04:38:24:841

Connecting Started...

<<<----  [OUT]
2020/09/08 04:38:26:893

I can't connect with the passive [192.168.100.113/5000] error_code:10061 !

<<<----  [OUT]
2020/09/08 04:38:29:372

Connecting Started...

<<<----  [OUT]
2020/09/08 04:38:31:425

I can't connect with the passive [192.168.100.113/5000] error_code:10061 !

<<<----  [OUT]
2020/09/08 04:38:33:903

Connecting Started...

<<<----  [OUT]
2020/09/08 04:38:35:958

I can't connect with the passive [192.168.100.113/5000] error_code:10061 !

<<<----  [OUT]
2020/09/08 04:38:38:435

Connecting Started...

<<<----  [OUT]
2020/09/08 04:38:40:494

I can't connect with the passive [192.168.100.113/5000] error_code:10061 !

<<<----  [OUT]
2020/09/08 04:38:42:981

Connecting Started...

<<<----  [OUT]
2020/09/08 04:38:45:043

I can't connect with the passive [192.168.100.113/5000] error_code:10061 !

<<<----  [OUT]
2020/09/08 04:38:47:528

Connecting Started...

<<<----  [OUT]
2020/09/08 04:38:49:588

I can't connect with the passive [192.168.100.113/5000] error_code:10061 !

<<<----  [OUT]
2020/09/08 04:38:52:076

Connecting Started...

<<<----  [OUT]
2020/09/08 04:38:54:138

I can't connect with the passive [192.168.100.113/5000] error_code:10061 !

<<<----  [OUT]
2020/09/08 04:38:56:623

Connecting Started...

<<<----  [OUT]
2020/09/08 04:38:58:675

I can't connect with the passive [192.168.100.113/5000] error_code:10061 !

<<<----  [OUT]
2020/09/08 04:39:01:154

Connecting Started...

<<<----  [OUT]
2020/09/08 04:39:03:205

I can't connect with the passive [192.168.100.113/5000] error_code:10061 !

<<<----  [OUT]
2020/09/08 04:39:05:685

Connecting Started...

<<<----  [OUT]
2020/09/08 04:39:07:738

I can't connect with the passive [192.168.100.113/5000] error_code:10061 !

<<<----  [OUT]
2020/09/08 04:39:10:216

Connecting Started...

<<<----  [OUT]
2020/09/08 04:39:12:279

I can't connect with the passive [192.168.100.113/5000] error_code:10061 !

<<<----  [OUT]
2020/09/08 04:39:14:762

Connecting Started...

<<<----  [OUT]
2020/09/08 04:39:16:811

I can't connect with the passive [192.168.100.113/5000] error_code:10061 !

<<<----  [OUT]
2020/09/08 04:39:19:294

Connecting Started...

<<<----  [OUT]
2020/09/08 04:39:21:341

I can't connect with the passive [192.168.100.113/5000] error_code:10061 !

<<<----  [OUT]
2020/09/08 04:39:23:826

Connecting Started...

<<<----  [OUT]
2020/09/08 04:39:25:869

I can't connect with the passive [192.168.100.113/5000] error_code:10061 !

<<<----  [OUT]
2020/09/08 04:39:28:356

Connecting Started...

<<<----  [OUT]
2020/09/08 04:39:30:421

I can't connect with the passive [192.168.100.113/5000] error_code:10061 !

<<<----  [OUT]
2020/09/08 04:39:32:904

Connecting Started...

<<<----  [OUT]
2020/09/08 04:39:34:946

I can't connect with the passive [192.168.100.113/5000] error_code:10061 !

<<<----  [OUT]
2020/09/08 04:39:37:434

Connecting Started...

<<<----  [OUT]
2020/09/08 04:39:39:479

I can't connect with the passive [192.168.100.113/5000] error_code:10061 !

<<<----  [OUT]
2020/09/08 04:39:41:966

Connecting Started...

<<<----  [OUT]
2020/09/08 04:39:44:013

I can't connect with the passive [192.168.100.113/5000] error_code:10061 !

<<<----  [OUT]
2020/09/08 04:39:46:497

Connecting Started...

<<<----  [OUT]
2020/09/08 04:39:48:546

I can't connect with the passive [192.168.100.113/5000] error_code:10061 !

<<<----  [OUT]
2020/09/08 04:39:51:028

Connecting Started...

<<<----  [OUT]
2020/09/08 04:39:53:069

I can't connect with the passive [192.168.100.113/5000] error_code:10061 !

<<<----  [OUT]
2020/09/08 04:39:55:560

Connecting Started...

<<<----  [OUT]
2020/09/08 04:39:57:597

I can't connect with the passive [192.168.100.113/5000] error_code:10061 !

<<<----  [OUT]
2020/09/08 04:40:00:075

Connecting Started...

<<<----  [OUT]
2020/09/08 04:40:02:131

I can't connect with the passive [192.168.100.113/5000] error_code:10061 !

<<<----  [OUT]
2020/09/08 04:40:04:622

Connecting Started...

<<<----  [OUT]
2020/09/08 04:40:06:676

I can't connect with the passive [192.168.100.113/5000] error_code:10061 !

<<<----  [OUT]
2020/09/08 04:40:09:153

Connecting Started...

<<<----  [OUT]
2020/09/08 04:40:11:199

I can't connect with the passive [192.168.100.113/5000] error_code:10061 !

<<<----  [OUT]
2020/09/08 04:40:13:683

Connecting Started...

<<<----  [OUT]
2020/09/08 04:40:15:734

I can't connect with the passive [192.168.100.113/5000] error_code:10061 !

<<<----  [OUT]
2020/09/08 04:40:18:215

Connecting Started...

<<<----  [OUT]
2020/09/08 04:40:20:273

I can't connect with the passive [192.168.100.113/5000] error_code:10061 !

<<<----  [OUT]
2020/09/08 04:40:22:762

Connecting Started...

<<<----  [OUT]
2020/09/08 04:40:24:820

I can't connect with the passive [192.168.100.113/5000] error_code:10061 !

<<<----  [OUT]
2020/09/08 04:40:27:310

Connecting Started...

<<<----  [OUT]
2020/09/08 04:40:29:372

I can't connect with the passive [192.168.100.113/5000] error_code:10061 !

<<<----  [OUT]
2020/09/08 04:40:31:857

Connecting Started...

<<<----  [OUT]
2020/09/08 04:40:33:905

I can't connect with the passive [192.168.100.113/5000] error_code:10061 !

<<<----  [OUT]
2020/09/08 04:40:36:388

Connecting Started...

<<<----  [OUT]
2020/09/08 04:40:38:447

I can't connect with the passive [192.168.100.113/5000] error_code:10061 !

<<<----  [OUT]
2020/09/08 04:40:40:935

Connecting Started...

<<<----  [OUT]
2020/09/08 04:40:43:006

I can't connect with the passive [192.168.100.113/5000] error_code:10061 !

<<<----  [OUT]
2020/09/08 04:40:45:497

Connecting Started...

<<<----  [OUT]
2020/09/08 04:40:47:556

I can't connect with the passive [192.168.100.113/5000] error_code:10061 !

<<<----  [OUT]
2020/09/08 04:40:50:043

Connecting Started...

<<<----  [OUT]
2020/09/08 04:40:52:107

I can't connect with the passive [192.168.100.113/5000] error_code:10061 !

<<<----  [OUT]
2020/09/08 04:40:54:591

Connecting Started...

<<<----  [OUT]
2020/09/08 04:40:56:647

I can't connect with the passive [192.168.100.113/5000] error_code:10061 !

<<<----  [OUT]
2020/09/08 04:40:59:138

Connecting Started...

<<<----  [OUT]
2020/09/08 04:41:01:184

I can't connect with the passive [192.168.100.113/5000] error_code:10061 !

<<<----  [OUT]
2020/09/08 04:41:03:669

Connecting Started...

<<<----  [OUT]
2020/09/08 04:41:05:728

I can't connect with the passive [192.168.100.113/5000] error_code:10061 !

<<<----  [OUT]
2020/09/08 04:41:08:216

Connecting Started...

<<<----  [OUT]
2020/09/08 04:41:10:278

I can't connect with the passive [192.168.100.113/5000] error_code:10061 !

<<<----  [OUT]
2020/09/08 04:41:12:764

Connecting Started...

<<<----  [OUT]
2020/09/08 04:41:14:827

I can't connect with the passive [192.168.100.113/5000] error_code:10061 !

<<<----  [OUT]
2020/09/08 04:41:17:309

Connecting Started...

<<<----  [OUT]
2020/09/08 04:41:19:368

I can't connect with the passive [192.168.100.113/5000] error_code:10061 !

<<<----  [OUT]
2020/09/08 04:41:21:857

Connecting Started...

<<<----  [OUT]
2020/09/08 04:41:23:904

I can't connect with the passive [192.168.100.113/5000] error_code:10061 !

<<<----  [OUT]
2020/09/08 04:41:26:387

Connecting Started...

<<<----  [OUT]
2020/09/08 04:41:28:451

I can't connect with the passive [192.168.100.113/5000] error_code:10061 !

<<<----  [OUT]
2020/09/08 04:41:30:934

Connecting Started...

<<<----  [OUT]
2020/09/08 04:41:32:983

I can't connect with the passive [192.168.100.113/5000] error_code:10061 !

<<<----  [OUT]
2020/09/08 04:41:35:467

Connecting Started...

<<<----  [OUT]
2020/09/08 04:41:37:511

I can't connect with the passive [192.168.100.113/5000] error_code:10061 !

<<<----  [OUT]
2020/09/08 04:41:39:998

Connecting Started...

<<<----  [OUT]
2020/09/08 04:41:42:054

I can't connect with the passive [192.168.100.113/5000] error_code:10061 !

<<<----  [OUT]
2020/09/08 04:41:44:544

Connecting Started...

<<<----  [OUT]
2020/09/08 04:41:46:598

I can't connect with the passive [192.168.100.113/5000] error_code:10061 !

<<<----  [OUT]
2020/09/08 04:41:49:074

Connecting Started...

<<<----  [OUT]
2020/09/08 04:41:51:130

I can't connect with the passive [192.168.100.113/5000] error_code:10061 !

<<<----  [OUT]
2020/09/08 04:41:53:606

Connecting Started...

<<<----  [OUT]
2020/09/08 04:41:55:659

I can't connect with the passive [192.168.100.113/5000] error_code:10061 !

<<<----  [OUT]
2020/09/08 04:41:58:138

Connecting Started...

<<<----  [OUT]
2020/09/08 04:42:00:199

I can't connect with the passive [192.168.100.113/5000] error_code:10061 !

<<<----  [OUT]
2020/09/08 04:42:02:685

Connecting Started...

<<<----  [OUT]
2020/09/08 04:42:04:754

I can't connect with the passive [192.168.100.113/5000] error_code:10061 !

<<<----  [OUT]
2020/09/08 04:42:07:231

Connecting Started...

<<<----  [OUT]
2020/09/08 04:42:09:288

I can't connect with the passive [192.168.100.113/5000] error_code:10061 !

<<<----  [OUT]
2020/09/08 04:42:11:778

Connecting Started...

<<<----  [OUT]
2020/09/08 04:42:13:819

I can't connect with the passive [192.168.100.113/5000] error_code:10061 !

<<<----  [OUT]
2020/09/08 04:42:16:310

Connecting Started...

<<<----  [OUT]
2020/09/08 04:42:18:353

I can't connect with the passive [192.168.100.113/5000] error_code:10061 !

<<<----  [OUT]
2020/09/08 04:42:20:841

Connecting Started...

<<<----  [OUT]
2020/09/08 04:42:22:893

I can't connect with the passive [192.168.100.113/5000] error_code:10061 !

<<<----  [OUT]
2020/09/08 04:42:25:372

Connecting Started...

<<<----  [OUT]
2020/09/08 04:42:27:431

I can't connect with the passive [192.168.100.113/5000] error_code:10061 !

<<<----  [OUT]
2020/09/08 04:42:29:918

Connecting Started...

<<<----  [OUT]
2020/09/08 04:42:31:981

I can't connect with the passive [192.168.100.113/5000] error_code:10061 !

<<<----  [OUT]
2020/09/08 04:42:34:465

Connecting Started...

<<<----  [OUT]
2020/09/08 04:42:36:513

I can't connect with the passive [192.168.100.113/5000] error_code:10061 !

<<<----  [OUT]
2020/09/08 04:42:38:996

Connecting Started...

<<<----  [OUT]
2020/09/08 04:42:41:043

I can't connect with the passive [192.168.100.113/5000] error_code:10061 !

<<<----  [OUT]
2020/09/08 04:42:43:529

Connecting Started...

<<<----  [OUT]
2020/09/08 04:42:45:572

I can't connect with the passive [192.168.100.113/5000] error_code:10061 !

<<<----  [OUT]
2020/09/08 04:42:48:059

Connecting Started...

<<<----  [OUT]
2020/09/08 04:42:50:093

I can't connect with the passive [192.168.100.113/5000] error_code:10061 !

<<<----  [OUT]
2020/09/08 04:42:52:576

Connecting Started...

<<<----  [OUT]
2020/09/08 04:42:54:612

I can't connect with the passive [192.168.100.113/5000] error_code:10061 !

<<<----  [OUT]
2020/09/08 04:42:57:091

Connecting Started...

<<<----  [OUT]
2020/09/08 04:42:59:134

I can't connect with the passive [192.168.100.113/5000] error_code:10061 !

<<<----  [OUT]
2020/09/08 04:43:01:622

Connecting Started...

<<<----  [OUT]
2020/09/08 04:43:03:663

I can't connect with the passive [192.168.100.113/5000] error_code:10061 !

<<<----  [OUT]
2020/09/08 04:43:06:154

Connecting Started...

<<<----  [OUT]
2020/09/08 04:43:08:212

I can't connect with the passive [192.168.100.113/5000] error_code:10061 !

<<<----  [OUT]
2020/09/08 04:43:10:700

Connecting Started...

<<<----  [OUT]
2020/09/08 04:43:12:740

I can't connect with the passive [192.168.100.113/5000] error_code:10061 !

<<<----  [OUT]
2020/09/08 04:43:15:216

Connecting Started...

<<<----  [OUT]
2020/09/08 04:43:17:255

I can't connect with the passive [192.168.100.113/5000] error_code:10061 !

<<<----  [OUT]
2020/09/08 04:43:19:732

Connecting Started...

<<<----  [OUT]
2020/09/08 04:43:21:776

I can't connect with the passive [192.168.100.113/5000] error_code:10061 !

<<<----  [OUT]
2020/09/08 04:43:24:262

Connecting Started...

<<<----  [OUT]
2020/09/08 04:43:26:310

I can't connect with the passive [192.168.100.113/5000] error_code:10061 !

<<<----  [OUT]
2020/09/08 04:43:28:795

Connecting Started...

<<<----  [OUT]
2020/09/08 04:43:30:843

I can't connect with the passive [192.168.100.113/5000] error_code:10061 !

<<<----  [OUT]
2020/09/08 04:43:33:326

Connecting Started...

<<<----  [OUT]
2020/09/08 04:43:35:381

I can't connect with the passive [192.168.100.113/5000] error_code:10061 !

<<<----  [OUT]
2020/09/08 04:43:37:872

Connecting Started...

<<<----  [OUT]
2020/09/08 04:43:39:923

I can't connect with the passive [192.168.100.113/5000] error_code:10061 !

<<<----  [OUT]
2020/09/08 04:43:42:403

Connecting Started...

<<<----  [OUT]
2020/09/08 04:43:44:444

I can't connect with the passive [192.168.100.113/5000] error_code:10061 !

<<<----  [OUT]
2020/09/08 04:43:46:935

Connecting Started...

<<<----  [OUT]
2020/09/08 04:43:48:974

I can't connect with the passive [192.168.100.113/5000] error_code:10061 !

<<<----  [OUT]
2020/09/08 04:43:51:450

Connecting Started...

<<<----  [OUT]
2020/09/08 04:43:53:489

I can't connect with the passive [192.168.100.113/5000] error_code:10061 !

<<<----  [OUT]
2020/09/08 04:43:55:965

Connecting Started...

<<<----  [OUT]
2020/09/08 04:43:58:010

I can't connect with the passive [192.168.100.113/5000] error_code:10061 !

<<<----  [OUT]
2020/09/08 04:44:00:497

Connecting Started...

<<<----  [OUT]
2020/09/08 04:44:02:544

I can't connect with the passive [192.168.100.113/5000] error_code:10061 !

<<<----  [OUT]
2020/09/08 04:44:05:028

Connecting Started...

<<<----  [OUT]
2020/09/08 04:44:07:073

I can't connect with the passive [192.168.100.113/5000] error_code:10061 !

<<<----  [OUT]
2020/09/08 04:44:09:560

Connecting Started...

<<<----  [OUT]
2020/09/08 04:44:11:603

I can't connect with the passive [192.168.100.113/5000] error_code:10061 !

<<<----  [OUT]
2020/09/08 04:44:14:092

Connecting Started...

<<<----  [OUT]
2020/09/08 04:44:16:135

I can't connect with the passive [192.168.100.113/5000] error_code:10061 !

<<<----  [OUT]
2020/09/08 04:44:18:622

Connecting Started...

<<<----  [OUT]
2020/09/08 04:44:20:669

I can't connect with the passive [192.168.100.113/5000] error_code:10061 !

<<<----  [OUT]
2020/09/08 04:44:23:153

Connecting Started...

<<<----  [OUT]
2020/09/08 04:44:25:221

I can't connect with the passive [192.168.100.113/5000] error_code:10061 !

<<<----  [OUT]
2020/09/08 04:44:27:700

Connecting Started...

<<<----  [OUT]
2020/09/08 04:44:29:757

I can't connect with the passive [192.168.100.113/5000] error_code:10061 !

<<<----  [OUT]
2020/09/08 04:44:32:246

Connecting Started...

<<<----  [OUT]
2020/09/08 04:44:34:312

I can't connect with the passive [192.168.100.113/5000] error_code:10061 !

<<<----  [OUT]
2020/09/08 04:44:36:794

Connecting Started...

<<<----  [OUT]
2020/09/08 04:44:38:842

I can't connect with the passive [192.168.100.113/5000] error_code:10061 !

<<<----  [OUT]
2020/09/08 04:44:41:326

Connecting Started...

<<<----  [OUT]
2020/09/08 04:44:43:389

I can't connect with the passive [192.168.100.113/5000] error_code:10061 !

<<<----  [OUT]
2020/09/08 04:44:45:872

Connecting Started...

<<<----  [OUT]
2020/09/08 04:44:47:922

I can't connect with the passive [192.168.100.113/5000] error_code:10061 !

<<<----  [OUT]
2020/09/08 04:44:50:402

Connecting Started...

<<<----  [OUT]
2020/09/08 04:44:52:452

I can't connect with the passive [192.168.100.113/5000] error_code:10061 !

<<<----  [OUT]
2020/09/08 04:44:54:935

Connecting Started...

<<<----  [OUT]
2020/09/08 04:44:56:985

I can't connect with the passive [192.168.100.113/5000] error_code:10061 !

<<<----  [OUT]
2020/09/08 04:44:59:465

Connecting Started...

<<<----  [OUT]
2020/09/08 04:45:01:522

I can't connect with the passive [192.168.100.113/5000] error_code:10061 !

<<<----  [OUT]
2020/09/08 04:45:04:012

Connecting Started...

<<<----  [OUT]
2020/09/08 04:45:06:070

I can't connect with the passive [192.168.100.113/5000] error_code:10061 !

<<<----  [OUT]
2020/09/08 04:45:08:559

Connecting Started...

<<<----  [OUT]
2020/09/08 04:45:10:606

I can't connect with the passive [192.168.100.113/5000] error_code:10061 !

<<<----  [OUT]
2020/09/08 04:45:13:090

Connecting Started...

<<<----  [OUT]
2020/09/08 04:45:15:132

I can't connect with the passive [192.168.100.113/5000] error_code:10061 !

<<<----  [OUT]
2020/09/08 04:45:17:623

Connecting Started...

<<<----  [OUT]
2020/09/08 04:45:19:684

I can't connect with the passive [192.168.100.113/5000] error_code:10061 !

<<<----  [OUT]
2020/09/08 04:45:22:168

Connecting Started...

<<<----  [OUT]
2020/09/08 04:45:24:217

I can't connect with the passive [192.168.100.113/5000] error_code:10061 !

<<<----  [OUT]
2020/09/08 04:45:26:699

Connecting Started...

<<<----  [OUT]
2020/09/08 04:45:28:767

I can't connect with the passive [192.168.100.113/5000] error_code:10061 !

<<<----  [OUT]
2020/09/08 04:45:31:247

Connecting Started...

<<<----  [OUT]
2020/09/08 04:45:33:301

I can't connect with the passive [192.168.100.113/5000] error_code:10061 !

<<<----  [OUT]
2020/09/08 04:45:35:779

Connecting Started...

<<<----  [OUT]
2020/09/08 04:45:37:824

I can't connect with the passive [192.168.100.113/5000] error_code:10061 !

<<<----  [OUT]
2020/09/08 04:45:40:309

Connecting Started...

<<<----  [OUT]
2020/09/08 04:45:42:357

I can't connect with the passive [192.168.100.113/5000] error_code:10061 !

<<<----  [OUT]
2020/09/08 04:45:44:841

Connecting Started...

<<<----  [OUT]
2020/09/08 04:45:46:893

I can't connect with the passive [192.168.100.113/5000] error_code:10061 !

<<<----  [OUT]
2020/09/08 04:45:49:373

Connecting Started...

<<<----  [OUT]
2020/09/08 04:45:51:437

I can't connect with the passive [192.168.100.113/5000] error_code:10061 !

<<<----  [OUT]
2020/09/08 04:45:53:920

Connecting Started...

<<<----  [OUT]
2020/09/08 04:45:55:968

I can't connect with the passive [192.168.100.113/5000] error_code:10061 !

<<<----  [OUT]
2020/09/08 04:45:58:450

Connecting Started...

<<<----  [OUT]
2020/09/08 04:46:00:503

I can't connect with the passive [192.168.100.113/5000] error_code:10061 !

<<<----  [OUT]
2020/09/08 04:46:02:982

Connecting Started...

<<<----  [OUT]
2020/09/08 04:46:05:043

I can't connect with the passive [192.168.100.113/5000] error_code:10061 !

<<<----  [OUT]
2020/09/08 04:46:07:528

Connecting Started...

<<<----  [OUT]
2020/09/08 04:46:09:592

I can't connect with the passive [192.168.100.113/5000] error_code:10061 !

<<<----  [OUT]
2020/09/08 04:46:12:075

Connecting Started...

<<<----  [OUT]
2020/09/08 04:46:14:121

I can't connect with the passive [192.168.100.113/5000] error_code:10061 !

<<<----  [OUT]
2020/09/08 04:46:16:606

Connecting Started...

<<<----  [OUT]
2020/09/08 04:46:18:659

I can't connect with the passive [192.168.100.113/5000] error_code:10061 !

<<<----  [OUT]
2020/09/08 04:46:21:138

Connecting Started...

<<<----  [OUT]
2020/09/08 04:46:23:193

I can't connect with the passive [192.168.100.113/5000] error_code:10061 !

<<<----  [OUT]
2020/09/08 04:46:25:685

Connecting Started...

<<<----  [OUT]
2020/09/08 04:46:27:739

I can't connect with the passive [192.168.100.113/5000] error_code:10061 !

<<<----  [OUT]
2020/09/08 04:46:30:217

Connecting Started...

<<<----  [OUT]
2020/09/08 04:46:32:279

I can't connect with the passive [192.168.100.113/5000] error_code:10061 !

<<<----  [OUT]
2020/09/08 04:46:34:763

Connecting Started...

<<<----  [OUT]
2020/09/08 04:46:36:820

I can't connect with the passive [192.168.100.113/5000] error_code:10061 !

<<<----  [OUT]
2020/09/08 04:46:39:310

Connecting Started...

<<<----  [OUT]
2020/09/08 04:46:41:371

I can't connect with the passive [192.168.100.113/5000] error_code:10061 !

<<<----  [OUT]
2020/09/08 04:46:43:857

Connecting Started...

<<<----  [OUT]
2020/09/08 04:46:45:924

I can't connect with the passive [192.168.100.113/5000] error_code:10061 !

<<<----  [OUT]
2020/09/08 04:46:48:404

Connecting Started...

<<<----  [OUT]
2020/09/08 04:46:50:459

I can't connect with the passive [192.168.100.113/5000] error_code:10061 !

<<<----  [OUT]
2020/09/08 04:46:52:951

Connecting Started...

<<<----  [OUT]
2020/09/08 04:46:55:002

I can't connect with the passive [192.168.100.113/5000] error_code:10061 !

<<<----  [OUT]
2020/09/08 04:46:57:482

Connecting Started...

<<<----  [OUT]
2020/09/08 04:46:59:533

I can't connect with the passive [192.168.100.113/5000] error_code:10061 !

<<<----  [OUT]
2020/09/08 04:47:02:011

Connecting Started...

<<<----  [OUT]
2020/09/08 04:47:04:071

I can't connect with the passive [192.168.100.113/5000] error_code:10061 !

<<<----  [OUT]
2020/09/08 04:47:06:560

Connecting Started...

<<<----  [OUT]
2020/09/08 04:47:08:624

I can't connect with the passive [192.168.100.113/5000] error_code:10061 !

<<<----  [OUT]
2020/09/08 04:47:11:107

Connecting Started...

<<<----  [OUT]
2020/09/08 04:47:13:131

I can't connect with the passive [192.168.100.113/5000] error_code:10061 !

<<<----  [OUT]
2020/09/08 04:47:15:621

Connecting Started...

<<<----  [OUT]
2020/09/08 04:47:17:654

I can't connect with the passive [192.168.100.113/5000] error_code:10061 !

<<<----  [OUT]
2020/09/08 04:47:20:137

Connecting Started...

<<<----  [OUT]
2020/09/08 04:47:22:179

I can't connect with the passive [192.168.100.113/5000] error_code:10061 !

<<<----  [OUT]
2020/09/08 04:47:24:670

Connecting Started...

<<<----  [OUT]
2020/09/08 04:47:26:713

I can't connect with the passive [192.168.100.113/5000] error_code:10061 !

<<<----  [OUT]
2020/09/08 04:47:29:200

Connecting Started...

<<<----  [OUT]
2020/09/08 04:47:31:233

I can't connect with the passive [192.168.100.113/5000] error_code:10061 !

<<<----  [OUT]
2020/09/08 04:47:33:717

Connecting Started...

<<<----  [OUT]
2020/09/08 04:47:35:759

I can't connect with the passive [192.168.100.113/5000] error_code:10061 !

<<<----  [OUT]
2020/09/08 04:47:38:248

Connecting Started...

<<<----  [OUT]
2020/09/08 04:47:40:280

I can't connect with the passive [192.168.100.113/5000] error_code:10061 !

<<<----  [OUT]
2020/09/08 04:47:42:762

Connecting Started...

<<<----  [OUT]
2020/09/08 04:47:44:808

I can't connect with the passive [192.168.100.113/5000] error_code:10061 !

<<<----  [OUT]
2020/09/08 04:47:47:293

Connecting Started...

<<<----  [OUT]
2020/09/08 04:47:49:332

I can't connect with the passive [192.168.100.113/5000] error_code:10061 !

<<<----  [OUT]
2020/09/08 04:47:51:810

Connecting Started...

<<<----  [OUT]
2020/09/08 04:47:53:862

I can't connect with the passive [192.168.100.113/5000] error_code:10061 !

<<<----  [OUT]
2020/09/08 04:47:56:340

Connecting Started...

<<<----  [OUT]
2020/09/08 04:47:58:394

I can't connect with the passive [192.168.100.113/5000] error_code:10061 !

<<<----  [OUT]
2020/09/08 04:48:00:871

Connecting Started...

<<<----  [OUT]
2020/09/08 04:48:02:914

I can't connect with the passive [192.168.100.113/5000] error_code:10061 !

<<<----  [OUT]
2020/09/08 04:48:05:403

Connecting Started...

<<<----  [OUT]
2020/09/08 04:48:07:449

I can't connect with the passive [192.168.100.113/5000] error_code:10061 !

<<<----  [OUT]
2020/09/08 04:48:09:935

Connecting Started...

<<<----  [OUT]
2020/09/08 04:48:11:988

I can't connect with the passive [192.168.100.113/5000] error_code:10061 !

<<<----  [OUT]
2020/09/08 04:48:14:467

Connecting Started...

<<<----  [OUT]
2020/09/08 04:48:16:509

I can't connect with the passive [192.168.100.113/5000] error_code:10061 !

<<<----  [OUT]
2020/09/08 04:48:18:998

Connecting Started...

<<<----  [OUT]
2020/09/08 04:48:21:043

I can't connect with the passive [192.168.100.113/5000] error_code:10061 !

<<<----  [OUT]
2020/09/08 04:48:23:527

Connecting Started...

<<<----  [OUT]
2020/09/08 04:48:25:577

I can't connect with the passive [192.168.100.113/5000] error_code:10061 !

<<<----  [OUT]
2020/09/08 04:48:28:059

Connecting Started...

<<<----  [OUT]
2020/09/08 04:48:30:095

I can't connect with the passive [192.168.100.113/5000] error_code:10061 !

<<<----  [OUT]
2020/09/08 04:48:32:575

Connecting Started...

<<<----  [OUT]
2020/09/08 04:48:34:613

I can't connect with the passive [192.168.100.113/5000] error_code:10061 !

<<<----  [OUT]
2020/09/08 04:48:37:091

Connecting Started...

<<<----  [OUT]
2020/09/08 04:48:39:138

I can't connect with the passive [192.168.100.113/5000] error_code:10061 !

<<<----  [OUT]
2020/09/08 04:48:41:621

Connecting Started...

<<<----  [OUT]
2020/09/08 04:48:43:672

I can't connect with the passive [192.168.100.113/5000] error_code:10061 !

<<<----  [OUT]
2020/09/08 04:48:46:154

Connecting Started...

<<<----  [OUT]
2020/09/08 04:48:48:210

I can't connect with the passive [192.168.100.113/5000] error_code:10061 !

<<<----  [OUT]
2020/09/08 04:48:50:701

Connecting Started...

<<<----  [OUT]
2020/09/08 04:48:52:751

I can't connect with the passive [192.168.100.113/5000] error_code:10061 !

<<<----  [OUT]
2020/09/08 04:48:55:232

Connecting Started...

<<<----  [OUT]
2020/09/08 04:48:57:282

I can't connect with the passive [192.168.100.113/5000] error_code:10061 !

<<<----  [OUT]
2020/09/08 04:48:59:764

Connecting Started...

<<<----  [OUT]
2020/09/08 04:49:01:809

I can't connect with the passive [192.168.100.113/5000] error_code:10061 !

<<<----  [OUT]
2020/09/08 04:49:04:293

Connecting Started...

<<<----  [OUT]
2020/09/08 04:49:06:354

I can't connect with the passive [192.168.100.113/5000] error_code:10061 !

<<<----  [OUT]
2020/09/08 04:49:08:841

Connecting Started...

<<<----  [OUT]
2020/09/08 04:49:10:896

I can't connect with the passive [192.168.100.113/5000] error_code:10061 !

<<<----  [OUT]
2020/09/08 04:49:13:372

Connecting Started...

<<<----  [OUT]
2020/09/08 04:49:15:408

I can't connect with the passive [192.168.100.113/5000] error_code:10061 !

<<<----  [OUT]
2020/09/08 04:49:17:887

Connecting Started...

<<<----  [OUT]
2020/09/08 04:49:19:929

I can't connect with the passive [192.168.100.113/5000] error_code:10061 !

<<<----  [OUT]
2020/09/08 04:49:22:418

Connecting Started...

<<<----  [OUT]
2020/09/08 04:49:24:468

I can't connect with the passive [192.168.100.113/5000] error_code:10061 !

<<<----  [OUT]
2020/09/08 04:49:26:950

Connecting Started...

<<<----  [OUT]
2020/09/08 04:49:28:984

I can't connect with the passive [192.168.100.113/5000] error_code:10061 !

<<<----  [OUT]
2020/09/08 04:49:31:467

Connecting Started...

<<<----  [OUT]
2020/09/08 04:49:33:514

I can't connect with the passive [192.168.100.113/5000] error_code:10061 !

<<<----  [OUT]
2020/09/08 04:49:35:997

Connecting Started...

<<<----  [OUT]
2020/09/08 04:49:38:034

I can't connect with the passive [192.168.100.113/5000] error_code:10061 !

<<<----  [OUT]
2020/09/08 04:49:40:513

Connecting Started...

<<<----  [OUT]
2020/09/08 04:49:42:547

I can't connect with the passive [192.168.100.113/5000] error_code:10061 !

<<<----  [OUT]
2020/09/08 04:49:45:028

Connecting Started...

<<<----  [OUT]
2020/09/08 04:49:47:067

I can't connect with the passive [192.168.100.113/5000] error_code:10061 !

<<<----  [OUT]
2020/09/08 04:49:49:544

Connecting Started...

<<<----  [OUT]
2020/09/08 04:49:51:588

I can't connect with the passive [192.168.100.113/5000] error_code:10061 !

<<<----  [OUT]
2020/09/08 04:49:54:074

Connecting Started...

<<<----  [OUT]
2020/09/08 04:49:56:126

I can't connect with the passive [192.168.100.113/5000] error_code:10061 !

<<<----  [OUT]
2020/09/08 04:49:58:606

Connecting Started...

<<<----  [OUT]
2020/09/08 04:50:00:663

I can't connect with the passive [192.168.100.113/5000] error_code:10061 !

<<<----  [OUT]
2020/09/08 04:50:03:153

Connecting Started...

<<<----  [OUT]
2020/09/08 04:50:05:195

I can't connect with the passive [192.168.100.113/5000] error_code:10061 !

<<<----  [OUT]
2020/09/08 04:50:07:684

Connecting Started...

<<<----  [OUT]
2020/09/08 04:50:09:739

I can't connect with the passive [192.168.100.113/5000] error_code:10061 !

<<<----  [OUT]
2020/09/08 04:50:12:215

Connecting Started...

<<<----  [OUT]
2020/09/08 04:50:14:260

I can't connect with the passive [192.168.100.113/5000] error_code:10061 !

<<<----  [OUT]
2020/09/08 04:50:16:748

Connecting Started...

<<<----  [OUT]
2020/09/08 04:50:18:803

I can't connect with the passive [192.168.100.113/5000] error_code:10061 !

<<<----  [OUT]
2020/09/08 04:50:21:295

Connecting Started...

<<<----  [OUT]
2020/09/08 04:50:23:347

I can't connect with the passive [192.168.100.113/5000] error_code:10061 !

<<<----  [OUT]
2020/09/08 04:50:25:825

Connecting Started...

<<<----  [OUT]
2020/09/08 04:50:27:881

I can't connect with the passive [192.168.100.113/5000] error_code:10061 !

<<<----  [OUT]
2020/09/08 04:50:30:372

Connecting Started...

<<<----  [OUT]
2020/09/08 04:50:32:430

I can't connect with the passive [192.168.100.113/5000] error_code:10061 !

<<<----  [OUT]
2020/09/08 04:50:34:918

Connecting Started...

<<<----  [OUT]
2020/09/08 04:50:36:973

I can't connect with the passive [192.168.100.113/5000] error_code:10061 !

<<<----  [OUT]
2020/09/08 04:50:39:451

Connecting Started...

<<<----  [OUT]
2020/09/08 04:50:41:504

I can't connect with the passive [192.168.100.113/5000] error_code:10061 !

<<<----  [OUT]
2020/09/08 04:50:43:982

Connecting Started...

<<<----  [OUT]
2020/09/08 04:50:46:035

I can't connect with the passive [192.168.100.113/5000] error_code:10061 !

<<<----  [OUT]
2020/09/08 04:50:48:512

Connecting Started...

<<<----  [OUT]
2020/09/08 04:50:50:568

I can't connect with the passive [192.168.100.113/5000] error_code:10061 !

<<<----  [OUT]
2020/09/08 04:50:53:060

Connecting Started...

<<<----  [OUT]
2020/09/08 04:50:55:115

I can't connect with the passive [192.168.100.113/5000] error_code:10061 !

<<<----  [OUT]
2020/09/08 04:50:57:605

Connecting Started...

<<<----  [OUT]
2020/09/08 04:50:59:661

I can't connect with the passive [192.168.100.113/5000] error_code:10061 !

<<<----  [OUT]
2020/09/08 04:51:02:137

Connecting Started...

<<<----  [OUT]
2020/09/08 04:51:04:208

I can't connect with the passive [192.168.100.113/5000] error_code:10061 !

<<<----  [OUT]
2020/09/08 04:51:06:684

Connecting Started...

<<<----  [OUT]
2020/09/08 04:51:08:739

I can't connect with the passive [192.168.100.113/5000] error_code:10061 !

<<<----  [OUT]
2020/09/08 04:51:11:215

Connecting Started...

<<<----  [OUT]
2020/09/08 04:51:13:275

I can't connect with the passive [192.168.100.113/5000] error_code:10061 !

<<<----  [OUT]
2020/09/08 04:51:15:763

Connecting Started...

<<<----  [OUT]
2020/09/08 04:51:17:821

I can't connect with the passive [192.168.100.113/5000] error_code:10061 !

<<<----  [OUT]
2020/09/08 04:51:20:309

Connecting Started...

<<<----  [OUT]
2020/09/08 04:51:22:370

I can't connect with the passive [192.168.100.113/5000] error_code:10061 !

<<<----  [OUT]
2020/09/08 04:51:24:856

Connecting Started...

<<<----  [OUT]
2020/09/08 04:51:26:921

I can't connect with the passive [192.168.100.113/5000] error_code:10061 !

<<<----  [OUT]
2020/09/08 04:51:29:402

Connecting Started...

<<<----  [OUT]
2020/09/08 04:51:31:457

I can't connect with the passive [192.168.100.113/5000] error_code:10061 !

<<<----  [OUT]
2020/09/08 04:51:33:935

Connecting Started...

<<<----  [OUT]
2020/09/08 04:51:35:960

I can't connect with the passive [192.168.100.113/5000] error_code:10061 !

<<<----  [OUT]
2020/09/08 04:51:38:449

Connecting Started...

<<<----  [OUT]
2020/09/08 04:51:40:515

I can't connect with the passive [192.168.100.113/5000] error_code:10061 !

<<<----  [OUT]
2020/09/08 04:51:42:997

Connecting Started...

<<<----  [OUT]
2020/09/08 04:51:45:053

I can't connect with the passive [192.168.100.113/5000] error_code:10061 !

<<<----  [OUT]
2020/09/08 04:51:47:544

Connecting Started...

<<<----  [OUT]
2020/09/08 04:51:49:598

I can't connect with the passive [192.168.100.113/5000] error_code:10061 !

<<<----  [OUT]
2020/09/08 04:51:52:076

Connecting Started...

<<<----  [OUT]
2020/09/08 04:51:54:140

I can't connect with the passive [192.168.100.113/5000] error_code:10061 !

<<<----  [OUT]
2020/09/08 04:51:56:623

Connecting Started...

<<<----  [OUT]
2020/09/08 04:51:58:675

I can't connect with the passive [192.168.100.113/5000] error_code:10061 !

<<<----  [OUT]
2020/09/08 04:52:01:154

Connecting Started...

<<<----  [OUT]
2020/09/08 04:52:03:220

I can't connect with the passive [192.168.100.113/5000] error_code:10061 !

<<<----  [OUT]
2020/09/08 04:52:05:700

Connecting Started...

<<<----  [OUT]
2020/09/08 04:52:07:753

I can't connect with the passive [192.168.100.113/5000] error_code:10061 !

<<<----  [OUT]
2020/09/08 04:52:10:231

Connecting Started...

<<<----  [OUT]
2020/09/08 04:52:12:286

I can't connect with the passive [192.168.100.113/5000] error_code:10061 !

<<<----  [OUT]
2020/09/08 04:52:14:762

Connecting Started...

<<<----  [OUT]
2020/09/08 04:52:16:819

I can't connect with the passive [192.168.100.113/5000] error_code:10061 !

<<<----  [OUT]
2020/09/08 04:52:19:310

Connecting Started...

<<<----  [OUT]
2020/09/08 04:52:21:375

I can't connect with the passive [192.168.100.113/5000] error_code:10061 !

<<<----  [OUT]
2020/09/08 04:52:23:857

Connecting Started...

<<<----  [OUT]
2020/09/08 04:52:25:906

I can't connect with the passive [192.168.100.113/5000] error_code:10061 !

<<<----  [OUT]
2020/09/08 04:52:28:389

Connecting Started...

<<<----  [OUT]
2020/09/08 04:52:30:450

I can't connect with the passive [192.168.100.113/5000] error_code:10061 !

<<<----  [OUT]
2020/09/08 04:52:32:936

Connecting Started...

<<<----  [OUT]
2020/09/08 04:52:34:987

I can't connect with the passive [192.168.100.113/5000] error_code:10061 !

<<<----  [OUT]
2020/09/08 04:52:37:466

Connecting Started...

<<<----  [OUT]
2020/09/08 04:52:39:521

I can't connect with the passive [192.168.100.113/5000] error_code:10061 !

<<<----  [OUT]
2020/09/08 04:52:41:997

Connecting Started...

<<<----  [OUT]
2020/09/08 04:52:44:048

I can't connect with the passive [192.168.100.113/5000] error_code:10061 !

<<<----  [OUT]
2020/09/08 04:52:46:527

Connecting Started...

<<<----  [OUT]
2020/09/08 04:52:48:575

I can't connect with the passive [192.168.100.113/5000] error_code:10061 !

<<<----  [OUT]
2020/09/08 04:52:51:060

Connecting Started...

<<<----  [OUT]
2020/09/08 04:52:53:112

I can't connect with the passive [192.168.100.113/5000] error_code:10061 !

<<<----  [OUT]
2020/09/08 04:52:55:590

Connecting Started...

<<<----  [OUT]
2020/09/08 04:52:57:646

I can't connect with the passive [192.168.100.113/5000] error_code:10061 !

<<<----  [OUT]
2020/09/08 04:53:00:137

Connecting Started...

<<<----  [OUT]
2020/09/08 04:53:02:185

I can't connect with the passive [192.168.100.113/5000] error_code:10061 !

<<<----  [OUT]
2020/09/08 04:53:04:670

Connecting Started...

<<<----  [OUT]
2020/09/08 04:53:06:719

I can't connect with the passive [192.168.100.113/5000] error_code:10061 !

<<<----  [OUT]
2020/09/08 04:53:09:200

Connecting Started...

<<<----  [OUT]
2020/09/08 04:53:11:257

I can't connect with the passive [192.168.100.113/5000] error_code:10061 !

<<<----  [OUT]
2020/09/08 04:53:13:747

Connecting Started...

<<<----  [OUT]
2020/09/08 04:53:15:809

I can't connect with the passive [192.168.100.113/5000] error_code:10061 !

<<<----  [OUT]
2020/09/08 04:53:18:294

Connecting Started...

<<<----  [OUT]
2020/09/08 04:53:20:364

I can't connect with the passive [192.168.100.113/5000] error_code:10061 !

<<<----  [OUT]
2020/09/08 04:53:22:841

Connecting Started...

<<<----  [OUT]
2020/09/08 04:53:24:899

I can't connect with the passive [192.168.100.113/5000] error_code:10061 !

<<<----  [OUT]
2020/09/08 04:53:27:387

Connecting Started...

<<<----  [OUT]
2020/09/08 04:53:29:454

I can't connect with the passive [192.168.100.113/5000] error_code:10061 !

<<<----  [OUT]
2020/09/08 04:53:31:935

Connecting Started...

<<<----  [OUT]
2020/09/08 04:53:33:987

I can't connect with the passive [192.168.100.113/5000] error_code:10061 !

<<<----  [OUT]
2020/09/08 04:53:36:466

Connecting Started...

<<<----  [OUT]
2020/09/08 04:53:38:503

I can't connect with the passive [192.168.100.113/5000] error_code:10061 !

<<<----  [OUT]
2020/09/08 04:53:40:981

Connecting Started...

<<<----  [OUT]
2020/09/08 04:53:43:032

I can't connect with the passive [192.168.100.113/5000] error_code:10061 !

<<<----  [OUT]
2020/09/08 04:53:45:512

Connecting Started...

<<<----  [OUT]
2020/09/08 04:53:47:575

I can't connect with the passive [192.168.100.113/5000] error_code:10061 !

<<<----  [OUT]
2020/09/08 04:53:50:060

Connecting Started...

<<<----  [OUT]
2020/09/08 04:53:52:113

I can't connect with the passive [192.168.100.113/5000] error_code:10061 !

<<<----  [OUT]
2020/09/08 04:53:54:590

Connecting Started...

<<<----  [OUT]
2020/09/08 04:53:56:651

I can't connect with the passive [192.168.100.113/5000] error_code:10061 !

<<<----  [OUT]
2020/09/08 04:53:59:138

Connecting Started...

<<<----  [OUT]
2020/09/08 04:54:01:190

I can't connect with the passive [192.168.100.113/5000] error_code:10061 !

<<<----  [OUT]
2020/09/08 04:54:03:670

Connecting Started...

<<<----  [OUT]
2020/09/08 04:54:05:724

I can't connect with the passive [192.168.100.113/5000] error_code:10061 !

<<<----  [OUT]
2020/09/08 04:54:08:215

Connecting Started...

<<<----  [OUT]
2020/09/08 04:54:10:267

I can't connect with the passive [192.168.100.113/5000] error_code:10061 !

<<<----  [OUT]
2020/09/08 04:54:12:747

Connecting Started...

<<<----  [OUT]
2020/09/08 04:54:14:809

I can't connect with the passive [192.168.100.113/5000] error_code:10061 !

<<<----  [OUT]
2020/09/08 04:54:17:294

Connecting Started...

<<<----  [OUT]
2020/09/08 04:54:19:353

I can't connect with the passive [192.168.100.113/5000] error_code:10061 !

<<<----  [OUT]
2020/09/08 04:54:21:841

Connecting Started...

<<<----  [OUT]
2020/09/08 04:54:23:880

I can't connect with the passive [192.168.100.113/5000] error_code:10061 !

<<<----  [OUT]
2020/09/08 04:54:26:356

Connecting Started...

<<<----  [OUT]
2020/09/08 04:54:28:393

I can't connect with the passive [192.168.100.113/5000] error_code:10061 !

<<<----  [OUT]
2020/09/08 04:54:30:872

Connecting Started...

<<<----  [OUT]
2020/09/08 04:54:32:910

I can't connect with the passive [192.168.100.113/5000] error_code:10061 !

<<<----  [OUT]
2020/09/08 04:54:35:387

Connecting Started...

<<<----  [OUT]
2020/09/08 04:54:37:437

I can't connect with the passive [192.168.100.113/5000] error_code:10061 !

<<<----  [OUT]
2020/09/08 04:54:39:920

Connecting Started...

<<<----  [OUT]
2020/09/08 04:54:41:957

I can't connect with the passive [192.168.100.113/5000] error_code:10061 !

<<<----  [OUT]
2020/09/08 04:54:44:435

Connecting Started...

<<<----  [OUT]
2020/09/08 04:54:46:484

I can't connect with the passive [192.168.100.113/5000] error_code:10061 !

<<<----  [OUT]
2020/09/08 04:54:48:967

Connecting Started...

<<<----  [OUT]
2020/09/08 04:54:51:018

I can't connect with the passive [192.168.100.113/5000] error_code:10061 !

<<<----  [OUT]
2020/09/08 04:54:53:497

Connecting Started...

<<<----  [OUT]
2020/09/08 04:54:55:527

I can't connect with the passive [192.168.100.113/5000] error_code:10061 !

<<<----  [OUT]
2020/09/08 04:54:58:012

Connecting Started...

<<<----  [OUT]
2020/09/08 04:55:00:051

I can't connect with the passive [192.168.100.113/5000] error_code:10061 !

<<<----  [OUT]
2020/09/08 04:55:02:527

Connecting Started...

<<<----  [OUT]
2020/09/08 04:55:04:578

I can't connect with the passive [192.168.100.113/5000] error_code:10061 !

<<<----  [OUT]
2020/09/08 04:55:07:059

Connecting Started...

<<<----  [OUT]
2020/09/08 04:55:09:104

I can't connect with the passive [192.168.100.113/5000] error_code:10061 !

<<<----  [OUT]
2020/09/08 04:55:11:590

Connecting Started...

<<<----  [OUT]
2020/09/08 04:55:13:637

I can't connect with the passive [192.168.100.113/5000] error_code:10061 !

<<<----  [OUT]
2020/09/08 04:55:16:121

Connecting Started...

<<<----  [OUT]
2020/09/08 04:55:18:156

I can't connect with the passive [192.168.100.113/5000] error_code:10061 !

<<<----  [OUT]
2020/09/08 04:55:20:638

Connecting Started...

<<<----  [OUT]
2020/09/08 04:55:22:684

I can't connect with the passive [192.168.100.113/5000] error_code:10061 !

<<<----  [OUT]
2020/09/08 04:55:25:168

Connecting Started...

<<<----  [OUT]
2020/09/08 04:55:27:213

I can't connect with the passive [192.168.100.113/5000] error_code:10061 !

<<<----  [OUT]
2020/09/08 04:55:29:700

Connecting Started...

<<<----  [OUT]
2020/09/08 04:55:31:746

I can't connect with the passive [192.168.100.113/5000] error_code:10061 !

<<<----  [OUT]
2020/09/08 04:55:34:231

Connecting Started...

<<<----  [OUT]
2020/09/08 04:55:36:283

I can't connect with the passive [192.168.100.113/5000] error_code:10061 !

<<<----  [OUT]
2020/09/08 04:55:38:763

Connecting Started...

<<<----  [OUT]
2020/09/08 04:55:40:814

I can't connect with the passive [192.168.100.113/5000] error_code:10061 !

<<<----  [OUT]
2020/09/08 04:55:43:295

Connecting Started...

<<<----  [OUT]
2020/09/08 04:55:45:347

I can't connect with the passive [192.168.100.113/5000] error_code:10061 !

<<<----  [OUT]
2020/09/08 04:55:47:824

Connecting Started...

<<<----  [OUT]
2020/09/08 04:55:49:867

I can't connect with the passive [192.168.100.113/5000] error_code:10061 !

<<<----  [OUT]
2020/09/08 04:55:52:356

Connecting Started...

<<<----  [OUT]
2020/09/08 04:55:54:406

I can't connect with the passive [192.168.100.113/5000] error_code:10061 !

<<<----  [OUT]
2020/09/08 04:55:56:888

Connecting Started...

<<<----  [OUT]
2020/09/08 04:55:58:918

I can't connect with the passive [192.168.100.113/5000] error_code:10061 !

<<<----  [OUT]
2020/09/08 04:56:01:404

Connecting Started...

<<<----  [OUT]
2020/09/08 04:56:03:459

I can't connect with the passive [192.168.100.113/5000] error_code:10061 !

<<<----  [OUT]
2020/09/08 04:56:05:951

Connecting Started...

<<<----  [OUT]
2020/09/08 04:56:08:008

I can't connect with the passive [192.168.100.113/5000] error_code:10061 !

<<<----  [OUT]
2020/09/08 04:56:10:497

Connecting Started...

<<<----  [OUT]
2020/09/08 04:56:12:557

I can't connect with the passive [192.168.100.113/5000] error_code:10061 !

<<<----  [OUT]
2020/09/08 04:56:15:044

Connecting Started...

<<<----  [OUT]
2020/09/08 04:56:17:097

I can't connect with the passive [192.168.100.113/5000] error_code:10061 !

<<<----  [OUT]
2020/09/08 04:56:19:575

Connecting Started...

<<<----  [OUT]
2020/09/08 04:56:21:633

I can't connect with the passive [192.168.100.113/5000] error_code:10061 !

<<<----  [OUT]
2020/09/08 04:56:24:121

Connecting Started...

<<<----  [OUT]
2020/09/08 04:56:26:163

I can't connect with the passive [192.168.100.113/5000] error_code:10061 !

<<<----  [OUT]
2020/09/08 04:56:28:653

Connecting Started...

<<<----  [OUT]
2020/09/08 04:56:30:704

I can't connect with the passive [192.168.100.113/5000] error_code:10061 !

<<<----  [OUT]
2020/09/08 04:56:33:185

Connecting Started...

<<<----  [OUT]
2020/09/08 04:56:35:241

I can't connect with the passive [192.168.100.113/5000] error_code:10061 !

<<<----  [OUT]
2020/09/08 04:56:37:732

Connecting Started...

<<<----  [OUT]
2020/09/08 04:56:39:786

I can't connect with the passive [192.168.100.113/5000] error_code:10061 !

<<<----  [OUT]
2020/09/08 04:56:42:263

Connecting Started...

<<<----  [OUT]
2020/09/08 04:56:44:328

I can't connect with the passive [192.168.100.113/5000] error_code:10061 !

<<<----  [OUT]
2020/09/08 04:56:46:809

Connecting Started...

<<<----  [OUT]
2020/09/08 04:56:48:852

I can't connect with the passive [192.168.100.113/5000] error_code:10061 !

<<<----  [OUT]
2020/09/08 04:56:51:340

Connecting Started...

<<<----  [OUT]
2020/09/08 04:56:53:401

I can't connect with the passive [192.168.100.113/5000] error_code:10061 !

<<<----  [OUT]
2020/09/08 04:56:55:888

Connecting Started...

<<<----  [OUT]
2020/09/08 04:56:57:947

I can't connect with the passive [192.168.100.113/5000] error_code:10061 !

<<<----  [OUT]
2020/09/08 04:57:00:435

Connecting Started...

<<<----  [OUT]
2020/09/08 04:57:02:489

I can't connect with the passive [192.168.100.113/5000] error_code:10061 !

<<<----  [OUT]
2020/09/08 04:57:04:965

Connecting Started...

<<<----  [OUT]
2020/09/08 04:57:07:031

I can't connect with the passive [192.168.100.113/5000] error_code:10061 !

<<<----  [OUT]
2020/09/08 04:57:09:513

Connecting Started...

<<<----  [OUT]
2020/09/08 04:57:11:565

I can't connect with the passive [192.168.100.113/5000] error_code:10061 !

<<<----  [OUT]
2020/09/08 04:57:14:045

Connecting Started...

<<<----  [OUT]
2020/09/08 04:57:16:102

I can't connect with the passive [192.168.100.113/5000] error_code:10061 !

<<<----  [OUT]
2020/09/08 04:57:18:591

Connecting Started...

<<<----  [OUT]
2020/09/08 04:57:20:633

I can't connect with the passive [192.168.100.113/5000] error_code:10061 !

<<<----  [OUT]
2020/09/08 04:57:23:122

Connecting Started...

<<<----  [OUT]
2020/09/08 04:57:25:179

I can't connect with the passive [192.168.100.113/5000] error_code:10061 !

<<<----  [OUT]
2020/09/08 04:57:27:668

Connecting Started...

<<<----  [OUT]
2020/09/08 04:57:29:721

I can't connect with the passive [192.168.100.113/5000] error_code:10061 !

<<<----  [OUT]
2020/09/08 04:57:32:199

Connecting Started...

<<<----  [OUT]
2020/09/08 04:57:34:264

I can't connect with the passive [192.168.100.113/5000] error_code:10061 !

<<<----  [OUT]
2020/09/08 04:57:36:748

Connecting Started...

<<<----  [OUT]
2020/09/08 04:57:38:801

I can't connect with the passive [192.168.100.113/5000] error_code:10061 !

<<<----  [OUT]
2020/09/08 04:57:41:279

Connecting Started...

<<<----  [OUT]
2020/09/08 04:57:43:327

I can't connect with the passive [192.168.100.113/5000] error_code:10061 !

<<<----  [OUT]
2020/09/08 04:57:45:810

Connecting Started...

<<<----  [OUT]
2020/09/08 04:57:47:859

I can't connect with the passive [192.168.100.113/5000] error_code:10061 !

<<<----  [OUT]
2020/09/08 04:57:50:341

Connecting Started...

<<<----  [OUT]
2020/09/08 04:57:52:396

I can't connect with the passive [192.168.100.113/5000] error_code:10061 !

<<<----  [OUT]
2020/09/08 04:57:54:889

Connecting Started...

<<<----  [OUT]
2020/09/08 04:57:56:959

I can't connect with the passive [192.168.100.113/5000] error_code:10061 !

<<<----  [OUT]
2020/09/08 04:57:59:450

Connecting Started...

<<<----  [OUT]
2020/09/08 04:58:01:511

I can't connect with the passive [192.168.100.113/5000] error_code:10061 !

<<<----  [OUT]
2020/09/08 04:58:03:996

Connecting Started...

<<<----  [OUT]
2020/09/08 04:58:06:051

I can't connect with the passive [192.168.100.113/5000] error_code:10061 !

<<<----  [OUT]
2020/09/08 04:58:08:528

Connecting Started...

<<<----  [OUT]
2020/09/08 04:58:10:592

I can't connect with the passive [192.168.100.113/5000] error_code:10061 !

<<<----  [OUT]
2020/09/08 04:58:13:075

Connecting Started...

<<<----  [OUT]
2020/09/08 04:58:15:130

I can't connect with the passive [192.168.100.113/5000] error_code:10061 !

<<<----  [OUT]
2020/09/08 04:58:17:606

Connecting Started...

<<<----  [OUT]
2020/09/08 04:58:19:660

I can't connect with the passive [192.168.100.113/5000] error_code:10061 !

<<<----  [OUT]
2020/09/08 04:58:22:138

Connecting Started...

<<<----  [OUT]
2020/09/08 04:58:24:190

I can't connect with the passive [192.168.100.113/5000] error_code:10061 !

<<<----  [OUT]
2020/09/08 04:58:26:669

Connecting Started...

<<<----  [OUT]
2020/09/08 04:58:28:728

I can't connect with the passive [192.168.100.113/5000] error_code:10061 !

<<<----  [OUT]
2020/09/08 04:58:31:215

Connecting Started...

<<<----  [OUT]
2020/09/08 04:58:33:268

I can't connect with the passive [192.168.100.113/5000] error_code:10061 !

<<<----  [OUT]
2020/09/08 04:58:35:747

Connecting Started...

<<<----  [OUT]
2020/09/08 04:58:37:800

I can't connect with the passive [192.168.100.113/5000] error_code:10061 !

<<<----  [OUT]
2020/09/08 04:58:40:279

Connecting Started...

<<<----  [OUT]
2020/09/08 04:58:42:345

I can't connect with the passive [192.168.100.113/5000] error_code:10061 !

<<<----  [OUT]
2020/09/08 04:58:44:825

Connecting Started...

<<<----  [OUT]
2020/09/08 04:58:46:886

I can't connect with the passive [192.168.100.113/5000] error_code:10061 !

<<<----  [OUT]
2020/09/08 04:58:49:373

Connecting Started...

<<<----  [OUT]
2020/09/08 04:58:51:420

I can't connect with the passive [192.168.100.113/5000] error_code:10061 !

<<<----  [OUT]
2020/09/08 04:58:53:904

Connecting Started...

<<<----  [OUT]
2020/09/08 04:58:55:954

I can't connect with the passive [192.168.100.113/5000] error_code:10061 !

<<<----  [OUT]
2020/09/08 04:58:58:435

Connecting Started...

<<<----  [OUT]
2020/09/08 04:59:00:486

I can't connect with the passive [192.168.100.113/5000] error_code:10061 !

<<<----  [OUT]
2020/09/08 04:59:02:967

Connecting Started...

<<<----  [OUT]
2020/09/08 04:59:05:028

I can't connect with the passive [192.168.100.113/5000] error_code:10061 !

<<<----  [OUT]
2020/09/08 04:59:07:512

Connecting Started...

<<<----  [OUT]
2020/09/08 04:59:09:562

I can't connect with the passive [192.168.100.113/5000] error_code:10061 !

<<<----  [OUT]
2020/09/08 04:59:12:043

Connecting Started...

<<<----  [OUT]
2020/09/08 04:59:14:096

I can't connect with the passive [192.168.100.113/5000] error_code:10061 !

<<<----  [OUT]
2020/09/08 04:59:16:575

Connecting Started...

<<<----  [OUT]
2020/09/08 04:59:18:630

I can't connect with the passive [192.168.100.113/5000] error_code:10061 !

<<<----  [OUT]
2020/09/08 04:59:21:123

Connecting Started...

<<<----  [OUT]
2020/09/08 04:59:23:182

I can't connect with the passive [192.168.100.113/5000] error_code:10061 !

<<<----  [OUT]
2020/09/08 04:59:25:670

Connecting Started...

<<<----  [OUT]
2020/09/08 04:59:27:725

I can't connect with the passive [192.168.100.113/5000] error_code:10061 !

<<<----  [OUT]
2020/09/08 04:59:30:217

Connecting Started...

<<<----  [OUT]
2020/09/08 04:59:32:271

I can't connect with the passive [192.168.100.113/5000] error_code:10061 !

<<<----  [OUT]
2020/09/08 04:59:34:764

Connecting Started...

<<<----  [OUT]
2020/09/08 04:59:36:814

I can't connect with the passive [192.168.100.113/5000] error_code:10061 !

<<<----  [OUT]
2020/09/08 04:59:39:294

Connecting Started...

<<<----  [OUT]
2020/09/08 04:59:41:356

I can't connect with the passive [192.168.100.113/5000] error_code:10061 !

<<<----  [OUT]
2020/09/08 04:59:43:840

Connecting Started...

<<<----  [OUT]
2020/09/08 04:59:45:898

I can't connect with the passive [192.168.100.113/5000] error_code:10061 !

<<<----  [OUT]
2020/09/08 04:59:48:387

Connecting Started...

<<<----  [OUT]
2020/09/08 04:59:50:451

I can't connect with the passive [192.168.100.113/5000] error_code:10061 !

<<<----  [OUT]
2020/09/08 04:59:52:934

Connecting Started...

<<<----  [OUT]
2020/09/08 04:59:55:001

I can't connect with the passive [192.168.100.113/5000] error_code:10061 !

<<<----  [OUT]
2020/09/08 04:59:57:481

Connecting Started...

<<<----  [OUT]
2020/09/08 04:59:59:535

I can't connect with the passive [192.168.100.113/5000] error_code:10061 !
