
<<<----  [OUT]
2020/09/08 18:00:01:407

I can't connect with the passive [192.168.100.113/5000] error_code:10061 !

<<<----  [OUT]
2020/09/08 18:00:03:889

Connecting Started...

<<<----  [OUT]
2020/09/08 18:00:05:952

I can't connect with the passive [192.168.100.113/5000] error_code:10061 !

<<<----  [OUT]
2020/09/08 18:00:08:435

Connecting Started...

<<<----  [OUT]
2020/09/08 18:00:10:498

I can't connect with the passive [192.168.100.113/5000] error_code:10061 !

<<<----  [OUT]
2020/09/08 18:00:12:981

Connecting Started...

<<<----  [OUT]
2020/09/08 18:00:15:038

I can't connect with the passive [192.168.100.113/5000] error_code:10061 !

<<<----  [OUT]
2020/09/08 18:00:17:529

Connecting Started...

<<<----  [OUT]
2020/09/08 18:00:19:580

I can't connect with the passive [192.168.100.113/5000] error_code:10061 !

<<<----  [OUT]
2020/09/08 18:00:22:059

Connecting Started...

<<<----  [OUT]
2020/09/08 18:00:24:100

I can't connect with the passive [192.168.100.113/5000] error_code:10061 !

<<<----  [OUT]
2020/09/08 18:00:26:590

Connecting Started...

<<<----  [OUT]
2020/09/08 18:00:28:654

I can't connect with the passive [192.168.100.113/5000] error_code:10061 !

<<<----  [OUT]
2020/09/08 18:00:31:139

Connecting Started...

<<<----  [OUT]
2020/09/08 18:00:33:201

I can't connect with the passive [192.168.100.113/5000] error_code:10061 !

<<<----  [OUT]
2020/09/08 18:00:35:684

Connecting Started...

<<<----  [OUT]
2020/09/08 18:00:37:744

I can't connect with the passive [192.168.100.113/5000] error_code:10061 !

<<<----  [OUT]
2020/09/08 18:00:40:231

Connecting Started...

<<<----  [OUT]
2020/09/08 18:00:42:291

I can't connect with the passive [192.168.100.113/5000] error_code:10061 !

<<<----  [OUT]
2020/09/08 18:00:44:779

Connecting Started...

<<<----  [OUT]
2020/09/08 18:00:46:846

I can't connect with the passive [192.168.100.113/5000] error_code:10061 !

<<<----  [OUT]
2020/09/08 18:00:49:325

Connecting Started...

<<<----  [OUT]
2020/09/08 18:00:51:376

I can't connect with the passive [192.168.100.113/5000] error_code:10061 !

<<<----  [OUT]
2020/09/08 18:00:53:858

Connecting Started...

<<<----  [OUT]
2020/09/08 18:00:55:923

I can't connect with the passive [192.168.100.113/5000] error_code:10061 !

<<<----  [OUT]
2020/09/08 18:00:58:403

Connecting Started...

<<<----  [OUT]
2020/09/08 18:01:00:450

I can't connect with the passive [192.168.100.113/5000] error_code:10061 !

<<<----  [OUT]
2020/09/08 18:01:02:935

Connecting Started...

<<<----  [OUT]
2020/09/08 18:01:04:993

I can't connect with the passive [192.168.100.113/5000] error_code:10061 !

<<<----  [OUT]
2020/09/08 18:01:07:483

Connecting Started...

<<<----  [OUT]
2020/09/08 18:01:09:539

I can't connect with the passive [192.168.100.113/5000] error_code:10061 !

<<<----  [OUT]
2020/09/08 18:01:12:029

Connecting Started...

<<<----  [OUT]
2020/09/08 18:01:14:091

I can't connect with the passive [192.168.100.113/5000] error_code:10061 !

<<<----  [OUT]
2020/09/08 18:01:16:575

Connecting Started...

<<<----  [OUT]
2020/09/08 18:01:18:635

I can't connect with the passive [192.168.100.113/5000] error_code:10061 !

<<<----  [OUT]
2020/09/08 18:01:21:122

Connecting Started...

<<<----  [OUT]
2020/09/08 18:01:23:194

I can't connect with the passive [192.168.100.113/5000] error_code:10061 !

<<<----  [OUT]
2020/09/08 18:01:25:684

Connecting Started...

<<<----  [OUT]
2020/09/08 18:01:27:747

I can't connect with the passive [192.168.100.113/5000] error_code:10061 !

<<<----  [OUT]
2020/09/08 18:01:30:232

Connecting Started...

<<<----  [OUT]
2020/09/08 18:01:32:294

I can't connect with the passive [192.168.100.113/5000] error_code:10061 !

<<<----  [OUT]
2020/09/08 18:01:34:777

Connecting Started...

<<<----  [OUT]
2020/09/08 18:01:36:826

I can't connect with the passive [192.168.100.113/5000] error_code:10061 !

<<<----  [OUT]
2020/09/08 18:01:39:310

Connecting Started...

<<<----  [OUT]
2020/09/08 18:01:41:344

I can't connect with the passive [192.168.100.113/5000] error_code:10061 !

<<<----  [OUT]
2020/09/08 18:01:43:824

Connecting Started...

<<<----  [OUT]
2020/09/08 18:01:45:880

I can't connect with the passive [192.168.100.113/5000] error_code:10061 !

<<<----  [OUT]
2020/09/08 18:01:48:356

Connecting Started...

<<<----  [OUT]
2020/09/08 18:01:50:411

I can't connect with the passive [192.168.100.113/5000] error_code:10061 !

<<<----  [OUT]
2020/09/08 18:01:52:887

Connecting Started...

<<<----  [OUT]
2020/09/08 18:01:54:951

I can't connect with the passive [192.168.100.113/5000] error_code:10061 !

<<<----  [OUT]
2020/09/08 18:01:57:435

Connecting Started...

<<<----  [OUT]
2020/09/08 18:01:59:491

I can't connect with the passive [192.168.100.113/5000] error_code:10061 !

<<<----  [OUT]
2020/09/08 18:02:01:982

Connecting Started...

<<<----  [OUT]
2020/09/08 18:02:04:034

I can't connect with the passive [192.168.100.113/5000] error_code:10061 !

<<<----  [OUT]
2020/09/08 18:02:06:512

Connecting Started...

<<<----  [OUT]
2020/09/08 18:02:08:576

I can't connect with the passive [192.168.100.113/5000] error_code:10061 !

<<<----  [OUT]
2020/09/08 18:02:11:059

Connecting Started...

<<<----  [OUT]
2020/09/08 18:02:13:125

I can't connect with the passive [192.168.100.113/5000] error_code:10061 !

<<<----  [OUT]
2020/09/08 18:02:15:607

Connecting Started...

<<<----  [OUT]
2020/09/08 18:02:17:674

I can't connect with the passive [192.168.100.113/5000] error_code:10061 !

<<<----  [OUT]
2020/09/08 18:02:20:154

Connecting Started...

<<<----  [OUT]
2020/09/08 18:02:22:191

I can't connect with the passive [192.168.100.113/5000] error_code:10061 !

<<<----  [OUT]
2020/09/08 18:02:24:669

Connecting Started...

<<<----  [OUT]
2020/09/08 18:02:26:711

I can't connect with the passive [192.168.100.113/5000] error_code:10061 !

<<<----  [OUT]
2020/09/08 18:02:29:201

Connecting Started...

<<<----  [OUT]
2020/09/08 18:02:31:246

I can't connect with the passive [192.168.100.113/5000] error_code:10061 !

<<<----  [OUT]
2020/09/08 18:02:33:731

Connecting Started...

<<<----  [OUT]
2020/09/08 18:02:35:799

I can't connect with the passive [192.168.100.113/5000] error_code:10061 !

<<<----  [OUT]
2020/09/08 18:02:38:278

Connecting Started...

<<<----  [OUT]
2020/09/08 18:02:40:351

I can't connect with the passive [192.168.100.113/5000] error_code:10061 !

<<<----  [OUT]
2020/09/08 18:02:42:840

Connecting Started...

<<<----  [OUT]
2020/09/08 18:02:44:896

I can't connect with the passive [192.168.100.113/5000] error_code:10061 !

<<<----  [OUT]
2020/09/08 18:02:47:372

Connecting Started...

<<<----  [OUT]
2020/09/08 18:02:49:445

I can't connect with the passive [192.168.100.113/5000] error_code:10061 !

<<<----  [OUT]
2020/09/08 18:02:51:934

Connecting Started...

<<<----  [OUT]
2020/09/08 18:02:53:992

I can't connect with the passive [192.168.100.113/5000] error_code:10061 !

<<<----  [OUT]
2020/09/08 18:02:56:481

Connecting Started...

<<<----  [OUT]
2020/09/08 18:02:58:526

I can't connect with the passive [192.168.100.113/5000] error_code:10061 !

<<<----  [OUT]
2020/09/08 18:03:01:013

Connecting Started...

<<<----  [OUT]
2020/09/08 18:03:03:068

I can't connect with the passive [192.168.100.113/5000] error_code:10061 !

<<<----  [OUT]
2020/09/08 18:03:05:559

Connecting Started...

<<<----  [OUT]
2020/09/08 18:03:07:625

I can't connect with the passive [192.168.100.113/5000] error_code:10061 !

<<<----  [OUT]
2020/09/08 18:03:10:107

Connecting Started...

<<<----  [OUT]
2020/09/08 18:03:12:170

I can't connect with the passive [192.168.100.113/5000] error_code:10061 !

<<<----  [OUT]
2020/09/08 18:03:14:653

Connecting Started...

<<<----  [OUT]
2020/09/08 18:03:16:714

I can't connect with the passive [192.168.100.113/5000] error_code:10061 !

<<<----  [OUT]
2020/09/08 18:03:19:200

Connecting Started...

<<<----  [OUT]
2020/09/08 18:03:21:242

I can't connect with the passive [192.168.100.113/5000] error_code:10061 !

<<<----  [OUT]
2020/09/08 18:03:23:731

Connecting Started...

<<<----  [OUT]
2020/09/08 18:03:25:769

I can't connect with the passive [192.168.100.113/5000] error_code:10061 !

<<<----  [OUT]
2020/09/08 18:03:28:248

Connecting Started...

<<<----  [OUT]
2020/09/08 18:03:30:314

I can't connect with the passive [192.168.100.113/5000] error_code:10061 !

<<<----  [OUT]
2020/09/08 18:03:32:794

Connecting Started...

<<<----  [OUT]
2020/09/08 18:03:34:842

I can't connect with the passive [192.168.100.113/5000] error_code:10061 !

<<<----  [OUT]
2020/09/08 18:03:37:325

Connecting Started...

<<<----  [OUT]
2020/09/08 18:03:39:370

I can't connect with the passive [192.168.100.113/5000] error_code:10061 !

<<<----  [OUT]
2020/09/08 18:03:41:856

Connecting Started...

<<<----  [OUT]
2020/09/08 18:03:43:890

I can't connect with the passive [192.168.100.113/5000] error_code:10061 !

<<<----  [OUT]
2020/09/08 18:03:46:373

Connecting Started...

<<<----  [OUT]
2020/09/08 18:03:48:423

I can't connect with the passive [192.168.100.113/5000] error_code:10061 !

<<<----  [OUT]
2020/09/08 18:03:50:903

Connecting Started...

<<<----  [OUT]
2020/09/08 18:03:52:967

I can't connect with the passive [192.168.100.113/5000] error_code:10061 !

<<<----  [OUT]
2020/09/08 18:03:55:449

Connecting Started...

<<<----  [OUT]
2020/09/08 18:03:57:510

I can't connect with the passive [192.168.100.113/5000] error_code:10061 !

<<<----  [OUT]
2020/09/08 18:03:59:998

Connecting Started...

<<<----  [OUT]
2020/09/08 18:04:02:054

I can't connect with the passive [192.168.100.113/5000] error_code:10061 !

<<<----  [OUT]
2020/09/08 18:04:04:543

Connecting Started...

<<<----  [OUT]
2020/09/08 18:04:06:604

I can't connect with the passive [192.168.100.113/5000] error_code:10061 !

<<<----  [OUT]
2020/09/08 18:04:09:092

Connecting Started...

<<<----  [OUT]
2020/09/08 18:04:11:142

I can't connect with the passive [192.168.100.113/5000] error_code:10061 !

<<<----  [OUT]
2020/09/08 18:04:13:623

Connecting Started...

<<<----  [OUT]
2020/09/08 18:04:15:690

I can't connect with the passive [192.168.100.113/5000] error_code:10061 !

<<<----  [OUT]
2020/09/08 18:04:18:169

Connecting Started...

<<<----  [OUT]
2020/09/08 18:04:20:236

I can't connect with the passive [192.168.100.113/5000] error_code:10061 !

<<<----  [OUT]
2020/09/08 18:04:22:716

Connecting Started...

<<<----  [OUT]
2020/09/08 18:04:24:782

I can't connect with the passive [192.168.100.113/5000] error_code:10061 !

<<<----  [OUT]
2020/09/08 18:04:27:263

Connecting Started...

<<<----  [OUT]
2020/09/08 18:04:29:314

I can't connect with the passive [192.168.100.113/5000] error_code:10061 !

<<<----  [OUT]
2020/09/08 18:04:31:794

Connecting Started...

<<<----  [OUT]
2020/09/08 18:04:33:847

I can't connect with the passive [192.168.100.113/5000] error_code:10061 !

<<<----  [OUT]
2020/09/08 18:04:36:325

Connecting Started...

<<<----  [OUT]
2020/09/08 18:04:38:383

I can't connect with the passive [192.168.100.113/5000] error_code:10061 !

<<<----  [OUT]
2020/09/08 18:04:40:872

Connecting Started...

<<<----  [OUT]
2020/09/08 18:04:42:944

I can't connect with the passive [192.168.100.113/5000] error_code:10061 !

<<<----  [OUT]
2020/09/08 18:04:45:435

Connecting Started...

<<<----  [OUT]
2020/09/08 18:04:47:497

I can't connect with the passive [192.168.100.113/5000] error_code:10061 !

<<<----  [OUT]
2020/09/08 18:04:49:981

Connecting Started...

<<<----  [OUT]
2020/09/08 18:04:52:043

I can't connect with the passive [192.168.100.113/5000] error_code:10061 !

<<<----  [OUT]
2020/09/08 18:04:54:529

Connecting Started...

<<<----  [OUT]
2020/09/08 18:04:56:570

I can't connect with the passive [192.168.100.113/5000] error_code:10061 !

<<<----  [OUT]
2020/09/08 18:04:59:060

Connecting Started...

<<<----  [OUT]
2020/09/08 18:05:01:122

I can't connect with the passive [192.168.100.113/5000] error_code:10061 !

<<<----  [OUT]
2020/09/08 18:05:03:607

Connecting Started...

<<<----  [OUT]
2020/09/08 18:05:05:675

I can't connect with the passive [192.168.100.113/5000] error_code:10061 !

<<<----  [OUT]
2020/09/08 18:05:08:154

Connecting Started...

<<<----  [OUT]
2020/09/08 18:05:10:211

I can't connect with the passive [192.168.100.113/5000] error_code:10061 !

<<<----  [OUT]
2020/09/08 18:05:12:701

Connecting Started...

<<<----  [OUT]
2020/09/08 18:05:14:762

I can't connect with the passive [192.168.100.113/5000] error_code:10061 !

<<<----  [OUT]
2020/09/08 18:05:17:247

Connecting Started...

<<<----  [OUT]
2020/09/08 18:05:19:299

I can't connect with the passive [192.168.100.113/5000] error_code:10061 !

<<<----  [OUT]
2020/09/08 18:05:21:779

Connecting Started...

<<<----  [OUT]
2020/09/08 18:05:23:838

I can't connect with the passive [192.168.100.113/5000] error_code:10061 !

<<<----  [OUT]
2020/09/08 18:05:26:325

Connecting Started...

<<<----  [OUT]
2020/09/08 18:05:28:380

I can't connect with the passive [192.168.100.113/5000] error_code:10061 !

<<<----  [OUT]
2020/09/08 18:05:30:857

Connecting Started...

<<<----  [OUT]
2020/09/08 18:05:32:909

I can't connect with the passive [192.168.100.113/5000] error_code:10061 !

<<<----  [OUT]
2020/09/08 18:05:35:388

Connecting Started...

<<<----  [OUT]
2020/09/08 18:05:37:445

I can't connect with the passive [192.168.100.113/5000] error_code:10061 !

<<<----  [OUT]
2020/09/08 18:05:39:935

Connecting Started...

<<<----  [OUT]
2020/09/08 18:05:41:991

I can't connect with the passive [192.168.100.113/5000] error_code:10061 !

<<<----  [OUT]
2020/09/08 18:05:44:481

Connecting Started...

<<<----  [OUT]
2020/09/08 18:05:46:552

I can't connect with the passive [192.168.100.113/5000] error_code:10061 !

<<<----  [OUT]
2020/09/08 18:05:49:028

Connecting Started...

<<<----  [OUT]
2020/09/08 18:05:51:099

I can't connect with the passive [192.168.100.113/5000] error_code:10061 !

<<<----  [OUT]
2020/09/08 18:05:53:575

Connecting Started...

<<<----  [OUT]
2020/09/08 18:05:55:626

I can't connect with the passive [192.168.100.113/5000] error_code:10061 !

<<<----  [OUT]
2020/09/08 18:05:58:106

Connecting Started...

<<<----  [OUT]
2020/09/08 18:06:00:171

I can't connect with the passive [192.168.100.113/5000] error_code:10061 !

<<<----  [OUT]
2020/09/08 18:06:02:653

Connecting Started...

<<<----  [OUT]
2020/09/08 18:06:04:722

I can't connect with the passive [192.168.100.113/5000] error_code:10061 !

<<<----  [OUT]
2020/09/08 18:06:07:201

Connecting Started...

<<<----  [OUT]
2020/09/08 18:06:09:259

I can't connect with the passive [192.168.100.113/5000] error_code:10061 !

<<<----  [OUT]
2020/09/08 18:06:11:747

Connecting Started...

<<<----  [OUT]
2020/09/08 18:06:13:814

I can't connect with the passive [192.168.100.113/5000] error_code:10061 !

<<<----  [OUT]
2020/09/08 18:06:16:293

Connecting Started...

<<<----  [OUT]
2020/09/08 18:06:18:362

I can't connect with the passive [192.168.100.113/5000] error_code:10061 !

<<<----  [OUT]
2020/09/08 18:06:20:840

Connecting Started...

<<<----  [OUT]
2020/09/08 18:06:22:901

I can't connect with the passive [192.168.100.113/5000] error_code:10061 !

<<<----  [OUT]
2020/09/08 18:06:25:388

Connecting Started...

<<<----  [OUT]
2020/09/08 18:06:27:425

I can't connect with the passive [192.168.100.113/5000] error_code:10061 !

<<<----  [OUT]
2020/09/08 18:06:29:904

Connecting Started...

<<<----  [OUT]
2020/09/08 18:06:31:946

I can't connect with the passive [192.168.100.113/5000] error_code:10061 !

<<<----  [OUT]
2020/09/08 18:06:34:435

Connecting Started...

<<<----  [OUT]
2020/09/08 18:06:36:493

I can't connect with the passive [192.168.100.113/5000] error_code:10061 !

<<<----  [OUT]
2020/09/08 18:06:38:982

Connecting Started...

<<<----  [OUT]
2020/09/08 18:06:41:023

I can't connect with the passive [192.168.100.113/5000] error_code:10061 !

<<<----  [OUT]
2020/09/08 18:06:43:512

Connecting Started...

<<<----  [OUT]
2020/09/08 18:06:45:558

I can't connect with the passive [192.168.100.113/5000] error_code:10061 !

<<<----  [OUT]
2020/09/08 18:06:48:045

Connecting Started...

<<<----  [OUT]
2020/09/08 18:06:50:101

I can't connect with the passive [192.168.100.113/5000] error_code:10061 !

<<<----  [OUT]
2020/09/08 18:06:52:590

Connecting Started...

<<<----  [OUT]
2020/09/08 18:06:54:648

I can't connect with the passive [192.168.100.113/5000] error_code:10061 !

<<<----  [OUT]
2020/09/08 18:06:57:138

Connecting Started...

<<<----  [OUT]
2020/09/08 18:06:59:187

I can't connect with the passive [192.168.100.113/5000] error_code:10061 !

<<<----  [OUT]
2020/09/08 18:07:01:669

Connecting Started...

<<<----  [OUT]
2020/09/08 18:07:03:700

I can't connect with the passive [192.168.100.113/5000] error_code:10061 !

<<<----  [OUT]
2020/09/08 18:07:06:184

Connecting Started...

<<<----  [OUT]
2020/09/08 18:07:08:239

I can't connect with the passive [192.168.100.113/5000] error_code:10061 !

<<<----  [OUT]
2020/09/08 18:07:10:715

Connecting Started...

<<<----  [OUT]
2020/09/08 18:07:12:754

I can't connect with the passive [192.168.100.113/5000] error_code:10061 !

<<<----  [OUT]
2020/09/08 18:07:15:232

Connecting Started...

<<<----  [OUT]
2020/09/08 18:07:17:274

I can't connect with the passive [192.168.100.113/5000] error_code:10061 !

<<<----  [OUT]
2020/09/08 18:07:19:763

Connecting Started...

<<<----  [OUT]
2020/09/08 18:07:21:815

I can't connect with the passive [192.168.100.113/5000] error_code:10061 !

<<<----  [OUT]
2020/09/08 18:07:24:294

Connecting Started...

<<<----  [OUT]
2020/09/08 18:07:26:339

I can't connect with the passive [192.168.100.113/5000] error_code:10061 !

<<<----  [OUT]
2020/09/08 18:07:28:825

Connecting Started...

<<<----  [OUT]
2020/09/08 18:07:30:870

I can't connect with the passive [192.168.100.113/5000] error_code:10061 !

<<<----  [OUT]
2020/09/08 18:07:33:356

Connecting Started...

<<<----  [OUT]
2020/09/08 18:07:35:397

I can't connect with the passive [192.168.100.113/5000] error_code:10061 !

<<<----  [OUT]
2020/09/08 18:07:37:887

Connecting Started...

<<<----  [OUT]
2020/09/08 18:07:39:920

I can't connect with the passive [192.168.100.113/5000] error_code:10061 !

<<<----  [OUT]
2020/09/08 18:07:42:404

Connecting Started...

<<<----  [OUT]
2020/09/08 18:07:44:456

I can't connect with the passive [192.168.100.113/5000] error_code:10061 !

<<<----  [OUT]
2020/09/08 18:07:46:934

Connecting Started...

<<<----  [OUT]
2020/09/08 18:07:48:987

I can't connect with the passive [192.168.100.113/5000] error_code:10061 !

<<<----  [OUT]
2020/09/08 18:07:51:466

Connecting Started...

<<<----  [OUT]
2020/09/08 18:07:53:512

I can't connect with the passive [192.168.100.113/5000] error_code:10061 !

<<<----  [OUT]
2020/09/08 18:07:55:997

Connecting Started...

<<<----  [OUT]
2020/09/08 18:07:58:033

I can't connect with the passive [192.168.100.113/5000] error_code:10061 !

<<<----  [OUT]
2020/09/08 18:08:00:512

Connecting Started...

<<<----  [OUT]
2020/09/08 18:08:02:553

I can't connect with the passive [192.168.100.113/5000] error_code:10061 !

<<<----  [OUT]
2020/09/08 18:08:05:045

Connecting Started...

<<<----  [OUT]
2020/09/08 18:08:07:094

I can't connect with the passive [192.168.100.113/5000] error_code:10061 !

<<<----  [OUT]
2020/09/08 18:08:09:576

Connecting Started...

<<<----  [OUT]
2020/09/08 18:08:11:606

I can't connect with the passive [192.168.100.113/5000] error_code:10061 !

<<<----  [OUT]
2020/09/08 18:08:14:090

Connecting Started...

<<<----  [OUT]
2020/09/08 18:08:16:139

I can't connect with the passive [192.168.100.113/5000] error_code:10061 !

<<<----  [OUT]
2020/09/08 18:08:18:622

Connecting Started...

<<<----  [OUT]
2020/09/08 18:08:20:667

I can't connect with the passive [192.168.100.113/5000] error_code:10061 !

<<<----  [OUT]
2020/09/08 18:08:23:153

Connecting Started...

<<<----  [OUT]
2020/09/08 18:08:25:198

I can't connect with the passive [192.168.100.113/5000] error_code:10061 !

<<<----  [OUT]
2020/09/08 18:08:27:685

Connecting Started...

<<<----  [OUT]
2020/09/08 18:08:29:736

I can't connect with the passive [192.168.100.113/5000] error_code:10061 !

<<<----  [OUT]
2020/09/08 18:08:32:215

Connecting Started...

<<<----  [OUT]
2020/09/08 18:08:34:269

I can't connect with the passive [192.168.100.113/5000] error_code:10061 !

<<<----  [OUT]
2020/09/08 18:08:36:747

Connecting Started...

<<<----  [OUT]
2020/09/08 18:08:38:805

I can't connect with the passive [192.168.100.113/5000] error_code:10061 !

<<<----  [OUT]
2020/09/08 18:08:41:294

Connecting Started...

<<<----  [OUT]
2020/09/08 18:08:43:349

I can't connect with the passive [192.168.100.113/5000] error_code:10061 !

<<<----  [OUT]
2020/09/08 18:08:45:841

Connecting Started...

<<<----  [OUT]
2020/09/08 18:08:47:909

I can't connect with the passive [192.168.100.113/5000] error_code:10061 !

<<<----  [OUT]
2020/09/08 18:08:50:388

Connecting Started...

<<<----  [OUT]
2020/09/08 18:08:52:445

I can't connect with the passive [192.168.100.113/5000] error_code:10061 !

<<<----  [OUT]
2020/09/08 18:08:54:935

Connecting Started...

<<<----  [OUT]
2020/09/08 18:08:56:988

I can't connect with the passive [192.168.100.113/5000] error_code:10061 !

<<<----  [OUT]
2020/09/08 18:08:59:465

Connecting Started...

<<<----  [OUT]
2020/09/08 18:09:01:518

I can't connect with the passive [192.168.100.113/5000] error_code:10061 !

<<<----  [OUT]
2020/09/08 18:09:03:996

Connecting Started...

<<<----  [OUT]
2020/09/08 18:09:06:045

I can't connect with the passive [192.168.100.113/5000] error_code:10061 !

<<<----  [OUT]
2020/09/08 18:09:08:529

Connecting Started...

<<<----  [OUT]
2020/09/08 18:09:10:575

I can't connect with the passive [192.168.100.113/5000] error_code:10061 !

<<<----  [OUT]
2020/09/08 18:09:13:060

Connecting Started...

<<<----  [OUT]
2020/09/08 18:09:15:121

I can't connect with the passive [192.168.100.113/5000] error_code:10061 !

<<<----  [OUT]
2020/09/08 18:09:17:606

Connecting Started...

<<<----  [OUT]
2020/09/08 18:09:19:665

I can't connect with the passive [192.168.100.113/5000] error_code:10061 !

<<<----  [OUT]
2020/09/08 18:09:22:153

Connecting Started...

<<<----  [OUT]
2020/09/08 18:09:24:210

I can't connect with the passive [192.168.100.113/5000] error_code:10061 !

<<<----  [OUT]
2020/09/08 18:09:26:700

Connecting Started...

<<<----  [OUT]
2020/09/08 18:09:28:738

I can't connect with the passive [192.168.100.113/5000] error_code:10061 !

<<<----  [OUT]
2020/09/08 18:09:31:216

Connecting Started...

<<<----  [OUT]
2020/09/08 18:09:33:279

I can't connect with the passive [192.168.100.113/5000] error_code:10061 !

<<<----  [OUT]
2020/09/08 18:09:35:763

Connecting Started...

<<<----  [OUT]
2020/09/08 18:09:37:805

I can't connect with the passive [192.168.100.113/5000] error_code:10061 !

<<<----  [OUT]
2020/09/08 18:09:40:293

Connecting Started...

<<<----  [OUT]
2020/09/08 18:09:42:336

I can't connect with the passive [192.168.100.113/5000] error_code:10061 !

<<<----  [OUT]
2020/09/08 18:09:44:825

Connecting Started...

<<<----  [OUT]
2020/09/08 18:09:46:889

I can't connect with the passive [192.168.100.113/5000] error_code:10061 !

<<<----  [OUT]
2020/09/08 18:09:49:373

Connecting Started...

<<<----  [OUT]
2020/09/08 18:09:51:442

I can't connect with the passive [192.168.100.113/5000] error_code:10061 !

<<<----  [OUT]
2020/09/08 18:09:53:919

Connecting Started...

<<<----  [OUT]
2020/09/08 18:09:55:974

I can't connect with the passive [192.168.100.113/5000] error_code:10061 !

<<<----  [OUT]
2020/09/08 18:09:58:451

Connecting Started...

<<<----  [OUT]
2020/09/08 18:10:00:514

I can't connect with the passive [192.168.100.113/5000] error_code:10061 !

<<<----  [OUT]
2020/09/08 18:10:02:997

Connecting Started...

<<<----  [OUT]
2020/09/08 18:10:05:048

I can't connect with the passive [192.168.100.113/5000] error_code:10061 !

<<<----  [OUT]
2020/09/08 18:10:07:528

Connecting Started...

<<<----  [OUT]
2020/09/08 18:10:09:596

I can't connect with the passive [192.168.100.113/5000] error_code:10061 !

<<<----  [OUT]
2020/09/08 18:10:12:074

Connecting Started...

<<<----  [OUT]
2020/09/08 18:10:14:142

I can't connect with the passive [192.168.100.113/5000] error_code:10061 !

<<<----  [OUT]
2020/09/08 18:10:16:622

Connecting Started...

<<<----  [OUT]
2020/09/08 18:10:18:683

I can't connect with the passive [192.168.100.113/5000] error_code:10061 !

<<<----  [OUT]
2020/09/08 18:10:21:170

Connecting Started...

<<<----  [OUT]
2020/09/08 18:10:23:233

I can't connect with the passive [192.168.100.113/5000] error_code:10061 !

<<<----  [OUT]
2020/09/08 18:10:25:717

Connecting Started...

<<<----  [OUT]
2020/09/08 18:10:27:788

I can't connect with the passive [192.168.100.113/5000] error_code:10061 !

<<<----  [OUT]
2020/09/08 18:10:30:278

Connecting Started...

<<<----  [OUT]
2020/09/08 18:10:32:336

I can't connect with the passive [192.168.100.113/5000] error_code:10061 !

<<<----  [OUT]
2020/09/08 18:10:34:824

Connecting Started...

<<<----  [OUT]
2020/09/08 18:10:36:861

I can't connect with the passive [192.168.100.113/5000] error_code:10061 !

<<<----  [OUT]
2020/09/08 18:10:39:341

Connecting Started...

<<<----  [OUT]
2020/09/08 18:10:41:374

I can't connect with the passive [192.168.100.113/5000] error_code:10061 !

<<<----  [OUT]
2020/09/08 18:10:43:857

Connecting Started...

<<<----  [OUT]
2020/09/08 18:10:45:884

I can't connect with the passive [192.168.100.113/5000] error_code:10061 !

<<<----  [OUT]
2020/09/08 18:10:48:372

Connecting Started...

<<<----  [OUT]
2020/09/08 18:10:50:404

I can't connect with the passive [192.168.100.113/5000] error_code:10061 !

<<<----  [OUT]
2020/09/08 18:10:52:889

Connecting Started...

<<<----  [OUT]
2020/09/08 18:10:54:936

I can't connect with the passive [192.168.100.113/5000] error_code:10061 !

<<<----  [OUT]
2020/09/08 18:10:57:418

Connecting Started...

<<<----  [OUT]
2020/09/08 18:10:59:470

I can't connect with the passive [192.168.100.113/5000] error_code:10061 !

<<<----  [OUT]
2020/09/08 18:11:01:950

Connecting Started...

<<<----  [OUT]
2020/09/08 18:11:03:994

I can't connect with the passive [192.168.100.113/5000] error_code:10061 !

<<<----  [OUT]
2020/09/08 18:11:06:481

Connecting Started...

<<<----  [OUT]
2020/09/08 18:11:08:535

I can't connect with the passive [192.168.100.113/5000] error_code:10061 !

<<<----  [OUT]
2020/09/08 18:11:11:012

Connecting Started...

<<<----  [OUT]
2020/09/08 18:11:13:047

I can't connect with the passive [192.168.100.113/5000] error_code:10061 !

<<<----  [OUT]
2020/09/08 18:11:15:528

Connecting Started...

<<<----  [OUT]
2020/09/08 18:11:17:580

I can't connect with the passive [192.168.100.113/5000] error_code:10061 !

<<<----  [OUT]
2020/09/08 18:11:20:060

Connecting Started...

<<<----  [OUT]
2020/09/08 18:11:22:103

I can't connect with the passive [192.168.100.113/5000] error_code:10061 !

<<<----  [OUT]
2020/09/08 18:11:24:591

Connecting Started...

<<<----  [OUT]
2020/09/08 18:11:26:632

I can't connect with the passive [192.168.100.113/5000] error_code:10061 !

<<<----  [OUT]
2020/09/08 18:11:29:122

Connecting Started...

<<<----  [OUT]
2020/09/08 18:11:31:173

I can't connect with the passive [192.168.100.113/5000] error_code:10061 !

<<<----  [OUT]
2020/09/08 18:11:33:654

Connecting Started...

<<<----  [OUT]
2020/09/08 18:11:35:689

I can't connect with the passive [192.168.100.113/5000] error_code:10061 !

<<<----  [OUT]
2020/09/08 18:11:38:168

Connecting Started...

<<<----  [OUT]
2020/09/08 18:11:40:209

I can't connect with the passive [192.168.100.113/5000] error_code:10061 !

<<<----  [OUT]
2020/09/08 18:11:42:700

Connecting Started...

<<<----  [OUT]
2020/09/08 18:11:44:729

I can't connect with the passive [192.168.100.113/5000] error_code:10061 !

<<<----  [OUT]
2020/09/08 18:11:47:215

Connecting Started...

<<<----  [OUT]
2020/09/08 18:11:49:286

I can't connect with the passive [192.168.100.113/5000] error_code:10061 !

<<<----  [OUT]
2020/09/08 18:11:51:762

Connecting Started...

<<<----  [OUT]
2020/09/08 18:11:53:829

I can't connect with the passive [192.168.100.113/5000] error_code:10061 !

<<<----  [OUT]
2020/09/08 18:11:56:310

Connecting Started...

<<<----  [OUT]
2020/09/08 18:11:58:371

I can't connect with the passive [192.168.100.113/5000] error_code:10061 !

<<<----  [OUT]
2020/09/08 18:12:00:856

Connecting Started...

<<<----  [OUT]
2020/09/08 18:12:02:913

I can't connect with the passive [192.168.100.113/5000] error_code:10061 !

<<<----  [OUT]
2020/09/08 18:12:05:402

Connecting Started...

<<<----  [OUT]
2020/09/08 18:12:07:462

I can't connect with the passive [192.168.100.113/5000] error_code:10061 !

<<<----  [OUT]
2020/09/08 18:12:09:950

Connecting Started...

<<<----  [OUT]
2020/09/08 18:12:11:989

I can't connect with the passive [192.168.100.113/5000] error_code:10061 !

<<<----  [OUT]
2020/09/08 18:12:14:465

Connecting Started...

<<<----  [OUT]
2020/09/08 18:12:16:537

I can't connect with the passive [192.168.100.113/5000] error_code:10061 !

<<<----  [OUT]
2020/09/08 18:12:19:028

Connecting Started...

<<<----  [OUT]
2020/09/08 18:12:21:092

I can't connect with the passive [192.168.100.113/5000] error_code:10061 !

<<<----  [OUT]
2020/09/08 18:12:23:575

Connecting Started...

<<<----  [OUT]
2020/09/08 18:12:25:633

I can't connect with the passive [192.168.100.113/5000] error_code:10061 !

<<<----  [OUT]
2020/09/08 18:12:28:123

Connecting Started...

<<<----  [OUT]
2020/09/08 18:12:30:169

I can't connect with the passive [192.168.100.113/5000] error_code:10061 !

<<<----  [OUT]
2020/09/08 18:12:32:654

Connecting Started...

<<<----  [OUT]
2020/09/08 18:12:34:710

I can't connect with the passive [192.168.100.113/5000] error_code:10061 !

<<<----  [OUT]
2020/09/08 18:12:37:200

Connecting Started...

<<<----  [OUT]
2020/09/08 18:12:39:241

I can't connect with the passive [192.168.100.113/5000] error_code:10061 !

<<<----  [OUT]
2020/09/08 18:12:41:730

Connecting Started...

<<<----  [OUT]
2020/09/08 18:12:43:789

I can't connect with the passive [192.168.100.113/5000] error_code:10061 !

<<<----  [OUT]
2020/09/08 18:12:46:279

Connecting Started...

<<<----  [OUT]
2020/09/08 18:12:48:339

I can't connect with the passive [192.168.100.113/5000] error_code:10061 !

<<<----  [OUT]
2020/09/08 18:12:50:826

Connecting Started...

<<<----  [OUT]
2020/09/08 18:12:52:881

I can't connect with the passive [192.168.100.113/5000] error_code:10061 !

<<<----  [OUT]
2020/09/08 18:12:55:372

Connecting Started...

<<<----  [OUT]
2020/09/08 18:13:16:430

I can't connect with the passive [192.168.100.113/5000] error_code:10060 !

<<<----  [OUT]
2020/09/08 18:13:18:920

Connecting Started...

<<<----  [OUT]
2020/09/08 18:13:39:965

I can't connect with the passive [192.168.100.113/5000] error_code:10060 !

<<<----  [OUT]
2020/09/08 18:13:42:450

Connecting Started...

<<<----  [OUT]
2020/09/08 18:14:03:493

I can't connect with the passive [192.168.100.113/5000] error_code:10060 !

<<<----  [OUT]
2020/09/08 18:14:05:982

Connecting Started...

<<<----  [OUT]
2020/09/08 18:14:27:024

I can't connect with the passive [192.168.100.113/5000] error_code:10060 !

<<<----  [OUT]
2020/09/08 18:14:29:513

Connecting Started...

<<<----  [OUT]
2020/09/08 18:14:50:546

I can't connect with the passive [192.168.100.113/5000] error_code:10060 !

<<<----  [OUT]
2020/09/08 18:14:53:028

Connecting Started...

<<<----  [OUT]
2020/09/08 18:15:14:065

I can't connect with the passive [192.168.100.113/5000] error_code:10060 !

<<<----  [OUT]
2020/09/08 18:15:16:544

Connecting Started...

<<<----  [OUT]
2020/09/08 18:15:37:576

I can't connect with the passive [192.168.100.113/5000] error_code:10060 !

<<<----  [OUT]
2020/09/08 18:15:40:059

Connecting Started...

<<<----  [OUT]
2020/09/08 18:16:01:091

I can't connect with the passive [192.168.100.113/5000] error_code:10060 !

<<<----  [OUT]
2020/09/08 18:16:03:576

Connecting Started...

<<<----  [OUT]
2020/09/08 18:16:24:616

I can't connect with the passive [192.168.100.113/5000] error_code:10060 !

<<<----  [OUT]
2020/09/08 18:16:27:107

Connecting Started...

<<<----  [OUT]
2020/09/08 18:16:48:136

I can't connect with the passive [192.168.100.113/5000] error_code:10060 !

<<<----  [OUT]
2020/09/08 18:16:50:622

Connecting Started...

<<<----  [OUT]
2020/09/08 18:17:11:644

I can't connect with the passive [192.168.100.113/5000] error_code:10060 !

<<<----  [OUT]
2020/09/08 18:17:14:123

Connecting Started...

<<<----  [OUT]
2020/09/08 18:17:35:162

I can't connect with the passive [192.168.100.113/5000] error_code:10060 !

<<<----  [OUT]
2020/09/08 18:17:37:654

Connecting Started...

<<<----  [OUT]
2020/09/08 18:17:58:698

I can't connect with the passive [192.168.100.113/5000] error_code:10060 !

<<<----  [OUT]
2020/09/08 18:18:01:184

Connecting Started...

<<<----  [OUT]
2020/09/08 18:18:22:218

I can't connect with the passive [192.168.100.113/5000] error_code:10060 !

<<<----  [OUT]
2020/09/08 18:18:24:701

Connecting Started...

<<<----  [OUT]
2020/09/08 18:18:45:744

I can't connect with the passive [192.168.100.113/5000] error_code:10060 !

<<<----  [OUT]
2020/09/08 18:18:48:231

Connecting Started...

<<<----  [OUT]
2020/09/08 18:19:09:261

I can't connect with the passive [192.168.100.113/5000] error_code:10060 !

<<<----  [OUT]
2020/09/08 18:19:11:747

Connecting Started...

<<<----  [OUT]
2020/09/08 18:19:32:791

I can't connect with the passive [192.168.100.113/5000] error_code:10060 !

<<<----  [OUT]
2020/09/08 18:19:35:277

Connecting Started...

<<<----  [OUT]
2020/09/08 18:19:56:312

I can't connect with the passive [192.168.100.113/5000] error_code:10060 !

<<<----  [OUT]
2020/09/08 18:19:58:794

Connecting Started...

<<<----  [OUT]
2020/09/08 18:20:19:821

I can't connect with the passive [192.168.100.113/5000] error_code:10060 !

<<<----  [OUT]
2020/09/08 18:20:22:311

Connecting Started...

<<<----  [OUT]
2020/09/08 18:20:43:343

I can't connect with the passive [192.168.100.113/5000] error_code:10060 !

<<<----  [OUT]
2020/09/08 18:20:45:825

Connecting Started...

<<<----  [OUT]
2020/09/08 18:21:06:878

I can't connect with the passive [192.168.100.113/5000] error_code:10060 !

<<<----  [OUT]
2020/09/08 18:21:09:356

Connecting Started...

<<<----  [OUT]
2020/09/08 18:21:30:382

I can't connect with the passive [192.168.100.113/5000] error_code:10060 !

<<<----  [OUT]
2020/09/08 18:21:32:871

Connecting Started...

<<<----  [OUT]
2020/09/08 18:21:53:907

I can't connect with the passive [192.168.100.113/5000] error_code:10060 !

<<<----  [OUT]
2020/09/08 18:21:56:387

Connecting Started...

<<<----  [OUT]
2020/09/08 18:22:17:431

I can't connect with the passive [192.168.100.113/5000] error_code:10060 !

<<<----  [OUT]
2020/09/08 18:22:19:918

Connecting Started...

<<<----  [OUT]
2020/09/08 18:22:40:958

I can't connect with the passive [192.168.100.113/5000] error_code:10060 !

<<<----  [OUT]
2020/09/08 18:22:43:435

Connecting Started...

<<<----  [OUT]
2020/09/08 18:23:04:466

I can't connect with the passive [192.168.100.113/5000] error_code:10060 !

<<<----  [OUT]
2020/09/08 18:23:06:949

Connecting Started...

<<<----  [OUT]
2020/09/08 18:23:27:972

I can't connect with the passive [192.168.100.113/5000] error_code:10060 !

<<<----  [OUT]
2020/09/08 18:23:30:450

Connecting Started...

<<<----  [OUT]
2020/09/08 18:23:51:490

I can't connect with the passive [192.168.100.113/5000] error_code:10060 !

<<<----  [OUT]
2020/09/08 18:23:53:982

Connecting Started...

<<<----  [OUT]
2020/09/08 18:24:15:014

I can't connect with the passive [192.168.100.113/5000] error_code:10060 !

<<<----  [OUT]
2020/09/08 18:24:17:498

Connecting Started...

<<<----  [OUT]
2020/09/08 18:24:38:517

I can't connect with the passive [192.168.100.113/5000] error_code:10060 !

<<<----  [OUT]
2020/09/08 18:24:40:998

Connecting Started...

<<<----  [OUT]
2020/09/08 18:25:02:048

I can't connect with the passive [192.168.100.113/5000] error_code:10060 !

<<<----  [OUT]
2020/09/08 18:25:04:529

Connecting Started...

<<<----  [OUT]
2020/09/08 18:25:25:577

I can't connect with the passive [192.168.100.113/5000] error_code:10060 !

<<<----  [OUT]
2020/09/08 18:25:28:060

Connecting Started...

<<<----  [OUT]
2020/09/08 18:25:49:099

I can't connect with the passive [192.168.100.113/5000] error_code:10060 !

<<<----  [OUT]
2020/09/08 18:25:51:574

Connecting Started...

<<<----  [OUT]
2020/09/08 18:26:12:621

I can't connect with the passive [192.168.100.113/5000] error_code:10060 !

<<<----  [OUT]
2020/09/08 18:26:15:106

Connecting Started...

<<<----  [OUT]
2020/09/08 18:26:36:147

I can't connect with the passive [192.168.100.113/5000] error_code:10060 !

<<<----  [OUT]
2020/09/08 18:26:38:638

Connecting Started...

<<<----  [OUT]
2020/09/08 18:26:59:667

I can't connect with the passive [192.168.100.113/5000] error_code:10060 !

<<<----  [OUT]
2020/09/08 18:27:02:153

Connecting Started...

<<<----  [OUT]
2020/09/08 18:27:23:192

I can't connect with the passive [192.168.100.113/5000] error_code:10060 !

<<<----  [OUT]
2020/09/08 18:27:25:668

Connecting Started...

<<<----  [OUT]
2020/09/08 18:27:46:711

I can't connect with the passive [192.168.100.113/5000] error_code:10060 !

<<<----  [OUT]
2020/09/08 18:27:49:200

Connecting Started...

<<<----  [OUT]
2020/09/08 18:28:10:250

I can't connect with the passive [192.168.100.113/5000] error_code:10060 !

<<<----  [OUT]
2020/09/08 18:28:12:731

Connecting Started...

<<<----  [OUT]
2020/09/08 18:28:33:771

I can't connect with the passive [192.168.100.113/5000] error_code:10060 !

<<<----  [OUT]
2020/09/08 18:28:36:263

Connecting Started...

<<<----  [OUT]
2020/09/08 18:28:57:293

I can't connect with the passive [192.168.100.113/5000] error_code:10060 !

<<<----  [OUT]
2020/09/08 18:28:59:779

Connecting Started...

<<<----  [OUT]
2020/09/08 18:29:20:815

I can't connect with the passive [192.168.100.113/5000] error_code:10060 !

<<<----  [OUT]
2020/09/08 18:29:23:294

Connecting Started...

<<<----  [OUT]
2020/09/08 18:29:44:317

I can't connect with the passive [192.168.100.113/5000] error_code:10060 !

<<<----  [OUT]
2020/09/08 18:29:46:793

Connecting Started...

<<<----  [OUT]
2020/09/08 18:30:07:835

I can't connect with the passive [192.168.100.113/5000] error_code:10060 !

<<<----  [OUT]
2020/09/08 18:30:10:326

Connecting Started...

<<<----  [OUT]
2020/09/08 18:30:31:372

I can't connect with the passive [192.168.100.113/5000] error_code:10060 !

<<<----  [OUT]
2020/09/08 18:30:33:856

Connecting Started...

<<<----  [OUT]
2020/09/08 18:30:54:899

I can't connect with the passive [192.168.100.113/5000] error_code:10060 !

<<<----  [OUT]
2020/09/08 18:30:57:387

Connecting Started...

<<<----  [OUT]
2020/09/08 18:31:18:420

I can't connect with the passive [192.168.100.113/5000] error_code:10060 !

<<<----  [OUT]
2020/09/08 18:31:20:903

Connecting Started...

<<<----  [OUT]
2020/09/08 18:31:41:938

I can't connect with the passive [192.168.100.113/5000] error_code:10060 !

<<<----  [OUT]
2020/09/08 18:31:44:419

Connecting Started...

<<<----  [OUT]
2020/09/08 18:32:05:457

I can't connect with the passive [192.168.100.113/5000] error_code:10060 !

<<<----  [OUT]
2020/09/08 18:32:07:933

Connecting Started...

<<<----  [OUT]
2020/09/08 18:32:28:956

I can't connect with the passive [192.168.100.113/5000] error_code:10060 !

<<<----  [OUT]
2020/09/08 18:32:31:434

Connecting Started...

<<<----  [OUT]
2020/09/08 18:32:52:470

I can't connect with the passive [192.168.100.113/5000] error_code:10060 !

<<<----  [OUT]
2020/09/08 18:32:54:951

Connecting Started...

<<<----  [OUT]
2020/09/08 18:33:15:999

I can't connect with the passive [192.168.100.113/5000] error_code:10060 !

<<<----  [OUT]
2020/09/08 18:33:18:482

Connecting Started...

<<<----  [OUT]
2020/09/08 18:33:39:526

I can't connect with the passive [192.168.100.113/5000] error_code:10060 !

<<<----  [OUT]
2020/09/08 18:33:42:013

Connecting Started...

<<<----  [OUT]
2020/09/08 18:34:03:038

I can't connect with the passive [192.168.100.113/5000] error_code:10060 !

<<<----  [OUT]
2020/09/08 18:34:05:528

Connecting Started...

<<<----  [OUT]
2020/09/08 18:34:26:575

I can't connect with the passive [192.168.100.113/5000] error_code:10060 !

<<<----  [OUT]
2020/09/08 18:34:29:060

Connecting Started...

<<<----  [OUT]
2020/09/08 18:34:50:105

I can't connect with the passive [192.168.100.113/5000] error_code:10060 !

<<<----  [OUT]
2020/09/08 18:34:52:590

Connecting Started...

<<<----  [OUT]
2020/09/08 18:35:13:625

I can't connect with the passive [192.168.100.113/5000] error_code:10060 !

<<<----  [OUT]
2020/09/08 18:35:16:106

Connecting Started...

<<<----  [OUT]
2020/09/08 18:35:37:160

I can't connect with the passive [192.168.100.113/5000] error_code:10060 !

<<<----  [OUT]
2020/09/08 18:35:39:638

Connecting Started...

<<<----  [OUT]
2020/09/08 18:36:00:680

I can't connect with the passive [192.168.100.113/5000] error_code:10060 !

<<<----  [OUT]
2020/09/08 18:36:03:169

Connecting Started...

<<<----  [OUT]
2020/09/08 18:36:24:219

I can't connect with the passive [192.168.100.113/5000] error_code:10060 !

<<<----  [OUT]
2020/09/08 18:36:26:699

Connecting Started...

<<<----  [OUT]
2020/09/08 18:36:47:747

I can't connect with the passive [192.168.100.113/5000] error_code:10060 !

<<<----  [OUT]
2020/09/08 18:36:50:231

Connecting Started...

<<<----  [OUT]
2020/09/08 18:37:11:264

I can't connect with the passive [192.168.100.113/5000] error_code:10060 !

<<<----  [OUT]
2020/09/08 18:37:13:748

Connecting Started...

<<<----  [OUT]
2020/09/08 18:37:34:807

I can't connect with the passive [192.168.100.113/5000] error_code:10060 !

<<<----  [OUT]
2020/09/08 18:37:37:295

Connecting Started...

<<<----  [OUT]
2020/09/08 18:37:58:327

I can't connect with the passive [192.168.100.113/5000] error_code:10060 !

<<<----  [OUT]
2020/09/08 18:38:00:810

Connecting Started...

<<<----  [OUT]
2020/09/08 18:38:21:838

I can't connect with the passive [192.168.100.113/5000] error_code:10060 !

<<<----  [OUT]
2020/09/08 18:38:24:326

Connecting Started...

<<<----  [OUT]
2020/09/08 18:38:45:358

I can't connect with the passive [192.168.100.113/5000] error_code:10060 !

<<<----  [OUT]
2020/09/08 18:38:47:841

Connecting Started...

<<<----  [OUT]
2020/09/08 18:39:08:891

I can't connect with the passive [192.168.100.113/5000] error_code:10060 !

<<<----  [OUT]
2020/09/08 18:39:11:372

Connecting Started...

<<<----  [OUT]
2020/09/08 18:39:32:416

I can't connect with the passive [192.168.100.113/5000] error_code:10060 !

<<<----  [OUT]
2020/09/08 18:39:34:903

Connecting Started...

<<<----  [OUT]
2020/09/08 18:39:55:953

I can't connect with the passive [192.168.100.113/5000] error_code:10060 !

<<<----  [OUT]
2020/09/08 18:39:58:434

Connecting Started...

<<<----  [OUT]
2020/09/08 18:40:19:470

I can't connect with the passive [192.168.100.113/5000] error_code:10060 !

<<<----  [OUT]
2020/09/08 18:40:21:949

Connecting Started...

<<<----  [OUT]
2020/09/08 18:40:42:976

I can't connect with the passive [192.168.100.113/5000] error_code:10060 !

<<<----  [OUT]
2020/09/08 18:40:45:466

Connecting Started...

<<<----  [OUT]
2020/09/08 18:41:06:517

I can't connect with the passive [192.168.100.113/5000] error_code:10060 !

<<<----  [OUT]
2020/09/08 18:41:08:998

Connecting Started...

<<<----  [OUT]
2020/09/08 18:41:30:037

I can't connect with the passive [192.168.100.113/5000] error_code:10060 !

<<<----  [OUT]
2020/09/08 18:41:32:528

Connecting Started...

<<<----  [OUT]
2020/09/08 18:41:53:567

I can't connect with the passive [192.168.100.113/5000] error_code:10060 !

<<<----  [OUT]
2020/09/08 18:41:56:044

Connecting Started...

<<<----  [OUT]
2020/09/08 18:42:17:089

I can't connect with the passive [192.168.100.113/5000] error_code:10060 !

<<<----  [OUT]
2020/09/08 18:42:19:576

Connecting Started...

<<<----  [OUT]
2020/09/08 18:42:40:606

I can't connect with the passive [192.168.100.113/5000] error_code:10060 !

<<<----  [OUT]
2020/09/08 18:42:43:091

Connecting Started...

<<<----  [OUT]
2020/09/08 18:43:04:134

I can't connect with the passive [192.168.100.113/5000] error_code:10060 !

<<<----  [OUT]
2020/09/08 18:43:06:623

Connecting Started...

<<<----  [OUT]
2020/09/08 18:43:27:658

I can't connect with the passive [192.168.100.113/5000] error_code:10060 !

<<<----  [OUT]
2020/09/08 18:43:30:137

Connecting Started...

<<<----  [OUT]
2020/09/08 18:43:51:169

I can't connect with the passive [192.168.100.113/5000] error_code:10060 !

<<<----  [OUT]
2020/09/08 18:43:53:652

Connecting Started...

<<<----  [OUT]
2020/09/08 18:44:14:684

I can't connect with the passive [192.168.100.113/5000] error_code:10060 !

<<<----  [OUT]
2020/09/08 18:44:17:168

Connecting Started...

<<<----  [OUT]
2020/09/08 18:44:38:192

I can't connect with the passive [192.168.100.113/5000] error_code:10060 !

<<<----  [OUT]
2020/09/08 18:44:40:669

Connecting Started...

<<<----  [OUT]
2020/09/08 18:45:01:701

I can't connect with the passive [192.168.100.113/5000] error_code:10060 !

<<<----  [OUT]
2020/09/08 18:45:04:185

Connecting Started...

<<<----  [OUT]
2020/09/08 18:45:25:215

I can't connect with the passive [192.168.100.113/5000] error_code:10060 !

<<<----  [OUT]
2020/09/08 18:45:27:701

Connecting Started...

<<<----  [OUT]
2020/09/08 18:45:48:724

I can't connect with the passive [192.168.100.113/5000] error_code:10060 !

<<<----  [OUT]
2020/09/08 18:45:51:217

Connecting Started...

<<<----  [OUT]
2020/09/08 18:46:12:265

I can't connect with the passive [192.168.100.113/5000] error_code:10060 !

<<<----  [OUT]
2020/09/08 18:46:14:747

Connecting Started...

<<<----  [OUT]
2020/09/08 18:46:35:791

I can't connect with the passive [192.168.100.113/5000] error_code:10060 !

<<<----  [OUT]
2020/09/08 18:46:38:278

Connecting Started...

<<<----  [OUT]
2020/09/08 18:46:59:310

I can't connect with the passive [192.168.100.113/5000] error_code:10060 !

<<<----  [OUT]
2020/09/08 18:47:01:794

Connecting Started...

<<<----  [OUT]
2020/09/08 18:47:22:832

I can't connect with the passive [192.168.100.113/5000] error_code:10060 !

<<<----  [OUT]
2020/09/08 18:47:25:310

Connecting Started...

<<<----  [OUT]
2020/09/08 18:47:46:357

I can't connect with the passive [192.168.100.113/5000] error_code:10060 !

<<<----  [OUT]
2020/09/08 18:47:48:841

Connecting Started...

<<<----  [OUT]
2020/09/08 18:48:09:881

I can't connect with the passive [192.168.100.113/5000] error_code:10060 !

<<<----  [OUT]
2020/09/08 18:48:12:372

Connecting Started...

<<<----  [OUT]
2020/09/08 18:48:33:403

I can't connect with the passive [192.168.100.113/5000] error_code:10060 !

<<<----  [OUT]
2020/09/08 18:48:35:888

Connecting Started...

<<<----  [OUT]
2020/09/08 18:48:56:933

I can't connect with the passive [192.168.100.113/5000] error_code:10060 !

<<<----  [OUT]
2020/09/08 18:48:59:418

Connecting Started...

<<<----  [OUT]
2020/09/08 18:49:20:448

I can't connect with the passive [192.168.100.113/5000] error_code:10060 !

<<<----  [OUT]
2020/09/08 18:49:22:933

Connecting Started...

<<<----  [OUT]
2020/09/08 18:49:43:966

I can't connect with the passive [192.168.100.113/5000] error_code:10060 !

<<<----  [OUT]
2020/09/08 18:49:46:450

Connecting Started...

<<<----  [OUT]
2020/09/08 18:50:07:509

I can't connect with the passive [192.168.100.113/5000] error_code:10060 !

<<<----  [OUT]
2020/09/08 18:50:09:997

Connecting Started...

<<<----  [OUT]
2020/09/08 18:50:31:039

I can't connect with the passive [192.168.100.113/5000] error_code:10060 !

<<<----  [OUT]
2020/09/08 18:50:33:528

Connecting Started...

<<<----  [OUT]
2020/09/08 18:50:54:565

I can't connect with the passive [192.168.100.113/5000] error_code:10060 !

<<<----  [OUT]
2020/09/08 18:50:57:043

Connecting Started...

<<<----  [OUT]
2020/09/08 18:51:18:073

I can't connect with the passive [192.168.100.113/5000] error_code:10060 !

<<<----  [OUT]
2020/09/08 18:51:20:559

Connecting Started...

<<<----  [OUT]
2020/09/08 18:51:41:601

I can't connect with the passive [192.168.100.113/5000] error_code:10060 !

<<<----  [OUT]
2020/09/08 18:51:44:090

Connecting Started...

<<<----  [OUT]
2020/09/08 18:52:05:144

I can't connect with the passive [192.168.100.113/5000] error_code:10060 !

<<<----  [OUT]
2020/09/08 18:52:07:622

Connecting Started...

<<<----  [OUT]
2020/09/08 18:52:28:657

I can't connect with the passive [192.168.100.113/5000] error_code:10060 !

<<<----  [OUT]
2020/09/08 18:52:31:138

Connecting Started...

<<<----  [OUT]
2020/09/08 18:52:52:180

I can't connect with the passive [192.168.100.113/5000] error_code:10060 !

<<<----  [OUT]
2020/09/08 18:52:54:669

Connecting Started...

<<<----  [OUT]
2020/09/08 18:53:15:696

I can't connect with the passive [192.168.100.113/5000] error_code:10060 !

<<<----  [OUT]
2020/09/08 18:53:18:185

Connecting Started...

<<<----  [OUT]
2020/09/08 18:53:39:219

I can't connect with the passive [192.168.100.113/5000] error_code:10060 !

<<<----  [OUT]
2020/09/08 18:53:41:700

Connecting Started...

<<<----  [OUT]
2020/09/08 18:54:02:736

I can't connect with the passive [192.168.100.113/5000] error_code:10060 !

<<<----  [OUT]
2020/09/08 18:54:05:216

Connecting Started...

<<<----  [OUT]
2020/09/08 18:54:26:252

I can't connect with the passive [192.168.100.113/5000] error_code:10060 !

<<<----  [OUT]
2020/09/08 18:54:28:731

Connecting Started...

<<<----  [OUT]
2020/09/08 18:54:49:765

I can't connect with the passive [192.168.100.113/5000] error_code:10060 !

<<<----  [OUT]
2020/09/08 18:54:52:247

Connecting Started...

<<<----  [OUT]
2020/09/08 18:55:13:286

I can't connect with the passive [192.168.100.113/5000] error_code:10060 !

<<<----  [OUT]
2020/09/08 18:55:15:762

Connecting Started...

<<<----  [OUT]
2020/09/08 18:55:36:806

I can't connect with the passive [192.168.100.113/5000] error_code:10060 !

<<<----  [OUT]
2020/09/08 18:55:39:293

Connecting Started...

<<<----  [OUT]
2020/09/08 18:56:00:327

I can't connect with the passive [192.168.100.113/5000] error_code:10060 !

<<<----  [OUT]
2020/09/08 18:56:02:810

Connecting Started...

<<<----  [OUT]
2020/09/08 18:56:23:834

I can't connect with the passive [192.168.100.113/5000] error_code:10060 !

<<<----  [OUT]
2020/09/08 18:56:26:325

Connecting Started...

<<<----  [OUT]
2020/09/08 18:56:47:377

I can't connect with the passive [192.168.100.113/5000] error_code:10060 !

<<<----  [OUT]
2020/09/08 18:56:49:857

Connecting Started...

<<<----  [OUT]
2020/09/08 18:57:10:888

I can't connect with the passive [192.168.100.113/5000] error_code:10060 !

<<<----  [OUT]
2020/09/08 18:57:13:373

Connecting Started...

<<<----  [OUT]
2020/09/08 18:57:34:414

I can't connect with the passive [192.168.100.113/5000] error_code:10060 !

<<<----  [OUT]
2020/09/08 18:57:36:902

Connecting Started...

<<<----  [OUT]
2020/09/08 18:57:57:953

I can't connect with the passive [192.168.100.113/5000] error_code:10060 !

<<<----  [OUT]
2020/09/08 18:58:00:435

Connecting Started...

<<<----  [OUT]
2020/09/08 18:58:21:464

I can't connect with the passive [192.168.100.113/5000] error_code:10060 !

<<<----  [OUT]
2020/09/08 18:58:23:951

Connecting Started...

<<<----  [OUT]
2020/09/08 18:58:44:998

I can't connect with the passive [192.168.100.113/5000] error_code:10060 !

<<<----  [OUT]
2020/09/08 18:58:47:481

Connecting Started...

<<<----  [OUT]
2020/09/08 18:59:08:532

I can't connect with the passive [192.168.100.113/5000] error_code:10060 !

<<<----  [OUT]
2020/09/08 18:59:11:013

Connecting Started...

<<<----  [OUT]
2020/09/08 18:59:32:051

I can't connect with the passive [192.168.100.113/5000] error_code:10060 !

<<<----  [OUT]
2020/09/08 18:59:34:529

Connecting Started...

<<<----  [OUT]
2020/09/08 18:59:55:562

I can't connect with the passive [192.168.100.113/5000] error_code:10060 !

<<<----  [OUT]
2020/09/08 18:59:58:044

Connecting Started...
