
<<<----  [OUT]
2020/08/26 13:19:01:382

---------------------------------------------------------------------
// FA : Start Log ...


<<<----  [OUT]
2020/08/26 13:19:01:386

//-------------------------------------------------------------
Property Information

   Driver Type [HSMS]
   Driver Mode [ACTIVE]
   IP    [192.168.100.113]
   Port  [5000]
//-------------------------------------------------------------


<<<----  [OUT]
2020/08/26 13:19:01:988

Auto-Start Started ... (Active)

<<<----  [OUT]
2020/08/26 13:19:02:078

Auto-Start Started ...  Waiting Stop-Connection.

<<<----  [OUT]
2020/08/26 13:19:02:078

Auto-Start Started ...  Waiting Open-Socket.

<<<----  [OUT]
2020/08/26 13:19:02:107

Socket Open Started...

<<<----  [OUT]
2020/08/26 13:19:02:107

Socket Open Completed...

<<<----  [OUT]
2020/08/26 13:19:02:107

Connecting Started...

<<<----  [OUT]
2020/08/26 13:19:02:119

Active socket is connected with passive [192.168.100.113/5000] !

<<<----  [OUT]
2020/08/26 13:19:02:169

Auto-Start Completed ...  (Active)

<<<----  [OUT]
2020/08/26 13:19:02:210
Select.req
00 00 00 0A FF FF 00 00 00 01 00 00 00 01 

<<<----  [OUT]
2020/08/26 13:19:02:210

Check1 : Send__SELECT_REQ() - [Return Value : 1] [T6_FLAG : 1] [T6_SEC : 2]

---->>>  [IN ]
2020/08/26 13:19:02:216
Select.rsp
00 00 00 0A FF FF 00 00 00 02 00 00 00 01 

<<<----  [OUT]
2020/08/26 13:19:02:217

Check3 : Send__SELECT_REQ() - [Return Value : 1] [T6_FLAG : -1] [T6_SEC : 2]

---->>>  [IN ]
2020/08/26 13:19:02:264
Linktest.req
00 00 00 0A FF FF 00 00 00 05 80 00 04 59 

<<<----  [OUT]
2020/08/26 13:19:02:264
Linktest.rsp
00 00 00 0A FF FF 00 00 00 06 80 00 04 59 

<<<----  [OUT]
2020/08/26 13:19:12:240
Linktest.req
00 00 00 0A FF FF 00 00 00 05 00 00 00 02 

---->>>  [IN ]
2020/08/26 13:19:12:245
Linktest.rsp
00 00 00 0A FF FF 00 00 00 06 00 00 00 02 
