
<<<----  [OUT]
2020/08/26 12:52:38:599

---------------------------------------------------------------------
// FA : Start Log ...


<<<----  [OUT]
2020/08/26 12:52:38:603

//-------------------------------------------------------------
Property Information

   Driver Type [HSMS]
   Driver Mode [ACTIVE]
   IP    [192.168.100.113]
   Port  [5000]
//-------------------------------------------------------------


<<<----  [OUT]
2020/08/26 12:52:39:204

Auto-Start Started ... (Active)

<<<----  [OUT]
2020/08/26 12:52:39:295

Auto-Start Started ...  Waiting Stop-Connection.

<<<----  [OUT]
2020/08/26 12:52:39:295

Auto-Start Started ...  Waiting Open-Socket.

<<<----  [OUT]
2020/08/26 12:52:39:325

Socket Open Started...

<<<----  [OUT]
2020/08/26 12:52:39:325

Socket Open Completed...

<<<----  [OUT]
2020/08/26 12:52:39:325

Connecting Started...

<<<----  [OUT]
2020/08/26 12:52:39:326

Active socket is connected with passive [192.168.100.113/5000] !

<<<----  [OUT]
2020/08/26 12:52:39:385

Auto-Start Completed ...  (Active)

<<<----  [OUT]
2020/08/26 12:52:40:120
Select.req
00 00 00 0A FF FF 00 00 00 01 00 00 00 01 

<<<----  [OUT]
2020/08/26 12:52:40:121

Check1 : Send__SELECT_REQ() - [Return Value : 1] [T6_FLAG : 1] [T6_SEC : 2]

---->>>  [IN ]
2020/08/26 12:52:40:124
Select.rsp
00 00 00 0A FF FF 00 00 00 02 00 00 00 01 

<<<----  [OUT]
2020/08/26 12:52:40:125

Check3 : Send__SELECT_REQ() - [Return Value : 1] [T6_FLAG : -1] [T6_SEC : 2]

---->>>  [IN ]
2020/08/26 12:52:40:168
Linktest.req
00 00 00 0A FF FF 00 00 00 05 80 00 04 56 

<<<----  [OUT]
2020/08/26 12:52:40:168
Linktest.rsp
00 00 00 0A FF FF 00 00 00 06 80 00 04 56 

<<<----  [OUT]
2020/08/26 12:52:50:142
Linktest.req
00 00 00 0A FF FF 00 00 00 05 00 00 00 02 

---->>>  [IN ]
2020/08/26 12:52:50:143
Linktest.rsp
00 00 00 0A FF FF 00 00 00 06 00 00 00 02 

<<<----  [OUT]
2020/08/26 12:53:00:157
Linktest.req
00 00 00 0A FF FF 00 00 00 05 00 00 00 03 

---->>>  [IN ]
2020/08/26 12:53:00:158
Linktest.rsp
00 00 00 0A FF FF 00 00 00 06 00 00 00 03 

<<<----  [OUT]
2020/08/26 12:53:10:170
Linktest.req
00 00 00 0A FF FF 00 00 00 05 00 00 00 04 

---->>>  [IN ]
2020/08/26 12:53:10:171
Linktest.rsp
00 00 00 0A FF FF 00 00 00 06 00 00 00 04 

<<<----  [OUT]
2020/08/26 12:53:20:187
Linktest.req
00 00 00 0A FF FF 00 00 00 05 00 00 00 05 

---->>>  [IN ]
2020/08/26 12:53:20:188
Linktest.rsp
00 00 00 0A FF FF 00 00 00 06 00 00 00 05 

<<<----  [OUT]
2020/08/26 12:53:30:204
Linktest.req
00 00 00 0A FF FF 00 00 00 05 00 00 00 06 

---->>>  [IN ]
2020/08/26 12:53:30:205
Linktest.rsp
00 00 00 0A FF FF 00 00 00 06 00 00 00 06 

---->>>  [IN ]
2020/08/26 12:53:40:169
Linktest.req
00 00 00 0A FF FF 00 00 00 05 80 00 04 57 

<<<----  [OUT]
2020/08/26 12:53:40:169
Linktest.rsp
00 00 00 0A FF FF 00 00 00 06 80 00 04 57 

<<<----  [OUT]
2020/08/26 12:53:40:211
Linktest.req
00 00 00 0A FF FF 00 00 00 05 00 00 00 07 

---->>>  [IN ]
2020/08/26 12:53:40:233
Linktest.rsp
00 00 00 0A FF FF 00 00 00 06 00 00 00 07 

<<<----  [OUT]
2020/08/26 12:53:50:240
Linktest.req
00 00 00 0A FF FF 00 00 00 05 00 00 00 08 

---->>>  [IN ]
2020/08/26 12:53:50:241
Linktest.rsp
00 00 00 0A FF FF 00 00 00 06 00 00 00 08 

<<<----  [OUT]
2020/08/26 12:54:00:257
Linktest.req
00 00 00 0A FF FF 00 00 00 05 00 00 00 09 

---->>>  [IN ]
2020/08/26 12:54:00:264
Linktest.rsp
00 00 00 0A FF FF 00 00 00 06 00 00 00 09 

<<<----  [OUT]
2020/08/26 12:54:10:283
Linktest.req
00 00 00 0A FF FF 00 00 00 05 00 00 00 0A 

---->>>  [IN ]
2020/08/26 12:54:10:288
Linktest.rsp
00 00 00 0A FF FF 00 00 00 06 00 00 00 0A 

<<<----  [OUT]
2020/08/26 12:54:20:305
Linktest.req
00 00 00 0A FF FF 00 00 00 05 00 00 00 0B 

---->>>  [IN ]
2020/08/26 12:54:20:310
Linktest.rsp
00 00 00 0A FF FF 00 00 00 06 00 00 00 0B 

<<<----  [OUT]
2020/08/26 12:54:30:329
Linktest.req
00 00 00 0A FF FF 00 00 00 05 00 00 00 0C 

---->>>  [IN ]
2020/08/26 12:54:30:334
Linktest.rsp
00 00 00 0A FF FF 00 00 00 06 00 00 00 0C 

---->>>  [IN ]
2020/08/26 12:54:40:183
Linktest.req
00 00 00 0A FF FF 00 00 00 05 80 00 04 58 

<<<----  [OUT]
2020/08/26 12:54:40:183
Linktest.rsp
00 00 00 0A FF FF 00 00 00 06 80 00 04 58 

<<<----  [OUT]
2020/08/26 12:54:40:346
Linktest.req
00 00 00 0A FF FF 00 00 00 05 00 00 00 0D 

---->>>  [IN ]
2020/08/26 12:54:40:353
Linktest.rsp
00 00 00 0A FF FF 00 00 00 06 00 00 00 0D 

<<<----  [OUT]
2020/08/26 12:54:50:364
Linktest.req
00 00 00 0A FF FF 00 00 00 05 00 00 00 0E 

---->>>  [IN ]
2020/08/26 12:54:50:369
Linktest.rsp
00 00 00 0A FF FF 00 00 00 06 00 00 00 0E 

<<<----  [OUT]
2020/08/26 12:55:00:380
Linktest.req
00 00 00 0A FF FF 00 00 00 05 00 00 00 0F 

---->>>  [IN ]
2020/08/26 12:55:00:387
Linktest.rsp
00 00 00 0A FF FF 00 00 00 06 00 00 00 0F 

<<<----  [OUT]
2020/08/26 12:55:10:398
Linktest.req
00 00 00 0A FF FF 00 00 00 05 00 00 00 10 

---->>>  [IN ]
2020/08/26 12:55:10:403
Linktest.rsp
00 00 00 0A FF FF 00 00 00 06 00 00 00 10 

<<<----  [OUT]
2020/08/26 12:55:20:418
Linktest.req
00 00 00 0A FF FF 00 00 00 05 00 00 00 11 

---->>>  [IN ]
2020/08/26 12:55:20:423
Linktest.rsp
00 00 00 0A FF FF 00 00 00 06 00 00 00 11 
