
<<<----  [OUT]
2022/02/11 09:00:02:513

I can't connect with the passive [192.168.100.113/5000] error_code:10060 !

<<<----  [OUT]
2022/02/11 09:00:04:996

Connecting Started...

<<<----  [OUT]
2022/02/11 09:00:25:999

I can't connect with the passive [192.168.100.113/5000] error_code:10060 !

<<<----  [OUT]
2022/02/11 09:00:28:479

Connecting Started...

<<<----  [OUT]
2022/02/11 09:00:49:482

I can't connect with the passive [192.168.100.113/5000] error_code:10060 !

<<<----  [OUT]
2022/02/11 09:00:51:964

Connecting Started...

<<<----  [OUT]
2022/02/11 09:01:12:967

I can't connect with the passive [192.168.100.113/5000] error_code:10060 !

<<<----  [OUT]
2022/02/11 09:01:15:449

Connecting Started...

<<<----  [OUT]
2022/02/11 09:01:36:451

I can't connect with the passive [192.168.100.113/5000] error_code:10060 !

<<<----  [OUT]
2022/02/11 09:01:38:932

Connecting Started...

<<<----  [OUT]
2022/02/11 09:01:59:935

I can't connect with the passive [192.168.100.113/5000] error_code:10060 !

<<<----  [OUT]
2022/02/11 09:02:02:417

Connecting Started...

<<<----  [OUT]
2022/02/11 09:02:23:421

I can't connect with the passive [192.168.100.113/5000] error_code:10060 !

<<<----  [OUT]
2022/02/11 09:02:25:901

Connecting Started...

<<<----  [OUT]
2022/02/11 09:02:46:903

I can't connect with the passive [192.168.100.113/5000] error_code:10060 !

<<<----  [OUT]
2022/02/11 09:02:49:385

Connecting Started...

<<<----  [OUT]
2022/02/11 09:03:10:389

I can't connect with the passive [192.168.100.113/5000] error_code:10060 !

<<<----  [OUT]
2022/02/11 09:03:12:871

Connecting Started...

<<<----  [OUT]
2022/02/11 09:03:33:874

I can't connect with the passive [192.168.100.113/5000] error_code:10060 !

<<<----  [OUT]
2022/02/11 09:03:36:355

Connecting Started...

<<<----  [OUT]
2022/02/11 09:03:57:356

I can't connect with the passive [192.168.100.113/5000] error_code:10060 !

<<<----  [OUT]
2022/02/11 09:03:59:838

Connecting Started...

<<<----  [OUT]
2022/02/11 09:04:20:841

I can't connect with the passive [192.168.100.113/5000] error_code:10060 !

<<<----  [OUT]
2022/02/11 09:04:23:324

Connecting Started...

<<<----  [OUT]
2022/02/11 09:04:44:325

I can't connect with the passive [192.168.100.113/5000] error_code:10060 !

<<<----  [OUT]
2022/02/11 09:04:46:807

Connecting Started...

<<<----  [OUT]
2022/02/11 09:05:07:814

I can't connect with the passive [192.168.100.113/5000] error_code:10060 !

<<<----  [OUT]
2022/02/11 09:05:10:293

Connecting Started...

<<<----  [OUT]
2022/02/11 09:05:31:295

I can't connect with the passive [192.168.100.113/5000] error_code:10060 !

<<<----  [OUT]
2022/02/11 09:05:33:777

Connecting Started...

<<<----  [OUT]
2022/02/11 09:05:54:779

I can't connect with the passive [192.168.100.113/5000] error_code:10060 !

<<<----  [OUT]
2022/02/11 09:05:57:261

Connecting Started...

<<<----  [OUT]
2022/02/11 09:06:18:263

I can't connect with the passive [192.168.100.113/5000] error_code:10060 !

<<<----  [OUT]
2022/02/11 09:06:20:746

Connecting Started...

<<<----  [OUT]
2022/02/11 09:06:41:749

I can't connect with the passive [192.168.100.113/5000] error_code:10060 !

<<<----  [OUT]
2022/02/11 09:06:44:229

Connecting Started...

<<<----  [OUT]
2022/02/11 09:07:05:233

I can't connect with the passive [192.168.100.113/5000] error_code:10060 !

<<<----  [OUT]
2022/02/11 09:07:07:713

Connecting Started...

<<<----  [OUT]
2022/02/11 09:07:28:716

I can't connect with the passive [192.168.100.113/5000] error_code:10060 !

<<<----  [OUT]
2022/02/11 09:07:31:199

Connecting Started...

<<<----  [OUT]
2022/02/11 09:07:52:203

I can't connect with the passive [192.168.100.113/5000] error_code:10060 !

<<<----  [OUT]
2022/02/11 09:07:54:682

Connecting Started...

<<<----  [OUT]
2022/02/11 09:08:15:688

I can't connect with the passive [192.168.100.113/5000] error_code:10060 !

<<<----  [OUT]
2022/02/11 09:08:18:167

Connecting Started...

<<<----  [OUT]
2022/02/11 09:08:39:173

I can't connect with the passive [192.168.100.113/5000] error_code:10060 !

<<<----  [OUT]
2022/02/11 09:08:41:652

Connecting Started...

<<<----  [OUT]
2022/02/11 09:09:02:652

I can't connect with the passive [192.168.100.113/5000] error_code:10060 !

<<<----  [OUT]
2022/02/11 09:09:05:135

Connecting Started...

<<<----  [OUT]
2022/02/11 09:09:26:136

I can't connect with the passive [192.168.100.113/5000] error_code:10060 !

<<<----  [OUT]
2022/02/11 09:09:28:621

Connecting Started...

<<<----  [OUT]
2022/02/11 09:09:49:625

I can't connect with the passive [192.168.100.113/5000] error_code:10060 !

<<<----  [OUT]
2022/02/11 09:09:52:104

Connecting Started...

<<<----  [OUT]
2022/02/11 09:10:13:111

I can't connect with the passive [192.168.100.113/5000] error_code:10060 !

<<<----  [OUT]
2022/02/11 09:10:15:589

Connecting Started...

<<<----  [OUT]
2022/02/11 09:10:36:590

I can't connect with the passive [192.168.100.113/5000] error_code:10060 !

<<<----  [OUT]
2022/02/11 09:10:39:074

Connecting Started...

<<<----  [OUT]
2022/02/11 09:11:00:076

I can't connect with the passive [192.168.100.113/5000] error_code:10060 !

<<<----  [OUT]
2022/02/11 09:11:02:557

Connecting Started...

<<<----  [OUT]
2022/02/11 09:11:23:559

I can't connect with the passive [192.168.100.113/5000] error_code:10060 !

<<<----  [OUT]
2022/02/11 09:11:26:042

Connecting Started...

<<<----  [OUT]
2022/02/11 09:11:47:047

I can't connect with the passive [192.168.100.113/5000] error_code:10060 !

<<<----  [OUT]
2022/02/11 09:11:49:525

Connecting Started...

<<<----  [OUT]
2022/02/11 09:12:10:530

I can't connect with the passive [192.168.100.113/5000] error_code:10060 !

<<<----  [OUT]
2022/02/11 09:12:13:012

Connecting Started...

<<<----  [OUT]
2022/02/11 09:12:34:018

I can't connect with the passive [192.168.100.113/5000] error_code:10060 !

<<<----  [OUT]
2022/02/11 09:12:36:495

Connecting Started...

<<<----  [OUT]
2022/02/11 09:12:57:503

I can't connect with the passive [192.168.100.113/5000] error_code:10060 !

<<<----  [OUT]
2022/02/11 09:12:59:995

Connecting Started...

<<<----  [OUT]
2022/02/11 09:13:20:999

I can't connect with the passive [192.168.100.113/5000] error_code:10060 !

<<<----  [OUT]
2022/02/11 09:13:23:479

Connecting Started...

<<<----  [OUT]
2022/02/11 09:13:44:483

I can't connect with the passive [192.168.100.113/5000] error_code:10060 !

<<<----  [OUT]
2022/02/11 09:13:46:963

Connecting Started...

<<<----  [OUT]
2022/02/11 09:14:07:965

I can't connect with the passive [192.168.100.113/5000] error_code:10060 !

<<<----  [OUT]
2022/02/11 09:14:10:447

Connecting Started...

<<<----  [OUT]
2022/02/11 09:14:31:452

I can't connect with the passive [192.168.100.113/5000] error_code:10060 !

<<<----  [OUT]
2022/02/11 09:14:33:932

Connecting Started...

<<<----  [OUT]
2022/02/11 09:14:54:937

I can't connect with the passive [192.168.100.113/5000] error_code:10060 !

<<<----  [OUT]
2022/02/11 09:14:57:416

Connecting Started...

<<<----  [OUT]
2022/02/11 09:15:18:421

I can't connect with the passive [192.168.100.113/5000] error_code:10060 !

<<<----  [OUT]
2022/02/11 09:15:20:901

Connecting Started...

<<<----  [OUT]
2022/02/11 09:15:41:904

I can't connect with the passive [192.168.100.113/5000] error_code:10060 !

<<<----  [OUT]
2022/02/11 09:15:44:386

Connecting Started...

<<<----  [OUT]
2022/02/11 09:16:05:389

I can't connect with the passive [192.168.100.113/5000] error_code:10060 !

<<<----  [OUT]
2022/02/11 09:16:07:870

Connecting Started...

<<<----  [OUT]
2022/02/11 09:16:28:872

I can't connect with the passive [192.168.100.113/5000] error_code:10060 !

<<<----  [OUT]
2022/02/11 09:16:31:354

Connecting Started...

<<<----  [OUT]
2022/02/11 09:16:52:358

I can't connect with the passive [192.168.100.113/5000] error_code:10060 !

<<<----  [OUT]
2022/02/11 09:16:54:839

Connecting Started...

<<<----  [OUT]
2022/02/11 09:17:15:849

I can't connect with the passive [192.168.100.113/5000] error_code:10060 !

<<<----  [OUT]
2022/02/11 09:17:18:338

Connecting Started...

<<<----  [OUT]
2022/02/11 09:17:39:342

I can't connect with the passive [192.168.100.113/5000] error_code:10060 !

<<<----  [OUT]
2022/02/11 09:17:41:823

Connecting Started...

<<<----  [OUT]
2022/02/11 09:18:02:826

I can't connect with the passive [192.168.100.113/5000] error_code:10060 !

<<<----  [OUT]
2022/02/11 09:18:05:308

Connecting Started...

<<<----  [OUT]
2022/02/11 09:18:26:313

I can't connect with the passive [192.168.100.113/5000] error_code:10060 !

<<<----  [OUT]
2022/02/11 09:18:28:791

Connecting Started...

<<<----  [OUT]
2022/02/11 09:18:49:796

I can't connect with the passive [192.168.100.113/5000] error_code:10060 !

<<<----  [OUT]
2022/02/11 09:18:52:277

Connecting Started...

<<<----  [OUT]
2022/02/11 09:19:13:282

I can't connect with the passive [192.168.100.113/5000] error_code:10060 !

<<<----  [OUT]
2022/02/11 09:19:15:761

Connecting Started...

<<<----  [OUT]
2022/02/11 09:19:36:764

I can't connect with the passive [192.168.100.113/5000] error_code:10060 !

<<<----  [OUT]
2022/02/11 09:19:39:245

Connecting Started...

<<<----  [OUT]
2022/02/11 09:20:00:249

I can't connect with the passive [192.168.100.113/5000] error_code:10060 !

<<<----  [OUT]
2022/02/11 09:20:02:728

Connecting Started...

<<<----  [OUT]
2022/02/11 09:20:23:732

I can't connect with the passive [192.168.100.113/5000] error_code:10060 !

<<<----  [OUT]
2022/02/11 09:20:26:213

Connecting Started...

<<<----  [OUT]
2022/02/11 09:20:47:217

I can't connect with the passive [192.168.100.113/5000] error_code:10060 !

<<<----  [OUT]
2022/02/11 09:20:49:698

Connecting Started...

<<<----  [OUT]
2022/02/11 09:21:10:699

I can't connect with the passive [192.168.100.113/5000] error_code:10060 !

<<<----  [OUT]
2022/02/11 09:21:13:183

Connecting Started...

<<<----  [OUT]
2022/02/11 09:21:34:190

I can't connect with the passive [192.168.100.113/5000] error_code:10060 !

<<<----  [OUT]
2022/02/11 09:21:36:666

Connecting Started...

<<<----  [OUT]
2022/02/11 09:21:57:672

I can't connect with the passive [192.168.100.113/5000] error_code:10060 !

<<<----  [OUT]
2022/02/11 09:22:00:152

Connecting Started...

<<<----  [OUT]
2022/02/11 09:22:21:153

I can't connect with the passive [192.168.100.113/5000] error_code:10060 !

<<<----  [OUT]
2022/02/11 09:22:23:636

Connecting Started...

<<<----  [OUT]
2022/02/11 09:22:44:639

I can't connect with the passive [192.168.100.113/5000] error_code:10060 !

<<<----  [OUT]
2022/02/11 09:22:47:119

Connecting Started...

<<<----  [OUT]
2022/02/11 09:23:08:125

I can't connect with the passive [192.168.100.113/5000] error_code:10060 !

<<<----  [OUT]
2022/02/11 09:23:10:604

Connecting Started...

<<<----  [OUT]
2022/02/11 09:23:31:606

I can't connect with the passive [192.168.100.113/5000] error_code:10060 !

<<<----  [OUT]
2022/02/11 09:23:34:089

Connecting Started...

<<<----  [OUT]
2022/02/11 09:23:55:092

I can't connect with the passive [192.168.100.113/5000] error_code:10060 !

<<<----  [OUT]
2022/02/11 09:23:57:573

Connecting Started...

<<<----  [OUT]
2022/02/11 09:24:18:575

I can't connect with the passive [192.168.100.113/5000] error_code:10060 !

<<<----  [OUT]
2022/02/11 09:24:21:057

Connecting Started...

<<<----  [OUT]
2022/02/11 09:24:42:062

I can't connect with the passive [192.168.100.113/5000] error_code:10060 !

<<<----  [OUT]
2022/02/11 09:24:44:541

Connecting Started...

<<<----  [OUT]
2022/02/11 09:38:17:738

---------------------------------------------------------------------
// FA : Start Log ...


<<<----  [OUT]
2022/02/11 09:38:17:747

//-------------------------------------------------------------
Property Information

   Driver Type [HSMS]
   Driver Mode [ACTIVE]
   IP    [192.168.100.113]
   Port  [5000]
//-------------------------------------------------------------


<<<----  [OUT]
2022/02/11 09:38:18:348

Auto-Start Started ... (Active)

<<<----  [OUT]
2022/02/11 09:38:18:439

Auto-Start Started ...  Waiting Stop-Connection.

<<<----  [OUT]
2022/02/11 09:38:18:439

Auto-Start Started ...  Waiting Open-Socket.

<<<----  [OUT]
2022/02/11 09:38:18:464

Socket Open Started...

<<<----  [OUT]
2022/02/11 09:38:18:464

Socket Open Completed...

<<<----  [OUT]
2022/02/11 09:38:18:464

Connecting Started...

<<<----  [OUT]
2022/02/11 09:38:18:530

Auto-Start Completed ...  (Active)

<<<----  [OUT]
2022/02/11 09:38:39:467

I can't connect with the passive [192.168.100.113/5000] error_code:10060 !

<<<----  [OUT]
2022/02/11 09:38:41:948

Connecting Started...

<<<----  [OUT]
2022/02/11 09:39:02:951

I can't connect with the passive [192.168.100.113/5000] error_code:10060 !

<<<----  [OUT]
2022/02/11 09:39:05:433

Connecting Started...

<<<----  [OUT]
2022/02/11 09:39:26:436

I can't connect with the passive [192.168.100.113/5000] error_code:10060 !

<<<----  [OUT]
2022/02/11 09:39:28:915

Connecting Started...

<<<----  [OUT]
2022/02/11 09:39:49:922

I can't connect with the passive [192.168.100.113/5000] error_code:10060 !

<<<----  [OUT]
2022/02/11 09:39:52:402

Connecting Started...

<<<----  [OUT]
2022/02/11 09:40:13:408

I can't connect with the passive [192.168.100.113/5000] error_code:10060 !

<<<----  [OUT]
2022/02/11 09:40:15:886

Connecting Started...

<<<----  [OUT]
2022/02/11 09:40:36:892

I can't connect with the passive [192.168.100.113/5000] error_code:10060 !

<<<----  [OUT]
2022/02/11 09:40:39:370

Connecting Started...

<<<----  [OUT]
2022/02/11 09:41:00:376

I can't connect with the passive [192.168.100.113/5000] error_code:10060 !

<<<----  [OUT]
2022/02/11 09:41:02:855

Connecting Started...

<<<----  [OUT]
2022/02/11 09:41:23:857

I can't connect with the passive [192.168.100.113/5000] error_code:10060 !

<<<----  [OUT]
2022/02/11 09:41:26:338

Connecting Started...

<<<----  [OUT]
2022/02/11 09:41:47:340

I can't connect with the passive [192.168.100.113/5000] error_code:10060 !

<<<----  [OUT]
2022/02/11 09:41:49:822

Connecting Started...

<<<----  [OUT]
2022/02/11 09:42:10:823

I can't connect with the passive [192.168.100.113/5000] error_code:10060 !

<<<----  [OUT]
2022/02/11 09:42:13:307

Connecting Started...

<<<----  [OUT]
2022/02/11 09:42:34:312

I can't connect with the passive [192.168.100.113/5000] error_code:10060 !

<<<----  [OUT]
2022/02/11 09:42:36:792

Connecting Started...

<<<----  [OUT]
2022/02/11 09:42:57:795

I can't connect with the passive [192.168.100.113/5000] error_code:10060 !

<<<----  [OUT]
2022/02/11 09:43:00:275

Connecting Started...

<<<----  [OUT]
2022/02/11 09:43:21:278

I can't connect with the passive [192.168.100.113/5000] error_code:10060 !

<<<----  [OUT]
2022/02/11 09:43:23:761

Connecting Started...

<<<----  [OUT]
2022/02/11 09:43:44:763

I can't connect with the passive [192.168.100.113/5000] error_code:10060 !

<<<----  [OUT]
2022/02/11 09:43:47:245

Connecting Started...

<<<----  [OUT]
2022/02/11 09:44:08:248

I can't connect with the passive [192.168.100.113/5000] error_code:10060 !

<<<----  [OUT]
2022/02/11 09:44:10:729

Connecting Started...

<<<----  [OUT]
2022/02/11 09:44:31:729

I can't connect with the passive [192.168.100.113/5000] error_code:10060 !

<<<----  [OUT]
2022/02/11 09:44:34:214

Connecting Started...

<<<----  [OUT]
2022/02/11 09:44:55:215

I can't connect with the passive [192.168.100.113/5000] error_code:10060 !

<<<----  [OUT]
2022/02/11 09:44:57:696

Connecting Started...

<<<----  [OUT]
2022/02/11 09:45:18:698

I can't connect with the passive [192.168.100.113/5000] error_code:10060 !

<<<----  [OUT]
2022/02/11 09:45:21:182

Connecting Started...

<<<----  [OUT]
2022/02/11 09:45:42:185

I can't connect with the passive [192.168.100.113/5000] error_code:10060 !

<<<----  [OUT]
2022/02/11 09:45:44:666

Connecting Started...

<<<----  [OUT]
2022/02/11 09:46:05:668

I can't connect with the passive [192.168.100.113/5000] error_code:10060 !

<<<----  [OUT]
2022/02/11 09:46:08:150

Connecting Started...

<<<----  [OUT]
2022/02/11 09:46:29:154

I can't connect with the passive [192.168.100.113/5000] error_code:10060 !

<<<----  [OUT]
2022/02/11 09:46:31:636

Connecting Started...

<<<----  [OUT]
2022/02/11 09:46:52:640

I can't connect with the passive [192.168.100.113/5000] error_code:10060 !

<<<----  [OUT]
2022/02/11 09:46:55:119

Connecting Started...

<<<----  [OUT]
2022/02/11 09:47:16:121

I can't connect with the passive [192.168.100.113/5000] error_code:10060 !

<<<----  [OUT]
2022/02/11 09:47:18:604

Connecting Started...

<<<----  [OUT]
2022/02/11 09:47:39:610

I can't connect with the passive [192.168.100.113/5000] error_code:10060 !

<<<----  [OUT]
2022/02/11 09:47:42:089

Connecting Started...

<<<----  [OUT]
2022/02/11 09:48:03:092

I can't connect with the passive [192.168.100.113/5000] error_code:10060 !

<<<----  [OUT]
2022/02/11 09:48:05:572

Connecting Started...

<<<----  [OUT]
2022/02/11 09:48:26:574

I can't connect with the passive [192.168.100.113/5000] error_code:10060 !

<<<----  [OUT]
2022/02/11 09:48:29:057

Connecting Started...

<<<----  [OUT]
2022/02/11 09:48:50:060

I can't connect with the passive [192.168.100.113/5000] error_code:10060 !

<<<----  [OUT]
2022/02/11 09:48:52:542

Connecting Started...

<<<----  [OUT]
2022/02/11 09:49:13:545

I can't connect with the passive [192.168.100.113/5000] error_code:10060 !

<<<----  [OUT]
2022/02/11 09:49:16:025

Connecting Started...

<<<----  [OUT]
2022/02/11 09:49:37:031

I can't connect with the passive [192.168.100.113/5000] error_code:10060 !

<<<----  [OUT]
2022/02/11 09:49:39:509

Connecting Started...

<<<----  [OUT]
2022/02/11 09:50:00:512

I can't connect with the passive [192.168.100.113/5000] error_code:10060 !

<<<----  [OUT]
2022/02/11 09:50:02:995

Connecting Started...

<<<----  [OUT]
2022/02/11 09:50:24:002

I can't connect with the passive [192.168.100.113/5000] error_code:10060 !

<<<----  [OUT]
2022/02/11 09:50:26:479

Connecting Started...

<<<----  [OUT]
2022/02/11 09:50:47:483

I can't connect with the passive [192.168.100.113/5000] error_code:10060 !

<<<----  [OUT]
2022/02/11 09:50:49:963

Connecting Started...

<<<----  [OUT]
2022/02/11 09:51:10:969

I can't connect with the passive [192.168.100.113/5000] error_code:10060 !

<<<----  [OUT]
2022/02/11 09:51:13:447

Connecting Started...

<<<----  [OUT]
2022/02/11 09:51:34:447

I can't connect with the passive [192.168.100.113/5000] error_code:10060 !

<<<----  [OUT]
2022/02/11 09:51:36:931

Connecting Started...

<<<----  [OUT]
2022/02/11 09:51:57:934

I can't connect with the passive [192.168.100.113/5000] error_code:10060 !

<<<----  [OUT]
2022/02/11 09:52:00:416

Connecting Started...

<<<----  [OUT]
2022/02/11 09:52:21:420

I can't connect with the passive [192.168.100.113/5000] error_code:10060 !

<<<----  [OUT]
2022/02/11 09:52:23:898

Connecting Started...

<<<----  [OUT]
2022/02/11 09:52:44:901

I can't connect with the passive [192.168.100.113/5000] error_code:10060 !

<<<----  [OUT]
2022/02/11 09:52:47:383

Connecting Started...

<<<----  [OUT]
2022/02/11 09:53:08:387

I can't connect with the passive [192.168.100.113/5000] error_code:10060 !

<<<----  [OUT]
2022/02/11 09:53:10:868

Connecting Started...

<<<----  [OUT]
2022/02/11 09:53:31:871

I can't connect with the passive [192.168.100.113/5000] error_code:10060 !

<<<----  [OUT]
2022/02/11 09:53:34:351

Connecting Started...

<<<----  [OUT]
2022/02/11 09:53:55:353

I can't connect with the passive [192.168.100.113/5000] error_code:10060 !

<<<----  [OUT]
2022/02/11 09:53:57:836

Connecting Started...

<<<----  [OUT]
2022/02/11 09:54:18:839

I can't connect with the passive [192.168.100.113/5000] error_code:10060 !

<<<----  [OUT]
2022/02/11 09:54:21:321

Connecting Started...

<<<----  [OUT]
2022/02/11 09:54:42:326

I can't connect with the passive [192.168.100.113/5000] error_code:10060 !

<<<----  [OUT]
2022/02/11 09:54:44:804

Connecting Started...

<<<----  [OUT]
2022/02/11 09:55:05:806

I can't connect with the passive [192.168.100.113/5000] error_code:10060 !

<<<----  [OUT]
2022/02/11 09:55:08:289

Connecting Started...

<<<----  [OUT]
2022/02/11 09:55:29:291

I can't connect with the passive [192.168.100.113/5000] error_code:10060 !

<<<----  [OUT]
2022/02/11 09:55:31:774

Connecting Started...

<<<----  [OUT]
2022/02/11 09:55:52:778

I can't connect with the passive [192.168.100.113/5000] error_code:10060 !

<<<----  [OUT]
2022/02/11 09:55:55:257

Connecting Started...

<<<----  [OUT]
2022/02/11 09:56:16:262

I can't connect with the passive [192.168.100.113/5000] error_code:10060 !

<<<----  [OUT]
2022/02/11 09:56:18:742

Connecting Started...

<<<----  [OUT]
2022/02/11 09:56:39:748

I can't connect with the passive [192.168.100.113/5000] error_code:10060 !

<<<----  [OUT]
2022/02/11 09:56:42:227

Connecting Started...

<<<----  [OUT]
2022/02/11 09:57:03:232

I can't connect with the passive [192.168.100.113/5000] error_code:10060 !

<<<----  [OUT]
2022/02/11 09:57:05:712

Connecting Started...

<<<----  [OUT]
2022/02/11 09:57:26:714

I can't connect with the passive [192.168.100.113/5000] error_code:10060 !

<<<----  [OUT]
2022/02/11 09:57:29:195

Connecting Started...

<<<----  [OUT]
2022/02/11 09:57:50:196

I can't connect with the passive [192.168.100.113/5000] error_code:10060 !

<<<----  [OUT]
2022/02/11 09:57:52:680

Connecting Started...

<<<----  [OUT]
2022/02/11 09:58:13:683

I can't connect with the passive [192.168.100.113/5000] error_code:10060 !

<<<----  [OUT]
2022/02/11 09:58:16:164

Connecting Started...

<<<----  [OUT]
2022/02/11 09:58:37:170

I can't connect with the passive [192.168.100.113/5000] error_code:10060 !

<<<----  [OUT]
2022/02/11 09:58:39:648

Connecting Started...

<<<----  [OUT]
2022/02/11 09:59:00:651

I can't connect with the passive [192.168.100.113/5000] error_code:10060 !

<<<----  [OUT]
2022/02/11 09:59:03:133

Connecting Started...

<<<----  [OUT]
2022/02/11 09:59:24:136

I can't connect with the passive [192.168.100.113/5000] error_code:10060 !

<<<----  [OUT]
2022/02/11 09:59:26:617

Connecting Started...

<<<----  [OUT]
2022/02/11 09:59:47:619

I can't connect with the passive [192.168.100.113/5000] error_code:10060 !

<<<----  [OUT]
2022/02/11 09:59:50:101

Connecting Started...
