
<<<----  [OUT]
2022/02/11 01:00:15:034

I can't connect with the passive [192.168.100.113/5000] error_code:10060 !

<<<----  [OUT]
2022/02/11 01:00:17:513

Connecting Started...

<<<----  [OUT]
2022/02/11 01:00:38:516

I can't connect with the passive [192.168.100.113/5000] error_code:10060 !

<<<----  [OUT]
2022/02/11 01:00:40:997

Connecting Started...

<<<----  [OUT]
2022/02/11 01:01:01:999

I can't connect with the passive [192.168.100.113/5000] error_code:10060 !

<<<----  [OUT]
2022/02/11 01:01:04:480

Connecting Started...

<<<----  [OUT]
2022/02/11 01:01:25:482

I can't connect with the passive [192.168.100.113/5000] error_code:10060 !

<<<----  [OUT]
2022/02/11 01:01:27:966

Connecting Started...

<<<----  [OUT]
2022/02/11 01:01:48:968

I can't connect with the passive [192.168.100.113/5000] error_code:10060 !

<<<----  [OUT]
2022/02/11 01:01:51:450

Connecting Started...

<<<----  [OUT]
2022/02/11 01:02:12:453

I can't connect with the passive [192.168.100.113/5000] error_code:10060 !

<<<----  [OUT]
2022/02/11 01:02:14:933

Connecting Started...

<<<----  [OUT]
2022/02/11 01:02:35:938

I can't connect with the passive [192.168.100.113/5000] error_code:10060 !

<<<----  [OUT]
2022/02/11 01:02:38:418

Connecting Started...

<<<----  [OUT]
2022/02/11 01:02:59:424

I can't connect with the passive [192.168.100.113/5000] error_code:10060 !

<<<----  [OUT]
2022/02/11 01:03:01:902

Connecting Started...

<<<----  [OUT]
2022/02/11 01:03:22:904

I can't connect with the passive [192.168.100.113/5000] error_code:10060 !

<<<----  [OUT]
2022/02/11 01:03:25:388

Connecting Started...

<<<----  [OUT]
2022/02/11 01:03:46:388

I can't connect with the passive [192.168.100.113/5000] error_code:10060 !

<<<----  [OUT]
2022/02/11 01:03:48:871

Connecting Started...

<<<----  [OUT]
2022/02/11 01:04:09:874

I can't connect with the passive [192.168.100.113/5000] error_code:10060 !

<<<----  [OUT]
2022/02/11 01:04:12:356

Connecting Started...

<<<----  [OUT]
2022/02/11 01:04:33:360

I can't connect with the passive [192.168.100.113/5000] error_code:10060 !

<<<----  [OUT]
2022/02/11 01:04:35:841

Connecting Started...

<<<----  [OUT]
2022/02/11 01:04:56:844

I can't connect with the passive [192.168.100.113/5000] error_code:10060 !

<<<----  [OUT]
2022/02/11 01:04:59:324

Connecting Started...

<<<----  [OUT]
2022/02/11 01:05:20:329

I can't connect with the passive [192.168.100.113/5000] error_code:10060 !

<<<----  [OUT]
2022/02/11 01:05:22:809

Connecting Started...

<<<----  [OUT]
2022/02/11 01:05:43:813

I can't connect with the passive [192.168.100.113/5000] error_code:10060 !

<<<----  [OUT]
2022/02/11 01:05:46:293

Connecting Started...

<<<----  [OUT]
2022/02/11 01:06:07:294

I can't connect with the passive [192.168.100.113/5000] error_code:10060 !

<<<----  [OUT]
2022/02/11 01:06:09:778

Connecting Started...

<<<----  [OUT]
2022/02/11 01:06:30:780

I can't connect with the passive [192.168.100.113/5000] error_code:10060 !

<<<----  [OUT]
2022/02/11 01:06:33:262

Connecting Started...

<<<----  [OUT]
2022/02/11 01:06:54:266

I can't connect with the passive [192.168.100.113/5000] error_code:10060 !

<<<----  [OUT]
2022/02/11 01:06:56:746

Connecting Started...

<<<----  [OUT]
2022/02/11 01:07:17:748

I can't connect with the passive [192.168.100.113/5000] error_code:10060 !

<<<----  [OUT]
2022/02/11 01:07:20:232

Connecting Started...

<<<----  [OUT]
2022/02/11 01:07:50:740

---------------------------------------------------------------------
// FA : Start Log ...


<<<----  [OUT]
2022/02/11 01:07:50:756

//-------------------------------------------------------------
Property Information

   Driver Type [HSMS]
   Driver Mode [ACTIVE]
   IP    [192.168.100.113]
   Port  [5000]
//-------------------------------------------------------------


<<<----  [OUT]
2022/02/11 01:07:51:359

Auto-Start Started ... (Active)

<<<----  [OUT]
2022/02/11 01:07:51:450

Auto-Start Started ...  Waiting Stop-Connection.

<<<----  [OUT]
2022/02/11 01:07:51:450

Auto-Start Started ...  Waiting Open-Socket.

<<<----  [OUT]
2022/02/11 01:07:51:468

Socket Open Started...

<<<----  [OUT]
2022/02/11 01:07:51:468

Socket Open Completed...

<<<----  [OUT]
2022/02/11 01:07:51:468

Connecting Started...

<<<----  [OUT]
2022/02/11 01:07:51:541

Auto-Start Completed ...  (Active)

<<<----  [OUT]
2022/02/11 01:08:12:471

I can't connect with the passive [192.168.100.113/5000] error_code:10060 !

<<<----  [OUT]
2022/02/11 01:08:14:948

Connecting Started...

<<<----  [OUT]
2022/02/11 01:08:35:952

I can't connect with the passive [192.168.100.113/5000] error_code:10060 !

<<<----  [OUT]
2022/02/11 01:08:38:434

Connecting Started...

<<<----  [OUT]
2022/02/11 01:08:59:438

I can't connect with the passive [192.168.100.113/5000] error_code:10060 !

<<<----  [OUT]
2022/02/11 01:09:01:917

Connecting Started...

<<<----  [OUT]
2022/02/11 01:09:22:918

I can't connect with the passive [192.168.100.113/5000] error_code:10060 !

<<<----  [OUT]
2022/02/11 01:09:25:401

Connecting Started...

<<<----  [OUT]
2022/02/11 01:09:46:402

I can't connect with the passive [192.168.100.113/5000] error_code:10060 !

<<<----  [OUT]
2022/02/11 01:09:48:886

Connecting Started...

<<<----  [OUT]
2022/02/11 01:10:09:888

I can't connect with the passive [192.168.100.113/5000] error_code:10060 !

<<<----  [OUT]
2022/02/11 01:10:12:369

Connecting Started...

<<<----  [OUT]
2022/02/11 01:10:33:372

I can't connect with the passive [192.168.100.113/5000] error_code:10060 !

<<<----  [OUT]
2022/02/11 01:10:35:854

Connecting Started...

<<<----  [OUT]
2022/02/11 01:10:56:860

I can't connect with the passive [192.168.100.113/5000] error_code:10060 !

<<<----  [OUT]
2022/02/11 01:10:59:339

Connecting Started...

<<<----  [OUT]
2022/02/11 01:11:20:341

I can't connect with the passive [192.168.100.113/5000] error_code:10060 !

<<<----  [OUT]
2022/02/11 01:11:22:823

Connecting Started...

<<<----  [OUT]
2022/02/11 01:11:43:824

I can't connect with the passive [192.168.100.113/5000] error_code:10060 !

<<<----  [OUT]
2022/02/11 01:11:46:307

Connecting Started...

<<<----  [OUT]
2022/02/11 01:12:07:310

I can't connect with the passive [192.168.100.113/5000] error_code:10060 !

<<<----  [OUT]
2022/02/11 01:12:09:792

Connecting Started...

<<<----  [OUT]
2022/02/11 01:12:30:794

I can't connect with the passive [192.168.100.113/5000] error_code:10060 !

<<<----  [OUT]
2022/02/11 01:12:33:276

Connecting Started...

<<<----  [OUT]
2022/02/11 01:12:54:278

I can't connect with the passive [192.168.100.113/5000] error_code:10060 !

<<<----  [OUT]
2022/02/11 01:12:56:761

Connecting Started...

<<<----  [OUT]
2022/02/11 01:13:17:765

I can't connect with the passive [192.168.100.113/5000] error_code:10060 !

<<<----  [OUT]
2022/02/11 01:13:20:245

Connecting Started...

<<<----  [OUT]
2022/02/11 01:13:41:248

I can't connect with the passive [192.168.100.113/5000] error_code:10060 !

<<<----  [OUT]
2022/02/11 01:13:43:730

Connecting Started...

<<<----  [OUT]
2022/02/11 01:14:04:733

I can't connect with the passive [192.168.100.113/5000] error_code:10060 !

<<<----  [OUT]
2022/02/11 01:14:07:214

Connecting Started...

<<<----  [OUT]
2022/02/11 01:14:28:216

I can't connect with the passive [192.168.100.113/5000] error_code:10060 !

<<<----  [OUT]
2022/02/11 01:14:30:699

Connecting Started...

<<<----  [OUT]
2022/02/11 01:14:51:702

I can't connect with the passive [192.168.100.113/5000] error_code:10060 !

<<<----  [OUT]
2022/02/11 01:14:54:183

Connecting Started...

<<<----  [OUT]
2022/02/11 01:15:15:185

I can't connect with the passive [192.168.100.113/5000] error_code:10060 !

<<<----  [OUT]
2022/02/11 01:15:17:668

Connecting Started...

<<<----  [OUT]
2022/02/11 01:15:38:672

I can't connect with the passive [192.168.100.113/5000] error_code:10060 !

<<<----  [OUT]
2022/02/11 01:15:41:152

Connecting Started...

<<<----  [OUT]
2022/02/11 01:16:02:154

I can't connect with the passive [192.168.100.113/5000] error_code:10060 !

<<<----  [OUT]
2022/02/11 01:16:04:636

Connecting Started...

<<<----  [OUT]
2022/02/11 01:16:25:639

I can't connect with the passive [192.168.100.113/5000] error_code:10060 !

<<<----  [OUT]
2022/02/11 01:16:28:121

Connecting Started...

<<<----  [OUT]
2022/02/11 01:16:49:123

I can't connect with the passive [192.168.100.113/5000] error_code:10060 !

<<<----  [OUT]
2022/02/11 01:16:51:605

Connecting Started...

<<<----  [OUT]
2022/02/11 01:17:12:607

I can't connect with the passive [192.168.100.113/5000] error_code:10060 !

<<<----  [OUT]
2022/02/11 01:17:15:090

Connecting Started...

<<<----  [OUT]
2022/02/11 01:17:36:092

I can't connect with the passive [192.168.100.113/5000] error_code:10060 !

<<<----  [OUT]
2022/02/11 01:17:38:573

Connecting Started...

<<<----  [OUT]
2022/02/11 01:17:59:575

I can't connect with the passive [192.168.100.113/5000] error_code:10060 !

<<<----  [OUT]
2022/02/11 01:18:02:058

Connecting Started...

<<<----  [OUT]
2022/02/11 01:18:23:061

I can't connect with the passive [192.168.100.113/5000] error_code:10060 !

<<<----  [OUT]
2022/02/11 01:18:25:543

Connecting Started...

<<<----  [OUT]
2022/02/11 01:18:46:548

I can't connect with the passive [192.168.100.113/5000] error_code:10060 !

<<<----  [OUT]
2022/02/11 01:18:49:027

Connecting Started...

<<<----  [OUT]
2022/02/11 01:19:10:030

I can't connect with the passive [192.168.100.113/5000] error_code:10060 !

<<<----  [OUT]
2022/02/11 01:19:12:511

Connecting Started...

<<<----  [OUT]
2022/02/11 01:19:33:515

I can't connect with the passive [192.168.100.113/5000] error_code:10060 !

<<<----  [OUT]
2022/02/11 01:19:35:995

Connecting Started...

<<<----  [OUT]
2022/02/11 01:19:56:998

I can't connect with the passive [192.168.100.113/5000] error_code:10060 !

<<<----  [OUT]
2022/02/11 01:19:59:480

Connecting Started...

<<<----  [OUT]
2022/02/11 01:20:20:484

I can't connect with the passive [192.168.100.113/5000] error_code:10060 !

<<<----  [OUT]
2022/02/11 01:20:22:963

Connecting Started...

<<<----  [OUT]
2022/02/11 01:20:43:967

I can't connect with the passive [192.168.100.113/5000] error_code:10060 !

<<<----  [OUT]
2022/02/11 01:20:46:449

Connecting Started...

<<<----  [OUT]
2022/02/11 01:21:07:452

I can't connect with the passive [192.168.100.113/5000] error_code:10060 !

<<<----  [OUT]
2022/02/11 01:21:09:931

Connecting Started...

<<<----  [OUT]
2022/02/11 01:21:30:933

I can't connect with the passive [192.168.100.113/5000] error_code:10060 !

<<<----  [OUT]
2022/02/11 01:21:33:417

Connecting Started...

<<<----  [OUT]
2022/02/11 01:21:54:420

I can't connect with the passive [192.168.100.113/5000] error_code:10060 !

<<<----  [OUT]
2022/02/11 01:21:56:902

Connecting Started...

<<<----  [OUT]
2022/02/11 01:22:17:903

I can't connect with the passive [192.168.100.113/5000] error_code:10060 !

<<<----  [OUT]
2022/02/11 01:22:20:386

Connecting Started...

<<<----  [OUT]
2022/02/11 01:22:41:388

I can't connect with the passive [192.168.100.113/5000] error_code:10060 !

<<<----  [OUT]
2022/02/11 01:22:43:870

Connecting Started...

<<<----  [OUT]
2022/02/11 01:23:04:873

I can't connect with the passive [192.168.100.113/5000] error_code:10060 !

<<<----  [OUT]
2022/02/11 01:23:07:354

Connecting Started...

<<<----  [OUT]
2022/02/11 01:23:28:355

I can't connect with the passive [192.168.100.113/5000] error_code:10060 !

<<<----  [OUT]
2022/02/11 01:23:30:838

Connecting Started...

<<<----  [OUT]
2022/02/11 01:23:51:842

I can't connect with the passive [192.168.100.113/5000] error_code:10060 !

<<<----  [OUT]
2022/02/11 01:23:54:323

Connecting Started...

<<<----  [OUT]
2022/02/11 01:24:15:327

I can't connect with the passive [192.168.100.113/5000] error_code:10060 !

<<<----  [OUT]
2022/02/11 01:24:17:808

Connecting Started...

<<<----  [OUT]
2022/02/11 01:24:38:810

I can't connect with the passive [192.168.100.113/5000] error_code:10060 !

<<<----  [OUT]
2022/02/11 01:24:41:291

Connecting Started...

<<<----  [OUT]
2022/02/11 01:25:02:303

I can't connect with the passive [192.168.100.113/5000] error_code:10060 !

<<<----  [OUT]
2022/02/11 01:25:04:792

Connecting Started...

<<<----  [OUT]
2022/02/11 01:25:25:801

I can't connect with the passive [192.168.100.113/5000] error_code:10060 !

<<<----  [OUT]
2022/02/11 01:25:28:291

Connecting Started...

<<<----  [OUT]
2022/02/11 01:25:49:300

I can't connect with the passive [192.168.100.113/5000] error_code:10060 !

<<<----  [OUT]
2022/02/11 01:25:51:792

Connecting Started...

<<<----  [OUT]
2022/02/11 01:26:12:795

I can't connect with the passive [192.168.100.113/5000] error_code:10060 !

<<<----  [OUT]
2022/02/11 01:26:15:276

Connecting Started...

<<<----  [OUT]
2022/02/11 01:26:36:280

I can't connect with the passive [192.168.100.113/5000] error_code:10060 !

<<<----  [OUT]
2022/02/11 01:26:38:760

Connecting Started...

<<<----  [OUT]
2022/02/11 01:26:59:763

I can't connect with the passive [192.168.100.113/5000] error_code:10060 !

<<<----  [OUT]
2022/02/11 01:27:02:245

Connecting Started...

<<<----  [OUT]
2022/02/11 01:27:23:247

I can't connect with the passive [192.168.100.113/5000] error_code:10060 !

<<<----  [OUT]
2022/02/11 01:27:25:730

Connecting Started...

<<<----  [OUT]
2022/02/11 01:27:46:730

I can't connect with the passive [192.168.100.113/5000] error_code:10060 !

<<<----  [OUT]
2022/02/11 01:27:49:214

Connecting Started...

<<<----  [OUT]
2022/02/11 01:28:10:217

I can't connect with the passive [192.168.100.113/5000] error_code:10060 !

<<<----  [OUT]
2022/02/11 01:28:12:697

Connecting Started...

<<<----  [OUT]
2022/02/11 01:28:33:700

I can't connect with the passive [192.168.100.113/5000] error_code:10060 !

<<<----  [OUT]
2022/02/11 01:28:36:182

Connecting Started...

<<<----  [OUT]
2022/02/11 01:28:57:186

I can't connect with the passive [192.168.100.113/5000] error_code:10060 !

<<<----  [OUT]
2022/02/11 01:28:59:667

Connecting Started...

<<<----  [OUT]
2022/02/11 01:29:20:672

I can't connect with the passive [192.168.100.113/5000] error_code:10060 !

<<<----  [OUT]
2022/02/11 01:29:23:152

Connecting Started...

<<<----  [OUT]
2022/02/11 01:29:44:156

I can't connect with the passive [192.168.100.113/5000] error_code:10060 !

<<<----  [OUT]
2022/02/11 01:29:46:635

Connecting Started...

<<<----  [OUT]
2022/02/11 01:30:07:639

I can't connect with the passive [192.168.100.113/5000] error_code:10060 !

<<<----  [OUT]
2022/02/11 01:30:10:120

Connecting Started...

<<<----  [OUT]
2022/02/11 01:30:31:122

I can't connect with the passive [192.168.100.113/5000] error_code:10060 !

<<<----  [OUT]
2022/02/11 01:30:33:605

Connecting Started...

<<<----  [OUT]
2022/02/11 01:30:54:610

I can't connect with the passive [192.168.100.113/5000] error_code:10060 !

<<<----  [OUT]
2022/02/11 01:30:57:088

Connecting Started...

<<<----  [OUT]
2022/02/11 01:31:18:090

I can't connect with the passive [192.168.100.113/5000] error_code:10060 !

<<<----  [OUT]
2022/02/11 01:31:20:573

Connecting Started...

<<<----  [OUT]
2022/02/11 01:31:41:577

I can't connect with the passive [192.168.100.113/5000] error_code:10060 !

<<<----  [OUT]
2022/02/11 01:31:44:058

Connecting Started...

<<<----  [OUT]
2022/02/11 01:32:05:060

I can't connect with the passive [192.168.100.113/5000] error_code:10060 !

<<<----  [OUT]
2022/02/11 01:32:07:541

Connecting Started...

<<<----  [OUT]
2022/02/11 01:32:28:543

I can't connect with the passive [192.168.100.113/5000] error_code:10060 !

<<<----  [OUT]
2022/02/11 01:32:31:027

Connecting Started...

<<<----  [OUT]
2022/02/11 01:32:52:033

I can't connect with the passive [192.168.100.113/5000] error_code:10060 !

<<<----  [OUT]
2022/02/11 01:32:54:511

Connecting Started...

<<<----  [OUT]
2022/02/11 01:33:15:518

I can't connect with the passive [192.168.100.113/5000] error_code:10060 !

<<<----  [OUT]
2022/02/11 01:33:17:997

Connecting Started...

<<<----  [OUT]
2022/02/11 01:33:39:000

I can't connect with the passive [192.168.100.113/5000] error_code:10060 !

<<<----  [OUT]
2022/02/11 01:33:41:479

Connecting Started...

<<<----  [OUT]
2022/02/11 01:34:02:482

I can't connect with the passive [192.168.100.113/5000] error_code:10060 !

<<<----  [OUT]
2022/02/11 01:34:04:964

Connecting Started...

<<<----  [OUT]
2022/02/11 01:34:25:968

I can't connect with the passive [192.168.100.113/5000] error_code:10060 !

<<<----  [OUT]
2022/02/11 01:34:28:449

Connecting Started...

<<<----  [OUT]
2022/02/11 01:34:49:450

I can't connect with the passive [192.168.100.113/5000] error_code:10060 !

<<<----  [OUT]
2022/02/11 01:34:51:932

Connecting Started...

<<<----  [OUT]
2022/02/11 01:35:12:936

I can't connect with the passive [192.168.100.113/5000] error_code:10060 !

<<<----  [OUT]
2022/02/11 01:35:15:417

Connecting Started...

<<<----  [OUT]
2022/02/11 01:35:36:419

I can't connect with the passive [192.168.100.113/5000] error_code:10060 !

<<<----  [OUT]
2022/02/11 01:35:38:902

Connecting Started...

<<<----  [OUT]
2022/02/11 01:35:59:906

I can't connect with the passive [192.168.100.113/5000] error_code:10060 !

<<<----  [OUT]
2022/02/11 01:36:02:387

Connecting Started...

<<<----  [OUT]
2022/02/11 01:36:23:391

I can't connect with the passive [192.168.100.113/5000] error_code:10060 !

<<<----  [OUT]
2022/02/11 01:36:25:870

Connecting Started...

<<<----  [OUT]
2022/02/11 01:36:46:872

I can't connect with the passive [192.168.100.113/5000] error_code:10060 !

<<<----  [OUT]
2022/02/11 01:36:49:354

Connecting Started...

<<<----  [OUT]
2022/02/11 01:37:10:357

I can't connect with the passive [192.168.100.113/5000] error_code:10060 !

<<<----  [OUT]
2022/02/11 01:37:12:840

Connecting Started...

<<<----  [OUT]
2022/02/11 01:42:27:883

---------------------------------------------------------------------
// FA : Start Log ...


<<<----  [OUT]
2022/02/11 01:42:27:902

//-------------------------------------------------------------
Property Information

   Driver Type [HSMS]
   Driver Mode [ACTIVE]
   IP    [192.168.100.113]
   Port  [5000]
//-------------------------------------------------------------


<<<----  [OUT]
2022/02/11 01:42:28:504

Auto-Start Started ... (Active)

<<<----  [OUT]
2022/02/11 01:42:28:595

Auto-Start Started ...  Waiting Stop-Connection.

<<<----  [OUT]
2022/02/11 01:42:28:595

Auto-Start Started ...  Waiting Open-Socket.

<<<----  [OUT]
2022/02/11 01:42:28:611

Socket Open Started...

<<<----  [OUT]
2022/02/11 01:42:28:611

Socket Open Completed...

<<<----  [OUT]
2022/02/11 01:42:28:611

Connecting Started...

<<<----  [OUT]
2022/02/11 01:42:28:686

Auto-Start Completed ...  (Active)

<<<----  [OUT]
2022/02/11 01:42:49:615

I can't connect with the passive [192.168.100.113/5000] error_code:10060 !

<<<----  [OUT]
2022/02/11 01:42:52:105

Connecting Started...

<<<----  [OUT]
2022/02/11 01:43:13:106

I can't connect with the passive [192.168.100.113/5000] error_code:10060 !

<<<----  [OUT]
2022/02/11 01:43:15:590

Connecting Started...

<<<----  [OUT]
2022/02/11 01:43:36:593

I can't connect with the passive [192.168.100.113/5000] error_code:10060 !

<<<----  [OUT]
2022/02/11 01:43:39:073

Connecting Started...

<<<----  [OUT]
2022/02/11 01:44:00:076

I can't connect with the passive [192.168.100.113/5000] error_code:10060 !

<<<----  [OUT]
2022/02/11 01:44:02:558

Connecting Started...

<<<----  [OUT]
2022/02/11 01:44:23:566

I can't connect with the passive [192.168.100.113/5000] error_code:10060 !

<<<----  [OUT]
2022/02/11 01:44:26:043

Connecting Started...

<<<----  [OUT]
2022/02/11 01:44:47:049

I can't connect with the passive [192.168.100.113/5000] error_code:10060 !

<<<----  [OUT]
2022/02/11 01:44:49:526

Connecting Started...

<<<----  [OUT]
2022/02/11 01:45:10:530

I can't connect with the passive [192.168.100.113/5000] error_code:10060 !

<<<----  [OUT]
2022/02/11 01:45:13:012

Connecting Started...

<<<----  [OUT]
2022/02/11 01:45:34:014

I can't connect with the passive [192.168.100.113/5000] error_code:10060 !

<<<----  [OUT]
2022/02/11 01:45:36:495

Connecting Started...

<<<----  [OUT]
2022/02/11 01:45:57:499

I can't connect with the passive [192.168.100.113/5000] error_code:10060 !

<<<----  [OUT]
2022/02/11 01:45:59:979

Connecting Started...

<<<----  [OUT]
2022/02/11 01:46:20:983

I can't connect with the passive [192.168.100.113/5000] error_code:10060 !

<<<----  [OUT]
2022/02/11 01:46:23:464

Connecting Started...

<<<----  [OUT]
2022/02/11 01:46:44:467

I can't connect with the passive [192.168.100.113/5000] error_code:10060 !

<<<----  [OUT]
2022/02/11 01:46:46:949

Connecting Started...

<<<----  [OUT]
2022/02/11 01:47:07:954

I can't connect with the passive [192.168.100.113/5000] error_code:10060 !

<<<----  [OUT]
2022/02/11 01:47:10:434

Connecting Started...

<<<----  [OUT]
2022/02/11 01:47:31:436

I can't connect with the passive [192.168.100.113/5000] error_code:10060 !

<<<----  [OUT]
2022/02/11 01:47:33:918

Connecting Started...

<<<----  [OUT]
2022/02/11 01:47:54:923

I can't connect with the passive [192.168.100.113/5000] error_code:10060 !

<<<----  [OUT]
2022/02/11 01:47:57:402

Connecting Started...

<<<----  [OUT]
2022/02/11 01:48:18:403

I can't connect with the passive [192.168.100.113/5000] error_code:10060 !

<<<----  [OUT]
2022/02/11 01:48:20:887

Connecting Started...

<<<----  [OUT]
2022/02/11 01:48:41:889

I can't connect with the passive [192.168.100.113/5000] error_code:10060 !

<<<----  [OUT]
2022/02/11 01:48:44:370

Connecting Started...

<<<----  [OUT]
2022/02/11 01:49:05:374

I can't connect with the passive [192.168.100.113/5000] error_code:10060 !

<<<----  [OUT]
2022/02/11 01:49:07:854

Connecting Started...

<<<----  [OUT]
2022/02/11 01:49:28:858

I can't connect with the passive [192.168.100.113/5000] error_code:10060 !

<<<----  [OUT]
2022/02/11 01:49:31:339

Connecting Started...

<<<----  [OUT]
2022/02/11 01:49:52:345

I can't connect with the passive [192.168.100.113/5000] error_code:10060 !

<<<----  [OUT]
2022/02/11 01:49:54:822

Connecting Started...

<<<----  [OUT]
2022/02/11 01:50:15:830

I can't connect with the passive [192.168.100.113/5000] error_code:10060 !

<<<----  [OUT]
2022/02/11 01:50:18:307

Connecting Started...

<<<----  [OUT]
2022/02/11 01:50:39:316

I can't connect with the passive [192.168.100.113/5000] error_code:10060 !

<<<----  [OUT]
2022/02/11 01:50:41:807

Connecting Started...

<<<----  [OUT]
2022/02/11 01:51:02:809

I can't connect with the passive [192.168.100.113/5000] error_code:10060 !

<<<----  [OUT]
2022/02/11 01:51:05:291

Connecting Started...

<<<----  [OUT]
2022/02/11 01:51:26:295

I can't connect with the passive [192.168.100.113/5000] error_code:10060 !

<<<----  [OUT]
2022/02/11 01:51:28:776

Connecting Started...

<<<----  [OUT]
2022/02/11 01:51:49:779

I can't connect with the passive [192.168.100.113/5000] error_code:10060 !

<<<----  [OUT]
2022/02/11 01:51:52:261

Connecting Started...

<<<----  [OUT]
2022/02/11 01:52:13:266

I can't connect with the passive [192.168.100.113/5000] error_code:10060 !

<<<----  [OUT]
2022/02/11 01:52:15:744

Connecting Started...

<<<----  [OUT]
2022/02/11 01:52:36:746

I can't connect with the passive [192.168.100.113/5000] error_code:10060 !

<<<----  [OUT]
2022/02/11 01:52:39:228

Connecting Started...

<<<----  [OUT]
2022/02/11 01:53:00:232

I can't connect with the passive [192.168.100.113/5000] error_code:10060 !

<<<----  [OUT]
2022/02/11 01:53:02:713

Connecting Started...

<<<----  [OUT]
2022/02/11 01:53:23:720

I can't connect with the passive [192.168.100.113/5000] error_code:10060 !

<<<----  [OUT]
2022/02/11 01:53:26:198

Connecting Started...

<<<----  [OUT]
2022/02/11 01:53:47:203

I can't connect with the passive [192.168.100.113/5000] error_code:10060 !

<<<----  [OUT]
2022/02/11 01:53:49:683

Connecting Started...

<<<----  [OUT]
2022/02/11 01:54:10:687

I can't connect with the passive [192.168.100.113/5000] error_code:10060 !

<<<----  [OUT]
2022/02/11 01:54:13:166

Connecting Started...

<<<----  [OUT]
2022/02/11 01:54:34:168

I can't connect with the passive [192.168.100.113/5000] error_code:10060 !

<<<----  [OUT]
2022/02/11 01:54:36:651

Connecting Started...

<<<----  [OUT]
2022/02/11 01:54:57:653

I can't connect with the passive [192.168.100.113/5000] error_code:10060 !

<<<----  [OUT]
2022/02/11 01:55:00:136

Connecting Started...

<<<----  [OUT]
2022/02/11 01:55:21:139

I can't connect with the passive [192.168.100.113/5000] error_code:10060 !

<<<----  [OUT]
2022/02/11 01:55:23:621

Connecting Started...

<<<----  [OUT]
2022/02/11 01:55:44:624

I can't connect with the passive [192.168.100.113/5000] error_code:10060 !

<<<----  [OUT]
2022/02/11 01:55:47:104

Connecting Started...

<<<----  [OUT]
2022/02/11 01:56:08:106

I can't connect with the passive [192.168.100.113/5000] error_code:10060 !

<<<----  [OUT]
2022/02/11 01:56:10:589

Connecting Started...

<<<----  [OUT]
2022/02/11 01:56:31:598

I can't connect with the passive [192.168.100.113/5000] error_code:10060 !

<<<----  [OUT]
2022/02/11 01:56:34:088

Connecting Started...

<<<----  [OUT]
2022/02/11 01:56:55:091

I can't connect with the passive [192.168.100.113/5000] error_code:10060 !

<<<----  [OUT]
2022/02/11 01:56:57:573

Connecting Started...

<<<----  [OUT]
2022/02/11 01:57:18:577

I can't connect with the passive [192.168.100.113/5000] error_code:10060 !

<<<----  [OUT]
2022/02/11 01:57:21:058

Connecting Started...

<<<----  [OUT]
2022/02/11 01:57:42:063

I can't connect with the passive [192.168.100.113/5000] error_code:10060 !

<<<----  [OUT]
2022/02/11 01:57:44:541

Connecting Started...

<<<----  [OUT]
2022/02/11 01:58:05:547

I can't connect with the passive [192.168.100.113/5000] error_code:10060 !

<<<----  [OUT]
2022/02/11 01:58:08:026

Connecting Started...

<<<----  [OUT]
2022/02/11 01:58:29:032

I can't connect with the passive [192.168.100.113/5000] error_code:10060 !

<<<----  [OUT]
2022/02/11 01:58:31:511

Connecting Started...

<<<----  [OUT]
2022/02/11 01:58:52:514

I can't connect with the passive [192.168.100.113/5000] error_code:10060 !

<<<----  [OUT]
2022/02/11 01:58:54:996

Connecting Started...

<<<----  [OUT]
2022/02/11 01:59:15:999

I can't connect with the passive [192.168.100.113/5000] error_code:10060 !

<<<----  [OUT]
2022/02/11 01:59:18:479

Connecting Started...

<<<----  [OUT]
2022/02/11 01:59:39:483

I can't connect with the passive [192.168.100.113/5000] error_code:10060 !

<<<----  [OUT]
2022/02/11 01:59:41:964

Connecting Started...
