
<<<----  [OUT]
2021/12/23 11:15:04:442

---------------------------------------------------------------------
// FA : Start Log ...


<<<----  [OUT]
2021/12/23 11:15:04:449

//-------------------------------------------------------------
Property Information

   Driver Type [HSMS]
   Driver Mode [ACTIVE]
   IP    [192.168.100.113]
   Port  [5000]
//-------------------------------------------------------------


<<<----  [OUT]
2021/12/23 11:15:05:051

Auto-Start Started ... (Active)

<<<----  [OUT]
2021/12/23 11:15:05:142

Auto-Start Started ...  Waiting Stop-Connection.

<<<----  [OUT]
2021/12/23 11:15:05:142

Auto-Start Started ...  Waiting Open-Socket.

<<<----  [OUT]
2021/12/23 11:15:05:167

Socket Open Started...

<<<----  [OUT]
2021/12/23 11:15:05:167

Socket Open Completed...

<<<----  [OUT]
2021/12/23 11:15:05:167

Connecting Started...

<<<----  [OUT]
2021/12/23 11:15:05:233

Auto-Start Completed ...  (Active)

<<<----  [OUT]
2021/12/23 11:15:26:172

I can't connect with the passive [192.168.100.113/5000] error_code:10060 !

<<<----  [OUT]
2021/12/23 11:15:28:651

Connecting Started...

<<<----  [OUT]
2021/12/23 11:15:49:657

I can't connect with the passive [192.168.100.113/5000] error_code:10060 !

<<<----  [OUT]
2021/12/23 11:15:52:136

Connecting Started...

<<<----  [OUT]
2021/12/23 11:16:13:138

I can't connect with the passive [192.168.100.113/5000] error_code:10060 !

<<<----  [OUT]
2021/12/23 11:16:15:620

Connecting Started...

<<<----  [OUT]
2021/12/23 11:16:36:623

I can't connect with the passive [192.168.100.113/5000] error_code:10060 !

<<<----  [OUT]
2021/12/23 11:16:39:104

Connecting Started...

<<<----  [OUT]
2021/12/23 11:17:00:108

I can't connect with the passive [192.168.100.113/5000] error_code:10060 !

<<<----  [OUT]
2021/12/23 11:17:02:589

Connecting Started...

<<<----  [OUT]
2021/12/23 11:17:23:591

I can't connect with the passive [192.168.100.113/5000] error_code:10060 !

<<<----  [OUT]
2021/12/23 11:17:26:073

Connecting Started...

<<<----  [OUT]
2021/12/23 11:17:47:075

I can't connect with the passive [192.168.100.113/5000] error_code:10060 !

<<<----  [OUT]
2021/12/23 11:17:49:557

Connecting Started...

<<<----  [OUT]
2021/12/23 11:18:10:559

I can't connect with the passive [192.168.100.113/5000] error_code:10060 !

<<<----  [OUT]
2021/12/23 11:18:13:042

Connecting Started...

<<<----  [OUT]
2021/12/23 11:18:34:047

I can't connect with the passive [192.168.100.113/5000] error_code:10060 !

<<<----  [OUT]
2021/12/23 11:18:36:527

Connecting Started...

<<<----  [OUT]
2021/12/23 11:18:57:531

I can't connect with the passive [192.168.100.113/5000] error_code:10060 !

<<<----  [OUT]
2021/12/23 11:19:00:012

Connecting Started...

<<<----  [OUT]
2021/12/23 11:19:21:016

I can't connect with the passive [192.168.100.113/5000] error_code:10060 !

<<<----  [OUT]
2021/12/23 11:19:23:496

Connecting Started...

<<<----  [OUT]
2021/12/23 11:19:44:500

I can't connect with the passive [192.168.100.113/5000] error_code:10060 !

<<<----  [OUT]
2021/12/23 11:19:46:980

Connecting Started...

<<<----  [OUT]
2021/12/23 11:20:07:985

I can't connect with the passive [192.168.100.113/5000] error_code:10060 !

<<<----  [OUT]
2021/12/23 11:20:10:464

Connecting Started...

<<<----  [OUT]
2021/12/23 11:20:31:468

I can't connect with the passive [192.168.100.113/5000] error_code:10060 !

<<<----  [OUT]
2021/12/23 11:20:33:949

Connecting Started...

<<<----  [OUT]
2021/12/23 11:20:54:950

I can't connect with the passive [192.168.100.113/5000] error_code:10060 !

<<<----  [OUT]
2021/12/23 11:20:57:434

Connecting Started...

<<<----  [OUT]
2021/12/23 11:21:18:438

I can't connect with the passive [192.168.100.113/5000] error_code:10060 !

<<<----  [OUT]
2021/12/23 11:21:20:918

Connecting Started...

<<<----  [OUT]
2021/12/23 11:21:41:920

I can't connect with the passive [192.168.100.113/5000] error_code:10060 !

<<<----  [OUT]
2021/12/23 11:21:44:402

Connecting Started...

<<<----  [OUT]
2021/12/23 11:22:05:406

I can't connect with the passive [192.168.100.113/5000] error_code:10060 !

<<<----  [OUT]
2021/12/23 11:22:07:886

Connecting Started...

<<<----  [OUT]
2021/12/23 11:22:28:891

I can't connect with the passive [192.168.100.113/5000] error_code:10060 !

<<<----  [OUT]
2021/12/23 11:22:31:371

Connecting Started...

<<<----  [OUT]
2021/12/23 11:22:52:373

I can't connect with the passive [192.168.100.113/5000] error_code:10060 !

<<<----  [OUT]
2021/12/23 11:22:54:856

Connecting Started...

<<<----  [OUT]
2021/12/23 11:23:15:864

I can't connect with the passive [192.168.100.113/5000] error_code:10060 !

<<<----  [OUT]
2021/12/23 11:23:18:354

Connecting Started...

<<<----  [OUT]
2021/12/23 11:23:39:357

I can't connect with the passive [192.168.100.113/5000] error_code:10060 !

<<<----  [OUT]
2021/12/23 11:23:41:840

Connecting Started...

<<<----  [OUT]
2021/12/23 11:24:02:842

I can't connect with the passive [192.168.100.113/5000] error_code:10060 !

<<<----  [OUT]
2021/12/23 11:24:05:322

Connecting Started...

<<<----  [OUT]
2021/12/23 11:24:26:324

I can't connect with the passive [192.168.100.113/5000] error_code:10060 !

<<<----  [OUT]
2021/12/23 11:24:28:808

Connecting Started...

<<<----  [OUT]
2021/12/23 11:24:49:811

I can't connect with the passive [192.168.100.113/5000] error_code:10060 !

<<<----  [OUT]
2021/12/23 11:24:52:292

Connecting Started...

<<<----  [OUT]
2021/12/23 11:25:13:296

I can't connect with the passive [192.168.100.113/5000] error_code:10060 !

<<<----  [OUT]
2021/12/23 11:25:15:776

Connecting Started...

<<<----  [OUT]
2021/12/23 11:25:36:783

I can't connect with the passive [192.168.100.113/5000] error_code:10060 !

<<<----  [OUT]
2021/12/23 11:25:39:261

Connecting Started...

<<<----  [OUT]
2021/12/23 11:26:00:264

I can't connect with the passive [192.168.100.113/5000] error_code:10060 !

<<<----  [OUT]
2021/12/23 11:26:02:746

Connecting Started...

<<<----  [OUT]
2021/12/23 11:26:23:750

I can't connect with the passive [192.168.100.113/5000] error_code:10060 !

<<<----  [OUT]
2021/12/23 11:26:26:229

Connecting Started...

<<<----  [OUT]
2021/12/23 11:26:47:233

I can't connect with the passive [192.168.100.113/5000] error_code:10060 !

<<<----  [OUT]
2021/12/23 11:26:49:715

Connecting Started...

<<<----  [OUT]
2021/12/23 11:27:10:718

I can't connect with the passive [192.168.100.113/5000] error_code:10060 !

<<<----  [OUT]
2021/12/23 11:27:13:199

Connecting Started...

<<<----  [OUT]
2021/12/23 11:27:34:201

I can't connect with the passive [192.168.100.113/5000] error_code:10060 !

<<<----  [OUT]
2021/12/23 11:27:36:683

Connecting Started...

<<<----  [OUT]
2021/12/23 11:27:57:700

I can't connect with the passive [192.168.100.113/5000] error_code:10060 !

<<<----  [OUT]
2021/12/23 11:28:00:184

Connecting Started...

<<<----  [OUT]
2021/12/23 11:28:21:186

I can't connect with the passive [192.168.100.113/5000] error_code:10060 !

<<<----  [OUT]
2021/12/23 11:28:23:667

Connecting Started...

<<<----  [OUT]
2021/12/23 11:28:44:669

I can't connect with the passive [192.168.100.113/5000] error_code:10060 !

<<<----  [OUT]
2021/12/23 11:28:47:152

Connecting Started...

<<<----  [OUT]
2021/12/23 11:29:08:155

I can't connect with the passive [192.168.100.113/5000] error_code:10060 !

<<<----  [OUT]
2021/12/23 11:29:10:636

Connecting Started...

<<<----  [OUT]
2021/12/23 11:29:31:639

I can't connect with the passive [192.168.100.113/5000] error_code:10060 !

<<<----  [OUT]
2021/12/23 11:29:34:120

Connecting Started...

<<<----  [OUT]
2021/12/23 11:29:55:124

I can't connect with the passive [192.168.100.113/5000] error_code:10060 !

<<<----  [OUT]
2021/12/23 11:29:57:606

Connecting Started...

<<<----  [OUT]
2021/12/23 11:30:18:609

I can't connect with the passive [192.168.100.113/5000] error_code:10060 !

<<<----  [OUT]
2021/12/23 11:30:21:090

Connecting Started...

<<<----  [OUT]
2021/12/23 11:30:42:092

I can't connect with the passive [192.168.100.113/5000] error_code:10060 !

<<<----  [OUT]
2021/12/23 11:30:44:573

Connecting Started...

<<<----  [OUT]
2021/12/23 11:31:05:573

I can't connect with the passive [192.168.100.113/5000] error_code:10060 !

<<<----  [OUT]
2021/12/23 11:31:08:059

Connecting Started...

<<<----  [OUT]
2021/12/23 11:31:29:062

I can't connect with the passive [192.168.100.113/5000] error_code:10060 !

<<<----  [OUT]
2021/12/23 11:31:31:542

Connecting Started...

<<<----  [OUT]
2021/12/23 11:31:52:545

I can't connect with the passive [192.168.100.113/5000] error_code:10060 !

<<<----  [OUT]
2021/12/23 11:31:55:026

Connecting Started...

<<<----  [OUT]
2021/12/23 11:32:16:027

I can't connect with the passive [192.168.100.113/5000] error_code:10060 !

<<<----  [OUT]
2021/12/23 11:32:18:510

Connecting Started...

<<<----  [OUT]
2021/12/23 11:32:39:515

I can't connect with the passive [192.168.100.113/5000] error_code:10060 !

<<<----  [OUT]
2021/12/23 11:32:41:995

Connecting Started...

<<<----  [OUT]
2021/12/23 11:33:02:996

I can't connect with the passive [192.168.100.113/5000] error_code:10060 !

<<<----  [OUT]
2021/12/23 11:33:05:480

Connecting Started...

<<<----  [OUT]
2021/12/23 11:33:26:484

I can't connect with the passive [192.168.100.113/5000] error_code:10060 !

<<<----  [OUT]
2021/12/23 11:33:28:965

Connecting Started...

<<<----  [OUT]
2021/12/23 11:33:49:969

I can't connect with the passive [192.168.100.113/5000] error_code:10060 !

<<<----  [OUT]
2021/12/23 11:33:52:449

Connecting Started...

<<<----  [OUT]
2021/12/23 11:34:13:455

I can't connect with the passive [192.168.100.113/5000] error_code:10060 !

<<<----  [OUT]
2021/12/23 11:34:15:934

Connecting Started...

<<<----  [OUT]
2021/12/23 11:34:36:936

I can't connect with the passive [192.168.100.113/5000] error_code:10060 !

<<<----  [OUT]
2021/12/23 11:34:39:417

Connecting Started...

<<<----  [OUT]
2021/12/23 11:35:00:421

I can't connect with the passive [192.168.100.113/5000] error_code:10060 !

<<<----  [OUT]
2021/12/23 11:35:02:901

Connecting Started...

<<<----  [OUT]
2021/12/23 11:35:23:907

I can't connect with the passive [192.168.100.113/5000] error_code:10060 !

<<<----  [OUT]
2021/12/23 11:35:26:387

Connecting Started...

<<<----  [OUT]
2021/12/23 11:35:47:392

I can't connect with the passive [192.168.100.113/5000] error_code:10060 !

<<<----  [OUT]
2021/12/23 11:35:49:871

Connecting Started...

<<<----  [OUT]
2021/12/23 11:36:10:874

I can't connect with the passive [192.168.100.113/5000] error_code:10060 !

<<<----  [OUT]
2021/12/23 11:36:13:355

Connecting Started...

<<<----  [OUT]
2021/12/23 11:36:34:358

I can't connect with the passive [192.168.100.113/5000] error_code:10060 !

<<<----  [OUT]
2021/12/23 11:36:36:840

Connecting Started...

<<<----  [OUT]
2021/12/23 11:36:57:843

I can't connect with the passive [192.168.100.113/5000] error_code:10060 !

<<<----  [OUT]
2021/12/23 11:37:00:324

Connecting Started...

<<<----  [OUT]
2021/12/23 11:37:21:326

I can't connect with the passive [192.168.100.113/5000] error_code:10060 !

<<<----  [OUT]
2021/12/23 11:37:23:807

Connecting Started...

<<<----  [OUT]
2021/12/23 11:37:44:812

I can't connect with the passive [192.168.100.113/5000] error_code:10060 !

<<<----  [OUT]
2021/12/23 11:37:47:292

Connecting Started...

<<<----  [OUT]
2021/12/23 11:38:08:296

I can't connect with the passive [192.168.100.113/5000] error_code:10060 !

<<<----  [OUT]
2021/12/23 11:38:10:777

Connecting Started...

<<<----  [OUT]
2021/12/23 11:38:31:782

I can't connect with the passive [192.168.100.113/5000] error_code:10060 !

<<<----  [OUT]
2021/12/23 11:38:34:261

Connecting Started...

<<<----  [OUT]
2021/12/23 11:38:55:263

I can't connect with the passive [192.168.100.113/5000] error_code:10060 !

<<<----  [OUT]
2021/12/23 11:38:57:747

Connecting Started...

<<<----  [OUT]
2021/12/23 11:39:18:749

I can't connect with the passive [192.168.100.113/5000] error_code:10060 !

<<<----  [OUT]
2021/12/23 11:39:21:229

Connecting Started...

<<<----  [OUT]
2021/12/23 11:39:42:233

I can't connect with the passive [192.168.100.113/5000] error_code:10060 !

<<<----  [OUT]
2021/12/23 11:39:44:714

Connecting Started...
