
<<<----  [OUT]
2020/10/30 19:33:56:402

---------------------------------------------------------------------
// FA : Start Log ...


<<<----  [OUT]
2020/10/30 19:33:56:411

//-------------------------------------------------------------
Property Information

   Driver Type [HSMS]
   Driver Mode [ACTIVE]
   IP    [192.168.100.113]
   Port  [5000]
//-------------------------------------------------------------


<<<----  [OUT]
2020/10/30 19:33:57:012

Auto-Start Started ... (Active)

<<<----  [OUT]
2020/10/30 19:33:57:103

Auto-Start Started ...  Waiting Stop-Connection.

<<<----  [OUT]
2020/10/30 19:33:57:103

Auto-Start Started ...  Waiting Open-Socket.

<<<----  [OUT]
2020/10/30 19:33:57:126

Socket Open Started...

<<<----  [OUT]
2020/10/30 19:33:57:126

Socket Open Completed...

<<<----  [OUT]
2020/10/30 19:33:57:126

Connecting Started...

<<<----  [OUT]
2020/10/30 19:33:57:194

Auto-Start Completed ...  (Active)

<<<----  [OUT]
2020/10/30 19:33:59:191

I can't connect with the passive [192.168.100.113/5000] error_code:10061 !

<<<----  [OUT]
2020/10/30 19:34:01:683

Connecting Started...

<<<----  [OUT]
2020/10/30 19:34:03:719

I can't connect with the passive [192.168.100.113/5000] error_code:10061 !

<<<----  [OUT]
2020/10/30 19:34:06:199

Connecting Started...

<<<----  [OUT]
2020/10/30 19:34:08:230

I can't connect with the passive [192.168.100.113/5000] error_code:10061 !

<<<----  [OUT]
2020/10/30 19:34:10:715

Connecting Started...

<<<----  [OUT]
2020/10/30 19:34:12:775

I can't connect with the passive [192.168.100.113/5000] error_code:10061 !

<<<----  [OUT]
2020/10/30 19:34:15:262

Connecting Started...

<<<----  [OUT]
2020/10/30 19:34:17:340

I can't connect with the passive [192.168.100.113/5000] error_code:10061 !

<<<----  [OUT]
2020/10/30 19:34:19:823

Connecting Started...

<<<----  [OUT]
2020/10/30 19:34:21:854

I can't connect with the passive [192.168.100.113/5000] error_code:10061 !

<<<----  [OUT]
2020/10/30 19:34:24:338

Connecting Started...

<<<----  [OUT]
2020/10/30 19:34:26:374

I can't connect with the passive [192.168.100.113/5000] error_code:10061 !

<<<----  [OUT]
2020/10/30 19:34:28:854

Connecting Started...

<<<----  [OUT]
2020/10/30 19:34:30:914

I can't connect with the passive [192.168.100.113/5000] error_code:10061 !

<<<----  [OUT]
2020/10/30 19:34:33:401

Connecting Started...

<<<----  [OUT]
2020/10/30 19:34:35:475

I can't connect with the passive [192.168.100.113/5000] error_code:10061 !

<<<----  [OUT]
2020/10/30 19:34:37:965

Connecting Started...

<<<----  [OUT]
2020/10/30 19:34:40:028

I can't connect with the passive [192.168.100.113/5000] error_code:10061 !

<<<----  [OUT]
2020/10/30 19:34:42:511

Connecting Started...

<<<----  [OUT]
2020/10/30 19:34:44:565

I can't connect with the passive [192.168.100.113/5000] error_code:10061 !

<<<----  [OUT]
2020/10/30 19:34:47:042

Connecting Started...

<<<----  [OUT]
2020/10/30 19:34:49:101

I can't connect with the passive [192.168.100.113/5000] error_code:10061 !

<<<----  [OUT]
2020/10/30 19:34:51:589

Connecting Started...

<<<----  [OUT]
2020/10/30 19:34:53:631

I can't connect with the passive [192.168.100.113/5000] error_code:10061 !

<<<----  [OUT]
2020/10/30 19:34:56:120

Connecting Started...

<<<----  [OUT]
2020/10/30 19:34:58:187

I can't connect with the passive [192.168.100.113/5000] error_code:10061 !

<<<----  [OUT]
2020/10/30 19:35:00:668

Connecting Started...

<<<----  [OUT]
2020/10/30 19:35:02:716

I can't connect with the passive [192.168.100.113/5000] error_code:10061 !

<<<----  [OUT]
2020/10/30 19:35:05:198

Connecting Started...

<<<----  [OUT]
2020/10/30 19:35:07:245

I can't connect with the passive [192.168.100.113/5000] error_code:10061 !

<<<----  [OUT]
2020/10/30 19:35:09:729

Connecting Started...

<<<----  [OUT]
2020/10/30 19:35:11:774

I can't connect with the passive [192.168.100.113/5000] error_code:10061 !

<<<----  [OUT]
2020/10/30 19:35:14:261

Connecting Started...

<<<----  [OUT]
2020/10/30 19:35:16:315

I can't connect with the passive [192.168.100.113/5000] error_code:10061 !

<<<----  [OUT]
2020/10/30 19:35:18:792

Connecting Started...

<<<----  [OUT]
2020/10/30 19:35:20:851

I can't connect with the passive [192.168.100.113/5000] error_code:10061 !

<<<----  [OUT]
2020/10/30 19:35:23:339

Connecting Started...

<<<----  [OUT]
2020/10/30 19:35:25:406

I can't connect with the passive [192.168.100.113/5000] error_code:10061 !

<<<----  [OUT]
2020/10/30 19:35:27:886

Connecting Started...

<<<----  [OUT]
2020/10/30 19:35:29:946

I can't connect with the passive [192.168.100.113/5000] error_code:10061 !

<<<----  [OUT]
2020/10/30 19:35:32:433

Connecting Started...

<<<----  [OUT]
2020/10/30 19:35:34:504

I can't connect with the passive [192.168.100.113/5000] error_code:10061 !

<<<----  [OUT]
2020/10/30 19:35:36:995

Connecting Started...

<<<----  [OUT]
2020/10/30 19:35:39:048

I can't connect with the passive [192.168.100.113/5000] error_code:10061 !

<<<----  [OUT]
2020/10/30 19:35:41:526

Connecting Started...

<<<----  [OUT]
2020/10/30 19:35:43:588

I can't connect with the passive [192.168.100.113/5000] error_code:10061 !

<<<----  [OUT]
2020/10/30 19:35:46:074

Connecting Started...

<<<----  [OUT]
2020/10/30 19:35:48:130

I can't connect with the passive [192.168.100.113/5000] error_code:10061 !

<<<----  [OUT]
2020/10/30 19:35:50:620

Connecting Started...

<<<----  [OUT]
2020/10/30 19:35:52:672

I can't connect with the passive [192.168.100.113/5000] error_code:10061 !

<<<----  [OUT]
2020/10/30 19:35:55:151

Connecting Started...

<<<----  [OUT]
2020/10/30 19:35:57:196

I can't connect with the passive [192.168.100.113/5000] error_code:10061 !

<<<----  [OUT]
2020/10/30 19:35:59:684

Connecting Started...

<<<----  [OUT]
2020/10/30 19:36:01:734

I can't connect with the passive [192.168.100.113/5000] error_code:10061 !

<<<----  [OUT]
2020/10/30 19:36:04:215

Connecting Started...

<<<----  [OUT]
2020/10/30 19:36:06:275

I can't connect with the passive [192.168.100.113/5000] error_code:10061 !

<<<----  [OUT]
2020/10/30 19:36:08:761

Connecting Started...

<<<----  [OUT]
2020/10/30 19:36:10:792

I can't connect with the passive [192.168.100.113/5000] error_code:10061 !

<<<----  [OUT]
2020/10/30 19:36:13:277

Connecting Started...

<<<----  [OUT]
2020/10/30 19:36:15:333

I can't connect with the passive [192.168.100.113/5000] error_code:10061 !

<<<----  [OUT]
2020/10/30 19:36:17:823

Connecting Started...

<<<----  [OUT]
2020/10/30 19:36:19:870

I can't connect with the passive [192.168.100.113/5000] error_code:10061 !

<<<----  [OUT]
2020/10/30 19:36:22:354

Connecting Started...

<<<----  [OUT]
2020/10/30 19:36:24:398

I can't connect with the passive [192.168.100.113/5000] error_code:10061 !

<<<----  [OUT]
2020/10/30 19:36:26:887

Connecting Started...

<<<----  [OUT]
2020/10/30 19:36:28:930

I can't connect with the passive [192.168.100.113/5000] error_code:10061 !

<<<----  [OUT]
2020/10/30 19:36:31:418

Connecting Started...

<<<----  [OUT]
2020/10/30 19:36:33:466

I can't connect with the passive [192.168.100.113/5000] error_code:10061 !

<<<----  [OUT]
2020/10/30 19:36:35:948

Connecting Started...

<<<----  [OUT]
2020/10/30 19:36:37:994

I can't connect with the passive [192.168.100.113/5000] error_code:10061 !

<<<----  [OUT]
2020/10/30 19:36:40:480

Connecting Started...

<<<----  [OUT]
2020/10/30 19:36:42:531

I can't connect with the passive [192.168.100.113/5000] error_code:10061 !

<<<----  [OUT]
2020/10/30 19:36:45:012

Connecting Started...

<<<----  [OUT]
2020/10/30 19:36:47:074

I can't connect with the passive [192.168.100.113/5000] error_code:10061 !

<<<----  [OUT]
2020/10/30 19:36:49:558

Connecting Started...

<<<----  [OUT]
2020/10/30 19:36:51:614

I can't connect with the passive [192.168.100.113/5000] error_code:10061 !

<<<----  [OUT]
2020/10/30 19:36:54:104

Connecting Started...

<<<----  [OUT]
2020/10/30 19:36:56:158

I can't connect with the passive [192.168.100.113/5000] error_code:10061 !

<<<----  [OUT]
2020/10/30 19:36:58:637

Connecting Started...

<<<----  [OUT]
2020/10/30 19:37:00:681

I can't connect with the passive [192.168.100.113/5000] error_code:10061 !

<<<----  [OUT]
2020/10/30 19:37:03:167

Connecting Started...

<<<----  [OUT]
2020/10/30 19:37:05:211

I can't connect with the passive [192.168.100.113/5000] error_code:10061 !

<<<----  [OUT]
2020/10/30 19:37:07:698

Connecting Started...

<<<----  [OUT]
2020/10/30 19:37:09:750

I can't connect with the passive [192.168.100.113/5000] error_code:10061 !

<<<----  [OUT]
2020/10/30 19:37:12:230

Connecting Started...

<<<----  [OUT]
2020/10/30 19:37:14:260

I can't connect with the passive [192.168.100.113/5000] error_code:10061 !

<<<----  [OUT]
2020/10/30 19:37:16:745

Connecting Started...

<<<----  [OUT]
2020/10/30 19:37:18:779

I can't connect with the passive [192.168.100.113/5000] error_code:10061 !

<<<----  [OUT]
2020/10/30 19:37:21:261

Connecting Started...

<<<----  [OUT]
2020/10/30 19:37:23:297

I can't connect with the passive [192.168.100.113/5000] error_code:10061 !

<<<----  [OUT]
2020/10/30 19:37:25:778

Connecting Started...

<<<----  [OUT]
2020/10/30 19:37:27:825

I can't connect with the passive [192.168.100.113/5000] error_code:10061 !

<<<----  [OUT]
2020/10/30 19:37:30:308

Connecting Started...

<<<----  [OUT]
2020/10/30 19:37:32:363

I can't connect with the passive [192.168.100.113/5000] error_code:10061 !

<<<----  [OUT]
2020/10/30 19:37:34:839

Connecting Started...

<<<----  [OUT]
2020/10/30 19:37:36:873

I can't connect with the passive [192.168.100.113/5000] error_code:10061 !

<<<----  [OUT]
2020/10/30 19:37:39:355

Connecting Started...

<<<----  [OUT]
2020/10/30 19:37:41:398

I can't connect with the passive [192.168.100.113/5000] error_code:10061 !

<<<----  [OUT]
2020/10/30 19:37:43:886

Connecting Started...

<<<----  [OUT]
2020/10/30 19:37:45:938

I can't connect with the passive [192.168.100.113/5000] error_code:10061 !

<<<----  [OUT]
2020/10/30 19:37:48:418

Connecting Started...

<<<----  [OUT]
2020/10/30 19:37:50:467

I can't connect with the passive [192.168.100.113/5000] error_code:10061 !

<<<----  [OUT]
2020/10/30 19:37:52:948

Connecting Started...

<<<----  [OUT]
2020/10/30 19:37:55:001

I can't connect with the passive [192.168.100.113/5000] error_code:10061 !

<<<----  [OUT]
2020/10/30 19:37:57:480

Connecting Started...

<<<----  [OUT]
2020/10/30 19:37:59:544

I can't connect with the passive [192.168.100.113/5000] error_code:10061 !

<<<----  [OUT]
2020/10/30 19:38:02:027

Connecting Started...

<<<----  [OUT]
2020/10/30 19:38:04:087

I can't connect with the passive [192.168.100.113/5000] error_code:10061 !

<<<----  [OUT]
2020/10/30 19:38:06:574

Connecting Started...

<<<----  [OUT]
2020/10/30 19:38:08:629

I can't connect with the passive [192.168.100.113/5000] error_code:10061 !

<<<----  [OUT]
2020/10/30 19:38:11:121

Connecting Started...

<<<----  [OUT]
2020/10/30 19:38:13:164

I can't connect with the passive [192.168.100.113/5000] error_code:10061 !

<<<----  [OUT]
2020/10/30 19:38:15:652

Connecting Started...

<<<----  [OUT]
2020/10/30 19:38:17:718

I can't connect with the passive [192.168.100.113/5000] error_code:10061 !

<<<----  [OUT]
2020/10/30 19:38:20:199

Connecting Started...

<<<----  [OUT]
2020/10/30 19:38:22:244

I can't connect with the passive [192.168.100.113/5000] error_code:10061 !

<<<----  [OUT]
2020/10/30 19:38:24:730

Connecting Started...

<<<----  [OUT]
2020/10/30 19:38:26:769

I can't connect with the passive [192.168.100.113/5000] error_code:10061 !

<<<----  [OUT]
2020/10/30 19:38:29:245

Connecting Started...

<<<----  [OUT]
2020/10/30 19:38:31:302

I can't connect with the passive [192.168.100.113/5000] error_code:10061 !

<<<----  [OUT]
2020/10/30 19:38:33:792

Connecting Started...

<<<----  [OUT]
2020/10/30 19:38:35:841

I can't connect with the passive [192.168.100.113/5000] error_code:10061 !

<<<----  [OUT]
2020/10/30 19:38:38:325

Connecting Started...

<<<----  [OUT]
2020/10/30 19:38:40:389

I can't connect with the passive [192.168.100.113/5000] error_code:10061 !

<<<----  [OUT]
2020/10/30 19:38:42:871

Connecting Started...

<<<----  [OUT]
2020/10/30 19:38:44:922

I can't connect with the passive [192.168.100.113/5000] error_code:10061 !

<<<----  [OUT]
2020/10/30 19:38:47:401

Connecting Started...

<<<----  [OUT]
2020/10/30 19:38:49:467

I can't connect with the passive [192.168.100.113/5000] error_code:10061 !

<<<----  [OUT]
2020/10/30 19:38:51:949

Connecting Started...

<<<----  [OUT]
2020/10/30 19:38:54:006

I can't connect with the passive [192.168.100.113/5000] error_code:10061 !

<<<----  [OUT]
2020/10/30 19:38:56:496

Connecting Started...

<<<----  [OUT]
2020/10/30 19:38:58:557

I can't connect with the passive [192.168.100.113/5000] error_code:10061 !

<<<----  [OUT]
2020/10/30 19:39:01:043

Connecting Started...

<<<----  [OUT]
2020/10/30 19:39:03:102

I can't connect with the passive [192.168.100.113/5000] error_code:10061 !

<<<----  [OUT]
2020/10/30 19:39:05:590

Connecting Started...

<<<----  [OUT]
2020/10/30 19:39:07:628

I can't connect with the passive [192.168.100.113/5000] error_code:10061 !

<<<----  [OUT]
2020/10/30 19:39:10:106

Connecting Started...

<<<----  [OUT]
2020/10/30 19:39:12:178

I can't connect with the passive [192.168.100.113/5000] error_code:10061 !

<<<----  [OUT]
2020/10/30 19:39:14:667

Connecting Started...

<<<----  [OUT]
2020/10/30 19:39:16:731

I can't connect with the passive [192.168.100.113/5000] error_code:10061 !

<<<----  [OUT]
2020/10/30 19:39:19:215

Connecting Started...

<<<----  [OUT]
2020/10/30 19:39:21:278

I can't connect with the passive [192.168.100.113/5000] error_code:10061 !

<<<----  [OUT]
2020/10/30 19:39:23:761

Connecting Started...

<<<----  [OUT]
2020/10/30 19:39:25:824

I can't connect with the passive [192.168.100.113/5000] error_code:10061 !

<<<----  [OUT]
2020/10/30 19:39:28:309

Connecting Started...

<<<----  [OUT]
2020/10/30 19:39:30:373

I can't connect with the passive [192.168.100.113/5000] error_code:10061 !

<<<----  [OUT]
2020/10/30 19:39:32:856

Connecting Started...

<<<----  [OUT]
2020/10/30 19:39:34:912

I can't connect with the passive [192.168.100.113/5000] error_code:10061 !

<<<----  [OUT]
2020/10/30 19:39:37:402

Connecting Started...

<<<----  [OUT]
2020/10/30 19:39:39:448

I can't connect with the passive [192.168.100.113/5000] error_code:10061 !

<<<----  [OUT]
2020/10/30 19:39:41:932

Connecting Started...

<<<----  [OUT]
2020/10/30 19:39:43:968

I can't connect with the passive [192.168.100.113/5000] error_code:10061 !

<<<----  [OUT]
2020/10/30 19:39:46:448

Connecting Started...

<<<----  [OUT]
2020/10/30 19:39:48:502

I can't connect with the passive [192.168.100.113/5000] error_code:10061 !

<<<----  [OUT]
2020/10/30 19:39:50:979

Connecting Started...

<<<----  [OUT]
2020/10/30 19:39:53:029

I can't connect with the passive [192.168.100.113/5000] error_code:10061 !

<<<----  [OUT]
2020/10/30 19:39:55:511

Connecting Started...

<<<----  [OUT]
2020/10/30 19:39:57:569

I can't connect with the passive [192.168.100.113/5000] error_code:10061 !

<<<----  [OUT]
2020/10/30 19:40:00:058

Connecting Started...

<<<----  [OUT]
2020/10/30 19:40:02:092

I can't connect with the passive [192.168.100.113/5000] error_code:10061 !

<<<----  [OUT]
2020/10/30 19:40:04:574

Connecting Started...

<<<----  [OUT]
2020/10/30 19:40:06:625

I can't connect with the passive [192.168.100.113/5000] error_code:10061 !

<<<----  [OUT]
2020/10/30 19:40:09:104

Connecting Started...

<<<----  [OUT]
2020/10/30 19:40:11:148

I can't connect with the passive [192.168.100.113/5000] error_code:10061 !

<<<----  [OUT]
2020/10/30 19:40:13:637

Connecting Started...

<<<----  [OUT]
2020/10/30 19:40:15:668

I can't connect with the passive [192.168.100.113/5000] error_code:10061 !

<<<----  [OUT]
2020/10/30 19:40:18:153

Connecting Started...

<<<----  [OUT]
2020/10/30 19:40:20:217

I can't connect with the passive [192.168.100.113/5000] error_code:10061 !

<<<----  [OUT]
2020/10/30 19:40:22:699

Connecting Started...

<<<----  [OUT]
2020/10/30 19:40:24:750

I can't connect with the passive [192.168.100.113/5000] error_code:10061 !

<<<----  [OUT]
2020/10/30 19:40:27:230

Connecting Started...

<<<----  [OUT]
2020/10/30 19:40:29:276

I can't connect with the passive [192.168.100.113/5000] error_code:10061 !

<<<----  [OUT]
2020/10/30 19:40:31:761

Connecting Started...

<<<----  [OUT]
2020/10/30 19:40:33:814

I can't connect with the passive [192.168.100.113/5000] error_code:10061 !

<<<----  [OUT]
2020/10/30 19:40:36:293

Connecting Started...

<<<----  [OUT]
2020/10/30 19:40:38:335

I can't connect with the passive [192.168.100.113/5000] error_code:10061 !

<<<----  [OUT]
2020/10/30 19:40:40:823

Connecting Started...

<<<----  [OUT]
2020/10/30 19:40:42:881

I can't connect with the passive [192.168.100.113/5000] error_code:10061 !

<<<----  [OUT]
2020/10/30 19:40:45:371

Connecting Started...

<<<----  [OUT]
2020/10/30 19:40:47:422

I can't connect with the passive [192.168.100.113/5000] error_code:10061 !

<<<----  [OUT]
2020/10/30 19:40:49:901

Connecting Started...

<<<----  [OUT]
2020/10/30 19:40:51:950

I can't connect with the passive [192.168.100.113/5000] error_code:10061 !

<<<----  [OUT]
2020/10/30 19:40:54:434

Connecting Started...

<<<----  [OUT]
2020/10/30 19:40:56:505

I can't connect with the passive [192.168.100.113/5000] error_code:10061 !

<<<----  [OUT]
2020/10/30 19:40:58:994

Connecting Started...

<<<----  [OUT]
2020/10/30 19:41:01:065

I can't connect with the passive [192.168.100.113/5000] error_code:10061 !

<<<----  [OUT]
2020/10/30 19:41:03:542

Connecting Started...

<<<----  [OUT]
2020/10/30 19:41:05:605

I can't connect with the passive [192.168.100.113/5000] error_code:10061 !

<<<----  [OUT]
2020/10/30 19:41:08:090

Connecting Started...

<<<----  [OUT]
2020/10/30 19:41:10:157

I can't connect with the passive [192.168.100.113/5000] error_code:10061 !

<<<----  [OUT]
2020/10/30 19:41:12:636

Connecting Started...

<<<----  [OUT]
2020/10/30 19:41:14:696

I can't connect with the passive [192.168.100.113/5000] error_code:10061 !

<<<----  [OUT]
2020/10/30 19:41:17:184

Connecting Started...

<<<----  [OUT]
2020/10/30 19:41:19:245

I can't connect with the passive [192.168.100.113/5000] error_code:10061 !

<<<----  [OUT]
2020/10/30 19:41:21:730

Connecting Started...

<<<----  [OUT]
2020/10/30 19:41:23:758

I can't connect with the passive [192.168.100.113/5000] error_code:10061 !

<<<----  [OUT]
2020/10/30 19:41:26:245

Connecting Started...

<<<----  [OUT]
2020/10/30 19:41:28:297

I can't connect with the passive [192.168.100.113/5000] error_code:10061 !

<<<----  [OUT]
2020/10/30 19:41:30:776

Connecting Started...

<<<----  [OUT]
2020/10/30 19:41:32:827

I can't connect with the passive [192.168.100.113/5000] error_code:10061 !

<<<----  [OUT]
2020/10/30 19:41:35:308

Connecting Started...

<<<----  [OUT]
2020/10/30 19:41:37:350

I can't connect with the passive [192.168.100.113/5000] error_code:10061 !

<<<----  [OUT]
2020/10/30 19:41:39:839

Connecting Started...

<<<----  [OUT]
2020/10/30 19:41:41:901

I can't connect with the passive [192.168.100.113/5000] error_code:10061 !

<<<----  [OUT]
2020/10/30 19:41:44:386

Connecting Started...

<<<----  [OUT]
2020/10/30 19:41:46:433

I can't connect with the passive [192.168.100.113/5000] error_code:10061 !

<<<----  [OUT]
2020/10/30 19:41:48:917

Connecting Started...

<<<----  [OUT]
2020/10/30 19:41:50:979

I can't connect with the passive [192.168.100.113/5000] error_code:10061 !

<<<----  [OUT]
2020/10/30 19:41:53:463

Connecting Started...

<<<----  [OUT]
2020/10/30 19:41:55:530

I can't connect with the passive [192.168.100.113/5000] error_code:10061 !

<<<----  [OUT]
2020/10/30 19:41:58:010

Connecting Started...

<<<----  [OUT]
2020/10/30 19:42:00:067

I can't connect with the passive [192.168.100.113/5000] error_code:10061 !

<<<----  [OUT]
2020/10/30 19:42:02:558

Connecting Started...

<<<----  [OUT]
2020/10/30 19:42:04:631

I can't connect with the passive [192.168.100.113/5000] error_code:10061 !

<<<----  [OUT]
2020/10/30 19:42:07:121

Connecting Started...

<<<----  [OUT]
2020/10/30 19:42:09:191

I can't connect with the passive [192.168.100.113/5000] error_code:10061 !

<<<----  [OUT]
2020/10/30 19:42:11:668

Connecting Started...

<<<----  [OUT]
2020/10/30 19:42:13:737

I can't connect with the passive [192.168.100.113/5000] error_code:10061 !

<<<----  [OUT]
2020/10/30 19:42:16:215

Connecting Started...

<<<----  [OUT]
2020/10/30 19:42:18:271

I can't connect with the passive [192.168.100.113/5000] error_code:10061 !

<<<----  [OUT]
2020/10/30 19:42:20:762

Connecting Started...

<<<----  [OUT]
2020/10/30 19:42:22:792

I can't connect with the passive [192.168.100.113/5000] error_code:10061 !

<<<----  [OUT]
2020/10/30 19:42:25:276

Connecting Started...

<<<----  [OUT]
2020/10/30 19:42:27:309

I can't connect with the passive [192.168.100.113/5000] error_code:10061 !

<<<----  [OUT]
2020/10/30 19:42:29:792

Connecting Started...

<<<----  [OUT]
2020/10/30 19:42:31:858

I can't connect with the passive [192.168.100.113/5000] error_code:10061 !

<<<----  [OUT]
2020/10/30 19:42:34:340

Connecting Started...

<<<----  [OUT]
2020/10/30 19:42:36:389

I can't connect with the passive [192.168.100.113/5000] error_code:10061 !

<<<----  [OUT]
2020/10/30 19:42:38:870

Connecting Started...

<<<----  [OUT]
2020/10/30 19:42:40:929

I can't connect with the passive [192.168.100.113/5000] error_code:10061 !

<<<----  [OUT]
2020/10/30 19:42:43:417

Connecting Started...

<<<----  [OUT]
2020/10/30 19:42:45:463

I can't connect with the passive [192.168.100.113/5000] error_code:10061 !

<<<----  [OUT]
2020/10/30 19:42:47:948

Connecting Started...

<<<----  [OUT]
2020/10/30 19:42:50:009

I can't connect with the passive [192.168.100.113/5000] error_code:10061 !

<<<----  [OUT]
2020/10/30 19:42:52:496

Connecting Started...

<<<----  [OUT]
2020/10/30 19:42:54:537

I can't connect with the passive [192.168.100.113/5000] error_code:10061 !

<<<----  [OUT]
2020/10/30 19:42:57:026

Connecting Started...

<<<----  [OUT]
2020/10/30 19:42:59:092

I can't connect with the passive [192.168.100.113/5000] error_code:10061 !

<<<----  [OUT]
2020/10/30 19:43:01:573

Connecting Started...

<<<----  [OUT]
2020/10/30 19:43:03:627

I can't connect with the passive [192.168.100.113/5000] error_code:10061 !

<<<----  [OUT]
2020/10/30 19:43:06:106

Connecting Started...

<<<----  [OUT]
2020/10/30 19:43:08:174

I can't connect with the passive [192.168.100.113/5000] error_code:10061 !

<<<----  [OUT]
2020/10/30 19:43:10:652

Connecting Started...

<<<----  [OUT]
2020/10/30 19:43:12:710

I can't connect with the passive [192.168.100.113/5000] error_code:10061 !

<<<----  [OUT]
2020/10/30 19:43:15:197

Connecting Started...

<<<----  [OUT]
2020/10/30 19:43:17:253

I can't connect with the passive [192.168.100.113/5000] error_code:10061 !

<<<----  [OUT]
2020/10/30 19:43:19:730

Connecting Started...

<<<----  [OUT]
2020/10/30 19:43:21:780

I can't connect with the passive [192.168.100.113/5000] error_code:10061 !

<<<----  [OUT]
2020/10/30 19:43:24:261

Connecting Started...

<<<----  [OUT]
2020/10/30 19:43:26:332

I can't connect with the passive [192.168.100.113/5000] error_code:10061 !

<<<----  [OUT]
2020/10/30 19:43:28:807

Connecting Started...

<<<----  [OUT]
2020/10/30 19:43:30:880

I can't connect with the passive [192.168.100.113/5000] error_code:10061 !

<<<----  [OUT]
2020/10/30 19:43:33:371

Connecting Started...

<<<----  [OUT]
2020/10/30 19:43:35:431

I can't connect with the passive [192.168.100.113/5000] error_code:10061 !

<<<----  [OUT]
2020/10/30 19:43:37:917

Connecting Started...

<<<----  [OUT]
2020/10/30 19:43:39:971

I can't connect with the passive [192.168.100.113/5000] error_code:10061 !

<<<----  [OUT]
2020/10/30 19:43:42:448

Connecting Started...

<<<----  [OUT]
2020/10/30 19:43:44:500

I can't connect with the passive [192.168.100.113/5000] error_code:10061 !

<<<----  [OUT]
2020/10/30 19:43:46:980

Connecting Started...

<<<----  [OUT]
2020/10/30 19:43:49:013

I can't connect with the passive [192.168.100.113/5000] error_code:10061 !

<<<----  [OUT]
2020/10/30 19:43:51:496

Connecting Started...

<<<----  [OUT]
2020/10/30 19:43:53:546

I can't connect with the passive [192.168.100.113/5000] error_code:10061 !

<<<----  [OUT]
2020/10/30 19:43:56:027

Connecting Started...

<<<----  [OUT]
2020/10/30 19:43:58:063

I can't connect with the passive [192.168.100.113/5000] error_code:10061 !

<<<----  [OUT]
2020/10/30 19:44:00:543

Connecting Started...

<<<----  [OUT]
2020/10/30 19:44:02:590

I can't connect with the passive [192.168.100.113/5000] error_code:10061 !

<<<----  [OUT]
2020/10/30 19:44:05:073

Connecting Started...

<<<----  [OUT]
2020/10/30 19:44:07:124

I can't connect with the passive [192.168.100.113/5000] error_code:10061 !

<<<----  [OUT]
2020/10/30 19:44:09:604

Connecting Started...

<<<----  [OUT]
2020/10/30 19:44:11:688

I can't connect with the passive [192.168.100.113/5000] error_code:10061 !

<<<----  [OUT]
2020/10/30 19:44:14:168

Connecting Started...

<<<----  [OUT]
2020/10/30 19:44:16:227

I can't connect with the passive [192.168.100.113/5000] error_code:10061 !

<<<----  [OUT]
2020/10/30 19:44:18:714

Connecting Started...

<<<----  [OUT]
2020/10/30 19:44:20:780

I can't connect with the passive [192.168.100.113/5000] error_code:10061 !

<<<----  [OUT]
2020/10/30 19:44:23:262

Connecting Started...

<<<----  [OUT]
2020/10/30 19:44:25:324

I can't connect with the passive [192.168.100.113/5000] error_code:10061 !

<<<----  [OUT]
2020/10/30 19:44:27:808

Connecting Started...

<<<----  [OUT]
2020/10/30 19:44:29:848

I can't connect with the passive [192.168.100.113/5000] error_code:10061 !

<<<----  [OUT]
2020/10/30 19:44:32:339

Connecting Started...

<<<----  [OUT]
2020/10/30 19:44:34:386

I can't connect with the passive [192.168.100.113/5000] error_code:10061 !

<<<----  [OUT]
2020/10/30 19:44:36:871

Connecting Started...

<<<----  [OUT]
2020/10/30 19:44:38:908

I can't connect with the passive [192.168.100.113/5000] error_code:10061 !

<<<----  [OUT]
2020/10/30 19:44:41:386

Connecting Started...

<<<----  [OUT]
2020/10/30 19:44:43:441

I can't connect with the passive [192.168.100.113/5000] error_code:10061 !

<<<----  [OUT]
2020/10/30 19:44:45:918

Connecting Started...

<<<----  [OUT]
2020/10/30 19:44:47:946

I can't connect with the passive [192.168.100.113/5000] error_code:10061 !

<<<----  [OUT]
2020/10/30 19:44:50:433

Connecting Started...

<<<----  [OUT]
2020/10/30 19:44:52:494

I can't connect with the passive [192.168.100.113/5000] error_code:10061 !

<<<----  [OUT]
2020/10/30 19:44:54:980

Connecting Started...

<<<----  [OUT]
2020/10/30 19:44:57:040

I can't connect with the passive [192.168.100.113/5000] error_code:10061 !

<<<----  [OUT]
2020/10/30 19:44:59:526

Connecting Started...

<<<----  [OUT]
2020/10/30 19:45:01:585

I can't connect with the passive [192.168.100.113/5000] error_code:10061 !

<<<----  [OUT]
2020/10/30 19:45:04:074

Connecting Started...

<<<----  [OUT]
2020/10/30 19:45:06:140

I can't connect with the passive [192.168.100.113/5000] error_code:10061 !

<<<----  [OUT]
2020/10/30 19:45:08:621

Connecting Started...

<<<----  [OUT]
2020/10/30 19:45:10:681

I can't connect with the passive [192.168.100.113/5000] error_code:10061 !

<<<----  [OUT]
2020/10/30 19:45:13:168

Connecting Started...

<<<----  [OUT]
2020/10/30 19:45:15:221

I can't connect with the passive [192.168.100.113/5000] error_code:10061 !

<<<----  [OUT]
2020/10/30 19:45:17:699

Connecting Started...

<<<----  [OUT]
2020/10/30 19:45:19:771

I can't connect with the passive [192.168.100.113/5000] error_code:10061 !

<<<----  [OUT]
2020/10/30 19:45:22:261

Connecting Started...

<<<----  [OUT]
2020/10/30 19:45:24:312

I can't connect with the passive [192.168.100.113/5000] error_code:10061 !

<<<----  [OUT]
2020/10/30 19:45:26:792

Connecting Started...

<<<----  [OUT]
2020/10/30 19:45:28:851

I can't connect with the passive [192.168.100.113/5000] error_code:10061 !

<<<----  [OUT]
2020/10/30 19:45:31:339

Connecting Started...

<<<----  [OUT]
2020/10/30 19:45:33:391

I can't connect with the passive [192.168.100.113/5000] error_code:10061 !

<<<----  [OUT]
2020/10/30 19:45:35:871

Connecting Started...

<<<----  [OUT]
2020/10/30 19:45:37:898

I can't connect with the passive [192.168.100.113/5000] error_code:10061 !

<<<----  [OUT]
2020/10/30 19:45:40:387

Connecting Started...

<<<----  [OUT]
2020/10/30 19:45:42:414

I can't connect with the passive [192.168.100.113/5000] error_code:10061 !

<<<----  [OUT]
2020/10/30 19:45:44:902

Connecting Started...

<<<----  [OUT]
2020/10/30 19:45:46:961

I can't connect with the passive [192.168.100.113/5000] error_code:10061 !

<<<----  [OUT]
2020/10/30 19:45:49:449

Connecting Started...

<<<----  [OUT]
2020/10/30 19:45:51:489

I can't connect with the passive [192.168.100.113/5000] error_code:10061 !

<<<----  [OUT]
2020/10/30 19:45:53:980

Connecting Started...

<<<----  [OUT]
2020/10/30 19:45:56:051

I can't connect with the passive [192.168.100.113/5000] error_code:10061 !

<<<----  [OUT]
2020/10/30 19:45:58:542

Connecting Started...

<<<----  [OUT]
2020/10/30 19:46:00:598

I can't connect with the passive [192.168.100.113/5000] error_code:10061 !

<<<----  [OUT]
2020/10/30 19:46:03:090

Connecting Started...

<<<----  [OUT]
2020/10/30 19:46:05:114

I can't connect with the passive [192.168.100.113/5000] error_code:10061 !

<<<----  [OUT]
2020/10/30 19:46:07:604

Connecting Started...

<<<----  [OUT]
2020/10/30 19:46:09:667

I can't connect with the passive [192.168.100.113/5000] error_code:10061 !

<<<----  [OUT]
2020/10/30 19:46:12:152

Connecting Started...

<<<----  [OUT]
2020/10/30 19:46:14:203

I can't connect with the passive [192.168.100.113/5000] error_code:10061 !

<<<----  [OUT]
2020/10/30 19:46:16:683

Connecting Started...

<<<----  [OUT]
2020/10/30 19:46:18:738

I can't connect with the passive [192.168.100.113/5000] error_code:10061 !

<<<----  [OUT]
2020/10/30 19:46:21:215

Connecting Started...

<<<----  [OUT]
2020/10/30 19:46:23:257

I can't connect with the passive [192.168.100.113/5000] error_code:10061 !

<<<----  [OUT]
2020/10/30 19:46:25:745

Connecting Started...

<<<----  [OUT]
2020/10/30 19:46:27:781

I can't connect with the passive [192.168.100.113/5000] error_code:10061 !

<<<----  [OUT]
2020/10/30 19:46:30:261

Connecting Started...

<<<----  [OUT]
2020/10/30 19:46:32:300

I can't connect with the passive [192.168.100.113/5000] error_code:10061 !

<<<----  [OUT]
2020/10/30 19:46:34:776

Connecting Started...

<<<----  [OUT]
2020/10/30 19:46:36:824

I can't connect with the passive [192.168.100.113/5000] error_code:10061 !

<<<----  [OUT]
2020/10/30 19:46:39:309

Connecting Started...

<<<----  [OUT]
2020/10/30 19:46:41:379

I can't connect with the passive [192.168.100.113/5000] error_code:10061 !

<<<----  [OUT]
2020/10/30 19:46:43:871

Connecting Started...

<<<----  [OUT]
2020/10/30 19:46:45:930

I can't connect with the passive [192.168.100.113/5000] error_code:10061 !

<<<----  [OUT]
2020/10/30 19:46:48:416

Connecting Started...

<<<----  [OUT]
2020/10/30 19:46:50:474

I can't connect with the passive [192.168.100.113/5000] error_code:10061 !

<<<----  [OUT]
2020/10/30 19:46:52:964

Connecting Started...

<<<----  [OUT]
2020/10/30 19:46:55:021

I can't connect with the passive [192.168.100.113/5000] error_code:10061 !

<<<----  [OUT]
2020/10/30 19:46:57:511

Connecting Started...

<<<----  [OUT]
2020/10/30 19:46:59:573

I can't connect with the passive [192.168.100.113/5000] error_code:10061 !

<<<----  [OUT]
2020/10/30 19:47:02:058

Connecting Started...

<<<----  [OUT]
2020/10/30 19:47:04:107

I can't connect with the passive [192.168.100.113/5000] error_code:10061 !

<<<----  [OUT]
2020/10/30 19:47:06:589

Connecting Started...

<<<----  [OUT]
2020/10/30 19:47:08:628

I can't connect with the passive [192.168.100.113/5000] error_code:10061 !

<<<----  [OUT]
2020/10/30 19:47:11:105

Connecting Started...

<<<----  [OUT]
2020/10/30 19:47:13:159

I can't connect with the passive [192.168.100.113/5000] error_code:10061 !

<<<----  [OUT]
2020/10/30 19:47:15:636

Connecting Started...

<<<----  [OUT]
2020/10/30 19:47:17:697

I can't connect with the passive [192.168.100.113/5000] error_code:10061 !

<<<----  [OUT]
2020/10/30 19:47:20:183

Connecting Started...

<<<----  [OUT]
2020/10/30 19:47:22:226

I can't connect with the passive [192.168.100.113/5000] error_code:10061 !

<<<----  [OUT]
2020/10/30 19:47:24:715

Connecting Started...

<<<----  [OUT]
2020/10/30 19:47:26:766

I can't connect with the passive [192.168.100.113/5000] error_code:10061 !

<<<----  [OUT]
2020/10/30 19:47:29:246

Connecting Started...

<<<----  [OUT]
2020/10/30 19:47:31:307

I can't connect with the passive [192.168.100.113/5000] error_code:10061 !

<<<----  [OUT]
2020/10/30 19:47:33:792

Connecting Started...

<<<----  [OUT]
2020/10/30 19:47:35:854

I can't connect with the passive [192.168.100.113/5000] error_code:10061 !

<<<----  [OUT]
2020/10/30 19:47:38:340

Connecting Started...

<<<----  [OUT]
2020/10/30 19:47:40:409

I can't connect with the passive [192.168.100.113/5000] error_code:10061 !

<<<----  [OUT]
2020/10/30 19:47:42:886

Connecting Started...

<<<----  [OUT]
2020/10/30 19:47:44:954

I can't connect with the passive [192.168.100.113/5000] error_code:10061 !

<<<----  [OUT]
2020/10/30 19:47:47:433

Connecting Started...

<<<----  [OUT]
2020/10/30 19:47:49:475

I can't connect with the passive [192.168.100.113/5000] error_code:10061 !

<<<----  [OUT]
2020/10/30 19:47:51:965

Connecting Started...

<<<----  [OUT]
2020/10/30 19:47:53:992

I can't connect with the passive [192.168.100.113/5000] error_code:10061 !

<<<----  [OUT]
2020/10/30 19:47:56:479

Connecting Started...

<<<----  [OUT]
2020/10/30 19:47:58:510

I can't connect with the passive [192.168.100.113/5000] error_code:10061 !

<<<----  [OUT]
2020/10/30 19:48:00:996

Connecting Started...

<<<----  [OUT]
2020/10/30 19:48:03:046

I can't connect with the passive [192.168.100.113/5000] error_code:10061 !

<<<----  [OUT]
2020/10/30 19:48:05:527

Connecting Started...

<<<----  [OUT]
2020/10/30 19:48:07:573

I can't connect with the passive [192.168.100.113/5000] error_code:10061 !

<<<----  [OUT]
2020/10/30 19:48:10:058

Connecting Started...

<<<----  [OUT]
2020/10/30 19:48:12:097

I can't connect with the passive [192.168.100.113/5000] error_code:10061 !

<<<----  [OUT]
2020/10/30 19:48:14:574

Connecting Started...

<<<----  [OUT]
2020/10/30 19:48:16:627

I can't connect with the passive [192.168.100.113/5000] error_code:10061 !

<<<----  [OUT]
2020/10/30 19:48:19:105

Connecting Started...

<<<----  [OUT]
2020/10/30 19:48:21:127

I can't connect with the passive [192.168.100.113/5000] error_code:10061 !

<<<----  [OUT]
2020/10/30 19:48:23:604

Connecting Started...

<<<----  [OUT]
2020/10/30 19:48:25:656

I can't connect with the passive [192.168.100.113/5000] error_code:10061 !

<<<----  [OUT]
2020/10/30 19:48:28:135

Connecting Started...

<<<----  [OUT]
2020/10/30 19:48:30:180

I can't connect with the passive [192.168.100.113/5000] error_code:10061 !

<<<----  [OUT]
2020/10/30 19:48:32:667

Connecting Started...

<<<----  [OUT]
2020/10/30 19:48:34:719

I can't connect with the passive [192.168.100.113/5000] error_code:10061 !

<<<----  [OUT]
2020/10/30 19:48:37:198

Connecting Started...

<<<----  [OUT]
2020/10/30 19:48:39:243

I can't connect with the passive [192.168.100.113/5000] error_code:10061 !

<<<----  [OUT]
2020/10/30 19:48:41:730

Connecting Started...

<<<----  [OUT]
2020/10/30 19:48:43:787

I can't connect with the passive [192.168.100.113/5000] error_code:10061 !

<<<----  [OUT]
2020/10/30 19:48:46:276

Connecting Started...

<<<----  [OUT]
2020/10/30 19:48:48:313

I can't connect with the passive [192.168.100.113/5000] error_code:10061 !

<<<----  [OUT]
2020/10/30 19:48:50:792

Connecting Started...

<<<----  [OUT]
2020/10/30 19:48:52:839

I can't connect with the passive [192.168.100.113/5000] error_code:10061 !

<<<----  [OUT]
2020/10/30 19:48:55:323

Connecting Started...

<<<----  [OUT]
2020/10/30 19:48:57:365

I can't connect with the passive [192.168.100.113/5000] error_code:10061 !

<<<----  [OUT]
2020/10/30 19:48:59:856

Connecting Started...

<<<----  [OUT]
2020/10/30 19:49:01:896

I can't connect with the passive [192.168.100.113/5000] error_code:10061 !

<<<----  [OUT]
2020/10/30 19:49:04:386

Connecting Started...

<<<----  [OUT]
2020/10/30 19:49:06:441

I can't connect with the passive [192.168.100.113/5000] error_code:10061 !

<<<----  [OUT]
2020/10/30 19:49:08:917

Connecting Started...

<<<----  [OUT]
2020/10/30 19:49:10:961

I can't connect with the passive [192.168.100.113/5000] error_code:10061 !

<<<----  [OUT]
2020/10/30 19:49:13:448

Connecting Started...

<<<----  [OUT]
2020/10/30 19:49:15:493

I can't connect with the passive [192.168.100.113/5000] error_code:10061 !

<<<----  [OUT]
2020/10/30 19:49:17:980

Connecting Started...

<<<----  [OUT]
2020/10/30 19:49:20:016

I can't connect with the passive [192.168.100.113/5000] error_code:10061 !

<<<----  [OUT]
2020/10/30 19:49:22:496

Connecting Started...

<<<----  [OUT]
2020/10/30 19:49:24:538

I can't connect with the passive [192.168.100.113/5000] error_code:10061 !

<<<----  [OUT]
2020/10/30 19:49:27:027

Connecting Started...

<<<----  [OUT]
2020/10/30 19:49:29:083

I can't connect with the passive [192.168.100.113/5000] error_code:10061 !

<<<----  [OUT]
2020/10/30 19:49:31:573

Connecting Started...

<<<----  [OUT]
2020/10/30 19:49:33:620

I can't connect with the passive [192.168.100.113/5000] error_code:10061 !

<<<----  [OUT]
2020/10/30 19:49:36:104

Connecting Started...

<<<----  [OUT]
2020/10/30 19:49:38:140

I can't connect with the passive [192.168.100.113/5000] error_code:10061 !

<<<----  [OUT]
2020/10/30 19:49:40:621

Connecting Started...

<<<----  [OUT]
2020/10/30 19:49:42:657

I can't connect with the passive [192.168.100.113/5000] error_code:10061 !

<<<----  [OUT]
2020/10/30 19:49:45:136

Connecting Started...

<<<----  [OUT]
2020/10/30 19:49:47:188

I can't connect with the passive [192.168.100.113/5000] error_code:10061 !

<<<----  [OUT]
2020/10/30 19:49:49:667

Connecting Started...

<<<----  [OUT]
2020/10/30 19:49:51:709

I can't connect with the passive [192.168.100.113/5000] error_code:10061 !

<<<----  [OUT]
2020/10/30 19:49:54:199

Connecting Started...

<<<----  [OUT]
2020/10/30 19:49:56:251

I can't connect with the passive [192.168.100.113/5000] error_code:10061 !

<<<----  [OUT]
2020/10/30 19:49:58:729

Connecting Started...

<<<----  [OUT]
2020/10/30 19:50:00:791

I can't connect with the passive [192.168.100.113/5000] error_code:10061 !

<<<----  [OUT]
2020/10/30 19:50:03:276

Connecting Started...

<<<----  [OUT]
2020/10/30 19:50:05:327

I can't connect with the passive [192.168.100.113/5000] error_code:10061 !

<<<----  [OUT]
2020/10/30 19:50:07:807

Connecting Started...

<<<----  [OUT]
2020/10/30 19:50:09:851

I can't connect with the passive [192.168.100.113/5000] error_code:10061 !

<<<----  [OUT]
2020/10/30 19:50:12:339

Connecting Started...

<<<----  [OUT]
2020/10/30 19:50:14:402

I can't connect with the passive [192.168.100.113/5000] error_code:10061 !

<<<----  [OUT]
2020/10/30 19:50:16:886

Connecting Started...

<<<----  [OUT]
2020/10/30 19:50:18:936

I can't connect with the passive [192.168.100.113/5000] error_code:10061 !

<<<----  [OUT]
2020/10/30 19:50:21:418

Connecting Started...

<<<----  [OUT]
2020/10/30 19:50:23:463

I can't connect with the passive [192.168.100.113/5000] error_code:10061 !

<<<----  [OUT]
2020/10/30 19:50:25:948

Connecting Started...

<<<----  [OUT]
2020/10/30 19:50:27:997

I can't connect with the passive [192.168.100.113/5000] error_code:10061 !

<<<----  [OUT]
2020/10/30 19:50:30:481

Connecting Started...

<<<----  [OUT]
2020/10/30 19:50:32:521

I can't connect with the passive [192.168.100.113/5000] error_code:10061 !

<<<----  [OUT]
2020/10/30 19:50:35:011

Connecting Started...

<<<----  [OUT]
2020/10/30 19:50:37:048

I can't connect with the passive [192.168.100.113/5000] error_code:10061 !

<<<----  [OUT]
2020/10/30 19:50:39:527

Connecting Started...

<<<----  [OUT]
2020/10/30 19:50:41:570

I can't connect with the passive [192.168.100.113/5000] error_code:10061 !

<<<----  [OUT]
2020/10/30 19:50:44:058

Connecting Started...

<<<----  [OUT]
2020/10/30 19:50:46:117

I can't connect with the passive [192.168.100.113/5000] error_code:10061 !

<<<----  [OUT]
2020/10/30 19:50:48:606

Connecting Started...

<<<----  [OUT]
2020/10/30 19:50:50:666

I can't connect with the passive [192.168.100.113/5000] error_code:10061 !

<<<----  [OUT]
2020/10/30 19:50:53:151

Connecting Started...

<<<----  [OUT]
2020/10/30 19:50:55:214

I can't connect with the passive [192.168.100.113/5000] error_code:10061 !

<<<----  [OUT]
2020/10/30 19:50:57:699

Connecting Started...

<<<----  [OUT]
2020/10/30 19:50:59:749

I can't connect with the passive [192.168.100.113/5000] error_code:10061 !

<<<----  [OUT]
2020/10/30 19:51:02:231

Connecting Started...

<<<----  [OUT]
2020/10/30 19:51:04:297

I can't connect with the passive [192.168.100.113/5000] error_code:10061 !

<<<----  [OUT]
2020/10/30 19:51:06:777

Connecting Started...

<<<----  [OUT]
2020/10/30 19:51:08:819

I can't connect with the passive [192.168.100.113/5000] error_code:10061 !

<<<----  [OUT]
2020/10/30 19:51:11:307

Connecting Started...

<<<----  [OUT]
2020/10/30 19:51:13:357

I can't connect with the passive [192.168.100.113/5000] error_code:10061 !

<<<----  [OUT]
2020/10/30 19:51:15:839

Connecting Started...

<<<----  [OUT]
2020/10/30 19:51:17:878

I can't connect with the passive [192.168.100.113/5000] error_code:10061 !

<<<----  [OUT]
2020/10/30 19:51:20:355

Connecting Started...

<<<----  [OUT]
2020/10/30 19:51:22:412

I can't connect with the passive [192.168.100.113/5000] error_code:10061 !

<<<----  [OUT]
2020/10/30 19:51:24:902

Connecting Started...

<<<----  [OUT]
2020/10/30 19:51:26:956

I can't connect with the passive [192.168.100.113/5000] error_code:10061 !

<<<----  [OUT]
2020/10/30 19:51:29:433

Connecting Started...

<<<----  [OUT]
2020/10/30 19:51:31:495

I can't connect with the passive [192.168.100.113/5000] error_code:10061 !

<<<----  [OUT]
2020/10/30 19:51:33:979

Connecting Started...

<<<----  [OUT]
2020/10/30 19:51:36:031

I can't connect with the passive [192.168.100.113/5000] error_code:10061 !

<<<----  [OUT]
2020/10/30 19:51:38:511

Connecting Started...

<<<----  [OUT]
2020/10/30 19:51:40:536

I can't connect with the passive [192.168.100.113/5000] error_code:10061 !

<<<----  [OUT]
2020/10/30 19:51:43:026

Connecting Started...

<<<----  [OUT]
2020/10/30 19:51:45:071

I can't connect with the passive [192.168.100.113/5000] error_code:10061 !

<<<----  [OUT]
2020/10/30 19:51:47:558

Connecting Started...

<<<----  [OUT]
2020/10/30 19:51:49:607

I can't connect with the passive [192.168.100.113/5000] error_code:10061 !

<<<----  [OUT]
2020/10/30 19:51:52:089

Connecting Started...

<<<----  [OUT]
2020/10/30 19:51:54:143

I can't connect with the passive [192.168.100.113/5000] error_code:10061 !

<<<----  [OUT]
2020/10/30 19:51:56:621

Connecting Started...

<<<----  [OUT]
2020/10/30 19:51:58:669

I can't connect with the passive [192.168.100.113/5000] error_code:10061 !

<<<----  [OUT]
2020/10/30 19:52:01:152

Connecting Started...

<<<----  [OUT]
2020/10/30 19:52:03:205

I can't connect with the passive [192.168.100.113/5000] error_code:10061 !

<<<----  [OUT]
2020/10/30 19:52:05:683

Connecting Started...

<<<----  [OUT]
2020/10/30 19:52:07:741

I can't connect with the passive [192.168.100.113/5000] error_code:10061 !

<<<----  [OUT]
2020/10/30 19:52:10:230

Connecting Started...

<<<----  [OUT]
2020/10/30 19:52:12:277

I can't connect with the passive [192.168.100.113/5000] error_code:10061 !

<<<----  [OUT]
2020/10/30 19:52:14:761

Connecting Started...

<<<----  [OUT]
2020/10/30 19:52:48:415

---------------------------------------------------------------------
// FA : Start Log ...


<<<----  [OUT]
2020/10/30 19:52:48:418

//-------------------------------------------------------------
Property Information

   Driver Type [HSMS]
   Driver Mode [ACTIVE]
   IP    [192.168.100.113]
   Port  [5000]
//-------------------------------------------------------------


<<<----  [OUT]
2020/10/30 19:52:49:020

Auto-Start Started ... (Active)

<<<----  [OUT]
2020/10/30 19:52:49:110

Auto-Start Started ...  Waiting Stop-Connection.

<<<----  [OUT]
2020/10/30 19:52:49:110

Auto-Start Started ...  Waiting Open-Socket.

<<<----  [OUT]
2020/10/30 19:52:49:141

Socket Open Started...

<<<----  [OUT]
2020/10/30 19:52:49:141

Socket Open Completed...

<<<----  [OUT]
2020/10/30 19:52:49:141

Connecting Started...

<<<----  [OUT]
2020/10/30 19:52:49:201

Auto-Start Completed ...  (Active)

<<<----  [OUT]
2020/10/30 19:52:51:211

I can't connect with the passive [192.168.100.113/5000] error_code:10061 !

<<<----  [OUT]
2020/10/30 19:52:53:698

Connecting Started...

<<<----  [OUT]
2020/10/30 19:52:55:760

I can't connect with the passive [192.168.100.113/5000] error_code:10061 !

<<<----  [OUT]
2020/10/30 19:52:58:246

Connecting Started...

<<<----  [OUT]
2020/10/30 19:53:00:305

I can't connect with the passive [192.168.100.113/5000] error_code:10061 !

<<<----  [OUT]
2020/10/30 19:53:02:792

Connecting Started...

<<<----  [OUT]
2020/10/30 19:53:04:846

I can't connect with the passive [192.168.100.113/5000] error_code:10061 !

<<<----  [OUT]
2020/10/30 19:53:07:323

Connecting Started...

<<<----  [OUT]
2020/10/30 19:53:09:379

I can't connect with the passive [192.168.100.113/5000] error_code:10061 !

<<<----  [OUT]
2020/10/30 19:53:11:870

Connecting Started...

<<<----  [OUT]
2020/10/30 19:53:13:937

I can't connect with the passive [192.168.100.113/5000] error_code:10061 !

<<<----  [OUT]
2020/10/30 19:53:16:417

Connecting Started...

<<<----  [OUT]
2020/10/30 19:53:18:469

I can't connect with the passive [192.168.100.113/5000] error_code:10061 !

<<<----  [OUT]
2020/10/30 19:53:20:950

Connecting Started...

<<<----  [OUT]
2020/10/30 19:53:22:996

I can't connect with the passive [192.168.100.113/5000] error_code:10061 !

<<<----  [OUT]
2020/10/30 19:53:25:480

Connecting Started...

<<<----  [OUT]
2020/10/30 19:53:27:535

I can't connect with the passive [192.168.100.113/5000] error_code:10061 !

<<<----  [OUT]
2020/10/30 19:53:30:011

Connecting Started...

<<<----  [OUT]
2020/10/30 19:53:32:077

I can't connect with the passive [192.168.100.113/5000] error_code:10061 !

<<<----  [OUT]
2020/10/30 19:53:34:557

Connecting Started...

<<<----  [OUT]
2020/10/30 19:53:36:609

I can't connect with the passive [192.168.100.113/5000] error_code:10061 !

<<<----  [OUT]
2020/10/30 19:53:39:090

Connecting Started...

<<<----  [OUT]
2020/10/30 19:53:41:124

I can't connect with the passive [192.168.100.113/5000] error_code:10061 !

<<<----  [OUT]
2020/10/30 19:53:43:605

Connecting Started...

<<<----  [OUT]
2020/10/30 19:53:45:660

I can't connect with the passive [192.168.100.113/5000] error_code:10061 !

<<<----  [OUT]
2020/10/30 19:53:48:152

Connecting Started...

<<<----  [OUT]
2020/10/30 19:53:50:218

I can't connect with the passive [192.168.100.113/5000] error_code:10061 !

<<<----  [OUT]
2020/10/30 19:53:52:699

Connecting Started...

<<<----  [OUT]
2020/10/30 19:53:54:758

I can't connect with the passive [192.168.100.113/5000] error_code:10061 !

<<<----  [OUT]
2020/10/30 19:53:57:246

Connecting Started...

<<<----  [OUT]
2020/10/30 19:53:59:301

I can't connect with the passive [192.168.100.113/5000] error_code:10061 !

<<<----  [OUT]
2020/10/30 19:54:01:793

Connecting Started...

<<<----  [OUT]
2020/10/30 19:54:03:860

I can't connect with the passive [192.168.100.113/5000] error_code:10061 !

<<<----  [OUT]
2020/10/30 19:54:06:340

Connecting Started...

<<<----  [OUT]
2020/10/30 19:54:08:393

I can't connect with the passive [192.168.100.113/5000] error_code:10061 !

<<<----  [OUT]
2020/10/30 19:54:10:870

Connecting Started...

<<<----  [OUT]
2020/10/30 19:54:12:930

I can't connect with the passive [192.168.100.113/5000] error_code:10061 !

<<<----  [OUT]
2020/10/30 19:54:15:417

Connecting Started...

<<<----  [OUT]
2020/10/30 19:54:17:485

I can't connect with the passive [192.168.100.113/5000] error_code:10061 !

<<<----  [OUT]
2020/10/30 19:54:19:963

Connecting Started...

<<<----  [OUT]
2020/10/30 19:54:21:999

I can't connect with the passive [192.168.100.113/5000] error_code:10061 !

<<<----  [OUT]
2020/10/30 19:54:24:479

Connecting Started...

<<<----  [OUT]
2020/10/30 19:54:26:529

I can't connect with the passive [192.168.100.113/5000] error_code:10061 !

<<<----  [OUT]
2020/10/30 19:54:29:011

Connecting Started...

<<<----  [OUT]
2020/10/30 19:54:31:071

I can't connect with the passive [192.168.100.113/5000] error_code:10061 !

<<<----  [OUT]
2020/10/30 19:54:33:557

Connecting Started...

<<<----  [OUT]
2020/10/30 19:54:35:625

I can't connect with the passive [192.168.100.113/5000] error_code:10061 !

<<<----  [OUT]
2020/10/30 19:54:38:104

Connecting Started...

<<<----  [OUT]
2020/10/30 19:54:40:168

I can't connect with the passive [192.168.100.113/5000] error_code:10061 !

<<<----  [OUT]
2020/10/30 19:54:42:651

Connecting Started...

<<<----  [OUT]
2020/10/30 19:54:44:715

I can't connect with the passive [192.168.100.113/5000] error_code:10061 !

<<<----  [OUT]
2020/10/30 19:54:47:199

Connecting Started...

<<<----  [OUT]
2020/10/30 19:54:49:245

I can't connect with the passive [192.168.100.113/5000] error_code:10061 !

<<<----  [OUT]
2020/10/30 19:54:51:730

Connecting Started...

<<<----  [OUT]
2020/10/30 19:54:53:766

I can't connect with the passive [192.168.100.113/5000] error_code:10061 !

<<<----  [OUT]
2020/10/30 19:54:56:247

Connecting Started...

<<<----  [OUT]
2020/10/30 19:54:58:318

I can't connect with the passive [192.168.100.113/5000] error_code:10061 !

<<<----  [OUT]
2020/10/30 19:55:00:808

Connecting Started...

<<<----  [OUT]
2020/10/30 19:55:02:858

I can't connect with the passive [192.168.100.113/5000] error_code:10061 !

<<<----  [OUT]
2020/10/30 19:55:05:340

Connecting Started...

<<<----  [OUT]
2020/10/30 19:55:07:393

I can't connect with the passive [192.168.100.113/5000] error_code:10061 !

<<<----  [OUT]
2020/10/30 19:55:09:871

Connecting Started...

<<<----  [OUT]
2020/10/30 19:55:11:942

I can't connect with the passive [192.168.100.113/5000] error_code:10061 !

<<<----  [OUT]
2020/10/30 19:55:14:434

Connecting Started...

<<<----  [OUT]
2020/10/30 19:55:16:496

I can't connect with the passive [192.168.100.113/5000] error_code:10061 !

<<<----  [OUT]
2020/10/30 19:55:18:981

Connecting Started...

<<<----  [OUT]
2020/10/30 19:55:21:039

I can't connect with the passive [192.168.100.113/5000] error_code:10061 !

<<<----  [OUT]
2020/10/30 19:55:23:527

Connecting Started...

<<<----  [OUT]
2020/10/30 19:55:25:599

I can't connect with the passive [192.168.100.113/5000] error_code:10061 !

<<<----  [OUT]
2020/10/30 19:55:28:089

Connecting Started...

<<<----  [OUT]
2020/10/30 19:55:30:149

I can't connect with the passive [192.168.100.113/5000] error_code:10061 !

<<<----  [OUT]
2020/10/30 19:55:32:635

Connecting Started...

<<<----  [OUT]
2020/10/30 19:55:34:692

I can't connect with the passive [192.168.100.113/5000] error_code:10061 !

<<<----  [OUT]
2020/10/30 19:55:37:182

Connecting Started...

<<<----  [OUT]
2020/10/30 19:55:39:232

I can't connect with the passive [192.168.100.113/5000] error_code:10061 !

<<<----  [OUT]
2020/10/30 19:55:41:715

Connecting Started...

<<<----  [OUT]
2020/10/30 19:55:43:736

I can't connect with the passive [192.168.100.113/5000] error_code:10061 !

<<<----  [OUT]
2020/10/30 19:55:46:214

Connecting Started...

<<<----  [OUT]
2020/10/30 19:55:48:259

I can't connect with the passive [192.168.100.113/5000] error_code:10061 !

<<<----  [OUT]
2020/10/30 19:55:50:746

Connecting Started...

<<<----  [OUT]
2020/10/30 19:55:52:795

I can't connect with the passive [192.168.100.113/5000] error_code:10061 !

<<<----  [OUT]
2020/10/30 19:55:55:277

Connecting Started...

<<<----  [OUT]
2020/10/30 19:55:57:334

I can't connect with the passive [192.168.100.113/5000] error_code:10061 !

<<<----  [OUT]
2020/10/30 19:55:59:823

Connecting Started...

<<<----  [OUT]
2020/10/30 19:56:01:892

I can't connect with the passive [192.168.100.113/5000] error_code:10061 !

<<<----  [OUT]
2020/10/30 19:56:04:371

Connecting Started...

<<<----  [OUT]
2020/10/30 19:56:06:442

I can't connect with the passive [192.168.100.113/5000] error_code:10061 !

<<<----  [OUT]
2020/10/30 19:56:08:932

Connecting Started...

<<<----  [OUT]
2020/10/30 19:56:11:006

I can't connect with the passive [192.168.100.113/5000] error_code:10061 !

<<<----  [OUT]
2020/10/30 19:56:13:495

Connecting Started...

<<<----  [OUT]
2020/10/30 19:56:15:562

I can't connect with the passive [192.168.100.113/5000] error_code:10061 !

<<<----  [OUT]
2020/10/30 19:56:18:042

Connecting Started...

<<<----  [OUT]
2020/10/30 19:56:20:104

I can't connect with the passive [192.168.100.113/5000] error_code:10061 !

<<<----  [OUT]
2020/10/30 19:56:22:590

Connecting Started...

<<<----  [OUT]
2020/10/30 19:56:24:634

I can't connect with the passive [192.168.100.113/5000] error_code:10061 !

<<<----  [OUT]
2020/10/30 19:56:27:120

Connecting Started...

<<<----  [OUT]
2020/10/30 19:56:29:166

I can't connect with the passive [192.168.100.113/5000] error_code:10061 !

<<<----  [OUT]
2020/10/30 19:56:31:651

Connecting Started...

<<<----  [OUT]
2020/10/30 19:56:33:691

I can't connect with the passive [192.168.100.113/5000] error_code:10061 !

<<<----  [OUT]
2020/10/30 19:56:36:167

Connecting Started...

<<<----  [OUT]
2020/10/30 19:56:38:204

I can't connect with the passive [192.168.100.113/5000] error_code:10061 !

<<<----  [OUT]
2020/10/30 19:56:40:682

Connecting Started...

<<<----  [OUT]
2020/10/30 19:56:42:729

I can't connect with the passive [192.168.100.113/5000] error_code:10061 !

<<<----  [OUT]
2020/10/30 19:56:45:215

Connecting Started...

<<<----  [OUT]
2020/10/30 19:56:47:266

I can't connect with the passive [192.168.100.113/5000] error_code:10061 !

<<<----  [OUT]
2020/10/30 19:56:49:746

Connecting Started...

<<<----  [OUT]
2020/10/30 19:56:51:757

I can't connect with the passive [192.168.100.113/5000] error_code:10061 !

<<<----  [OUT]
2020/10/30 19:56:54:245

Connecting Started...

<<<----  [OUT]
2020/10/30 19:56:56:310

I can't connect with the passive [192.168.100.113/5000] error_code:10061 !

<<<----  [OUT]
2020/10/30 19:56:58:793

Connecting Started...

<<<----  [OUT]
2020/10/30 19:57:00:854

I can't connect with the passive [192.168.100.113/5000] error_code:10061 !

<<<----  [OUT]
2020/10/30 19:57:03:339

Connecting Started...

<<<----  [OUT]
2020/10/30 19:57:05:403

I can't connect with the passive [192.168.100.113/5000] error_code:10061 !

<<<----  [OUT]
2020/10/30 19:57:07:886

Connecting Started...

<<<----  [OUT]
2020/10/30 19:57:09:940

I can't connect with the passive [192.168.100.113/5000] error_code:10061 !

<<<----  [OUT]
2020/10/30 19:57:12:416

Connecting Started...

<<<----  [OUT]
2020/10/30 19:57:14:474

I can't connect with the passive [192.168.100.113/5000] error_code:10061 !

<<<----  [OUT]
2020/10/30 19:57:16:964

Connecting Started...

<<<----  [OUT]
2020/10/30 19:57:19:024

I can't connect with the passive [192.168.100.113/5000] error_code:10061 !

<<<----  [OUT]
2020/10/30 19:57:21:511

Connecting Started...

<<<----  [OUT]
2020/10/30 19:57:23:556

I can't connect with the passive [192.168.100.113/5000] error_code:10061 !

<<<----  [OUT]
2020/10/30 19:57:26:043

Connecting Started...

<<<----  [OUT]
2020/10/30 19:57:28:096

I can't connect with the passive [192.168.100.113/5000] error_code:10061 !

<<<----  [OUT]
2020/10/30 19:57:30:573

Connecting Started...

<<<----  [OUT]
2020/10/30 19:57:32:634

I can't connect with the passive [192.168.100.113/5000] error_code:10061 !

<<<----  [OUT]
2020/10/30 19:57:35:120

Connecting Started...

<<<----  [OUT]
2020/10/30 19:57:37:162

I can't connect with the passive [192.168.100.113/5000] error_code:10061 !

<<<----  [OUT]
2020/10/30 19:57:39:652

Connecting Started...

<<<----  [OUT]
2020/10/30 19:57:41:731

I can't connect with the passive [192.168.100.113/5000] error_code:10061 !

<<<----  [OUT]
2020/10/30 19:57:44:214

Connecting Started...

<<<----  [OUT]
2020/10/30 19:57:46:251

I can't connect with the passive [192.168.100.113/5000] error_code:10061 !

<<<----  [OUT]
2020/10/30 19:57:48:729

Connecting Started...

<<<----  [OUT]
2020/10/30 19:57:50:786

I can't connect with the passive [192.168.100.113/5000] error_code:10061 !

<<<----  [OUT]
2020/10/30 19:57:53:277

Connecting Started...

<<<----  [OUT]
2020/10/30 19:57:55:342

I can't connect with the passive [192.168.100.113/5000] error_code:10061 !

<<<----  [OUT]
2020/10/30 19:57:57:824

Connecting Started...

<<<----  [OUT]
2020/10/30 19:57:59:874

I can't connect with the passive [192.168.100.113/5000] error_code:10061 !

<<<----  [OUT]
2020/10/30 19:58:02:356

Connecting Started...

<<<----  [OUT]
2020/10/30 19:58:04:398

I can't connect with the passive [192.168.100.113/5000] error_code:10061 !

<<<----  [OUT]
2020/10/30 19:58:06:886

Connecting Started...

<<<----  [OUT]
2020/10/30 19:58:08:962

I can't connect with the passive [192.168.100.113/5000] error_code:10061 !

<<<----  [OUT]
2020/10/30 19:58:11:449

Connecting Started...

<<<----  [OUT]
2020/10/30 19:58:13:519

I can't connect with the passive [192.168.100.113/5000] error_code:10061 !

<<<----  [OUT]
2020/10/30 19:58:15:996

Connecting Started...

<<<----  [OUT]
2020/10/30 19:58:18:053

I can't connect with the passive [192.168.100.113/5000] error_code:10061 !

<<<----  [OUT]
2020/10/30 19:58:20:543

Connecting Started...

<<<----  [OUT]
2020/10/30 19:58:22:586

I can't connect with the passive [192.168.100.113/5000] error_code:10061 !

<<<----  [OUT]
2020/10/30 19:58:25:073

Connecting Started...

<<<----  [OUT]
2020/10/30 19:58:27:125

I can't connect with the passive [192.168.100.113/5000] error_code:10061 !

<<<----  [OUT]
2020/10/30 19:58:29:606

Connecting Started...

<<<----  [OUT]
2020/10/30 19:58:31:652

I can't connect with the passive [192.168.100.113/5000] error_code:10061 !

<<<----  [OUT]
2020/10/30 19:58:34:136

Connecting Started...

<<<----  [OUT]
2020/10/30 19:58:36:167

I can't connect with the passive [192.168.100.113/5000] error_code:10061 !

<<<----  [OUT]
2020/10/30 19:58:38:652

Connecting Started...

<<<----  [OUT]
2020/10/30 19:58:40:699

I can't connect with the passive [192.168.100.113/5000] error_code:10061 !

<<<----  [OUT]
2020/10/30 19:58:43:183

Connecting Started...

<<<----  [OUT]
2020/10/30 19:58:45:208

I can't connect with the passive [192.168.100.113/5000] error_code:10061 !

<<<----  [OUT]
2020/10/30 19:58:47:699

Connecting Started...

<<<----  [OUT]
2020/10/30 19:58:49:764

I can't connect with the passive [192.168.100.113/5000] error_code:10061 !

<<<----  [OUT]
2020/10/30 19:58:52:246

Connecting Started...

<<<----  [OUT]
2020/10/30 19:58:54:281

I can't connect with the passive [192.168.100.113/5000] error_code:10061 !

<<<----  [OUT]
2020/10/30 19:58:56:762

Connecting Started...

<<<----  [OUT]
2020/10/30 19:58:58:825

I can't connect with the passive [192.168.100.113/5000] error_code:10061 !

<<<----  [OUT]
2020/10/30 19:59:01:308

Connecting Started...

<<<----  [OUT]
2020/10/30 19:59:03:375

I can't connect with the passive [192.168.100.113/5000] error_code:10061 !

<<<----  [OUT]
2020/10/30 19:59:05:855

Connecting Started...

<<<----  [OUT]
2020/10/30 19:59:07:897

I can't connect with the passive [192.168.100.113/5000] error_code:10061 !

<<<----  [OUT]
2020/10/30 19:59:10:386

Connecting Started...

<<<----  [OUT]
2020/10/30 19:59:12:457

I can't connect with the passive [192.168.100.113/5000] error_code:10061 !

<<<----  [OUT]
2020/10/30 19:59:14:949

Connecting Started...

<<<----  [OUT]
2020/10/30 19:59:17:006

I can't connect with the passive [192.168.100.113/5000] error_code:10061 !

<<<----  [OUT]
2020/10/30 19:59:19:495

Connecting Started...

<<<----  [OUT]
2020/10/30 19:59:21:560

I can't connect with the passive [192.168.100.113/5000] error_code:10061 !

<<<----  [OUT]
2020/10/30 19:59:24:042

Connecting Started...

<<<----  [OUT]
2020/10/30 19:59:26:103

I can't connect with the passive [192.168.100.113/5000] error_code:10061 !

<<<----  [OUT]
2020/10/30 19:59:28:589

Connecting Started...

<<<----  [OUT]
2020/10/30 19:59:30:641

I can't connect with the passive [192.168.100.113/5000] error_code:10061 !

<<<----  [OUT]
2020/10/30 19:59:33:120

Connecting Started...

<<<----  [OUT]
2020/10/30 19:59:35:161

I can't connect with the passive [192.168.100.113/5000] error_code:10061 !

<<<----  [OUT]
2020/10/30 19:59:37:652

Connecting Started...

<<<----  [OUT]
2020/10/30 19:59:39:695

I can't connect with the passive [192.168.100.113/5000] error_code:10061 !

<<<----  [OUT]
2020/10/30 19:59:42:183

Connecting Started...

<<<----  [OUT]
2020/10/30 19:59:44:225

I can't connect with the passive [192.168.100.113/5000] error_code:10061 !

<<<----  [OUT]
2020/10/30 19:59:46:714

Connecting Started...

<<<----  [OUT]
2020/10/30 19:59:48:735

I can't connect with the passive [192.168.100.113/5000] error_code:10061 !

<<<----  [OUT]
2020/10/30 19:59:51:215

Connecting Started...

<<<----  [OUT]
2020/10/30 19:59:53:269

I can't connect with the passive [192.168.100.113/5000] error_code:10061 !

<<<----  [OUT]
2020/10/30 19:59:55:746

Connecting Started...

<<<----  [OUT]
2020/10/30 19:59:57:769

I can't connect with the passive [192.168.100.113/5000] error_code:10061 !
