
<<<----  [OUT]
2020/10/30 18:00:00:473

I can't connect with the passive [192.168.100.113/5000] error_code:10061 !

<<<----  [OUT]
2020/10/30 18:00:02:963

Connecting Started...

<<<----  [OUT]
2020/10/30 18:00:05:003

I can't connect with the passive [192.168.100.113/5000] error_code:10061 !

<<<----  [OUT]
2020/10/30 18:00:07:480

Connecting Started...

<<<----  [OUT]
2020/10/30 18:00:09:529

I can't connect with the passive [192.168.100.113/5000] error_code:10061 !

<<<----  [OUT]
2020/10/30 18:00:12:011

Connecting Started...

<<<----  [OUT]
2020/10/30 18:00:14:063

I can't connect with the passive [192.168.100.113/5000] error_code:10061 !

<<<----  [OUT]
2020/10/30 18:00:16:542

Connecting Started...

<<<----  [OUT]
2020/10/30 18:00:18:584

I can't connect with the passive [192.168.100.113/5000] error_code:10061 !

<<<----  [OUT]
2020/10/30 18:00:21:073

Connecting Started...

<<<----  [OUT]
2020/10/30 18:00:23:116

I can't connect with the passive [192.168.100.113/5000] error_code:10061 !

<<<----  [OUT]
2020/10/30 18:00:25:604

Connecting Started...

<<<----  [OUT]
2020/10/30 18:00:27:650

I can't connect with the passive [192.168.100.113/5000] error_code:10061 !

<<<----  [OUT]
2020/10/30 18:00:30:136

Connecting Started...

<<<----  [OUT]
2020/10/30 18:00:32:175

I can't connect with the passive [192.168.100.113/5000] error_code:10061 !

<<<----  [OUT]
2020/10/30 18:00:34:653

Connecting Started...

<<<----  [OUT]
2020/10/30 18:00:36:706

I can't connect with the passive [192.168.100.113/5000] error_code:10061 !

<<<----  [OUT]
2020/10/30 18:00:39:182

Connecting Started...

<<<----  [OUT]
2020/10/30 18:00:41:223

I can't connect with the passive [192.168.100.113/5000] error_code:10061 !

<<<----  [OUT]
2020/10/30 18:00:43:714

Connecting Started...

<<<----  [OUT]
2020/10/30 18:00:45:765

I can't connect with the passive [192.168.100.113/5000] error_code:10061 !

<<<----  [OUT]
2020/10/30 18:00:48:246

Connecting Started...

<<<----  [OUT]
2020/10/30 18:00:50:307

I can't connect with the passive [192.168.100.113/5000] error_code:10061 !

<<<----  [OUT]
2020/10/30 18:00:52:792

Connecting Started...

<<<----  [OUT]
2020/10/30 18:00:54:850

I can't connect with the passive [192.168.100.113/5000] error_code:10061 !

<<<----  [OUT]
2020/10/30 18:00:57:339

Connecting Started...

<<<----  [OUT]
2020/10/30 18:00:59:409

I can't connect with the passive [192.168.100.113/5000] error_code:10061 !

<<<----  [OUT]
2020/10/30 18:01:01:886

Connecting Started...

<<<----  [OUT]
2020/10/30 18:01:03:935

I can't connect with the passive [192.168.100.113/5000] error_code:10061 !

<<<----  [OUT]
2020/10/30 18:01:06:417

Connecting Started...

<<<----  [OUT]
2020/10/30 18:01:08:478

I can't connect with the passive [192.168.100.113/5000] error_code:10061 !

<<<----  [OUT]
2020/10/30 18:01:10:964

Connecting Started...

<<<----  [OUT]
2020/10/30 18:01:13:026

I can't connect with the passive [192.168.100.113/5000] error_code:10061 !

<<<----  [OUT]
2020/10/30 18:01:15:511

Connecting Started...

<<<----  [OUT]
2020/10/30 18:01:17:569

I can't connect with the passive [192.168.100.113/5000] error_code:10061 !

<<<----  [OUT]
2020/10/30 18:01:20:057

Connecting Started...

<<<----  [OUT]
2020/10/30 18:01:22:088

I can't connect with the passive [192.168.100.113/5000] error_code:10061 !

<<<----  [OUT]
2020/10/30 18:01:24:574

Connecting Started...

<<<----  [OUT]
2020/10/30 18:01:26:622

I can't connect with the passive [192.168.100.113/5000] error_code:10061 !

<<<----  [OUT]
2020/10/30 18:01:29:104

Connecting Started...

<<<----  [OUT]
2020/10/30 18:01:31:165

I can't connect with the passive [192.168.100.113/5000] error_code:10061 !

<<<----  [OUT]
2020/10/30 18:01:33:652

Connecting Started...

<<<----  [OUT]
2020/10/30 18:01:35:714

I can't connect with the passive [192.168.100.113/5000] error_code:10061 !

<<<----  [OUT]
2020/10/30 18:01:38:199

Connecting Started...

<<<----  [OUT]
2020/10/30 18:01:40:248

I can't connect with the passive [192.168.100.113/5000] error_code:10061 !

<<<----  [OUT]
2020/10/30 18:01:42:731

Connecting Started...

<<<----  [OUT]
2020/10/30 18:01:44:802

I can't connect with the passive [192.168.100.113/5000] error_code:10061 !

<<<----  [OUT]
2020/10/30 18:01:47:292

Connecting Started...

<<<----  [OUT]
2020/10/30 18:01:49:351

I can't connect with the passive [192.168.100.113/5000] error_code:10061 !

<<<----  [OUT]
2020/10/30 18:01:51:838

Connecting Started...

<<<----  [OUT]
2020/10/30 18:01:53:890

I can't connect with the passive [192.168.100.113/5000] error_code:10061 !

<<<----  [OUT]
2020/10/30 18:01:56:370

Connecting Started...

<<<----  [OUT]
2020/10/30 18:01:58:427

I can't connect with the passive [192.168.100.113/5000] error_code:10061 !

<<<----  [OUT]
2020/10/30 18:02:00:917

Connecting Started...

<<<----  [OUT]
2020/10/30 18:02:02:971

I can't connect with the passive [192.168.100.113/5000] error_code:10061 !

<<<----  [OUT]
2020/10/30 18:02:05:448

Connecting Started...

<<<----  [OUT]
2020/10/30 18:02:07:485

I can't connect with the passive [192.168.100.113/5000] error_code:10061 !

<<<----  [OUT]
2020/10/30 18:02:09:965

Connecting Started...

<<<----  [OUT]
2020/10/30 18:02:12:023

I can't connect with the passive [192.168.100.113/5000] error_code:10061 !

<<<----  [OUT]
2020/10/30 18:02:14:512

Connecting Started...

<<<----  [OUT]
2020/10/30 18:02:16:568

I can't connect with the passive [192.168.100.113/5000] error_code:10061 !

<<<----  [OUT]
2020/10/30 18:02:19:057

Connecting Started...

<<<----  [OUT]
2020/10/30 18:02:21:118

I can't connect with the passive [192.168.100.113/5000] error_code:10061 !

<<<----  [OUT]
2020/10/30 18:02:23:605

Connecting Started...

<<<----  [OUT]
2020/10/30 18:02:25:646

I can't connect with the passive [192.168.100.113/5000] error_code:10061 !

<<<----  [OUT]
2020/10/30 18:02:28:136

Connecting Started...

<<<----  [OUT]
2020/10/30 18:02:30:189

I can't connect with the passive [192.168.100.113/5000] error_code:10061 !

<<<----  [OUT]
2020/10/30 18:02:32:668

Connecting Started...

<<<----  [OUT]
2020/10/30 18:02:34:720

I can't connect with the passive [192.168.100.113/5000] error_code:10061 !

<<<----  [OUT]
2020/10/30 18:02:37:199

Connecting Started...

<<<----  [OUT]
2020/10/30 18:02:39:248

I can't connect with the passive [192.168.100.113/5000] error_code:10061 !

<<<----  [OUT]
2020/10/30 18:02:41:729

Connecting Started...

<<<----  [OUT]
2020/10/30 18:02:43:776

I can't connect with the passive [192.168.100.113/5000] error_code:10061 !

<<<----  [OUT]
2020/10/30 18:02:46:262

Connecting Started...

<<<----  [OUT]
2020/10/30 18:02:48:320

I can't connect with the passive [192.168.100.113/5000] error_code:10061 !

<<<----  [OUT]
2020/10/30 18:02:50:809

Connecting Started...

<<<----  [OUT]
2020/10/30 18:02:52:853

I can't connect with the passive [192.168.100.113/5000] error_code:10061 !

<<<----  [OUT]
2020/10/30 18:02:55:339

Connecting Started...

<<<----  [OUT]
2020/10/30 18:02:57:382

I can't connect with the passive [192.168.100.113/5000] error_code:10061 !

<<<----  [OUT]
2020/10/30 18:02:59:871

Connecting Started...

<<<----  [OUT]
2020/10/30 18:03:01:922

I can't connect with the passive [192.168.100.113/5000] error_code:10061 !

<<<----  [OUT]
2020/10/30 18:03:04:401

Connecting Started...

<<<----  [OUT]
2020/10/30 18:03:06:448

I can't connect with the passive [192.168.100.113/5000] error_code:10061 !

<<<----  [OUT]
2020/10/30 18:03:08:933

Connecting Started...

<<<----  [OUT]
2020/10/30 18:03:10:989

I can't connect with the passive [192.168.100.113/5000] error_code:10061 !

<<<----  [OUT]
2020/10/30 18:03:13:480

Connecting Started...

<<<----  [OUT]
2020/10/30 18:03:15:528

I can't connect with the passive [192.168.100.113/5000] error_code:10061 !

<<<----  [OUT]
2020/10/30 18:03:18:010

Connecting Started...

<<<----  [OUT]
2020/10/30 18:03:20:047

I can't connect with the passive [192.168.100.113/5000] error_code:10061 !

<<<----  [OUT]
2020/10/30 18:03:22:527

Connecting Started...

<<<----  [OUT]
2020/10/30 18:03:24:578

I can't connect with the passive [192.168.100.113/5000] error_code:10061 !

<<<----  [OUT]
2020/10/30 18:03:27:058

Connecting Started...

<<<----  [OUT]
2020/10/30 18:03:29:099

I can't connect with the passive [192.168.100.113/5000] error_code:10061 !

<<<----  [OUT]
2020/10/30 18:03:31:590

Connecting Started...

<<<----  [OUT]
2020/10/30 18:03:33:648

I can't connect with the passive [192.168.100.113/5000] error_code:10061 !

<<<----  [OUT]
2020/10/30 18:03:36:136

Connecting Started...

<<<----  [OUT]
2020/10/30 18:03:38:190

I can't connect with the passive [192.168.100.113/5000] error_code:10061 !

<<<----  [OUT]
2020/10/30 18:03:40:667

Connecting Started...

<<<----  [OUT]
2020/10/30 18:03:42:698

I can't connect with the passive [192.168.100.113/5000] error_code:10061 !

<<<----  [OUT]
2020/10/30 18:03:45:182

Connecting Started...

<<<----  [OUT]
2020/10/30 18:03:47:219

I can't connect with the passive [192.168.100.113/5000] error_code:10061 !

<<<----  [OUT]
2020/10/30 18:03:49:698

Connecting Started...

<<<----  [OUT]
2020/10/30 18:03:51:748

I can't connect with the passive [192.168.100.113/5000] error_code:10061 !

<<<----  [OUT]
2020/10/30 18:03:54:229

Connecting Started...

<<<----  [OUT]
2020/10/30 18:03:56:280

I can't connect with the passive [192.168.100.113/5000] error_code:10061 !

<<<----  [OUT]
2020/10/30 18:03:58:761

Connecting Started...

<<<----  [OUT]
2020/10/30 18:04:00:805

I can't connect with the passive [192.168.100.113/5000] error_code:10061 !

<<<----  [OUT]
2020/10/30 18:04:03:292

Connecting Started...

<<<----  [OUT]
2020/10/30 18:04:05:331

I can't connect with the passive [192.168.100.113/5000] error_code:10061 !

<<<----  [OUT]
2020/10/30 18:04:07:809

Connecting Started...

<<<----  [OUT]
2020/10/30 18:04:09:852

I can't connect with the passive [192.168.100.113/5000] error_code:10061 !

<<<----  [OUT]
2020/10/30 18:04:12:340

Connecting Started...

<<<----  [OUT]
2020/10/30 18:04:14:389

I can't connect with the passive [192.168.100.113/5000] error_code:10061 !

<<<----  [OUT]
2020/10/30 18:04:16:870

Connecting Started...

<<<----  [OUT]
2020/10/30 18:04:18:912

I can't connect with the passive [192.168.100.113/5000] error_code:10061 !

<<<----  [OUT]
2020/10/30 18:04:21:402

Connecting Started...

<<<----  [OUT]
2020/10/30 18:08:52:793

---------------------------------------------------------------------
// FA : Start Log ...


<<<----  [OUT]
2020/10/30 18:08:52:797

//-------------------------------------------------------------
Property Information

   Driver Type [HSMS]
   Driver Mode [ACTIVE]
   IP    [192.168.100.113]
   Port  [5000]
//-------------------------------------------------------------


<<<----  [OUT]
2020/10/30 18:08:53:399

Auto-Start Started ... (Active)

<<<----  [OUT]
2020/10/30 18:08:53:490

Auto-Start Started ...  Waiting Stop-Connection.

<<<----  [OUT]
2020/10/30 18:08:53:490

Auto-Start Started ...  Waiting Open-Socket.

<<<----  [OUT]
2020/10/30 18:08:53:519

Socket Open Started...

<<<----  [OUT]
2020/10/30 18:08:53:519

Socket Open Completed...

<<<----  [OUT]
2020/10/30 18:08:53:519

Connecting Started...

<<<----  [OUT]
2020/10/30 18:08:53:580

Auto-Start Completed ...  (Active)

<<<----  [OUT]
2020/10/30 18:08:55:603

I can't connect with the passive [192.168.100.113/5000] error_code:10061 !

<<<----  [OUT]
2020/10/30 18:08:58:088

Connecting Started...

<<<----  [OUT]
2020/10/30 18:09:00:148

I can't connect with the passive [192.168.100.113/5000] error_code:10061 !

<<<----  [OUT]
2020/10/30 18:09:02:635

Connecting Started...

<<<----  [OUT]
2020/10/30 18:09:04:703

I can't connect with the passive [192.168.100.113/5000] error_code:10061 !

<<<----  [OUT]
2020/10/30 18:09:07:182

Connecting Started...

<<<----  [OUT]
2020/10/30 18:09:09:246

I can't connect with the passive [192.168.100.113/5000] error_code:10061 !

<<<----  [OUT]
2020/10/30 18:09:11:730

Connecting Started...

<<<----  [OUT]
2020/10/30 18:09:13:788

I can't connect with the passive [192.168.100.113/5000] error_code:10061 !

<<<----  [OUT]
2020/10/30 18:09:16:278

Connecting Started...

<<<----  [OUT]
2020/10/30 18:09:18:324

I can't connect with the passive [192.168.100.113/5000] error_code:10061 !

<<<----  [OUT]
2020/10/30 18:09:20:808

Connecting Started...

<<<----  [OUT]
2020/10/30 18:09:22:858

I can't connect with the passive [192.168.100.113/5000] error_code:10061 !

<<<----  [OUT]
2020/10/30 18:09:25:338

Connecting Started...

<<<----  [OUT]
2020/10/30 18:09:27:393

I can't connect with the passive [192.168.100.113/5000] error_code:10061 !

<<<----  [OUT]
2020/10/30 18:09:29:871

Connecting Started...

<<<----  [OUT]
2020/10/30 18:09:31:908

I can't connect with the passive [192.168.100.113/5000] error_code:10061 !

<<<----  [OUT]
2020/10/30 18:09:34:386

Connecting Started...

<<<----  [OUT]
2020/10/30 18:09:36:447

I can't connect with the passive [192.168.100.113/5000] error_code:10061 !

<<<----  [OUT]
2020/10/30 18:09:38:933

Connecting Started...

<<<----  [OUT]
2020/10/30 18:09:40:990

I can't connect with the passive [192.168.100.113/5000] error_code:10061 !

<<<----  [OUT]
2020/10/30 18:09:43:480

Connecting Started...

<<<----  [OUT]
2020/10/30 18:09:45:534

I can't connect with the passive [192.168.100.113/5000] error_code:10061 !

<<<----  [OUT]
2020/10/30 18:09:48:011

Connecting Started...

<<<----  [OUT]
2020/10/30 18:09:50:063

I can't connect with the passive [192.168.100.113/5000] error_code:10061 !

<<<----  [OUT]
2020/10/30 18:09:52:543

Connecting Started...

<<<----  [OUT]
2020/10/30 18:09:54:600

I can't connect with the passive [192.168.100.113/5000] error_code:10061 !

<<<----  [OUT]
2020/10/30 18:09:57:090

Connecting Started...

<<<----  [OUT]
2020/10/30 18:09:59:155

I can't connect with the passive [192.168.100.113/5000] error_code:10061 !

<<<----  [OUT]
2020/10/30 18:10:01:635

Connecting Started...

<<<----  [OUT]
2020/10/30 18:10:03:666

I can't connect with the passive [192.168.100.113/5000] error_code:10061 !

<<<----  [OUT]
2020/10/30 18:10:06:152

Connecting Started...

<<<----  [OUT]
2020/10/30 18:10:08:189

I can't connect with the passive [192.168.100.113/5000] error_code:10061 !

<<<----  [OUT]
2020/10/30 18:10:10:667

Connecting Started...

<<<----  [OUT]
2020/10/30 18:10:12:720

I can't connect with the passive [192.168.100.113/5000] error_code:10061 !

<<<----  [OUT]
2020/10/30 18:10:15:198

Connecting Started...

<<<----  [OUT]
2020/10/30 18:10:17:254

I can't connect with the passive [192.168.100.113/5000] error_code:10061 !

<<<----  [OUT]
2020/10/30 18:10:19:730

Connecting Started...

<<<----  [OUT]
2020/10/30 18:10:21:757

I can't connect with the passive [192.168.100.113/5000] error_code:10061 !

<<<----  [OUT]
2020/10/30 18:10:24:246

Connecting Started...

<<<----  [OUT]
2020/10/30 18:10:26:300

I can't connect with the passive [192.168.100.113/5000] error_code:10061 !

<<<----  [OUT]
2020/10/30 18:10:28:777

Connecting Started...

<<<----  [OUT]
2020/10/30 18:10:30:835

I can't connect with the passive [192.168.100.113/5000] error_code:10061 !

<<<----  [OUT]
2020/10/30 18:10:33:323

Connecting Started...

<<<----  [OUT]
2020/10/30 18:10:35:388

I can't connect with the passive [192.168.100.113/5000] error_code:10061 !

<<<----  [OUT]
2020/10/30 18:10:37:871

Connecting Started...

<<<----  [OUT]
2020/10/30 18:10:39:935

I can't connect with the passive [192.168.100.113/5000] error_code:10061 !

<<<----  [OUT]
2020/10/30 18:10:42:418

Connecting Started...

<<<----  [OUT]
2020/10/30 18:10:44:482

I can't connect with the passive [192.168.100.113/5000] error_code:10061 !

<<<----  [OUT]
2020/10/30 18:10:46:965

Connecting Started...

<<<----  [OUT]
2020/10/30 18:10:49:020

I can't connect with the passive [192.168.100.113/5000] error_code:10061 !

<<<----  [OUT]
2020/10/30 18:10:51:510

Connecting Started...

<<<----  [OUT]
2020/10/30 18:10:53:562

I can't connect with the passive [192.168.100.113/5000] error_code:10061 !

<<<----  [OUT]
2020/10/30 18:10:56:042

Connecting Started...

<<<----  [OUT]
2020/10/30 18:10:58:099

I can't connect with the passive [192.168.100.113/5000] error_code:10061 !

<<<----  [OUT]
2020/10/30 18:11:00:589

Connecting Started...

<<<----  [OUT]
2020/10/30 18:11:02:642

I can't connect with the passive [192.168.100.113/5000] error_code:10061 !

<<<----  [OUT]
2020/10/30 18:11:05:120

Connecting Started...

<<<----  [OUT]
2020/10/30 18:11:07:160

I can't connect with the passive [192.168.100.113/5000] error_code:10061 !

<<<----  [OUT]
2020/10/30 18:11:09:652

Connecting Started...

<<<----  [OUT]
2020/10/30 18:11:11:701

I can't connect with the passive [192.168.100.113/5000] error_code:10061 !

<<<----  [OUT]
2020/10/30 18:11:14:183

Connecting Started...

<<<----  [OUT]
2020/10/30 18:11:16:250

I can't connect with the passive [192.168.100.113/5000] error_code:10061 !

<<<----  [OUT]
2020/10/30 18:11:18:729

Connecting Started...

<<<----  [OUT]
2020/10/30 18:11:20:752

I can't connect with the passive [192.168.100.113/5000] error_code:10061 !

<<<----  [OUT]
2020/10/30 18:11:23:230

Connecting Started...

<<<----  [OUT]
2020/10/30 18:11:25:275

I can't connect with the passive [192.168.100.113/5000] error_code:10061 !

<<<----  [OUT]
2020/10/30 18:11:27:761

Connecting Started...

<<<----  [OUT]
2020/10/30 18:11:29:820

I can't connect with the passive [192.168.100.113/5000] error_code:10061 !

<<<----  [OUT]
2020/10/30 18:11:32:308

Connecting Started...

<<<----  [OUT]
2020/10/30 18:11:34:363

I can't connect with the passive [192.168.100.113/5000] error_code:10061 !

<<<----  [OUT]
2020/10/30 18:11:36:856

Connecting Started...

<<<----  [OUT]
2020/10/30 18:11:38:912

I can't connect with the passive [192.168.100.113/5000] error_code:10061 !

<<<----  [OUT]
2020/10/30 18:11:41:402

Connecting Started...

<<<----  [OUT]
2020/10/30 18:11:43:467

I can't connect with the passive [192.168.100.113/5000] error_code:10061 !

<<<----  [OUT]
2020/10/30 18:11:45:949

Connecting Started...

<<<----  [OUT]
2020/10/30 18:11:48:019

I can't connect with the passive [192.168.100.113/5000] error_code:10061 !

<<<----  [OUT]
2020/10/30 18:11:50:496

Connecting Started...

<<<----  [OUT]
2020/10/30 18:11:52:547

I can't connect with the passive [192.168.100.113/5000] error_code:10061 !

<<<----  [OUT]
2020/10/30 18:11:55:027

Connecting Started...

<<<----  [OUT]
2020/10/30 18:11:57:088

I can't connect with the passive [192.168.100.113/5000] error_code:10061 !

<<<----  [OUT]
2020/10/30 18:11:59:573

Connecting Started...

<<<----  [OUT]
2020/10/30 18:12:01:630

I can't connect with the passive [192.168.100.113/5000] error_code:10061 !

<<<----  [OUT]
2020/10/30 18:12:04:120

Connecting Started...

<<<----  [OUT]
2020/10/30 18:12:06:173

I can't connect with the passive [192.168.100.113/5000] error_code:10061 !

<<<----  [OUT]
2020/10/30 18:12:08:652

Connecting Started...

<<<----  [OUT]
2020/10/30 18:12:10:681

I can't connect with the passive [192.168.100.113/5000] error_code:10061 !

<<<----  [OUT]
2020/10/30 18:12:13:168

Connecting Started...

<<<----  [OUT]
2020/10/30 18:12:15:208

I can't connect with the passive [192.168.100.113/5000] error_code:10061 !

<<<----  [OUT]
2020/10/30 18:12:17:698

Connecting Started...

<<<----  [OUT]
2020/10/30 18:12:19:746

I can't connect with the passive [192.168.100.113/5000] error_code:10061 !

<<<----  [OUT]
2020/10/30 18:12:22:230

Connecting Started...

<<<----  [OUT]
2020/10/30 18:12:24:285

I can't connect with the passive [192.168.100.113/5000] error_code:10061 !

<<<----  [OUT]
2020/10/30 18:12:26:760

Connecting Started...

<<<----  [OUT]
2020/10/30 18:12:28:773

I can't connect with the passive [192.168.100.113/5000] error_code:10061 !

<<<----  [OUT]
2020/10/30 18:12:31:261

Connecting Started...

<<<----  [OUT]
2020/10/30 18:12:33:288

I can't connect with the passive [192.168.100.113/5000] error_code:10061 !

<<<----  [OUT]
2020/10/30 18:12:35:776

Connecting Started...

<<<----  [OUT]
2020/10/30 18:12:37:839

I can't connect with the passive [192.168.100.113/5000] error_code:10061 !

<<<----  [OUT]
2020/10/30 18:12:40:323

Connecting Started...

<<<----  [OUT]
2020/10/30 18:12:42:404

I can't connect with the passive [192.168.100.113/5000] error_code:10061 !

<<<----  [OUT]
2020/10/30 18:12:44:886

Connecting Started...

<<<----  [OUT]
2020/10/30 18:12:46:941

I can't connect with the passive [192.168.100.113/5000] error_code:10061 !

<<<----  [OUT]
2020/10/30 18:12:49:434

Connecting Started...

<<<----  [OUT]
2020/10/30 18:12:51:477

I can't connect with the passive [192.168.100.113/5000] error_code:10061 !

<<<----  [OUT]
2020/10/30 18:12:53:963

Connecting Started...

<<<----  [OUT]
2020/10/30 18:12:56:021

I can't connect with the passive [192.168.100.113/5000] error_code:10061 !

<<<----  [OUT]
2020/10/30 18:12:58:510

Connecting Started...

<<<----  [OUT]
2020/10/30 18:13:00:578

I can't connect with the passive [192.168.100.113/5000] error_code:10061 !

<<<----  [OUT]
2020/10/30 18:13:03:057

Connecting Started...

<<<----  [OUT]
2020/10/30 18:13:05:121

I can't connect with the passive [192.168.100.113/5000] error_code:10061 !

<<<----  [OUT]
2020/10/30 18:13:07:605

Connecting Started...

<<<----  [OUT]
2020/10/30 18:13:09:657

I can't connect with the passive [192.168.100.113/5000] error_code:10061 !

<<<----  [OUT]
2020/10/30 18:13:12:135

Connecting Started...

<<<----  [OUT]
2020/10/30 18:13:14:192

I can't connect with the passive [192.168.100.113/5000] error_code:10061 !

<<<----  [OUT]
2020/10/30 18:13:16:683

Connecting Started...

<<<----  [OUT]
2020/10/30 18:13:18:729

I can't connect with the passive [192.168.100.113/5000] error_code:10061 !

<<<----  [OUT]
2020/10/30 18:13:21:214

Connecting Started...

<<<----  [OUT]
2020/10/30 18:13:23:260

I can't connect with the passive [192.168.100.113/5000] error_code:10061 !

<<<----  [OUT]
2020/10/30 18:13:25:745

Connecting Started...

<<<----  [OUT]
2020/10/30 18:13:27:817

I can't connect with the passive [192.168.100.113/5000] error_code:10061 !

<<<----  [OUT]
2020/10/30 18:13:30:309

Connecting Started...

<<<----  [OUT]
2020/10/30 18:13:32:367

I can't connect with the passive [192.168.100.113/5000] error_code:10061 !

<<<----  [OUT]
2020/10/30 18:13:34:854

Connecting Started...

<<<----  [OUT]
2020/10/30 18:13:36:894

I can't connect with the passive [192.168.100.113/5000] error_code:10061 !

<<<----  [OUT]
2020/10/30 18:13:39:370

Connecting Started...

<<<----  [OUT]
2020/10/30 18:13:41:426

I can't connect with the passive [192.168.100.113/5000] error_code:10061 !

<<<----  [OUT]
2020/10/30 18:13:43:902

Connecting Started...

<<<----  [OUT]
2020/10/30 18:13:45:969

I can't connect with the passive [192.168.100.113/5000] error_code:10061 !

<<<----  [OUT]
2020/10/30 18:13:48:448

Connecting Started...

<<<----  [OUT]
2020/10/30 18:13:50:510

I can't connect with the passive [192.168.100.113/5000] error_code:10061 !

<<<----  [OUT]
2020/10/30 18:13:52:996

Connecting Started...

<<<----  [OUT]
2020/10/30 18:13:55:070

I can't connect with the passive [192.168.100.113/5000] error_code:10061 !

<<<----  [OUT]
2020/10/30 18:13:57:558

Connecting Started...

<<<----  [OUT]
2020/10/30 18:13:59:610

I can't connect with the passive [192.168.100.113/5000] error_code:10061 !

<<<----  [OUT]
2020/10/30 18:14:02:088

Connecting Started...

<<<----  [OUT]
2020/10/30 18:14:04:122

I can't connect with the passive [192.168.100.113/5000] error_code:10061 !

<<<----  [OUT]
2020/10/30 18:14:06:604

Connecting Started...

<<<----  [OUT]
2020/10/30 18:14:08:646

I can't connect with the passive [192.168.100.113/5000] error_code:10061 !

<<<----  [OUT]
2020/10/30 18:14:11:135

Connecting Started...

<<<----  [OUT]
2020/10/30 18:14:13:189

I can't connect with the passive [192.168.100.113/5000] error_code:10061 !

<<<----  [OUT]
2020/10/30 18:14:15:667

Connecting Started...

<<<----  [OUT]
2020/10/30 18:14:17:690

I can't connect with the passive [192.168.100.113/5000] error_code:10061 !

<<<----  [OUT]
2020/10/30 18:14:20:168

Connecting Started...

<<<----  [OUT]
2020/10/30 18:14:22:209

I can't connect with the passive [192.168.100.113/5000] error_code:10061 !

<<<----  [OUT]
2020/10/30 18:14:24:699

Connecting Started...

<<<----  [OUT]
2020/10/30 18:14:26:753

I can't connect with the passive [192.168.100.113/5000] error_code:10061 !

<<<----  [OUT]
2020/10/30 18:14:29:231

Connecting Started...

<<<----  [OUT]
2020/10/30 18:14:31:281

I can't connect with the passive [192.168.100.113/5000] error_code:10061 !

<<<----  [OUT]
2020/10/30 18:14:33:761

Connecting Started...

<<<----  [OUT]
2020/10/30 18:14:35:799

I can't connect with the passive [192.168.100.113/5000] error_code:10061 !

<<<----  [OUT]
2020/10/30 18:14:38:277

Connecting Started...

<<<----  [OUT]
2020/10/30 18:14:40:310

I can't connect with the passive [192.168.100.113/5000] error_code:10061 !

<<<----  [OUT]
2020/10/30 18:14:42:793

Connecting Started...

<<<----  [OUT]
2020/10/30 18:14:44:837

I can't connect with the passive [192.168.100.113/5000] error_code:10061 !

<<<----  [OUT]
2020/10/30 18:14:47:324

Connecting Started...

<<<----  [OUT]
2020/10/30 18:14:49:358

I can't connect with the passive [192.168.100.113/5000] error_code:10061 !

<<<----  [OUT]
2020/10/30 18:14:51:838

Connecting Started...

<<<----  [OUT]
2020/10/30 18:14:53:869

I can't connect with the passive [192.168.100.113/5000] error_code:10061 !

<<<----  [OUT]
2020/10/30 18:14:56:354

Connecting Started...

<<<----  [OUT]
2020/10/30 18:14:58:402

I can't connect with the passive [192.168.100.113/5000] error_code:10061 !

<<<----  [OUT]
2020/10/30 18:15:00:886

Connecting Started...

<<<----  [OUT]
2020/10/30 18:15:02:916

I can't connect with the passive [192.168.100.113/5000] error_code:10061 !

<<<----  [OUT]
2020/10/30 18:15:05:402

Connecting Started...

<<<----  [OUT]
2020/10/30 18:15:07:454

I can't connect with the passive [192.168.100.113/5000] error_code:10061 !

<<<----  [OUT]
2020/10/30 18:15:09:933

Connecting Started...

<<<----  [OUT]
2020/10/30 18:15:11:975

I can't connect with the passive [192.168.100.113/5000] error_code:10061 !

<<<----  [OUT]
2020/10/30 18:15:14:463

Connecting Started...

<<<----  [OUT]
2020/10/30 18:15:16:498

I can't connect with the passive [192.168.100.113/5000] error_code:10061 !

<<<----  [OUT]
2020/10/30 18:15:18:980

Connecting Started...

<<<----  [OUT]
2020/10/30 18:15:21:015

I can't connect with the passive [192.168.100.113/5000] error_code:10061 !

<<<----  [OUT]
2020/10/30 18:15:23:496

Connecting Started...

<<<----  [OUT]
2020/10/30 18:15:25:537

I can't connect with the passive [192.168.100.113/5000] error_code:10061 !

<<<----  [OUT]
2020/10/30 18:15:28:027

Connecting Started...

<<<----  [OUT]
2020/10/30 18:15:30:075

I can't connect with the passive [192.168.100.113/5000] error_code:10061 !

<<<----  [OUT]
2020/10/30 18:15:32:557

Connecting Started...

<<<----  [OUT]
2020/10/30 18:15:34:585

I can't connect with the passive [192.168.100.113/5000] error_code:10061 !

<<<----  [OUT]
2020/10/30 18:15:37:074

Connecting Started...

<<<----  [OUT]
2020/10/30 18:15:39:107

I can't connect with the passive [192.168.100.113/5000] error_code:10061 !

<<<----  [OUT]
2020/10/30 18:15:41:590

Connecting Started...

<<<----  [OUT]
2020/10/30 18:15:43:642

I can't connect with the passive [192.168.100.113/5000] error_code:10061 !

<<<----  [OUT]
2020/10/30 18:15:46:120

Connecting Started...

<<<----  [OUT]
2020/10/30 18:15:48:170

I can't connect with the passive [192.168.100.113/5000] error_code:10061 !

<<<----  [OUT]
2020/10/30 18:15:50:652

Connecting Started...

<<<----  [OUT]
2020/10/30 18:15:52:689

I can't connect with the passive [192.168.100.113/5000] error_code:10061 !

<<<----  [OUT]
2020/10/30 18:15:55:168

Connecting Started...

<<<----  [OUT]
2020/10/30 18:15:57:218

I can't connect with the passive [192.168.100.113/5000] error_code:10061 !

<<<----  [OUT]
2020/10/30 18:15:59:699

Connecting Started...

<<<----  [OUT]
2020/10/30 18:16:01:735

I can't connect with the passive [192.168.100.113/5000] error_code:10061 !

<<<----  [OUT]
2020/10/30 18:16:04:214

Connecting Started...

<<<----  [OUT]
2020/10/30 18:16:06:258

I can't connect with the passive [192.168.100.113/5000] error_code:10061 !

<<<----  [OUT]
2020/10/30 18:16:08:746

Connecting Started...

<<<----  [OUT]
2020/10/30 18:16:10:797

I can't connect with the passive [192.168.100.113/5000] error_code:10061 !

<<<----  [OUT]
2020/10/30 18:16:13:276

Connecting Started...

<<<----  [OUT]
2020/10/30 18:16:15:315

I can't connect with the passive [192.168.100.113/5000] error_code:10061 !

<<<----  [OUT]
2020/10/30 18:16:17:793

Connecting Started...

<<<----  [OUT]
2020/10/30 18:16:19:836

I can't connect with the passive [192.168.100.113/5000] error_code:10061 !

<<<----  [OUT]
2020/10/30 18:16:22:323

Connecting Started...

<<<----  [OUT]
2020/10/30 18:16:24:381

I can't connect with the passive [192.168.100.113/5000] error_code:10061 !

<<<----  [OUT]
2020/10/30 18:16:26:870

Connecting Started...

<<<----  [OUT]
2020/10/30 18:16:28:923

I can't connect with the passive [192.168.100.113/5000] error_code:10061 !

<<<----  [OUT]
2020/10/30 18:16:31:402

Connecting Started...

<<<----  [OUT]
2020/10/30 18:16:33:457

I can't connect with the passive [192.168.100.113/5000] error_code:10061 !

<<<----  [OUT]
2020/10/30 18:16:35:948

Connecting Started...

<<<----  [OUT]
2020/10/30 18:16:37:998

I can't connect with the passive [192.168.100.113/5000] error_code:10061 !

<<<----  [OUT]
2020/10/30 18:16:40:480

Connecting Started...

<<<----  [OUT]
2020/10/30 18:16:42:529

I can't connect with the passive [192.168.100.113/5000] error_code:10061 !

<<<----  [OUT]
2020/10/30 18:16:45:011

Connecting Started...

<<<----  [OUT]
2020/10/30 18:16:47:063

I can't connect with the passive [192.168.100.113/5000] error_code:10061 !

<<<----  [OUT]
2020/10/30 18:16:49:542

Connecting Started...

<<<----  [OUT]
2020/10/30 18:16:51:607

I can't connect with the passive [192.168.100.113/5000] error_code:10061 !

<<<----  [OUT]
2020/10/30 18:16:54:090

Connecting Started...

<<<----  [OUT]
2020/10/30 18:16:56:148

I can't connect with the passive [192.168.100.113/5000] error_code:10061 !

<<<----  [OUT]
2020/10/30 18:16:58:637

Connecting Started...

<<<----  [OUT]
2020/10/30 18:17:00:706

I can't connect with the passive [192.168.100.113/5000] error_code:10061 !

<<<----  [OUT]
2020/10/30 18:17:03:183

Connecting Started...

<<<----  [OUT]
2020/10/30 18:17:05:248

I can't connect with the passive [192.168.100.113/5000] error_code:10061 !

<<<----  [OUT]
2020/10/30 18:17:07:730

Connecting Started...

<<<----  [OUT]
2020/10/30 18:17:09:787

I can't connect with the passive [192.168.100.113/5000] error_code:10061 !

<<<----  [OUT]
2020/10/30 18:17:12:277

Connecting Started...

<<<----  [OUT]
2020/10/30 18:17:14:323

I can't connect with the passive [192.168.100.113/5000] error_code:10061 !

<<<----  [OUT]
2020/10/30 18:17:16:807

Connecting Started...

<<<----  [OUT]
2020/10/30 18:17:18:872

I can't connect with the passive [192.168.100.113/5000] error_code:10061 !

<<<----  [OUT]
2020/10/30 18:17:21:355

Connecting Started...

<<<----  [OUT]
2020/10/30 18:17:23:403

I can't connect with the passive [192.168.100.113/5000] error_code:10061 !

<<<----  [OUT]
2020/10/30 18:17:25:886

Connecting Started...

<<<----  [OUT]
2020/10/30 18:17:27:945

I can't connect with the passive [192.168.100.113/5000] error_code:10061 !

<<<----  [OUT]
2020/10/30 18:17:30:433

Connecting Started...

<<<----  [OUT]
2020/10/30 18:17:32:495

I can't connect with the passive [192.168.100.113/5000] error_code:10061 !

<<<----  [OUT]
2020/10/30 18:17:34:981

Connecting Started...

<<<----  [OUT]
2020/10/30 18:17:37:025

I can't connect with the passive [192.168.100.113/5000] error_code:10061 !

<<<----  [OUT]
2020/10/30 18:17:39:512

Connecting Started...

<<<----  [OUT]
2020/10/30 18:17:41:565

I can't connect with the passive [192.168.100.113/5000] error_code:10061 !

<<<----  [OUT]
2020/10/30 18:17:44:042

Connecting Started...

<<<----  [OUT]
2020/10/30 18:17:46:103

I can't connect with the passive [192.168.100.113/5000] error_code:10061 !

<<<----  [OUT]
2020/10/30 18:17:48:589

Connecting Started...

<<<----  [OUT]
2020/10/30 18:17:50:648

I can't connect with the passive [192.168.100.113/5000] error_code:10061 !

<<<----  [OUT]
2020/10/30 18:17:53:136

Connecting Started...

<<<----  [OUT]
2020/10/30 18:17:55:203

I can't connect with the passive [192.168.100.113/5000] error_code:10061 !

<<<----  [OUT]
2020/10/30 18:17:57:683

Connecting Started...

<<<----  [OUT]
2020/10/30 18:17:59:741

I can't connect with the passive [192.168.100.113/5000] error_code:10061 !

<<<----  [OUT]
2020/10/30 18:18:02:229

Connecting Started...

<<<----  [OUT]
2020/10/30 18:18:04:281

I can't connect with the passive [192.168.100.113/5000] error_code:10061 !

<<<----  [OUT]
2020/10/30 18:18:06:761

Connecting Started...

<<<----  [OUT]
2020/10/30 18:18:08:800

I can't connect with the passive [192.168.100.113/5000] error_code:10061 !

<<<----  [OUT]
2020/10/30 18:18:11:277

Connecting Started...

<<<----  [OUT]
2020/10/30 18:18:13:329

I can't connect with the passive [192.168.100.113/5000] error_code:10061 !

<<<----  [OUT]
2020/10/30 18:18:15:808

Connecting Started...

<<<----  [OUT]
2020/10/30 18:18:17:873

I can't connect with the passive [192.168.100.113/5000] error_code:10061 !

<<<----  [OUT]
2020/10/30 18:18:20:355

Connecting Started...

<<<----  [OUT]
2020/10/30 18:18:22:405

I can't connect with the passive [192.168.100.113/5000] error_code:10061 !

<<<----  [OUT]
2020/10/30 18:18:24:885

Connecting Started...

<<<----  [OUT]
2020/10/30 18:18:26:938

I can't connect with the passive [192.168.100.113/5000] error_code:10061 !

<<<----  [OUT]
2020/10/30 18:18:29:416

Connecting Started...

<<<----  [OUT]
2020/10/30 18:18:31:475

I can't connect with the passive [192.168.100.113/5000] error_code:10061 !

<<<----  [OUT]
2020/10/30 18:18:33:964

Connecting Started...

<<<----  [OUT]
2020/10/30 18:18:36:026

I can't connect with the passive [192.168.100.113/5000] error_code:10061 !

<<<----  [OUT]
2020/10/30 18:18:38:512

Connecting Started...

<<<----  [OUT]
2020/10/30 18:18:40:578

I can't connect with the passive [192.168.100.113/5000] error_code:10061 !

<<<----  [OUT]
2020/10/30 18:18:43:059

Connecting Started...

<<<----  [OUT]
2020/10/30 18:18:45:133

I can't connect with the passive [192.168.100.113/5000] error_code:10061 !

<<<----  [OUT]
2020/10/30 18:18:47:621

Connecting Started...

<<<----  [OUT]
2020/10/30 18:18:49:667

I can't connect with the passive [192.168.100.113/5000] error_code:10061 !

<<<----  [OUT]
2020/10/30 18:18:52:153

Connecting Started...

<<<----  [OUT]
2020/10/30 18:18:54:206

I can't connect with the passive [192.168.100.113/5000] error_code:10061 !

<<<----  [OUT]
2020/10/30 18:18:56:682

Connecting Started...

<<<----  [OUT]
2020/10/30 18:18:58:738

I can't connect with the passive [192.168.100.113/5000] error_code:10061 !

<<<----  [OUT]
2020/10/30 18:19:01:214

Connecting Started...

<<<----  [OUT]
2020/10/30 18:19:03:262

I can't connect with the passive [192.168.100.113/5000] error_code:10061 !

<<<----  [OUT]
2020/10/30 18:19:05:745

Connecting Started...

<<<----  [OUT]
2020/10/30 18:19:07:803

I can't connect with the passive [192.168.100.113/5000] error_code:10061 !

<<<----  [OUT]
2020/10/30 18:19:10:293

Connecting Started...

<<<----  [OUT]
2020/10/30 18:19:12:347

I can't connect with the passive [192.168.100.113/5000] error_code:10061 !

<<<----  [OUT]
2020/10/30 18:19:14:824

Connecting Started...

<<<----  [OUT]
2020/10/30 18:19:16:895

I can't connect with the passive [192.168.100.113/5000] error_code:10061 !

<<<----  [OUT]
2020/10/30 18:19:19:386

Connecting Started...

<<<----  [OUT]
2020/10/30 18:19:21:420

I can't connect with the passive [192.168.100.113/5000] error_code:10061 !

<<<----  [OUT]
2020/10/30 18:19:23:903

Connecting Started...

<<<----  [OUT]
2020/10/30 18:19:25:955

I can't connect with the passive [192.168.100.113/5000] error_code:10061 !

<<<----  [OUT]
2020/10/30 18:19:28:434

Connecting Started...

<<<----  [OUT]
2020/10/30 18:19:30:493

I can't connect with the passive [192.168.100.113/5000] error_code:10061 !

<<<----  [OUT]
2020/10/30 18:19:32:979

Connecting Started...

<<<----  [OUT]
2020/10/30 18:19:35:050

I can't connect with the passive [192.168.100.113/5000] error_code:10061 !

<<<----  [OUT]
2020/10/30 18:19:37:527

Connecting Started...

<<<----  [OUT]
2020/10/30 18:19:39:581

I can't connect with the passive [192.168.100.113/5000] error_code:10061 !

<<<----  [OUT]
2020/10/30 18:19:42:058

Connecting Started...

<<<----  [OUT]
2020/10/30 18:19:44:115

I can't connect with the passive [192.168.100.113/5000] error_code:10061 !

<<<----  [OUT]
2020/10/30 18:19:46:604

Connecting Started...

<<<----  [OUT]
2020/10/30 18:19:48:665

I can't connect with the passive [192.168.100.113/5000] error_code:10061 !

<<<----  [OUT]
2020/10/30 18:19:51:151

Connecting Started...

<<<----  [OUT]
2020/10/30 18:19:53:188

I can't connect with the passive [192.168.100.113/5000] error_code:10061 !

<<<----  [OUT]
2020/10/30 18:19:55:668

Connecting Started...

<<<----  [OUT]
2020/10/30 18:19:57:727

I can't connect with the passive [192.168.100.113/5000] error_code:10061 !

<<<----  [OUT]
2020/10/30 18:20:00:214

Connecting Started...

<<<----  [OUT]
2020/10/30 18:20:02:260

I can't connect with the passive [192.168.100.113/5000] error_code:10061 !

<<<----  [OUT]
2020/10/30 18:20:04:744

Connecting Started...

<<<----  [OUT]
2020/10/30 18:20:06:778

I can't connect with the passive [192.168.100.113/5000] error_code:10061 !

<<<----  [OUT]
2020/10/30 18:20:09:261

Connecting Started...

<<<----  [OUT]
2020/10/30 18:20:11:306

I can't connect with the passive [192.168.100.113/5000] error_code:10061 !

<<<----  [OUT]
2020/10/30 18:20:13:792

Connecting Started...

<<<----  [OUT]
2020/10/30 18:20:15:854

I can't connect with the passive [192.168.100.113/5000] error_code:10061 !

<<<----  [OUT]
2020/10/30 18:20:18:340

Connecting Started...

<<<----  [OUT]
2020/10/30 18:20:20:399

I can't connect with the passive [192.168.100.113/5000] error_code:10061 !

<<<----  [OUT]
2020/10/30 18:20:22:886

Connecting Started...

<<<----  [OUT]
2020/10/30 18:20:24:919

I can't connect with the passive [192.168.100.113/5000] error_code:10061 !

<<<----  [OUT]
2020/10/30 18:20:27:401

Connecting Started...

<<<----  [OUT]
2020/10/30 18:20:29:448

I can't connect with the passive [192.168.100.113/5000] error_code:10061 !

<<<----  [OUT]
2020/10/30 18:20:31:934

Connecting Started...

<<<----  [OUT]
2020/10/30 18:20:34:003

I can't connect with the passive [192.168.100.113/5000] error_code:10061 !

<<<----  [OUT]
2020/10/30 18:20:36:481

Connecting Started...

<<<----  [OUT]
2020/10/30 18:20:38:521

I can't connect with the passive [192.168.100.113/5000] error_code:10061 !

<<<----  [OUT]
2020/10/30 18:20:41:012

Connecting Started...

<<<----  [OUT]
2020/10/30 18:20:43:071

I can't connect with the passive [192.168.100.113/5000] error_code:10061 !

<<<----  [OUT]
2020/10/30 18:20:45:557

Connecting Started...

<<<----  [OUT]
2020/10/30 18:20:47:610

I can't connect with the passive [192.168.100.113/5000] error_code:10061 !

<<<----  [OUT]
2020/10/30 18:20:50:088

Connecting Started...

<<<----  [OUT]
2020/10/30 18:20:52:133

I can't connect with the passive [192.168.100.113/5000] error_code:10061 !

<<<----  [OUT]
2020/10/30 18:20:54:620

Connecting Started...

<<<----  [OUT]
2020/10/30 18:20:56:663

I can't connect with the passive [192.168.100.113/5000] error_code:10061 !

<<<----  [OUT]
2020/10/30 18:20:59:151

Connecting Started...

<<<----  [OUT]
2020/10/30 18:21:01:219

I can't connect with the passive [192.168.100.113/5000] error_code:10061 !

<<<----  [OUT]
2020/10/30 18:22:45:973

---------------------------------------------------------------------
// FA : Start Log ...


<<<----  [OUT]
2020/10/30 18:22:45:976

//-------------------------------------------------------------
Property Information

   Driver Type [HSMS]
   Driver Mode [ACTIVE]
   IP    [192.168.100.113]
   Port  [5000]
//-------------------------------------------------------------


<<<----  [OUT]
2020/10/30 18:22:46:577

Auto-Start Started ... (Active)

<<<----  [OUT]
2020/10/30 18:22:46:668

Auto-Start Started ...  Waiting Stop-Connection.

<<<----  [OUT]
2020/10/30 18:22:46:668

Auto-Start Started ...  Waiting Open-Socket.

<<<----  [OUT]
2020/10/30 18:22:46:699

Socket Open Started...

<<<----  [OUT]
2020/10/30 18:22:46:699

Socket Open Completed...

<<<----  [OUT]
2020/10/30 18:22:46:699

Connecting Started...

<<<----  [OUT]
2020/10/30 18:22:46:759

Auto-Start Completed ...  (Active)

<<<----  [OUT]
2020/10/30 18:22:48:755

I can't connect with the passive [192.168.100.113/5000] error_code:10061 !

<<<----  [OUT]
2020/10/30 18:22:51:246

Connecting Started...

<<<----  [OUT]
2020/10/30 18:22:53:295

I can't connect with the passive [192.168.100.113/5000] error_code:10061 !

<<<----  [OUT]
2020/10/30 18:22:55:776

Connecting Started...

<<<----  [OUT]
2020/10/30 18:22:57:830

I can't connect with the passive [192.168.100.113/5000] error_code:10061 !

<<<----  [OUT]
2020/10/30 18:23:00:308

Connecting Started...

<<<----  [OUT]
2020/10/30 18:23:02:374

I can't connect with the passive [192.168.100.113/5000] error_code:10061 !

<<<----  [OUT]
2020/10/30 18:23:04:855

Connecting Started...

<<<----  [OUT]
2020/10/30 18:23:06:909

I can't connect with the passive [192.168.100.113/5000] error_code:10061 !

<<<----  [OUT]
2020/10/30 18:23:09:386

Connecting Started...

<<<----  [OUT]
2020/10/30 18:23:11:445

I can't connect with the passive [192.168.100.113/5000] error_code:10061 !

<<<----  [OUT]
2020/10/30 18:23:13:933

Connecting Started...

<<<----  [OUT]
2020/10/30 18:23:16:002

I can't connect with the passive [192.168.100.113/5000] error_code:10061 !

<<<----  [OUT]
2020/10/30 18:23:18:481

Connecting Started...

<<<----  [OUT]
2020/10/30 18:23:20:537

I can't connect with the passive [192.168.100.113/5000] error_code:10061 !

<<<----  [OUT]
2020/10/30 18:23:23:028

Connecting Started...

<<<----  [OUT]
2020/10/30 18:23:25:081

I can't connect with the passive [192.168.100.113/5000] error_code:10061 !

<<<----  [OUT]
2020/10/30 18:23:27:558

Connecting Started...

<<<----  [OUT]
2020/10/30 18:23:29:608

I can't connect with the passive [192.168.100.113/5000] error_code:10061 !

<<<----  [OUT]
2020/10/30 18:23:32:089

Connecting Started...

<<<----  [OUT]
2020/10/30 18:23:34:150

I can't connect with the passive [192.168.100.113/5000] error_code:10061 !

<<<----  [OUT]
2020/10/30 18:23:36:637

Connecting Started...

<<<----  [OUT]
2020/10/30 18:23:38:674

I can't connect with the passive [192.168.100.113/5000] error_code:10061 !

<<<----  [OUT]
2020/10/30 18:23:41:151

Connecting Started...

<<<----  [OUT]
2020/10/30 18:23:43:204

I can't connect with the passive [192.168.100.113/5000] error_code:10061 !

<<<----  [OUT]
2020/10/30 18:23:45:684

Connecting Started...

<<<----  [OUT]
2020/10/30 18:23:47:733

I can't connect with the passive [192.168.100.113/5000] error_code:10061 !

<<<----  [OUT]
2020/10/30 18:23:50:214

Connecting Started...

<<<----  [OUT]
2020/10/30 18:23:52:249

I can't connect with the passive [192.168.100.113/5000] error_code:10061 !

<<<----  [OUT]
2020/10/30 18:23:54:730

Connecting Started...

<<<----  [OUT]
2020/10/30 18:23:56:773

I can't connect with the passive [192.168.100.113/5000] error_code:10061 !

<<<----  [OUT]
2020/10/30 18:23:59:260

Connecting Started...

<<<----  [OUT]
2020/10/30 18:24:01:313

I can't connect with the passive [192.168.100.113/5000] error_code:10061 !

<<<----  [OUT]
2020/10/30 18:24:03:792

Connecting Started...

<<<----  [OUT]
2020/10/30 18:24:05:846

I can't connect with the passive [192.168.100.113/5000] error_code:10061 !

<<<----  [OUT]
2020/10/30 18:24:08:323

Connecting Started...

<<<----  [OUT]
2020/10/30 18:24:10:377

I can't connect with the passive [192.168.100.113/5000] error_code:10061 !

<<<----  [OUT]
2020/10/30 18:24:12:855

Connecting Started...

<<<----  [OUT]
2020/10/30 18:24:14:924

I can't connect with the passive [192.168.100.113/5000] error_code:10061 !

<<<----  [OUT]
2020/10/30 18:24:17:402

Connecting Started...

<<<----  [OUT]
2020/10/30 18:24:19:458

I can't connect with the passive [192.168.100.113/5000] error_code:10061 !

<<<----  [OUT]
2020/10/30 18:24:21:948

Connecting Started...

<<<----  [OUT]
2020/10/30 18:24:23:995

I can't connect with the passive [192.168.100.113/5000] error_code:10061 !

<<<----  [OUT]
2020/10/30 18:24:26:480

Connecting Started...

<<<----  [OUT]
2020/10/30 18:24:28:532

I can't connect with the passive [192.168.100.113/5000] error_code:10061 !

<<<----  [OUT]
2020/10/30 18:24:31:011

Connecting Started...

<<<----  [OUT]
2020/10/30 18:24:33:053

I can't connect with the passive [192.168.100.113/5000] error_code:10061 !

<<<----  [OUT]
2020/10/30 18:24:35:541

Connecting Started...

<<<----  [OUT]
2020/10/30 18:24:37:597

I can't connect with the passive [192.168.100.113/5000] error_code:10061 !

<<<----  [OUT]
2020/10/30 18:24:40:073

Connecting Started...

<<<----  [OUT]
2020/10/30 18:24:42:129

I can't connect with the passive [192.168.100.113/5000] error_code:10061 !

<<<----  [OUT]
2020/10/30 18:24:44:621

Connecting Started...

<<<----  [OUT]
2020/10/30 18:24:46:683

I can't connect with the passive [192.168.100.113/5000] error_code:10061 !

<<<----  [OUT]
2020/10/30 18:24:49:167

Connecting Started...

<<<----  [OUT]
2020/10/30 18:24:51:210

I can't connect with the passive [192.168.100.113/5000] error_code:10061 !

<<<----  [OUT]
2020/10/30 18:24:53:698

Connecting Started...

<<<----  [OUT]
2020/10/30 18:24:55:759

I can't connect with the passive [192.168.100.113/5000] error_code:10061 !

<<<----  [OUT]
2020/10/30 18:24:58:246

Connecting Started...

<<<----  [OUT]
2020/10/30 18:25:00:299

I can't connect with the passive [192.168.100.113/5000] error_code:10061 !

<<<----  [OUT]
2020/10/30 18:25:02:777

Connecting Started...

<<<----  [OUT]
2020/10/30 18:25:04:831

I can't connect with the passive [192.168.100.113/5000] error_code:10061 !

<<<----  [OUT]
2020/10/30 18:25:07:309

Connecting Started...

<<<----  [OUT]
2020/10/30 18:25:09:355

I can't connect with the passive [192.168.100.113/5000] error_code:10061 !

<<<----  [OUT]
2020/10/30 18:25:11:839

Connecting Started...

<<<----  [OUT]
2020/10/30 18:25:13:868

I can't connect with the passive [192.168.100.113/5000] error_code:10061 !

<<<----  [OUT]
2020/10/30 18:25:16:355

Connecting Started...

<<<----  [OUT]
2020/10/30 18:25:18:380

I can't connect with the passive [192.168.100.113/5000] error_code:10061 !

<<<----  [OUT]
2020/10/30 18:25:20:870

Connecting Started...

<<<----  [OUT]
2020/10/30 18:25:22:911

I can't connect with the passive [192.168.100.113/5000] error_code:10061 !

<<<----  [OUT]
2020/10/30 18:25:25:401

Connecting Started...

<<<----  [OUT]
2020/10/30 18:25:27:459

I can't connect with the passive [192.168.100.113/5000] error_code:10061 !

<<<----  [OUT]
2020/10/30 18:25:29:949

Connecting Started...

<<<----  [OUT]
2020/10/30 18:25:31:996

I can't connect with the passive [192.168.100.113/5000] error_code:10061 !

<<<----  [OUT]
2020/10/30 18:25:34:480

Connecting Started...

<<<----  [OUT]
2020/10/30 18:25:36:547

I can't connect with the passive [192.168.100.113/5000] error_code:10061 !

<<<----  [OUT]
2020/10/30 18:25:39:027

Connecting Started...

<<<----  [OUT]
2020/10/30 18:25:41:095

I can't connect with the passive [192.168.100.113/5000] error_code:10061 !

<<<----  [OUT]
2020/10/30 18:25:43:574

Connecting Started...

<<<----  [OUT]
2020/10/30 18:25:45:635

I can't connect with the passive [192.168.100.113/5000] error_code:10061 !

<<<----  [OUT]
2020/10/30 18:25:48:121

Connecting Started...

<<<----  [OUT]
2020/10/30 18:25:50:183

I can't connect with the passive [192.168.100.113/5000] error_code:10061 !

<<<----  [OUT]
2020/10/30 18:25:52:667

Connecting Started...

<<<----  [OUT]
2020/10/30 18:25:54:726

I can't connect with the passive [192.168.100.113/5000] error_code:10061 !

<<<----  [OUT]
2020/10/30 18:25:57:215

Connecting Started...

<<<----  [OUT]
2020/10/30 18:25:59:279

I can't connect with the passive [192.168.100.113/5000] error_code:10061 !

<<<----  [OUT]
2020/10/30 18:26:01:761

Connecting Started...

<<<----  [OUT]
2020/10/30 18:26:03:812

I can't connect with the passive [192.168.100.113/5000] error_code:10061 !

<<<----  [OUT]
2020/10/30 18:26:06:293

Connecting Started...

<<<----  [OUT]
2020/10/30 18:26:08:323

I can't connect with the passive [192.168.100.113/5000] error_code:10061 !

<<<----  [OUT]
2020/10/30 18:26:10:808

Connecting Started...

<<<----  [OUT]
2020/10/30 18:26:12:852

I can't connect with the passive [192.168.100.113/5000] error_code:10061 !

<<<----  [OUT]
2020/10/30 18:26:15:339

Connecting Started...

<<<----  [OUT]
2020/10/30 18:26:17:378

I can't connect with the passive [192.168.100.113/5000] error_code:10061 !

<<<----  [OUT]
2020/10/30 18:26:19:855

Connecting Started...

<<<----  [OUT]
2020/10/30 18:26:21:887

I can't connect with the passive [192.168.100.113/5000] error_code:10061 !

<<<----  [OUT]
2020/10/30 18:26:24:370

Connecting Started...

<<<----  [OUT]
2020/10/30 18:26:26:412

I can't connect with the passive [192.168.100.113/5000] error_code:10061 !

<<<----  [OUT]
2020/10/30 18:26:28:901

Connecting Started...

<<<----  [OUT]
2020/10/30 18:26:30:947

I can't connect with the passive [192.168.100.113/5000] error_code:10061 !

<<<----  [OUT]
2020/10/30 18:26:33:433

Connecting Started...

<<<----  [OUT]
2020/10/30 18:26:35:459

I can't connect with the passive [192.168.100.113/5000] error_code:10061 !

<<<----  [OUT]
2020/10/30 18:26:37:948

Connecting Started...

<<<----  [OUT]
2020/10/30 18:26:40:002

I can't connect with the passive [192.168.100.113/5000] error_code:10061 !

<<<----  [OUT]
2020/10/30 18:26:42:479

Connecting Started...

<<<----  [OUT]
2020/10/30 18:26:44:528

I can't connect with the passive [192.168.100.113/5000] error_code:10061 !

<<<----  [OUT]
2020/10/30 18:26:47:012

Connecting Started...

<<<----  [OUT]
2020/10/30 18:26:49:067

I can't connect with the passive [192.168.100.113/5000] error_code:10061 !

<<<----  [OUT]
2020/10/30 18:26:51:558

Connecting Started...

<<<----  [OUT]
2020/10/30 18:26:53:607

I can't connect with the passive [192.168.100.113/5000] error_code:10061 !

<<<----  [OUT]
2020/10/30 18:26:56:089

Connecting Started...

<<<----  [OUT]
2020/10/30 18:26:58:114

I can't connect with the passive [192.168.100.113/5000] error_code:10061 !

<<<----  [OUT]
2020/10/30 18:27:00:605

Connecting Started...

<<<----  [OUT]
2020/10/30 18:27:02:640

I can't connect with the passive [192.168.100.113/5000] error_code:10061 !

<<<----  [OUT]
2020/10/30 18:27:05:121

Connecting Started...

<<<----  [OUT]
2020/10/30 18:27:07:156

I can't connect with the passive [192.168.100.113/5000] error_code:10061 !

<<<----  [OUT]
2020/10/30 18:27:09:636

Connecting Started...

<<<----  [OUT]
2020/10/30 18:27:11:682

I can't connect with the passive [192.168.100.113/5000] error_code:10061 !

<<<----  [OUT]
2020/10/30 18:27:14:166

Connecting Started...

<<<----  [OUT]
2020/10/30 18:27:16:216

I can't connect with the passive [192.168.100.113/5000] error_code:10061 !

<<<----  [OUT]
2020/10/30 18:27:18:698

Connecting Started...

<<<----  [OUT]
2020/10/30 18:27:20:741

I can't connect with the passive [192.168.100.113/5000] error_code:10061 !

<<<----  [OUT]
2020/10/30 18:27:23:230

Connecting Started...

<<<----  [OUT]
2020/10/30 18:27:25:268

I can't connect with the passive [192.168.100.113/5000] error_code:10061 !

<<<----  [OUT]
2020/10/30 18:27:27:745

Connecting Started...

<<<----  [OUT]
2020/10/30 18:27:29:779

I can't connect with the passive [192.168.100.113/5000] error_code:10061 !

<<<----  [OUT]
2020/10/30 18:27:32:262

Connecting Started...

<<<----  [OUT]
2020/10/30 18:27:34:308

I can't connect with the passive [192.168.100.113/5000] error_code:10061 !

<<<----  [OUT]
2020/10/30 18:27:36:792

Connecting Started...

<<<----  [OUT]
2020/10/30 18:27:38:833

I can't connect with the passive [192.168.100.113/5000] error_code:10061 !

<<<----  [OUT]
2020/10/30 18:27:41:324

Connecting Started...

<<<----  [OUT]
2020/10/30 18:27:43:380

I can't connect with the passive [192.168.100.113/5000] error_code:10061 !

<<<----  [OUT]
2020/10/30 18:27:45:871

Connecting Started...

<<<----  [OUT]
2020/10/30 18:27:47:920

I can't connect with the passive [192.168.100.113/5000] error_code:10061 !

<<<----  [OUT]
2020/10/30 18:27:50:402

Connecting Started...

<<<----  [OUT]
2020/10/30 18:27:52:457

I can't connect with the passive [192.168.100.113/5000] error_code:10061 !

<<<----  [OUT]
2020/10/30 18:27:54:949

Connecting Started...

<<<----  [OUT]
2020/10/30 18:27:57:010

I can't connect with the passive [192.168.100.113/5000] error_code:10061 !

<<<----  [OUT]
2020/10/30 18:27:59:496

Connecting Started...

<<<----  [OUT]
2020/10/30 18:28:01:568

I can't connect with the passive [192.168.100.113/5000] error_code:10061 !

<<<----  [OUT]
2020/10/30 18:28:04:059

Connecting Started...

<<<----  [OUT]
2020/10/30 18:28:06:127

I can't connect with the passive [192.168.100.113/5000] error_code:10061 !

<<<----  [OUT]
2020/10/30 18:28:08:604

Connecting Started...

<<<----  [OUT]
2020/10/30 18:28:10:674

I can't connect with the passive [192.168.100.113/5000] error_code:10061 !

<<<----  [OUT]
2020/10/30 18:28:13:151

Connecting Started...

<<<----  [OUT]
2020/10/30 18:28:15:230

I can't connect with the passive [192.168.100.113/5000] error_code:10061 !

<<<----  [OUT]
2020/10/30 18:28:17:714

Connecting Started...

<<<----  [OUT]
2020/10/30 18:28:19:780

I can't connect with the passive [192.168.100.113/5000] error_code:10061 !

<<<----  [OUT]
2020/10/30 18:28:22:261

Connecting Started...

<<<----  [OUT]
2020/10/30 18:28:24:314

I can't connect with the passive [192.168.100.113/5000] error_code:10061 !

<<<----  [OUT]
2020/10/30 18:28:26:793

Connecting Started...

<<<----  [OUT]
2020/10/30 18:28:28:842

I can't connect with the passive [192.168.100.113/5000] error_code:10061 !

<<<----  [OUT]
2020/10/30 18:28:31:324

Connecting Started...

<<<----  [OUT]
2020/10/30 18:28:33:364

I can't connect with the passive [192.168.100.113/5000] error_code:10061 !

<<<----  [OUT]
2020/10/30 18:28:35:855

Connecting Started...

<<<----  [OUT]
2020/10/30 18:28:37:905

I can't connect with the passive [192.168.100.113/5000] error_code:10061 !

<<<----  [OUT]
2020/10/30 18:28:40:387

Connecting Started...

<<<----  [OUT]
2020/10/30 18:28:42:449

I can't connect with the passive [192.168.100.113/5000] error_code:10061 !

<<<----  [OUT]
2020/10/30 18:28:44:934

Connecting Started...

<<<----  [OUT]
2020/10/30 18:28:46:994

I can't connect with the passive [192.168.100.113/5000] error_code:10061 !

<<<----  [OUT]
2020/10/30 18:28:49:480

Connecting Started...

<<<----  [OUT]
2020/10/30 18:28:51:541

I can't connect with the passive [192.168.100.113/5000] error_code:10061 !

<<<----  [OUT]
2020/10/30 18:28:54:027

Connecting Started...

<<<----  [OUT]
2020/10/30 18:28:56:090

I can't connect with the passive [192.168.100.113/5000] error_code:10061 !

<<<----  [OUT]
2020/10/30 18:28:58:574

Connecting Started...

<<<----  [OUT]
2020/10/30 18:29:00:628

I can't connect with the passive [192.168.100.113/5000] error_code:10061 !

<<<----  [OUT]
2020/10/30 18:29:03:104

Connecting Started...

<<<----  [OUT]
2020/10/30 18:29:05:165

I can't connect with the passive [192.168.100.113/5000] error_code:10061 !

<<<----  [OUT]
2020/10/30 18:29:07:651

Connecting Started...

<<<----  [OUT]
2020/10/30 18:29:09:708

I can't connect with the passive [192.168.100.113/5000] error_code:10061 !

<<<----  [OUT]
2020/10/30 18:29:12:198

Connecting Started...

<<<----  [OUT]
2020/10/30 18:29:14:265

I can't connect with the passive [192.168.100.113/5000] error_code:10061 !

<<<----  [OUT]
2020/10/30 18:29:16:746

Connecting Started...

<<<----  [OUT]
2020/10/30 18:29:18:798

I can't connect with the passive [192.168.100.113/5000] error_code:10061 !

<<<----  [OUT]
2020/10/30 18:29:21:276

Connecting Started...

<<<----  [OUT]
2020/10/30 18:29:23:313

I can't connect with the passive [192.168.100.113/5000] error_code:10061 !

<<<----  [OUT]
2020/10/30 18:29:25:792

Connecting Started...

<<<----  [OUT]
2020/10/30 18:29:27:856

I can't connect with the passive [192.168.100.113/5000] error_code:10061 !

<<<----  [OUT]
2020/10/30 18:29:30:338

Connecting Started...

<<<----  [OUT]
2020/10/30 18:29:32:386

I can't connect with the passive [192.168.100.113/5000] error_code:10061 !

<<<----  [OUT]
2020/10/30 18:29:34:871

Connecting Started...

<<<----  [OUT]
2020/10/30 18:29:36:908

I can't connect with the passive [192.168.100.113/5000] error_code:10061 !

<<<----  [OUT]
2020/10/30 18:30:47:274

---------------------------------------------------------------------
// FA : Start Log ...


<<<----  [OUT]
2020/10/30 18:30:47:278

//-------------------------------------------------------------
Property Information

   Driver Type [HSMS]
   Driver Mode [ACTIVE]
   IP    [192.168.100.113]
   Port  [5000]
//-------------------------------------------------------------


<<<----  [OUT]
2020/10/30 18:30:47:880

Auto-Start Started ... (Active)

<<<----  [OUT]
2020/10/30 18:30:47:970

Auto-Start Started ...  Waiting Stop-Connection.

<<<----  [OUT]
2020/10/30 18:30:47:970

Auto-Start Started ...  Waiting Open-Socket.

<<<----  [OUT]
2020/10/30 18:30:48:001

Socket Open Started...

<<<----  [OUT]
2020/10/30 18:30:48:001

Socket Open Completed...

<<<----  [OUT]
2020/10/30 18:30:48:001

Connecting Started...

<<<----  [OUT]
2020/10/30 18:30:48:061

Auto-Start Completed ...  (Active)

<<<----  [OUT]
2020/10/30 18:30:50:060

I can't connect with the passive [192.168.100.113/5000] error_code:10061 !

<<<----  [OUT]
2020/10/30 18:30:52:542

Connecting Started...

<<<----  [OUT]
2020/10/30 18:30:54:606

I can't connect with the passive [192.168.100.113/5000] error_code:10061 !

<<<----  [OUT]
2020/10/30 18:30:57:088

Connecting Started...

<<<----  [OUT]
2020/10/30 18:30:59:154

I can't connect with the passive [192.168.100.113/5000] error_code:10061 !

<<<----  [OUT]
2020/10/30 18:31:01:636

Connecting Started...

<<<----  [OUT]
2020/10/30 18:31:03:697

I can't connect with the passive [192.168.100.113/5000] error_code:10061 !

<<<----  [OUT]
2020/10/30 18:31:06:183

Connecting Started...

<<<----  [OUT]
2020/10/30 18:31:08:226

I can't connect with the passive [192.168.100.113/5000] error_code:10061 !

<<<----  [OUT]
2020/10/30 18:31:10:714

Connecting Started...

<<<----  [OUT]
2020/10/30 18:31:12:782

I can't connect with the passive [192.168.100.113/5000] error_code:10061 !

<<<----  [OUT]
2020/10/30 18:31:15:262

Connecting Started...

<<<----  [OUT]
2020/10/30 18:31:17:310

I can't connect with the passive [192.168.100.113/5000] error_code:10061 !

<<<----  [OUT]
2020/10/30 18:31:19:793

Connecting Started...

<<<----  [OUT]
2020/10/30 18:31:21:859

I can't connect with the passive [192.168.100.113/5000] error_code:10061 !

<<<----  [OUT]
2020/10/30 18:31:24:339

Connecting Started...

<<<----  [OUT]
2020/10/30 18:31:26:395

I can't connect with the passive [192.168.100.113/5000] error_code:10061 !

<<<----  [OUT]
2020/10/30 18:31:28:885

Connecting Started...

<<<----  [OUT]
2020/10/30 18:31:30:948

I can't connect with the passive [192.168.100.113/5000] error_code:10061 !

<<<----  [OUT]
2020/10/30 18:31:33:432

Connecting Started...

<<<----  [OUT]
2020/10/30 18:31:35:501

I can't connect with the passive [192.168.100.113/5000] error_code:10061 !

<<<----  [OUT]
2020/10/30 18:31:37:980

Connecting Started...

<<<----  [OUT]
2020/10/30 18:31:40:043

I can't connect with the passive [192.168.100.113/5000] error_code:10061 !

<<<----  [OUT]
2020/10/30 18:31:42:527

Connecting Started...

<<<----  [OUT]
2020/10/30 18:31:44:586

I can't connect with the passive [192.168.100.113/5000] error_code:10061 !

<<<----  [OUT]
2020/10/30 18:31:47:073

Connecting Started...

<<<----  [OUT]
2020/10/30 18:31:49:136

I can't connect with the passive [192.168.100.113/5000] error_code:10061 !

<<<----  [OUT]
2020/10/30 18:31:51:621

Connecting Started...

<<<----  [OUT]
2020/10/30 18:31:53:667

I can't connect with the passive [192.168.100.113/5000] error_code:10061 !

<<<----  [OUT]
2020/10/30 18:31:56:153

Connecting Started...

<<<----  [OUT]
2020/10/30 18:31:58:209

I can't connect with the passive [192.168.100.113/5000] error_code:10061 !

<<<----  [OUT]
2020/10/30 18:32:00:699

Connecting Started...

<<<----  [OUT]
2020/10/30 18:32:02:762

I can't connect with the passive [192.168.100.113/5000] error_code:10061 !

<<<----  [OUT]
2020/10/30 18:32:05:246

Connecting Started...

<<<----  [OUT]
2020/10/30 18:32:07:284

I can't connect with the passive [192.168.100.113/5000] error_code:10061 !

<<<----  [OUT]
2020/10/30 18:32:09:761

Connecting Started...

<<<----  [OUT]
2020/10/30 18:32:11:807

I can't connect with the passive [192.168.100.113/5000] error_code:10061 !

<<<----  [OUT]
2020/10/30 18:32:14:293

Connecting Started...

<<<----  [OUT]
2020/10/30 18:32:16:347

I can't connect with the passive [192.168.100.113/5000] error_code:10061 !

<<<----  [OUT]
2020/10/30 18:32:18:823

Connecting Started...

<<<----  [OUT]
2020/10/30 18:32:20:876

I can't connect with the passive [192.168.100.113/5000] error_code:10061 !

<<<----  [OUT]
2020/10/30 18:32:23:356

Connecting Started...

<<<----  [OUT]
2020/10/30 18:32:25:383

I can't connect with the passive [192.168.100.113/5000] error_code:10061 !

<<<----  [OUT]
2020/10/30 18:32:27:870

Connecting Started...

<<<----  [OUT]
2020/10/30 18:32:29:908

I can't connect with the passive [192.168.100.113/5000] error_code:10061 !

<<<----  [OUT]
2020/10/30 18:32:32:386

Connecting Started...

<<<----  [OUT]
2020/10/30 18:32:34:446

I can't connect with the passive [192.168.100.113/5000] error_code:10061 !

<<<----  [OUT]
2020/10/30 18:32:36:933

Connecting Started...

<<<----  [OUT]
2020/10/30 18:32:38:968

I can't connect with the passive [192.168.100.113/5000] error_code:10061 !

<<<----  [OUT]
2020/10/30 18:32:41:449

Connecting Started...

<<<----  [OUT]
2020/10/30 18:32:43:503

I can't connect with the passive [192.168.100.113/5000] error_code:10061 !

<<<----  [OUT]
2020/10/30 18:32:45:981

Connecting Started...

<<<----  [OUT]
2020/10/30 18:32:48:028

I can't connect with the passive [192.168.100.113/5000] error_code:10061 !

<<<----  [OUT]
2020/10/30 18:32:50:511

Connecting Started...

<<<----  [OUT]
2020/10/30 18:32:52:564

I can't connect with the passive [192.168.100.113/5000] error_code:10061 !

<<<----  [OUT]
2020/10/30 18:32:55:042

Connecting Started...

<<<----  [OUT]
2020/10/30 18:32:57:104

I can't connect with the passive [192.168.100.113/5000] error_code:10061 !

<<<----  [OUT]
2020/10/30 18:32:59:590

Connecting Started...

<<<----  [OUT]
2020/10/30 18:33:01:662

I can't connect with the passive [192.168.100.113/5000] error_code:10061 !

<<<----  [OUT]
2020/10/30 18:33:04:151

Connecting Started...

<<<----  [OUT]
2020/10/30 18:33:06:207

I can't connect with the passive [192.168.100.113/5000] error_code:10061 !

<<<----  [OUT]
2020/10/30 18:33:08:682

Connecting Started...

<<<----  [OUT]
2020/10/30 18:33:10:744

I can't connect with the passive [192.168.100.113/5000] error_code:10061 !

<<<----  [OUT]
2020/10/30 18:33:13:230

Connecting Started...

<<<----  [OUT]
2020/10/30 18:33:15:296

I can't connect with the passive [192.168.100.113/5000] error_code:10061 !

<<<----  [OUT]
2020/10/30 18:33:17:778

Connecting Started...

<<<----  [OUT]
2020/10/30 18:33:19:838

I can't connect with the passive [192.168.100.113/5000] error_code:10061 !

<<<----  [OUT]
2020/10/30 18:33:22:323

Connecting Started...

<<<----  [OUT]
2020/10/30 18:33:24:382

I can't connect with the passive [192.168.100.113/5000] error_code:10061 !

<<<----  [OUT]
2020/10/30 18:33:26:871

Connecting Started...

<<<----  [OUT]
2020/10/30 18:33:28:942

I can't connect with the passive [192.168.100.113/5000] error_code:10061 !

<<<----  [OUT]
2020/10/30 18:33:31:432

Connecting Started...

<<<----  [OUT]
2020/10/30 18:33:33:482

I can't connect with the passive [192.168.100.113/5000] error_code:10061 !

<<<----  [OUT]
2020/10/30 18:33:35:965

Connecting Started...

<<<----  [OUT]
2020/10/30 18:33:38:022

I can't connect with the passive [192.168.100.113/5000] error_code:10061 !

<<<----  [OUT]
2020/10/30 18:33:40:512

Connecting Started...

<<<----  [OUT]
2020/10/30 18:33:42:577

I can't connect with the passive [192.168.100.113/5000] error_code:10061 !

<<<----  [OUT]
2020/10/30 18:33:45:059

Connecting Started...

<<<----  [OUT]
2020/10/30 18:33:47:118

I can't connect with the passive [192.168.100.113/5000] error_code:10061 !

<<<----  [OUT]
2020/10/30 18:33:49:606

Connecting Started...

<<<----  [OUT]
2020/10/30 18:33:51:648

I can't connect with the passive [192.168.100.113/5000] error_code:10061 !

<<<----  [OUT]
2020/10/30 18:33:54:137

Connecting Started...

<<<----  [OUT]
2020/10/30 18:33:56:188

I can't connect with the passive [192.168.100.113/5000] error_code:10061 !

<<<----  [OUT]
2020/10/30 18:33:58:667

Connecting Started...

<<<----  [OUT]
2020/10/30 18:34:00:723

I can't connect with the passive [192.168.100.113/5000] error_code:10061 !

<<<----  [OUT]
2020/10/30 18:34:03:214

Connecting Started...

<<<----  [OUT]
2020/10/30 18:34:05:274

I can't connect with the passive [192.168.100.113/5000] error_code:10061 !

<<<----  [OUT]
2020/10/30 18:34:07:761

Connecting Started...

<<<----  [OUT]
2020/10/30 18:34:09:829

I can't connect with the passive [192.168.100.113/5000] error_code:10061 !

<<<----  [OUT]
2020/10/30 18:34:12:308

Connecting Started...

<<<----  [OUT]
2020/10/30 18:34:14:367

I can't connect with the passive [192.168.100.113/5000] error_code:10061 !

<<<----  [OUT]
2020/10/30 18:34:16:856

Connecting Started...

<<<----  [OUT]
2020/10/30 18:34:18:924

I can't connect with the passive [192.168.100.113/5000] error_code:10061 !

<<<----  [OUT]
2020/10/30 18:34:21:402

Connecting Started...

<<<----  [OUT]
2020/10/30 18:34:23:446

I can't connect with the passive [192.168.100.113/5000] error_code:10061 !

<<<----  [OUT]
2020/10/30 18:34:25:932

Connecting Started...

<<<----  [OUT]
2020/10/30 18:34:27:978

I can't connect with the passive [192.168.100.113/5000] error_code:10061 !

<<<----  [OUT]
2020/10/30 18:34:30:463

Connecting Started...

<<<----  [OUT]
2020/10/30 18:34:32:509

I can't connect with the passive [192.168.100.113/5000] error_code:10061 !

<<<----  [OUT]
2020/10/30 18:34:34:996

Connecting Started...

<<<----  [OUT]
2020/10/30 18:34:37:048

I can't connect with the passive [192.168.100.113/5000] error_code:10061 !

<<<----  [OUT]
2020/10/30 18:34:39:526

Connecting Started...

<<<----  [OUT]
2020/10/30 18:34:41:576

I can't connect with the passive [192.168.100.113/5000] error_code:10061 !

<<<----  [OUT]
2020/10/30 18:34:44:057

Connecting Started...

<<<----  [OUT]
2020/10/30 18:34:46:123

I can't connect with the passive [192.168.100.113/5000] error_code:10061 !

<<<----  [OUT]
2020/10/30 18:34:48:604

Connecting Started...

<<<----  [OUT]
2020/10/30 18:34:50:662

I can't connect with the passive [192.168.100.113/5000] error_code:10061 !

<<<----  [OUT]
2020/10/30 18:34:53:153

Connecting Started...

<<<----  [OUT]
2020/10/30 18:34:55:217

I can't connect with the passive [192.168.100.113/5000] error_code:10061 !

<<<----  [OUT]
2020/10/30 18:34:57:698

Connecting Started...

<<<----  [OUT]
2020/10/30 18:34:59:757

I can't connect with the passive [192.168.100.113/5000] error_code:10061 !

<<<----  [OUT]
2020/10/30 18:35:02:245

Connecting Started...

<<<----  [OUT]
2020/10/30 18:35:04:292

I can't connect with the passive [192.168.100.113/5000] error_code:10061 !

<<<----  [OUT]
2020/10/30 18:35:06:777

Connecting Started...

<<<----  [OUT]
2020/10/30 18:35:08:830

I can't connect with the passive [192.168.100.113/5000] error_code:10061 !

<<<----  [OUT]
2020/10/30 18:35:11:309

Connecting Started...

<<<----  [OUT]
2020/10/30 18:35:13:373

I can't connect with the passive [192.168.100.113/5000] error_code:10061 !

<<<----  [OUT]
2020/10/30 18:35:15:856

Connecting Started...

<<<----  [OUT]
2020/10/30 18:35:17:899

I can't connect with the passive [192.168.100.113/5000] error_code:10061 !

<<<----  [OUT]
2020/10/30 18:35:20:387

Connecting Started...

<<<----  [OUT]
2020/10/30 18:35:22:435

I can't connect with the passive [192.168.100.113/5000] error_code:10061 !

<<<----  [OUT]
2020/10/30 18:35:24:917

Connecting Started...

<<<----  [OUT]
2020/10/30 18:35:26:953

I can't connect with the passive [192.168.100.113/5000] error_code:10061 !

<<<----  [OUT]
2020/10/30 18:35:29:434

Connecting Started...

<<<----  [OUT]
2020/10/30 18:35:31:470

I can't connect with the passive [192.168.100.113/5000] error_code:10061 !

<<<----  [OUT]
2020/10/30 18:35:33:949

Connecting Started...

<<<----  [OUT]
2020/10/30 18:35:35:995

I can't connect with the passive [192.168.100.113/5000] error_code:10061 !

<<<----  [OUT]
2020/10/30 18:35:38:481

Connecting Started...

<<<----  [OUT]
2020/10/30 18:35:40:547

I can't connect with the passive [192.168.100.113/5000] error_code:10061 !

<<<----  [OUT]
2020/10/30 18:35:43:027

Connecting Started...

<<<----  [OUT]
2020/10/30 18:35:45:083

I can't connect with the passive [192.168.100.113/5000] error_code:10061 !

<<<----  [OUT]
2020/10/30 18:35:47:574

Connecting Started...

<<<----  [OUT]
2020/10/30 18:35:49:635

I can't connect with the passive [192.168.100.113/5000] error_code:10061 !

<<<----  [OUT]
2020/10/30 18:35:52:120

Connecting Started...

<<<----  [OUT]
2020/10/30 18:35:54:165

I can't connect with the passive [192.168.100.113/5000] error_code:10061 !

<<<----  [OUT]
2020/10/30 18:35:56:652

Connecting Started...

<<<----  [OUT]
2020/10/30 18:35:58:723

I can't connect with the passive [192.168.100.113/5000] error_code:10061 !

<<<----  [OUT]
2020/10/30 18:36:01:214

Connecting Started...

<<<----  [OUT]
2020/10/30 18:36:03:282

I can't connect with the passive [192.168.100.113/5000] error_code:10061 !

<<<----  [OUT]
2020/10/30 18:36:05:762

Connecting Started...

<<<----  [OUT]
2020/10/30 18:36:07:816

I can't connect with the passive [192.168.100.113/5000] error_code:10061 !

<<<----  [OUT]
2020/10/30 18:36:10:293

Connecting Started...

<<<----  [OUT]
2020/10/30 18:36:12:338

I can't connect with the passive [192.168.100.113/5000] error_code:10061 !

<<<----  [OUT]
2020/10/30 18:36:14:825

Connecting Started...

<<<----  [OUT]
2020/10/30 18:36:16:872

I can't connect with the passive [192.168.100.113/5000] error_code:10061 !

<<<----  [OUT]
2020/10/30 18:36:19:355

Connecting Started...

<<<----  [OUT]
2020/10/30 18:36:21:413

I can't connect with the passive [192.168.100.113/5000] error_code:10061 !

<<<----  [OUT]
2020/10/30 18:36:23:901

Connecting Started...

<<<----  [OUT]
2020/10/30 18:36:25:944

I can't connect with the passive [192.168.100.113/5000] error_code:10061 !

<<<----  [OUT]
2020/10/30 18:36:28:432

Connecting Started...

<<<----  [OUT]
2020/10/30 18:36:30:483

I can't connect with the passive [192.168.100.113/5000] error_code:10061 !

<<<----  [OUT]
2020/10/30 18:36:32:965

Connecting Started...

<<<----  [OUT]
2020/10/30 18:36:35:017

I can't connect with the passive [192.168.100.113/5000] error_code:10061 !

<<<----  [OUT]
2020/10/30 18:36:37:496

Connecting Started...

<<<----  [OUT]
2020/10/30 18:36:39:534

I can't connect with the passive [192.168.100.113/5000] error_code:10061 !

<<<----  [OUT]
2020/10/30 18:36:42:011

Connecting Started...

<<<----  [OUT]
2020/10/30 18:36:44:073

I can't connect with the passive [192.168.100.113/5000] error_code:10061 !

<<<----  [OUT]
2020/10/30 18:36:46:559

Connecting Started...

<<<----  [OUT]
2020/10/30 18:36:48:612

I can't connect with the passive [192.168.100.113/5000] error_code:10061 !

<<<----  [OUT]
2020/10/30 18:36:51:088

Connecting Started...

<<<----  [OUT]
2020/10/30 18:36:53:128

I can't connect with the passive [192.168.100.113/5000] error_code:10061 !

<<<----  [OUT]
2020/10/30 18:36:55:604

Connecting Started...

<<<----  [OUT]
2020/10/30 18:36:57:672

I can't connect with the passive [192.168.100.113/5000] error_code:10061 !

<<<----  [OUT]
2020/10/30 18:37:00:151

Connecting Started...

<<<----  [OUT]
2020/10/30 18:37:02:217

I can't connect with the passive [192.168.100.113/5000] error_code:10061 !

<<<----  [OUT]
2020/10/30 18:37:04:698

Connecting Started...

<<<----  [OUT]
2020/10/30 18:37:06:731

I can't connect with the passive [192.168.100.113/5000] error_code:10061 !

<<<----  [OUT]
2020/10/30 18:37:09:214

Connecting Started...

<<<----  [OUT]
2020/10/30 18:37:11:234

I can't connect with the passive [192.168.100.113/5000] error_code:10061 !

<<<----  [OUT]
2020/10/30 18:37:13:714

Connecting Started...

<<<----  [OUT]
2020/10/30 18:37:15:768

I can't connect with the passive [192.168.100.113/5000] error_code:10061 !

<<<----  [OUT]
2020/10/30 18:37:18:246

Connecting Started...

<<<----  [OUT]
2020/10/30 18:37:20:256

I can't connect with the passive [192.168.100.113/5000] error_code:10061 !

<<<----  [OUT]
2020/10/30 18:37:22:745

Connecting Started...

<<<----  [OUT]
2020/10/30 18:37:24:809

I can't connect with the passive [192.168.100.113/5000] error_code:10061 !

<<<----  [OUT]
2020/10/30 18:37:27:292

Connecting Started...

<<<----  [OUT]
2020/10/30 18:37:29:344

I can't connect with the passive [192.168.100.113/5000] error_code:10061 !

<<<----  [OUT]
2020/10/30 18:37:31:823

Connecting Started...

<<<----  [OUT]
2020/10/30 18:37:33:871

I can't connect with the passive [192.168.100.113/5000] error_code:10061 !

<<<----  [OUT]
2020/10/30 18:37:36:355

Connecting Started...

<<<----  [OUT]
2020/10/30 18:37:38:403

I can't connect with the passive [192.168.100.113/5000] error_code:10061 !

<<<----  [OUT]
2020/10/30 18:37:40:887

Connecting Started...

<<<----  [OUT]
2020/10/30 18:37:42:944

I can't connect with the passive [192.168.100.113/5000] error_code:10061 !

<<<----  [OUT]
2020/10/30 18:37:45:433

Connecting Started...

<<<----  [OUT]
2020/10/30 18:37:47:491

I can't connect with the passive [192.168.100.113/5000] error_code:10061 !

<<<----  [OUT]
2020/10/30 18:37:49:979

Connecting Started...

<<<----  [OUT]
2020/10/30 18:37:52:026

I can't connect with the passive [192.168.100.113/5000] error_code:10061 !

<<<----  [OUT]
2020/10/30 18:37:54:511

Connecting Started...

<<<----  [OUT]
2020/10/30 18:37:56:540

I can't connect with the passive [192.168.100.113/5000] error_code:10061 !

<<<----  [OUT]
2020/10/30 18:37:59:027

Connecting Started...

<<<----  [OUT]
2020/10/30 18:38:01:067

I can't connect with the passive [192.168.100.113/5000] error_code:10061 !

<<<----  [OUT]
2020/10/30 18:38:03:558

Connecting Started...

<<<----  [OUT]
2020/10/30 18:38:05:610

I can't connect with the passive [192.168.100.113/5000] error_code:10061 !

<<<----  [OUT]
2020/10/30 18:38:08:090

Connecting Started...

<<<----  [OUT]
2020/10/30 18:38:10:138

I can't connect with the passive [192.168.100.113/5000] error_code:10061 !

<<<----  [OUT]
2020/10/30 18:38:12:621

Connecting Started...

<<<----  [OUT]
2020/10/30 18:38:14:656

I can't connect with the passive [192.168.100.113/5000] error_code:10061 !

<<<----  [OUT]
2020/10/30 18:38:17:136

Connecting Started...

<<<----  [OUT]
2020/10/30 18:38:19:180

I can't connect with the passive [192.168.100.113/5000] error_code:10061 !

<<<----  [OUT]
2020/10/30 18:38:21:668

Connecting Started...

<<<----  [OUT]
2020/10/30 18:38:23:697

I can't connect with the passive [192.168.100.113/5000] error_code:10061 !

<<<----  [OUT]
2020/10/30 18:38:26:183

Connecting Started...

<<<----  [OUT]
2020/10/30 18:38:28:241

I can't connect with the passive [192.168.100.113/5000] error_code:10061 !

<<<----  [OUT]
2020/10/30 18:38:30:731

Connecting Started...

<<<----  [OUT]
2020/10/30 18:38:32:776

I can't connect with the passive [192.168.100.113/5000] error_code:10061 !

<<<----  [OUT]
2020/10/30 18:38:35:260

Connecting Started...

<<<----  [OUT]
2020/10/30 18:38:37:305

I can't connect with the passive [192.168.100.113/5000] error_code:10061 !

<<<----  [OUT]
2020/10/30 18:38:39:792

Connecting Started...

<<<----  [OUT]
2020/10/30 18:38:41:848

I can't connect with the passive [192.168.100.113/5000] error_code:10061 !

<<<----  [OUT]
2020/10/30 18:38:44:339

Connecting Started...

<<<----  [OUT]
2020/10/30 18:38:46:391

I can't connect with the passive [192.168.100.113/5000] error_code:10061 !

<<<----  [OUT]
2020/10/30 18:38:48:870

Connecting Started...

<<<----  [OUT]
2020/10/30 18:38:50:902

I can't connect with the passive [192.168.100.113/5000] error_code:10061 !

<<<----  [OUT]
2020/10/30 18:38:53:387

Connecting Started...

<<<----  [OUT]
2020/10/30 18:38:55:425

I can't connect with the passive [192.168.100.113/5000] error_code:10061 !

<<<----  [OUT]
2020/10/30 18:38:57:902

Connecting Started...

<<<----  [OUT]
2020/10/30 18:38:59:947

I can't connect with the passive [192.168.100.113/5000] error_code:10061 !

<<<----  [OUT]
2020/10/30 18:39:02:433

Connecting Started...

<<<----  [OUT]
2020/10/30 18:39:04:479

I can't connect with the passive [192.168.100.113/5000] error_code:10061 !

<<<----  [OUT]
2020/10/30 18:39:06:964

Connecting Started...

<<<----  [OUT]
2020/10/30 18:39:08:998

I can't connect with the passive [192.168.100.113/5000] error_code:10061 !

<<<----  [OUT]
2020/10/30 18:39:11:480

Connecting Started...

<<<----  [OUT]
2020/10/30 18:39:13:524

I can't connect with the passive [192.168.100.113/5000] error_code:10061 !

<<<----  [OUT]
2020/10/30 18:39:16:010

Connecting Started...

<<<----  [OUT]
2020/10/30 18:39:18:069

I can't connect with the passive [192.168.100.113/5000] error_code:10061 !

<<<----  [OUT]
2020/10/30 18:39:20:558

Connecting Started...

<<<----  [OUT]
2020/10/30 18:39:22:603

I can't connect with the passive [192.168.100.113/5000] error_code:10061 !

<<<----  [OUT]
2020/10/30 18:39:25:089

Connecting Started...

<<<----  [OUT]
2020/10/30 18:39:27:128

I can't connect with the passive [192.168.100.113/5000] error_code:10061 !

<<<----  [OUT]
2020/10/30 18:39:29:605

Connecting Started...

<<<----  [OUT]
2020/10/30 18:39:31:653

I can't connect with the passive [192.168.100.113/5000] error_code:10061 !

<<<----  [OUT]
2020/10/30 18:39:34:137

Connecting Started...

<<<----  [OUT]
2020/10/30 18:39:36:188

I can't connect with the passive [192.168.100.113/5000] error_code:10061 !

<<<----  [OUT]
2020/10/30 18:39:38:668

Connecting Started...

<<<----  [OUT]
2020/10/30 18:39:40:711

I can't connect with the passive [192.168.100.113/5000] error_code:10061 !

<<<----  [OUT]
2020/10/30 18:55:32:480

---------------------------------------------------------------------
// FA : Start Log ...


<<<----  [OUT]
2020/10/30 18:55:32:484

//-------------------------------------------------------------
Property Information

   Driver Type [HSMS]
   Driver Mode [ACTIVE]
   IP    [192.168.100.113]
   Port  [5000]
//-------------------------------------------------------------


<<<----  [OUT]
2020/10/30 18:55:33:085

Auto-Start Started ... (Active)

<<<----  [OUT]
2020/10/30 18:55:33:176

Auto-Start Started ...  Waiting Stop-Connection.

<<<----  [OUT]
2020/10/30 18:55:33:176

Auto-Start Started ...  Waiting Open-Socket.

<<<----  [OUT]
2020/10/30 18:55:33:208

Socket Open Started...

<<<----  [OUT]
2020/10/30 18:55:33:208

Socket Open Completed...

<<<----  [OUT]
2020/10/30 18:55:33:208

Connecting Started...

<<<----  [OUT]
2020/10/30 18:55:33:267

Auto-Start Completed ...  (Active)

<<<----  [OUT]
2020/10/30 18:55:35:268

I can't connect with the passive [192.168.100.113/5000] error_code:10061 !

<<<----  [OUT]
2020/10/30 18:55:37:746

Connecting Started...

<<<----  [OUT]
2020/10/30 18:55:39:796

I can't connect with the passive [192.168.100.113/5000] error_code:10061 !

<<<----  [OUT]
2020/10/30 18:55:42:276

Connecting Started...

<<<----  [OUT]
2020/10/30 18:55:44:325

I can't connect with the passive [192.168.100.113/5000] error_code:10061 !

<<<----  [OUT]
2020/10/30 18:55:46:807

Connecting Started...

<<<----  [OUT]
2020/10/30 18:55:48:868

I can't connect with the passive [192.168.100.113/5000] error_code:10061 !

<<<----  [OUT]
2020/10/30 18:55:51:354

Connecting Started...

<<<----  [OUT]
2020/10/30 18:55:53:396

I can't connect with the passive [192.168.100.113/5000] error_code:10061 !

<<<----  [OUT]
2020/10/30 18:55:55:885

Connecting Started...

<<<----  [OUT]
2020/10/30 18:55:57:936

I can't connect with the passive [192.168.100.113/5000] error_code:10061 !

<<<----  [OUT]
2020/10/30 18:56:00:417

Connecting Started...

<<<----  [OUT]
2020/10/30 18:56:02:484

I can't connect with the passive [192.168.100.113/5000] error_code:10061 !

<<<----  [OUT]
2020/10/30 18:56:04:965

Connecting Started...

<<<----  [OUT]
2020/10/30 18:56:07:013

I can't connect with the passive [192.168.100.113/5000] error_code:10061 !

<<<----  [OUT]
2020/10/30 18:56:09:495

Connecting Started...

<<<----  [OUT]
2020/10/30 18:56:11:540

I can't connect with the passive [192.168.100.113/5000] error_code:10061 !

<<<----  [OUT]
2020/10/30 18:56:14:028

Connecting Started...

<<<----  [OUT]
2020/10/30 18:56:16:086

I can't connect with the passive [192.168.100.113/5000] error_code:10061 !

<<<----  [OUT]
2020/10/30 18:56:18:574

Connecting Started...

<<<----  [OUT]
2020/10/30 18:56:20:636

I can't connect with the passive [192.168.100.113/5000] error_code:10061 !

<<<----  [OUT]
2020/10/30 18:56:23:121

Connecting Started...

<<<----  [OUT]
2020/10/30 18:56:25:172

I can't connect with the passive [192.168.100.113/5000] error_code:10061 !

<<<----  [OUT]
2020/10/30 18:56:27:652

Connecting Started...

<<<----  [OUT]
2020/10/30 18:56:29:690

I can't connect with the passive [192.168.100.113/5000] error_code:10061 !

<<<----  [OUT]
2020/10/30 18:56:32:168

Connecting Started...

<<<----  [OUT]
2020/10/30 18:56:34:227

I can't connect with the passive [192.168.100.113/5000] error_code:10061 !

<<<----  [OUT]
2020/10/30 18:56:36:714

Connecting Started...

<<<----  [OUT]
2020/10/30 18:56:38:759

I can't connect with the passive [192.168.100.113/5000] error_code:10061 !

<<<----  [OUT]
2020/10/30 18:56:41:246

Connecting Started...

<<<----  [OUT]
2020/10/30 18:56:43:309

I can't connect with the passive [192.168.100.113/5000] error_code:10061 !

<<<----  [OUT]
2020/10/30 18:56:45:792

Connecting Started...

<<<----  [OUT]
2020/10/30 18:56:47:846

I can't connect with the passive [192.168.100.113/5000] error_code:10061 !

<<<----  [OUT]
2020/10/30 18:56:50:323

Connecting Started...

<<<----  [OUT]
2020/10/30 18:56:52:369

I can't connect with the passive [192.168.100.113/5000] error_code:10061 !

<<<----  [OUT]
2020/10/30 18:56:54:855

Connecting Started...

<<<----  [OUT]
2020/10/30 18:56:56:904

I can't connect with the passive [192.168.100.113/5000] error_code:10061 !

<<<----  [OUT]
2020/10/30 18:56:59:386

Connecting Started...

<<<----  [OUT]
2020/10/30 18:57:01:468

I can't connect with the passive [192.168.100.113/5000] error_code:10061 !

<<<----  [OUT]
2020/10/30 18:57:03:949

Connecting Started...

<<<----  [OUT]
2020/10/30 18:57:06:009

I can't connect with the passive [192.168.100.113/5000] error_code:10061 !
