
<<<----  [OUT]
2020/10/02 12:30:49:754

---------------------------------------------------------------------
// FA : Start Log ...


<<<----  [OUT]
2020/10/02 12:30:49:758

//-------------------------------------------------------------
Property Information

   Driver Type [HSMS]
   Driver Mode [ACTIVE]
   IP    [192.168.100.113]
   Port  [5000]
//-------------------------------------------------------------


<<<----  [OUT]
2020/10/02 12:30:50:361

Auto-Start Started ... (Active)

<<<----  [OUT]
2020/10/02 12:30:50:452

Auto-Start Started ...  Waiting Stop-Connection.

<<<----  [OUT]
2020/10/02 12:30:50:452

Auto-Start Started ...  Waiting Open-Socket.

<<<----  [OUT]
2020/10/02 12:30:50:482

Socket Open Started...

<<<----  [OUT]
2020/10/02 12:30:50:482

Socket Open Completed...

<<<----  [OUT]
2020/10/02 12:30:50:482

Connecting Started...

<<<----  [OUT]
2020/10/02 12:30:50:542

Auto-Start Completed ...  (Active)

<<<----  [OUT]
2020/10/02 12:30:52:539

I can't connect with the passive [192.168.100.113/5000] error_code:10061 !

<<<----  [OUT]
2020/10/02 12:30:55:026

Connecting Started...

<<<----  [OUT]
2020/10/02 12:30:57:077

I can't connect with the passive [192.168.100.113/5000] error_code:10061 !

<<<----  [OUT]
2020/10/02 12:30:59:559

Connecting Started...

<<<----  [OUT]
2020/10/02 12:31:01:608

I can't connect with the passive [192.168.100.113/5000] error_code:10061 !

<<<----  [OUT]
2020/10/02 12:31:04:089

Connecting Started...

<<<----  [OUT]
2020/10/02 12:31:06:126

I can't connect with the passive [192.168.100.113/5000] error_code:10061 !

<<<----  [OUT]
2020/10/02 12:31:08:606

Connecting Started...

<<<----  [OUT]
2020/10/02 12:31:10:653

I can't connect with the passive [192.168.100.113/5000] error_code:10061 !

<<<----  [OUT]
2020/10/02 12:31:13:136

Connecting Started...

<<<----  [OUT]
2020/10/02 12:31:15:194

I can't connect with the passive [192.168.100.113/5000] error_code:10061 !

<<<----  [OUT]
2020/10/02 12:31:17:684

Connecting Started...

<<<----  [OUT]
2020/10/02 12:31:19:732

I can't connect with the passive [192.168.100.113/5000] error_code:10061 !

<<<----  [OUT]
2020/10/02 12:31:22:215

Connecting Started...

<<<----  [OUT]
2020/10/02 12:31:24:265

I can't connect with the passive [192.168.100.113/5000] error_code:10061 !

<<<----  [OUT]
2020/10/02 12:31:26:747

Connecting Started...

<<<----  [OUT]
2020/10/02 12:31:28:790

I can't connect with the passive [192.168.100.113/5000] error_code:10061 !

<<<----  [OUT]
2020/10/02 12:31:31:276

Connecting Started...

<<<----  [OUT]
2020/10/02 12:31:33:314

I can't connect with the passive [192.168.100.113/5000] error_code:10061 !
