
<<<----  [OUT]
2021/03/12 09:10:54:056

---------------------------------------------------------------------
// FA : Start Log ...


<<<----  [OUT]
2021/03/12 09:10:54:065

//-------------------------------------------------------------
Property Information

   Driver Type [HSMS]
   Driver Mode [ACTIVE]
   IP    [192.168.100.113]
   Port  [5000]
//-------------------------------------------------------------


<<<----  [OUT]
2021/03/12 09:10:54:667

Auto-Start Started ... (Active)

<<<----  [OUT]
2021/03/12 09:10:54:758

Auto-Start Started ...  Waiting Stop-Connection.

<<<----  [OUT]
2021/03/12 09:10:54:758

Auto-Start Started ...  Waiting Open-Socket.

<<<----  [OUT]
2021/03/12 09:10:54:782

Socket Open Started...

<<<----  [OUT]
2021/03/12 09:10:54:782

Socket Open Completed...

<<<----  [OUT]
2021/03/12 09:10:54:782

Connecting Started...

<<<----  [OUT]
2021/03/12 09:10:54:849

Auto-Start Completed ...  (Active)

<<<----  [OUT]
2021/03/12 09:13:11:839

---------------------------------------------------------------------
// FA : Start Log ...


<<<----  [OUT]
2021/03/12 09:13:11:849

//-------------------------------------------------------------
Property Information

   Driver Type [HSMS]
   Driver Mode [ACTIVE]
   IP    [192.168.100.113]
   Port  [5000]
//-------------------------------------------------------------


<<<----  [OUT]
2021/03/12 09:13:12:451

Auto-Start Started ... (Active)

<<<----  [OUT]
2021/03/12 09:13:12:541

Auto-Start Started ...  Waiting Stop-Connection.

<<<----  [OUT]
2021/03/12 09:13:12:541

Auto-Start Started ...  Waiting Open-Socket.

<<<----  [OUT]
2021/03/12 09:13:12:565

Socket Open Started...

<<<----  [OUT]
2021/03/12 09:13:12:565

Socket Open Completed...

<<<----  [OUT]
2021/03/12 09:13:12:565

Connecting Started...

<<<----  [OUT]
2021/03/12 09:13:12:632

Auto-Start Completed ...  (Active)
