
<<<----  [OUT]
2020/09/07 16:26:17:175

---------------------------------------------------------------------
// FA : Start Log ...


<<<----  [OUT]
2020/09/07 16:26:17:178

//-------------------------------------------------------------
Property Information

   Driver Type [HSMS]
   Driver Mode [ACTIVE]
   IP    [192.168.100.113]
   Port  [5000]
//-------------------------------------------------------------


<<<----  [OUT]
2020/09/07 16:26:17:780

Auto-Start Started ... (Active)

<<<----  [OUT]
2020/09/07 16:26:17:870

Auto-Start Started ...  Waiting Stop-Connection.

<<<----  [OUT]
2020/09/07 16:26:17:870

Auto-Start Started ...  Waiting Open-Socket.

<<<----  [OUT]
2020/09/07 16:26:17:901

Socket Open Started...

<<<----  [OUT]
2020/09/07 16:26:17:901

Socket Open Completed...

<<<----  [OUT]
2020/09/07 16:26:17:901

Connecting Started...

<<<----  [OUT]
2020/09/07 16:26:17:961

Auto-Start Completed ...  (Active)

<<<----  [OUT]
2020/09/07 16:26:19:967

I can't connect with the passive [192.168.100.113/5000] error_code:10061 !

<<<----  [OUT]
2020/09/07 16:26:22:449

Connecting Started...

<<<----  [OUT]
2020/09/07 16:26:24:496

I can't connect with the passive [192.168.100.113/5000] error_code:10061 !

<<<----  [OUT]
2020/09/07 16:26:26:981

Connecting Started...

<<<----  [OUT]
2020/09/07 16:26:29:017

I can't connect with the passive [192.168.100.113/5000] error_code:10061 !

<<<----  [OUT]
2020/09/07 16:26:31:498

Connecting Started...

<<<----  [OUT]
2020/09/07 16:26:33:544

I can't connect with the passive [192.168.100.113/5000] error_code:10061 !

<<<----  [OUT]
2020/09/07 16:26:36:028

Connecting Started...

<<<----  [OUT]
2020/09/07 16:26:38:076

I can't connect with the passive [192.168.100.113/5000] error_code:10061 !

<<<----  [OUT]
2020/09/07 16:26:40:559

Connecting Started...

<<<----  [OUT]
2020/09/07 16:26:42:618

I can't connect with the passive [192.168.100.113/5000] error_code:10061 !

<<<----  [OUT]
2020/09/07 16:26:45:106

Connecting Started...

<<<----  [OUT]
2020/09/07 16:26:47:163

I can't connect with the passive [192.168.100.113/5000] error_code:10061 !

<<<----  [OUT]
2020/09/07 16:26:49:654

Connecting Started...

<<<----  [OUT]
2020/09/07 16:26:51:708

I can't connect with the passive [192.168.100.113/5000] error_code:10061 !

<<<----  [OUT]
2020/09/07 16:26:54:185

Connecting Started...

<<<----  [OUT]
2020/09/07 16:26:56:237

I can't connect with the passive [192.168.100.113/5000] error_code:10061 !

<<<----  [OUT]
2020/09/07 16:26:58:715

Connecting Started...

<<<----  [OUT]
2020/09/07 16:27:00:768

I can't connect with the passive [192.168.100.113/5000] error_code:10061 !

<<<----  [OUT]
2020/09/07 16:27:03:247

Connecting Started...

<<<----  [OUT]
2020/09/07 16:27:05:305

I can't connect with the passive [192.168.100.113/5000] error_code:10061 !

<<<----  [OUT]
2020/09/07 16:27:07:795

Connecting Started...

<<<----  [OUT]
2020/09/07 16:27:09:850

I can't connect with the passive [192.168.100.113/5000] error_code:10061 !

<<<----  [OUT]
2020/09/07 16:27:12:341

Connecting Started...

<<<----  [OUT]
2020/09/07 16:27:14:395

I can't connect with the passive [192.168.100.113/5000] error_code:10061 !

<<<----  [OUT]
2020/09/07 16:27:16:872

Connecting Started...

<<<----  [OUT]
2020/09/07 16:27:18:929

I can't connect with the passive [192.168.100.113/5000] error_code:10061 !

<<<----  [OUT]
2020/09/07 16:27:21:419

Connecting Started...

<<<----  [OUT]
2020/09/07 16:27:23:477

I can't connect with the passive [192.168.100.113/5000] error_code:10061 !

<<<----  [OUT]
2020/09/07 16:27:25:965

Connecting Started...

<<<----  [OUT]
2020/09/07 16:27:28:019

I can't connect with the passive [192.168.100.113/5000] error_code:10061 !

<<<----  [OUT]
2020/09/07 16:27:30:496

Connecting Started...

<<<----  [OUT]
2020/09/07 16:27:32:540

I can't connect with the passive [192.168.100.113/5000] error_code:10061 !

<<<----  [OUT]
2020/09/07 16:27:35:029

Connecting Started...

<<<----  [OUT]
2020/09/07 16:27:37:075

I can't connect with the passive [192.168.100.113/5000] error_code:10061 !

<<<----  [OUT]
2020/09/07 16:27:39:560

Connecting Started...

<<<----  [OUT]
2020/09/07 16:27:41:591

I can't connect with the passive [192.168.100.113/5000] error_code:10061 !

<<<----  [OUT]
2020/09/07 16:27:44:076

Connecting Started...

<<<----  [OUT]
2020/09/07 16:27:46:120

I can't connect with the passive [192.168.100.113/5000] error_code:10061 !

<<<----  [OUT]
2020/09/07 16:27:48:607

Connecting Started...

<<<----  [OUT]
2020/09/07 16:27:50:646

I can't connect with the passive [192.168.100.113/5000] error_code:10061 !

<<<----  [OUT]
2020/09/07 16:27:53:139

Connecting Started...

<<<----  [OUT]
2020/09/07 16:27:55:174

I can't connect with the passive [192.168.100.113/5000] error_code:10061 !

<<<----  [OUT]
2020/09/07 16:27:57:653

Connecting Started...

<<<----  [OUT]
2020/09/07 16:27:59:695

I can't connect with the passive [192.168.100.113/5000] error_code:10061 !

<<<----  [OUT]
2020/09/07 16:28:02:184

Connecting Started...

<<<----  [OUT]
2020/09/07 16:28:04:219

I can't connect with the passive [192.168.100.113/5000] error_code:10061 !

<<<----  [OUT]
2020/09/07 16:28:06:700

Connecting Started...

<<<----  [OUT]
2020/09/07 16:28:08:737

I can't connect with the passive [192.168.100.113/5000] error_code:10061 !

<<<----  [OUT]
2020/09/07 16:28:11:215

Connecting Started...

<<<----  [OUT]
2020/09/07 16:28:13:252

I can't connect with the passive [192.168.100.113/5000] error_code:10061 !

<<<----  [OUT]
2020/09/07 16:28:15:731

Connecting Started...

<<<----  [OUT]
2020/09/07 16:28:17:771

I can't connect with the passive [192.168.100.113/5000] error_code:10061 !

<<<----  [OUT]
2020/09/07 16:28:20:246

Connecting Started...

<<<----  [OUT]
2020/09/07 16:28:22:295

I can't connect with the passive [192.168.100.113/5000] error_code:10061 !

<<<----  [OUT]
2020/09/07 16:28:24:778

Connecting Started...

<<<----  [OUT]
2020/09/07 16:28:26:825

I can't connect with the passive [192.168.100.113/5000] error_code:10061 !

<<<----  [OUT]
2020/09/07 16:28:29:309

Connecting Started...

<<<----  [OUT]
2020/09/07 16:28:31:355

I can't connect with the passive [192.168.100.113/5000] error_code:10061 !

<<<----  [OUT]
2020/09/07 16:28:33:841

Connecting Started...

<<<----  [OUT]
2020/09/07 16:28:35:886

I can't connect with the passive [192.168.100.113/5000] error_code:10061 !

<<<----  [OUT]
2020/09/07 16:28:38:372

Connecting Started...

<<<----  [OUT]
2020/09/07 16:28:40:421

I can't connect with the passive [192.168.100.113/5000] error_code:10061 !

<<<----  [OUT]
2020/09/07 16:28:42:902

Connecting Started...

<<<----  [OUT]
2020/09/07 16:28:44:943

I can't connect with the passive [192.168.100.113/5000] error_code:10061 !

<<<----  [OUT]
2020/09/07 16:28:47:434

Connecting Started...

<<<----  [OUT]
2020/09/07 16:28:49:486

I can't connect with the passive [192.168.100.113/5000] error_code:10061 !

<<<----  [OUT]
2020/09/07 16:28:51:966

Connecting Started...

<<<----  [OUT]
2020/09/07 16:28:54:012

I can't connect with the passive [192.168.100.113/5000] error_code:10061 !

<<<----  [OUT]
2020/09/07 16:28:56:497

Connecting Started...

<<<----  [OUT]
2020/09/07 16:28:58:544

I can't connect with the passive [192.168.100.113/5000] error_code:10061 !

<<<----  [OUT]
2020/09/07 16:29:01:029

Connecting Started...

<<<----  [OUT]
2020/09/07 16:29:03:082

I can't connect with the passive [192.168.100.113/5000] error_code:10061 !

<<<----  [OUT]
2020/09/07 16:29:05:560

Connecting Started...

<<<----  [OUT]
2020/09/07 16:29:07:602

I can't connect with the passive [192.168.100.113/5000] error_code:10061 !

<<<----  [OUT]
2020/09/07 16:29:10:091

Connecting Started...

<<<----  [OUT]
2020/09/07 16:29:12:134

I can't connect with the passive [192.168.100.113/5000] error_code:10061 !

<<<----  [OUT]
2020/09/07 16:29:14:622

Connecting Started...

<<<----  [OUT]
2020/09/07 16:29:16:661

I can't connect with the passive [192.168.100.113/5000] error_code:10061 !

<<<----  [OUT]
2020/09/07 16:29:19:138

Connecting Started...

<<<----  [OUT]
2020/09/07 16:29:21:190

I can't connect with the passive [192.168.100.113/5000] error_code:10061 !

<<<----  [OUT]
2020/09/07 16:29:23:669

Connecting Started...

<<<----  [OUT]
2020/09/07 16:29:25:725

I can't connect with the passive [192.168.100.113/5000] error_code:10061 !

<<<----  [OUT]
2020/09/07 16:29:28:216

Connecting Started...

<<<----  [OUT]
2020/09/07 16:29:30:267

I can't connect with the passive [192.168.100.113/5000] error_code:10061 !

<<<----  [OUT]
2020/09/07 16:29:32:746

Connecting Started...

<<<----  [OUT]
2020/09/07 16:29:34:798

I can't connect with the passive [192.168.100.113/5000] error_code:10061 !

<<<----  [OUT]
2020/09/07 16:29:37:278

Connecting Started...

<<<----  [OUT]
2020/09/07 16:29:39:325

I can't connect with the passive [192.168.100.113/5000] error_code:10061 !

<<<----  [OUT]
2020/09/07 16:29:41:809

Connecting Started...

<<<----  [OUT]
2020/09/07 16:29:43:869

I can't connect with the passive [192.168.100.113/5000] error_code:10061 !

<<<----  [OUT]
2020/09/07 16:29:46:356

Connecting Started...

<<<----  [OUT]
2020/09/07 16:29:48:405

I can't connect with the passive [192.168.100.113/5000] error_code:10061 !

<<<----  [OUT]
2020/09/07 16:29:50:889

Connecting Started...

<<<----  [OUT]
2020/09/07 16:29:52:949

I can't connect with the passive [192.168.100.113/5000] error_code:10061 !

<<<----  [OUT]
2020/09/07 16:29:55:436

Connecting Started...

<<<----  [OUT]
2020/09/07 16:29:57:490

I can't connect with the passive [192.168.100.113/5000] error_code:10061 !

<<<----  [OUT]
2020/09/07 16:29:59:980

Connecting Started...

<<<----  [OUT]
2020/09/07 16:30:02:037

I can't connect with the passive [192.168.100.113/5000] error_code:10061 !

<<<----  [OUT]
2020/09/07 16:30:04:528

Connecting Started...

<<<----  [OUT]
2020/09/07 16:30:06:589

I can't connect with the passive [192.168.100.113/5000] error_code:10061 !

<<<----  [OUT]
2020/09/07 16:30:09:076

Connecting Started...

<<<----  [OUT]
2020/09/07 16:30:11:133

I can't connect with the passive [192.168.100.113/5000] error_code:10061 !

<<<----  [OUT]
2020/09/07 16:30:13:623

Connecting Started...

<<<----  [OUT]
2020/09/07 16:30:15:682

I can't connect with the passive [192.168.100.113/5000] error_code:10061 !

<<<----  [OUT]
2020/09/07 16:30:18:169

Connecting Started...

<<<----  [OUT]
2020/09/07 16:30:20:227

I can't connect with the passive [192.168.100.113/5000] error_code:10061 !

<<<----  [OUT]
2020/09/07 16:30:22:717

Connecting Started...

<<<----  [OUT]
2020/09/07 16:30:24:768

I can't connect with the passive [192.168.100.113/5000] error_code:10061 !

<<<----  [OUT]
2020/09/07 16:30:27:247

Connecting Started...

<<<----  [OUT]
2020/09/07 16:30:29:297

I can't connect with the passive [192.168.100.113/5000] error_code:10061 !

<<<----  [OUT]
2020/09/07 16:30:31:778

Connecting Started...

<<<----  [OUT]
2020/09/07 16:30:33:834

I can't connect with the passive [192.168.100.113/5000] error_code:10061 !

<<<----  [OUT]
2020/09/07 16:30:36:326

Connecting Started...

<<<----  [OUT]
2020/09/07 16:30:38:391

I can't connect with the passive [192.168.100.113/5000] error_code:10061 !

<<<----  [OUT]
2020/09/07 16:30:40:871

Connecting Started...

<<<----  [OUT]
2020/09/07 16:30:42:929

I can't connect with the passive [192.168.100.113/5000] error_code:10061 !

<<<----  [OUT]
2020/09/07 16:30:45:419

Connecting Started...

<<<----  [OUT]
2020/09/07 16:30:47:483

I can't connect with the passive [192.168.100.113/5000] error_code:10061 !

<<<----  [OUT]
2020/09/07 16:30:49:967

Connecting Started...

<<<----  [OUT]
2020/09/07 16:30:52:031

I can't connect with the passive [192.168.100.113/5000] error_code:10061 !

<<<----  [OUT]
2020/09/07 16:30:54:513

Connecting Started...

<<<----  [OUT]
2020/09/07 16:30:56:568

I can't connect with the passive [192.168.100.113/5000] error_code:10061 !

<<<----  [OUT]
2020/09/07 16:30:59:059

Connecting Started...

<<<----  [OUT]
2020/09/07 16:31:01:119

I can't connect with the passive [192.168.100.113/5000] error_code:10061 !

<<<----  [OUT]
2020/09/07 16:31:03:606

Connecting Started...

<<<----  [OUT]
2020/09/07 16:31:05:659

I can't connect with the passive [192.168.100.113/5000] error_code:10061 !

<<<----  [OUT]
2020/09/07 16:31:08:138

Connecting Started...

<<<----  [OUT]
2020/09/07 16:31:10:194

I can't connect with the passive [192.168.100.113/5000] error_code:10061 !

<<<----  [OUT]
2020/09/07 16:31:12:684

Connecting Started...

<<<----  [OUT]
2020/09/07 16:31:14:748

I can't connect with the passive [192.168.100.113/5000] error_code:10061 !

<<<----  [OUT]
2020/09/07 16:31:17:232

Connecting Started...

<<<----  [OUT]
2020/09/07 16:31:19:295

I can't connect with the passive [192.168.100.113/5000] error_code:10061 !

<<<----  [OUT]
2020/09/07 16:31:21:779

Connecting Started...

<<<----  [OUT]
2020/09/07 16:31:23:827

I can't connect with the passive [192.168.100.113/5000] error_code:10061 !

<<<----  [OUT]
2020/09/07 16:31:26:310

Connecting Started...

<<<----  [OUT]
2020/09/07 16:31:28:363

I can't connect with the passive [192.168.100.113/5000] error_code:10061 !

<<<----  [OUT]
2020/09/07 16:31:30:842

Connecting Started...

<<<----  [OUT]
2020/09/07 16:31:32:892

I can't connect with the passive [192.168.100.113/5000] error_code:10061 !

<<<----  [OUT]
2020/09/07 16:31:35:371

Connecting Started...

<<<----  [OUT]
2020/09/07 16:31:37:418

I can't connect with the passive [192.168.100.113/5000] error_code:10061 !

<<<----  [OUT]
2020/09/07 16:31:39:904

Connecting Started...

<<<----  [OUT]
2020/09/07 16:31:41:958

I can't connect with the passive [192.168.100.113/5000] error_code:10061 !

<<<----  [OUT]
2020/09/07 16:31:44:435

Connecting Started...

<<<----  [OUT]
2020/09/07 16:31:46:483

I can't connect with the passive [192.168.100.113/5000] error_code:10061 !

<<<----  [OUT]
2020/09/07 16:31:48:965

Connecting Started...

<<<----  [OUT]
2020/09/07 16:31:51:023

I can't connect with the passive [192.168.100.113/5000] error_code:10061 !

<<<----  [OUT]
2020/09/07 16:31:53:513

Connecting Started...

<<<----  [OUT]
2020/09/07 16:31:55:575

I can't connect with the passive [192.168.100.113/5000] error_code:10061 !

<<<----  [OUT]
2020/09/07 16:31:58:060

Connecting Started...

<<<----  [OUT]
2020/09/07 16:32:00:112

I can't connect with the passive [192.168.100.113/5000] error_code:10061 !

<<<----  [OUT]
2020/09/07 16:32:02:592

Connecting Started...

<<<----  [OUT]
2020/09/07 16:32:04:642

I can't connect with the passive [192.168.100.113/5000] error_code:10061 !

<<<----  [OUT]
2020/09/07 16:32:07:121

Connecting Started...

<<<----  [OUT]
2020/09/07 16:32:09:177

I can't connect with the passive [192.168.100.113/5000] error_code:10061 !

<<<----  [OUT]
2020/09/07 16:32:11:654

Connecting Started...

<<<----  [OUT]
2020/09/07 16:32:13:708

I can't connect with the passive [192.168.100.113/5000] error_code:10061 !

<<<----  [OUT]
2020/09/07 16:32:16:185

Connecting Started...

<<<----  [OUT]
2020/09/07 16:32:18:235

I can't connect with the passive [192.168.100.113/5000] error_code:10061 !

<<<----  [OUT]
2020/09/07 16:32:20:715

Connecting Started...

<<<----  [OUT]
2020/09/07 16:32:22:773

I can't connect with the passive [192.168.100.113/5000] error_code:10061 !

<<<----  [OUT]
2020/09/07 16:32:25:262

Connecting Started...

<<<----  [OUT]
2020/09/07 16:32:27:310

I can't connect with the passive [192.168.100.113/5000] error_code:10061 !

<<<----  [OUT]
2020/09/07 16:32:29:795

Connecting Started...

<<<----  [OUT]
2020/09/07 16:32:31:845

I can't connect with the passive [192.168.100.113/5000] error_code:10061 !

<<<----  [OUT]
2020/09/07 16:32:34:325

Connecting Started...

<<<----  [OUT]
2020/09/07 16:32:36:374

I can't connect with the passive [192.168.100.113/5000] error_code:10061 !

<<<----  [OUT]
2020/09/07 16:32:38:856

Connecting Started...

<<<----  [OUT]
2020/09/07 16:32:40:901

I can't connect with the passive [192.168.100.113/5000] error_code:10061 !

<<<----  [OUT]
2020/09/07 16:32:43:387

Connecting Started...

<<<----  [OUT]
2020/09/07 16:32:45:432

I can't connect with the passive [192.168.100.113/5000] error_code:10061 !

<<<----  [OUT]
2020/09/07 16:32:47:918

Connecting Started...

<<<----  [OUT]
2020/09/07 16:32:49:971

I can't connect with the passive [192.168.100.113/5000] error_code:10061 !

<<<----  [OUT]
2020/09/07 16:32:52:450

Connecting Started...

<<<----  [OUT]
2020/09/07 16:32:54:507

I can't connect with the passive [192.168.100.113/5000] error_code:10061 !

<<<----  [OUT]
2020/09/07 16:32:56:997

Connecting Started...

<<<----  [OUT]
2020/09/07 16:32:59:045

I can't connect with the passive [192.168.100.113/5000] error_code:10061 !

<<<----  [OUT]
2020/09/07 16:33:01:528

Connecting Started...

<<<----  [OUT]
2020/09/07 16:33:03:582

I can't connect with the passive [192.168.100.113/5000] error_code:10061 !

<<<----  [OUT]
2020/09/07 16:33:06:059

Connecting Started...

<<<----  [OUT]
2020/09/07 16:33:08:098

I can't connect with the passive [192.168.100.113/5000] error_code:10061 !

<<<----  [OUT]
2020/09/07 16:33:10:576

Connecting Started...

<<<----  [OUT]
2020/09/07 16:33:12:640

I can't connect with the passive [192.168.100.113/5000] error_code:10061 !

<<<----  [OUT]
2020/09/07 16:33:15:122

Connecting Started...

<<<----  [OUT]
2020/09/07 16:33:17:205

I can't connect with the passive [192.168.100.113/5000] error_code:10061 !

<<<----  [OUT]
2020/09/07 16:33:19:684

Connecting Started...

<<<----  [OUT]
2020/09/07 16:33:21:760

I can't connect with the passive [192.168.100.113/5000] error_code:10061 !

<<<----  [OUT]
2020/09/07 16:33:24:246

Connecting Started...

<<<----  [OUT]
2020/09/07 16:33:26:302

I can't connect with the passive [192.168.100.113/5000] error_code:10061 !

<<<----  [OUT]
2020/09/07 16:33:28:779

Connecting Started...

<<<----  [OUT]
2020/09/07 16:33:30:832

I can't connect with the passive [192.168.100.113/5000] error_code:10061 !

<<<----  [OUT]
2020/09/07 16:33:33:310

Connecting Started...

<<<----  [OUT]
2020/09/07 16:33:35:364

I can't connect with the passive [192.168.100.113/5000] error_code:10061 !

<<<----  [OUT]
2020/09/07 16:33:37:839

Connecting Started...

<<<----  [OUT]
2020/09/07 16:33:39:877

I can't connect with the passive [192.168.100.113/5000] error_code:10061 !

<<<----  [OUT]
2020/09/07 16:33:42:357

Connecting Started...

<<<----  [OUT]
2020/09/07 16:33:44:416

I can't connect with the passive [192.168.100.113/5000] error_code:10061 !

<<<----  [OUT]
2020/09/07 16:33:46:902

Connecting Started...

<<<----  [OUT]
2020/09/07 16:33:48:958

I can't connect with the passive [192.168.100.113/5000] error_code:10061 !

<<<----  [OUT]
2020/09/07 16:33:51:434

Connecting Started...

<<<----  [OUT]
2020/09/07 16:33:53:492

I can't connect with the passive [192.168.100.113/5000] error_code:10061 !

<<<----  [OUT]
2020/09/07 16:33:55:981

Connecting Started...

<<<----  [OUT]
2020/09/07 16:33:58:042

I can't connect with the passive [192.168.100.113/5000] error_code:10061 !

<<<----  [OUT]
2020/09/07 16:34:00:528

Connecting Started...

<<<----  [OUT]
2020/09/07 16:34:02:580

I can't connect with the passive [192.168.100.113/5000] error_code:10061 !

<<<----  [OUT]
2020/09/07 16:34:05:059

Connecting Started...

<<<----  [OUT]
2020/09/07 16:34:07:110

I can't connect with the passive [192.168.100.113/5000] error_code:10061 !

<<<----  [OUT]
2020/09/07 16:34:09:591

Connecting Started...

<<<----  [OUT]
2020/09/07 16:34:11:651

I can't connect with the passive [192.168.100.113/5000] error_code:10061 !

<<<----  [OUT]
2020/09/07 16:34:14:137

Connecting Started...

<<<----  [OUT]
2020/09/07 16:34:16:188

I can't connect with the passive [192.168.100.113/5000] error_code:10061 !

<<<----  [OUT]
2020/09/07 16:34:18:668

Connecting Started...

<<<----  [OUT]
2020/09/07 16:34:20:723

I can't connect with the passive [192.168.100.113/5000] error_code:10061 !

<<<----  [OUT]
2020/09/07 16:34:23:200

Connecting Started...

<<<----  [OUT]
2020/09/07 16:34:25:256

I can't connect with the passive [192.168.100.113/5000] error_code:10061 !

<<<----  [OUT]
2020/09/07 16:34:27:747

Connecting Started...

<<<----  [OUT]
2020/09/07 16:34:29:807

I can't connect with the passive [192.168.100.113/5000] error_code:10061 !

<<<----  [OUT]
2020/09/07 16:34:32:294

Connecting Started...

<<<----  [OUT]
2020/09/07 16:34:34:347

I can't connect with the passive [192.168.100.113/5000] error_code:10061 !

<<<----  [OUT]
2020/09/07 16:34:36:826

Connecting Started...

<<<----  [OUT]
2020/09/07 16:34:38:892

I can't connect with the passive [192.168.100.113/5000] error_code:10061 !

<<<----  [OUT]
2020/09/07 16:34:41:372

Connecting Started...

<<<----  [OUT]
2020/09/07 16:34:43:446

I can't connect with the passive [192.168.100.113/5000] error_code:10061 !

<<<----  [OUT]
2020/09/07 16:34:45:934

Connecting Started...

<<<----  [OUT]
2020/09/07 16:34:48:003

I can't connect with the passive [192.168.100.113/5000] error_code:10061 !

<<<----  [OUT]
2020/09/07 16:34:50:481

Connecting Started...

<<<----  [OUT]
2020/09/07 16:34:52:536

I can't connect with the passive [192.168.100.113/5000] error_code:10061 !

<<<----  [OUT]
2020/09/07 16:34:55:013

Connecting Started...

<<<----  [OUT]
2020/09/07 16:34:57:067

I can't connect with the passive [192.168.100.113/5000] error_code:10061 !

<<<----  [OUT]
2020/09/07 16:34:59:544

Connecting Started...

<<<----  [OUT]
2020/09/07 16:35:01:606

I can't connect with the passive [192.168.100.113/5000] error_code:10061 !

<<<----  [OUT]
2020/09/07 16:35:04:091

Connecting Started...

<<<----  [OUT]
2020/09/07 16:35:06:159

I can't connect with the passive [192.168.100.113/5000] error_code:10061 !

<<<----  [OUT]
2020/09/07 16:35:08:637

Connecting Started...

<<<----  [OUT]
2020/09/07 16:35:10:688

I can't connect with the passive [192.168.100.113/5000] error_code:10061 !

<<<----  [OUT]
2020/09/07 16:35:13:169

Connecting Started...

<<<----  [OUT]
2020/09/07 16:35:15:233

I can't connect with the passive [192.168.100.113/5000] error_code:10061 !

<<<----  [OUT]
2020/09/07 16:35:17:716

Connecting Started...

<<<----  [OUT]
2020/09/07 16:35:19:772

I can't connect with the passive [192.168.100.113/5000] error_code:10061 !

<<<----  [OUT]
2020/09/07 16:35:22:262

Connecting Started...

<<<----  [OUT]
2020/09/07 16:35:24:330

I can't connect with the passive [192.168.100.113/5000] error_code:10061 !

<<<----  [OUT]
2020/09/07 16:35:26:810

Connecting Started...

<<<----  [OUT]
2020/09/07 16:35:28:861

I can't connect with the passive [192.168.100.113/5000] error_code:10061 !

<<<----  [OUT]
2020/09/07 16:35:31:340

Connecting Started...

<<<----  [OUT]
2020/09/07 16:35:33:390

I can't connect with the passive [192.168.100.113/5000] error_code:10061 !

<<<----  [OUT]
2020/09/07 16:35:35:872

Connecting Started...

<<<----  [OUT]
2020/09/07 16:35:37:921

I can't connect with the passive [192.168.100.113/5000] error_code:10061 !

<<<----  [OUT]
2020/09/07 16:35:40:404

Connecting Started...

<<<----  [OUT]
2020/09/07 16:35:42:457

I can't connect with the passive [192.168.100.113/5000] error_code:10061 !

<<<----  [OUT]
2020/09/07 16:35:44:934

Connecting Started...

<<<----  [OUT]
2020/09/07 16:35:46:991

I can't connect with the passive [192.168.100.113/5000] error_code:10061 !

<<<----  [OUT]
2020/09/07 16:35:49:481

Connecting Started...

<<<----  [OUT]
2020/09/07 16:35:51:538

I can't connect with the passive [192.168.100.113/5000] error_code:10061 !

<<<----  [OUT]
2020/09/07 16:35:54:027

Connecting Started...

<<<----  [OUT]
2020/09/07 16:35:56:082

I can't connect with the passive [192.168.100.113/5000] error_code:10061 !

<<<----  [OUT]
2020/09/07 16:35:58:559

Connecting Started...

<<<----  [OUT]
2020/09/07 16:36:00:616

I can't connect with the passive [192.168.100.113/5000] error_code:10061 !

<<<----  [OUT]
2020/09/07 16:36:03:106

Connecting Started...

<<<----  [OUT]
2020/09/07 16:36:05:150

I can't connect with the passive [192.168.100.113/5000] error_code:10061 !

<<<----  [OUT]
2020/09/07 16:36:07:637

Connecting Started...

<<<----  [OUT]
2020/09/07 16:36:09:683

I can't connect with the passive [192.168.100.113/5000] error_code:10061 !

<<<----  [OUT]
2020/09/07 16:36:12:168

Connecting Started...

<<<----  [OUT]
2020/09/07 16:36:14:225

I can't connect with the passive [192.168.100.113/5000] error_code:10061 !

<<<----  [OUT]
2020/09/07 16:36:16:717

Connecting Started...

<<<----  [OUT]
2020/09/07 16:36:18:771

I can't connect with the passive [192.168.100.113/5000] error_code:10061 !

<<<----  [OUT]
2020/09/07 16:36:21:263

Connecting Started...

<<<----  [OUT]
2020/09/07 16:36:23:308

I can't connect with the passive [192.168.100.113/5000] error_code:10061 !

<<<----  [OUT]
2020/09/07 16:36:25:794

Connecting Started...

<<<----  [OUT]
2020/09/07 16:36:27:846

I can't connect with the passive [192.168.100.113/5000] error_code:10061 !

<<<----  [OUT]
2020/09/07 16:36:30:325

Connecting Started...

<<<----  [OUT]
2020/09/07 16:36:32:378

I can't connect with the passive [192.168.100.113/5000] error_code:10061 !

<<<----  [OUT]
2020/09/07 16:36:34:856

Connecting Started...

<<<----  [OUT]
2020/09/07 16:36:36:907

I can't connect with the passive [192.168.100.113/5000] error_code:10061 !

<<<----  [OUT]
2020/09/07 16:36:39:387

Connecting Started...

<<<----  [OUT]
2020/09/07 16:36:41:446

I can't connect with the passive [192.168.100.113/5000] error_code:10061 !

<<<----  [OUT]
2020/09/07 16:36:43:934

Connecting Started...

<<<----  [OUT]
2020/09/07 16:36:45:992

I can't connect with the passive [192.168.100.113/5000] error_code:10061 !

<<<----  [OUT]
2020/09/07 16:36:48:482

Connecting Started...

<<<----  [OUT]
2020/09/07 16:36:50:528

I can't connect with the passive [192.168.100.113/5000] error_code:10061 !

<<<----  [OUT]
2020/09/07 16:36:53:013

Connecting Started...

<<<----  [OUT]
2020/09/07 16:36:55:081

I can't connect with the passive [192.168.100.113/5000] error_code:10061 !

<<<----  [OUT]
2020/09/07 16:36:57:561

Connecting Started...

<<<----  [OUT]
2020/09/07 16:36:59:618

I can't connect with the passive [192.168.100.113/5000] error_code:10061 !

<<<----  [OUT]
2020/09/07 16:37:02:106

Connecting Started...

<<<----  [OUT]
2020/09/07 16:37:04:176

I can't connect with the passive [192.168.100.113/5000] error_code:10061 !

<<<----  [OUT]
2020/09/07 16:37:06:653

Connecting Started...

<<<----  [OUT]
2020/09/07 16:37:08:716

I can't connect with the passive [192.168.100.113/5000] error_code:10061 !

<<<----  [OUT]
2020/09/07 16:37:11:201

Connecting Started...

<<<----  [OUT]
2020/09/07 16:37:13:262

I can't connect with the passive [192.168.100.113/5000] error_code:10061 !

<<<----  [OUT]
2020/09/07 16:37:15:747

Connecting Started...

<<<----  [OUT]
2020/09/07 16:37:17:799

I can't connect with the passive [192.168.100.113/5000] error_code:10061 !

<<<----  [OUT]
2020/09/07 16:37:20:278

Connecting Started...

<<<----  [OUT]
2020/09/07 16:37:22:332

I can't connect with the passive [192.168.100.113/5000] error_code:10061 !

<<<----  [OUT]
2020/09/07 16:37:24:809

Connecting Started...

<<<----  [OUT]
2020/09/07 16:37:26:852

I can't connect with the passive [192.168.100.113/5000] error_code:10061 !

<<<----  [OUT]
2020/09/07 16:37:29:342

Connecting Started...

<<<----  [OUT]
2020/09/07 16:37:31:385

I can't connect with the passive [192.168.100.113/5000] error_code:10061 !

<<<----  [OUT]
2020/09/07 16:37:33:872

Connecting Started...

<<<----  [OUT]
2020/09/07 16:37:35:912

I can't connect with the passive [192.168.100.113/5000] error_code:10061 !

<<<----  [OUT]
2020/09/07 16:37:38:402

Connecting Started...

<<<----  [OUT]
2020/09/07 16:37:40:459

I can't connect with the passive [192.168.100.113/5000] error_code:10061 !

<<<----  [OUT]
2020/09/07 16:37:42:949

Connecting Started...

<<<----  [OUT]
2020/09/07 16:37:45:007

I can't connect with the passive [192.168.100.113/5000] error_code:10061 !

<<<----  [OUT]
2020/09/07 16:37:47:497

Connecting Started...

<<<----  [OUT]
2020/09/07 16:37:49:553

I can't connect with the passive [192.168.100.113/5000] error_code:10061 !

<<<----  [OUT]
2020/09/07 16:37:52:045

Connecting Started...

<<<----  [OUT]
2020/09/07 16:37:54:093

I can't connect with the passive [192.168.100.113/5000] error_code:10061 !

<<<----  [OUT]
2020/09/07 16:37:56:575

Connecting Started...

<<<----  [OUT]
2020/09/07 16:37:58:635

I can't connect with the passive [192.168.100.113/5000] error_code:10061 !

<<<----  [OUT]
2020/09/07 16:38:01:122

Connecting Started...

<<<----  [OUT]
2020/09/07 16:38:03:162

I can't connect with the passive [192.168.100.113/5000] error_code:10061 !

<<<----  [OUT]
2020/09/07 16:38:05:653

Connecting Started...

<<<----  [OUT]
2020/09/07 16:38:07:684

I can't connect with the passive [192.168.100.113/5000] error_code:10061 !

<<<----  [OUT]
2020/09/07 16:38:10:168

Connecting Started...

<<<----  [OUT]
2020/09/07 16:38:12:214

I can't connect with the passive [192.168.100.113/5000] error_code:10061 !

<<<----  [OUT]
2020/09/07 16:38:14:699

Connecting Started...

<<<----  [OUT]
2020/09/07 16:38:16:771

I can't connect with the passive [192.168.100.113/5000] error_code:10061 !

<<<----  [OUT]
2020/09/07 16:38:19:246

Connecting Started...

<<<----  [OUT]
2020/09/07 16:38:21:304

I can't connect with the passive [192.168.100.113/5000] error_code:10061 !

<<<----  [OUT]
2020/09/07 16:38:23:794

Connecting Started...

<<<----  [OUT]
2020/09/07 16:38:25:855

I can't connect with the passive [192.168.100.113/5000] error_code:10061 !

<<<----  [OUT]
2020/09/07 16:38:28:342

Connecting Started...

<<<----  [OUT]
2020/09/07 16:38:30:395

I can't connect with the passive [192.168.100.113/5000] error_code:10061 !

<<<----  [OUT]
2020/09/07 16:38:32:873

Connecting Started...

<<<----  [OUT]
2020/09/07 16:38:34:931

I can't connect with the passive [192.168.100.113/5000] error_code:10061 !

<<<----  [OUT]
2020/09/07 16:38:37:420

Connecting Started...

<<<----  [OUT]
2020/09/07 16:38:39:473

I can't connect with the passive [192.168.100.113/5000] error_code:10061 !

<<<----  [OUT]
2020/09/07 16:38:41:950

Connecting Started...

<<<----  [OUT]
2020/09/07 16:38:44:002

I can't connect with the passive [192.168.100.113/5000] error_code:10061 !

<<<----  [OUT]
2020/09/07 16:38:46:481

Connecting Started...

<<<----  [OUT]
2020/09/07 16:38:48:541

I can't connect with the passive [192.168.100.113/5000] error_code:10061 !

<<<----  [OUT]
2020/09/07 16:38:51:029

Connecting Started...

<<<----  [OUT]
2020/09/07 16:38:53:083

I can't connect with the passive [192.168.100.113/5000] error_code:10061 !

<<<----  [OUT]
2020/09/07 16:38:55:560

Connecting Started...

<<<----  [OUT]
2020/09/07 16:38:57:621

I can't connect with the passive [192.168.100.113/5000] error_code:10061 !

<<<----  [OUT]
2020/09/07 16:39:00:107

Connecting Started...

<<<----  [OUT]
2020/09/07 16:39:02:166

I can't connect with the passive [192.168.100.113/5000] error_code:10061 !

<<<----  [OUT]
2020/09/07 16:39:04:654

Connecting Started...

<<<----  [OUT]
2020/09/07 16:39:06:707

I can't connect with the passive [192.168.100.113/5000] error_code:10061 !

<<<----  [OUT]
2020/09/07 16:39:09:186

Connecting Started...

<<<----  [OUT]
2020/09/07 16:39:11:234

I can't connect with the passive [192.168.100.113/5000] error_code:10061 !

<<<----  [OUT]
2020/09/07 16:39:13:716

Connecting Started...

<<<----  [OUT]
2020/09/07 16:39:15:760

I can't connect with the passive [192.168.100.113/5000] error_code:10061 !

<<<----  [OUT]
2020/09/07 16:39:18:247

Connecting Started...

<<<----  [OUT]
2020/09/07 16:39:20:298

I can't connect with the passive [192.168.100.113/5000] error_code:10061 !

<<<----  [OUT]
2020/09/07 16:39:22:778

Connecting Started...

<<<----  [OUT]
2020/09/07 16:39:24:817

I can't connect with the passive [192.168.100.113/5000] error_code:10061 !

<<<----  [OUT]
2020/09/07 16:39:27:294

Connecting Started...

<<<----  [OUT]
2020/09/07 16:39:29:342

I can't connect with the passive [192.168.100.113/5000] error_code:10061 !

<<<----  [OUT]
2020/09/07 16:39:31:826

Connecting Started...

<<<----  [OUT]
2020/09/07 16:39:33:863

I can't connect with the passive [192.168.100.113/5000] error_code:10061 !

<<<----  [OUT]
2020/09/07 16:39:36:341

Connecting Started...

<<<----  [OUT]
2020/09/07 16:39:38:378

I can't connect with the passive [192.168.100.113/5000] error_code:10061 !

<<<----  [OUT]
2020/09/07 16:39:40:857

Connecting Started...

<<<----  [OUT]
2020/09/07 16:39:42:909

I can't connect with the passive [192.168.100.113/5000] error_code:10061 !

<<<----  [OUT]
2020/09/07 16:39:45:387

Connecting Started...

<<<----  [OUT]
2020/09/07 16:39:47:425

I can't connect with the passive [192.168.100.113/5000] error_code:10061 !

<<<----  [OUT]
2020/09/07 16:39:49:904

Connecting Started...

<<<----  [OUT]
2020/09/07 16:39:51:956

I can't connect with the passive [192.168.100.113/5000] error_code:10061 !

<<<----  [OUT]
2020/09/07 16:39:54:436

Connecting Started...

<<<----  [OUT]
2020/09/07 16:39:56:459

I can't connect with the passive [192.168.100.113/5000] error_code:10061 !

<<<----  [OUT]
2020/09/07 16:39:58:949

Connecting Started...

<<<----  [OUT]
2020/09/07 16:40:00:991

I can't connect with the passive [192.168.100.113/5000] error_code:10061 !

<<<----  [OUT]
2020/09/07 16:40:03:481

Connecting Started...

<<<----  [OUT]
2020/09/07 16:40:05:521

I can't connect with the passive [192.168.100.113/5000] error_code:10061 !

<<<----  [OUT]
2020/09/07 16:40:07:996

Connecting Started...

<<<----  [OUT]
2020/09/07 16:40:10:039

I can't connect with the passive [192.168.100.113/5000] error_code:10061 !

<<<----  [OUT]
2020/09/07 16:40:12:528

Connecting Started...

<<<----  [OUT]
2020/09/07 16:40:14:575

I can't connect with the passive [192.168.100.113/5000] error_code:10061 !

<<<----  [OUT]
2020/09/07 16:40:17:059

Connecting Started...

<<<----  [OUT]
2020/09/07 16:40:19:111

I can't connect with the passive [192.168.100.113/5000] error_code:10061 !

<<<----  [OUT]
2020/09/07 16:40:21:591

Connecting Started...

<<<----  [OUT]
2020/09/07 16:40:23:639

I can't connect with the passive [192.168.100.113/5000] error_code:10061 !

<<<----  [OUT]
2020/09/07 16:40:26:122

Connecting Started...

<<<----  [OUT]
2020/09/07 16:40:28:177

I can't connect with the passive [192.168.100.113/5000] error_code:10061 !

<<<----  [OUT]
2020/09/07 16:40:30:670

Connecting Started...

<<<----  [OUT]
2020/09/07 16:40:32:713

I can't connect with the passive [192.168.100.113/5000] error_code:10061 !

<<<----  [OUT]
2020/09/07 16:40:35:201

Connecting Started...

<<<----  [OUT]
2020/09/07 16:40:37:245

I can't connect with the passive [192.168.100.113/5000] error_code:10061 !

<<<----  [OUT]
2020/09/07 16:40:39:731

Connecting Started...

<<<----  [OUT]
2020/09/07 16:40:41:783

I can't connect with the passive [192.168.100.113/5000] error_code:10061 !

<<<----  [OUT]
2020/09/07 16:40:44:263

Connecting Started...

<<<----  [OUT]
2020/09/07 16:40:46:300

I can't connect with the passive [192.168.100.113/5000] error_code:10061 !

<<<----  [OUT]
2020/09/07 16:40:48:777

Connecting Started...

<<<----  [OUT]
2020/09/07 16:40:50:814

I can't connect with the passive [192.168.100.113/5000] error_code:10061 !

<<<----  [OUT]
2020/09/07 16:40:53:294

Connecting Started...

<<<----  [OUT]
2020/09/07 16:40:55:338

I can't connect with the passive [192.168.100.113/5000] error_code:10061 !

<<<----  [OUT]
2020/09/07 16:40:57:825

Connecting Started...

<<<----  [OUT]
2020/09/07 16:40:59:878

I can't connect with the passive [192.168.100.113/5000] error_code:10061 !

<<<----  [OUT]
2020/09/07 16:41:02:357

Connecting Started...

<<<----  [OUT]
2020/09/07 16:41:04:409

I can't connect with the passive [192.168.100.113/5000] error_code:10061 !

<<<----  [OUT]
2020/09/07 16:41:06:888

Connecting Started...

<<<----  [OUT]
2020/09/07 16:41:08:949

I can't connect with the passive [192.168.100.113/5000] error_code:10061 !

<<<----  [OUT]
2020/09/07 16:41:11:434

Connecting Started...

<<<----  [OUT]
2020/09/07 16:41:13:493

I can't connect with the passive [192.168.100.113/5000] error_code:10061 !

<<<----  [OUT]
2020/09/07 16:41:15:981

Connecting Started...

<<<----  [OUT]
2020/09/07 16:41:18:031

I can't connect with the passive [192.168.100.113/5000] error_code:10061 !

<<<----  [OUT]
2020/09/07 16:41:20:512

Connecting Started...

<<<----  [OUT]
2020/09/07 16:41:22:561

I can't connect with the passive [192.168.100.113/5000] error_code:10061 !

<<<----  [OUT]
2020/09/07 16:41:25:044

Connecting Started...

<<<----  [OUT]
2020/09/07 16:41:27:103

I can't connect with the passive [192.168.100.113/5000] error_code:10061 !

<<<----  [OUT]
2020/09/07 16:41:29:590

Connecting Started...

<<<----  [OUT]
2020/09/07 16:41:31:657

I can't connect with the passive [192.168.100.113/5000] error_code:10061 !

<<<----  [OUT]
2020/09/07 16:41:34:138

Connecting Started...

<<<----  [OUT]
2020/09/07 16:41:36:173

I can't connect with the passive [192.168.100.113/5000] error_code:10061 !

<<<----  [OUT]
2020/09/07 16:41:38:653

Connecting Started...

<<<----  [OUT]
2020/09/07 16:41:40:702

I can't connect with the passive [192.168.100.113/5000] error_code:10061 !

<<<----  [OUT]
2020/09/07 16:41:43:184

Connecting Started...

<<<----  [OUT]
2020/09/07 16:41:45:246

I can't connect with the passive [192.168.100.113/5000] error_code:10061 !

<<<----  [OUT]
2020/09/07 16:41:47:732

Connecting Started...

<<<----  [OUT]
2020/09/07 16:41:49:780

I can't connect with the passive [192.168.100.113/5000] error_code:10061 !

<<<----  [OUT]
2020/09/07 16:41:52:263

Connecting Started...

<<<----  [OUT]
2020/09/07 16:41:54:308

I can't connect with the passive [192.168.100.113/5000] error_code:10061 !

<<<----  [OUT]
2020/09/07 16:41:56:794

Connecting Started...

<<<----  [OUT]
2020/09/07 16:41:58:836

I can't connect with the passive [192.168.100.113/5000] error_code:10061 !

<<<----  [OUT]
2020/09/07 16:42:01:325

Connecting Started...

<<<----  [OUT]
2020/09/07 16:42:03:403

I can't connect with the passive [192.168.100.113/5000] error_code:10061 !

<<<----  [OUT]
2020/09/07 16:42:05:888

Connecting Started...

<<<----  [OUT]
2020/09/07 16:42:07:952

I can't connect with the passive [192.168.100.113/5000] error_code:10061 !

<<<----  [OUT]
2020/09/07 16:42:10:435

Connecting Started...

<<<----  [OUT]
2020/09/07 16:42:12:497

I can't connect with the passive [192.168.100.113/5000] error_code:10061 !

<<<----  [OUT]
2020/09/07 16:42:14:982

Connecting Started...

<<<----  [OUT]
2020/09/07 16:42:17:036

I can't connect with the passive [192.168.100.113/5000] error_code:10061 !

<<<----  [OUT]
2020/09/07 16:42:19:514

Connecting Started...

<<<----  [OUT]
2020/09/07 16:42:21:568

I can't connect with the passive [192.168.100.113/5000] error_code:10061 !

<<<----  [OUT]
2020/09/07 16:42:24:060

Connecting Started...

<<<----  [OUT]
2020/09/07 16:42:26:120

I can't connect with the passive [192.168.100.113/5000] error_code:10061 !

<<<----  [OUT]
2020/09/07 16:42:28:605

Connecting Started...

<<<----  [OUT]
2020/09/07 16:42:30:668

I can't connect with the passive [192.168.100.113/5000] error_code:10061 !

<<<----  [OUT]
2020/09/07 16:42:33:154

Connecting Started...

<<<----  [OUT]
2020/09/07 16:42:35:214

I can't connect with the passive [192.168.100.113/5000] error_code:10061 !

<<<----  [OUT]
2020/09/07 16:42:37:701

Connecting Started...

<<<----  [OUT]
2020/09/07 16:42:39:755

I can't connect with the passive [192.168.100.113/5000] error_code:10061 !

<<<----  [OUT]
2020/09/07 16:42:42:248

Connecting Started...

<<<----  [OUT]
2020/09/07 16:42:44:298

I can't connect with the passive [192.168.100.113/5000] error_code:10061 !

<<<----  [OUT]
2020/09/07 16:42:46:779

Connecting Started...

<<<----  [OUT]
2020/09/07 16:42:48:833

I can't connect with the passive [192.168.100.113/5000] error_code:10061 !

<<<----  [OUT]
2020/09/07 16:42:51:311

Connecting Started...

<<<----  [OUT]
2020/09/07 16:42:53:365

I can't connect with the passive [192.168.100.113/5000] error_code:10061 !

<<<----  [OUT]
2020/09/07 16:42:55:856

Connecting Started...

<<<----  [OUT]
2020/09/07 16:42:57:917

I can't connect with the passive [192.168.100.113/5000] error_code:10061 !

<<<----  [OUT]
2020/09/07 16:43:00:403

Connecting Started...

<<<----  [OUT]
2020/09/07 16:43:02:456

I can't connect with the passive [192.168.100.113/5000] error_code:10061 !

<<<----  [OUT]
2020/09/07 16:43:04:935

Connecting Started...

<<<----  [OUT]
2020/09/07 16:43:06:988

I can't connect with the passive [192.168.100.113/5000] error_code:10061 !

<<<----  [OUT]
2020/09/07 16:43:09:465

Connecting Started...

<<<----  [OUT]
2020/09/07 16:43:11:522

I can't connect with the passive [192.168.100.113/5000] error_code:10061 !

<<<----  [OUT]
2020/09/07 16:43:14:012

Connecting Started...

<<<----  [OUT]
2020/09/07 16:43:16:055

I can't connect with the passive [192.168.100.113/5000] error_code:10061 !

<<<----  [OUT]
2020/09/07 16:43:18:543

Connecting Started...

<<<----  [OUT]
2020/09/07 16:43:20:603

I can't connect with the passive [192.168.100.113/5000] error_code:10061 !

<<<----  [OUT]
2020/09/07 16:43:23:091

Connecting Started...

<<<----  [OUT]
2020/09/07 16:43:25:157

I can't connect with the passive [192.168.100.113/5000] error_code:10061 !

<<<----  [OUT]
2020/09/07 16:43:27:637

Connecting Started...

<<<----  [OUT]
2020/09/07 16:43:29:697

I can't connect with the passive [192.168.100.113/5000] error_code:10061 !

<<<----  [OUT]
2020/09/07 16:43:32:184

Connecting Started...

<<<----  [OUT]
2020/09/07 16:43:34:231

I can't connect with the passive [192.168.100.113/5000] error_code:10061 !

<<<----  [OUT]
2020/09/07 16:43:36:715

Connecting Started...

<<<----  [OUT]
2020/09/07 16:43:38:761

I can't connect with the passive [192.168.100.113/5000] error_code:10061 !

<<<----  [OUT]
2020/09/07 16:43:41:248

Connecting Started...

<<<----  [OUT]
2020/09/07 16:43:43:291

I can't connect with the passive [192.168.100.113/5000] error_code:10061 !

<<<----  [OUT]
2020/09/07 16:43:45:778

Connecting Started...

<<<----  [OUT]
2020/09/07 16:43:47:825

I can't connect with the passive [192.168.100.113/5000] error_code:10061 !

<<<----  [OUT]
2020/09/07 16:43:50:310

Connecting Started...

<<<----  [OUT]
2020/09/07 16:43:52:358

I can't connect with the passive [192.168.100.113/5000] error_code:10061 !

<<<----  [OUT]
2020/09/07 16:43:54:840

Connecting Started...

<<<----  [OUT]
2020/09/07 16:43:56:876

I can't connect with the passive [192.168.100.113/5000] error_code:10061 !

<<<----  [OUT]
2020/09/07 16:43:59:356

Connecting Started...

<<<----  [OUT]
2020/09/07 16:44:01:415

I can't connect with the passive [192.168.100.113/5000] error_code:10061 !

<<<----  [OUT]
2020/09/07 16:44:03:903

Connecting Started...

<<<----  [OUT]
2020/09/07 16:44:05:955

I can't connect with the passive [192.168.100.113/5000] error_code:10061 !

<<<----  [OUT]
2020/09/07 16:44:08:435

Connecting Started...

<<<----  [OUT]
2020/09/07 16:44:10:485

I can't connect with the passive [192.168.100.113/5000] error_code:10061 !

<<<----  [OUT]
2020/09/07 16:44:12:966

Connecting Started...

<<<----  [OUT]
2020/09/07 16:44:15:035

I can't connect with the passive [192.168.100.113/5000] error_code:10061 !

<<<----  [OUT]
2020/09/07 16:44:17:513

Connecting Started...

<<<----  [OUT]
2020/09/07 16:44:19:576

I can't connect with the passive [192.168.100.113/5000] error_code:10061 !

<<<----  [OUT]
2020/09/07 16:44:22:059

Connecting Started...

<<<----  [OUT]
2020/09/07 16:44:24:113

I can't connect with the passive [192.168.100.113/5000] error_code:10061 !

<<<----  [OUT]
2020/09/07 16:44:26:591

Connecting Started...

<<<----  [OUT]
2020/09/07 16:44:28:648

I can't connect with the passive [192.168.100.113/5000] error_code:10061 !

<<<----  [OUT]
2020/09/07 16:44:31:138

Connecting Started...

<<<----  [OUT]
2020/09/07 16:44:33:186

I can't connect with the passive [192.168.100.113/5000] error_code:10061 !

<<<----  [OUT]
2020/09/07 16:44:35:670

Connecting Started...

<<<----  [OUT]
2020/09/07 16:44:37:723

I can't connect with the passive [192.168.100.113/5000] error_code:10061 !

<<<----  [OUT]
2020/09/07 16:44:40:201

Connecting Started...

<<<----  [OUT]
2020/09/07 16:44:42:245

I can't connect with the passive [192.168.100.113/5000] error_code:10061 !

<<<----  [OUT]
2020/09/07 16:44:44:731

Connecting Started...

<<<----  [OUT]
2020/09/07 16:44:46:771

I can't connect with the passive [192.168.100.113/5000] error_code:10061 !

<<<----  [OUT]
2020/09/07 16:44:49:262

Connecting Started...

<<<----  [OUT]
2020/09/07 16:44:51:317

I can't connect with the passive [192.168.100.113/5000] error_code:10061 !

<<<----  [OUT]
2020/09/07 16:44:53:794

Connecting Started...

<<<----  [OUT]
2020/09/07 16:44:55:858

I can't connect with the passive [192.168.100.113/5000] error_code:10061 !

<<<----  [OUT]
2020/09/07 16:44:58:341

Connecting Started...

<<<----  [OUT]
2020/09/07 16:45:00:393

I can't connect with the passive [192.168.100.113/5000] error_code:10061 !

<<<----  [OUT]
2020/09/07 16:45:02:872

Connecting Started...

<<<----  [OUT]
2020/09/07 16:45:04:933

I can't connect with the passive [192.168.100.113/5000] error_code:10061 !

<<<----  [OUT]
2020/09/07 16:45:07:419

Connecting Started...

<<<----  [OUT]
2020/09/07 16:45:09:475

I can't connect with the passive [192.168.100.113/5000] error_code:10061 !

<<<----  [OUT]
2020/09/07 16:45:11:966

Connecting Started...

<<<----  [OUT]
2020/09/07 16:45:14:026

I can't connect with the passive [192.168.100.113/5000] error_code:10061 !

<<<----  [OUT]
2020/09/07 16:45:16:513

Connecting Started...

<<<----  [OUT]
2020/09/07 16:45:18:554

I can't connect with the passive [192.168.100.113/5000] error_code:10061 !

<<<----  [OUT]
2020/09/07 16:45:21:044

Connecting Started...

<<<----  [OUT]
2020/09/07 16:45:23:099

I can't connect with the passive [192.168.100.113/5000] error_code:10061 !

<<<----  [OUT]
2020/09/07 16:45:25:574

Connecting Started...

<<<----  [OUT]
2020/09/07 16:45:27:635

I can't connect with the passive [192.168.100.113/5000] error_code:10061 !

<<<----  [OUT]
2020/09/07 16:45:30:121

Connecting Started...

<<<----  [OUT]
2020/09/07 16:45:32:172

I can't connect with the passive [192.168.100.113/5000] error_code:10061 !

<<<----  [OUT]
2020/09/07 16:45:34:654

Connecting Started...

<<<----  [OUT]
2020/09/07 16:45:36:711

I can't connect with the passive [192.168.100.113/5000] error_code:10061 !

<<<----  [OUT]
2020/09/07 16:45:39:200

Connecting Started...

<<<----  [OUT]
2020/09/07 16:45:41:248

I can't connect with the passive [192.168.100.113/5000] error_code:10061 !

<<<----  [OUT]
2020/09/07 16:45:43:731

Connecting Started...

<<<----  [OUT]
2020/09/07 16:45:45:792

I can't connect with the passive [192.168.100.113/5000] error_code:10061 !

<<<----  [OUT]
2020/09/07 16:45:48:278

Connecting Started...

<<<----  [OUT]
2020/09/07 16:45:50:337

I can't connect with the passive [192.168.100.113/5000] error_code:10061 !

<<<----  [OUT]
2020/09/07 16:45:52:824

Connecting Started...

<<<----  [OUT]
2020/09/07 16:45:54:874

I can't connect with the passive [192.168.100.113/5000] error_code:10061 !

<<<----  [OUT]
2020/09/07 16:45:57:357

Connecting Started...

<<<----  [OUT]
2020/09/07 16:45:59:420

I can't connect with the passive [192.168.100.113/5000] error_code:10061 !

<<<----  [OUT]
2020/09/07 16:46:01:904

Connecting Started...

<<<----  [OUT]
2020/09/07 16:46:03:955

I can't connect with the passive [192.168.100.113/5000] error_code:10061 !

<<<----  [OUT]
2020/09/07 16:46:06:435

Connecting Started...

<<<----  [OUT]
2020/09/07 16:46:08:493

I can't connect with the passive [192.168.100.113/5000] error_code:10061 !

<<<----  [OUT]
2020/09/07 16:46:10:981

Connecting Started...

<<<----  [OUT]
2020/09/07 16:46:13:044

I can't connect with the passive [192.168.100.113/5000] error_code:10061 !

<<<----  [OUT]
2020/09/07 16:46:15:529

Connecting Started...

<<<----  [OUT]
2020/09/07 16:46:17:591

I can't connect with the passive [192.168.100.113/5000] error_code:10061 !

<<<----  [OUT]
2020/09/07 16:46:20:075

Connecting Started...

<<<----  [OUT]
2020/09/07 16:46:22:125

I can't connect with the passive [192.168.100.113/5000] error_code:10061 !

<<<----  [OUT]
2020/09/07 16:46:24:606

Connecting Started...

<<<----  [OUT]
2020/09/07 16:46:26:659

I can't connect with the passive [192.168.100.113/5000] error_code:10061 !

<<<----  [OUT]
2020/09/07 16:46:29:138

Connecting Started...

<<<----  [OUT]
2020/09/07 16:46:31:189

I can't connect with the passive [192.168.100.113/5000] error_code:10061 !

<<<----  [OUT]
2020/09/07 16:46:33:669

Connecting Started...

<<<----  [OUT]
2020/09/07 16:46:35:725

I can't connect with the passive [192.168.100.113/5000] error_code:10061 !

<<<----  [OUT]
2020/09/07 16:46:38:216

Connecting Started...

<<<----  [OUT]
2020/09/07 16:46:40:277

I can't connect with the passive [192.168.100.113/5000] error_code:10061 !

<<<----  [OUT]
2020/09/07 16:46:42:763

Connecting Started...

<<<----  [OUT]
2020/09/07 16:46:44:826

I can't connect with the passive [192.168.100.113/5000] error_code:10061 !

<<<----  [OUT]
2020/09/07 16:46:47:309

Connecting Started...

<<<----  [OUT]
2020/09/07 16:46:49:363

I can't connect with the passive [192.168.100.113/5000] error_code:10061 !

<<<----  [OUT]
2020/09/07 16:46:51:842

Connecting Started...

<<<----  [OUT]
2020/09/07 16:46:53:904

I can't connect with the passive [192.168.100.113/5000] error_code:10061 !

<<<----  [OUT]
2020/09/07 16:46:56:388

Connecting Started...

<<<----  [OUT]
2020/09/07 16:46:58:436

I can't connect with the passive [192.168.100.113/5000] error_code:10061 !

<<<----  [OUT]
2020/09/07 16:47:00:918

Connecting Started...

<<<----  [OUT]
2020/09/07 16:47:02:969

I can't connect with the passive [192.168.100.113/5000] error_code:10061 !

<<<----  [OUT]
2020/09/07 16:47:05:450

Connecting Started...

<<<----  [OUT]
2020/09/07 16:47:07:512

I can't connect with the passive [192.168.100.113/5000] error_code:10061 !

<<<----  [OUT]
2020/09/07 16:47:09:997

Connecting Started...

<<<----  [OUT]
2020/09/07 16:47:12:055

I can't connect with the passive [192.168.100.113/5000] error_code:10061 !

<<<----  [OUT]
2020/09/07 16:47:14:545

Connecting Started...

<<<----  [OUT]
2020/09/07 16:47:16:598

I can't connect with the passive [192.168.100.113/5000] error_code:10061 !

<<<----  [OUT]
2020/09/07 16:47:19:076

Connecting Started...

<<<----  [OUT]
2020/09/07 16:47:21:120

I can't connect with the passive [192.168.100.113/5000] error_code:10061 !

<<<----  [OUT]
2020/09/07 16:47:23:607

Connecting Started...

<<<----  [OUT]
2020/09/07 16:47:25:647

I can't connect with the passive [192.168.100.113/5000] error_code:10061 !

<<<----  [OUT]
2020/09/07 16:47:28:137

Connecting Started...

<<<----  [OUT]
2020/09/07 16:47:30:190

I can't connect with the passive [192.168.100.113/5000] error_code:10061 !

<<<----  [OUT]
2020/09/07 16:47:32:668

Connecting Started...

<<<----  [OUT]
2020/09/07 16:47:34:715

I can't connect with the passive [192.168.100.113/5000] error_code:10061 !

<<<----  [OUT]
2020/09/07 16:47:37:199

Connecting Started...

<<<----  [OUT]
2020/09/07 16:47:39:240

I can't connect with the passive [192.168.100.113/5000] error_code:10061 !

<<<----  [OUT]
2020/09/07 16:47:41:731

Connecting Started...

<<<----  [OUT]
2020/09/07 16:47:43:782

I can't connect with the passive [192.168.100.113/5000] error_code:10061 !

<<<----  [OUT]
2020/09/07 16:47:46:262

Connecting Started...

<<<----  [OUT]
2020/09/07 16:47:48:317

I can't connect with the passive [192.168.100.113/5000] error_code:10061 !

<<<----  [OUT]
2020/09/07 16:47:50:794

Connecting Started...

<<<----  [OUT]
2020/09/07 16:47:52:845

I can't connect with the passive [192.168.100.113/5000] error_code:10061 !

<<<----  [OUT]
2020/09/07 16:47:55:325

Connecting Started...

<<<----  [OUT]
2020/09/07 16:47:57:378

I can't connect with the passive [192.168.100.113/5000] error_code:10061 !

<<<----  [OUT]
2020/09/07 16:47:59:857

Connecting Started...

<<<----  [OUT]
2020/09/07 16:48:01:915

I can't connect with the passive [192.168.100.113/5000] error_code:10061 !

<<<----  [OUT]
2020/09/07 16:48:04:403

Connecting Started...

<<<----  [OUT]
2020/09/07 16:48:06:461

I can't connect with the passive [192.168.100.113/5000] error_code:10061 !

<<<----  [OUT]
2020/09/07 16:48:08:949

Connecting Started...

<<<----  [OUT]
2020/09/07 16:48:11:006

I can't connect with the passive [192.168.100.113/5000] error_code:10061 !

<<<----  [OUT]
2020/09/07 16:48:13:496

Connecting Started...

<<<----  [OUT]
2020/09/07 16:48:15:561

I can't connect with the passive [192.168.100.113/5000] error_code:10061 !

<<<----  [OUT]
2020/09/07 16:48:18:044

Connecting Started...

<<<----  [OUT]
2020/09/07 16:48:20:099

I can't connect with the passive [192.168.100.113/5000] error_code:10061 !

<<<----  [OUT]
2020/09/07 16:48:22:590

Connecting Started...

<<<----  [OUT]
2020/09/07 16:48:24:654

I can't connect with the passive [192.168.100.113/5000] error_code:10061 !

<<<----  [OUT]
2020/09/07 16:48:27:138

Connecting Started...

<<<----  [OUT]
2020/09/07 16:48:29:188

I can't connect with the passive [192.168.100.113/5000] error_code:10061 !

<<<----  [OUT]
2020/09/07 16:48:31:670

Connecting Started...

<<<----  [OUT]
2020/09/07 16:48:33:732

I can't connect with the passive [192.168.100.113/5000] error_code:10061 !

<<<----  [OUT]
2020/09/07 16:48:36:216

Connecting Started...

<<<----  [OUT]
2020/09/07 16:48:38:263

I can't connect with the passive [192.168.100.113/5000] error_code:10061 !

<<<----  [OUT]
2020/09/07 16:48:40:747

Connecting Started...

<<<----  [OUT]
2020/09/07 16:48:42:815

I can't connect with the passive [192.168.100.113/5000] error_code:10061 !

<<<----  [OUT]
2020/09/07 16:48:45:293

Connecting Started...

<<<----  [OUT]
2020/09/07 16:48:47:345

I can't connect with the passive [192.168.100.113/5000] error_code:10061 !

<<<----  [OUT]
2020/09/07 16:48:49:825

Connecting Started...

<<<----  [OUT]
2020/09/07 16:48:51:886

I can't connect with the passive [192.168.100.113/5000] error_code:10061 !

<<<----  [OUT]
2020/09/07 16:48:54:373

Connecting Started...

<<<----  [OUT]
2020/09/07 16:48:56:430

I can't connect with the passive [192.168.100.113/5000] error_code:10061 !

<<<----  [OUT]
2020/09/07 16:48:58:919

Connecting Started...

<<<----  [OUT]
2020/09/07 16:49:00:973

I can't connect with the passive [192.168.100.113/5000] error_code:10061 !

<<<----  [OUT]
2020/09/07 16:49:03:450

Connecting Started...

<<<----  [OUT]
2020/09/07 16:49:05:508

I can't connect with the passive [192.168.100.113/5000] error_code:10061 !

<<<----  [OUT]
2020/09/07 16:49:07:996

Connecting Started...

<<<----  [OUT]
2020/09/07 16:49:10:053

I can't connect with the passive [192.168.100.113/5000] error_code:10061 !

<<<----  [OUT]
2020/09/07 16:49:12:544

Connecting Started...

<<<----  [OUT]
2020/09/07 16:49:14:587

I can't connect with the passive [192.168.100.113/5000] error_code:10061 !

<<<----  [OUT]
2020/09/07 16:49:17:075

Connecting Started...

<<<----  [OUT]
2020/09/07 16:49:19:120

I can't connect with the passive [192.168.100.113/5000] error_code:10061 !

<<<----  [OUT]
2020/09/07 16:49:21:606

Connecting Started...

<<<----  [OUT]
2020/09/07 16:49:23:655

I can't connect with the passive [192.168.100.113/5000] error_code:10061 !

<<<----  [OUT]
2020/09/07 16:49:26:138

Connecting Started...

<<<----  [OUT]
2020/09/07 16:49:28:190

I can't connect with the passive [192.168.100.113/5000] error_code:10061 !

<<<----  [OUT]
2020/09/07 16:49:30:669

Connecting Started...

<<<----  [OUT]
2020/09/07 16:49:32:713

I can't connect with the passive [192.168.100.113/5000] error_code:10061 !

<<<----  [OUT]
2020/09/07 16:49:35:201

Connecting Started...

<<<----  [OUT]
2020/09/07 16:49:37:247

I can't connect with the passive [192.168.100.113/5000] error_code:10061 !

<<<----  [OUT]
2020/09/07 16:49:39:731

Connecting Started...

<<<----  [OUT]
2020/09/07 16:49:41:775

I can't connect with the passive [192.168.100.113/5000] error_code:10061 !

<<<----  [OUT]
2020/09/07 16:49:44:263

Connecting Started...

<<<----  [OUT]
2020/09/07 16:49:46:311

I can't connect with the passive [192.168.100.113/5000] error_code:10061 !

<<<----  [OUT]
2020/09/07 16:49:48:794

Connecting Started...

<<<----  [OUT]
2020/09/07 16:49:50:854

I can't connect with the passive [192.168.100.113/5000] error_code:10061 !

<<<----  [OUT]
2020/09/07 16:49:53:340

Connecting Started...

<<<----  [OUT]
2020/09/07 16:49:55:392

I can't connect with the passive [192.168.100.113/5000] error_code:10061 !

<<<----  [OUT]
2020/09/07 16:49:57:872

Connecting Started...

<<<----  [OUT]
2020/09/07 16:49:59:931

I can't connect with the passive [192.168.100.113/5000] error_code:10061 !

<<<----  [OUT]
2020/09/07 16:50:02:418

Connecting Started...

<<<----  [OUT]
2020/09/07 16:50:04:486

I can't connect with the passive [192.168.100.113/5000] error_code:10061 !

<<<----  [OUT]
2020/09/07 16:50:06:966

Connecting Started...

<<<----  [OUT]
2020/09/07 16:50:09:019

I can't connect with the passive [192.168.100.113/5000] error_code:10061 !

<<<----  [OUT]
2020/09/07 16:50:11:498

Connecting Started...

<<<----  [OUT]
2020/09/07 16:50:13:553

I can't connect with the passive [192.168.100.113/5000] error_code:10061 !

<<<----  [OUT]
2020/09/07 16:50:16:043

Connecting Started...

<<<----  [OUT]
2020/09/07 16:50:18:095

I can't connect with the passive [192.168.100.113/5000] error_code:10061 !

<<<----  [OUT]
2020/09/07 16:50:20:574

Connecting Started...

<<<----  [OUT]
2020/09/07 16:50:22:623

I can't connect with the passive [192.168.100.113/5000] error_code:10061 !

<<<----  [OUT]
2020/09/07 16:50:25:106

Connecting Started...

<<<----  [OUT]
2020/09/07 16:50:27:170

I can't connect with the passive [192.168.100.113/5000] error_code:10061 !

<<<----  [OUT]
2020/09/07 16:50:29:654

Connecting Started...

<<<----  [OUT]
2020/09/07 16:50:31:718

I can't connect with the passive [192.168.100.113/5000] error_code:10061 !

<<<----  [OUT]
2020/09/07 16:50:34:201

Connecting Started...

<<<----  [OUT]
2020/09/07 16:50:36:254

I can't connect with the passive [192.168.100.113/5000] error_code:10061 !

<<<----  [OUT]
2020/09/07 16:50:38:731

Connecting Started...

<<<----  [OUT]
2020/09/07 16:50:40:789

I can't connect with the passive [192.168.100.113/5000] error_code:10061 !

<<<----  [OUT]
2020/09/07 16:50:43:279

Connecting Started...

<<<----  [OUT]
2020/09/07 16:50:45:328

I can't connect with the passive [192.168.100.113/5000] error_code:10061 !

<<<----  [OUT]
2020/09/07 16:50:47:808

Connecting Started...

<<<----  [OUT]
2020/09/07 16:50:49:867

I can't connect with the passive [192.168.100.113/5000] error_code:10061 !

<<<----  [OUT]
2020/09/07 16:50:52:357

Connecting Started...

<<<----  [OUT]
2020/09/07 16:50:54:399

I can't connect with the passive [192.168.100.113/5000] error_code:10061 !

<<<----  [OUT]
2020/09/07 16:50:56:887

Connecting Started...

<<<----  [OUT]
2020/09/07 16:50:58:941

I can't connect with the passive [192.168.100.113/5000] error_code:10061 !

<<<----  [OUT]
2020/09/07 16:51:01:419

Connecting Started...

<<<----  [OUT]
2020/09/07 16:51:03:463

I can't connect with the passive [192.168.100.113/5000] error_code:10061 !

<<<----  [OUT]
2020/09/07 16:51:05:951

Connecting Started...

<<<----  [OUT]
2020/09/07 16:51:07:989

I can't connect with the passive [192.168.100.113/5000] error_code:10061 !

<<<----  [OUT]
2020/09/07 16:51:10:466

Connecting Started...

<<<----  [OUT]
2020/09/07 16:51:12:507

I can't connect with the passive [192.168.100.113/5000] error_code:10061 !

<<<----  [OUT]
2020/09/07 16:51:14:997

Connecting Started...

<<<----  [OUT]
2020/09/07 16:51:17:052

I can't connect with the passive [192.168.100.113/5000] error_code:10061 !

<<<----  [OUT]
2020/09/07 16:51:19:528

Connecting Started...

<<<----  [OUT]
2020/09/07 16:51:21:568

I can't connect with the passive [192.168.100.113/5000] error_code:10061 !

<<<----  [OUT]
2020/09/07 16:51:24:061

Connecting Started...

<<<----  [OUT]
2020/09/07 16:51:26:102

I can't connect with the passive [192.168.100.113/5000] error_code:10061 !

<<<----  [OUT]
2020/09/07 16:51:28:590

Connecting Started...

<<<----  [OUT]
2020/09/07 16:51:30:634

I can't connect with the passive [192.168.100.113/5000] error_code:10061 !

<<<----  [OUT]
2020/09/07 16:51:33:122

Connecting Started...

<<<----  [OUT]
2020/09/07 16:51:35:172

I can't connect with the passive [192.168.100.113/5000] error_code:10061 !

<<<----  [OUT]
2020/09/07 16:51:37:654

Connecting Started...

<<<----  [OUT]
2020/09/07 16:51:39:691

I can't connect with the passive [192.168.100.113/5000] error_code:10061 !

<<<----  [OUT]
2020/09/07 16:51:42:169

Connecting Started...

<<<----  [OUT]
2020/09/07 16:51:44:223

I can't connect with the passive [192.168.100.113/5000] error_code:10061 !

<<<----  [OUT]
2020/09/07 16:51:46:700

Connecting Started...

<<<----  [OUT]
2020/09/07 16:51:48:738

I can't connect with the passive [192.168.100.113/5000] error_code:10061 !

<<<----  [OUT]
2020/09/07 16:51:51:215

Connecting Started...

<<<----  [OUT]
2020/09/07 16:51:53:241

I can't connect with the passive [192.168.100.113/5000] error_code:10061 !

<<<----  [OUT]
2020/09/07 16:51:55:731

Connecting Started...

<<<----  [OUT]
2020/09/07 16:51:57:775

I can't connect with the passive [192.168.100.113/5000] error_code:10061 !

<<<----  [OUT]
2020/09/07 16:52:00:263

Connecting Started...

<<<----  [OUT]
2020/09/07 16:52:02:305

I can't connect with the passive [192.168.100.113/5000] error_code:10061 !

<<<----  [OUT]
2020/09/07 16:52:04:794

Connecting Started...

<<<----  [OUT]
2020/09/07 16:52:06:833

I can't connect with the passive [192.168.100.113/5000] error_code:10061 !

<<<----  [OUT]
2020/09/07 16:52:09:310

Connecting Started...

<<<----  [OUT]
2020/09/07 16:52:11:347

I can't connect with the passive [192.168.100.113/5000] error_code:10061 !

<<<----  [OUT]
2020/09/07 16:52:13:825

Connecting Started...

<<<----  [OUT]
2020/09/07 16:52:15:869

I can't connect with the passive [192.168.100.113/5000] error_code:10061 !

<<<----  [OUT]
2020/09/07 16:52:18:356

Connecting Started...

<<<----  [OUT]
2020/09/07 16:52:20:402

I can't connect with the passive [192.168.100.113/5000] error_code:10061 !

<<<----  [OUT]
2020/09/07 16:52:22:889

Connecting Started...

<<<----  [OUT]
2020/09/07 16:52:24:926

I can't connect with the passive [192.168.100.113/5000] error_code:10061 !

<<<----  [OUT]
2020/09/07 16:52:27:404

Connecting Started...

<<<----  [OUT]
2020/09/07 16:52:29:444

I can't connect with the passive [192.168.100.113/5000] error_code:10061 !

<<<----  [OUT]
2020/09/07 16:52:31:934

Connecting Started...

<<<----  [OUT]
2020/09/07 16:52:33:979

I can't connect with the passive [192.168.100.113/5000] error_code:10061 !

<<<----  [OUT]
2020/09/07 16:52:36:467

Connecting Started...

<<<----  [OUT]
2020/09/07 16:52:38:517

I can't connect with the passive [192.168.100.113/5000] error_code:10061 !

<<<----  [OUT]
2020/09/07 16:52:40:997

Connecting Started...

<<<----  [OUT]
2020/09/07 16:52:43:049

I can't connect with the passive [192.168.100.113/5000] error_code:10061 !

<<<----  [OUT]
2020/09/07 16:52:45:528

Connecting Started...

<<<----  [OUT]
2020/09/07 16:52:47:596

I can't connect with the passive [192.168.100.113/5000] error_code:10061 !

<<<----  [OUT]
2020/09/07 16:52:50:075

Connecting Started...

<<<----  [OUT]
2020/09/07 16:52:52:138

I can't connect with the passive [192.168.100.113/5000] error_code:10061 !

<<<----  [OUT]
2020/09/07 16:52:54:623

Connecting Started...

<<<----  [OUT]
2020/09/07 16:52:56:673

I can't connect with the passive [192.168.100.113/5000] error_code:10061 !

<<<----  [OUT]
2020/09/07 16:52:59:154

Connecting Started...

<<<----  [OUT]
2020/09/07 16:53:01:212

I can't connect with the passive [192.168.100.113/5000] error_code:10061 !

<<<----  [OUT]
2020/09/07 16:53:03:700

Connecting Started...

<<<----  [OUT]
2020/09/07 16:53:05:754

I can't connect with the passive [192.168.100.113/5000] error_code:10061 !

<<<----  [OUT]
2020/09/07 16:53:08:232

Connecting Started...

<<<----  [OUT]
2020/09/07 16:53:10:296

I can't connect with the passive [192.168.100.113/5000] error_code:10061 !

<<<----  [OUT]
2020/09/07 16:53:12:779

Connecting Started...

<<<----  [OUT]
2020/09/07 16:53:14:846

I can't connect with the passive [192.168.100.113/5000] error_code:10061 !

<<<----  [OUT]
2020/09/07 16:53:17:325

Connecting Started...

<<<----  [OUT]
2020/09/07 16:53:19:386

I can't connect with the passive [192.168.100.113/5000] error_code:10061 !

<<<----  [OUT]
2020/09/07 16:53:21:873

Connecting Started...

<<<----  [OUT]
2020/09/07 16:53:23:937

I can't connect with the passive [192.168.100.113/5000] error_code:10061 !

<<<----  [OUT]
2020/09/07 16:53:26:419

Connecting Started...

<<<----  [OUT]
2020/09/07 16:53:28:493

I can't connect with the passive [192.168.100.113/5000] error_code:10061 !

<<<----  [OUT]
2020/09/07 16:53:30:982

Connecting Started...

<<<----  [OUT]
2020/09/07 16:53:33:044

I can't connect with the passive [192.168.100.113/5000] error_code:10061 !

<<<----  [OUT]
2020/09/07 16:53:35:529

Connecting Started...

<<<----  [OUT]
2020/09/07 16:53:37:578

I can't connect with the passive [192.168.100.113/5000] error_code:10061 !

<<<----  [OUT]
2020/09/07 16:53:40:060

Connecting Started...

<<<----  [OUT]
2020/09/07 16:53:42:104

I can't connect with the passive [192.168.100.113/5000] error_code:10061 !

<<<----  [OUT]
2020/09/07 16:53:44:590

Connecting Started...

<<<----  [OUT]
2020/09/07 16:53:46:648

I can't connect with the passive [192.168.100.113/5000] error_code:10061 !

<<<----  [OUT]
2020/09/07 16:53:49:138

Connecting Started...

<<<----  [OUT]
2020/09/07 16:53:51:191

I can't connect with the passive [192.168.100.113/5000] error_code:10061 !

<<<----  [OUT]
2020/09/07 16:53:53:670

Connecting Started...

<<<----  [OUT]
2020/09/07 16:53:55:719

I can't connect with the passive [192.168.100.113/5000] error_code:10061 !

<<<----  [OUT]
2020/09/07 16:53:58:200

Connecting Started...

<<<----  [OUT]
2020/09/07 16:54:00:245

I can't connect with the passive [192.168.100.113/5000] error_code:10061 !

<<<----  [OUT]
2020/09/07 16:54:02:732

Connecting Started...

<<<----  [OUT]
2020/09/07 16:54:04:802

I can't connect with the passive [192.168.100.113/5000] error_code:10061 !

<<<----  [OUT]
2020/09/07 16:54:07:278

Connecting Started...

<<<----  [OUT]
2020/09/07 16:54:09:343

I can't connect with the passive [192.168.100.113/5000] error_code:10061 !

<<<----  [OUT]
2020/09/07 16:54:11:824

Connecting Started...

<<<----  [OUT]
2020/09/07 16:54:13:884

I can't connect with the passive [192.168.100.113/5000] error_code:10061 !

<<<----  [OUT]
2020/09/07 16:54:16:371

Connecting Started...

<<<----  [OUT]
2020/09/07 16:54:18:432

I can't connect with the passive [192.168.100.113/5000] error_code:10061 !

<<<----  [OUT]
2020/09/07 16:54:20:918

Connecting Started...

<<<----  [OUT]
2020/09/07 16:54:22:981

I can't connect with the passive [192.168.100.113/5000] error_code:10061 !

<<<----  [OUT]
2020/09/07 16:54:25:465

Connecting Started...

<<<----  [OUT]
2020/09/07 16:54:27:527

I can't connect with the passive [192.168.100.113/5000] error_code:10061 !

<<<----  [OUT]
2020/09/07 16:54:30:013

Connecting Started...

<<<----  [OUT]
2020/09/07 16:54:32:062

I can't connect with the passive [192.168.100.113/5000] error_code:10061 !

<<<----  [OUT]
2020/09/07 16:54:34:545

Connecting Started...

<<<----  [OUT]
2020/09/07 16:54:36:593

I can't connect with the passive [192.168.100.113/5000] error_code:10061 !

<<<----  [OUT]
2020/09/07 16:54:39:075

Connecting Started...

<<<----  [OUT]
2020/09/07 16:54:41:126

I can't connect with the passive [192.168.100.113/5000] error_code:10061 !

<<<----  [OUT]
2020/09/07 16:54:43:607

Connecting Started...

<<<----  [OUT]
2020/09/07 16:54:45:645

I can't connect with the passive [192.168.100.113/5000] error_code:10061 !

<<<----  [OUT]
2020/09/07 16:54:48:121

Connecting Started...

<<<----  [OUT]
2020/09/07 16:54:50:151

I can't connect with the passive [192.168.100.113/5000] error_code:10061 !

<<<----  [OUT]
2020/09/07 16:54:52:637

Connecting Started...

<<<----  [OUT]
2020/09/07 16:54:54:696

I can't connect with the passive [192.168.100.113/5000] error_code:10061 !

<<<----  [OUT]
2020/09/07 16:54:57:184

Connecting Started...

<<<----  [OUT]
2020/09/07 16:54:59:247

I can't connect with the passive [192.168.100.113/5000] error_code:10061 !

<<<----  [OUT]
2020/09/07 16:55:01:731

Connecting Started...

<<<----  [OUT]
2020/09/07 16:55:03:791

I can't connect with the passive [192.168.100.113/5000] error_code:10061 !

<<<----  [OUT]
2020/09/07 16:55:06:279

Connecting Started...

<<<----  [OUT]
2020/09/07 16:55:08:335

I can't connect with the passive [192.168.100.113/5000] error_code:10061 !

<<<----  [OUT]
2020/09/07 16:55:10:825

Connecting Started...

<<<----  [OUT]
2020/09/07 16:55:12:887

I can't connect with the passive [192.168.100.113/5000] error_code:10061 !

<<<----  [OUT]
2020/09/07 16:55:15:371

Connecting Started...

<<<----  [OUT]
2020/09/07 16:55:17:421

I can't connect with the passive [192.168.100.113/5000] error_code:10061 !

<<<----  [OUT]
2020/09/07 16:55:19:904

Connecting Started...

<<<----  [OUT]
2020/09/07 16:55:21:961

I can't connect with the passive [192.168.100.113/5000] error_code:10061 !

<<<----  [OUT]
2020/09/07 16:55:24:450

Connecting Started...

<<<----  [OUT]
2020/09/07 16:55:26:520

I can't connect with the passive [192.168.100.113/5000] error_code:10061 !

<<<----  [OUT]
2020/09/07 16:55:28:997

Connecting Started...

<<<----  [OUT]
2020/09/07 16:55:31:044

I can't connect with the passive [192.168.100.113/5000] error_code:10061 !

<<<----  [OUT]
2020/09/07 16:55:33:528

Connecting Started...

<<<----  [OUT]
2020/09/07 16:55:35:577

I can't connect with the passive [192.168.100.113/5000] error_code:10061 !

<<<----  [OUT]
2020/09/07 16:55:38:059

Connecting Started...

<<<----  [OUT]
2020/09/07 16:55:40:102

I can't connect with the passive [192.168.100.113/5000] error_code:10061 !

<<<----  [OUT]
2020/09/07 16:55:42:592

Connecting Started...

<<<----  [OUT]
2020/09/07 16:55:44:638

I can't connect with the passive [192.168.100.113/5000] error_code:10061 !

<<<----  [OUT]
2020/09/07 16:55:47:122

Connecting Started...

<<<----  [OUT]
2020/09/07 16:55:49:156

I can't connect with the passive [192.168.100.113/5000] error_code:10061 !

<<<----  [OUT]
2020/09/07 16:55:51:637

Connecting Started...

<<<----  [OUT]
2020/09/07 16:55:53:686

I can't connect with the passive [192.168.100.113/5000] error_code:10061 !

<<<----  [OUT]
2020/09/07 16:55:56:168

Connecting Started...

<<<----  [OUT]
2020/09/07 16:55:58:224

I can't connect with the passive [192.168.100.113/5000] error_code:10061 !

<<<----  [OUT]
2020/09/07 16:56:00:701

Connecting Started...

<<<----  [OUT]
2020/09/07 16:56:02:756

I can't connect with the passive [192.168.100.113/5000] error_code:10061 !

<<<----  [OUT]
2020/09/07 16:56:05:246

Connecting Started...

<<<----  [OUT]
2020/09/07 16:56:07:304

I can't connect with the passive [192.168.100.113/5000] error_code:10061 !

<<<----  [OUT]
2020/09/07 16:56:09:793

Connecting Started...

<<<----  [OUT]
2020/09/07 16:56:11:851

I can't connect with the passive [192.168.100.113/5000] error_code:10061 !

<<<----  [OUT]
2020/09/07 16:56:14:342

Connecting Started...

<<<----  [OUT]
2020/09/07 16:56:16:395

I can't connect with the passive [192.168.100.113/5000] error_code:10061 !

<<<----  [OUT]
2020/09/07 16:56:18:872

Connecting Started...

<<<----  [OUT]
2020/09/07 16:56:20:936

I can't connect with the passive [192.168.100.113/5000] error_code:10061 !

<<<----  [OUT]
2020/09/07 16:56:23:419

Connecting Started...

<<<----  [OUT]
2020/09/07 16:56:25:471

I can't connect with the passive [192.168.100.113/5000] error_code:10061 !

<<<----  [OUT]
2020/09/07 16:56:27:950

Connecting Started...

<<<----  [OUT]
2020/09/07 16:56:30:009

I can't connect with the passive [192.168.100.113/5000] error_code:10061 !

<<<----  [OUT]
2020/09/07 16:56:32:497

Connecting Started...

<<<----  [OUT]
2020/09/07 16:56:34:550

I can't connect with the passive [192.168.100.113/5000] error_code:10061 !

<<<----  [OUT]
2020/09/07 16:56:37:029

Connecting Started...

<<<----  [OUT]
2020/09/07 16:56:39:085

I can't connect with the passive [192.168.100.113/5000] error_code:10061 !

<<<----  [OUT]
2020/09/07 16:56:41:576

Connecting Started...

<<<----  [OUT]
2020/09/07 16:56:43:622

I can't connect with the passive [192.168.100.113/5000] error_code:10061 !

<<<----  [OUT]
2020/09/07 16:56:46:107

Connecting Started...

<<<----  [OUT]
2020/09/07 16:56:48:154

I can't connect with the passive [192.168.100.113/5000] error_code:10061 !

<<<----  [OUT]
2020/09/07 16:56:50:639

Connecting Started...

<<<----  [OUT]
2020/09/07 16:56:52:691

I can't connect with the passive [192.168.100.113/5000] error_code:10061 !

<<<----  [OUT]
2020/09/07 16:56:55:170

Connecting Started...

<<<----  [OUT]
2020/09/07 16:56:57:222

I can't connect with the passive [192.168.100.113/5000] error_code:10061 !

<<<----  [OUT]
2020/09/07 16:56:59:700

Connecting Started...

<<<----  [OUT]
2020/09/07 16:57:01:760

I can't connect with the passive [192.168.100.113/5000] error_code:10061 !

<<<----  [OUT]
2020/09/07 16:57:04:246

Connecting Started...

<<<----  [OUT]
2020/09/07 16:57:06:308

I can't connect with the passive [192.168.100.113/5000] error_code:10061 !

<<<----  [OUT]
2020/09/07 16:57:08:793

Connecting Started...

<<<----  [OUT]
2020/09/07 16:57:10:858

I can't connect with the passive [192.168.100.113/5000] error_code:10061 !

<<<----  [OUT]
2020/09/07 16:57:13:340

Connecting Started...

<<<----  [OUT]
2020/09/07 16:57:15:396

I can't connect with the passive [192.168.100.113/5000] error_code:10061 !

<<<----  [OUT]
2020/09/07 16:57:17:888

Connecting Started...

<<<----  [OUT]
2020/09/07 16:57:19:943

I can't connect with the passive [192.168.100.113/5000] error_code:10061 !

<<<----  [OUT]
2020/09/07 16:57:22:434

Connecting Started...

<<<----  [OUT]
2020/09/07 16:57:24:486

I can't connect with the passive [192.168.100.113/5000] error_code:10061 !

<<<----  [OUT]
2020/09/07 16:57:26:965

Connecting Started...

<<<----  [OUT]
2020/09/07 16:57:29:027

I can't connect with the passive [192.168.100.113/5000] error_code:10061 !

<<<----  [OUT]
2020/09/07 16:57:31:513

Connecting Started...

<<<----  [OUT]
2020/09/07 16:57:33:552

I can't connect with the passive [192.168.100.113/5000] error_code:10061 !

<<<----  [OUT]
2020/09/07 16:57:36:028

Connecting Started...

<<<----  [OUT]
2020/09/07 16:57:38:067

I can't connect with the passive [192.168.100.113/5000] error_code:10061 !

<<<----  [OUT]
2020/09/07 16:57:40:543

Connecting Started...

<<<----  [OUT]
2020/09/07 16:57:42:607

I can't connect with the passive [192.168.100.113/5000] error_code:10061 !

<<<----  [OUT]
2020/09/07 16:57:45:090

Connecting Started...

<<<----  [OUT]
2020/09/07 16:57:47:143

I can't connect with the passive [192.168.100.113/5000] error_code:10061 !

<<<----  [OUT]
2020/09/07 16:57:49:621

Connecting Started...

<<<----  [OUT]
2020/09/07 16:57:51:684

I can't connect with the passive [192.168.100.113/5000] error_code:10061 !

<<<----  [OUT]
2020/09/07 16:57:54:169

Connecting Started...

<<<----  [OUT]
2020/09/07 16:57:56:224

I can't connect with the passive [192.168.100.113/5000] error_code:10061 !

<<<----  [OUT]
2020/09/07 16:57:58:716

Connecting Started...

<<<----  [OUT]
2020/09/07 16:58:00:766

I can't connect with the passive [192.168.100.113/5000] error_code:10061 !

<<<----  [OUT]
2020/09/07 16:58:03:246

Connecting Started...

<<<----  [OUT]
2020/09/07 16:58:05:308

I can't connect with the passive [192.168.100.113/5000] error_code:10061 !

<<<----  [OUT]
2020/09/07 16:58:07:793

Connecting Started...

<<<----  [OUT]
2020/09/07 16:58:09:845

I can't connect with the passive [192.168.100.113/5000] error_code:10061 !

<<<----  [OUT]
2020/09/07 16:58:12:325

Connecting Started...

<<<----  [OUT]
2020/09/07 16:58:14:385

I can't connect with the passive [192.168.100.113/5000] error_code:10061 !

<<<----  [OUT]
2020/09/07 16:58:16:873

Connecting Started...

<<<----  [OUT]
2020/09/07 16:58:18:933

I can't connect with the passive [192.168.100.113/5000] error_code:10061 !

<<<----  [OUT]
2020/09/07 16:58:21:419

Connecting Started...

<<<----  [OUT]
2020/09/07 16:58:23:479

I can't connect with the passive [192.168.100.113/5000] error_code:10061 !

<<<----  [OUT]
2020/09/07 16:58:25:967

Connecting Started...

<<<----  [OUT]
2020/09/07 16:58:28:022

I can't connect with the passive [192.168.100.113/5000] error_code:10061 !

<<<----  [OUT]
2020/09/07 16:58:30:514

Connecting Started...

<<<----  [OUT]
2020/09/07 16:58:32:574

I can't connect with the passive [192.168.100.113/5000] error_code:10061 !

<<<----  [OUT]
2020/09/07 16:58:35:059

Connecting Started...

<<<----  [OUT]
2020/09/07 16:58:37:111

I can't connect with the passive [192.168.100.113/5000] error_code:10061 !

<<<----  [OUT]
2020/09/07 16:58:39:591

Connecting Started...

<<<----  [OUT]
2020/09/07 16:58:41:646

I can't connect with the passive [192.168.100.113/5000] error_code:10061 !

<<<----  [OUT]
2020/09/07 16:58:44:122

Connecting Started...

<<<----  [OUT]
2020/09/07 16:58:46:171

I can't connect with the passive [192.168.100.113/5000] error_code:10061 !

<<<----  [OUT]
2020/09/07 16:58:48:653

Connecting Started...

<<<----  [OUT]
2020/09/07 16:58:50:703

I can't connect with the passive [192.168.100.113/5000] error_code:10061 !

<<<----  [OUT]
2020/09/07 16:58:53:185

Connecting Started...

<<<----  [OUT]
2020/09/07 16:58:55:239

I can't connect with the passive [192.168.100.113/5000] error_code:10061 !

<<<----  [OUT]
2020/09/07 16:58:57:716

Connecting Started...

<<<----  [OUT]
2020/09/07 16:58:59:759

I can't connect with the passive [192.168.100.113/5000] error_code:10061 !

<<<----  [OUT]
2020/09/07 16:59:02:247

Connecting Started...

<<<----  [OUT]
2020/09/07 16:59:04:303

I can't connect with the passive [192.168.100.113/5000] error_code:10061 !

<<<----  [OUT]
2020/09/07 16:59:06:795

Connecting Started...

<<<----  [OUT]
2020/09/07 16:59:08:849

I can't connect with the passive [192.168.100.113/5000] error_code:10061 !

<<<----  [OUT]
2020/09/07 16:59:11:324

Connecting Started...

<<<----  [OUT]
2020/09/07 16:59:13:372

I can't connect with the passive [192.168.100.113/5000] error_code:10061 !

<<<----  [OUT]
2020/09/07 16:59:15:856

Connecting Started...

<<<----  [OUT]
2020/09/07 16:59:17:914

I can't connect with the passive [192.168.100.113/5000] error_code:10061 !

<<<----  [OUT]
2020/09/07 16:59:20:403

Connecting Started...

<<<----  [OUT]
2020/09/07 16:59:22:460

I can't connect with the passive [192.168.100.113/5000] error_code:10061 !

<<<----  [OUT]
2020/09/07 16:59:24:951

Connecting Started...

<<<----  [OUT]
2020/09/07 16:59:27:012

I can't connect with the passive [192.168.100.113/5000] error_code:10061 !

<<<----  [OUT]
2020/09/07 16:59:29:497

Connecting Started...

<<<----  [OUT]
2020/09/07 16:59:31:546

I can't connect with the passive [192.168.100.113/5000] error_code:10061 !

<<<----  [OUT]
2020/09/07 16:59:34:028

Connecting Started...

<<<----  [OUT]
2020/09/07 16:59:36:072

I can't connect with the passive [192.168.100.113/5000] error_code:10061 !

<<<----  [OUT]
2020/09/07 16:59:38:559

Connecting Started...

<<<----  [OUT]
2020/09/07 16:59:40:599

I can't connect with the passive [192.168.100.113/5000] error_code:10061 !

<<<----  [OUT]
2020/09/07 16:59:43:074

Connecting Started...

<<<----  [OUT]
2020/09/07 16:59:45:112

I can't connect with the passive [192.168.100.113/5000] error_code:10061 !

<<<----  [OUT]
2020/09/07 16:59:47:592

Connecting Started...

<<<----  [OUT]
2020/09/07 16:59:49:651

I can't connect with the passive [192.168.100.113/5000] error_code:10061 !

<<<----  [OUT]
2020/09/07 16:59:52:137

Connecting Started...

<<<----  [OUT]
2020/09/07 16:59:54:200

I can't connect with the passive [192.168.100.113/5000] error_code:10061 !

<<<----  [OUT]
2020/09/07 16:59:56:685

Connecting Started...

<<<----  [OUT]
2020/09/07 16:59:58:745

I can't connect with the passive [192.168.100.113/5000] error_code:10061 !
