
<<<----  [OUT]
2020/09/07 23:00:03:439

I can't connect with the passive [192.168.100.113/5000] error_code:10060 !

<<<----  [OUT]
2020/09/07 23:00:05:918

Connecting Started...

<<<----  [OUT]
2020/09/07 23:00:26:950

I can't connect with the passive [192.168.100.113/5000] error_code:10060 !

<<<----  [OUT]
2020/09/07 23:00:29:435

Connecting Started...

<<<----  [OUT]
2020/09/07 23:00:50:489

I can't connect with the passive [192.168.100.113/5000] error_code:10060 !

<<<----  [OUT]
2020/09/07 23:00:52:966

Connecting Started...

<<<----  [OUT]
2020/09/07 23:01:13:996

I can't connect with the passive [192.168.100.113/5000] error_code:10060 !

<<<----  [OUT]
2020/09/07 23:01:16:482

Connecting Started...

<<<----  [OUT]
2020/09/07 23:01:37:517

I can't connect with the passive [192.168.100.113/5000] error_code:10060 !

<<<----  [OUT]
2020/09/07 23:01:39:996

Connecting Started...

<<<----  [OUT]
2020/09/07 23:02:01:045

I can't connect with the passive [192.168.100.113/5000] error_code:10060 !

<<<----  [OUT]
2020/09/07 23:02:03:527

Connecting Started...

<<<----  [OUT]
2020/09/07 23:02:24:570

I can't connect with the passive [192.168.100.113/5000] error_code:10060 !

<<<----  [OUT]
2020/09/07 23:02:27:059

Connecting Started...

<<<----  [OUT]
2020/09/07 23:02:48:079

I can't connect with the passive [192.168.100.113/5000] error_code:10060 !

<<<----  [OUT]
2020/09/07 23:02:50:559

Connecting Started...

<<<----  [OUT]
2020/09/07 23:03:11:616

I can't connect with the passive [192.168.100.113/5000] error_code:10060 !

<<<----  [OUT]
2020/09/07 23:03:14:107

Connecting Started...

<<<----  [OUT]
2020/09/07 23:03:35:131

I can't connect with the passive [192.168.100.113/5000] error_code:10060 !

<<<----  [OUT]
2020/09/07 23:03:37:623

Connecting Started...

<<<----  [OUT]
2020/09/07 23:03:58:656

I can't connect with the passive [192.168.100.113/5000] error_code:10060 !

<<<----  [OUT]
2020/09/07 23:04:01:138

Connecting Started...

<<<----  [OUT]
2020/09/07 23:04:22:176

I can't connect with the passive [192.168.100.113/5000] error_code:10060 !

<<<----  [OUT]
2020/09/07 23:04:24:653

Connecting Started...

<<<----  [OUT]
2020/09/07 23:04:45:674

I can't connect with the passive [192.168.100.113/5000] error_code:10060 !

<<<----  [OUT]
2020/09/07 23:04:48:154

Connecting Started...

<<<----  [OUT]
2020/09/07 23:05:09:181

I can't connect with the passive [192.168.100.113/5000] error_code:10060 !

<<<----  [OUT]
2020/09/07 23:05:11:668

Connecting Started...

<<<----  [OUT]
2020/09/07 23:05:32:685

I can't connect with the passive [192.168.100.113/5000] error_code:10060 !

<<<----  [OUT]
2020/09/07 23:05:35:168

Connecting Started...

<<<----  [OUT]
2020/09/07 23:05:56:215

I can't connect with the passive [192.168.100.113/5000] error_code:10060 !

<<<----  [OUT]
2020/09/07 23:05:58:699

Connecting Started...

<<<----  [OUT]
2020/09/07 23:06:19:734

I can't connect with the passive [192.168.100.113/5000] error_code:10060 !

<<<----  [OUT]
2020/09/07 23:06:22:216

Connecting Started...

<<<----  [OUT]
2020/09/07 23:06:43:266

I can't connect with the passive [192.168.100.113/5000] error_code:10060 !

<<<----  [OUT]
2020/09/07 23:06:45:747

Connecting Started...

<<<----  [OUT]
2020/09/07 23:07:06:782

I can't connect with the passive [192.168.100.113/5000] error_code:10060 !

<<<----  [OUT]
2020/09/07 23:07:09:264

Connecting Started...

<<<----  [OUT]
2020/09/07 23:07:30:282

I can't connect with the passive [192.168.100.113/5000] error_code:10060 !

<<<----  [OUT]
2020/09/07 23:07:32:762

Connecting Started...

<<<----  [OUT]
2020/09/07 23:07:53:796

I can't connect with the passive [192.168.100.113/5000] error_code:10060 !

<<<----  [OUT]
2020/09/07 23:07:56:279

Connecting Started...

<<<----  [OUT]
2020/09/07 23:08:17:308

I can't connect with the passive [192.168.100.113/5000] error_code:10060 !

<<<----  [OUT]
2020/09/07 23:08:19:793

Connecting Started...

<<<----  [OUT]
2020/09/07 23:08:40:831

I can't connect with the passive [192.168.100.113/5000] error_code:10060 !

<<<----  [OUT]
2020/09/07 23:08:43:310

Connecting Started...

<<<----  [OUT]
2020/09/07 23:09:04:331

I can't connect with the passive [192.168.100.113/5000] error_code:10060 !

<<<----  [OUT]
2020/09/07 23:09:06:810

Connecting Started...

<<<----  [OUT]
2020/09/07 23:09:27:862

I can't connect with the passive [192.168.100.113/5000] error_code:10060 !

<<<----  [OUT]
2020/09/07 23:09:30:340

Connecting Started...

<<<----  [OUT]
2020/09/07 23:09:51:364

I can't connect with the passive [192.168.100.113/5000] error_code:10060 !

<<<----  [OUT]
2020/09/07 23:09:53:840

Connecting Started...

<<<----  [OUT]
2020/09/07 23:10:14:867

I can't connect with the passive [192.168.100.113/5000] error_code:10060 !

<<<----  [OUT]
2020/09/07 23:10:17:356

Connecting Started...

<<<----  [OUT]
2020/09/07 23:10:38:394

I can't connect with the passive [192.168.100.113/5000] error_code:10060 !

<<<----  [OUT]
2020/09/07 23:10:40:873

Connecting Started...

<<<----  [OUT]
2020/09/07 23:11:01:906

I can't connect with the passive [192.168.100.113/5000] error_code:10060 !

<<<----  [OUT]
2020/09/07 23:11:04:388

Connecting Started...

<<<----  [OUT]
2020/09/07 23:11:25:425

I can't connect with the passive [192.168.100.113/5000] error_code:10060 !

<<<----  [OUT]
2020/09/07 23:11:27:904

Connecting Started...

<<<----  [OUT]
2020/09/07 23:11:48:935

I can't connect with the passive [192.168.100.113/5000] error_code:10060 !

<<<----  [OUT]
2020/09/07 23:11:51:419

Connecting Started...

<<<----  [OUT]
2020/09/07 23:12:12:452

I can't connect with the passive [192.168.100.113/5000] error_code:10060 !

<<<----  [OUT]
2020/09/07 23:12:14:934

Connecting Started...

<<<----  [OUT]
2020/09/07 23:12:35:971

I can't connect with the passive [192.168.100.113/5000] error_code:10060 !

<<<----  [OUT]
2020/09/07 23:12:38:450

Connecting Started...

<<<----  [OUT]
2020/09/07 23:12:59:477

I can't connect with the passive [192.168.100.113/5000] error_code:10060 !

<<<----  [OUT]
2020/09/07 23:13:01:966

Connecting Started...

<<<----  [OUT]
2020/09/07 23:13:22:998

I can't connect with the passive [192.168.100.113/5000] error_code:10060 !

<<<----  [OUT]
2020/09/07 23:13:25:481

Connecting Started...

<<<----  [OUT]
2020/09/07 23:13:46:526

I can't connect with the passive [192.168.100.113/5000] error_code:10060 !

<<<----  [OUT]
2020/09/07 23:13:49:014

Connecting Started...

<<<----  [OUT]
2020/09/07 23:14:10:064

I can't connect with the passive [192.168.100.113/5000] error_code:10060 !

<<<----  [OUT]
2020/09/07 23:14:12:544

Connecting Started...

<<<----  [OUT]
2020/09/07 23:14:33:581

I can't connect with the passive [192.168.100.113/5000] error_code:10060 !

<<<----  [OUT]
2020/09/07 23:14:36:059

Connecting Started...

<<<----  [OUT]
2020/09/07 23:14:57:085

I can't connect with the passive [192.168.100.113/5000] error_code:10060 !

<<<----  [OUT]
2020/09/07 23:14:59:575

Connecting Started...

<<<----  [OUT]
2020/09/07 23:15:20:604

I can't connect with the passive [192.168.100.113/5000] error_code:10060 !

<<<----  [OUT]
2020/09/07 23:15:23:091

Connecting Started...

<<<----  [OUT]
2020/09/07 23:15:44:123

I can't connect with the passive [192.168.100.113/5000] error_code:10060 !

<<<----  [OUT]
2020/09/07 23:15:46:607

Connecting Started...

<<<----  [OUT]
2020/09/07 23:16:07:637

I can't connect with the passive [192.168.100.113/5000] error_code:10060 !

<<<----  [OUT]
2020/09/07 23:16:10:122

Connecting Started...

<<<----  [OUT]
2020/09/07 23:16:31:167

I can't connect with the passive [192.168.100.113/5000] error_code:10060 !

<<<----  [OUT]
2020/09/07 23:16:33:653

Connecting Started...

<<<----  [OUT]
2020/09/07 23:16:54:692

I can't connect with the passive [192.168.100.113/5000] error_code:10060 !

<<<----  [OUT]
2020/09/07 23:16:57:170

Connecting Started...

<<<----  [OUT]
2020/09/07 23:17:18:212

I can't connect with the passive [192.168.100.113/5000] error_code:10060 !

<<<----  [OUT]
2020/09/07 23:17:20:701

Connecting Started...

<<<----  [OUT]
2020/09/07 23:17:41:743

I can't connect with the passive [192.168.100.113/5000] error_code:10060 !

<<<----  [OUT]
2020/09/07 23:17:44:230

Connecting Started...

<<<----  [OUT]
2020/09/07 23:17:46:272

I can't connect with the passive [192.168.100.113/5000] error_code:10061 !

<<<----  [OUT]
2020/09/07 23:17:48:763

Connecting Started...

<<<----  [OUT]
2020/09/07 23:17:50:811

I can't connect with the passive [192.168.100.113/5000] error_code:10061 !

<<<----  [OUT]
2020/09/07 23:17:53:294

Connecting Started...

<<<----  [OUT]
2020/09/07 23:17:55:347

I can't connect with the passive [192.168.100.113/5000] error_code:10061 !

<<<----  [OUT]
2020/09/07 23:17:57:825

Connecting Started...

<<<----  [OUT]
2020/09/07 23:17:59:882

I can't connect with the passive [192.168.100.113/5000] error_code:10061 !

<<<----  [OUT]
2020/09/07 23:18:02:373

Connecting Started...

<<<----  [OUT]
2020/09/07 23:18:04:406

I can't connect with the passive [192.168.100.113/5000] error_code:10061 !

<<<----  [OUT]
2020/09/07 23:18:06:887

Connecting Started...

<<<----  [OUT]
2020/09/07 23:18:08:916

I can't connect with the passive [192.168.100.113/5000] error_code:10061 !

<<<----  [OUT]
2020/09/07 23:18:11:404

Connecting Started...

<<<----  [OUT]
2020/09/07 23:18:13:467

I can't connect with the passive [192.168.100.113/5000] error_code:10061 !

<<<----  [OUT]
2020/09/07 23:18:15:951

Connecting Started...

<<<----  [OUT]
2020/09/07 23:18:18:008

I can't connect with the passive [192.168.100.113/5000] error_code:10061 !

<<<----  [OUT]
2020/09/07 23:18:20:496

Connecting Started...

<<<----  [OUT]
2020/09/07 23:18:22:549

I can't connect with the passive [192.168.100.113/5000] error_code:10061 !

<<<----  [OUT]
2020/09/07 23:18:25:027

Connecting Started...

<<<----  [OUT]
2020/09/07 23:18:27:076

I can't connect with the passive [192.168.100.113/5000] error_code:10061 !

<<<----  [OUT]
2020/09/07 23:18:29:559

Connecting Started...

<<<----  [OUT]
2020/09/07 23:18:31:611

I can't connect with the passive [192.168.100.113/5000] error_code:10061 !

<<<----  [OUT]
2020/09/07 23:18:34:091

Connecting Started...

<<<----  [OUT]
2020/09/07 23:18:36:131

I can't connect with the passive [192.168.100.113/5000] error_code:10061 !

<<<----  [OUT]
2020/09/07 23:18:38:622

Connecting Started...

<<<----  [OUT]
2020/09/07 23:18:40:675

I can't connect with the passive [192.168.100.113/5000] error_code:10061 !

<<<----  [OUT]
2020/09/07 23:18:43:153

Connecting Started...

<<<----  [OUT]
2020/09/07 23:18:45:201

I can't connect with the passive [192.168.100.113/5000] error_code:10061 !

<<<----  [OUT]
2020/09/07 23:18:47:685

Connecting Started...

<<<----  [OUT]
2020/09/07 23:18:49:755

I can't connect with the passive [192.168.100.113/5000] error_code:10061 !

<<<----  [OUT]
2020/09/07 23:18:52:232

Connecting Started...

<<<----  [OUT]
2020/09/07 23:18:54:284

I can't connect with the passive [192.168.100.113/5000] error_code:10061 !

<<<----  [OUT]
2020/09/07 23:18:56:763

Connecting Started...

<<<----  [OUT]
2020/09/07 23:18:58:825

I can't connect with the passive [192.168.100.113/5000] error_code:10061 !

<<<----  [OUT]
2020/09/07 23:19:01:309

Connecting Started...

<<<----  [OUT]
2020/09/07 23:19:03:368

I can't connect with the passive [192.168.100.113/5000] error_code:10061 !

<<<----  [OUT]
2020/09/07 23:19:05:857

Connecting Started...

<<<----  [OUT]
2020/09/07 23:19:07:909

I can't connect with the passive [192.168.100.113/5000] error_code:10061 !

<<<----  [OUT]
2020/09/07 23:19:10:387

Connecting Started...

<<<----  [OUT]
2020/09/07 23:19:12:422

I can't connect with the passive [192.168.100.113/5000] error_code:10061 !

<<<----  [OUT]
2020/09/07 23:19:14:903

Connecting Started...

<<<----  [OUT]
2020/09/07 23:19:16:935

I can't connect with the passive [192.168.100.113/5000] error_code:10061 !

<<<----  [OUT]
2020/09/07 23:19:19:420

Connecting Started...

<<<----  [OUT]
2020/09/07 23:19:21:479

I can't connect with the passive [192.168.100.113/5000] error_code:10061 !

<<<----  [OUT]
2020/09/07 23:19:23:967

Connecting Started...

<<<----  [OUT]
2020/09/07 23:19:26:032

I can't connect with the passive [192.168.100.113/5000] error_code:10061 !

<<<----  [OUT]
2020/09/07 23:19:28:514

Connecting Started...

<<<----  [OUT]
2020/09/07 23:19:30:596

I can't connect with the passive [192.168.100.113/5000] error_code:10061 !

<<<----  [OUT]
2020/09/07 23:19:33:075

Connecting Started...

<<<----  [OUT]
2020/09/07 23:19:35:117

I can't connect with the passive [192.168.100.113/5000] error_code:10061 !

<<<----  [OUT]
2020/09/07 23:19:37:606

Connecting Started...

<<<----  [OUT]
2020/09/07 23:19:39:642

I can't connect with the passive [192.168.100.113/5000] error_code:10061 !

<<<----  [OUT]
2020/09/07 23:19:42:121

Connecting Started...

<<<----  [OUT]
2020/09/07 23:19:44:171

I can't connect with the passive [192.168.100.113/5000] error_code:10061 !

<<<----  [OUT]
2020/09/07 23:19:46:654

Connecting Started...

<<<----  [OUT]
2020/09/07 23:19:48:697

I can't connect with the passive [192.168.100.113/5000] error_code:10061 !

<<<----  [OUT]
2020/09/07 23:19:51:185

Connecting Started...

<<<----  [OUT]
2020/09/07 23:19:53:236

I can't connect with the passive [192.168.100.113/5000] error_code:10061 !

<<<----  [OUT]
2020/09/07 23:19:55:715

Connecting Started...

<<<----  [OUT]
2020/09/07 23:19:57:759

I can't connect with the passive [192.168.100.113/5000] error_code:10061 !

<<<----  [OUT]
2020/09/07 23:20:00:247

Connecting Started...

<<<----  [OUT]
2020/09/07 23:20:02:305

I can't connect with the passive [192.168.100.113/5000] error_code:10061 !

<<<----  [OUT]
2020/09/07 23:20:04:795

Connecting Started...

<<<----  [OUT]
2020/09/07 23:20:06:850

I can't connect with the passive [192.168.100.113/5000] error_code:10061 !

<<<----  [OUT]
2020/09/07 23:20:09:341

Connecting Started...

<<<----  [OUT]
2020/09/07 23:20:11:382

I can't connect with the passive [192.168.100.113/5000] error_code:10061 !

<<<----  [OUT]
2020/09/07 23:20:13:871

Connecting Started...

<<<----  [OUT]
2020/09/07 23:20:15:932

I can't connect with the passive [192.168.100.113/5000] error_code:10061 !

<<<----  [OUT]
2020/09/07 23:20:18:419

Connecting Started...

<<<----  [OUT]
2020/09/07 23:20:20:469

I can't connect with the passive [192.168.100.113/5000] error_code:10061 !

<<<----  [OUT]
2020/09/07 23:20:22:951

Connecting Started...

<<<----  [OUT]
2020/09/07 23:20:24:984

I can't connect with the passive [192.168.100.113/5000] error_code:10061 !

<<<----  [OUT]
2020/09/07 23:20:27:465

Connecting Started...

<<<----  [OUT]
2020/09/07 23:20:29:511

I can't connect with the passive [192.168.100.113/5000] error_code:10061 !

<<<----  [OUT]
2020/09/07 23:20:31:998

Connecting Started...

<<<----  [OUT]
2020/09/07 23:20:34:034

I can't connect with the passive [192.168.100.113/5000] error_code:10061 !

<<<----  [OUT]
2020/09/07 23:20:36:512

Connecting Started...

<<<----  [OUT]
2020/09/07 23:20:38:568

I can't connect with the passive [192.168.100.113/5000] error_code:10061 !

<<<----  [OUT]
2020/09/07 23:20:41:060

Connecting Started...

<<<----  [OUT]
2020/09/07 23:20:43:112

I can't connect with the passive [192.168.100.113/5000] error_code:10061 !

<<<----  [OUT]
2020/09/07 23:20:45:591

Connecting Started...

<<<----  [OUT]
2020/09/07 23:20:47:659

I can't connect with the passive [192.168.100.113/5000] error_code:10061 !

<<<----  [OUT]
2020/09/07 23:20:50:138

Connecting Started...

<<<----  [OUT]
2020/09/07 23:20:52:194

I can't connect with the passive [192.168.100.113/5000] error_code:10061 !

<<<----  [OUT]
2020/09/07 23:20:54:684

Connecting Started...

<<<----  [OUT]
2020/09/07 23:20:56:732

I can't connect with the passive [192.168.100.113/5000] error_code:10061 !

<<<----  [OUT]
2020/09/07 23:20:59:216

Connecting Started...

<<<----  [OUT]
2020/09/07 23:21:01:284

I can't connect with the passive [192.168.100.113/5000] error_code:10061 !

<<<----  [OUT]
2020/09/07 23:21:03:762

Connecting Started...

<<<----  [OUT]
2020/09/07 23:21:05:821

I can't connect with the passive [192.168.100.113/5000] error_code:10061 !

<<<----  [OUT]
2020/09/07 23:21:08:310

Connecting Started...

<<<----  [OUT]
2020/09/07 23:21:10:367

I can't connect with the passive [192.168.100.113/5000] error_code:10061 !

<<<----  [OUT]
2020/09/07 23:21:12:857

Connecting Started...

<<<----  [OUT]
2020/09/07 23:21:14:901

I can't connect with the passive [192.168.100.113/5000] error_code:10061 !

<<<----  [OUT]
2020/09/07 23:21:17:388

Connecting Started...

<<<----  [OUT]
2020/09/07 23:21:19:434

I can't connect with the passive [192.168.100.113/5000] error_code:10061 !

<<<----  [OUT]
2020/09/07 23:21:21:919

Connecting Started...

<<<----  [OUT]
2020/09/07 23:21:23:971

I can't connect with the passive [192.168.100.113/5000] error_code:10061 !

<<<----  [OUT]
2020/09/07 23:21:26:450

Connecting Started...

<<<----  [OUT]
2020/09/07 23:21:28:509

I can't connect with the passive [192.168.100.113/5000] error_code:10061 !

<<<----  [OUT]
2020/09/07 23:21:30:998

Connecting Started...

<<<----  [OUT]
2020/09/07 23:21:33:042

I can't connect with the passive [192.168.100.113/5000] error_code:10061 !

<<<----  [OUT]
2020/09/07 23:21:35:528

Connecting Started...

<<<----  [OUT]
2020/09/07 23:21:37:569

I can't connect with the passive [192.168.100.113/5000] error_code:10061 !

<<<----  [OUT]
2020/09/07 23:21:40:059

Connecting Started...

<<<----  [OUT]
2020/09/07 23:21:42:088

I can't connect with the passive [192.168.100.113/5000] error_code:10061 !

<<<----  [OUT]
2020/09/07 23:21:44:575

Connecting Started...

<<<----  [OUT]
2020/09/07 23:21:46:635

I can't connect with the passive [192.168.100.113/5000] error_code:10061 !

<<<----  [OUT]
2020/09/07 23:21:49:123

Connecting Started...

<<<----  [OUT]
2020/09/07 23:21:51:180

I can't connect with the passive [192.168.100.113/5000] error_code:10061 !

<<<----  [OUT]
2020/09/07 23:21:53:668

Connecting Started...

<<<----  [OUT]
2020/09/07 23:21:55:730

I can't connect with the passive [192.168.100.113/5000] error_code:10061 !

<<<----  [OUT]
2020/09/07 23:21:58:215

Connecting Started...

<<<----  [OUT]
2020/09/07 23:22:00:267

I can't connect with the passive [192.168.100.113/5000] error_code:10061 !

<<<----  [OUT]
2020/09/07 23:22:02:746

Connecting Started...

<<<----  [OUT]
2020/09/07 23:22:04:813

I can't connect with the passive [192.168.100.113/5000] error_code:10061 !

<<<----  [OUT]
2020/09/07 23:22:07:294

Connecting Started...

<<<----  [OUT]
2020/09/07 23:22:09:358

I can't connect with the passive [192.168.100.113/5000] error_code:10061 !

<<<----  [OUT]
2020/09/07 23:22:11:842

Connecting Started...

<<<----  [OUT]
2020/09/07 23:22:13:904

I can't connect with the passive [192.168.100.113/5000] error_code:10061 !

<<<----  [OUT]
2020/09/07 23:22:16:389

Connecting Started...

<<<----  [OUT]
2020/09/07 23:22:18:446

I can't connect with the passive [192.168.100.113/5000] error_code:10061 !

<<<----  [OUT]
2020/09/07 23:22:20:935

Connecting Started...

<<<----  [OUT]
2020/09/07 23:22:22:984

I can't connect with the passive [192.168.100.113/5000] error_code:10061 !

<<<----  [OUT]
2020/09/07 23:22:25:465

Connecting Started...

<<<----  [OUT]
2020/09/07 23:22:27:510

I can't connect with the passive [192.168.100.113/5000] error_code:10061 !

<<<----  [OUT]
2020/09/07 23:22:29:997

Connecting Started...

<<<----  [OUT]
2020/09/07 23:22:32:056

I can't connect with the passive [192.168.100.113/5000] error_code:10061 !

<<<----  [OUT]
2020/09/07 23:22:34:543

Connecting Started...

<<<----  [OUT]
2020/09/07 23:22:36:603

I can't connect with the passive [192.168.100.113/5000] error_code:10061 !

<<<----  [OUT]
2020/09/07 23:22:39:090

Connecting Started...

<<<----  [OUT]
2020/09/07 23:22:41:154

I can't connect with the passive [192.168.100.113/5000] error_code:10061 !

<<<----  [OUT]
2020/09/07 23:22:43:637

Connecting Started...

<<<----  [OUT]
2020/09/07 23:22:45:696

I can't connect with the passive [192.168.100.113/5000] error_code:10061 !

<<<----  [OUT]
2020/09/07 23:22:48:184

Connecting Started...

<<<----  [OUT]
2020/09/07 23:22:50:234

I can't connect with the passive [192.168.100.113/5000] error_code:10061 !

<<<----  [OUT]
2020/09/07 23:22:52:715

Connecting Started...

<<<----  [OUT]
2020/09/07 23:22:54:772

I can't connect with the passive [192.168.100.113/5000] error_code:10061 !

<<<----  [OUT]
2020/09/07 23:22:57:262

Connecting Started...

<<<----  [OUT]
2020/09/07 23:22:59:313

I can't connect with the passive [192.168.100.113/5000] error_code:10061 !

<<<----  [OUT]
2020/09/07 23:23:01:794

Connecting Started...

<<<----  [OUT]
2020/09/07 23:23:03:853

I can't connect with the passive [192.168.100.113/5000] error_code:10061 !

<<<----  [OUT]
2020/09/07 23:23:06:340

Connecting Started...

<<<----  [OUT]
2020/09/07 23:23:08:394

I can't connect with the passive [192.168.100.113/5000] error_code:10061 !

<<<----  [OUT]
2020/09/07 23:23:10:873

Connecting Started...

<<<----  [OUT]
2020/09/07 23:23:12:916

I can't connect with the passive [192.168.100.113/5000] error_code:10061 !

<<<----  [OUT]
2020/09/07 23:23:15:404

Connecting Started...

<<<----  [OUT]
2020/09/07 23:23:17:454

I can't connect with the passive [192.168.100.113/5000] error_code:10061 !

<<<----  [OUT]
2020/09/07 23:23:19:934

Connecting Started...

<<<----  [OUT]
2020/09/07 23:23:21:991

I can't connect with the passive [192.168.100.113/5000] error_code:10061 !

<<<----  [OUT]
2020/09/07 23:23:24:481

Connecting Started...

<<<----  [OUT]
2020/09/07 23:23:26:546

I can't connect with the passive [192.168.100.113/5000] error_code:10061 !

<<<----  [OUT]
2020/09/07 23:23:29:028

Connecting Started...

<<<----  [OUT]
2020/09/07 23:23:31:093

I can't connect with the passive [192.168.100.113/5000] error_code:10061 !

<<<----  [OUT]
2020/09/07 23:23:33:576

Connecting Started...

<<<----  [OUT]
2020/09/07 23:23:35:625

I can't connect with the passive [192.168.100.113/5000] error_code:10061 !

<<<----  [OUT]
2020/09/07 23:23:38:106

Connecting Started...

<<<----  [OUT]
2020/09/07 23:23:40:136

I can't connect with the passive [192.168.100.113/5000] error_code:10061 !

<<<----  [OUT]
2020/09/07 23:23:42:622

Connecting Started...

<<<----  [OUT]
2020/09/07 23:23:44:674

I can't connect with the passive [192.168.100.113/5000] error_code:10061 !

<<<----  [OUT]
2020/09/07 23:23:47:154

Connecting Started...

<<<----  [OUT]
2020/09/07 23:23:49:200

I can't connect with the passive [192.168.100.113/5000] error_code:10061 !

<<<----  [OUT]
2020/09/07 23:23:51:685

Connecting Started...

<<<----  [OUT]
2020/09/07 23:23:53:738

I can't connect with the passive [192.168.100.113/5000] error_code:10061 !

<<<----  [OUT]
2020/09/07 23:23:56:215

Connecting Started...

<<<----  [OUT]
2020/09/07 23:23:58:277

I can't connect with the passive [192.168.100.113/5000] error_code:10061 !

<<<----  [OUT]
2020/09/07 23:24:00:763

Connecting Started...

<<<----  [OUT]
2020/09/07 23:24:02:813

I can't connect with the passive [192.168.100.113/5000] error_code:10061 !

<<<----  [OUT]
2020/09/07 23:24:05:293

Connecting Started...

<<<----  [OUT]
2020/09/07 23:24:07:352

I can't connect with the passive [192.168.100.113/5000] error_code:10061 !

<<<----  [OUT]
2020/09/07 23:24:09:840

Connecting Started...

<<<----  [OUT]
2020/09/07 23:24:11:904

I can't connect with the passive [192.168.100.113/5000] error_code:10061 !

<<<----  [OUT]
2020/09/07 23:24:14:388

Connecting Started...

<<<----  [OUT]
2020/09/07 23:24:16:445

I can't connect with the passive [192.168.100.113/5000] error_code:10061 !

<<<----  [OUT]
2020/09/07 23:24:18:934

Connecting Started...

<<<----  [OUT]
2020/09/07 23:24:20:993

I can't connect with the passive [192.168.100.113/5000] error_code:10061 !

<<<----  [OUT]
2020/09/07 23:24:23:482

Connecting Started...

<<<----  [OUT]
2020/09/07 23:24:25:536

I can't connect with the passive [192.168.100.113/5000] error_code:10061 !

<<<----  [OUT]
2020/09/07 23:24:28:014

Connecting Started...

<<<----  [OUT]
2020/09/07 23:24:30:070

I can't connect with the passive [192.168.100.113/5000] error_code:10061 !

<<<----  [OUT]
2020/09/07 23:24:32:559

Connecting Started...

<<<----  [OUT]
2020/09/07 23:24:34:620

I can't connect with the passive [192.168.100.113/5000] error_code:10061 !

<<<----  [OUT]
2020/09/07 23:24:37:107

Connecting Started...

<<<----  [OUT]
2020/09/07 23:24:39:157

I can't connect with the passive [192.168.100.113/5000] error_code:10061 !

<<<----  [OUT]
2020/09/07 23:24:41:637

Connecting Started...

<<<----  [OUT]
2020/09/07 23:24:43:666

I can't connect with the passive [192.168.100.113/5000] error_code:10061 !

<<<----  [OUT]
2020/09/07 23:24:46:153

Connecting Started...

<<<----  [OUT]
2020/09/07 23:24:48:201

I can't connect with the passive [192.168.100.113/5000] error_code:10061 !

<<<----  [OUT]
2020/09/07 23:24:50:685

Connecting Started...

<<<----  [OUT]
2020/09/07 23:24:52:747

I can't connect with the passive [192.168.100.113/5000] error_code:10061 !

<<<----  [OUT]
2020/09/07 23:24:55:231

Connecting Started...

<<<----  [OUT]
2020/09/07 23:24:57:272

I can't connect with the passive [192.168.100.113/5000] error_code:10061 !

<<<----  [OUT]
2020/09/07 23:24:59:764

Connecting Started...

<<<----  [OUT]
2020/09/07 23:25:01:813

I can't connect with the passive [192.168.100.113/5000] error_code:10061 !

<<<----  [OUT]
2020/09/07 23:25:04:294

Connecting Started...

<<<----  [OUT]
2020/09/07 23:25:06:324

I can't connect with the passive [192.168.100.113/5000] error_code:10061 !

<<<----  [OUT]
2020/09/07 23:25:08:809

Connecting Started...

<<<----  [OUT]
2020/09/07 23:25:10:852

I can't connect with the passive [192.168.100.113/5000] error_code:10061 !

<<<----  [OUT]
2020/09/07 23:25:13:341

Connecting Started...

<<<----  [OUT]
2020/09/07 23:25:15:392

I can't connect with the passive [192.168.100.113/5000] error_code:10061 !

<<<----  [OUT]
2020/09/07 23:25:17:872

Connecting Started...

<<<----  [OUT]
2020/09/07 23:25:19:927

I can't connect with the passive [192.168.100.113/5000] error_code:10061 !

<<<----  [OUT]
2020/09/07 23:25:22:403

Connecting Started...

<<<----  [OUT]
2020/09/07 23:25:24:466

I can't connect with the passive [192.168.100.113/5000] error_code:10061 !

<<<----  [OUT]
2020/09/07 23:25:26:950

Connecting Started...

<<<----  [OUT]
2020/09/07 23:25:28:992

I can't connect with the passive [192.168.100.113/5000] error_code:10061 !

<<<----  [OUT]
2020/09/07 23:25:31:481

Connecting Started...

<<<----  [OUT]
2020/09/07 23:25:33:529

I can't connect with the passive [192.168.100.113/5000] error_code:10061 !

<<<----  [OUT]
2020/09/07 23:25:36:013

Connecting Started...

<<<----  [OUT]
2020/09/07 23:25:38:054

I can't connect with the passive [192.168.100.113/5000] error_code:10061 !

<<<----  [OUT]
2020/09/07 23:25:40:544

Connecting Started...

<<<----  [OUT]
2020/09/07 23:25:42:584

I can't connect with the passive [192.168.100.113/5000] error_code:10061 !

<<<----  [OUT]
2020/09/07 23:25:45:075

Connecting Started...

<<<----  [OUT]
2020/09/07 23:25:47:118

I can't connect with the passive [192.168.100.113/5000] error_code:10061 !

<<<----  [OUT]
2020/09/07 23:25:49:607

Connecting Started...

<<<----  [OUT]
2020/09/07 23:25:51:674

I can't connect with the passive [192.168.100.113/5000] error_code:10061 !

<<<----  [OUT]
2020/09/07 23:25:54:154

Connecting Started...

<<<----  [OUT]
2020/09/07 23:25:56:214

I can't connect with the passive [192.168.100.113/5000] error_code:10061 !

<<<----  [OUT]
2020/09/07 23:25:58:701

Connecting Started...

<<<----  [OUT]
2020/09/07 23:26:00:759

I can't connect with the passive [192.168.100.113/5000] error_code:10061 !

<<<----  [OUT]
2020/09/07 23:26:03:247

Connecting Started...

<<<----  [OUT]
2020/09/07 23:26:05:296

I can't connect with the passive [192.168.100.113/5000] error_code:10061 !

<<<----  [OUT]
2020/09/07 23:26:07:779

Connecting Started...

<<<----  [OUT]
2020/09/07 23:26:09:824

I can't connect with the passive [192.168.100.113/5000] error_code:10061 !

<<<----  [OUT]
2020/09/07 23:26:12:310

Connecting Started...

<<<----  [OUT]
2020/09/07 23:26:14:349

I can't connect with the passive [192.168.100.113/5000] error_code:10061 !

<<<----  [OUT]
2020/09/07 23:26:16:842

Connecting Started...

<<<----  [OUT]
2020/09/07 23:26:18:896

I can't connect with the passive [192.168.100.113/5000] error_code:10061 !

<<<----  [OUT]
2020/09/07 23:26:21:387

Connecting Started...

<<<----  [OUT]
2020/09/07 23:26:23:443

I can't connect with the passive [192.168.100.113/5000] error_code:10061 !

<<<----  [OUT]
2020/09/07 23:26:25:935

Connecting Started...

<<<----  [OUT]
2020/09/07 23:26:27:997

I can't connect with the passive [192.168.100.113/5000] error_code:10061 !

<<<----  [OUT]
2020/09/07 23:26:30:483

Connecting Started...

<<<----  [OUT]
2020/09/07 23:26:32:544

I can't connect with the passive [192.168.100.113/5000] error_code:10061 !

<<<----  [OUT]
2020/09/07 23:26:35:028

Connecting Started...

<<<----  [OUT]
2020/09/07 23:26:37:084

I can't connect with the passive [192.168.100.113/5000] error_code:10061 !

<<<----  [OUT]
2020/09/07 23:26:39:575

Connecting Started...

<<<----  [OUT]
2020/09/07 23:26:41:628

I can't connect with the passive [192.168.100.113/5000] error_code:10061 !

<<<----  [OUT]
2020/09/07 23:26:44:105

Connecting Started...

<<<----  [OUT]
2020/09/07 23:26:46:174

I can't connect with the passive [192.168.100.113/5000] error_code:10061 !

<<<----  [OUT]
2020/09/07 23:26:48:653

Connecting Started...

<<<----  [OUT]
2020/09/07 23:26:50:713

I can't connect with the passive [192.168.100.113/5000] error_code:10061 !

<<<----  [OUT]
2020/09/07 23:26:53:201

Connecting Started...

<<<----  [OUT]
2020/09/07 23:26:55:251

I can't connect with the passive [192.168.100.113/5000] error_code:10061 !

<<<----  [OUT]
2020/09/07 23:26:57:731

Connecting Started...

<<<----  [OUT]
2020/09/07 23:26:59:776

I can't connect with the passive [192.168.100.113/5000] error_code:10061 !

<<<----  [OUT]
2020/09/07 23:27:02:263

Connecting Started...

<<<----  [OUT]
2020/09/07 23:27:04:318

I can't connect with the passive [192.168.100.113/5000] error_code:10061 !

<<<----  [OUT]
2020/09/07 23:27:06:810

Connecting Started...

<<<----  [OUT]
2020/09/07 23:27:08:861

I can't connect with the passive [192.168.100.113/5000] error_code:10061 !

<<<----  [OUT]
2020/09/07 23:27:11:342

Connecting Started...

<<<----  [OUT]
2020/09/07 23:27:13:394

I can't connect with the passive [192.168.100.113/5000] error_code:10061 !

<<<----  [OUT]
2020/09/07 23:27:15:871

Connecting Started...

<<<----  [OUT]
2020/09/07 23:27:17:934

I can't connect with the passive [192.168.100.113/5000] error_code:10061 !

<<<----  [OUT]
2020/09/07 23:27:20:419

Connecting Started...

<<<----  [OUT]
2020/09/07 23:27:22:481

I can't connect with the passive [192.168.100.113/5000] error_code:10061 !

<<<----  [OUT]
2020/09/07 23:27:24:967

Connecting Started...

<<<----  [OUT]
2020/09/07 23:27:27:021

I can't connect with the passive [192.168.100.113/5000] error_code:10061 !

<<<----  [OUT]
2020/09/07 23:27:29:513

Connecting Started...

<<<----  [OUT]
2020/09/07 23:27:31:553

I can't connect with the passive [192.168.100.113/5000] error_code:10061 !

<<<----  [OUT]
2020/09/07 23:27:34:043

Connecting Started...

<<<----  [OUT]
2020/09/07 23:27:36:090

I can't connect with the passive [192.168.100.113/5000] error_code:10061 !

<<<----  [OUT]
2020/09/07 23:27:38:576

Connecting Started...

<<<----  [OUT]
2020/09/07 23:27:40:625

I can't connect with the passive [192.168.100.113/5000] error_code:10061 !

<<<----  [OUT]
2020/09/07 23:27:43:106

Connecting Started...

<<<----  [OUT]
2020/09/07 23:27:45:150

I can't connect with the passive [192.168.100.113/5000] error_code:10061 !

<<<----  [OUT]
2020/09/07 23:27:47:638

Connecting Started...

<<<----  [OUT]
2020/09/07 23:27:49:670

I can't connect with the passive [192.168.100.113/5000] error_code:10061 !

<<<----  [OUT]
2020/09/07 23:27:52:154

Connecting Started...

<<<----  [OUT]
2020/09/07 23:27:54:197

I can't connect with the passive [192.168.100.113/5000] error_code:10061 !

<<<----  [OUT]
2020/09/07 23:27:56:685

Connecting Started...

<<<----  [OUT]
2020/09/07 23:27:58:733

I can't connect with the passive [192.168.100.113/5000] error_code:10061 !

<<<----  [OUT]
2020/09/07 23:28:01:217

Connecting Started...

<<<----  [OUT]
2020/09/07 23:28:03:256

I can't connect with the passive [192.168.100.113/5000] error_code:10061 !

<<<----  [OUT]
2020/09/07 23:28:05:746

Connecting Started...

<<<----  [OUT]
2020/09/07 23:28:07:779

I can't connect with the passive [192.168.100.113/5000] error_code:10061 !

<<<----  [OUT]
2020/09/07 23:28:10:262

Connecting Started...

<<<----  [OUT]
2020/09/07 23:28:12:303

I can't connect with the passive [192.168.100.113/5000] error_code:10061 !

<<<----  [OUT]
2020/09/07 23:28:14:793

Connecting Started...

<<<----  [OUT]
2020/09/07 23:28:16:841

I can't connect with the passive [192.168.100.113/5000] error_code:10061 !

<<<----  [OUT]
2020/09/07 23:28:19:326

Connecting Started...

<<<----  [OUT]
2020/09/07 23:28:21:365

I can't connect with the passive [192.168.100.113/5000] error_code:10061 !

<<<----  [OUT]
2020/09/07 23:28:23:840

Connecting Started...

<<<----  [OUT]
2020/09/07 23:28:25:883

I can't connect with the passive [192.168.100.113/5000] error_code:10061 !

<<<----  [OUT]
2020/09/07 23:28:28:372

Connecting Started...

<<<----  [OUT]
2020/09/07 23:28:30:416

I can't connect with the passive [192.168.100.113/5000] error_code:10061 !

<<<----  [OUT]
2020/09/07 23:28:32:903

Connecting Started...

<<<----  [OUT]
2020/09/07 23:28:34:936

I can't connect with the passive [192.168.100.113/5000] error_code:10061 !

<<<----  [OUT]
2020/09/07 23:28:37:420

Connecting Started...

<<<----  [OUT]
2020/09/07 23:28:39:462

I can't connect with the passive [192.168.100.113/5000] error_code:10061 !

<<<----  [OUT]
2020/09/07 23:28:41:950

Connecting Started...

<<<----  [OUT]
2020/09/07 23:28:43:989

I can't connect with the passive [192.168.100.113/5000] error_code:10061 !

<<<----  [OUT]
2020/09/07 23:28:46:465

Connecting Started...

<<<----  [OUT]
2020/09/07 23:28:48:510

I can't connect with the passive [192.168.100.113/5000] error_code:10061 !

<<<----  [OUT]
2020/09/07 23:28:50:997

Connecting Started...

<<<----  [OUT]
2020/09/07 23:28:53:046

I can't connect with the passive [192.168.100.113/5000] error_code:10061 !

<<<----  [OUT]
2020/09/07 23:28:55:529

Connecting Started...

<<<----  [OUT]
2020/09/07 23:28:57:571

I can't connect with the passive [192.168.100.113/5000] error_code:10061 !

<<<----  [OUT]
2020/09/07 23:29:00:060

Connecting Started...

<<<----  [OUT]
2020/09/07 23:29:02:095

I can't connect with the passive [192.168.100.113/5000] error_code:10061 !

<<<----  [OUT]
2020/09/07 23:29:04:575

Connecting Started...

<<<----  [OUT]
2020/09/07 23:29:06:622

I can't connect with the passive [192.168.100.113/5000] error_code:10061 !

<<<----  [OUT]
2020/09/07 23:29:09:106

Connecting Started...

<<<----  [OUT]
2020/09/07 23:29:11:148

I can't connect with the passive [192.168.100.113/5000] error_code:10061 !

<<<----  [OUT]
2020/09/07 23:29:13:638

Connecting Started...

<<<----  [OUT]
2020/09/07 23:29:15:679

I can't connect with the passive [192.168.100.113/5000] error_code:10061 !

<<<----  [OUT]
2020/09/07 23:29:18:170

Connecting Started...

<<<----  [OUT]
2020/09/07 23:29:20:219

I can't connect with the passive [192.168.100.113/5000] error_code:10061 !

<<<----  [OUT]
2020/09/07 23:29:22:700

Connecting Started...

<<<----  [OUT]
2020/09/07 23:29:24:759

I can't connect with the passive [192.168.100.113/5000] error_code:10061 !

<<<----  [OUT]
2020/09/07 23:29:27:246

Connecting Started...

<<<----  [OUT]
2020/09/07 23:29:29:295

I can't connect with the passive [192.168.100.113/5000] error_code:10061 !

<<<----  [OUT]
2020/09/07 23:29:31:779

Connecting Started...

<<<----  [OUT]
2020/09/07 23:29:33:835

I can't connect with the passive [192.168.100.113/5000] error_code:10061 !

<<<----  [OUT]
2020/09/07 23:29:36:325

Connecting Started...

<<<----  [OUT]
2020/09/07 23:29:38:359

I can't connect with the passive [192.168.100.113/5000] error_code:10061 !

<<<----  [OUT]
2020/09/07 23:29:40:840

Connecting Started...

<<<----  [OUT]
2020/09/07 23:29:42:883

I can't connect with the passive [192.168.100.113/5000] error_code:10061 !

<<<----  [OUT]
2020/09/07 23:29:45:373

Connecting Started...

<<<----  [OUT]
2020/09/07 23:29:47:432

I can't connect with the passive [192.168.100.113/5000] error_code:10061 !

<<<----  [OUT]
2020/09/07 23:29:49:919

Connecting Started...

<<<----  [OUT]
2020/09/07 23:29:51:973

I can't connect with the passive [192.168.100.113/5000] error_code:10061 !

<<<----  [OUT]
2020/09/07 23:29:54:451

Connecting Started...

<<<----  [OUT]
2020/09/07 23:29:56:505

I can't connect with the passive [192.168.100.113/5000] error_code:10061 !

<<<----  [OUT]
2020/09/07 23:29:58:981

Connecting Started...

<<<----  [OUT]
2020/09/07 23:30:01:008

I can't connect with the passive [192.168.100.113/5000] error_code:10061 !

<<<----  [OUT]
2020/09/07 23:30:03:496

Connecting Started...

<<<----  [OUT]
2020/09/07 23:30:05:551

I can't connect with the passive [192.168.100.113/5000] error_code:10061 !

<<<----  [OUT]
2020/09/07 23:30:08:028

Connecting Started...

<<<----  [OUT]
2020/09/07 23:30:10:079

I can't connect with the passive [192.168.100.113/5000] error_code:10061 !

<<<----  [OUT]
2020/09/07 23:30:12:560

Connecting Started...

<<<----  [OUT]
2020/09/07 23:30:14:617

I can't connect with the passive [192.168.100.113/5000] error_code:10061 !

<<<----  [OUT]
2020/09/07 23:30:17:107

Connecting Started...

<<<----  [OUT]
2020/09/07 23:30:19:165

I can't connect with the passive [192.168.100.113/5000] error_code:10061 !

<<<----  [OUT]
2020/09/07 23:30:21:653

Connecting Started...

<<<----  [OUT]
2020/09/07 23:30:23:708

I can't connect with the passive [192.168.100.113/5000] error_code:10061 !

<<<----  [OUT]
2020/09/07 23:30:26:185

Connecting Started...

<<<----  [OUT]
2020/09/07 23:30:28:234

I can't connect with the passive [192.168.100.113/5000] error_code:10061 !

<<<----  [OUT]
2020/09/07 23:30:30:716

Connecting Started...

<<<----  [OUT]
2020/09/07 23:30:32:765

I can't connect with the passive [192.168.100.113/5000] error_code:10061 !

<<<----  [OUT]
2020/09/07 23:30:35:247

Connecting Started...

<<<----  [OUT]
2020/09/07 23:30:37:306

I can't connect with the passive [192.168.100.113/5000] error_code:10061 !

<<<----  [OUT]
2020/09/07 23:30:39:794

Connecting Started...

<<<----  [OUT]
2020/09/07 23:30:41:845

I can't connect with the passive [192.168.100.113/5000] error_code:10061 !

<<<----  [OUT]
2020/09/07 23:30:44:325

Connecting Started...

<<<----  [OUT]
2020/09/07 23:30:46:373

I can't connect with the passive [192.168.100.113/5000] error_code:10061 !

<<<----  [OUT]
2020/09/07 23:30:48:856

Connecting Started...

<<<----  [OUT]
2020/09/07 23:30:50:896

I can't connect with the passive [192.168.100.113/5000] error_code:10061 !

<<<----  [OUT]
2020/09/07 23:30:53:372

Connecting Started...

<<<----  [OUT]
2020/09/07 23:30:55:426

I can't connect with the passive [192.168.100.113/5000] error_code:10061 !

<<<----  [OUT]
2020/09/07 23:30:57:904

Connecting Started...

<<<----  [OUT]
2020/09/07 23:30:59:953

I can't connect with the passive [192.168.100.113/5000] error_code:10061 !

<<<----  [OUT]
2020/09/07 23:31:02:435

Connecting Started...

<<<----  [OUT]
2020/09/07 23:31:04:480

I can't connect with the passive [192.168.100.113/5000] error_code:10061 !

<<<----  [OUT]
2020/09/07 23:31:06:966

Connecting Started...

<<<----  [OUT]
2020/09/07 23:31:09:032

I can't connect with the passive [192.168.100.113/5000] error_code:10061 !

<<<----  [OUT]
2020/09/07 23:31:11:512

Connecting Started...

<<<----  [OUT]
2020/09/07 23:31:13:568

I can't connect with the passive [192.168.100.113/5000] error_code:10061 !

<<<----  [OUT]
2020/09/07 23:31:16:060

Connecting Started...

<<<----  [OUT]
2020/09/07 23:31:18:108

I can't connect with the passive [192.168.100.113/5000] error_code:10061 !

<<<----  [OUT]
2020/09/07 23:31:20:590

Connecting Started...

<<<----  [OUT]
2020/09/07 23:31:22:651

I can't connect with the passive [192.168.100.113/5000] error_code:10061 !

<<<----  [OUT]
2020/09/07 23:31:25:137

Connecting Started...

<<<----  [OUT]
2020/09/07 23:31:27:190

I can't connect with the passive [192.168.100.113/5000] error_code:10061 !

<<<----  [OUT]
2020/09/07 23:31:29:669

Connecting Started...

<<<----  [OUT]
2020/09/07 23:31:31:709

I can't connect with the passive [192.168.100.113/5000] error_code:10061 !

<<<----  [OUT]
2020/09/07 23:31:34:201

Connecting Started...

<<<----  [OUT]
2020/09/07 23:31:36:250

I can't connect with the passive [192.168.100.113/5000] error_code:10061 !

<<<----  [OUT]
2020/09/07 23:31:38:731

Connecting Started...

<<<----  [OUT]
2020/09/07 23:31:40:781

I can't connect with the passive [192.168.100.113/5000] error_code:10061 !

<<<----  [OUT]
2020/09/07 23:31:43:263

Connecting Started...

<<<----  [OUT]
2020/09/07 23:31:45:321

I can't connect with the passive [192.168.100.113/5000] error_code:10061 !

<<<----  [OUT]
2020/09/07 23:31:47:810

Connecting Started...

<<<----  [OUT]
2020/09/07 23:31:49:865

I can't connect with the passive [192.168.100.113/5000] error_code:10061 !

<<<----  [OUT]
2020/09/07 23:31:52:357

Connecting Started...

<<<----  [OUT]
2020/09/07 23:31:54:405

I can't connect with the passive [192.168.100.113/5000] error_code:10061 !

<<<----  [OUT]
2020/09/07 23:31:56:887

Connecting Started...

<<<----  [OUT]
2020/09/07 23:31:58:935

I can't connect with the passive [192.168.100.113/5000] error_code:10061 !

<<<----  [OUT]
2020/09/07 23:32:01:419

Connecting Started...

<<<----  [OUT]
2020/09/07 23:32:03:471

I can't connect with the passive [192.168.100.113/5000] error_code:10061 !

<<<----  [OUT]
2020/09/07 23:32:05:950

Connecting Started...

<<<----  [OUT]
2020/09/07 23:32:08:008

I can't connect with the passive [192.168.100.113/5000] error_code:10061 !

<<<----  [OUT]
2020/09/07 23:32:10:497

Connecting Started...

<<<----  [OUT]
2020/09/07 23:32:12:547

I can't connect with the passive [192.168.100.113/5000] error_code:10061 !

<<<----  [OUT]
2020/09/07 23:32:15:029

Connecting Started...

<<<----  [OUT]
2020/09/07 23:32:17:073

I can't connect with the passive [192.168.100.113/5000] error_code:10061 !

<<<----  [OUT]
2020/09/07 23:32:19:559

Connecting Started...

<<<----  [OUT]
2020/09/07 23:32:21:623

I can't connect with the passive [192.168.100.113/5000] error_code:10061 !

<<<----  [OUT]
2020/09/07 23:32:24:106

Connecting Started...

<<<----  [OUT]
2020/09/07 23:32:26:150

I can't connect with the passive [192.168.100.113/5000] error_code:10061 !

<<<----  [OUT]
2020/09/07 23:32:28:637

Connecting Started...

<<<----  [OUT]
2020/09/07 23:32:30:674

I can't connect with the passive [192.168.100.113/5000] error_code:10061 !

<<<----  [OUT]
2020/09/07 23:32:33:153

Connecting Started...

<<<----  [OUT]
2020/09/07 23:32:35:188

I can't connect with the passive [192.168.100.113/5000] error_code:10061 !

<<<----  [OUT]
2020/09/07 23:32:37:668

Connecting Started...

<<<----  [OUT]
2020/09/07 23:32:39:701

I can't connect with the passive [192.168.100.113/5000] error_code:10061 !

<<<----  [OUT]
2020/09/07 23:32:42:184

Connecting Started...

<<<----  [OUT]
2020/09/07 23:32:44:237

I can't connect with the passive [192.168.100.113/5000] error_code:10061 !

<<<----  [OUT]
2020/09/07 23:32:46:716

Connecting Started...

<<<----  [OUT]
2020/09/07 23:32:48:756

I can't connect with the passive [192.168.100.113/5000] error_code:10061 !

<<<----  [OUT]
2020/09/07 23:32:51:247

Connecting Started...

<<<----  [OUT]
2020/09/07 23:32:53:297

I can't connect with the passive [192.168.100.113/5000] error_code:10061 !

<<<----  [OUT]
2020/09/07 23:32:55:779

Connecting Started...

<<<----  [OUT]
2020/09/07 23:32:57:826

I can't connect with the passive [192.168.100.113/5000] error_code:10061 !

<<<----  [OUT]
2020/09/07 23:33:00:311

Connecting Started...

<<<----  [OUT]
2020/09/07 23:33:02:369

I can't connect with the passive [192.168.100.113/5000] error_code:10061 !

<<<----  [OUT]
2020/09/07 23:33:04:856

Connecting Started...

<<<----  [OUT]
2020/09/07 23:33:06:920

I can't connect with the passive [192.168.100.113/5000] error_code:10061 !

<<<----  [OUT]
2020/09/07 23:33:09:404

Connecting Started...

<<<----  [OUT]
2020/09/07 23:33:11:477

I can't connect with the passive [192.168.100.113/5000] error_code:10061 !

<<<----  [OUT]
2020/09/07 23:33:13:966

Connecting Started...

<<<----  [OUT]
2020/09/07 23:33:16:019

I can't connect with the passive [192.168.100.113/5000] error_code:10061 !

<<<----  [OUT]
2020/09/07 23:33:18:498

Connecting Started...

<<<----  [OUT]
2020/09/07 23:33:20:543

I can't connect with the passive [192.168.100.113/5000] error_code:10061 !

<<<----  [OUT]
2020/09/07 23:33:23:029

Connecting Started...

<<<----  [OUT]
2020/09/07 23:33:25:085

I can't connect with the passive [192.168.100.113/5000] error_code:10061 !

<<<----  [OUT]
2020/09/07 23:33:27:575

Connecting Started...

<<<----  [OUT]
2020/09/07 23:33:29:631

I can't connect with the passive [192.168.100.113/5000] error_code:10061 !

<<<----  [OUT]
2020/09/07 23:33:32:122

Connecting Started...

<<<----  [OUT]
2020/09/07 23:33:34:182

I can't connect with the passive [192.168.100.113/5000] error_code:10061 !

<<<----  [OUT]
2020/09/07 23:33:36:668

Connecting Started...

<<<----  [OUT]
2020/09/07 23:33:38:717

I can't connect with the passive [192.168.100.113/5000] error_code:10061 !

<<<----  [OUT]
2020/09/07 23:33:41:200

Connecting Started...

<<<----  [OUT]
2020/09/07 23:33:43:255

I can't connect with the passive [192.168.100.113/5000] error_code:10061 !

<<<----  [OUT]
2020/09/07 23:33:45:732

Connecting Started...

<<<----  [OUT]
2020/09/07 23:33:47:755

I can't connect with the passive [192.168.100.113/5000] error_code:10061 !

<<<----  [OUT]
2020/09/07 23:33:50:232

Connecting Started...

<<<----  [OUT]
2020/09/07 23:33:52:287

I can't connect with the passive [192.168.100.113/5000] error_code:10061 !

<<<----  [OUT]
2020/09/07 23:33:54:778

Connecting Started...

<<<----  [OUT]
2020/09/07 23:33:56:827

I can't connect with the passive [192.168.100.113/5000] error_code:10061 !

<<<----  [OUT]
2020/09/07 23:33:59:310

Connecting Started...

<<<----  [OUT]
2020/09/07 23:34:01:373

I can't connect with the passive [192.168.100.113/5000] error_code:10061 !

<<<----  [OUT]
2020/09/07 23:34:03:857

Connecting Started...

<<<----  [OUT]
2020/09/07 23:34:05:915

I can't connect with the passive [192.168.100.113/5000] error_code:10061 !

<<<----  [OUT]
2020/09/07 23:34:08:402

Connecting Started...

<<<----  [OUT]
2020/09/07 23:34:10:468

I can't connect with the passive [192.168.100.113/5000] error_code:10061 !

<<<----  [OUT]
2020/09/07 23:34:12:950

Connecting Started...

<<<----  [OUT]
2020/09/07 23:34:15:000

I can't connect with the passive [192.168.100.113/5000] error_code:10061 !

<<<----  [OUT]
2020/09/07 23:34:17:481

Connecting Started...

<<<----  [OUT]
2020/09/07 23:34:19:548

I can't connect with the passive [192.168.100.113/5000] error_code:10061 !

<<<----  [OUT]
2020/09/07 23:34:22:028

Connecting Started...

<<<----  [OUT]
2020/09/07 23:34:24:087

I can't connect with the passive [192.168.100.113/5000] error_code:10061 !

<<<----  [OUT]
2020/09/07 23:34:26:576

Connecting Started...

<<<----  [OUT]
2020/09/07 23:34:28:623

I can't connect with the passive [192.168.100.113/5000] error_code:10061 !

<<<----  [OUT]
2020/09/07 23:34:31:106

Connecting Started...

<<<----  [OUT]
2020/09/07 23:34:33:169

I can't connect with the passive [192.168.100.113/5000] error_code:10061 !

<<<----  [OUT]
2020/09/07 23:34:35:653

Connecting Started...

<<<----  [OUT]
2020/09/07 23:34:37:708

I can't connect with the passive [192.168.100.113/5000] error_code:10061 !

<<<----  [OUT]
2020/09/07 23:34:40:185

Connecting Started...

<<<----  [OUT]
2020/09/07 23:34:42:235

I can't connect with the passive [192.168.100.113/5000] error_code:10061 !

<<<----  [OUT]
2020/09/07 23:34:44:715

Connecting Started...

<<<----  [OUT]
2020/09/07 23:34:46:774

I can't connect with the passive [192.168.100.113/5000] error_code:10061 !

<<<----  [OUT]
2020/09/07 23:34:49:263

Connecting Started...

<<<----  [OUT]
2020/09/07 23:34:51:316

I can't connect with the passive [192.168.100.113/5000] error_code:10061 !

<<<----  [OUT]
2020/09/07 23:34:53:794

Connecting Started...

<<<----  [OUT]
2020/09/07 23:34:55:857

I can't connect with the passive [192.168.100.113/5000] error_code:10061 !

<<<----  [OUT]
2020/09/07 23:34:58:341

Connecting Started...

<<<----  [OUT]
2020/09/07 23:35:00:401

I can't connect with the passive [192.168.100.113/5000] error_code:10061 !

<<<----  [OUT]
2020/09/07 23:35:02:888

Connecting Started...

<<<----  [OUT]
2020/09/07 23:35:04:945

I can't connect with the passive [192.168.100.113/5000] error_code:10061 !

<<<----  [OUT]
2020/09/07 23:35:07:435

Connecting Started...

<<<----  [OUT]
2020/09/07 23:35:09:493

I can't connect with the passive [192.168.100.113/5000] error_code:10061 !

<<<----  [OUT]
2020/09/07 23:35:11:981

Connecting Started...

<<<----  [OUT]
2020/09/07 23:35:14:027

I can't connect with the passive [192.168.100.113/5000] error_code:10061 !

<<<----  [OUT]
2020/09/07 23:35:16:513

Connecting Started...

<<<----  [OUT]
2020/09/07 23:35:18:563

I can't connect with the passive [192.168.100.113/5000] error_code:10061 !

<<<----  [OUT]
2020/09/07 23:35:21:043

Connecting Started...

<<<----  [OUT]
2020/09/07 23:35:23:108

I can't connect with the passive [192.168.100.113/5000] error_code:10061 !

<<<----  [OUT]
2020/09/07 23:35:25:590

Connecting Started...

<<<----  [OUT]
2020/09/07 23:35:27:640

I can't connect with the passive [192.168.100.113/5000] error_code:10061 !

<<<----  [OUT]
2020/09/07 23:35:30:123

Connecting Started...

<<<----  [OUT]
2020/09/07 23:35:32:185

I can't connect with the passive [192.168.100.113/5000] error_code:10061 !

<<<----  [OUT]
2020/09/07 23:35:34:669

Connecting Started...

<<<----  [OUT]
2020/09/07 23:35:36:719

I can't connect with the passive [192.168.100.113/5000] error_code:10061 !

<<<----  [OUT]
2020/09/07 23:35:39:201

Connecting Started...

<<<----  [OUT]
2020/09/07 23:35:41:260

I can't connect with the passive [192.168.100.113/5000] error_code:10061 !

<<<----  [OUT]
2020/09/07 23:35:43:747

Connecting Started...

<<<----  [OUT]
2020/09/07 23:35:45:796

I can't connect with the passive [192.168.100.113/5000] error_code:10061 !

<<<----  [OUT]
2020/09/07 23:35:48:278

Connecting Started...

<<<----  [OUT]
2020/09/07 23:35:50:335

I can't connect with the passive [192.168.100.113/5000] error_code:10061 !

<<<----  [OUT]
2020/09/07 23:35:52:825

Connecting Started...

<<<----  [OUT]
2020/09/07 23:35:54:892

I can't connect with the passive [192.168.100.113/5000] error_code:10061 !

<<<----  [OUT]
2020/09/07 23:35:57:372

Connecting Started...

<<<----  [OUT]
2020/09/07 23:35:59:427

I can't connect with the passive [192.168.100.113/5000] error_code:10061 !

<<<----  [OUT]
2020/09/07 23:36:01:919

Connecting Started...

<<<----  [OUT]
2020/09/07 23:36:03:967

I can't connect with the passive [192.168.100.113/5000] error_code:10061 !

<<<----  [OUT]
2020/09/07 23:36:06:451

Connecting Started...

<<<----  [OUT]
2020/09/07 23:36:08:519

I can't connect with the passive [192.168.100.113/5000] error_code:10061 !

<<<----  [OUT]
2020/09/07 23:36:10:997

Connecting Started...

<<<----  [OUT]
2020/09/07 23:36:13:050

I can't connect with the passive [192.168.100.113/5000] error_code:10061 !

<<<----  [OUT]
2020/09/07 23:36:15:529

Connecting Started...

<<<----  [OUT]
2020/09/07 23:36:17:587

I can't connect with the passive [192.168.100.113/5000] error_code:10061 !

<<<----  [OUT]
2020/09/07 23:36:20:074

Connecting Started...

<<<----  [OUT]
2020/09/07 23:36:22:120

I can't connect with the passive [192.168.100.113/5000] error_code:10061 !

<<<----  [OUT]
2020/09/07 23:36:24:607

Connecting Started...

<<<----  [OUT]
2020/09/07 23:36:26:676

I can't connect with the passive [192.168.100.113/5000] error_code:10061 !

<<<----  [OUT]
2020/09/07 23:36:29:153

Connecting Started...

<<<----  [OUT]
2020/09/07 23:36:31:207

I can't connect with the passive [192.168.100.113/5000] error_code:10061 !

<<<----  [OUT]
2020/09/07 23:36:33:685

Connecting Started...

<<<----  [OUT]
2020/09/07 23:36:35:745

I can't connect with the passive [192.168.100.113/5000] error_code:10061 !

<<<----  [OUT]
2020/09/07 23:36:38:232

Connecting Started...

<<<----  [OUT]
2020/09/07 23:36:40:292

I can't connect with the passive [192.168.100.113/5000] error_code:10061 !

<<<----  [OUT]
2020/09/07 23:36:42:779

Connecting Started...

<<<----  [OUT]
2020/09/07 23:36:44:822

I can't connect with the passive [192.168.100.113/5000] error_code:10061 !

<<<----  [OUT]
2020/09/07 23:36:47:309

Connecting Started...

<<<----  [OUT]
2020/09/07 23:36:49:351

I can't connect with the passive [192.168.100.113/5000] error_code:10061 !

<<<----  [OUT]
2020/09/07 23:36:51:841

Connecting Started...

<<<----  [OUT]
2020/09/07 23:36:53:891

I can't connect with the passive [192.168.100.113/5000] error_code:10061 !

<<<----  [OUT]
2020/09/07 23:36:56:372

Connecting Started...

<<<----  [OUT]
2020/09/07 23:36:58:434

I can't connect with the passive [192.168.100.113/5000] error_code:10061 !

<<<----  [OUT]
2020/09/07 23:37:00:919

Connecting Started...

<<<----  [OUT]
2020/09/07 23:37:02:975

I can't connect with the passive [192.168.100.113/5000] error_code:10061 !

<<<----  [OUT]
2020/09/07 23:37:05:465

Connecting Started...

<<<----  [OUT]
2020/09/07 23:37:07:519

I can't connect with the passive [192.168.100.113/5000] error_code:10061 !

<<<----  [OUT]
2020/09/07 23:37:09:998

Connecting Started...

<<<----  [OUT]
2020/09/07 23:37:12:055

I can't connect with the passive [192.168.100.113/5000] error_code:10061 !

<<<----  [OUT]
2020/09/07 23:37:14:544

Connecting Started...

<<<----  [OUT]
2020/09/07 23:37:16:605

I can't connect with the passive [192.168.100.113/5000] error_code:10061 !

<<<----  [OUT]
2020/09/07 23:37:19:091

Connecting Started...

<<<----  [OUT]
2020/09/07 23:37:21:153

I can't connect with the passive [192.168.100.113/5000] error_code:10061 !

<<<----  [OUT]
2020/09/07 23:37:23:637

Connecting Started...

<<<----  [OUT]
2020/09/07 23:37:25:693

I can't connect with the passive [192.168.100.113/5000] error_code:10061 !

<<<----  [OUT]
2020/09/07 23:37:28:169

Connecting Started...

<<<----  [OUT]
2020/09/07 23:37:30:228

I can't connect with the passive [192.168.100.113/5000] error_code:10061 !

<<<----  [OUT]
2020/09/07 23:37:32:715

Connecting Started...

<<<----  [OUT]
2020/09/07 23:37:34:757

I can't connect with the passive [192.168.100.113/5000] error_code:10061 !

<<<----  [OUT]
2020/09/07 23:37:37:247

Connecting Started...

<<<----  [OUT]
2020/09/07 23:37:39:285

I can't connect with the passive [192.168.100.113/5000] error_code:10061 !

<<<----  [OUT]
2020/09/07 23:37:41:762

Connecting Started...

<<<----  [OUT]
2020/09/07 23:37:43:810

I can't connect with the passive [192.168.100.113/5000] error_code:10061 !

<<<----  [OUT]
2020/09/07 23:37:46:295

Connecting Started...

<<<----  [OUT]
2020/09/07 23:37:48:350

I can't connect with the passive [192.168.100.113/5000] error_code:10061 !

<<<----  [OUT]
2020/09/07 23:37:50:841

Connecting Started...

<<<----  [OUT]
2020/09/07 23:37:52:901

I can't connect with the passive [192.168.100.113/5000] error_code:10061 !

<<<----  [OUT]
2020/09/07 23:37:55:388

Connecting Started...

<<<----  [OUT]
2020/09/07 23:37:57:444

I can't connect with the passive [192.168.100.113/5000] error_code:10061 !

<<<----  [OUT]
2020/09/07 23:37:59:934

Connecting Started...

<<<----  [OUT]
2020/09/07 23:38:01:993

I can't connect with the passive [192.168.100.113/5000] error_code:10061 !

<<<----  [OUT]
2020/09/07 23:38:04:482

Connecting Started...

<<<----  [OUT]
2020/09/07 23:38:06:544

I can't connect with the passive [192.168.100.113/5000] error_code:10061 !

<<<----  [OUT]
2020/09/07 23:38:09:028

Connecting Started...

<<<----  [OUT]
2020/09/07 23:38:11:082

I can't connect with the passive [192.168.100.113/5000] error_code:10061 !

<<<----  [OUT]
2020/09/07 23:38:13:559

Connecting Started...

<<<----  [OUT]
2020/09/07 23:38:15:604

I can't connect with the passive [192.168.100.113/5000] error_code:10061 !

<<<----  [OUT]
2020/09/07 23:38:18:091

Connecting Started...

<<<----  [OUT]
2020/09/07 23:38:20:132

I can't connect with the passive [192.168.100.113/5000] error_code:10061 !

<<<----  [OUT]
2020/09/07 23:38:22:623

Connecting Started...

<<<----  [OUT]
2020/09/07 23:38:24:690

I can't connect with the passive [192.168.100.113/5000] error_code:10061 !

<<<----  [OUT]
2020/09/07 23:38:27:169

Connecting Started...

<<<----  [OUT]
2020/09/07 23:38:29:220

I can't connect with the passive [192.168.100.113/5000] error_code:10061 !

<<<----  [OUT]
2020/09/07 23:38:31:699

Connecting Started...

<<<----  [OUT]
2020/09/07 23:38:33:752

I can't connect with the passive [192.168.100.113/5000] error_code:10061 !

<<<----  [OUT]
2020/09/07 23:38:36:232

Connecting Started...

<<<----  [OUT]
2020/09/07 23:38:38:290

I can't connect with the passive [192.168.100.113/5000] error_code:10061 !

<<<----  [OUT]
2020/09/07 23:38:40:778

Connecting Started...

<<<----  [OUT]
2020/09/07 23:38:42:844

I can't connect with the passive [192.168.100.113/5000] error_code:10061 !

<<<----  [OUT]
2020/09/07 23:38:45:326

Connecting Started...

<<<----  [OUT]
2020/09/07 23:38:47:380

I can't connect with the passive [192.168.100.113/5000] error_code:10061 !

<<<----  [OUT]
2020/09/07 23:38:49:873

Connecting Started...

<<<----  [OUT]
2020/09/07 23:38:51:921

I can't connect with the passive [192.168.100.113/5000] error_code:10061 !

<<<----  [OUT]
2020/09/07 23:38:54:403

Connecting Started...

<<<----  [OUT]
2020/09/07 23:38:56:462

I can't connect with the passive [192.168.100.113/5000] error_code:10061 !

<<<----  [OUT]
2020/09/07 23:38:58:950

Connecting Started...

<<<----  [OUT]
2020/09/07 23:39:01:006

I can't connect with the passive [192.168.100.113/5000] error_code:10061 !

<<<----  [OUT]
2020/09/07 23:39:03:497

Connecting Started...

<<<----  [OUT]
2020/09/07 23:39:05:543

I can't connect with the passive [192.168.100.113/5000] error_code:10061 !

<<<----  [OUT]
2020/09/07 23:39:08:029

Connecting Started...

<<<----  [OUT]
2020/09/07 23:39:10:083

I can't connect with the passive [192.168.100.113/5000] error_code:10061 !

<<<----  [OUT]
2020/09/07 23:39:12:559

Connecting Started...

<<<----  [OUT]
2020/09/07 23:39:14:624

I can't connect with the passive [192.168.100.113/5000] error_code:10061 !

<<<----  [OUT]
2020/09/07 23:39:17:106

Connecting Started...

<<<----  [OUT]
2020/09/07 23:39:19:155

I can't connect with the passive [192.168.100.113/5000] error_code:10061 !

<<<----  [OUT]
2020/09/07 23:39:21:638

Connecting Started...

<<<----  [OUT]
2020/09/07 23:39:23:683

I can't connect with the passive [192.168.100.113/5000] error_code:10061 !

<<<----  [OUT]
2020/09/07 23:39:26:170

Connecting Started...

<<<----  [OUT]
2020/09/07 23:39:28:219

I can't connect with the passive [192.168.100.113/5000] error_code:10061 !

<<<----  [OUT]
2020/09/07 23:39:30:701

Connecting Started...

<<<----  [OUT]
2020/09/07 23:39:32:738

I can't connect with the passive [192.168.100.113/5000] error_code:10061 !

<<<----  [OUT]
2020/09/07 23:39:35:216

Connecting Started...

<<<----  [OUT]
2020/09/07 23:39:37:264

I can't connect with the passive [192.168.100.113/5000] error_code:10061 !

<<<----  [OUT]
2020/09/07 23:39:39:746

Connecting Started...

<<<----  [OUT]
2020/09/07 23:39:41:787

I can't connect with the passive [192.168.100.113/5000] error_code:10061 !

<<<----  [OUT]
2020/09/07 23:39:44:278

Connecting Started...

<<<----  [OUT]
2020/09/07 23:39:46:335

I can't connect with the passive [192.168.100.113/5000] error_code:10061 !

<<<----  [OUT]
2020/09/07 23:39:48:825

Connecting Started...

<<<----  [OUT]
2020/09/07 23:39:50:864

I can't connect with the passive [192.168.100.113/5000] error_code:10061 !

<<<----  [OUT]
2020/09/07 23:39:53:340

Connecting Started...

<<<----  [OUT]
2020/09/07 23:39:55:378

I can't connect with the passive [192.168.100.113/5000] error_code:10061 !

<<<----  [OUT]
2020/09/07 23:39:57:857

Connecting Started...

<<<----  [OUT]
2020/09/07 23:39:59:902

I can't connect with the passive [192.168.100.113/5000] error_code:10061 !

<<<----  [OUT]
2020/09/07 23:40:02:388

Connecting Started...

<<<----  [OUT]
2020/09/07 23:40:04:423

I can't connect with the passive [192.168.100.113/5000] error_code:10061 !

<<<----  [OUT]
2020/09/07 23:40:06:903

Connecting Started...

<<<----  [OUT]
2020/09/07 23:40:08:945

I can't connect with the passive [192.168.100.113/5000] error_code:10061 !

<<<----  [OUT]
2020/09/07 23:40:11:435

Connecting Started...

<<<----  [OUT]
2020/09/07 23:40:13:473

I can't connect with the passive [192.168.100.113/5000] error_code:10061 !

<<<----  [OUT]
2020/09/07 23:40:15:950

Connecting Started...

<<<----  [OUT]
2020/09/07 23:40:17:990

I can't connect with the passive [192.168.100.113/5000] error_code:10061 !

<<<----  [OUT]
2020/09/07 23:40:20:482

Connecting Started...

<<<----  [OUT]
2020/09/07 23:40:22:534

I can't connect with the passive [192.168.100.113/5000] error_code:10061 !

<<<----  [OUT]
2020/09/07 23:40:25:012

Connecting Started...

<<<----  [OUT]
2020/09/07 23:40:27:051

I can't connect with the passive [192.168.100.113/5000] error_code:10061 !

<<<----  [OUT]
2020/09/07 23:40:29:528

Connecting Started...

<<<----  [OUT]
2020/09/07 23:40:31:571

I can't connect with the passive [192.168.100.113/5000] error_code:10061 !

<<<----  [OUT]
2020/09/07 23:40:34:059

Connecting Started...

<<<----  [OUT]
2020/09/07 23:40:36:107

I can't connect with the passive [192.168.100.113/5000] error_code:10061 !

<<<----  [OUT]
2020/09/07 23:40:38:591

Connecting Started...

<<<----  [OUT]
2020/09/07 23:40:40:628

I can't connect with the passive [192.168.100.113/5000] error_code:10061 !

<<<----  [OUT]
2020/09/07 23:40:43:107

Connecting Started...

<<<----  [OUT]
2020/09/07 23:40:45:149

I can't connect with the passive [192.168.100.113/5000] error_code:10061 !

<<<----  [OUT]
2020/09/07 23:40:47:638

Connecting Started...

<<<----  [OUT]
2020/09/07 23:40:49:689

I can't connect with the passive [192.168.100.113/5000] error_code:10061 !

<<<----  [OUT]
2020/09/07 23:40:52:169

Connecting Started...

<<<----  [OUT]
2020/09/07 23:40:54:211

I can't connect with the passive [192.168.100.113/5000] error_code:10061 !

<<<----  [OUT]
2020/09/07 23:40:56:700

Connecting Started...

<<<----  [OUT]
2020/09/07 23:40:58:748

I can't connect with the passive [192.168.100.113/5000] error_code:10061 !

<<<----  [OUT]
2020/09/07 23:41:01:231

Connecting Started...

<<<----  [OUT]
2020/09/07 23:41:03:285

I can't connect with the passive [192.168.100.113/5000] error_code:10061 !

<<<----  [OUT]
2020/09/07 23:41:05:762

Connecting Started...

<<<----  [OUT]
2020/09/07 23:41:07:817

I can't connect with the passive [192.168.100.113/5000] error_code:10061 !

<<<----  [OUT]
2020/09/07 23:41:10:294

Connecting Started...

<<<----  [OUT]
2020/09/07 23:41:12:341

I can't connect with the passive [192.168.100.113/5000] error_code:10061 !

<<<----  [OUT]
2020/09/07 23:41:14:825

Connecting Started...

<<<----  [OUT]
2020/09/07 23:41:16:880

I can't connect with the passive [192.168.100.113/5000] error_code:10061 !

<<<----  [OUT]
2020/09/07 23:41:19:372

Connecting Started...

<<<----  [OUT]
2020/09/07 23:41:21:425

I can't connect with the passive [192.168.100.113/5000] error_code:10061 !

<<<----  [OUT]
2020/09/07 23:41:23:903

Connecting Started...

<<<----  [OUT]
2020/09/07 23:41:25:964

I can't connect with the passive [192.168.100.113/5000] error_code:10061 !

<<<----  [OUT]
2020/09/07 23:41:28:451

Connecting Started...

<<<----  [OUT]
2020/09/07 23:41:30:511

I can't connect with the passive [192.168.100.113/5000] error_code:10061 !

<<<----  [OUT]
2020/09/07 23:41:32:996

Connecting Started...

<<<----  [OUT]
2020/09/07 23:41:35:040

I can't connect with the passive [192.168.100.113/5000] error_code:10061 !

<<<----  [OUT]
2020/09/07 23:41:37:528

Connecting Started...

<<<----  [OUT]
2020/09/07 23:41:39:573

I can't connect with the passive [192.168.100.113/5000] error_code:10061 !

<<<----  [OUT]
2020/09/07 23:41:42:060

Connecting Started...

<<<----  [OUT]
2020/09/07 23:41:44:110

I can't connect with the passive [192.168.100.113/5000] error_code:10061 !

<<<----  [OUT]
2020/09/07 23:41:46:590

Connecting Started...

<<<----  [OUT]
2020/09/07 23:41:48:650

I can't connect with the passive [192.168.100.113/5000] error_code:10061 !

<<<----  [OUT]
2020/09/07 23:41:51:138

Connecting Started...

<<<----  [OUT]
2020/09/07 23:41:53:205

I can't connect with the passive [192.168.100.113/5000] error_code:10061 !

<<<----  [OUT]
2020/09/07 23:41:55:685

Connecting Started...

<<<----  [OUT]
2020/09/07 23:41:57:732

I can't connect with the passive [192.168.100.113/5000] error_code:10061 !

<<<----  [OUT]
2020/09/07 23:42:00:216

Connecting Started...

<<<----  [OUT]
2020/09/07 23:42:02:259

I can't connect with the passive [192.168.100.113/5000] error_code:10061 !

<<<----  [OUT]
2020/09/07 23:42:04:746

Connecting Started...

<<<----  [OUT]
2020/09/07 23:42:06:771

I can't connect with the passive [192.168.100.113/5000] error_code:10061 !

<<<----  [OUT]
2020/09/07 23:42:09:263

Connecting Started...

<<<----  [OUT]
2020/09/07 23:42:11:322

I can't connect with the passive [192.168.100.113/5000] error_code:10061 !

<<<----  [OUT]
2020/09/07 23:42:13:810

Connecting Started...

<<<----  [OUT]
2020/09/07 23:42:15:872

I can't connect with the passive [192.168.100.113/5000] error_code:10061 !

<<<----  [OUT]
2020/09/07 23:42:18:356

Connecting Started...

<<<----  [OUT]
2020/09/07 23:42:20:426

I can't connect with the passive [192.168.100.113/5000] error_code:10061 !

<<<----  [OUT]
2020/09/07 23:42:22:904

Connecting Started...

<<<----  [OUT]
2020/09/07 23:42:24:964

I can't connect with the passive [192.168.100.113/5000] error_code:10061 !

<<<----  [OUT]
2020/09/07 23:42:27:451

Connecting Started...

<<<----  [OUT]
2020/09/07 23:42:29:507

I can't connect with the passive [192.168.100.113/5000] error_code:10061 !

<<<----  [OUT]
2020/09/07 23:42:31:997

Connecting Started...

<<<----  [OUT]
2020/09/07 23:42:34:047

I can't connect with the passive [192.168.100.113/5000] error_code:10061 !

<<<----  [OUT]
2020/09/07 23:42:36:527

Connecting Started...

<<<----  [OUT]
2020/09/07 23:42:38:590

I can't connect with the passive [192.168.100.113/5000] error_code:10061 !

<<<----  [OUT]
2020/09/07 23:42:41:075

Connecting Started...

<<<----  [OUT]
2020/09/07 23:42:43:127

I can't connect with the passive [192.168.100.113/5000] error_code:10061 !

<<<----  [OUT]
2020/09/07 23:42:45:606

Connecting Started...

<<<----  [OUT]
2020/09/07 23:42:47:662

I can't connect with the passive [192.168.100.113/5000] error_code:10061 !

<<<----  [OUT]
2020/09/07 23:42:50:154

Connecting Started...

<<<----  [OUT]
2020/09/07 23:42:52:207

I can't connect with the passive [192.168.100.113/5000] error_code:10061 !

<<<----  [OUT]
2020/09/07 23:42:54:684

Connecting Started...

<<<----  [OUT]
2020/09/07 23:42:56:745

I can't connect with the passive [192.168.100.113/5000] error_code:10061 !

<<<----  [OUT]
2020/09/07 23:42:59:232

Connecting Started...

<<<----  [OUT]
2020/09/07 23:43:01:281

I can't connect with the passive [192.168.100.113/5000] error_code:10061 !

<<<----  [OUT]
2020/09/07 23:43:03:763

Connecting Started...

<<<----  [OUT]
2020/09/07 23:43:05:819

I can't connect with the passive [192.168.100.113/5000] error_code:10061 !

<<<----  [OUT]
2020/09/07 23:43:08:309

Connecting Started...

<<<----  [OUT]
2020/09/07 23:43:10:369

I can't connect with the passive [192.168.100.113/5000] error_code:10061 !

<<<----  [OUT]
2020/09/07 23:43:12:857

Connecting Started...

<<<----  [OUT]
2020/09/07 23:43:14:922

I can't connect with the passive [192.168.100.113/5000] error_code:10061 !

<<<----  [OUT]
2020/09/07 23:43:17:403

Connecting Started...

<<<----  [OUT]
2020/09/07 23:43:19:466

I can't connect with the passive [192.168.100.113/5000] error_code:10061 !

<<<----  [OUT]
2020/09/07 23:43:21:950

Connecting Started...

<<<----  [OUT]
2020/09/07 23:43:24:007

I can't connect with the passive [192.168.100.113/5000] error_code:10061 !

<<<----  [OUT]
2020/09/07 23:43:26:498

Connecting Started...

<<<----  [OUT]
2020/09/07 23:43:28:550

I can't connect with the passive [192.168.100.113/5000] error_code:10061 !

<<<----  [OUT]
2020/09/07 23:43:31:028

Connecting Started...

<<<----  [OUT]
2020/09/07 23:43:33:083

I can't connect with the passive [192.168.100.113/5000] error_code:10061 !

<<<----  [OUT]
2020/09/07 23:43:35:560

Connecting Started...

<<<----  [OUT]
2020/09/07 23:43:37:610

I can't connect with the passive [192.168.100.113/5000] error_code:10061 !

<<<----  [OUT]
2020/09/07 23:43:40:092

Connecting Started...

<<<----  [OUT]
2020/09/07 23:43:42:147

I can't connect with the passive [192.168.100.113/5000] error_code:10061 !

<<<----  [OUT]
2020/09/07 23:43:44:637

Connecting Started...

<<<----  [OUT]
2020/09/07 23:43:46:690

I can't connect with the passive [192.168.100.113/5000] error_code:10061 !

<<<----  [OUT]
2020/09/07 23:43:49:169

Connecting Started...

<<<----  [OUT]
2020/09/07 23:43:51:217

I can't connect with the passive [192.168.100.113/5000] error_code:10061 !

<<<----  [OUT]
2020/09/07 23:43:53:701

Connecting Started...

<<<----  [OUT]
2020/09/07 23:43:55:761

I can't connect with the passive [192.168.100.113/5000] error_code:10061 !

<<<----  [OUT]
2020/09/07 23:43:58:247

Connecting Started...

<<<----  [OUT]
2020/09/07 23:44:00:311

I can't connect with the passive [192.168.100.113/5000] error_code:10061 !

<<<----  [OUT]
2020/09/07 23:44:02:795

Connecting Started...

<<<----  [OUT]
2020/09/07 23:44:04:853

I can't connect with the passive [192.168.100.113/5000] error_code:10061 !

<<<----  [OUT]
2020/09/07 23:44:07:341

Connecting Started...

<<<----  [OUT]
2020/09/07 23:44:09:397

I can't connect with the passive [192.168.100.113/5000] error_code:10061 !

<<<----  [OUT]
2020/09/07 23:44:11:888

Connecting Started...

<<<----  [OUT]
2020/09/07 23:44:13:943

I can't connect with the passive [192.168.100.113/5000] error_code:10061 !

<<<----  [OUT]
2020/09/07 23:44:16:435

Connecting Started...

<<<----  [OUT]
2020/09/07 23:44:18:482

I can't connect with the passive [192.168.100.113/5000] error_code:10061 !

<<<----  [OUT]
2020/09/07 23:44:20:965

Connecting Started...

<<<----  [OUT]
2020/09/07 23:44:23:015

I can't connect with the passive [192.168.100.113/5000] error_code:10061 !

<<<----  [OUT]
2020/09/07 23:44:25:497

Connecting Started...

<<<----  [OUT]
2020/09/07 23:44:27:555

I can't connect with the passive [192.168.100.113/5000] error_code:10061 !

<<<----  [OUT]
2020/09/07 23:44:30:045

Connecting Started...

<<<----  [OUT]
2020/09/07 23:44:32:101

I can't connect with the passive [192.168.100.113/5000] error_code:10061 !

<<<----  [OUT]
2020/09/07 23:44:34:591

Connecting Started...

<<<----  [OUT]
2020/09/07 23:44:36:652

I can't connect with the passive [192.168.100.113/5000] error_code:10061 !

<<<----  [OUT]
2020/09/07 23:44:39:138

Connecting Started...

<<<----  [OUT]
2020/09/07 23:44:41:192

I can't connect with the passive [192.168.100.113/5000] error_code:10061 !

<<<----  [OUT]
2020/09/07 23:44:43:668

Connecting Started...

<<<----  [OUT]
2020/09/07 23:44:45:720

I can't connect with the passive [192.168.100.113/5000] error_code:10061 !

<<<----  [OUT]
2020/09/07 23:44:48:201

Connecting Started...

<<<----  [OUT]
2020/09/07 23:44:50:262

I can't connect with the passive [192.168.100.113/5000] error_code:10061 !

<<<----  [OUT]
2020/09/07 23:44:52:746

Connecting Started...

<<<----  [OUT]
2020/09/07 23:44:54:795

I can't connect with the passive [192.168.100.113/5000] error_code:10061 !

<<<----  [OUT]
2020/09/07 23:44:57:279

Connecting Started...

<<<----  [OUT]
2020/09/07 23:44:59:338

I can't connect with the passive [192.168.100.113/5000] error_code:10061 !

<<<----  [OUT]
2020/09/07 23:45:01:826

Connecting Started...

<<<----  [OUT]
2020/09/07 23:45:03:889

I can't connect with the passive [192.168.100.113/5000] error_code:10061 !

<<<----  [OUT]
2020/09/07 23:45:06:373

Connecting Started...

<<<----  [OUT]
2020/09/07 23:45:08:421

I can't connect with the passive [192.168.100.113/5000] error_code:10061 !

<<<----  [OUT]
2020/09/07 23:45:10:903

Connecting Started...

<<<----  [OUT]
2020/09/07 23:45:12:950

I can't connect with the passive [192.168.100.113/5000] error_code:10061 !

<<<----  [OUT]
2020/09/07 23:45:15:435

Connecting Started...

<<<----  [OUT]
2020/09/07 23:45:17:493

I can't connect with the passive [192.168.100.113/5000] error_code:10061 !

<<<----  [OUT]
2020/09/07 23:45:19:983

Connecting Started...

<<<----  [OUT]
2020/09/07 23:45:22:039

I can't connect with the passive [192.168.100.113/5000] error_code:10061 !

<<<----  [OUT]
2020/09/07 23:45:24:530

Connecting Started...

<<<----  [OUT]
2020/09/07 23:45:26:584

I can't connect with the passive [192.168.100.113/5000] error_code:10061 !

<<<----  [OUT]
2020/09/07 23:45:29:075

Connecting Started...

<<<----  [OUT]
2020/09/07 23:45:31:142

I can't connect with the passive [192.168.100.113/5000] error_code:10061 !

<<<----  [OUT]
2020/09/07 23:45:33:622

Connecting Started...

<<<----  [OUT]
2020/09/07 23:45:35:657

I can't connect with the passive [192.168.100.113/5000] error_code:10061 !

<<<----  [OUT]
2020/09/07 23:45:38:138

Connecting Started...

<<<----  [OUT]
2020/09/07 23:45:40:184

I can't connect with the passive [192.168.100.113/5000] error_code:10061 !

<<<----  [OUT]
2020/09/07 23:45:42:670

Connecting Started...

<<<----  [OUT]
2020/09/07 23:45:44:727

I can't connect with the passive [192.168.100.113/5000] error_code:10061 !

<<<----  [OUT]
2020/09/07 23:45:47:215

Connecting Started...

<<<----  [OUT]
2020/09/07 23:45:49:258

I can't connect with the passive [192.168.100.113/5000] error_code:10061 !

<<<----  [OUT]
2020/09/07 23:45:51:746

Connecting Started...

<<<----  [OUT]
2020/09/07 23:45:53:800

I can't connect with the passive [192.168.100.113/5000] error_code:10061 !

<<<----  [OUT]
2020/09/07 23:45:56:279

Connecting Started...

<<<----  [OUT]
2020/09/07 23:45:58:334

I can't connect with the passive [192.168.100.113/5000] error_code:10061 !

<<<----  [OUT]
2020/09/07 23:46:00:826

Connecting Started...

<<<----  [OUT]
2020/09/07 23:46:02:883

I can't connect with the passive [192.168.100.113/5000] error_code:10061 !

<<<----  [OUT]
2020/09/07 23:46:05:372

Connecting Started...

<<<----  [OUT]
2020/09/07 23:46:07:429

I can't connect with the passive [192.168.100.113/5000] error_code:10061 !

<<<----  [OUT]
2020/09/07 23:46:09:918

Connecting Started...

<<<----  [OUT]
2020/09/07 23:46:11:975

I can't connect with the passive [192.168.100.113/5000] error_code:10061 !

<<<----  [OUT]
2020/09/07 23:46:14:466

Connecting Started...

<<<----  [OUT]
2020/09/07 23:46:16:540

I can't connect with the passive [192.168.100.113/5000] error_code:10061 !

<<<----  [OUT]
2020/09/07 23:46:19:028

Connecting Started...

<<<----  [OUT]
2020/09/07 23:46:21:091

I can't connect with the passive [192.168.100.113/5000] error_code:10061 !

<<<----  [OUT]
2020/09/07 23:46:23:574

Connecting Started...

<<<----  [OUT]
2020/09/07 23:46:25:622

I can't connect with the passive [192.168.100.113/5000] error_code:10061 !

<<<----  [OUT]
2020/09/07 23:46:28:106

Connecting Started...

<<<----  [OUT]
2020/09/07 23:46:30:165

I can't connect with the passive [192.168.100.113/5000] error_code:10061 !

<<<----  [OUT]
2020/09/07 23:46:32:653

Connecting Started...

<<<----  [OUT]
2020/09/07 23:46:34:701

I can't connect with the passive [192.168.100.113/5000] error_code:10061 !

<<<----  [OUT]
2020/09/07 23:46:37:184

Connecting Started...

<<<----  [OUT]
2020/09/07 23:46:39:221

I can't connect with the passive [192.168.100.113/5000] error_code:10061 !

<<<----  [OUT]
2020/09/07 23:46:41:701

Connecting Started...

<<<----  [OUT]
2020/09/07 23:46:43:758

I can't connect with the passive [192.168.100.113/5000] error_code:10061 !

<<<----  [OUT]
2020/09/07 23:46:46:248

Connecting Started...

<<<----  [OUT]
2020/09/07 23:46:48:309

I can't connect with the passive [192.168.100.113/5000] error_code:10061 !

<<<----  [OUT]
2020/09/07 23:46:50:793

Connecting Started...

<<<----  [OUT]
2020/09/07 23:46:52:842

I can't connect with the passive [192.168.100.113/5000] error_code:10061 !

<<<----  [OUT]
2020/09/07 23:46:55:325

Connecting Started...

<<<----  [OUT]
2020/09/07 23:46:57:392

I can't connect with the passive [192.168.100.113/5000] error_code:10061 !

<<<----  [OUT]
2020/09/07 23:46:59:871

Connecting Started...

<<<----  [OUT]
2020/09/07 23:47:01:936

I can't connect with the passive [192.168.100.113/5000] error_code:10061 !

<<<----  [OUT]
2020/09/07 23:47:04:419

Connecting Started...

<<<----  [OUT]
2020/09/07 23:47:06:473

I can't connect with the passive [192.168.100.113/5000] error_code:10061 !

<<<----  [OUT]
2020/09/07 23:47:08:950

Connecting Started...

<<<----  [OUT]
2020/09/07 23:47:11:008

I can't connect with the passive [192.168.100.113/5000] error_code:10061 !

<<<----  [OUT]
2020/09/07 23:47:13:497

Connecting Started...

<<<----  [OUT]
2020/09/07 23:47:15:548

I can't connect with the passive [192.168.100.113/5000] error_code:10061 !

<<<----  [OUT]
2020/09/07 23:47:18:029

Connecting Started...

<<<----  [OUT]
2020/09/07 23:47:20:073

I can't connect with the passive [192.168.100.113/5000] error_code:10061 !

<<<----  [OUT]
2020/09/07 23:47:22:560

Connecting Started...

<<<----  [OUT]
2020/09/07 23:47:24:598

I can't connect with the passive [192.168.100.113/5000] error_code:10061 !

<<<----  [OUT]
2020/09/07 23:47:27:075

Connecting Started...

<<<----  [OUT]
2020/09/07 23:47:29:123

I can't connect with the passive [192.168.100.113/5000] error_code:10061 !

<<<----  [OUT]
2020/09/07 23:47:31:606

Connecting Started...

<<<----  [OUT]
2020/09/07 23:47:33:656

I can't connect with the passive [192.168.100.113/5000] error_code:10061 !

<<<----  [OUT]
2020/09/07 23:47:36:138

Connecting Started...

<<<----  [OUT]
2020/09/07 23:47:38:187

I can't connect with the passive [192.168.100.113/5000] error_code:10061 !

<<<----  [OUT]
2020/09/07 23:47:40:668

Connecting Started...

<<<----  [OUT]
2020/09/07 23:47:42:715

I can't connect with the passive [192.168.100.113/5000] error_code:10061 !

<<<----  [OUT]
2020/09/07 23:47:45:201

Connecting Started...

<<<----  [OUT]
2020/09/07 23:47:47:248

I can't connect with the passive [192.168.100.113/5000] error_code:10061 !

<<<----  [OUT]
2020/09/07 23:47:49:731

Connecting Started...

<<<----  [OUT]
2020/09/07 23:47:51:788

I can't connect with the passive [192.168.100.113/5000] error_code:10061 !

<<<----  [OUT]
2020/09/07 23:47:54:279

Connecting Started...

<<<----  [OUT]
2020/09/07 23:47:56:312

I can't connect with the passive [192.168.100.113/5000] error_code:10061 !

<<<----  [OUT]
2020/09/07 23:47:58:794

Connecting Started...

<<<----  [OUT]
2020/09/07 23:48:00:842

I can't connect with the passive [192.168.100.113/5000] error_code:10061 !

<<<----  [OUT]
2020/09/07 23:48:03:325

Connecting Started...

<<<----  [OUT]
2020/09/07 23:48:05:372

I can't connect with the passive [192.168.100.113/5000] error_code:10061 !

<<<----  [OUT]
2020/09/07 23:48:07:857

Connecting Started...

<<<----  [OUT]
2020/09/07 23:48:09:918

I can't connect with the passive [192.168.100.113/5000] error_code:10061 !

<<<----  [OUT]
2020/09/07 23:48:12:402

Connecting Started...

<<<----  [OUT]
2020/09/07 23:48:14:471

I can't connect with the passive [192.168.100.113/5000] error_code:10061 !

<<<----  [OUT]
2020/09/07 23:48:16:950

Connecting Started...

<<<----  [OUT]
2020/09/07 23:48:19:007

I can't connect with the passive [192.168.100.113/5000] error_code:10061 !

<<<----  [OUT]
2020/09/07 23:48:21:498

Connecting Started...

<<<----  [OUT]
2020/09/07 23:48:23:554

I can't connect with the passive [192.168.100.113/5000] error_code:10061 !

<<<----  [OUT]
2020/09/07 23:48:26:044

Connecting Started...

<<<----  [OUT]
2020/09/07 23:48:28:099

I can't connect with the passive [192.168.100.113/5000] error_code:10061 !

<<<----  [OUT]
2020/09/07 23:48:30:592

Connecting Started...

<<<----  [OUT]
2020/09/07 23:48:32:653

I can't connect with the passive [192.168.100.113/5000] error_code:10061 !

<<<----  [OUT]
2020/09/07 23:48:35:138

Connecting Started...

<<<----  [OUT]
2020/09/07 23:48:37:193

I can't connect with the passive [192.168.100.113/5000] error_code:10061 !

<<<----  [OUT]
2020/09/07 23:48:39:684

Connecting Started...

<<<----  [OUT]
2020/09/07 23:48:41:740

I can't connect with the passive [192.168.100.113/5000] error_code:10061 !

<<<----  [OUT]
2020/09/07 23:48:44:232

Connecting Started...

<<<----  [OUT]
2020/09/07 23:48:46:292

I can't connect with the passive [192.168.100.113/5000] error_code:10061 !

<<<----  [OUT]
2020/09/07 23:48:48:779

Connecting Started...

<<<----  [OUT]
2020/09/07 23:48:50:841

I can't connect with the passive [192.168.100.113/5000] error_code:10061 !

<<<----  [OUT]
2020/09/07 23:48:53:325

Connecting Started...

<<<----  [OUT]
2020/09/07 23:48:55:380

I can't connect with the passive [192.168.100.113/5000] error_code:10061 !

<<<----  [OUT]
2020/09/07 23:48:57:856

Connecting Started...

<<<----  [OUT]
2020/09/07 23:48:59:913

I can't connect with the passive [192.168.100.113/5000] error_code:10061 !

<<<----  [OUT]
2020/09/07 23:49:02:403

Connecting Started...

<<<----  [OUT]
2020/09/07 23:49:04:468

I can't connect with the passive [192.168.100.113/5000] error_code:10061 !

<<<----  [OUT]
2020/09/07 23:49:06:949

Connecting Started...

<<<----  [OUT]
2020/09/07 23:49:09:004

I can't connect with the passive [192.168.100.113/5000] error_code:10061 !

<<<----  [OUT]
2020/09/07 23:49:11:481

Connecting Started...

<<<----  [OUT]
2020/09/07 23:49:13:530

I can't connect with the passive [192.168.100.113/5000] error_code:10061 !

<<<----  [OUT]
2020/09/07 23:49:16:013

Connecting Started...

<<<----  [OUT]
2020/09/07 23:49:18:076

I can't connect with the passive [192.168.100.113/5000] error_code:10061 !

<<<----  [OUT]
2020/09/07 23:49:20:560

Connecting Started...

<<<----  [OUT]
2020/09/07 23:49:22:610

I can't connect with the passive [192.168.100.113/5000] error_code:10061 !

<<<----  [OUT]
2020/09/07 23:49:25:090

Connecting Started...

<<<----  [OUT]
2020/09/07 23:49:27:152

I can't connect with the passive [192.168.100.113/5000] error_code:10061 !

<<<----  [OUT]
2020/09/07 23:49:29:638

Connecting Started...

<<<----  [OUT]
2020/09/07 23:49:31:684

I can't connect with the passive [192.168.100.113/5000] error_code:10061 !

<<<----  [OUT]
2020/09/07 23:49:34:170

Connecting Started...

<<<----  [OUT]
2020/09/07 23:49:36:216

I can't connect with the passive [192.168.100.113/5000] error_code:10061 !

<<<----  [OUT]
2020/09/07 23:49:38:700

Connecting Started...

<<<----  [OUT]
2020/09/07 23:49:40:740

I can't connect with the passive [192.168.100.113/5000] error_code:10061 !

<<<----  [OUT]
2020/09/07 23:49:43:232

Connecting Started...

<<<----  [OUT]
2020/09/07 23:49:45:293

I can't connect with the passive [192.168.100.113/5000] error_code:10061 !

<<<----  [OUT]
2020/09/07 23:49:47:778

Connecting Started...

<<<----  [OUT]
2020/09/07 23:49:49:841

I can't connect with the passive [192.168.100.113/5000] error_code:10061 !

<<<----  [OUT]
2020/09/07 23:49:52:325

Connecting Started...

<<<----  [OUT]
2020/09/07 23:49:54:395

I can't connect with the passive [192.168.100.113/5000] error_code:10061 !

<<<----  [OUT]
2020/09/07 23:49:56:872

Connecting Started...

<<<----  [OUT]
2020/09/07 23:49:58:925

I can't connect with the passive [192.168.100.113/5000] error_code:10061 !

<<<----  [OUT]
2020/09/07 23:50:01:404

Connecting Started...

<<<----  [OUT]
2020/09/07 23:50:03:454

I can't connect with the passive [192.168.100.113/5000] error_code:10061 !

<<<----  [OUT]
2020/09/07 23:50:05:934

Connecting Started...

<<<----  [OUT]
2020/09/07 23:50:07:992

I can't connect with the passive [192.168.100.113/5000] error_code:10061 !

<<<----  [OUT]
2020/09/07 23:50:10:482

Connecting Started...

<<<----  [OUT]
2020/09/07 23:50:12:543

I can't connect with the passive [192.168.100.113/5000] error_code:10061 !

<<<----  [OUT]
2020/09/07 23:50:15:028

Connecting Started...

<<<----  [OUT]
2020/09/07 23:50:17:079

I can't connect with the passive [192.168.100.113/5000] error_code:10061 !

<<<----  [OUT]
2020/09/07 23:50:19:559

Connecting Started...

<<<----  [OUT]
2020/09/07 23:50:21:614

I can't connect with the passive [192.168.100.113/5000] error_code:10061 !

<<<----  [OUT]
2020/09/07 23:50:24:091

Connecting Started...

<<<----  [OUT]
2020/09/07 23:50:26:147

I can't connect with the passive [192.168.100.113/5000] error_code:10061 !

<<<----  [OUT]
2020/09/07 23:50:28:637

Connecting Started...

<<<----  [OUT]
2020/09/07 23:50:30:702

I can't connect with the passive [192.168.100.113/5000] error_code:10061 !

<<<----  [OUT]
2020/09/07 23:50:33:185

Connecting Started...

<<<----  [OUT]
2020/09/07 23:50:35:240

I can't connect with the passive [192.168.100.113/5000] error_code:10061 !

<<<----  [OUT]
2020/09/07 23:50:37:731

Connecting Started...

<<<----  [OUT]
2020/09/07 23:50:39:790

I can't connect with the passive [192.168.100.113/5000] error_code:10061 !

<<<----  [OUT]
2020/09/07 23:50:42:278

Connecting Started...

<<<----  [OUT]
2020/09/07 23:50:44:340

I can't connect with the passive [192.168.100.113/5000] error_code:10061 !

<<<----  [OUT]
2020/09/07 23:50:46:825

Connecting Started...

<<<----  [OUT]
2020/09/07 23:50:48:889

I can't connect with the passive [192.168.100.113/5000] error_code:10061 !

<<<----  [OUT]
2020/09/07 23:50:51:372

Connecting Started...

<<<----  [OUT]
2020/09/07 23:50:53:426

I can't connect with the passive [192.168.100.113/5000] error_code:10061 !

<<<----  [OUT]
2020/09/07 23:50:55:903

Connecting Started...

<<<----  [OUT]
2020/09/07 23:50:57:947

I can't connect with the passive [192.168.100.113/5000] error_code:10061 !

<<<----  [OUT]
2020/09/07 23:51:00:435

Connecting Started...

<<<----  [OUT]
2020/09/07 23:51:02:481

I can't connect with the passive [192.168.100.113/5000] error_code:10061 !

<<<----  [OUT]
2020/09/07 23:51:04:965

Connecting Started...

<<<----  [OUT]
2020/09/07 23:51:07:014

I can't connect with the passive [192.168.100.113/5000] error_code:10061 !

<<<----  [OUT]
2020/09/07 23:51:09:498

Connecting Started...

<<<----  [OUT]
2020/09/07 23:51:11:545

I can't connect with the passive [192.168.100.113/5000] error_code:10061 !

<<<----  [OUT]
2020/09/07 23:51:14:029

Connecting Started...

<<<----  [OUT]
2020/09/07 23:51:16:076

I can't connect with the passive [192.168.100.113/5000] error_code:10061 !

<<<----  [OUT]
2020/09/07 23:51:18:560

Connecting Started...

<<<----  [OUT]
2020/09/07 23:51:20:608

I can't connect with the passive [192.168.100.113/5000] error_code:10061 !

<<<----  [OUT]
2020/09/07 23:51:23:091

Connecting Started...

<<<----  [OUT]
2020/09/07 23:51:25:141

I can't connect with the passive [192.168.100.113/5000] error_code:10061 !

<<<----  [OUT]
2020/09/07 23:51:27:621

Connecting Started...

<<<----  [OUT]
2020/09/07 23:51:29:674

I can't connect with the passive [192.168.100.113/5000] error_code:10061 !

<<<----  [OUT]
2020/09/07 23:51:32:154

Connecting Started...

<<<----  [OUT]
2020/09/07 23:51:34:180

I can't connect with the passive [192.168.100.113/5000] error_code:10061 !

<<<----  [OUT]
2020/09/07 23:51:36:668

Connecting Started...

<<<----  [OUT]
2020/09/07 23:51:38:713

I can't connect with the passive [192.168.100.113/5000] error_code:10061 !

<<<----  [OUT]
2020/09/07 23:51:41:200

Connecting Started...

<<<----  [OUT]
2020/09/07 23:51:43:247

I can't connect with the passive [192.168.100.113/5000] error_code:10061 !

<<<----  [OUT]
2020/09/07 23:51:45:732

Connecting Started...

<<<----  [OUT]
2020/09/07 23:51:47:778

I can't connect with the passive [192.168.100.113/5000] error_code:10061 !

<<<----  [OUT]
2020/09/07 23:51:50:262

Connecting Started...

<<<----  [OUT]
2020/09/07 23:51:52:304

I can't connect with the passive [192.168.100.113/5000] error_code:10061 !

<<<----  [OUT]
2020/09/07 23:51:54:794

Connecting Started...

<<<----  [OUT]
2020/09/07 23:51:56:845

I can't connect with the passive [192.168.100.113/5000] error_code:10061 !

<<<----  [OUT]
2020/09/07 23:51:59:325

Connecting Started...

<<<----  [OUT]
2020/09/07 23:52:01:358

I can't connect with the passive [192.168.100.113/5000] error_code:10061 !

<<<----  [OUT]
2020/09/07 23:52:03:840

Connecting Started...

<<<----  [OUT]
2020/09/07 23:52:05:887

I can't connect with the passive [192.168.100.113/5000] error_code:10061 !

<<<----  [OUT]
2020/09/07 23:52:08:372

Connecting Started...

<<<----  [OUT]
2020/09/07 23:52:10:413

I can't connect with the passive [192.168.100.113/5000] error_code:10061 !

<<<----  [OUT]
2020/09/07 23:52:12:903

Connecting Started...

<<<----  [OUT]
2020/09/07 23:52:14:947

I can't connect with the passive [192.168.100.113/5000] error_code:10061 !

<<<----  [OUT]
2020/09/07 23:52:17:434

Connecting Started...

<<<----  [OUT]
2020/09/07 23:52:19:485

I can't connect with the passive [192.168.100.113/5000] error_code:10061 !

<<<----  [OUT]
2020/09/07 23:52:21:966

Connecting Started...

<<<----  [OUT]
2020/09/07 23:52:24:017

I can't connect with the passive [192.168.100.113/5000] error_code:10061 !

<<<----  [OUT]
2020/09/07 23:52:26:497

Connecting Started...

<<<----  [OUT]
2020/09/07 23:52:28:550

I can't connect with the passive [192.168.100.113/5000] error_code:10061 !

<<<----  [OUT]
2020/09/07 23:52:31:028

Connecting Started...

<<<----  [OUT]
2020/09/07 23:52:33:077

I can't connect with the passive [192.168.100.113/5000] error_code:10061 !

<<<----  [OUT]
2020/09/07 23:52:35:558

Connecting Started...

<<<----  [OUT]
2020/09/07 23:52:37:611

I can't connect with the passive [192.168.100.113/5000] error_code:10061 !

<<<----  [OUT]
2020/09/07 23:52:40:092

Connecting Started...

<<<----  [OUT]
2020/09/07 23:52:42:150

I can't connect with the passive [192.168.100.113/5000] error_code:10061 !

<<<----  [OUT]
2020/09/07 23:52:44:638

Connecting Started...

<<<----  [OUT]
2020/09/07 23:52:46:693

I can't connect with the passive [192.168.100.113/5000] error_code:10061 !

<<<----  [OUT]
2020/09/07 23:52:49:168

Connecting Started...

<<<----  [OUT]
2020/09/07 23:52:51:231

I can't connect with the passive [192.168.100.113/5000] error_code:10061 !

<<<----  [OUT]
2020/09/07 23:52:53:715

Connecting Started...

<<<----  [OUT]
2020/09/07 23:52:55:765

I can't connect with the passive [192.168.100.113/5000] error_code:10061 !

<<<----  [OUT]
2020/09/07 23:52:58:247

Connecting Started...

<<<----  [OUT]
2020/09/07 23:53:00:300

I can't connect with the passive [192.168.100.113/5000] error_code:10061 !

<<<----  [OUT]
2020/09/07 23:53:02:778

Connecting Started...

<<<----  [OUT]
2020/09/07 23:53:04:839

I can't connect with the passive [192.168.100.113/5000] error_code:10061 !

<<<----  [OUT]
2020/09/07 23:53:07:326

Connecting Started...

<<<----  [OUT]
2020/09/07 23:53:09:382

I can't connect with the passive [192.168.100.113/5000] error_code:10061 !

<<<----  [OUT]
2020/09/07 23:53:11:871

Connecting Started...

<<<----  [OUT]
2020/09/07 23:53:13:935

I can't connect with the passive [192.168.100.113/5000] error_code:10061 !

<<<----  [OUT]
2020/09/07 23:53:16:418

Connecting Started...

<<<----  [OUT]
2020/09/07 23:53:18:467

I can't connect with the passive [192.168.100.113/5000] error_code:10061 !

<<<----  [OUT]
2020/09/07 23:53:20:949

Connecting Started...

<<<----  [OUT]
2020/09/07 23:53:23:016

I can't connect with the passive [192.168.100.113/5000] error_code:10061 !

<<<----  [OUT]
2020/09/07 23:53:25:496

Connecting Started...

<<<----  [OUT]
2020/09/07 23:53:27:533

I can't connect with the passive [192.168.100.113/5000] error_code:10061 !

<<<----  [OUT]
2020/09/07 23:53:30:012

Connecting Started...

<<<----  [OUT]
2020/09/07 23:53:32:063

I can't connect with the passive [192.168.100.113/5000] error_code:10061 !

<<<----  [OUT]
2020/09/07 23:53:34:545

Connecting Started...

<<<----  [OUT]
2020/09/07 23:53:36:584

I can't connect with the passive [192.168.100.113/5000] error_code:10061 !

<<<----  [OUT]
2020/09/07 23:53:39:075

Connecting Started...

<<<----  [OUT]
2020/09/07 23:53:41:127

I can't connect with the passive [192.168.100.113/5000] error_code:10061 !

<<<----  [OUT]
2020/09/07 23:53:43:606

Connecting Started...

<<<----  [OUT]
2020/09/07 23:53:45:661

I can't connect with the passive [192.168.100.113/5000] error_code:10061 !

<<<----  [OUT]
2020/09/07 23:53:48:138

Connecting Started...

<<<----  [OUT]
2020/09/07 23:53:50:195

I can't connect with the passive [192.168.100.113/5000] error_code:10061 !

<<<----  [OUT]
2020/09/07 23:53:52:685

Connecting Started...

<<<----  [OUT]
2020/09/07 23:53:54:747

I can't connect with the passive [192.168.100.113/5000] error_code:10061 !

<<<----  [OUT]
2020/09/07 23:53:57:232

Connecting Started...

<<<----  [OUT]
2020/09/07 23:53:59:294

I can't connect with the passive [192.168.100.113/5000] error_code:10061 !

<<<----  [OUT]
2020/09/07 23:54:01:778

Connecting Started...

<<<----  [OUT]
2020/09/07 23:54:03:831

I can't connect with the passive [192.168.100.113/5000] error_code:10061 !

<<<----  [OUT]
2020/09/07 23:54:06:310

Connecting Started...

<<<----  [OUT]
2020/09/07 23:54:08:371

I can't connect with the passive [192.168.100.113/5000] error_code:10061 !

<<<----  [OUT]
2020/09/07 23:54:10:856

Connecting Started...

<<<----  [OUT]
2020/09/07 23:54:12:889

I can't connect with the passive [192.168.100.113/5000] error_code:10061 !

<<<----  [OUT]
2020/09/07 23:54:15:373

Connecting Started...

<<<----  [OUT]
2020/09/07 23:54:17:425

I can't connect with the passive [192.168.100.113/5000] error_code:10061 !

<<<----  [OUT]
2020/09/07 23:54:19:903

Connecting Started...

<<<----  [OUT]
2020/09/07 23:54:21:960

I can't connect with the passive [192.168.100.113/5000] error_code:10061 !

<<<----  [OUT]
2020/09/07 23:54:24:449

Connecting Started...

<<<----  [OUT]
2020/09/07 23:54:32:519

I can't connect with the passive [192.168.100.113/5000] error_code:10060 !

<<<----  [OUT]
2020/09/07 23:54:34:998

Connecting Started...

<<<----  [OUT]
2020/09/07 23:54:56:026

I can't connect with the passive [192.168.100.113/5000] error_code:10060 !

<<<----  [OUT]
2020/09/07 23:54:58:513

Connecting Started...

<<<----  [OUT]
2020/09/07 23:55:19:562

I can't connect with the passive [192.168.100.113/5000] error_code:10060 !

<<<----  [OUT]
2020/09/07 23:55:22:043

Connecting Started...

<<<----  [OUT]
2020/09/07 23:55:43:086

I can't connect with the passive [192.168.100.113/5000] error_code:10060 !

<<<----  [OUT]
2020/09/07 23:55:45:575

Connecting Started...

<<<----  [OUT]
2020/09/07 23:56:06:633

I can't connect with the passive [192.168.100.113/5000] error_code:10060 !

<<<----  [OUT]
2020/09/07 23:56:09:121

Connecting Started...

<<<----  [OUT]
2020/09/07 23:56:30:160

I can't connect with the passive [192.168.100.113/5000] error_code:10060 !

<<<----  [OUT]
2020/09/07 23:56:32:637

Connecting Started...

<<<----  [OUT]
2020/09/07 23:56:53:675

I can't connect with the passive [192.168.100.113/5000] error_code:10060 !

<<<----  [OUT]
2020/09/07 23:56:56:154

Connecting Started...

<<<----  [OUT]
2020/09/07 23:57:17:186

I can't connect with the passive [192.168.100.113/5000] error_code:10060 !

<<<----  [OUT]
2020/09/07 23:57:19:670

Connecting Started...

<<<----  [OUT]
2020/09/07 23:57:40:702

I can't connect with the passive [192.168.100.113/5000] error_code:10060 !

<<<----  [OUT]
2020/09/07 23:57:43:185

Connecting Started...

<<<----  [OUT]
2020/09/07 23:58:04:232

I can't connect with the passive [192.168.100.113/5000] error_code:10060 !

<<<----  [OUT]
2020/09/07 23:58:06:715

Connecting Started...

<<<----  [OUT]
2020/09/07 23:58:27:739

I can't connect with the passive [192.168.100.113/5000] error_code:10060 !

<<<----  [OUT]
2020/09/07 23:58:30:215

Connecting Started...

<<<----  [OUT]
2020/09/07 23:58:51:242

I can't connect with the passive [192.168.100.113/5000] error_code:10060 !

<<<----  [OUT]
2020/09/07 23:58:53:732

Connecting Started...

<<<----  [OUT]
2020/09/07 23:59:14:763

I can't connect with the passive [192.168.100.113/5000] error_code:10060 !

<<<----  [OUT]
2020/09/07 23:59:17:247

Connecting Started...

<<<----  [OUT]
2020/09/07 23:59:38:271

I can't connect with the passive [192.168.100.113/5000] error_code:10060 !

<<<----  [OUT]
2020/09/07 23:59:40:762

Connecting Started...
