00)   IO+di.LBA.WFR.PRESENT.ARM.Sns
01)   IO+di.LIGHT.Curtain.Sns
02)   IO+di.LBB.WFR.PRESENT.ARM.Sns
03)   IO+di.LBB.WFR.PRESENT.LL.Sns
04)   IO+di.PM1.WFR.PRESENT.ARM.Sns
05)   IO+di.PM2.WFR.PRESENT.ARM.Sns
06)   IO+di.PM3.WFR.PRESENT.ARM.Sns
07)   IO+di.PM4.WFR.PRESENT.ARM.Sns
08)   IO+di.LBA.DV.CLOSE
09)   IO+di.LBA.DV.OPEN
10)   IO+di.LBB.DV.CLOSE
11)   IO+di.LBB.DV.OPEN
12)   IO+di.IPXPUMP.RUNNING
13)   IO+di.IPXPUMP.WARNING
14)   IO+di.IPXPUMP.ALARM
15)   IO+di.IPXPUMP.WATER.FLOW
16)   IO+di.LP1.ENABLE
17)   IO+di.LP2.ENABLE
18)   IO+di.LP3.ENABLE
19)   IO+di.LP4.ENABLE
20)   IO+di.NOTEXTFP4.Sns
21)   IO+di.WFR.PROTRUSION2.Sns
22)   IO+di.AirFilter.SystemOK.Sns
23)   IO+di.Spare.BD01.24.Sns
24)   IO+di.Spare.BD01.25.Sns
25)   IO+di.Spare.BD01.26.Sns
26)   IO+di.Spare.BD01.27.Sns
27)   IO+di.Spare.BD01.28.Sns
28)   IO+di.Spare.BD01.29.Sns
29)   IO+di.Spare.BD01.30.Sns
30)   IO+di.Spare.BD01.31.Sns
