00)   IO+di.LP1.Door.Ext
01)   IO+di.LP1.Door.Ret
02)   IO+di.LP1.Latch.Horizontal
03)   IO+di.LP1.Latch.Vertical
04)   IO+di.LP1.Door.Up
05)   IO+di.LP1.Door.Dn
06)   IO+di.LP1.Shtle.In
07)   IO+di.LP1.Shtle.Out
08)   IO+di.LP1.WfrSlide.Out
09)   IO+di.LP1.FoupCst.Switch
10)   IO+di.LP1.200mmCst.Placed
11)   IO+di.LP1.Wfr.13_25
12)   IO+di.LP1.PlatForm.Occupied
13)   IO+di.LP1.Foup.Placed
14)   IO+di.LP1.Vac
15)   IO+di.LP1.Intlk.Active
16)   IO+di.LP1.LD.BTN.Swtich01
17)   IO+di.LP1.UNLD.BTN.Swtich02
18)   IO+di.LP1.PAUSE.BTN.Swtich03
19)   IO+di.LP1.RESUME.BTN.Swtich04
20)   IO+di.LP1.Clamp.Sns
21)   IO+di.LP1.Unclamp.Sns
22)   IO+di.LP1.Spare.BD02.22.Sns
23)   IO+di.LP1.Spare.BD02.23.Sns
24)   IO+di.LP1.Spare.BD02.24.Sns
25)   IO+di.LP1.Spare.BD02.25.Sns
26)   IO+di.LP2.Door.Ext
27)   IO+di.LP2.Door.Ret
28)   IO+di.LP2.Latch.Horizontal
29)   IO+di.LP2.Latch.Vertical
30)   IO+di.LP2.Door.Up
31)   IO+di.LP2.Door.Dn
32)   IO+di.LP2.Shtle.In
33)   IO+di.LP2.Shtle.Out
34)   IO+di.LP2.WfrSlide.Out
35)   IO+di.LP2.FoupCst.Switch
36)   IO+di.LP2.200mmCst.Placed
37)   IO+di.LP2.Wfr.13_25
38)   IO+di.LP2.PlatForm.Occupied
39)   IO+di.LP2.Foup.Placed
40)   IO+di.LP2.Vac
41)   IO+di.LP2.Intlk.Active
42)   IO+di.LP2.LD.BTN.Swtich01
43)   IO+di.LP2.UNLD.BTN.Swtich02
44)   IO+di.LP2.PAUSE.BTN.Swtich03
45)   IO+di.LP2.RESUME.BTN.Swtich04
46)   IO+di.LP2.Clamp.Sns
47)   IO+di.LP2.Unclamp.Sns
48)   IO+di.LP2.Spare.BD02.50.Sns
49)   IO+di.LP2.Spare.BD02.51.Sns
50)   IO+di.LP3.Door.Ext
51)   IO+di.LP3.Door.Ret
52)   IO+di.LP3.Latch.Horizontal
53)   IO+di.LP3.Latch.Vertical
54)   IO+di.LP3.Door.Up
55)   IO+di.LP3.Door.Dn
56)   IO+di.LP3.Shtle.In
57)   IO+di.LP3.Shtle.Out
58)   IO+di.LP3.WfrSlide.Out
59)   IO+di.LP3.FoupCst.Switch
60)   IO+di.LP3.200mmCst.Placed
61)   IO+di.LP3.Wfr.13_25
62)   IO+di.LP3.Clamp.Sns
63)   IO+di.LP3.Unclamp.Sns
