00)   IO+di.Spare.ND03.CH00
01)   IO+di.Spare.ND03.CH01
02)   IO+di.Spare.ND03.CH02
03)   IO+di.Spare.ND03.CH03
04)   IO+di.CHM1.ATM.Sns
05)   IO+di.CHM1.VAC.Sns
06)   IO+di.Air.Sns
07)   IO+di.Spare.ND03.CH07
08)   IO+di.Spare.ND03.CH08
09)   IO+di.N2.Sns
10)   IO+di.Spare.ND03.CH10
11)   IO+di.PRESS.CTRL.TRIP.A.Sns
12)   IO+di.PRESS.CTRL.TRIP.B.Sns
13)   IO+di.ATM.Robot.RNE
14)   IO+di.SMOKE.DETECT.Sns
15)   IO+di.ATMRB.RNE.FP3
16)   IO+di.ATMRB.RNE.LBA
17)   IO+di.ATMRB.RNE.LBB
18)   IO+di.ATMRB.RNE.FP1
19)   IO+di.ATMRB.RNE.FP2
20)   IO+di.EFEM.DOOR.SWITCH
21)   IO+di.ATMRB.SERVO.ENABLE
22)   IO+di.IPXWATER.LEAK.DETECT
