00)   IO+di.E84.1.N.VALID
01)   IO+di.E84.1.N.CS_0
02)   IO+di.E84.1.N.CS_1
03)   IO+di.E84.1.N.NC1
04)   IO+di.E84.1.N.TR_REQ
05)   IO+di.E84.1.N.BUSY
06)   IO+di.E84.1.N.COMPT
07)   IO+di.E84.1.N.CONT
08)   IO+di.E84.2.N.VALID
09)   IO+di.E84.2.N.CS_0
10)   IO+di.E84.2.N.CS_1
11)   IO+di.E84.2.N.NC1
12)   IO+di.E84.2.N.TR_REQ
13)   IO+di.E84.2.N.BUSY
14)   IO+di.E84.2.N.COMPT
15)   IO+di.E84.2.N.CONT
16)   IO+di.E84.3.N.VALID
17)   IO+di.E84.3.N.CS_0
18)   IO+di.E84.3.N.CS_1
19)   IO+di.E84.3.N.NC1
20)   IO+di.E84.3.N.TR_REQ
21)   IO+di.E84.3.N.BUSY
22)   IO+di.E84.3.N.COMPT
23)   IO+di.E84.3.N.CONT
24)   IO+di.E84.1.P.VALID
25)   IO+di.E84.1.P.CS_0
26)   IO+di.E84.1.P.CS_1
27)   IO+di.E84.1.P.NC1
28)   IO+di.E84.1.P.TR_REQ
29)   IO+di.E84.1.P.BUSY
30)   IO+di.E84.1.P.COMPT
31)   IO+di.E84.1.P.CONT
32)   IO+di.E84.2.P.VALID
33)   IO+di.E84.2.P.CS_0
34)   IO+di.E84.2.P.CS_1
35)   IO+di.E84.2.P.NC1
36)   IO+di.E84.2.P.TR_REQ
37)   IO+di.E84.2.P.BUSY
38)   IO+di.E84.2.P.COMPT
39)   IO+di.E84.2.P.CONT
40)   IO+di.E84.3.P.VALID
41)   IO+di.E84.3.P.CS_0
42)   IO+di.E84.3.P.CS_1
43)   IO+di.E84.3.P.NC1
44)   IO+di.E84.3.P.TR_REQ
45)   IO+di.E84.3.P.BUSY
46)   IO+di.E84.3.P.COMPT
47)   IO+di.E84.3.P.CONT
48)   IO+di.LP3.Spare.BD02.72.Sns
49)   IO+di.LP3.Spare.BD02.73.Sns
50)   IO+di.LP3.PlatForm.Occupied
51)   IO+di.LP3.Foup.Placed
52)   IO+di.LP3.Vac
53)   IO+di.LP3.Intlk.Active
54)   IO+di.LP3.LD.BTN.Swtich01
55)   IO+di.LP3.UNLD.BTN.Swtich02
56)   IO+di.LP3.PAUSE.BTN.Swtich03
57)   IO+di.LP3.RESUME.BTN.Swtich04
58)   IO+di.LP3.Spare.BD02.74.Sns
59)   IO+di.LP3.Spare.BD02.75.Sns
60)   IO+di.LP3.Spare.BD02.76.Sns
61)   IO+di.LP3.Spare.BD02.77.Sns
62)   IO+di.LP3.Spare.BD02.62.Sns
63)   IO+di.LP3.Spare.BD02.63.Sns
