00)   IO+di.PM1.SV.PM.CLOSE
01)   IO+di.PM1.SV.PM.OPEN
02)   IO+di.PM1.SV.TM.CLOSE
03)   IO+di.PM1.SV.TM.OPEN
04)   IO+di.PM1.SV.DOWN
05)   IO+di.PM1.SV.UP
06)   IO+di.PM1.VAC
07)   IO+di.PM1.ATM
08)   IO+di.PM2.SV.PM.CLOSE
09)   IO+di.PM2.SV.PM.OPEN
10)   IO+di.PM2.SV.TM.CLOSE
11)   IO+di.PM2.SV.TM.OPEN
12)   IO+di.PM2.SV.DOWN
13)   IO+di.PM2.SV.UP
14)   IO+di.PM2.VAC
15)   IO+di.PM2.ATM
16)   IO+di.PM3.SV.PM.CLOSE
17)   IO+di.PM3.SV.PM.OPEN
18)   IO+di.PM3.SV.TM.CLOSE
19)   IO+di.PM3.SV.TM.OPEN
20)   IO+di.PM3.SV.DOWN
21)   IO+di.PM3.SV.UP
22)   IO+di.PM3.VAC
23)   IO+di.PM3.ATM
24)   IO+di.PM4.SV.PM.CLOSE
25)   IO+di.PM4.SV.PM.OPEN
26)   IO+di.PM4.SV.TM.CLOSE
27)   IO+di.PM4.SV.TM.OPEN
28)   IO+di.PM4.SV.DOWN
29)   IO+di.PM4.SV.UP
30)   IO+di.PM4.VAC
31)   IO+di.PM4.ATM
32)   IO+di.LBA.SV.TM.CLOSE
33)   IO+di.LBA.SV.TM.OPEN
34)   IO+di.LBA.SV.DOWN
35)   IO+di.LBA.SV.UP
36)   IO+di.LBB.SV.TM.CLOSE
37)   IO+di.LBB.SV.TM.OPEN
38)   IO+di.LBB.SV.DOWN
39)   IO+di.LBB.SV.UP
40)   IO+di.PM1.BD.ID
41)   IO+di.PM2.BD.ID
42)   IO+di.PM3.BD.ID
43)   IO+di.PM4.BD.ID
44)   IO+di.LBA.BD.ID
45)   IO+di.LBB.BD.ID
46)   IO+di.PM1.LID.SW
47)   IO+di.PM2.LID.SW
48)   IO+di.PM3.LID.SW
49)   IO+di.PM4.LID.SW
50)   IO+di.LBA.LID.SW
51)   IO+di.LBB.LID.SW
52)   IO+di.VAC.Robot.RNE
