00)   IO+do.IPXPUMP.ON
01)   IO+do.CHM1.ISO.VLV.SET
02)   IO+do.TM.BALLAST.SET
03)   IO+do.LBA.FAST.VENT.VLV.SET
04)   IO+do.LBA.SOFT.VENT.VLV.SET
05)   IO+do.LBA.FAST.PUMP.VLV.SET
06)   IO+do.LBA.SOFT.PUMP.VLV.SET
07)   IO+do.LBB.FAST.VENT.VLV.SET
08)   IO+do.LBB.SOFT.VENT.VLV.SET
09)   IO+do.LBB.FAST.PUMP.VLV.SET
10)   IO+do.LBB.SOFT.PUMP.VLV.SET
11)   IO+do.LBA.DV.CLOSE
12)   IO+do.LBA.DV.OPEN
13)   IO+do.LBB.DV.CLOSE
14)   IO+do.LBB.DV.OPEN
15)   IO+do.CHM1.FAST.VENT.VLV.SET
16)   IO+do.LL2.EQULIZATION.VLV.SET
17)   IO+do.SPARE2.PNEUM.SET
18)   IO+do.LL1.EQULIZATION.VLV.SET
19)   IO+do.SPARE4.PNEUM.SET
20)   IO+do.SPARE5.PNEUM.SET
21)   IO+do.OVERRIDE.FP4.SET
22)   IO+do.Spare.BD01.22.Sns
23)   IO+do.Spare.BD01.23.Sns
24)   IO+do.Spare.BD01.24.Sns
25)   IO+do.Spare.BD01.25.Sns
26)   IO+do.Spare.BD01.26.Sns
27)   IO+do.Spare.BD01.27.Sns
28)   IO+do.Spare.BD01.28.Sns
29)   IO+do.Spare.BD01.29.Sns
30)   IO+do.Spare.BD01.30.Sns
31)   IO+do.Spare.BD01.31.Sns
