00)   IO+do.LP1.Door.Ext
01)   IO+do.LP1.Door.Ret
02)   IO+do.LP1.Latch.Horizontal
03)   IO+do.LP1.Latch.Vertical
04)   IO+do.LP1.Door.Up
05)   IO+do.LP1.Door.Dn
06)   IO+do.LP1.Shtle.In
07)   IO+do.LP1.Shtle.Out
08)   IO+do.LP1.UNLD.BTN.Lamp01
09)   IO+do.LP1.LD.BTN.Lamp02
10)   IO+do.LP1.PAUSE.BTN.Lamp03
11)   IO+do.LP1.RESUME.BTN.Lamp04
12)   IO+do.LP1.AUTO.Lamp05
13)   IO+do.LP1.RESERVE.Lamp06
14)   IO+do.LP1.Vac
15)   IO+do.LP1.Unclamp
16)   IO+do.LP1.Clamp
17)   IO+do.LP1.Spare.BD02.17.Sns
18)   IO+do.LP1.Spare.BD02.18.Sns
19)   IO+do.LP1.Spare.BD02.19.Sns
20)   IO+do.LP1.Spare.BD02.20.Sns
21)   IO+do.LP2.Door.Ext
22)   IO+do.LP2.Door.Ret
23)   IO+do.LP2.Latch.Horizontal
24)   IO+do.LP2.Latch.Vertical
25)   IO+do.LP2.Door.Up
26)   IO+do.LP2.Door.Dn
27)   IO+do.LP2.Shtle.In
28)   IO+do.LP2.Shtle.Out
29)   IO+do.LP2.UNLD.BTN.Lamp01
30)   IO+do.LP2.LD.BTN.Lamp02
31)   IO+do.LP2.PAUSE.BTN.Lamp03
32)   IO+do.LP2.RESUME.BTN.Lamp04
33)   IO+do.LP2.AUTO.Lamp05
34)   IO+do.LP2.RESERVE.Lamp06
35)   IO+do.LP2.Vac
36)   IO+do.LP2.Unclamp
37)   IO+do.LP2.Clamp
38)   IO+do.LP2.Spare.BD02.43.Sns
39)   IO+do.LP2.Spare.BD02.44.Sns
40)   IO+do.LP2.Spare.BD02.45.Sns
41)   IO+do.LP2.Spare.BD02.46.Sns
42)   IO+do.LP3.Door.Ext
43)   IO+do.LP3.Door.Ret
44)   IO+do.LP3.Latch.Horizontal
45)   IO+do.LP3.Latch.Vertical
46)   IO+do.LP3.Door.Up
47)   IO+do.LP3.Door.Dn
48)   IO+do.LP3.Shtle.In
49)   IO+do.LP3.Shtle.Out
50)   IO+do.LP3.UNLD.BTN.Lamp01
51)   IO+do.LP3.LD.BTN.Lamp02
52)   IO+do.LP3.PAUSE.BTN.Lamp03
53)   IO+do.LP3.RESUME.BTN.Lamp04
