00)   IO+do.ROBOT.ENABLE
01)   IO+do.ND01.SPARE.01
02)   IO+do.ROBOT.RESET
03)   IO+do.LBA.ATMRB.LOAD.ENABLE
04)   IO+do.LBB.ATMRB.LOAD.ENABLE
05)   IO+do.LIGHT.RED.ON_OFF
06)   IO+do.LIGHT.YELLOW.ON_OFF
07)   IO+do.LIGHT.GREEN.ON_OFF
08)   IO+do.LIGHT.BLUE.ON_OFF
09)   IO+do.LIGHT.WHITE.ON_OFF
10)   IO+do.LIGHT.RED.BLINK
11)   IO+do.LIGHT.YELLOW.BLINK
12)   IO+do.LIGHT.GREEN.BLINK
13)   IO+do.LIGHT.BLUE.BLINK
14)   IO+do.LIGHT.WHITE.BLINK
15)   IO+do.ALARM.BUZZER.RESET
16)   IO+do.ALARM.BUZZER
17)   IO+do.MELODY1.CTRL
18)   IO+do.MELODY2.CTRL
19)   IO+do.MELODY3.CTRL
20)   IO+do.MELODY4.CTRL
21)   IO+do.OVERRIDE3.SET
22)   IO+do.OVERRIDE1.SET
23)   IO+do.OVERRIDE2.SET
