00)   IO+do.E84.1.N.L_REQ
01)   IO+do.E84.1.N.U_REQ
02)   IO+do.E84.1.N.NC1
03)   IO+do.E84.1.N.READY
04)   IO+do.E84.1.N.NC2
05)   IO+do.E84.1.N.NC3
06)   IO+do.E84.1.N.HO_AVBL
07)   IO+do.E84.1.N.ES
08)            
09)   IO+do.E84.2.N.L_REQ
10)   IO+do.E84.2.N.U_REQ
11)   IO+do.E84.2.N.NC1
12)   IO+do.E84.2.N.READY
13)   IO+do.E84.2.N.NC2
14)   IO+do.E84.2.N.NC3
15)   IO+do.E84.2.N.HO_AVBL
16)   IO+do.E84.2.N.ES
17)            
18)   IO+do.E84.3.N.L_REQ
19)   IO+do.E84.3.N.U_REQ
20)   IO+do.E84.3.N.NC1
21)   IO+do.E84.3.N.READY
22)   IO+do.E84.3.N.NC2
23)   IO+do.E84.3.N.NC3
24)   IO+do.E84.3.N.HO_AVBL
25)   IO+do.E84.3.N.ES
26)   IO+do.E84.1.P.L_REQ
27)   IO+do.E84.1.P.U_REQ
28)   IO+do.E84.1.P.NC1
29)   IO+do.E84.1.P.READY
30)   IO+do.E84.1.P.NC2
31)   IO+do.E84.1.P.NC3
32)   IO+do.E84.1.P.HO_AVBL
33)   IO+do.E84.1.P.ES
34)            
35)   IO+do.E84.2.P.L_REQ
36)   IO+do.E84.2.P.U_REQ
37)   IO+do.E84.2.P.NC1
38)   IO+do.E84.2.P.READY
39)   IO+do.E84.2.P.NC2
40)   IO+do.E84.2.P.NC3
41)   IO+do.E84.2.P.HO_AVBL
42)   IO+do.E84.2.P.ES
43)            
44)   IO+do.E84.3.P.L_REQ
45)   IO+do.E84.3.P.U_REQ
46)   IO+do.E84.3.P.NC1
47)   IO+do.E84.3.P.READY
48)   IO+do.E84.3.P.NC2
49)   IO+do.E84.3.P.NC3
50)   IO+do.E84.3.P.HO_AVBL
51)   IO+do.E84.3.P.ES
52)   IO+do.LP3.AUTO.Lamp05
53)   IO+do.LP3.RESERVE.Lamp06
54)   IO+do.LP3.Vac
55)   IO+do.LP3.Unclamp
56)   IO+do.LP3.Spare.BD02.69.Sns
57)   IO+do.LP3.Spare.BD02.70.Sns
58)   IO+do.LP3.Spare.BD02.71.Sns
59)   IO+do.LP3.Spare.BD02.72.Sns
60)   IO+do.LP3.Clamp
