00)   IO+do.PM1.SV.UP
01)   IO+do.PM1.SV.TM.CLOSE
02)   IO+do.PM1.SV.DOWN
03)   IO+do.PM1.SV.TM.OPEN
04)   IO+do.PM1.SV.PM.CLOSE
05)   IO+do.PM1.SV.PM.OPEN
06)   IO+do.PM1.SPARE06
07)   IO+do.PM2.SV.UP
08)   IO+do.PM2.SV.TM.CLOSE
09)   IO+do.PM2.SV.DOWN
10)   IO+do.PM2.SV.TM.OPEN
11)   IO+do.PM2.SV.PM.CLOSE
12)   IO+do.PM2.SV.PM.OPEN
13)   IO+do.PM2.SPARE14
14)   IO+do.PM3.SV.UP
15)   IO+do.PM3.SV.TM.CLOSE
16)   IO+do.PM3.SV.DOWN
17)   IO+do.PM3.SV.TM.OPEN
18)   IO+do.PM3.SV.PM.CLOSE
19)   IO+do.PM3.SV.PM.OPEN
20)   IO+do.PM3.SPARE22
21)   IO+do.PM4.SV.UP
22)   IO+do.PM4.SV.TM.CLOSE
23)   IO+do.PM4.SV.DOWN
24)   IO+do.PM4.SV.TM.OPEN
25)   IO+do.PM4.SV.PM.CLOSE
26)   IO+do.PM4.SV.PM.OPEN
27)   IO+do.PM4.SPARE30
28)   IO+do.LBA.SV.UP
29)   IO+do.LBA.SV.TM.CLOSE
30)   IO+do.LBA.SV.DOWN
31)   IO+do.LBA.SV.TM.OPEN
32)   IO+do.SPARE.BD07.36
33)   IO+do.SPARE.BD07.37
34)   IO+do.SPARE.BD07.38
35)   IO+do.LBB.SV.UP
36)   IO+do.LBB.SV.TM.CLOSE
37)   IO+do.LBB.SV.DOWN
38)   IO+do.LBB.SV.TM.OPEN
39)   IO+do.SPARE.BD07.44
40)   IO+do.SPARE.BD07.45
41)   IO+do.SPARE.BD07.46
42)   IO+do.PM1.INLK.OVERIDE
43)   IO+do.PM2.INLK.OVERIDE
44)   IO+do.PM3.INLK.OVERIDE
45)   IO+do.PM4.INLK.OVERIDE
46)   IO+do.LBA.INLK.OVERIDE
47)   IO+do.LBB.INLK.OVERIDE
48)   IO+do.SPARE.BD07.54
49)   IO+do.SPARE.BD07.55
50)   IO+do.SPARE.BD07.56
51)   IO+do.SPARE.BD07.57
52)   IO+do.SPARE.BD07.58
53)   IO+do.SPARE.BD07.59
54)   IO+do.SPARE.BD07.60
55)   IO+do.SPARE.BD07.61
56)   IO+do.SPARE.BD07.62
57)   IO+do.SPARE.BD07.63
58)   IO+do.SPARE.BD07.64
59)   IO+do.SPARE.BD07.65
60)   IO+do.SPARE.BD07.66
61)   IO+do.SPARE.BD07.67
62)   IO+do.SPARE.BD07.68
63)   IO+do.SPARE.BD07.69
64)   IO+do.SPARE.BD07.70
65)   IO+do.SPARE.BD07.71
66)   IO+do.SPARE.BD07.72
67)   IO+do.SPARE.BD07.73
68)   IO+do.SPARE.BD07.74
69)   IO+do.SPARE.BD07.75
70)   IO+do.SPARE.BD07.76
71)   IO+do.SPARE.BD07.77
72)   IO+do.SPARE.BD07.78
73)   IO+do.SPARE.BD07.79
