

//--------------------------------------------------------
// START

2021_12_23 14:54:04   Start : mRES__OBJECT_PROPERTY.Upload__OBJ_PROPERTY()
2021_12_23 14:54:04   Completed ...
2021_12_23 14:54:04   Start : mMNG__ALARM_DB.Upload__DB()
2021_12_23 14:54:04   Completed ...
2021_12_23 14:54:04   Start : mMNG_FILE.Upload__OBJECT_LIST()
2021_12_23 14:54:04   Completed ...
2021_12_23 14:54:04   Start : mRES__OBJECT_LIST.Start__OBJECT_LIST()
2021_12_23 14:54:04   Completed ...
2021_12_23 14:54:04   Start : mRES__OBJECT_LIST.Initialize__OBJECT_LIST()
2021_12_23 14:54:04   STD Object : (__EQP) Started ...
2021_12_23 14:54:04   STD Object : (__EQP) Completed ...
2021_12_23 14:54:04   STD Object : (__SYS) Started ...
2021_12_23 14:54:04   STD Object : (__SYS) Completed ...
2021_12_23 14:54:04   STD Object : (DB_ETCHER) Started ...
2021_12_23 14:54:04   STD Object : (DB_ETCHER) Completed ...
2021_12_23 14:54:04   STD Object : (DB_GUI) Started ...
2021_12_23 14:54:04   STD Object : (DB_GUI) Completed ...
2021_12_23 14:54:04   STD Object : (DB_INF) Started ...
2021_12_23 14:54:04   STD Object : (DB_INF) Completed ...
2021_12_23 14:54:04   STD Object : (DB_SYS) Started ...
2021_12_23 14:54:04   STD Object : (DB_SYS) Completed ...
2021_12_23 14:54:04   STD Object : (PHY_HTR_CHUCK) Started ...
2021_12_23 14:54:04   STD Object : (PHY_HTR_CHUCK) Completed ...
2021_12_23 14:54:04   IO Object : (IO) Started ...
2021_12_23 14:54:04   IO Object : (IO) Completed ...
2021_12_23 14:54:04   Completed ...
2021_12_23 14:54:04   Start : mMNG__ALARM_DB.Upload__LEVEL()
2021_12_23 14:54:04   Completed ...
2021_12_23 14:54:04   Start : mRES__OBJECT_DB.Upload__LOOKUP_TABLE()
2021_12_23 14:54:04   Completed ...
2021_12_23 14:54:04   Start : mRES__OBJECT_DB.Upload__OBJECT_OPTION()
2021_12_23 14:54:04   Completed ...
2021_12_23 14:54:04   Start : mRES__OBJECT_PROPERTY.Init__OBJ_PROPERTY()
2021_12_23 14:54:04      Property_Info__Memory_Check : -1
2021_12_23 14:54:04   Completed ...
2021_12_23 14:54:04   Start : mRES__OBJECT_DB.Analysis__OBJ_MODULE()
2021_12_23 14:54:04   Completed ...
2021_12_23 14:54:04   Start : mRES__OBJECT_DB.Analysis__OBJ_VERSION()
2021_12_23 14:54:04   Completed ...
2021_12_23 14:54:04   Start : mRES__OBJECT_DB.Upload__OBJECT_DATALOG_CHANNEL()
2021_12_23 14:54:04   Completed ...
2021_12_23 14:54:04   Start : mRES__SEQ_IP.Upload__SEQ_INFO()
2021_12_23 14:54:04   Completed ...
2021_12_23 14:54:04   Start : mRES__CFG_PAGE.Upload__PAGE_INFO()
2021_12_23 14:54:04   Completed ...
2021_12_23 14:54:04   Start : mRES__OBJECT_DB.Initialize__OBJECT()
2021_12_23 14:54:04   Completed ...
2021_12_23 14:54:04   Start : mRES__OBJECT_DB.Analysis__OBJ_LIST()
2021_12_23 14:54:04   Completed ...
2021_12_23 14:54:04   Start : mRES__OBJECT_PROPERTY.Check_ERROR__OBJ_PROPERTY()
2021_12_23 14:54:04   Completed ...
2021_12_23 14:54:04   Start : mRES__ALARM_DB.Change__DB()
2021_12_23 14:54:04   Completed ...
2021_12_23 14:54:04   Start : mRES__OBJECT_DB.Initialize__PROC()
2021_12_23 14:54:04   Completed ...
2021_12_23 14:54:04   Start : mUserID_CTRL.Upload()
2021_12_23 14:54:04   Completed ...
2021_12_23 14:54:04   Start : mRES__OBJECT_DB.Report__MODULE_INFO()
2021_12_23 14:54:04   Completed ...
2021_12_23 14:54:04   Start : net_ctrl->Start__NET()
2021_12_23 14:54:05   Completed ...
2021_12_23 14:54:05   Start : mRES__FA.Start__FA()
2021_12_23 14:54:05   Completed ...
2021_12_23 14:54:05   Start : mRES__OBJECT_DB.Start__OBJECT()
2021_12_23 14:54:05   Completed ...
