
<<<----  [OUT]
2020/10/29 08:00:15:643

I can't connect with the passive [192.168.100.113/5000] error_code:10060 !

<<<----  [OUT]
2020/10/29 08:00:18:121

Connecting Started...

<<<----  [OUT]
2020/10/29 08:00:39:145

I can't connect with the passive [192.168.100.113/5000] error_code:10060 !

<<<----  [OUT]
2020/10/29 08:00:41:637

Connecting Started...

<<<----  [OUT]
2020/10/29 08:01:02:691

I can't connect with the passive [192.168.100.113/5000] error_code:10060 !

<<<----  [OUT]
2020/10/29 08:01:05:168

Connecting Started...

<<<----  [OUT]
2020/10/29 08:01:26:189

I can't connect with the passive [192.168.100.113/5000] error_code:10060 !

<<<----  [OUT]
2020/10/29 08:01:28:667

Connecting Started...

<<<----  [OUT]
2020/10/29 08:01:49:703

I can't connect with the passive [192.168.100.113/5000] error_code:10060 !

<<<----  [OUT]
2020/10/29 08:01:52:183

Connecting Started...

<<<----  [OUT]
2020/10/29 08:02:13:208

I can't connect with the passive [192.168.100.113/5000] error_code:10060 !

<<<----  [OUT]
2020/10/29 08:02:15:698

Connecting Started...

<<<----  [OUT]
2020/10/29 08:02:36:729

I can't connect with the passive [192.168.100.113/5000] error_code:10060 !

<<<----  [OUT]
2020/10/29 08:02:39:213

Connecting Started...

<<<----  [OUT]
2020/10/29 08:03:00:259

I can't connect with the passive [192.168.100.113/5000] error_code:10060 !

<<<----  [OUT]
2020/10/29 08:03:02:746

Connecting Started...

<<<----  [OUT]
2020/10/29 08:03:23:768

I can't connect with the passive [192.168.100.113/5000] error_code:10060 !

<<<----  [OUT]
2020/10/29 08:03:26:246

Connecting Started...

<<<----  [OUT]
2020/10/29 08:03:47:287

I can't connect with the passive [192.168.100.113/5000] error_code:10060 !

<<<----  [OUT]
2020/10/29 08:03:49:778

Connecting Started...

<<<----  [OUT]
2020/10/29 08:04:10:803

I can't connect with the passive [192.168.100.113/5000] error_code:10060 !

<<<----  [OUT]
2020/10/29 08:04:13:293

Connecting Started...

<<<----  [OUT]
2020/10/29 08:04:34:342

I can't connect with the passive [192.168.100.113/5000] error_code:10060 !

<<<----  [OUT]
2020/10/29 08:04:36:824

Connecting Started...

<<<----  [OUT]
2020/10/29 08:04:57:873

I can't connect with the passive [192.168.100.113/5000] error_code:10060 !

<<<----  [OUT]
2020/10/29 08:05:00:355

Connecting Started...

<<<----  [OUT]
2020/10/29 08:05:21:395

I can't connect with the passive [192.168.100.113/5000] error_code:10060 !

<<<----  [OUT]
2020/10/29 08:05:23:886

Connecting Started...

<<<----  [OUT]
2020/10/29 08:05:44:933

I can't connect with the passive [192.168.100.113/5000] error_code:10060 !

<<<----  [OUT]
2020/10/29 08:05:47:417

Connecting Started...

<<<----  [OUT]
2020/10/29 08:06:08:437

I can't connect with the passive [192.168.100.113/5000] error_code:10060 !

<<<----  [OUT]
2020/10/29 08:06:10:917

Connecting Started...

<<<----  [OUT]
2020/10/29 08:06:31:943

I can't connect with the passive [192.168.100.113/5000] error_code:10060 !

<<<----  [OUT]
2020/10/29 08:06:34:433

Connecting Started...

<<<----  [OUT]
2020/10/29 08:06:55:482

I can't connect with the passive [192.168.100.113/5000] error_code:10060 !

<<<----  [OUT]
2020/10/29 08:06:57:965

Connecting Started...

<<<----  [OUT]
2020/10/29 08:07:19:000

I can't connect with the passive [192.168.100.113/5000] error_code:10060 !

<<<----  [OUT]
2020/10/29 08:07:21:479

Connecting Started...

<<<----  [OUT]
2020/10/29 08:07:42:517

I can't connect with the passive [192.168.100.113/5000] error_code:10060 !

<<<----  [OUT]
2020/10/29 08:07:44:996

Connecting Started...

<<<----  [OUT]
2020/10/29 08:08:06:032

I can't connect with the passive [192.168.100.113/5000] error_code:10060 !

<<<----  [OUT]
2020/10/29 08:08:08:512

Connecting Started...

<<<----  [OUT]
2020/10/29 08:08:29:549

I can't connect with the passive [192.168.100.113/5000] error_code:10060 !

<<<----  [OUT]
2020/10/29 08:08:32:027

Connecting Started...

<<<----  [OUT]
2020/10/29 08:08:53:055

I can't connect with the passive [192.168.100.113/5000] error_code:10060 !

<<<----  [OUT]
2020/10/29 08:08:55:542

Connecting Started...

<<<----  [OUT]
2020/10/29 08:09:16:574

I can't connect with the passive [192.168.100.113/5000] error_code:10060 !

<<<----  [OUT]
2020/10/29 08:09:19:058

Connecting Started...

<<<----  [OUT]
2020/10/29 08:09:40:101

I can't connect with the passive [192.168.100.113/5000] error_code:10060 !

<<<----  [OUT]
2020/10/29 08:09:42:589

Connecting Started...

<<<----  [OUT]
2020/10/29 08:10:03:634

I can't connect with the passive [192.168.100.113/5000] error_code:10060 !

<<<----  [OUT]
2020/10/29 08:10:06:121

Connecting Started...

<<<----  [OUT]
2020/10/29 08:10:27:154

I can't connect with the passive [192.168.100.113/5000] error_code:10060 !

<<<----  [OUT]
2020/10/29 08:10:29:636

Connecting Started...

<<<----  [OUT]
2020/10/29 08:10:50:676

I can't connect with the passive [192.168.100.113/5000] error_code:10060 !

<<<----  [OUT]
2020/10/29 08:10:53:168

Connecting Started...

<<<----  [OUT]
2020/10/29 08:11:14:180

I can't connect with the passive [192.168.100.113/5000] error_code:10060 !

<<<----  [OUT]
2020/10/29 08:11:16:667

Connecting Started...

<<<----  [OUT]
2020/10/29 08:11:37:704

I can't connect with the passive [192.168.100.113/5000] error_code:10060 !

<<<----  [OUT]
2020/10/29 08:11:40:183

Connecting Started...

<<<----  [OUT]
2020/10/29 08:12:01:216

I can't connect with the passive [192.168.100.113/5000] error_code:10060 !

<<<----  [OUT]
2020/10/29 08:12:03:699

Connecting Started...

<<<----  [OUT]
2020/10/29 08:12:24:747

I can't connect with the passive [192.168.100.113/5000] error_code:10060 !

<<<----  [OUT]
2020/10/29 08:12:27:230

Connecting Started...

<<<----  [OUT]
2020/10/29 08:12:48:265

I can't connect with the passive [192.168.100.113/5000] error_code:10060 !

<<<----  [OUT]
2020/10/29 08:12:50:746

Connecting Started...

<<<----  [OUT]
2020/10/29 08:13:11:793

I can't connect with the passive [192.168.100.113/5000] error_code:10060 !

<<<----  [OUT]
2020/10/29 08:13:14:277

Connecting Started...

<<<----  [OUT]
2020/10/29 08:13:35:327

I can't connect with the passive [192.168.100.113/5000] error_code:10060 !

<<<----  [OUT]
2020/10/29 08:13:37:809

Connecting Started...

<<<----  [OUT]
2020/10/29 08:13:58:851

I can't connect with the passive [192.168.100.113/5000] error_code:10060 !

<<<----  [OUT]
2020/10/29 08:14:01:339

Connecting Started...

<<<----  [OUT]
2020/10/29 08:14:22:386

I can't connect with the passive [192.168.100.113/5000] error_code:10060 !

<<<----  [OUT]
2020/10/29 08:14:24:870

Connecting Started...

<<<----  [OUT]
2020/10/29 08:14:45:911

I can't connect with the passive [192.168.100.113/5000] error_code:10060 !

<<<----  [OUT]
2020/10/29 08:14:48:401

Connecting Started...

<<<----  [OUT]
2020/10/29 08:15:09:451

I can't connect with the passive [192.168.100.113/5000] error_code:10060 !

<<<----  [OUT]
2020/10/29 08:15:11:932

Connecting Started...

<<<----  [OUT]
2020/10/29 08:15:32:963

I can't connect with the passive [192.168.100.113/5000] error_code:10060 !

<<<----  [OUT]
2020/10/29 08:15:35:448

Connecting Started...

<<<----  [OUT]
2020/10/29 08:15:56:475

I can't connect with the passive [192.168.100.113/5000] error_code:10060 !

<<<----  [OUT]
2020/10/29 08:15:58:964

Connecting Started...

<<<----  [OUT]
2020/10/29 08:16:19:984

I can't connect with the passive [192.168.100.113/5000] error_code:10060 !

<<<----  [OUT]
2020/10/29 08:16:22:464

Connecting Started...

<<<----  [OUT]
2020/10/29 08:16:43:510

I can't connect with the passive [192.168.100.113/5000] error_code:10060 !

<<<----  [OUT]
2020/10/29 08:16:45:995

Connecting Started...

<<<----  [OUT]
2020/10/29 08:17:07:035

I can't connect with the passive [192.168.100.113/5000] error_code:10060 !

<<<----  [OUT]
2020/10/29 08:17:09:511

Connecting Started...

<<<----  [OUT]
2020/10/29 08:17:30:531

I can't connect with the passive [192.168.100.113/5000] error_code:10060 !

<<<----  [OUT]
2020/10/29 08:17:33:012

Connecting Started...

<<<----  [OUT]
2020/10/29 08:17:54:055

I can't connect with the passive [192.168.100.113/5000] error_code:10060 !

<<<----  [OUT]
2020/10/29 08:17:56:542

Connecting Started...

<<<----  [OUT]
2020/10/29 08:18:17:598

I can't connect with the passive [192.168.100.113/5000] error_code:10060 !

<<<----  [OUT]
2020/10/29 08:18:20:089

Connecting Started...

<<<----  [OUT]
2020/10/29 08:18:41:128

I can't connect with the passive [192.168.100.113/5000] error_code:10060 !

<<<----  [OUT]
2020/10/29 08:18:43:605

Connecting Started...

<<<----  [OUT]
2020/10/29 08:19:04:662

I can't connect with the passive [192.168.100.113/5000] error_code:10060 !

<<<----  [OUT]
2020/10/29 08:19:07:152

Connecting Started...

<<<----  [OUT]
2020/10/29 08:19:28:208

I can't connect with the passive [192.168.100.113/5000] error_code:10060 !

<<<----  [OUT]
2020/10/29 08:19:30:699

Connecting Started...

<<<----  [OUT]
2020/10/29 08:19:51:751

I can't connect with the passive [192.168.100.113/5000] error_code:10060 !

<<<----  [OUT]
2020/10/29 08:19:54:230

Connecting Started...

<<<----  [OUT]
2020/10/29 08:20:15:267

I can't connect with the passive [192.168.100.113/5000] error_code:10060 !

<<<----  [OUT]
2020/10/29 08:20:17:746

Connecting Started...

<<<----  [OUT]
2020/10/29 08:20:38:780

I can't connect with the passive [192.168.100.113/5000] error_code:10060 !

<<<----  [OUT]
2020/10/29 08:20:41:261

Connecting Started...

<<<----  [OUT]
2020/10/29 08:21:02:294

I can't connect with the passive [192.168.100.113/5000] error_code:10060 !

<<<----  [OUT]
2020/10/29 08:21:04:777

Connecting Started...

<<<----  [OUT]
2020/10/29 08:21:25:820

I can't connect with the passive [192.168.100.113/5000] error_code:10060 !

<<<----  [OUT]
2020/10/29 08:21:28:309

Connecting Started...

<<<----  [OUT]
2020/10/29 08:21:49:340

I can't connect with the passive [192.168.100.113/5000] error_code:10060 !

<<<----  [OUT]
2020/10/29 08:21:51:823

Connecting Started...

<<<----  [OUT]
2020/10/29 08:22:12:872

I can't connect with the passive [192.168.100.113/5000] error_code:10060 !

<<<----  [OUT]
2020/10/29 08:22:15:355

Connecting Started...

<<<----  [OUT]
2020/10/29 08:22:36:393

I can't connect with the passive [192.168.100.113/5000] error_code:10060 !

<<<----  [OUT]
2020/10/29 08:22:38:871

Connecting Started...

<<<----  [OUT]
2020/10/29 08:22:59:922

I can't connect with the passive [192.168.100.113/5000] error_code:10060 !

<<<----  [OUT]
2020/10/29 08:23:02:402

Connecting Started...

<<<----  [OUT]
2020/10/29 08:23:23:444

I can't connect with the passive [192.168.100.113/5000] error_code:10060 !

<<<----  [OUT]
2020/10/29 08:23:25:933

Connecting Started...

<<<----  [OUT]
2020/10/29 08:23:27:979

I can't connect with the passive [192.168.100.113/5000] error_code:10061 !

<<<----  [OUT]
2020/10/29 08:23:30:464

Connecting Started...

<<<----  [OUT]
2020/10/29 08:23:32:513

I can't connect with the passive [192.168.100.113/5000] error_code:10061 !

<<<----  [OUT]
2020/10/29 08:23:34:996

Connecting Started...

<<<----  [OUT]
2020/10/29 08:23:37:024

I can't connect with the passive [192.168.100.113/5000] error_code:10061 !

<<<----  [OUT]
2020/10/29 08:23:39:511

Connecting Started...

<<<----  [OUT]
2020/10/29 08:23:41:552

I can't connect with the passive [192.168.100.113/5000] error_code:10061 !

<<<----  [OUT]
2020/10/29 08:23:44:043

Connecting Started...

<<<----  [OUT]
2020/10/29 08:23:46:096

I can't connect with the passive [192.168.100.113/5000] error_code:10061 !

<<<----  [OUT]
2020/10/29 08:23:48:574

Connecting Started...

<<<----  [OUT]
2020/10/29 08:23:50:627

I can't connect with the passive [192.168.100.113/5000] error_code:10061 !

<<<----  [OUT]
2020/10/29 08:23:53:106

Connecting Started...

<<<----  [OUT]
2020/10/29 08:23:55:146

I can't connect with the passive [192.168.100.113/5000] error_code:10061 !

<<<----  [OUT]
2020/10/29 08:23:57:636

Connecting Started...

<<<----  [OUT]
2020/10/29 08:23:59:689

I can't connect with the passive [192.168.100.113/5000] error_code:10061 !

<<<----  [OUT]
2020/10/29 08:24:02:168

Connecting Started...

<<<----  [OUT]
2020/10/29 08:24:04:216

I can't connect with the passive [192.168.100.113/5000] error_code:10061 !

<<<----  [OUT]
2020/10/29 08:24:06:699

Connecting Started...

<<<----  [OUT]
2020/10/29 08:24:08:734

I can't connect with the passive [192.168.100.113/5000] error_code:10061 !

<<<----  [OUT]
2020/10/29 08:24:11:213

Connecting Started...

<<<----  [OUT]
2020/10/29 08:24:13:266

I can't connect with the passive [192.168.100.113/5000] error_code:10061 !

<<<----  [OUT]
2020/10/29 08:24:15:745

Connecting Started...

<<<----  [OUT]
2020/10/29 08:24:17:791

I can't connect with the passive [192.168.100.113/5000] error_code:10061 !

<<<----  [OUT]
2020/10/29 08:24:20:277

Connecting Started...

<<<----  [OUT]
2020/10/29 08:24:22:328

I can't connect with the passive [192.168.100.113/5000] error_code:10061 !

<<<----  [OUT]
2020/10/29 08:24:24:808

Connecting Started...

<<<----  [OUT]
2020/10/29 08:24:26:848

I can't connect with the passive [192.168.100.113/5000] error_code:10061 !

<<<----  [OUT]
2020/10/29 08:24:29:340

Connecting Started...

<<<----  [OUT]
2020/10/29 08:24:31:381

I can't connect with the passive [192.168.100.113/5000] error_code:10061 !

<<<----  [OUT]
2020/10/29 08:24:33:870

Connecting Started...

<<<----  [OUT]
2020/10/29 08:24:35:924

I can't connect with the passive [192.168.100.113/5000] error_code:10061 !

<<<----  [OUT]
2020/10/29 08:24:38:401

Connecting Started...

<<<----  [OUT]
2020/10/29 08:24:40:434

I can't connect with the passive [192.168.100.113/5000] error_code:10061 !

<<<----  [OUT]
2020/10/29 08:24:42:917

Connecting Started...

<<<----  [OUT]
2020/10/29 08:24:44:963

I can't connect with the passive [192.168.100.113/5000] error_code:10061 !

<<<----  [OUT]
2020/10/29 08:24:47:449

Connecting Started...

<<<----  [OUT]
2020/10/29 08:24:49:492

I can't connect with the passive [192.168.100.113/5000] error_code:10061 !

<<<----  [OUT]
2020/10/29 08:24:51:979

Connecting Started...

<<<----  [OUT]
2020/10/29 08:24:54:040

I can't connect with the passive [192.168.100.113/5000] error_code:10061 !

<<<----  [OUT]
2020/10/29 08:24:56:527

Connecting Started...

<<<----  [OUT]
2020/10/29 08:24:58:562

I can't connect with the passive [192.168.100.113/5000] error_code:10061 !

<<<----  [OUT]
2020/10/29 08:25:01:043

Connecting Started...

<<<----  [OUT]
2020/10/29 08:25:03:100

I can't connect with the passive [192.168.100.113/5000] error_code:10061 !

<<<----  [OUT]
2020/10/29 08:25:05:589

Connecting Started...

<<<----  [OUT]
2020/10/29 08:25:07:639

I can't connect with the passive [192.168.100.113/5000] error_code:10061 !

<<<----  [OUT]
2020/10/29 08:25:10:120

Connecting Started...

<<<----  [OUT]
2020/10/29 08:25:12:168

I can't connect with the passive [192.168.100.113/5000] error_code:10061 !

<<<----  [OUT]
2020/10/29 08:25:14:652

Connecting Started...

<<<----  [OUT]
2020/10/29 08:25:16:701

I can't connect with the passive [192.168.100.113/5000] error_code:10061 !

<<<----  [OUT]
2020/10/29 08:25:19:183

Connecting Started...

<<<----  [OUT]
2020/10/29 08:25:21:235

I can't connect with the passive [192.168.100.113/5000] error_code:10061 !

<<<----  [OUT]
2020/10/29 08:50:03:637

---------------------------------------------------------------------
// FA : Start Log ...


<<<----  [OUT]
2020/10/29 08:50:03:641

//-------------------------------------------------------------
Property Information

   Driver Type [HSMS]
   Driver Mode [ACTIVE]
   IP    [192.168.100.113]
   Port  [5000]
//-------------------------------------------------------------


<<<----  [OUT]
2020/10/29 08:50:04:243

Auto-Start Started ... (Active)

<<<----  [OUT]
2020/10/29 08:50:04:334

Auto-Start Started ...  Waiting Stop-Connection.

<<<----  [OUT]
2020/10/29 08:50:04:334

Auto-Start Started ...  Waiting Open-Socket.

<<<----  [OUT]
2020/10/29 08:50:04:367

Socket Open Started...

<<<----  [OUT]
2020/10/29 08:50:04:367

Socket Open Completed...

<<<----  [OUT]
2020/10/29 08:50:04:367

Connecting Started...

<<<----  [OUT]
2020/10/29 08:50:04:425

Auto-Start Completed ...  (Active)

<<<----  [OUT]
2020/10/29 08:50:25:420

I can't connect with the passive [192.168.100.113/5000] error_code:10060 !

<<<----  [OUT]
2020/10/29 08:50:27:901

Connecting Started...

<<<----  [OUT]
2020/10/29 08:50:48:952

I can't connect with the passive [192.168.100.113/5000] error_code:10060 !

<<<----  [OUT]
2020/10/29 08:50:51:432

Connecting Started...

<<<----  [OUT]
2020/10/29 08:51:12:464

I can't connect with the passive [192.168.100.113/5000] error_code:10060 !

<<<----  [OUT]
2020/10/29 08:51:14:949

Connecting Started...

<<<----  [OUT]
2020/10/29 08:51:35:994

I can't connect with the passive [192.168.100.113/5000] error_code:10060 !

<<<----  [OUT]
2020/10/29 08:51:38:479

Connecting Started...

<<<----  [OUT]
2020/10/29 08:51:59:522

I can't connect with the passive [192.168.100.113/5000] error_code:10060 !

<<<----  [OUT]
2020/10/29 08:52:02:011

Connecting Started...

<<<----  [OUT]
2020/10/29 08:52:23:036

I can't connect with the passive [192.168.100.113/5000] error_code:10060 !

<<<----  [OUT]
2020/10/29 08:52:25:527

Connecting Started...

<<<----  [OUT]
2020/10/29 08:52:46:569

I can't connect with the passive [192.168.100.113/5000] error_code:10060 !

<<<----  [OUT]
2020/10/29 08:52:49:059

Connecting Started...

<<<----  [OUT]
2020/10/29 08:53:10:087

I can't connect with the passive [192.168.100.113/5000] error_code:10060 !

<<<----  [OUT]
2020/10/29 08:53:12:574

Connecting Started...

<<<----  [OUT]
2020/10/29 08:53:33:632

I can't connect with the passive [192.168.100.113/5000] error_code:10060 !

<<<----  [OUT]
2020/10/29 08:53:36:120

Connecting Started...

<<<----  [OUT]
2020/10/29 08:53:57:151

I can't connect with the passive [192.168.100.113/5000] error_code:10060 !

<<<----  [OUT]
2020/10/29 08:53:59:637

Connecting Started...

<<<----  [OUT]
2020/10/29 08:54:20:695

I can't connect with the passive [192.168.100.113/5000] error_code:10060 !

<<<----  [OUT]
2020/10/29 08:54:23:183

Connecting Started...

<<<----  [OUT]
2020/10/29 08:54:44:204

I can't connect with the passive [192.168.100.113/5000] error_code:10060 !

<<<----  [OUT]
2020/10/29 08:54:46:682

Connecting Started...

<<<----  [OUT]
2020/10/29 08:55:07:715

I can't connect with the passive [192.168.100.113/5000] error_code:10060 !

<<<----  [OUT]
2020/10/29 08:55:10:198

Connecting Started...

<<<----  [OUT]
2020/10/29 08:55:31:244

I can't connect with the passive [192.168.100.113/5000] error_code:10060 !

<<<----  [OUT]
2020/10/29 08:55:33:730

Connecting Started...

<<<----  [OUT]
2020/10/29 08:55:54:780

I can't connect with the passive [192.168.100.113/5000] error_code:10060 !

<<<----  [OUT]
2020/10/29 08:55:57:261

Connecting Started...

<<<----  [OUT]
2020/10/29 08:56:18:308

I can't connect with the passive [192.168.100.113/5000] error_code:10060 !

<<<----  [OUT]
2020/10/29 08:56:20:793

Connecting Started...

<<<----  [OUT]
2020/10/29 08:56:41:831

I can't connect with the passive [192.168.100.113/5000] error_code:10060 !

<<<----  [OUT]
2020/10/29 08:56:44:309

Connecting Started...

<<<----  [OUT]
2020/10/29 08:57:05:348

I can't connect with the passive [192.168.100.113/5000] error_code:10060 !

<<<----  [OUT]
2020/10/29 08:57:07:840

Connecting Started...

<<<----  [OUT]
2020/10/29 08:57:28:880

I can't connect with the passive [192.168.100.113/5000] error_code:10060 !

<<<----  [OUT]
2020/10/29 08:57:31:371

Connecting Started...

<<<----  [OUT]
2020/10/29 08:57:52:390

I can't connect with the passive [192.168.100.113/5000] error_code:10060 !

<<<----  [OUT]
2020/10/29 08:57:54:870

Connecting Started...

<<<----  [OUT]
2020/10/29 08:58:15:905

I can't connect with the passive [192.168.100.113/5000] error_code:10060 !

<<<----  [OUT]
2020/10/29 08:58:18:385

Connecting Started...

<<<----  [OUT]
2020/10/29 08:58:39:425

I can't connect with the passive [192.168.100.113/5000] error_code:10060 !

<<<----  [OUT]
2020/10/29 08:58:41:901

Connecting Started...

<<<----  [OUT]
2020/10/29 08:59:02:931

I can't connect with the passive [192.168.100.113/5000] error_code:10060 !

<<<----  [OUT]
2020/10/29 08:59:05:417

Connecting Started...

<<<----  [OUT]
2020/10/29 08:59:26:447

I can't connect with the passive [192.168.100.113/5000] error_code:10060 !

<<<----  [OUT]
2020/10/29 08:59:28:934

Connecting Started...

<<<----  [OUT]
2020/10/29 08:59:49:978

I can't connect with the passive [192.168.100.113/5000] error_code:10060 !

<<<----  [OUT]
2020/10/29 08:59:52:464

Connecting Started...
