
<<<----  [OUT]
2020/10/29 03:00:05:480

I can't connect with the passive [192.168.100.113/5000] error_code:10060 !

<<<----  [OUT]
2020/10/29 03:00:07:965

Connecting Started...

<<<----  [OUT]
2020/10/29 03:00:29:020

I can't connect with the passive [192.168.100.113/5000] error_code:10060 !

<<<----  [OUT]
2020/10/29 03:00:31:510

Connecting Started...

<<<----  [OUT]
2020/10/29 03:00:52:538

I can't connect with the passive [192.168.100.113/5000] error_code:10060 !

<<<----  [OUT]
2020/10/29 03:00:55:027

Connecting Started...

<<<----  [OUT]
2020/10/29 03:01:16:061

I can't connect with the passive [192.168.100.113/5000] error_code:10060 !

<<<----  [OUT]
2020/10/29 03:01:18:541

Connecting Started...

<<<----  [OUT]
2020/10/29 03:01:39:587

I can't connect with the passive [192.168.100.113/5000] error_code:10060 !

<<<----  [OUT]
2020/10/29 03:01:42:074

Connecting Started...

<<<----  [OUT]
2020/10/29 03:02:03:094

I can't connect with the passive [192.168.100.113/5000] error_code:10060 !

<<<----  [OUT]
2020/10/29 03:02:05:574

Connecting Started...

<<<----  [OUT]
2020/10/29 03:02:26:608

I can't connect with the passive [192.168.100.113/5000] error_code:10060 !

<<<----  [OUT]
2020/10/29 03:02:29:090

Connecting Started...

<<<----  [OUT]
2020/10/29 03:02:50:136

I can't connect with the passive [192.168.100.113/5000] error_code:10060 !

<<<----  [OUT]
2020/10/29 03:02:52:620

Connecting Started...

<<<----  [OUT]
2020/10/29 03:03:13:662

I can't connect with the passive [192.168.100.113/5000] error_code:10060 !

<<<----  [OUT]
2020/10/29 03:03:16:151

Connecting Started...

<<<----  [OUT]
2020/10/29 03:03:37:187

I can't connect with the passive [192.168.100.113/5000] error_code:10060 !

<<<----  [OUT]
2020/10/29 03:03:39:666

Connecting Started...

<<<----  [OUT]
2020/10/29 03:04:00:705

I can't connect with the passive [192.168.100.113/5000] error_code:10060 !

<<<----  [OUT]
2020/10/29 03:04:03:182

Connecting Started...

<<<----  [OUT]
2020/10/29 03:04:24:225

I can't connect with the passive [192.168.100.113/5000] error_code:10060 !

<<<----  [OUT]
2020/10/29 03:04:26:713

Connecting Started...

<<<----  [OUT]
2020/10/29 03:04:47:770

I can't connect with the passive [192.168.100.113/5000] error_code:10060 !

<<<----  [OUT]
2020/10/29 03:04:50:262

Connecting Started...

<<<----  [OUT]
2020/10/29 03:05:11:297

I can't connect with the passive [192.168.100.113/5000] error_code:10060 !

<<<----  [OUT]
2020/10/29 03:05:13:777

Connecting Started...

<<<----  [OUT]
2020/10/29 03:05:34:812

I can't connect with the passive [192.168.100.113/5000] error_code:10060 !

<<<----  [OUT]
2020/10/29 03:05:37:292

Connecting Started...

<<<----  [OUT]
2020/10/29 03:05:58:355

I can't connect with the passive [192.168.100.113/5000] error_code:10060 !

<<<----  [OUT]
2020/10/29 03:06:00:839

Connecting Started...

<<<----  [OUT]
2020/10/29 03:06:21:871

I can't connect with the passive [192.168.100.113/5000] error_code:10060 !

<<<----  [OUT]
2020/10/29 03:06:24:355

Connecting Started...

<<<----  [OUT]
2020/10/29 03:06:45:398

I can't connect with the passive [192.168.100.113/5000] error_code:10060 !

<<<----  [OUT]
2020/10/29 03:06:47:885

Connecting Started...

<<<----  [OUT]
2020/10/29 03:07:08:918

I can't connect with the passive [192.168.100.113/5000] error_code:10060 !

<<<----  [OUT]
2020/10/29 03:07:11:402

Connecting Started...

<<<----  [OUT]
2020/10/29 03:07:32:449

I can't connect with the passive [192.168.100.113/5000] error_code:10060 !

<<<----  [OUT]
2020/10/29 03:07:34:933

Connecting Started...

<<<----  [OUT]
2020/10/29 03:07:55:982

I can't connect with the passive [192.168.100.113/5000] error_code:10060 !

<<<----  [OUT]
2020/10/29 03:07:58:464

Connecting Started...

<<<----  [OUT]
2020/10/29 03:08:19:487

I can't connect with the passive [192.168.100.113/5000] error_code:10060 !

<<<----  [OUT]
2020/10/29 03:08:21:964

Connecting Started...

<<<----  [OUT]
2020/10/29 03:08:42:972

I can't connect with the passive [192.168.100.113/5000] error_code:10060 !

<<<----  [OUT]
2020/10/29 03:08:45:448

Connecting Started...

<<<----  [OUT]
2020/10/29 03:09:06:489

I can't connect with the passive [192.168.100.113/5000] error_code:10060 !

<<<----  [OUT]
2020/10/29 03:09:08:979

Connecting Started...

<<<----  [OUT]
2020/10/29 03:09:30:001

I can't connect with the passive [192.168.100.113/5000] error_code:10060 !

<<<----  [OUT]
2020/10/29 03:09:32:480

Connecting Started...

<<<----  [OUT]
2020/10/29 03:09:53:511

I can't connect with the passive [192.168.100.113/5000] error_code:10060 !

<<<----  [OUT]
2020/10/29 03:09:55:996

Connecting Started...

<<<----  [OUT]
2020/10/29 03:10:17:043

I can't connect with the passive [192.168.100.113/5000] error_code:10060 !

<<<----  [OUT]
2020/10/29 03:10:19:526

Connecting Started...

<<<----  [OUT]
2020/10/29 03:10:40:577

I can't connect with the passive [192.168.100.113/5000] error_code:10060 !

<<<----  [OUT]
2020/10/29 03:10:43:057

Connecting Started...

<<<----  [OUT]
2020/10/29 03:11:04:103

I can't connect with the passive [192.168.100.113/5000] error_code:10060 !

<<<----  [OUT]
2020/10/29 03:11:06:590

Connecting Started...

<<<----  [OUT]
2020/10/29 03:11:27:627

I can't connect with the passive [192.168.100.113/5000] error_code:10060 !

<<<----  [OUT]
2020/10/29 03:11:30:106

Connecting Started...

<<<----  [OUT]
2020/10/29 03:11:51:426

I can't connect with the passive [192.168.100.113/5000] error_code:10060 !

<<<----  [OUT]
2020/10/29 03:11:53:917

Connecting Started...

<<<----  [OUT]
2020/10/29 03:12:15:138

I can't connect with the passive [192.168.100.113/5000] error_code:10060 !

<<<----  [OUT]
2020/10/29 03:12:17:621

Connecting Started...

<<<----  [OUT]
2020/10/29 03:12:38:661

I can't connect with the passive [192.168.100.113/5000] error_code:10060 !

<<<----  [OUT]
2020/10/29 03:12:41:152

Connecting Started...

<<<----  [OUT]
2020/10/29 03:13:02:186

I can't connect with the passive [192.168.100.113/5000] error_code:10060 !

<<<----  [OUT]
2020/10/29 03:13:04:667

Connecting Started...

<<<----  [OUT]
2020/10/29 03:13:25:696

I can't connect with the passive [192.168.100.113/5000] error_code:10060 !

<<<----  [OUT]
2020/10/29 03:13:28:182

Connecting Started...

<<<----  [OUT]
2020/10/29 03:13:49:225

I can't connect with the passive [192.168.100.113/5000] error_code:10060 !

<<<----  [OUT]
2020/10/29 03:13:51:714

Connecting Started...

<<<----  [OUT]
2020/10/29 03:14:12:768

I can't connect with the passive [192.168.100.113/5000] error_code:10060 !

<<<----  [OUT]
2020/10/29 03:14:15:245

Connecting Started...

<<<----  [OUT]
2020/10/29 03:14:36:296

I can't connect with the passive [192.168.100.113/5000] error_code:10060 !

<<<----  [OUT]
2020/10/29 03:14:38:776

Connecting Started...

<<<----  [OUT]
2020/10/29 03:14:59:818

I can't connect with the passive [192.168.100.113/5000] error_code:10060 !

<<<----  [OUT]
2020/10/29 03:15:02:307

Connecting Started...

<<<----  [OUT]
2020/10/29 03:15:23:350

I can't connect with the passive [192.168.100.113/5000] error_code:10060 !

<<<----  [OUT]
2020/10/29 03:15:25:840

Connecting Started...

<<<----  [OUT]
2020/10/29 03:15:27:880

I can't connect with the passive [192.168.100.113/5000] error_code:10061 !

<<<----  [OUT]
2020/10/29 03:15:30:371

Connecting Started...

<<<----  [OUT]
2020/10/29 03:15:32:426

I can't connect with the passive [192.168.100.113/5000] error_code:10061 !

<<<----  [OUT]
2020/10/29 03:15:34:917

Connecting Started...

<<<----  [OUT]
2020/10/29 03:15:36:971

I can't connect with the passive [192.168.100.113/5000] error_code:10061 !

<<<----  [OUT]
2020/10/29 03:15:39:448

Connecting Started...

<<<----  [OUT]
2020/10/29 03:15:41:492

I can't connect with the passive [192.168.100.113/5000] error_code:10061 !

<<<----  [OUT]
2020/10/29 03:15:43:980

Connecting Started...

<<<----  [OUT]
2020/10/29 03:15:46:025

I can't connect with the passive [192.168.100.113/5000] error_code:10061 !

<<<----  [OUT]
2020/10/29 03:15:48:512

Connecting Started...

<<<----  [OUT]
2020/10/29 03:15:50:546

I can't connect with the passive [192.168.100.113/5000] error_code:10061 !

<<<----  [OUT]
2020/10/29 03:15:53:026

Connecting Started...

<<<----  [OUT]
2020/10/29 03:15:55:058

I can't connect with the passive [192.168.100.113/5000] error_code:10061 !

<<<----  [OUT]
2020/10/29 03:15:57:543

Connecting Started...

<<<----  [OUT]
2020/10/29 03:15:59:583

I can't connect with the passive [192.168.100.113/5000] error_code:10061 !

<<<----  [OUT]
2020/10/29 03:16:02:073

Connecting Started...

<<<----  [OUT]
2020/10/29 03:16:04:109

I can't connect with the passive [192.168.100.113/5000] error_code:10061 !

<<<----  [OUT]
2020/10/29 03:16:06:589

Connecting Started...

<<<----  [OUT]
2020/10/29 03:16:08:635

I can't connect with the passive [192.168.100.113/5000] error_code:10061 !

<<<----  [OUT]
2020/10/29 03:16:11:121

Connecting Started...

<<<----  [OUT]
2020/10/29 03:16:13:176

I can't connect with the passive [192.168.100.113/5000] error_code:10061 !

<<<----  [OUT]
2020/10/29 03:16:15:667

Connecting Started...

<<<----  [OUT]
2020/10/29 03:16:17:719

I can't connect with the passive [192.168.100.113/5000] error_code:10061 !

<<<----  [OUT]
2020/10/29 03:16:20:198

Connecting Started...

<<<----  [OUT]
2020/10/29 03:16:22:246

I can't connect with the passive [192.168.100.113/5000] error_code:10061 !

<<<----  [OUT]
2020/10/29 03:16:24:729

Connecting Started...

<<<----  [OUT]
2020/10/29 03:16:26:758

I can't connect with the passive [192.168.100.113/5000] error_code:10061 !

<<<----  [OUT]
2020/10/29 03:16:29:245

Connecting Started...

<<<----  [OUT]
2020/10/29 03:16:31:287

I can't connect with the passive [192.168.100.113/5000] error_code:10061 !

<<<----  [OUT]
2020/10/29 03:16:33:776

Connecting Started...

<<<----  [OUT]
2020/10/29 03:16:35:823

I can't connect with the passive [192.168.100.113/5000] error_code:10061 !

<<<----  [OUT]
2020/10/29 03:16:38:308

Connecting Started...

<<<----  [OUT]
2020/10/29 03:16:40:358

I can't connect with the passive [192.168.100.113/5000] error_code:10061 !

<<<----  [OUT]
2020/10/29 03:16:42:839

Connecting Started...

<<<----  [OUT]
2020/10/29 03:16:44:880

I can't connect with the passive [192.168.100.113/5000] error_code:10061 !

<<<----  [OUT]
2020/10/29 03:16:47:370

Connecting Started...

<<<----  [OUT]
2020/10/29 03:16:49:410

I can't connect with the passive [192.168.100.113/5000] error_code:10061 !

<<<----  [OUT]
2020/10/29 03:16:51:903

Connecting Started...

<<<----  [OUT]
2020/10/29 03:16:53:957

I can't connect with the passive [192.168.100.113/5000] error_code:10061 !

<<<----  [OUT]
2020/10/29 03:16:56:449

Connecting Started...

<<<----  [OUT]
2020/10/29 03:16:58:503

I can't connect with the passive [192.168.100.113/5000] error_code:10061 !

<<<----  [OUT]
2020/10/29 03:17:00:980

Connecting Started...

<<<----  [OUT]
2020/10/29 03:17:03:022

I can't connect with the passive [192.168.100.113/5000] error_code:10061 !

<<<----  [OUT]
2020/10/29 03:17:05:512

Connecting Started...

<<<----  [OUT]
2020/10/29 03:17:07:570

I can't connect with the passive [192.168.100.113/5000] error_code:10061 !

<<<----  [OUT]
2020/10/29 03:17:10:059

Connecting Started...

<<<----  [OUT]
2020/10/29 03:17:12:099

I can't connect with the passive [192.168.100.113/5000] error_code:10061 !

<<<----  [OUT]
2020/10/29 03:17:14:589

Connecting Started...

<<<----  [OUT]
2020/10/29 03:17:16:644

I can't connect with the passive [192.168.100.113/5000] error_code:10061 !

<<<----  [OUT]
2020/10/29 03:17:19:120

Connecting Started...

<<<----  [OUT]
2020/10/29 03:17:21:171

I can't connect with the passive [192.168.100.113/5000] error_code:10061 !

<<<----  [OUT]
2020/10/29 03:17:23:653

Connecting Started...

<<<----  [OUT]
2020/10/29 03:17:25:691

I can't connect with the passive [192.168.100.113/5000] error_code:10061 !

<<<----  [OUT]
2020/10/29 03:17:28:168

Connecting Started...

<<<----  [OUT]
2020/10/29 03:17:30:206

I can't connect with the passive [192.168.100.113/5000] error_code:10061 !

<<<----  [OUT]
2020/10/29 03:17:32:683

Connecting Started...

<<<----  [OUT]
2020/10/29 03:17:34:737

I can't connect with the passive [192.168.100.113/5000] error_code:10061 !

<<<----  [OUT]
2020/10/29 03:17:37:213

Connecting Started...

<<<----  [OUT]
2020/10/29 03:17:39:267

I can't connect with the passive [192.168.100.113/5000] error_code:10061 !

<<<----  [OUT]
2020/10/29 03:17:41:746

Connecting Started...

<<<----  [OUT]
2020/10/29 03:17:43:796

I can't connect with the passive [192.168.100.113/5000] error_code:10061 !

<<<----  [OUT]
2020/10/29 03:17:46:277

Connecting Started...

<<<----  [OUT]
2020/10/29 03:17:48:325

I can't connect with the passive [192.168.100.113/5000] error_code:10061 !

<<<----  [OUT]
2020/10/29 03:17:50:808

Connecting Started...

<<<----  [OUT]
2020/10/29 03:17:52:856

I can't connect with the passive [192.168.100.113/5000] error_code:10061 !

<<<----  [OUT]
2020/10/29 03:17:55:339

Connecting Started...

<<<----  [OUT]
2020/10/29 03:17:57:382

I can't connect with the passive [192.168.100.113/5000] error_code:10061 !

<<<----  [OUT]
2020/10/29 03:17:59:871

Connecting Started...

<<<----  [OUT]
2020/10/29 03:18:01:903

I can't connect with the passive [192.168.100.113/5000] error_code:10061 !

<<<----  [OUT]
2020/10/29 03:18:04:386

Connecting Started...

<<<----  [OUT]
2020/10/29 03:18:06:423

I can't connect with the passive [192.168.100.113/5000] error_code:10061 !

<<<----  [OUT]
2020/10/29 03:18:08:902

Connecting Started...

<<<----  [OUT]
2020/10/29 03:18:10:939

I can't connect with the passive [192.168.100.113/5000] error_code:10061 !

<<<----  [OUT]
2020/10/29 03:18:13:417

Connecting Started...

<<<----  [OUT]
2020/10/29 03:18:15:449

I can't connect with the passive [192.168.100.113/5000] error_code:10061 !

<<<----  [OUT]
2020/10/29 03:18:17:933

Connecting Started...

<<<----  [OUT]
2020/10/29 03:18:19:968

I can't connect with the passive [192.168.100.113/5000] error_code:10061 !

<<<----  [OUT]
2020/10/29 03:18:22:450

Connecting Started...

<<<----  [OUT]
2020/10/29 03:18:24:497

I can't connect with the passive [192.168.100.113/5000] error_code:10061 !

<<<----  [OUT]
2020/10/29 03:18:26:980

Connecting Started...

<<<----  [OUT]
2020/10/29 03:18:29:023

I can't connect with the passive [192.168.100.113/5000] error_code:10061 !

<<<----  [OUT]
2020/10/29 03:18:31:511

Connecting Started...

<<<----  [OUT]
2020/10/29 03:18:33:555

I can't connect with the passive [192.168.100.113/5000] error_code:10061 !

<<<----  [OUT]
2020/10/29 03:18:36:042

Connecting Started...

<<<----  [OUT]
2020/10/29 03:18:38:095

I can't connect with the passive [192.168.100.113/5000] error_code:10061 !

<<<----  [OUT]
2020/10/29 03:18:40:574

Connecting Started...

<<<----  [OUT]
2020/10/29 03:18:42:620

I can't connect with the passive [192.168.100.113/5000] error_code:10061 !

<<<----  [OUT]
2020/10/29 03:18:45:105

Connecting Started...

<<<----  [OUT]
2020/10/29 03:18:47:139

I can't connect with the passive [192.168.100.113/5000] error_code:10061 !

<<<----  [OUT]
2020/10/29 03:18:49:621

Connecting Started...

<<<----  [OUT]
2020/10/29 03:18:51:647

I can't connect with the passive [192.168.100.113/5000] error_code:10061 !

<<<----  [OUT]
2020/10/29 03:18:54:137

Connecting Started...

<<<----  [OUT]
2020/10/29 03:18:56:175

I can't connect with the passive [192.168.100.113/5000] error_code:10061 !

<<<----  [OUT]
2020/10/29 03:18:58:653

Connecting Started...

<<<----  [OUT]
2020/10/29 03:19:00:693

I can't connect with the passive [192.168.100.113/5000] error_code:10061 !

<<<----  [OUT]
2020/10/29 03:19:03:184

Connecting Started...

<<<----  [OUT]
2020/10/29 03:19:05:231

I can't connect with the passive [192.168.100.113/5000] error_code:10061 !

<<<----  [OUT]
2020/10/29 03:19:07:713

Connecting Started...

<<<----  [OUT]
2020/10/29 03:19:09:754

I can't connect with the passive [192.168.100.113/5000] error_code:10061 !

<<<----  [OUT]
2020/10/29 03:19:12:246

Connecting Started...

<<<----  [OUT]
2020/10/29 03:19:14:288

I can't connect with the passive [192.168.100.113/5000] error_code:10061 !

<<<----  [OUT]
2020/10/29 03:19:16:777

Connecting Started...

<<<----  [OUT]
2020/10/29 03:19:18:825

I can't connect with the passive [192.168.100.113/5000] error_code:10061 !

<<<----  [OUT]
2020/10/29 03:19:21:308

Connecting Started...

<<<----  [OUT]
2020/10/29 03:19:23:353

I can't connect with the passive [192.168.100.113/5000] error_code:10061 !

<<<----  [OUT]
2020/10/29 03:19:25:839

Connecting Started...

<<<----  [OUT]
2020/10/29 03:19:27:881

I can't connect with the passive [192.168.100.113/5000] error_code:10061 !

<<<----  [OUT]
2020/10/29 03:19:30:370

Connecting Started...

<<<----  [OUT]
2020/10/29 03:19:32:411

I can't connect with the passive [192.168.100.113/5000] error_code:10061 !

<<<----  [OUT]
2020/10/29 03:19:34:902

Connecting Started...

<<<----  [OUT]
2020/10/29 03:19:36:942

I can't connect with the passive [192.168.100.113/5000] error_code:10061 !

<<<----  [OUT]
2020/10/29 03:19:39:434

Connecting Started...

<<<----  [OUT]
2020/10/29 03:19:41:484

I can't connect with the passive [192.168.100.113/5000] error_code:10061 !

<<<----  [OUT]
2020/10/29 03:19:43:964

Connecting Started...

<<<----  [OUT]
2020/10/29 03:19:46:004

I can't connect with the passive [192.168.100.113/5000] error_code:10061 !

<<<----  [OUT]
2020/10/29 03:19:48:495

Connecting Started...

<<<----  [OUT]
2020/10/29 03:19:50:537

I can't connect with the passive [192.168.100.113/5000] error_code:10061 !

<<<----  [OUT]
2020/10/29 03:19:53:027

Connecting Started...

<<<----  [OUT]
2020/10/29 03:19:55:079

I can't connect with the passive [192.168.100.113/5000] error_code:10061 !

<<<----  [OUT]
2020/10/29 03:19:57:557

Connecting Started...

<<<----  [OUT]
2020/10/29 03:19:59:601

I can't connect with the passive [192.168.100.113/5000] error_code:10061 !

<<<----  [OUT]
2020/10/29 03:20:02:089

Connecting Started...

<<<----  [OUT]
2020/10/29 03:20:04:125

I can't connect with the passive [192.168.100.113/5000] error_code:10061 !

<<<----  [OUT]
2020/10/29 03:20:06:605

Connecting Started...

<<<----  [OUT]
2020/10/29 03:20:08:653

I can't connect with the passive [192.168.100.113/5000] error_code:10061 !

<<<----  [OUT]
2020/10/29 03:20:11:136

Connecting Started...

<<<----  [OUT]
2020/10/29 03:20:13:183

I can't connect with the passive [192.168.100.113/5000] error_code:10061 !

<<<----  [OUT]
2020/10/29 03:20:15:668

Connecting Started...

<<<----  [OUT]
2020/10/29 03:20:17:719

I can't connect with the passive [192.168.100.113/5000] error_code:10061 !

<<<----  [OUT]
2020/10/29 03:20:20:199

Connecting Started...

<<<----  [OUT]
2020/10/29 03:20:22:239

I can't connect with the passive [192.168.100.113/5000] error_code:10061 !

<<<----  [OUT]
2020/10/29 03:20:24:731

Connecting Started...

<<<----  [OUT]
2020/10/29 03:20:26:775

I can't connect with the passive [192.168.100.113/5000] error_code:10061 !

<<<----  [OUT]
2020/10/29 03:20:29:261

Connecting Started...

<<<----  [OUT]
2020/10/29 03:20:31:306

I can't connect with the passive [192.168.100.113/5000] error_code:10061 !

<<<----  [OUT]
2020/10/29 03:20:33:792

Connecting Started...

<<<----  [OUT]
2020/10/29 03:20:35:835

I can't connect with the passive [192.168.100.113/5000] error_code:10061 !

<<<----  [OUT]
2020/10/29 03:20:38:324

Connecting Started...

<<<----  [OUT]
2020/10/29 03:20:40:366

I can't connect with the passive [192.168.100.113/5000] error_code:10061 !

<<<----  [OUT]
2020/10/29 03:20:42:855

Connecting Started...

<<<----  [OUT]
2020/10/29 03:20:44:916

I can't connect with the passive [192.168.100.113/5000] error_code:10061 !

<<<----  [OUT]
2020/10/29 03:20:47:401

Connecting Started...

<<<----  [OUT]
2020/10/29 03:20:49:458

I can't connect with the passive [192.168.100.113/5000] error_code:10061 !

<<<----  [OUT]
2020/10/29 03:20:51:948

Connecting Started...

<<<----  [OUT]
2020/10/29 03:20:53:987

I can't connect with the passive [192.168.100.113/5000] error_code:10061 !

<<<----  [OUT]
2020/10/29 03:20:56:464

Connecting Started...

<<<----  [OUT]
2020/10/29 03:20:58:513

I can't connect with the passive [192.168.100.113/5000] error_code:10061 !

<<<----  [OUT]
2020/10/29 03:21:00:996

Connecting Started...

<<<----  [OUT]
2020/10/29 03:21:03:042

I can't connect with the passive [192.168.100.113/5000] error_code:10061 !

<<<----  [OUT]
2020/10/29 03:21:05:528

Connecting Started...

<<<----  [OUT]
2020/10/29 03:21:07:588

I can't connect with the passive [192.168.100.113/5000] error_code:10061 !

<<<----  [OUT]
2020/10/29 03:21:10:074

Connecting Started...

<<<----  [OUT]
2020/10/29 03:21:12:122

I can't connect with the passive [192.168.100.113/5000] error_code:10061 !

<<<----  [OUT]
2020/10/29 03:21:14:604

Connecting Started...

<<<----  [OUT]
2020/10/29 03:21:16:639

I can't connect with the passive [192.168.100.113/5000] error_code:10061 !

<<<----  [OUT]
2020/10/29 03:21:19:120

Connecting Started...

<<<----  [OUT]
2020/10/29 03:21:21:163

I can't connect with the passive [192.168.100.113/5000] error_code:10061 !

<<<----  [OUT]
2020/10/29 03:21:23:651

Connecting Started...

<<<----  [OUT]
2020/10/29 03:21:25:694

I can't connect with the passive [192.168.100.113/5000] error_code:10061 !

<<<----  [OUT]
2020/10/29 03:21:28:183

Connecting Started...

<<<----  [OUT]
2020/10/29 03:21:30:234

I can't connect with the passive [192.168.100.113/5000] error_code:10061 !

<<<----  [OUT]
2020/10/29 03:21:32:715

Connecting Started...

<<<----  [OUT]
2020/10/29 03:21:34:767

I can't connect with the passive [192.168.100.113/5000] error_code:10061 !

<<<----  [OUT]
2020/10/29 03:21:37:245

Connecting Started...

<<<----  [OUT]
2020/10/29 03:21:39:300

I can't connect with the passive [192.168.100.113/5000] error_code:10061 !

<<<----  [OUT]
2020/10/29 03:21:41:778

Connecting Started...

<<<----  [OUT]
2020/10/29 03:21:43:828

I can't connect with the passive [192.168.100.113/5000] error_code:10061 !

<<<----  [OUT]
2020/10/29 03:21:46:309

Connecting Started...

<<<----  [OUT]
2020/10/29 03:21:48:364

I can't connect with the passive [192.168.100.113/5000] error_code:10061 !

<<<----  [OUT]
2020/10/29 03:21:50:855

Connecting Started...

<<<----  [OUT]
2020/10/29 03:21:52:900

I can't connect with the passive [192.168.100.113/5000] error_code:10061 !

<<<----  [OUT]
2020/10/29 03:21:55:385

Connecting Started...

<<<----  [OUT]
2020/10/29 03:21:57:424

I can't connect with the passive [192.168.100.113/5000] error_code:10061 !

<<<----  [OUT]
2020/10/29 03:21:59:901

Connecting Started...

<<<----  [OUT]
2020/10/29 03:22:01:938

I can't connect with the passive [192.168.100.113/5000] error_code:10061 !

<<<----  [OUT]
2020/10/29 03:22:04:417

Connecting Started...

<<<----  [OUT]
2020/10/29 03:22:06:466

I can't connect with the passive [192.168.100.113/5000] error_code:10061 !

<<<----  [OUT]
2020/10/29 03:22:08:948

Connecting Started...

<<<----  [OUT]
2020/10/29 03:22:11:004

I can't connect with the passive [192.168.100.113/5000] error_code:10061 !

<<<----  [OUT]
2020/10/29 03:22:13:479

Connecting Started...

<<<----  [OUT]
2020/10/29 03:22:15:525

I can't connect with the passive [192.168.100.113/5000] error_code:10061 !

<<<----  [OUT]
2020/10/29 03:22:18:011

Connecting Started...

<<<----  [OUT]
2020/10/29 03:22:20:048

I can't connect with the passive [192.168.100.113/5000] error_code:10061 !

<<<----  [OUT]
2020/10/29 03:22:22:528

Connecting Started...

<<<----  [OUT]
2020/10/29 03:22:24:560

I can't connect with the passive [192.168.100.113/5000] error_code:10061 !

<<<----  [OUT]
2020/10/29 03:22:27:043

Connecting Started...

<<<----  [OUT]
2020/10/29 03:22:29:090

I can't connect with the passive [192.168.100.113/5000] error_code:10061 !

<<<----  [OUT]
2020/10/29 03:22:31:574

Connecting Started...

<<<----  [OUT]
2020/10/29 03:22:33:627

I can't connect with the passive [192.168.100.113/5000] error_code:10061 !

<<<----  [OUT]
2020/10/29 03:22:36:105

Connecting Started...

<<<----  [OUT]
2020/10/29 03:22:38:161

I can't connect with the passive [192.168.100.113/5000] error_code:10061 !

<<<----  [OUT]
2020/10/29 03:22:40:652

Connecting Started...

<<<----  [OUT]
2020/10/29 03:22:42:710

I can't connect with the passive [192.168.100.113/5000] error_code:10061 !

<<<----  [OUT]
2020/10/29 03:22:45:199

Connecting Started...

<<<----  [OUT]
2020/10/29 03:22:47:249

I can't connect with the passive [192.168.100.113/5000] error_code:10061 !

<<<----  [OUT]
2020/10/29 03:22:49:729

Connecting Started...

<<<----  [OUT]
2020/10/29 03:22:51:771

I can't connect with the passive [192.168.100.113/5000] error_code:10061 !

<<<----  [OUT]
2020/10/29 03:22:54:261

Connecting Started...

<<<----  [OUT]
2020/10/29 03:22:56:294

I can't connect with the passive [192.168.100.113/5000] error_code:10061 !

<<<----  [OUT]
2020/10/29 03:22:58:777

Connecting Started...

<<<----  [OUT]
2020/10/29 03:23:00:820

I can't connect with the passive [192.168.100.113/5000] error_code:10061 !

<<<----  [OUT]
2020/10/29 03:23:03:309

Connecting Started...

<<<----  [OUT]
2020/10/29 03:23:05:353

I can't connect with the passive [192.168.100.113/5000] error_code:10061 !

<<<----  [OUT]
2020/10/29 03:23:07:839

Connecting Started...

<<<----  [OUT]
2020/10/29 03:23:09:878

I can't connect with the passive [192.168.100.113/5000] error_code:10061 !

<<<----  [OUT]
2020/10/29 03:23:12:356

Connecting Started...

<<<----  [OUT]
2020/10/29 03:23:14:404

I can't connect with the passive [192.168.100.113/5000] error_code:10061 !

<<<----  [OUT]
2020/10/29 03:23:16:886

Connecting Started...

<<<----  [OUT]
2020/10/29 03:23:18:925

I can't connect with the passive [192.168.100.113/5000] error_code:10061 !

<<<----  [OUT]
2020/10/29 03:23:21:401

Connecting Started...

<<<----  [OUT]
2020/10/29 03:23:23:446

I can't connect with the passive [192.168.100.113/5000] error_code:10061 !

<<<----  [OUT]
2020/10/29 03:23:25:933

Connecting Started...

<<<----  [OUT]
2020/10/29 03:23:27:990

I can't connect with the passive [192.168.100.113/5000] error_code:10061 !

<<<----  [OUT]
2020/10/29 03:23:30:479

Connecting Started...

<<<----  [OUT]
2020/10/29 03:23:32:532

I can't connect with the passive [192.168.100.113/5000] error_code:10061 !

<<<----  [OUT]
2020/10/29 03:23:35:011

Connecting Started...

<<<----  [OUT]
2020/10/29 03:23:37:047

I can't connect with the passive [192.168.100.113/5000] error_code:10061 !

<<<----  [OUT]
2020/10/29 03:23:39:527

Connecting Started...

<<<----  [OUT]
2020/10/29 03:23:41:571

I can't connect with the passive [192.168.100.113/5000] error_code:10061 !

<<<----  [OUT]
2020/10/29 03:23:44:059

Connecting Started...

<<<----  [OUT]
2020/10/29 03:23:46:106

I can't connect with the passive [192.168.100.113/5000] error_code:10061 !

<<<----  [OUT]
2020/10/29 03:23:48:590

Connecting Started...

<<<----  [OUT]
2020/10/29 03:23:50:647

I can't connect with the passive [192.168.100.113/5000] error_code:10061 !

<<<----  [OUT]
2020/10/29 03:23:53:135

Connecting Started...

<<<----  [OUT]
2020/10/29 03:23:55:175

I can't connect with the passive [192.168.100.113/5000] error_code:10061 !

<<<----  [OUT]
2020/10/29 03:23:57:651

Connecting Started...

<<<----  [OUT]
2020/10/29 03:23:59:706

I can't connect with the passive [192.168.100.113/5000] error_code:10061 !

<<<----  [OUT]
2020/10/29 03:24:02:182

Connecting Started...

<<<----  [OUT]
2020/10/29 03:24:04:213

I can't connect with the passive [192.168.100.113/5000] error_code:10061 !

<<<----  [OUT]
2020/10/29 03:24:06:699

Connecting Started...

<<<----  [OUT]
2020/10/29 03:24:08:753

I can't connect with the passive [192.168.100.113/5000] error_code:10061 !

<<<----  [OUT]
2020/10/29 03:24:11:230

Connecting Started...

<<<----  [OUT]
2020/10/29 03:24:13:284

I can't connect with the passive [192.168.100.113/5000] error_code:10061 !

<<<----  [OUT]
2020/10/29 03:24:15:761

Connecting Started...

<<<----  [OUT]
2020/10/29 03:24:17:819

I can't connect with the passive [192.168.100.113/5000] error_code:10061 !

<<<----  [OUT]
2020/10/29 03:24:20:307

Connecting Started...

<<<----  [OUT]
2020/10/29 03:24:22:354

I can't connect with the passive [192.168.100.113/5000] error_code:10061 !

<<<----  [OUT]
2020/10/29 03:24:24:840

Connecting Started...

<<<----  [OUT]
2020/10/29 03:24:26:897

I can't connect with the passive [192.168.100.113/5000] error_code:10061 !

<<<----  [OUT]
2020/10/29 03:24:29:387

Connecting Started...

<<<----  [OUT]
2020/10/29 03:24:31:432

I can't connect with the passive [192.168.100.113/5000] error_code:10061 !

<<<----  [OUT]
2020/10/29 03:24:33:918

Connecting Started...

<<<----  [OUT]
2020/10/29 03:24:35:958

I can't connect with the passive [192.168.100.113/5000] error_code:10061 !

<<<----  [OUT]
2020/10/29 03:24:38:449

Connecting Started...

<<<----  [OUT]
2020/10/29 03:24:40:478

I can't connect with the passive [192.168.100.113/5000] error_code:10061 !

<<<----  [OUT]
2020/10/29 03:24:42:964

Connecting Started...

<<<----  [OUT]
2020/10/29 03:24:45:002

I can't connect with the passive [192.168.100.113/5000] error_code:10061 !

<<<----  [OUT]
2020/10/29 03:24:47:480

Connecting Started...

<<<----  [OUT]
2020/10/29 03:24:49:526

I can't connect with the passive [192.168.100.113/5000] error_code:10061 !

<<<----  [OUT]
2020/10/29 03:24:52:011

Connecting Started...

<<<----  [OUT]
2020/10/29 03:24:54:053

I can't connect with the passive [192.168.100.113/5000] error_code:10061 !

<<<----  [OUT]
2020/10/29 03:24:56:542

Connecting Started...

<<<----  [OUT]
2020/10/29 03:24:58:593

I can't connect with the passive [192.168.100.113/5000] error_code:10061 !

<<<----  [OUT]
2020/10/29 03:25:01:074

Connecting Started...

<<<----  [OUT]
2020/10/29 03:25:03:112

I can't connect with the passive [192.168.100.113/5000] error_code:10061 !

<<<----  [OUT]
2020/10/29 03:25:05:589

Connecting Started...

<<<----  [OUT]
2020/10/29 03:25:07:640

I can't connect with the passive [192.168.100.113/5000] error_code:10061 !

<<<----  [OUT]
2020/10/29 03:25:10:120

Connecting Started...

<<<----  [OUT]
2020/10/29 03:25:12:145

I can't connect with the passive [192.168.100.113/5000] error_code:10061 !

<<<----  [OUT]
2020/10/29 03:25:14:637

Connecting Started...

<<<----  [OUT]
2020/10/29 03:25:16:681

I can't connect with the passive [192.168.100.113/5000] error_code:10061 !

<<<----  [OUT]
2020/10/29 03:25:19:167

Connecting Started...

<<<----  [OUT]
2020/10/29 03:25:21:208

I can't connect with the passive [192.168.100.113/5000] error_code:10061 !

<<<----  [OUT]
2020/10/29 03:25:23:699

Connecting Started...

<<<----  [OUT]
2020/10/29 03:25:25:745

I can't connect with the passive [192.168.100.113/5000] error_code:10061 !

<<<----  [OUT]
2020/10/29 03:25:28:229

Connecting Started...

<<<----  [OUT]
2020/10/29 03:25:30:285

I can't connect with the passive [192.168.100.113/5000] error_code:10061 !

<<<----  [OUT]
2020/10/29 03:25:32:761

Connecting Started...

<<<----  [OUT]
2020/10/29 03:25:34:816

I can't connect with the passive [192.168.100.113/5000] error_code:10061 !

<<<----  [OUT]
2020/10/29 03:25:37:293

Connecting Started...

<<<----  [OUT]
2020/10/29 03:25:39:348

I can't connect with the passive [192.168.100.113/5000] error_code:10061 !

<<<----  [OUT]
2020/10/29 03:25:41:840

Connecting Started...

<<<----  [OUT]
2020/10/29 03:25:43:888

I can't connect with the passive [192.168.100.113/5000] error_code:10061 !

<<<----  [OUT]
2020/10/29 03:25:46:371

Connecting Started...

<<<----  [OUT]
2020/10/29 03:25:48:415

I can't connect with the passive [192.168.100.113/5000] error_code:10061 !

<<<----  [OUT]
2020/10/29 03:25:50:902

Connecting Started...

<<<----  [OUT]
2020/10/29 03:25:52:952

I can't connect with the passive [192.168.100.113/5000] error_code:10061 !

<<<----  [OUT]
2020/10/29 03:25:55:433

Connecting Started...

<<<----  [OUT]
2020/10/29 03:25:57:481

I can't connect with the passive [192.168.100.113/5000] error_code:10061 !

<<<----  [OUT]
2020/10/29 03:25:59:964

Connecting Started...

<<<----  [OUT]
2020/10/29 03:26:02:000

I can't connect with the passive [192.168.100.113/5000] error_code:10061 !

<<<----  [OUT]
2020/10/29 03:26:04:480

Connecting Started...

<<<----  [OUT]
2020/10/29 03:26:06:523

I can't connect with the passive [192.168.100.113/5000] error_code:10061 !

<<<----  [OUT]
2020/10/29 03:26:09:011

Connecting Started...

<<<----  [OUT]
2020/10/29 03:26:11:067

I can't connect with the passive [192.168.100.113/5000] error_code:10061 !

<<<----  [OUT]
2020/10/29 03:26:13:557

Connecting Started...

<<<----  [OUT]
2020/10/29 03:26:15:595

I can't connect with the passive [192.168.100.113/5000] error_code:10061 !

<<<----  [OUT]
2020/10/29 03:26:18:073

Connecting Started...

<<<----  [OUT]
2020/10/29 03:26:20:105

I can't connect with the passive [192.168.100.113/5000] error_code:10061 !

<<<----  [OUT]
2020/10/29 03:26:22:589

Connecting Started...

<<<----  [OUT]
2020/10/29 03:26:24:627

I can't connect with the passive [192.168.100.113/5000] error_code:10061 !

<<<----  [OUT]
2020/10/29 03:26:27:105

Connecting Started...

<<<----  [OUT]
2020/10/29 03:26:29:156

I can't connect with the passive [192.168.100.113/5000] error_code:10061 !

<<<----  [OUT]
2020/10/29 03:26:31:636

Connecting Started...

<<<----  [OUT]
2020/10/29 03:26:33:678

I can't connect with the passive [192.168.100.113/5000] error_code:10061 !

<<<----  [OUT]
2020/10/29 03:26:36:167

Connecting Started...

<<<----  [OUT]
2020/10/29 03:26:38:216

I can't connect with the passive [192.168.100.113/5000] error_code:10061 !

<<<----  [OUT]
2020/10/29 03:26:40:699

Connecting Started...

<<<----  [OUT]
2020/10/29 03:26:42:725

I can't connect with the passive [192.168.100.113/5000] error_code:10061 !

<<<----  [OUT]
2020/10/29 03:26:45:213

Connecting Started...

<<<----  [OUT]
2020/10/29 03:26:47:264

I can't connect with the passive [192.168.100.113/5000] error_code:10061 !

<<<----  [OUT]
2020/10/29 03:26:49:746

Connecting Started...

<<<----  [OUT]
2020/10/29 03:26:51:788

I can't connect with the passive [192.168.100.113/5000] error_code:10061 !

<<<----  [OUT]
2020/10/29 03:26:54:276

Connecting Started...

<<<----  [OUT]
2020/10/29 03:26:56:311

I can't connect with the passive [192.168.100.113/5000] error_code:10061 !

<<<----  [OUT]
2020/10/29 03:26:58:791

Connecting Started...

<<<----  [OUT]
2020/10/29 03:27:00:847

I can't connect with the passive [192.168.100.113/5000] error_code:10061 !

<<<----  [OUT]
2020/10/29 03:27:03:323

Connecting Started...

<<<----  [OUT]
2020/10/29 03:27:05:369

I can't connect with the passive [192.168.100.113/5000] error_code:10061 !

<<<----  [OUT]
2020/10/29 03:27:07:854

Connecting Started...

<<<----  [OUT]
2020/10/29 03:27:09:906

I can't connect with the passive [192.168.100.113/5000] error_code:10061 !

<<<----  [OUT]
2020/10/29 03:27:12:386

Connecting Started...

<<<----  [OUT]
2020/10/29 03:27:14:431

I can't connect with the passive [192.168.100.113/5000] error_code:10061 !

<<<----  [OUT]
2020/10/29 03:27:16:917

Connecting Started...

<<<----  [OUT]
2020/10/29 03:27:18:959

I can't connect with the passive [192.168.100.113/5000] error_code:10061 !

<<<----  [OUT]
2020/10/29 03:27:21:449

Connecting Started...

<<<----  [OUT]
2020/10/29 03:27:23:491

I can't connect with the passive [192.168.100.113/5000] error_code:10061 !

<<<----  [OUT]
2020/10/29 03:27:25:980

Connecting Started...

<<<----  [OUT]
2020/10/29 03:27:28:033

I can't connect with the passive [192.168.100.113/5000] error_code:10061 !

<<<----  [OUT]
2020/10/29 03:27:30:511

Connecting Started...

<<<----  [OUT]
2020/10/29 03:27:32:548

I can't connect with the passive [192.168.100.113/5000] error_code:10061 !

<<<----  [OUT]
2020/10/29 03:27:35:027

Connecting Started...

<<<----  [OUT]
2020/10/29 03:27:37:077

I can't connect with the passive [192.168.100.113/5000] error_code:10061 !

<<<----  [OUT]
2020/10/29 03:27:39:557

Connecting Started...

<<<----  [OUT]
2020/10/29 03:27:41:599

I can't connect with the passive [192.168.100.113/5000] error_code:10061 !

<<<----  [OUT]
2020/10/29 03:27:44:089

Connecting Started...

<<<----  [OUT]
2020/10/29 03:27:46:144

I can't connect with the passive [192.168.100.113/5000] error_code:10061 !

<<<----  [OUT]
2020/10/29 03:27:48:620

Connecting Started...

<<<----  [OUT]
2020/10/29 03:27:50:675

I can't connect with the passive [192.168.100.113/5000] error_code:10061 !

<<<----  [OUT]
2020/10/29 03:27:53:151

Connecting Started...

<<<----  [OUT]
2020/10/29 03:27:55:192

I can't connect with the passive [192.168.100.113/5000] error_code:10061 !

<<<----  [OUT]
2020/10/29 03:27:57:683

Connecting Started...

<<<----  [OUT]
2020/10/29 03:27:59:722

I can't connect with the passive [192.168.100.113/5000] error_code:10061 !

<<<----  [OUT]
2020/10/29 03:28:02:198

Connecting Started...

<<<----  [OUT]
2020/10/29 03:28:04:237

I can't connect with the passive [192.168.100.113/5000] error_code:10061 !

<<<----  [OUT]
2020/10/29 03:28:06:714

Connecting Started...

<<<----  [OUT]
2020/10/29 03:28:08:774

I can't connect with the passive [192.168.100.113/5000] error_code:10061 !

<<<----  [OUT]
2020/10/29 03:28:11:262

Connecting Started...

<<<----  [OUT]
2020/10/29 03:28:13:305

I can't connect with the passive [192.168.100.113/5000] error_code:10061 !

<<<----  [OUT]
2020/10/29 03:28:15:793

Connecting Started...

<<<----  [OUT]
2020/10/29 03:28:17:837

I can't connect with the passive [192.168.100.113/5000] error_code:10061 !

<<<----  [OUT]
2020/10/29 03:28:20:323

Connecting Started...

<<<----  [OUT]
2020/10/29 03:28:22:368

I can't connect with the passive [192.168.100.113/5000] error_code:10061 !

<<<----  [OUT]
2020/10/29 03:28:24:855

Connecting Started...

<<<----  [OUT]
2020/10/29 03:28:26:913

I can't connect with the passive [192.168.100.113/5000] error_code:10061 !

<<<----  [OUT]
2020/10/29 03:28:29:402

Connecting Started...

<<<----  [OUT]
2020/10/29 03:28:31:444

I can't connect with the passive [192.168.100.113/5000] error_code:10061 !

<<<----  [OUT]
2020/10/29 03:28:33:933

Connecting Started...

<<<----  [OUT]
2020/10/29 03:28:35:973

I can't connect with the passive [192.168.100.113/5000] error_code:10061 !

<<<----  [OUT]
2020/10/29 03:28:38:464

Connecting Started...

<<<----  [OUT]
2020/10/29 03:28:40:516

I can't connect with the passive [192.168.100.113/5000] error_code:10061 !

<<<----  [OUT]
2020/10/29 03:28:42:995

Connecting Started...

<<<----  [OUT]
2020/10/29 03:28:45:044

I can't connect with the passive [192.168.100.113/5000] error_code:10061 !

<<<----  [OUT]
2020/10/29 03:28:47:528

Connecting Started...

<<<----  [OUT]
2020/10/29 03:28:49:562

I can't connect with the passive [192.168.100.113/5000] error_code:10061 !

<<<----  [OUT]
2020/10/29 03:28:52:042

Connecting Started...

<<<----  [OUT]
2020/10/29 03:28:54:093

I can't connect with the passive [192.168.100.113/5000] error_code:10061 !

<<<----  [OUT]
2020/10/29 03:28:56:575

Connecting Started...

<<<----  [OUT]
2020/10/29 03:28:58:626

I can't connect with the passive [192.168.100.113/5000] error_code:10061 !

<<<----  [OUT]
2020/10/29 03:29:01:105

Connecting Started...

<<<----  [OUT]
2020/10/29 03:29:03:156

I can't connect with the passive [192.168.100.113/5000] error_code:10061 !

<<<----  [OUT]
2020/10/29 03:29:05:635

Connecting Started...

<<<----  [OUT]
2020/10/29 03:29:07:686

I can't connect with the passive [192.168.100.113/5000] error_code:10061 !

<<<----  [OUT]
2020/10/29 03:29:10:168

Connecting Started...

<<<----  [OUT]
2020/10/29 03:29:12:205

I can't connect with the passive [192.168.100.113/5000] error_code:10061 !

<<<----  [OUT]
2020/10/29 03:29:14:684

Connecting Started...

<<<----  [OUT]
2020/10/29 03:29:16:731

I can't connect with the passive [192.168.100.113/5000] error_code:10061 !

<<<----  [OUT]
2020/10/29 03:29:19:214

Connecting Started...

<<<----  [OUT]
2020/10/29 03:29:21:265

I can't connect with the passive [192.168.100.113/5000] error_code:10061 !

<<<----  [OUT]
2020/10/29 03:29:23:746

Connecting Started...

<<<----  [OUT]
2020/10/29 03:29:25:786

I can't connect with the passive [192.168.100.113/5000] error_code:10061 !

<<<----  [OUT]
2020/10/29 03:29:28:277

Connecting Started...

<<<----  [OUT]
2020/10/29 03:29:30:326

I can't connect with the passive [192.168.100.113/5000] error_code:10061 !

<<<----  [OUT]
2020/10/29 03:29:32:808

Connecting Started...

<<<----  [OUT]
2020/10/29 03:29:34:862

I can't connect with the passive [192.168.100.113/5000] error_code:10061 !

<<<----  [OUT]
2020/10/29 03:29:37:339

Connecting Started...

<<<----  [OUT]
2020/10/29 03:29:39:394

I can't connect with the passive [192.168.100.113/5000] error_code:10061 !

<<<----  [OUT]
2020/10/29 03:29:41:871

Connecting Started...

<<<----  [OUT]
2020/10/29 03:29:43:920

I can't connect with the passive [192.168.100.113/5000] error_code:10061 !

<<<----  [OUT]
2020/10/29 03:29:46:401

Connecting Started...

<<<----  [OUT]
2020/10/29 03:29:48:458

I can't connect with the passive [192.168.100.113/5000] error_code:10061 !

<<<----  [OUT]
2020/10/29 03:29:50:949

Connecting Started...

<<<----  [OUT]
2020/10/29 03:29:52:990

I can't connect with the passive [192.168.100.113/5000] error_code:10061 !

<<<----  [OUT]
2020/10/29 03:29:55:480

Connecting Started...

<<<----  [OUT]
2020/10/29 03:29:57:528

I can't connect with the passive [192.168.100.113/5000] error_code:10061 !

<<<----  [OUT]
2020/10/29 03:30:00:011

Connecting Started...

<<<----  [OUT]
2020/10/29 03:30:02:045

I can't connect with the passive [192.168.100.113/5000] error_code:10061 !

<<<----  [OUT]
2020/10/29 03:30:04:528

Connecting Started...

<<<----  [OUT]
2020/10/29 03:30:06:575

I can't connect with the passive [192.168.100.113/5000] error_code:10061 !

<<<----  [OUT]
2020/10/29 03:30:09:059

Connecting Started...

<<<----  [OUT]
2020/10/29 03:30:11:107

I can't connect with the passive [192.168.100.113/5000] error_code:10061 !

<<<----  [OUT]
2020/10/29 03:30:13:589

Connecting Started...

<<<----  [OUT]
2020/10/29 03:30:15:632

I can't connect with the passive [192.168.100.113/5000] error_code:10061 !

<<<----  [OUT]
2020/10/29 03:30:18:120

Connecting Started...

<<<----  [OUT]
2020/10/29 03:30:20:177

I can't connect with the passive [192.168.100.113/5000] error_code:10061 !

<<<----  [OUT]
2020/10/29 03:30:22:667

Connecting Started...

<<<----  [OUT]
2020/10/29 03:30:24:710

I can't connect with the passive [192.168.100.113/5000] error_code:10061 !

<<<----  [OUT]
2020/10/29 03:30:27:199

Connecting Started...

<<<----  [OUT]
2020/10/29 03:30:29:254

I can't connect with the passive [192.168.100.113/5000] error_code:10061 !

<<<----  [OUT]
2020/10/29 03:30:31:729

Connecting Started...

<<<----  [OUT]
2020/10/29 03:30:33:781

I can't connect with the passive [192.168.100.113/5000] error_code:10061 !

<<<----  [OUT]
2020/10/29 03:30:36:261

Connecting Started...

<<<----  [OUT]
2020/10/29 03:30:38:303

I can't connect with the passive [192.168.100.113/5000] error_code:10061 !

<<<----  [OUT]
2020/10/29 03:30:40:792

Connecting Started...

<<<----  [OUT]
2020/10/29 03:30:42:823

I can't connect with the passive [192.168.100.113/5000] error_code:10061 !

<<<----  [OUT]
2020/10/29 03:30:45:308

Connecting Started...

<<<----  [OUT]
2020/10/29 03:30:47:353

I can't connect with the passive [192.168.100.113/5000] error_code:10061 !

<<<----  [OUT]
2020/10/29 03:30:49:840

Connecting Started...

<<<----  [OUT]
2020/10/29 03:30:51:881

I can't connect with the passive [192.168.100.113/5000] error_code:10061 !

<<<----  [OUT]
2020/10/29 03:30:54:369

Connecting Started...

<<<----  [OUT]
2020/10/29 03:30:56:412

I can't connect with the passive [192.168.100.113/5000] error_code:10061 !

<<<----  [OUT]
2020/10/29 03:30:58:903

Connecting Started...

<<<----  [OUT]
2020/10/29 03:31:00:937

I can't connect with the passive [192.168.100.113/5000] error_code:10061 !

<<<----  [OUT]
2020/10/29 03:31:03:418

Connecting Started...

<<<----  [OUT]
2020/10/29 03:31:05:465

I can't connect with the passive [192.168.100.113/5000] error_code:10061 !

<<<----  [OUT]
2020/10/29 03:31:07:948

Connecting Started...

<<<----  [OUT]
2020/10/29 03:31:09:991

I can't connect with the passive [192.168.100.113/5000] error_code:10061 !

<<<----  [OUT]
2020/10/29 03:31:12:480

Connecting Started...

<<<----  [OUT]
2020/10/29 03:31:14:534

I can't connect with the passive [192.168.100.113/5000] error_code:10061 !

<<<----  [OUT]
2020/10/29 03:31:17:012

Connecting Started...

<<<----  [OUT]
2020/10/29 03:31:19:051

I can't connect with the passive [192.168.100.113/5000] error_code:10061 !

<<<----  [OUT]
2020/10/29 03:31:21:527

Connecting Started...

<<<----  [OUT]
2020/10/29 03:31:23:569

I can't connect with the passive [192.168.100.113/5000] error_code:10061 !

<<<----  [OUT]
2020/10/29 03:31:26:058

Connecting Started...

<<<----  [OUT]
2020/10/29 03:31:28:100

I can't connect with the passive [192.168.100.113/5000] error_code:10061 !

<<<----  [OUT]
2020/10/29 03:31:30:589

Connecting Started...

<<<----  [OUT]
2020/10/29 03:31:32:637

I can't connect with the passive [192.168.100.113/5000] error_code:10061 !

<<<----  [OUT]
2020/10/29 03:31:35:121

Connecting Started...

<<<----  [OUT]
2020/10/29 03:31:37:159

I can't connect with the passive [192.168.100.113/5000] error_code:10061 !

<<<----  [OUT]
2020/10/29 03:31:39:635

Connecting Started...

<<<----  [OUT]
2020/10/29 03:31:41:690

I can't connect with the passive [192.168.100.113/5000] error_code:10061 !

<<<----  [OUT]
2020/10/29 03:31:44:167

Connecting Started...

<<<----  [OUT]
2020/10/29 03:31:46:212

I can't connect with the passive [192.168.100.113/5000] error_code:10061 !

<<<----  [OUT]
2020/10/29 03:31:48:699

Connecting Started...

<<<----  [OUT]
2020/10/29 03:31:50:756

I can't connect with the passive [192.168.100.113/5000] error_code:10061 !

<<<----  [OUT]
2020/10/29 03:31:53:246

Connecting Started...

<<<----  [OUT]
2020/10/29 03:31:55:288

I can't connect with the passive [192.168.100.113/5000] error_code:10061 !

<<<----  [OUT]
2020/10/29 03:31:57:776

Connecting Started...

<<<----  [OUT]
2020/10/29 03:31:59:819

I can't connect with the passive [192.168.100.113/5000] error_code:10061 !

<<<----  [OUT]
2020/10/29 03:32:02:309

Connecting Started...

<<<----  [OUT]
2020/10/29 03:32:04:354

I can't connect with the passive [192.168.100.113/5000] error_code:10061 !

<<<----  [OUT]
2020/10/29 03:32:06:839

Connecting Started...

<<<----  [OUT]
2020/10/29 03:32:08:884

I can't connect with the passive [192.168.100.113/5000] error_code:10061 !

<<<----  [OUT]
2020/10/29 03:32:11:371

Connecting Started...

<<<----  [OUT]
2020/10/29 03:32:13:404

I can't connect with the passive [192.168.100.113/5000] error_code:10061 !

<<<----  [OUT]
2020/10/29 03:32:15:886

Connecting Started...

<<<----  [OUT]
2020/10/29 03:32:17:931

I can't connect with the passive [192.168.100.113/5000] error_code:10061 !

<<<----  [OUT]
2020/10/29 03:32:20:416

Connecting Started...

<<<----  [OUT]
2020/10/29 03:32:22:447

I can't connect with the passive [192.168.100.113/5000] error_code:10061 !

<<<----  [OUT]
2020/10/29 03:32:24:933

Connecting Started...

<<<----  [OUT]
2020/10/29 03:32:26:972

I can't connect with the passive [192.168.100.113/5000] error_code:10061 !

<<<----  [OUT]
2020/10/29 03:32:29:449

Connecting Started...

<<<----  [OUT]
2020/10/29 03:32:31:500

I can't connect with the passive [192.168.100.113/5000] error_code:10061 !

<<<----  [OUT]
2020/10/29 03:32:33:980

Connecting Started...

<<<----  [OUT]
2020/10/29 03:32:36:028

I can't connect with the passive [192.168.100.113/5000] error_code:10061 !

<<<----  [OUT]
2020/10/29 03:32:38:511

Connecting Started...

<<<----  [OUT]
2020/10/29 03:32:40:554

I can't connect with the passive [192.168.100.113/5000] error_code:10061 !

<<<----  [OUT]
2020/10/29 03:32:43:043

Connecting Started...

<<<----  [OUT]
2020/10/29 03:32:45:085

I can't connect with the passive [192.168.100.113/5000] error_code:10061 !

<<<----  [OUT]
2020/10/29 03:32:47:574

Connecting Started...

<<<----  [OUT]
2020/10/29 03:32:49:606

I can't connect with the passive [192.168.100.113/5000] error_code:10061 !

<<<----  [OUT]
2020/10/29 03:32:52:089

Connecting Started...

<<<----  [OUT]
2020/10/29 03:32:54:133

I can't connect with the passive [192.168.100.113/5000] error_code:10061 !

<<<----  [OUT]
2020/10/29 03:32:56:621

Connecting Started...

<<<----  [OUT]
2020/10/29 03:32:58:669

I can't connect with the passive [192.168.100.113/5000] error_code:10061 !

<<<----  [OUT]
2020/10/29 03:33:01:153

Connecting Started...

<<<----  [OUT]
2020/10/29 03:33:03:202

I can't connect with the passive [192.168.100.113/5000] error_code:10061 !

<<<----  [OUT]
2020/10/29 03:33:05:683

Connecting Started...

<<<----  [OUT]
2020/10/29 03:33:07:732

I can't connect with the passive [192.168.100.113/5000] error_code:10061 !

<<<----  [OUT]
2020/10/29 03:33:10:214

Connecting Started...

<<<----  [OUT]
2020/10/29 03:33:12:261

I can't connect with the passive [192.168.100.113/5000] error_code:10061 !

<<<----  [OUT]
2020/10/29 03:33:14:746

Connecting Started...

<<<----  [OUT]
2020/10/29 03:33:16:783

I can't connect with the passive [192.168.100.113/5000] error_code:10061 !

<<<----  [OUT]
2020/10/29 03:33:19:261

Connecting Started...

<<<----  [OUT]
2020/10/29 03:33:21:311

I can't connect with the passive [192.168.100.113/5000] error_code:10061 !

<<<----  [OUT]
2020/10/29 03:33:23:792

Connecting Started...

<<<----  [OUT]
2020/10/29 03:33:25:843

I can't connect with the passive [192.168.100.113/5000] error_code:10061 !

<<<----  [OUT]
2020/10/29 03:33:28:323

Connecting Started...

<<<----  [OUT]
2020/10/29 03:33:30:371

I can't connect with the passive [192.168.100.113/5000] error_code:10061 !

<<<----  [OUT]
2020/10/29 03:33:32:856

Connecting Started...

<<<----  [OUT]
2020/10/29 03:33:34:906

I can't connect with the passive [192.168.100.113/5000] error_code:10061 !

<<<----  [OUT]
2020/10/29 03:33:37:387

Connecting Started...

<<<----  [OUT]
2020/10/29 03:33:39:421

I can't connect with the passive [192.168.100.113/5000] error_code:10061 !

<<<----  [OUT]
2020/10/29 03:33:41:903

Connecting Started...

<<<----  [OUT]
2020/10/29 03:33:43:953

I can't connect with the passive [192.168.100.113/5000] error_code:10061 !

<<<----  [OUT]
2020/10/29 03:33:46:434

Connecting Started...

<<<----  [OUT]
2020/10/29 03:33:48:483

I can't connect with the passive [192.168.100.113/5000] error_code:10061 !

<<<----  [OUT]
2020/10/29 03:33:50:964

Connecting Started...

<<<----  [OUT]
2020/10/29 03:33:53:012

I can't connect with the passive [192.168.100.113/5000] error_code:10061 !

<<<----  [OUT]
2020/10/29 03:33:55:496

Connecting Started...

<<<----  [OUT]
2020/10/29 03:33:57:552

I can't connect with the passive [192.168.100.113/5000] error_code:10061 !

<<<----  [OUT]
2020/10/29 03:34:00:042

Connecting Started...

<<<----  [OUT]
2020/10/29 03:34:02:085

I can't connect with the passive [192.168.100.113/5000] error_code:10061 !

<<<----  [OUT]
2020/10/29 03:34:04:573

Connecting Started...

<<<----  [OUT]
2020/10/29 03:34:06:619

I can't connect with the passive [192.168.100.113/5000] error_code:10061 !

<<<----  [OUT]
2020/10/29 03:34:09:104

Connecting Started...

<<<----  [OUT]
2020/10/29 03:34:11:161

I can't connect with the passive [192.168.100.113/5000] error_code:10061 !

<<<----  [OUT]
2020/10/29 03:34:13:651

Connecting Started...

<<<----  [OUT]
2020/10/29 03:34:15:700

I can't connect with the passive [192.168.100.113/5000] error_code:10061 !

<<<----  [OUT]
2020/10/29 03:34:18:183

Connecting Started...

<<<----  [OUT]
2020/10/29 03:34:20:224

I can't connect with the passive [192.168.100.113/5000] error_code:10061 !

<<<----  [OUT]
2020/10/29 03:34:22:715

Connecting Started...

<<<----  [OUT]
2020/10/29 03:34:24:755

I can't connect with the passive [192.168.100.113/5000] error_code:10061 !

<<<----  [OUT]
2020/10/29 03:34:27:246

Connecting Started...

<<<----  [OUT]
2020/10/29 03:34:29:303

I can't connect with the passive [192.168.100.113/5000] error_code:10061 !

<<<----  [OUT]
2020/10/29 03:34:31:792

Connecting Started...

<<<----  [OUT]
2020/10/29 03:34:33:847

I can't connect with the passive [192.168.100.113/5000] error_code:10061 !

<<<----  [OUT]
2020/10/29 03:34:36:323

Connecting Started...

<<<----  [OUT]
2020/10/29 03:34:38:365

I can't connect with the passive [192.168.100.113/5000] error_code:10061 !

<<<----  [OUT]
2020/10/29 03:34:40:855

Connecting Started...

<<<----  [OUT]
2020/10/29 03:34:42:911

I can't connect with the passive [192.168.100.113/5000] error_code:10061 !

<<<----  [OUT]
2020/10/29 03:34:45:402

Connecting Started...

<<<----  [OUT]
2020/10/29 03:34:47:456

I can't connect with the passive [192.168.100.113/5000] error_code:10061 !

<<<----  [OUT]
2020/10/29 03:34:49:934

Connecting Started...

<<<----  [OUT]
2020/10/29 03:34:51:981

I can't connect with the passive [192.168.100.113/5000] error_code:10061 !

<<<----  [OUT]
2020/10/29 03:34:54:464

Connecting Started...

<<<----  [OUT]
2020/10/29 03:34:56:514

I can't connect with the passive [192.168.100.113/5000] error_code:10061 !

<<<----  [OUT]
2020/10/29 03:34:58:995

Connecting Started...

<<<----  [OUT]
2020/10/29 03:35:01:053

I can't connect with the passive [192.168.100.113/5000] error_code:10061 !

<<<----  [OUT]
2020/10/29 03:35:03:542

Connecting Started...

<<<----  [OUT]
2020/10/29 03:35:05:574

I can't connect with the passive [192.168.100.113/5000] error_code:10061 !

<<<----  [OUT]
2020/10/29 03:35:08:057

Connecting Started...

<<<----  [OUT]
2020/10/29 03:35:10:109

I can't connect with the passive [192.168.100.113/5000] error_code:10061 !

<<<----  [OUT]
2020/10/29 03:35:12:590

Connecting Started...

<<<----  [OUT]
2020/10/29 03:35:14:638

I can't connect with the passive [192.168.100.113/5000] error_code:10061 !

<<<----  [OUT]
2020/10/29 03:35:17:121

Connecting Started...

<<<----  [OUT]
2020/10/29 03:35:19:151

I can't connect with the passive [192.168.100.113/5000] error_code:10061 !

<<<----  [OUT]
2020/10/29 03:35:21:636

Connecting Started...

<<<----  [OUT]
2020/10/29 03:35:23:681

I can't connect with the passive [192.168.100.113/5000] error_code:10061 !

<<<----  [OUT]
2020/10/29 03:35:26:168

Connecting Started...

<<<----  [OUT]
2020/10/29 03:35:28:201

I can't connect with the passive [192.168.100.113/5000] error_code:10061 !

<<<----  [OUT]
2020/10/29 03:35:30:682

Connecting Started...

<<<----  [OUT]
2020/10/29 03:35:32:731

I can't connect with the passive [192.168.100.113/5000] error_code:10061 !

<<<----  [OUT]
2020/10/29 03:35:35:215

Connecting Started...

<<<----  [OUT]
2020/10/29 03:35:37:265

I can't connect with the passive [192.168.100.113/5000] error_code:10061 !

<<<----  [OUT]
2020/10/29 03:35:39:746

Connecting Started...

<<<----  [OUT]
2020/10/29 03:35:55:303

I can't connect with the passive [192.168.100.113/5000] error_code:10060 !

<<<----  [OUT]
2020/10/29 03:35:57:791

Connecting Started...

<<<----  [OUT]
2020/10/29 03:36:18:832

I can't connect with the passive [192.168.100.113/5000] error_code:10060 !

<<<----  [OUT]
2020/10/29 03:36:21:322

Connecting Started...

<<<----  [OUT]
2020/10/29 03:36:42:363

I can't connect with the passive [192.168.100.113/5000] error_code:10060 !

<<<----  [OUT]
2020/10/29 03:36:44:855

Connecting Started...

<<<----  [OUT]
2020/10/29 03:37:05:906

I can't connect with the passive [192.168.100.113/5000] error_code:10060 !

<<<----  [OUT]
2020/10/29 03:37:08:387

Connecting Started...

<<<----  [OUT]
2020/10/29 03:37:29:423

I can't connect with the passive [192.168.100.113/5000] error_code:10060 !

<<<----  [OUT]
2020/10/29 03:37:31:901

Connecting Started...

<<<----  [OUT]
2020/10/29 03:37:52:950

I can't connect with the passive [192.168.100.113/5000] error_code:10060 !

<<<----  [OUT]
2020/10/29 03:37:55:433

Connecting Started...

<<<----  [OUT]
2020/10/29 03:38:16:463

I can't connect with the passive [192.168.100.113/5000] error_code:10060 !

<<<----  [OUT]
2020/10/29 03:38:18:948

Connecting Started...

<<<----  [OUT]
2020/10/29 03:38:39:977

I can't connect with the passive [192.168.100.113/5000] error_code:10060 !

<<<----  [OUT]
2020/10/29 03:38:42:465

Connecting Started...

<<<----  [OUT]
2020/10/29 03:39:03:498

I can't connect with the passive [192.168.100.113/5000] error_code:10060 !

<<<----  [OUT]
2020/10/29 03:39:05:979

Connecting Started...

<<<----  [OUT]
2020/10/29 03:39:27:005

I can't connect with the passive [192.168.100.113/5000] error_code:10060 !

<<<----  [OUT]
2020/10/29 03:39:29:494

Connecting Started...

<<<----  [OUT]
2020/10/29 03:39:50:540

I can't connect with the passive [192.168.100.113/5000] error_code:10060 !

<<<----  [OUT]
2020/10/29 03:39:53:027

Connecting Started...

<<<----  [OUT]
2020/10/29 03:40:14:061

I can't connect with the passive [192.168.100.113/5000] error_code:10060 !

<<<----  [OUT]
2020/10/29 03:40:16:543

Connecting Started...

<<<----  [OUT]
2020/10/29 03:40:37:582

I can't connect with the passive [192.168.100.113/5000] error_code:10060 !

<<<----  [OUT]
2020/10/29 03:40:40:059

Connecting Started...

<<<----  [OUT]
2020/10/29 03:41:01:080

I can't connect with the passive [192.168.100.113/5000] error_code:10060 !

<<<----  [OUT]
2020/10/29 03:41:03:558

Connecting Started...

<<<----  [OUT]
2020/10/29 03:41:24:615

I can't connect with the passive [192.168.100.113/5000] error_code:10060 !

<<<----  [OUT]
2020/10/29 03:41:27:105

Connecting Started...

<<<----  [OUT]
2020/10/29 03:41:48:147

I can't connect with the passive [192.168.100.113/5000] error_code:10060 !

<<<----  [OUT]
2020/10/29 03:41:50:635

Connecting Started...

<<<----  [OUT]
2020/10/29 03:42:11:672

I can't connect with the passive [192.168.100.113/5000] error_code:10060 !

<<<----  [OUT]
2020/10/29 03:42:14:152

Connecting Started...

<<<----  [OUT]
2020/10/29 03:42:35:190

I can't connect with the passive [192.168.100.113/5000] error_code:10060 !

<<<----  [OUT]
2020/10/29 03:42:37:666

Connecting Started...

<<<----  [OUT]
2020/10/29 03:42:58:707

I can't connect with the passive [192.168.100.113/5000] error_code:10060 !

<<<----  [OUT]
2020/10/29 03:43:01:200

Connecting Started...

<<<----  [OUT]
2020/10/29 03:43:22:228

I can't connect with the passive [192.168.100.113/5000] error_code:10060 !

<<<----  [OUT]
2020/10/29 03:43:24:715

Connecting Started...

<<<----  [OUT]
2020/10/29 03:43:45:753

I can't connect with the passive [192.168.100.113/5000] error_code:10060 !

<<<----  [OUT]
2020/10/29 03:43:48:229

Connecting Started...

<<<----  [OUT]
2020/10/29 03:44:09:280

I can't connect with the passive [192.168.100.113/5000] error_code:10060 !

<<<----  [OUT]
2020/10/29 03:44:11:762

Connecting Started...

<<<----  [OUT]
2020/10/29 03:44:32:804

I can't connect with the passive [192.168.100.113/5000] error_code:10060 !

<<<----  [OUT]
2020/10/29 03:44:35:293

Connecting Started...

<<<----  [OUT]
2020/10/29 03:44:56:335

I can't connect with the passive [192.168.100.113/5000] error_code:10060 !

<<<----  [OUT]
2020/10/29 03:44:58:824

Connecting Started...

<<<----  [OUT]
2020/10/29 03:45:19:842

I can't connect with the passive [192.168.100.113/5000] error_code:10060 !

<<<----  [OUT]
2020/10/29 03:45:22:323

Connecting Started...

<<<----  [OUT]
2020/10/29 03:45:43:363

I can't connect with the passive [192.168.100.113/5000] error_code:10060 !

<<<----  [OUT]
2020/10/29 03:45:45:856

Connecting Started...

<<<----  [OUT]
2020/10/29 03:46:06:899

I can't connect with the passive [192.168.100.113/5000] error_code:10060 !

<<<----  [OUT]
2020/10/29 03:46:09:387

Connecting Started...

<<<----  [OUT]
2020/10/29 03:46:30:446

I can't connect with the passive [192.168.100.113/5000] error_code:10060 !

<<<----  [OUT]
2020/10/29 03:46:32:933

Connecting Started...

<<<----  [OUT]
2020/10/29 03:46:53:959

I can't connect with the passive [192.168.100.113/5000] error_code:10060 !

<<<----  [OUT]
2020/10/29 03:46:56:448

Connecting Started...

<<<----  [OUT]
2020/10/29 03:47:17:477

I can't connect with the passive [192.168.100.113/5000] error_code:10060 !

<<<----  [OUT]
2020/10/29 03:47:19:965

Connecting Started...

<<<----  [OUT]
2020/10/29 03:47:41:007

I can't connect with the passive [192.168.100.113/5000] error_code:10060 !

<<<----  [OUT]
2020/10/29 03:47:43:496

Connecting Started...

<<<----  [OUT]
2020/10/29 03:48:04:537

I can't connect with the passive [192.168.100.113/5000] error_code:10060 !

<<<----  [OUT]
2020/10/29 03:48:07:027

Connecting Started...

<<<----  [OUT]
2020/10/29 03:48:28:069

I can't connect with the passive [192.168.100.113/5000] error_code:10060 !

<<<----  [OUT]
2020/10/29 03:48:30:558

Connecting Started...

<<<----  [OUT]
2020/10/29 03:48:51:607

I can't connect with the passive [192.168.100.113/5000] error_code:10060 !

<<<----  [OUT]
2020/10/29 03:48:54:089

Connecting Started...

<<<----  [OUT]
2020/10/29 03:49:15:124

I can't connect with the passive [192.168.100.113/5000] error_code:10060 !

<<<----  [OUT]
2020/10/29 03:49:17:605

Connecting Started...

<<<----  [OUT]
2020/10/29 03:49:38:642

I can't connect with the passive [192.168.100.113/5000] error_code:10060 !

<<<----  [OUT]
2020/10/29 03:49:41:120

Connecting Started...

<<<----  [OUT]
2020/10/29 03:50:02:145

I can't connect with the passive [192.168.100.113/5000] error_code:10060 !

<<<----  [OUT]
2020/10/29 03:50:04:636

Connecting Started...

<<<----  [OUT]
2020/10/29 03:50:25:667

I can't connect with the passive [192.168.100.113/5000] error_code:10060 !

<<<----  [OUT]
2020/10/29 03:50:28:151

Connecting Started...

<<<----  [OUT]
2020/10/29 03:50:49:196

I can't connect with the passive [192.168.100.113/5000] error_code:10060 !

<<<----  [OUT]
2020/10/29 03:50:51:683

Connecting Started...

<<<----  [OUT]
2020/10/29 03:51:12:733

I can't connect with the passive [192.168.100.113/5000] error_code:10060 !

<<<----  [OUT]
2020/10/29 03:51:15:215

Connecting Started...

<<<----  [OUT]
2020/10/29 03:51:36:261

I can't connect with the passive [192.168.100.113/5000] error_code:10060 !

<<<----  [OUT]
2020/10/29 03:51:38:746

Connecting Started...

<<<----  [OUT]
2020/10/29 03:51:59:789

I can't connect with the passive [192.168.100.113/5000] error_code:10060 !

<<<----  [OUT]
2020/10/29 03:52:02:277

Connecting Started...

<<<----  [OUT]
2020/10/29 03:52:23:309

I can't connect with the passive [192.168.100.113/5000] error_code:10060 !

<<<----  [OUT]
2020/10/29 03:52:25:791

Connecting Started...

<<<----  [OUT]
2020/10/29 03:52:46:823

I can't connect with the passive [192.168.100.113/5000] error_code:10060 !

<<<----  [OUT]
2020/10/29 03:52:49:309

Connecting Started...

<<<----  [OUT]
2020/10/29 03:53:10:336

I can't connect with the passive [192.168.100.113/5000] error_code:10060 !

<<<----  [OUT]
2020/10/29 03:53:12:824

Connecting Started...

<<<----  [OUT]
2020/10/29 03:53:33:866

I can't connect with the passive [192.168.100.113/5000] error_code:10060 !

<<<----  [OUT]
2020/10/29 03:53:36:355

Connecting Started...

<<<----  [OUT]
2020/10/29 03:53:57:385

I can't connect with the passive [192.168.100.113/5000] error_code:10060 !

<<<----  [OUT]
2020/10/29 03:53:59:870

Connecting Started...

<<<----  [OUT]
2020/10/29 03:54:20:906

I can't connect with the passive [192.168.100.113/5000] error_code:10060 !

<<<----  [OUT]
2020/10/29 03:54:23:385

Connecting Started...

<<<----  [OUT]
2020/10/29 03:54:44:437

I can't connect with the passive [192.168.100.113/5000] error_code:10060 !

<<<----  [OUT]
2020/10/29 03:54:46:917

Connecting Started...

<<<----  [OUT]
2020/10/29 03:55:07:955

I can't connect with the passive [192.168.100.113/5000] error_code:10060 !

<<<----  [OUT]
2020/10/29 03:55:10:433

Connecting Started...

<<<----  [OUT]
2020/10/29 03:55:31:477

I can't connect with the passive [192.168.100.113/5000] error_code:10060 !

<<<----  [OUT]
2020/10/29 03:55:33:963

Connecting Started...

<<<----  [OUT]
2020/10/29 03:55:55:004

I can't connect with the passive [192.168.100.113/5000] error_code:10060 !

<<<----  [OUT]
2020/10/29 03:55:57:495

Connecting Started...

<<<----  [OUT]
2020/10/29 03:56:18:548

I can't connect with the passive [192.168.100.113/5000] error_code:10060 !

<<<----  [OUT]
2020/10/29 03:56:21:028

Connecting Started...

<<<----  [OUT]
2020/10/29 03:56:42:054

I can't connect with the passive [192.168.100.113/5000] error_code:10060 !

<<<----  [OUT]
2020/10/29 03:56:44:543

Connecting Started...

<<<----  [OUT]
2020/10/29 03:57:05:587

I can't connect with the passive [192.168.100.113/5000] error_code:10060 !

<<<----  [OUT]
2020/10/29 03:57:08:074

Connecting Started...

<<<----  [OUT]
2020/10/29 03:57:29:139

I can't connect with the passive [192.168.100.113/5000] error_code:10060 !

<<<----  [OUT]
2020/10/29 03:57:31:620

Connecting Started...

<<<----  [OUT]
2020/10/29 03:57:52:653

I can't connect with the passive [192.168.100.113/5000] error_code:10060 !

<<<----  [OUT]
2020/10/29 03:57:55:136

Connecting Started...

<<<----  [OUT]
2020/10/29 03:58:16:162

I can't connect with the passive [192.168.100.113/5000] error_code:10060 !

<<<----  [OUT]
2020/10/29 03:58:18:652

Connecting Started...

<<<----  [OUT]
2020/10/29 03:58:39:687

I can't connect with the passive [192.168.100.113/5000] error_code:10060 !

<<<----  [OUT]
2020/10/29 03:58:42:167

Connecting Started...

<<<----  [OUT]
2020/10/29 03:59:03:215

I can't connect with the passive [192.168.100.113/5000] error_code:10060 !

<<<----  [OUT]
2020/10/29 03:59:05:699

Connecting Started...

<<<----  [OUT]
2020/10/29 03:59:26:720

I can't connect with the passive [192.168.100.113/5000] error_code:10060 !

<<<----  [OUT]
2020/10/29 03:59:29:199

Connecting Started...

<<<----  [OUT]
2020/10/29 03:59:50:256

I can't connect with the passive [192.168.100.113/5000] error_code:10060 !

<<<----  [OUT]
2020/10/29 03:59:52:745

Connecting Started...
