
<<<----  [OUT]
2020/10/29 00:00:18:105

I can't connect with the passive [192.168.100.113/5000] error_code:10060 !

<<<----  [OUT]
2020/10/29 00:00:20:588

Connecting Started...

<<<----  [OUT]
2020/10/29 00:00:41:645

I can't connect with the passive [192.168.100.113/5000] error_code:10060 !

<<<----  [OUT]
2020/10/29 00:00:44:137

Connecting Started...

<<<----  [OUT]
2020/10/29 00:01:05:189

I can't connect with the passive [192.168.100.113/5000] error_code:10060 !

<<<----  [OUT]
2020/10/29 00:01:07:666

Connecting Started...

<<<----  [OUT]
2020/10/29 00:01:28:716

I can't connect with the passive [192.168.100.113/5000] error_code:10060 !

<<<----  [OUT]
2020/10/29 00:01:31:200

Connecting Started...

<<<----  [OUT]
2020/10/29 00:01:52:233

I can't connect with the passive [192.168.100.113/5000] error_code:10060 !

<<<----  [OUT]
2020/10/29 00:01:54:715

Connecting Started...

<<<----  [OUT]
2020/10/29 00:02:15:757

I can't connect with the passive [192.168.100.113/5000] error_code:10060 !

<<<----  [OUT]
2020/10/29 00:02:18:246

Connecting Started...

<<<----  [OUT]
2020/10/29 00:02:39:287

I can't connect with the passive [192.168.100.113/5000] error_code:10060 !

<<<----  [OUT]
2020/10/29 00:02:41:777

Connecting Started...

<<<----  [OUT]
2020/10/29 00:03:02:811

I can't connect with the passive [192.168.100.113/5000] error_code:10060 !

<<<----  [OUT]
2020/10/29 00:03:05:293

Connecting Started...

<<<----  [OUT]
2020/10/29 00:03:26:343

I can't connect with the passive [192.168.100.113/5000] error_code:10060 !

<<<----  [OUT]
2020/10/29 00:03:28:823

Connecting Started...

<<<----  [OUT]
2020/10/29 00:03:49:857

I can't connect with the passive [192.168.100.113/5000] error_code:10060 !

<<<----  [OUT]
2020/10/29 00:03:52:339

Connecting Started...

<<<----  [OUT]
2020/10/29 00:04:13:368

I can't connect with the passive [192.168.100.113/5000] error_code:10060 !

<<<----  [OUT]
2020/10/29 00:04:15:855

Connecting Started...

<<<----  [OUT]
2020/10/29 00:04:36:893

I can't connect with the passive [192.168.100.113/5000] error_code:10060 !

<<<----  [OUT]
2020/10/29 00:04:39:370

Connecting Started...

<<<----  [OUT]
2020/10/29 00:05:00:404

I can't connect with the passive [192.168.100.113/5000] error_code:10060 !

<<<----  [OUT]
2020/10/29 00:05:02:887

Connecting Started...

<<<----  [OUT]
2020/10/29 00:05:23:930

I can't connect with the passive [192.168.100.113/5000] error_code:10060 !

<<<----  [OUT]
2020/10/29 00:05:26:417

Connecting Started...

<<<----  [OUT]
2020/10/29 00:05:47:458

I can't connect with the passive [192.168.100.113/5000] error_code:10060 !

<<<----  [OUT]
2020/10/29 00:05:49:949

Connecting Started...

<<<----  [OUT]
2020/10/29 00:06:10:985

I can't connect with the passive [192.168.100.113/5000] error_code:10060 !

<<<----  [OUT]
2020/10/29 00:06:13:464

Connecting Started...

<<<----  [OUT]
2020/10/29 00:06:34:516

I can't connect with the passive [192.168.100.113/5000] error_code:10060 !

<<<----  [OUT]
2020/10/29 00:06:36:996

Connecting Started...

<<<----  [OUT]
2020/10/29 00:06:58:025

I can't connect with the passive [192.168.100.113/5000] error_code:10060 !

<<<----  [OUT]
2020/10/29 00:07:00:510

Connecting Started...

<<<----  [OUT]
2020/10/29 00:07:21:560

I can't connect with the passive [192.168.100.113/5000] error_code:10060 !

<<<----  [OUT]
2020/10/29 00:07:24:042

Connecting Started...

<<<----  [OUT]
2020/10/29 00:07:45:061

I can't connect with the passive [192.168.100.113/5000] error_code:10060 !

<<<----  [OUT]
2020/10/29 00:07:47:543

Connecting Started...

<<<----  [OUT]
2020/10/29 00:08:08:597

I can't connect with the passive [192.168.100.113/5000] error_code:10060 !

<<<----  [OUT]
2020/10/29 00:08:11:073

Connecting Started...

<<<----  [OUT]
2020/10/29 00:08:32:120

I can't connect with the passive [192.168.100.113/5000] error_code:10060 !

<<<----  [OUT]
2020/10/29 00:08:34:604

Connecting Started...

<<<----  [OUT]
2020/10/29 00:08:55:649

I can't connect with the passive [192.168.100.113/5000] error_code:10060 !

<<<----  [OUT]
2020/10/29 00:08:58:137

Connecting Started...

<<<----  [OUT]
2020/10/29 00:09:19:186

I can't connect with the passive [192.168.100.113/5000] error_code:10060 !

<<<----  [OUT]
2020/10/29 00:09:21:668

Connecting Started...

<<<----  [OUT]
2020/10/29 00:09:42:697

I can't connect with the passive [192.168.100.113/5000] error_code:10060 !

<<<----  [OUT]
2020/10/29 00:09:45:183

Connecting Started...

<<<----  [OUT]
2020/10/29 00:10:06:218

I can't connect with the passive [192.168.100.113/5000] error_code:10060 !

<<<----  [OUT]
2020/10/29 00:10:08:698

Connecting Started...

<<<----  [OUT]
2020/10/29 00:10:29:719

I can't connect with the passive [192.168.100.113/5000] error_code:10060 !

<<<----  [OUT]
2020/10/29 00:10:32:199

Connecting Started...

<<<----  [OUT]
2020/10/29 00:10:53:234

I can't connect with the passive [192.168.100.113/5000] error_code:10060 !

<<<----  [OUT]
2020/10/29 00:10:55:714

Connecting Started...

<<<----  [OUT]
2020/10/29 00:11:16:757

I can't connect with the passive [192.168.100.113/5000] error_code:10060 !

<<<----  [OUT]
2020/10/29 00:11:19:246

Connecting Started...

<<<----  [OUT]
2020/10/29 00:11:40:270

I can't connect with the passive [192.168.100.113/5000] error_code:10060 !

<<<----  [OUT]
2020/10/29 00:11:42:761

Connecting Started...

<<<----  [OUT]
2020/10/29 00:12:03:810

I can't connect with the passive [192.168.100.113/5000] error_code:10060 !

<<<----  [OUT]
2020/10/29 00:12:06:293

Connecting Started...

<<<----  [OUT]
2020/10/29 00:12:27:341

I can't connect with the passive [192.168.100.113/5000] error_code:10060 !

<<<----  [OUT]
2020/10/29 00:12:29:824

Connecting Started...

<<<----  [OUT]
2020/10/29 00:12:50:868

I can't connect with the passive [192.168.100.113/5000] error_code:10060 !

<<<----  [OUT]
2020/10/29 00:12:53:354

Connecting Started...

<<<----  [OUT]
2020/10/29 00:13:14:378

I can't connect with the passive [192.168.100.113/5000] error_code:10060 !

<<<----  [OUT]
2020/10/29 00:13:16:854

Connecting Started...

<<<----  [OUT]
2020/10/29 00:13:37:903

I can't connect with the passive [192.168.100.113/5000] error_code:10060 !

<<<----  [OUT]
2020/10/29 00:13:40:385

Connecting Started...

<<<----  [OUT]
2020/10/29 00:14:01:422

I can't connect with the passive [192.168.100.113/5000] error_code:10060 !

<<<----  [OUT]
2020/10/29 00:14:03:902

Connecting Started...

<<<----  [OUT]
2020/10/29 00:14:24:938

I can't connect with the passive [192.168.100.113/5000] error_code:10060 !

<<<----  [OUT]
2020/10/29 00:14:27:417

Connecting Started...

<<<----  [OUT]
2020/10/29 00:14:48:461

I can't connect with the passive [192.168.100.113/5000] error_code:10060 !

<<<----  [OUT]
2020/10/29 00:14:50:948

Connecting Started...

<<<----  [OUT]
2020/10/29 00:15:11:977

I can't connect with the passive [192.168.100.113/5000] error_code:10060 !

<<<----  [OUT]
2020/10/29 00:15:14:465

Connecting Started...

<<<----  [OUT]
2020/10/29 00:15:35:502

I can't connect with the passive [192.168.100.113/5000] error_code:10060 !

<<<----  [OUT]
2020/10/29 00:15:37:979

Connecting Started...

<<<----  [OUT]
2020/10/29 00:15:59:027

I can't connect with the passive [192.168.100.113/5000] error_code:10060 !

<<<----  [OUT]
2020/10/29 00:16:01:511

Connecting Started...

<<<----  [OUT]
2020/10/29 00:16:22:550

I can't connect with the passive [192.168.100.113/5000] error_code:10060 !

<<<----  [OUT]
2020/10/29 00:16:25:026

Connecting Started...

<<<----  [OUT]
2020/10/29 00:16:46:085

I can't connect with the passive [192.168.100.113/5000] error_code:10060 !

<<<----  [OUT]
2020/10/29 00:16:48:574

Connecting Started...

<<<----  [OUT]
2020/10/29 00:17:09:614

I can't connect with the passive [192.168.100.113/5000] error_code:10060 !

<<<----  [OUT]
2020/10/29 00:17:12:105

Connecting Started...

<<<----  [OUT]
2020/10/29 00:17:33:158

I can't connect with the passive [192.168.100.113/5000] error_code:10060 !

<<<----  [OUT]
2020/10/29 00:17:35:636

Connecting Started...

<<<----  [OUT]
2020/10/29 00:17:56:673

I can't connect with the passive [192.168.100.113/5000] error_code:10060 !

<<<----  [OUT]
2020/10/29 00:17:59:152

Connecting Started...

<<<----  [OUT]
2020/10/29 00:18:20:192

I can't connect with the passive [192.168.100.113/5000] error_code:10060 !

<<<----  [OUT]
2020/10/29 00:18:22:683

Connecting Started...

<<<----  [OUT]
2020/10/29 00:18:43:723

I can't connect with the passive [192.168.100.113/5000] error_code:10060 !

<<<----  [OUT]
2020/10/29 00:18:46:214

Connecting Started...

<<<----  [OUT]
2020/10/29 00:19:07:242

I can't connect with the passive [192.168.100.113/5000] error_code:10060 !

<<<----  [OUT]
2020/10/29 00:19:09:729

Connecting Started...

<<<----  [OUT]
2020/10/29 00:19:30:767

I can't connect with the passive [192.168.100.113/5000] error_code:10060 !

<<<----  [OUT]
2020/10/29 00:19:33:245

Connecting Started...

<<<----  [OUT]
2020/10/29 00:19:54:274

I can't connect with the passive [192.168.100.113/5000] error_code:10060 !

<<<----  [OUT]
2020/10/29 00:19:56:761

Connecting Started...

<<<----  [OUT]
2020/10/29 00:20:17:787

I can't connect with the passive [192.168.100.113/5000] error_code:10060 !

<<<----  [OUT]
2020/10/29 00:20:20:277

Connecting Started...

<<<----  [OUT]
2020/10/29 00:20:41:327

I can't connect with the passive [192.168.100.113/5000] error_code:10060 !

<<<----  [OUT]
2020/10/29 00:20:43:808

Connecting Started...

<<<----  [OUT]
2020/10/29 00:21:04:828

I can't connect with the passive [192.168.100.113/5000] error_code:10060 !

<<<----  [OUT]
2020/10/29 00:21:07:309

Connecting Started...

<<<----  [OUT]
2020/10/29 00:21:28:343

I can't connect with the passive [192.168.100.113/5000] error_code:10060 !

<<<----  [OUT]
2020/10/29 00:21:30:823

Connecting Started...

<<<----  [OUT]
2020/10/29 00:21:51:874

I can't connect with the passive [192.168.100.113/5000] error_code:10060 !

<<<----  [OUT]
2020/10/29 00:21:54:355

Connecting Started...

<<<----  [OUT]
2020/10/29 00:22:15:397

I can't connect with the passive [192.168.100.113/5000] error_code:10060 !

<<<----  [OUT]
2020/10/29 00:22:17:886

Connecting Started...

<<<----  [OUT]
2020/10/29 00:22:38:910

I can't connect with the passive [192.168.100.113/5000] error_code:10060 !

<<<----  [OUT]
2020/10/29 00:22:41:386

Connecting Started...

<<<----  [OUT]
2020/10/29 00:23:02:422

I can't connect with the passive [192.168.100.113/5000] error_code:10060 !

<<<----  [OUT]
2020/10/29 00:23:04:901

Connecting Started...

<<<----  [OUT]
2020/10/29 00:23:25:927

I can't connect with the passive [192.168.100.113/5000] error_code:10060 !

<<<----  [OUT]
2020/10/29 00:23:28:416

Connecting Started...

<<<----  [OUT]
2020/10/29 00:23:49:446

I can't connect with the passive [192.168.100.113/5000] error_code:10060 !

<<<----  [OUT]
2020/10/29 00:23:51:934

Connecting Started...

<<<----  [OUT]
2020/10/29 00:24:12:964

I can't connect with the passive [192.168.100.113/5000] error_code:10060 !

<<<----  [OUT]
2020/10/29 00:24:15:449

Connecting Started...

<<<----  [OUT]
2020/10/29 00:24:36:499

I can't connect with the passive [192.168.100.113/5000] error_code:10060 !

<<<----  [OUT]
2020/10/29 00:24:38:980

Connecting Started...

<<<----  [OUT]
2020/10/29 00:25:00:021

I can't connect with the passive [192.168.100.113/5000] error_code:10060 !

<<<----  [OUT]
2020/10/29 00:25:02:512

Connecting Started...

<<<----  [OUT]
2020/10/29 00:25:23:543

I can't connect with the passive [192.168.100.113/5000] error_code:10060 !

<<<----  [OUT]
2020/10/29 00:25:26:027

Connecting Started...

<<<----  [OUT]
2020/10/29 00:25:47:048

I can't connect with the passive [192.168.100.113/5000] error_code:10060 !

<<<----  [OUT]
2020/10/29 00:25:49:527

Connecting Started...

<<<----  [OUT]
2020/10/29 00:26:10:580

I can't connect with the passive [192.168.100.113/5000] error_code:10060 !

<<<----  [OUT]
2020/10/29 00:26:13:058

Connecting Started...

<<<----  [OUT]
2020/10/29 00:26:34:098

I can't connect with the passive [192.168.100.113/5000] error_code:10060 !

<<<----  [OUT]
2020/10/29 00:26:36:588

Connecting Started...

<<<----  [OUT]
2020/10/29 00:26:57:618

I can't connect with the passive [192.168.100.113/5000] error_code:10060 !

<<<----  [OUT]
2020/10/29 00:27:00:106

Connecting Started...

<<<----  [OUT]
2020/10/29 00:27:21:135

I can't connect with the passive [192.168.100.113/5000] error_code:10060 !

<<<----  [OUT]
2020/10/29 00:27:23:620

Connecting Started...

<<<----  [OUT]
2020/10/29 00:27:44:655

I can't connect with the passive [192.168.100.113/5000] error_code:10060 !

<<<----  [OUT]
2020/10/29 00:27:47:137

Connecting Started...

<<<----  [OUT]
2020/10/29 00:28:08:180

I can't connect with the passive [192.168.100.113/5000] error_code:10060 !

<<<----  [OUT]
2020/10/29 00:28:10:667

Connecting Started...

<<<----  [OUT]
2020/10/29 00:28:31:693

I can't connect with the passive [192.168.100.113/5000] error_code:10060 !

<<<----  [OUT]
2020/10/29 00:28:34:182

Connecting Started...

<<<----  [OUT]
2020/10/29 00:28:55:219

I can't connect with the passive [192.168.100.113/5000] error_code:10060 !

<<<----  [OUT]
2020/10/29 00:28:57:698

Connecting Started...

<<<----  [OUT]
2020/10/29 00:29:18:739

I can't connect with the passive [192.168.100.113/5000] error_code:10060 !

<<<----  [OUT]
2020/10/29 00:29:21:230

Connecting Started...

<<<----  [OUT]
2020/10/29 00:29:42:271

I can't connect with the passive [192.168.100.113/5000] error_code:10060 !

<<<----  [OUT]
2020/10/29 00:29:44:761

Connecting Started...

<<<----  [OUT]
2020/10/29 00:30:05:814

I can't connect with the passive [192.168.100.113/5000] error_code:10060 !

<<<----  [OUT]
2020/10/29 00:30:08:293

Connecting Started...

<<<----  [OUT]
2020/10/29 00:30:29:337

I can't connect with the passive [192.168.100.113/5000] error_code:10060 !

<<<----  [OUT]
2020/10/29 00:30:31:824

Connecting Started...

<<<----  [OUT]
2020/10/29 00:30:52:868

I can't connect with the passive [192.168.100.113/5000] error_code:10060 !

<<<----  [OUT]
2020/10/29 00:30:55:355

Connecting Started...

<<<----  [OUT]
2020/10/29 00:31:16:398

I can't connect with the passive [192.168.100.113/5000] error_code:10060 !

<<<----  [OUT]
2020/10/29 00:31:18:886

Connecting Started...

<<<----  [OUT]
2020/10/29 00:31:39:925

I can't connect with the passive [192.168.100.113/5000] error_code:10060 !

<<<----  [OUT]
2020/10/29 00:31:42:401

Connecting Started...

<<<----  [OUT]
2020/10/29 00:32:03:461

I can't connect with the passive [192.168.100.113/5000] error_code:10060 !

<<<----  [OUT]
2020/10/29 00:32:05:949

Connecting Started...

<<<----  [OUT]
2020/10/29 00:32:27:008

I can't connect with the passive [192.168.100.113/5000] error_code:10060 !

<<<----  [OUT]
2020/10/29 00:32:29:495

Connecting Started...

<<<----  [OUT]
2020/10/29 00:32:50:531

I can't connect with the passive [192.168.100.113/5000] error_code:10060 !

<<<----  [OUT]
2020/10/29 00:32:53:010

Connecting Started...

<<<----  [OUT]
2020/10/29 00:33:14:044

I can't connect with the passive [192.168.100.113/5000] error_code:10060 !

<<<----  [OUT]
2020/10/29 00:33:16:527

Connecting Started...

<<<----  [OUT]
2020/10/29 00:33:18:560

I can't connect with the passive [192.168.100.113/5000] error_code:10061 !

<<<----  [OUT]
2020/10/29 00:33:21:042

Connecting Started...

<<<----  [OUT]
2020/10/29 00:33:23:081

I can't connect with the passive [192.168.100.113/5000] error_code:10061 !

<<<----  [OUT]
2020/10/29 00:33:25:557

Connecting Started...

<<<----  [OUT]
2020/10/29 00:33:27:593

I can't connect with the passive [192.168.100.113/5000] error_code:10061 !

<<<----  [OUT]
2020/10/29 00:33:30:073

Connecting Started...

<<<----  [OUT]
2020/10/29 00:33:32:127

I can't connect with the passive [192.168.100.113/5000] error_code:10061 !

<<<----  [OUT]
2020/10/29 00:33:34:605

Connecting Started...

<<<----  [OUT]
2020/10/29 00:33:36:644

I can't connect with the passive [192.168.100.113/5000] error_code:10061 !

<<<----  [OUT]
2020/10/29 00:33:39:120

Connecting Started...

<<<----  [OUT]
2020/10/29 00:33:41:167

I can't connect with the passive [192.168.100.113/5000] error_code:10061 !

<<<----  [OUT]
2020/10/29 00:33:43:652

Connecting Started...

<<<----  [OUT]
2020/10/29 00:33:45:690

I can't connect with the passive [192.168.100.113/5000] error_code:10061 !

<<<----  [OUT]
2020/10/29 00:33:48:167

Connecting Started...

<<<----  [OUT]
2020/10/29 00:33:50:213

I can't connect with the passive [192.168.100.113/5000] error_code:10061 !

<<<----  [OUT]
2020/10/29 00:33:52:698

Connecting Started...

<<<----  [OUT]
2020/10/29 00:33:54:735

I can't connect with the passive [192.168.100.113/5000] error_code:10061 !

<<<----  [OUT]
2020/10/29 00:33:57:214

Connecting Started...

<<<----  [OUT]
2020/10/29 00:33:59:258

I can't connect with the passive [192.168.100.113/5000] error_code:10061 !

<<<----  [OUT]
2020/10/29 00:34:01:745

Connecting Started...

<<<----  [OUT]
2020/10/29 00:34:03:785

I can't connect with the passive [192.168.100.113/5000] error_code:10061 !

<<<----  [OUT]
2020/10/29 00:34:06:262

Connecting Started...

<<<----  [OUT]
2020/10/29 00:34:08:318

I can't connect with the passive [192.168.100.113/5000] error_code:10061 !

<<<----  [OUT]
2020/10/29 00:34:10:807

Connecting Started...

<<<----  [OUT]
2020/10/29 00:34:12:853

I can't connect with the passive [192.168.100.113/5000] error_code:10061 !

<<<----  [OUT]
2020/10/29 00:34:15:339

Connecting Started...

<<<----  [OUT]
2020/10/29 00:34:17:393

I can't connect with the passive [192.168.100.113/5000] error_code:10061 !

<<<----  [OUT]
2020/10/29 00:34:19:870

Connecting Started...

<<<----  [OUT]
2020/10/29 00:34:21:919

I can't connect with the passive [192.168.100.113/5000] error_code:10061 !

<<<----  [OUT]
2020/10/29 00:34:24:401

Connecting Started...

<<<----  [OUT]
2020/10/29 00:34:26:452

I can't connect with the passive [192.168.100.113/5000] error_code:10061 !

<<<----  [OUT]
2020/10/29 00:34:28:933

Connecting Started...

<<<----  [OUT]
2020/10/29 00:34:30:988

I can't connect with the passive [192.168.100.113/5000] error_code:10061 !

<<<----  [OUT]
2020/10/29 00:34:33:480

Connecting Started...

<<<----  [OUT]
2020/10/29 00:34:35:507

I can't connect with the passive [192.168.100.113/5000] error_code:10061 !

<<<----  [OUT]
2020/10/29 00:34:37:996

Connecting Started...

<<<----  [OUT]
2020/10/29 00:34:40:042

I can't connect with the passive [192.168.100.113/5000] error_code:10061 !

<<<----  [OUT]
2020/10/29 00:34:42:527

Connecting Started...

<<<----  [OUT]
2020/10/29 00:34:44:570

I can't connect with the passive [192.168.100.113/5000] error_code:10061 !

<<<----  [OUT]
2020/10/29 00:34:47:059

Connecting Started...

<<<----  [OUT]
2020/10/29 00:34:49:110

I can't connect with the passive [192.168.100.113/5000] error_code:10061 !

<<<----  [OUT]
2020/10/29 00:34:51:589

Connecting Started...

<<<----  [OUT]
2020/10/29 00:34:53:632

I can't connect with the passive [192.168.100.113/5000] error_code:10061 !

<<<----  [OUT]
2020/10/29 00:34:56:121

Connecting Started...

<<<----  [OUT]
2020/10/29 00:34:58:149

I can't connect with the passive [192.168.100.113/5000] error_code:10061 !

<<<----  [OUT]
2020/10/29 00:35:00:635

Connecting Started...

<<<----  [OUT]
2020/10/29 00:35:02:680

I can't connect with the passive [192.168.100.113/5000] error_code:10061 !

<<<----  [OUT]
2020/10/29 00:35:05:167

Connecting Started...

<<<----  [OUT]
2020/10/29 00:35:07:224

I can't connect with the passive [192.168.100.113/5000] error_code:10061 !

<<<----  [OUT]
2020/10/29 00:35:09:714

Connecting Started...

<<<----  [OUT]
2020/10/29 00:35:11:749

I can't connect with the passive [192.168.100.113/5000] error_code:10061 !

<<<----  [OUT]
2020/10/29 00:35:14:229

Connecting Started...

<<<----  [OUT]
2020/10/29 00:35:16:283

I can't connect with the passive [192.168.100.113/5000] error_code:10061 !

<<<----  [OUT]
2020/10/29 00:35:18:761

Connecting Started...

<<<----  [OUT]
2020/10/29 00:35:20:806

I can't connect with the passive [192.168.100.113/5000] error_code:10061 !

<<<----  [OUT]
2020/10/29 00:35:23:292

Connecting Started...

<<<----  [OUT]
2020/10/29 00:35:25:332

I can't connect with the passive [192.168.100.113/5000] error_code:10061 !

<<<----  [OUT]
2020/10/29 00:35:27:823

Connecting Started...

<<<----  [OUT]
2020/10/29 00:35:29:882

I can't connect with the passive [192.168.100.113/5000] error_code:10061 !

<<<----  [OUT]
2020/10/29 00:35:32:370

Connecting Started...

<<<----  [OUT]
2020/10/29 00:35:34:413

I can't connect with the passive [192.168.100.113/5000] error_code:10061 !

<<<----  [OUT]
2020/10/29 00:35:36:901

Connecting Started...

<<<----  [OUT]
2020/10/29 00:35:38:953

I can't connect with the passive [192.168.100.113/5000] error_code:10061 !

<<<----  [OUT]
2020/10/29 00:35:41:433

Connecting Started...

<<<----  [OUT]
2020/10/29 00:35:43:468

I can't connect with the passive [192.168.100.113/5000] error_code:10061 !

<<<----  [OUT]
2020/10/29 00:35:45:948

Connecting Started...

<<<----  [OUT]
2020/10/29 00:35:48:000

I can't connect with the passive [192.168.100.113/5000] error_code:10061 !

<<<----  [OUT]
2020/10/29 00:35:50:481

Connecting Started...

<<<----  [OUT]
2020/10/29 00:35:52:518

I can't connect with the passive [192.168.100.113/5000] error_code:10061 !

<<<----  [OUT]
2020/10/29 00:35:54:996

Connecting Started...

<<<----  [OUT]
2020/10/29 00:35:57:032

I can't connect with the passive [192.168.100.113/5000] error_code:10061 !

<<<----  [OUT]
2020/10/29 00:35:59:511

Connecting Started...

<<<----  [OUT]
2020/10/29 00:36:01:544

I can't connect with the passive [192.168.100.113/5000] error_code:10061 !

<<<----  [OUT]
2020/10/29 00:36:04:027

Connecting Started...

<<<----  [OUT]
2020/10/29 00:36:06:062

I can't connect with the passive [192.168.100.113/5000] error_code:10061 !

<<<----  [OUT]
2020/10/29 00:36:08:543

Connecting Started...

<<<----  [OUT]
2020/10/29 00:36:10:590

I can't connect with the passive [192.168.100.113/5000] error_code:10061 !

<<<----  [OUT]
2020/10/29 00:36:13:074

Connecting Started...

<<<----  [OUT]
2020/10/29 00:36:15:129

I can't connect with the passive [192.168.100.113/5000] error_code:10061 !

<<<----  [OUT]
2020/10/29 00:36:17:621

Connecting Started...

<<<----  [OUT]
2020/10/29 00:36:19:670

I can't connect with the passive [192.168.100.113/5000] error_code:10061 !

<<<----  [OUT]
2020/10/29 00:36:22:152

Connecting Started...

<<<----  [OUT]
2020/10/29 00:36:24:202

I can't connect with the passive [192.168.100.113/5000] error_code:10061 !

<<<----  [OUT]
2020/10/29 00:36:26:682

Connecting Started...

<<<----  [OUT]
2020/10/29 00:36:28:728

I can't connect with the passive [192.168.100.113/5000] error_code:10061 !

<<<----  [OUT]
2020/10/29 00:36:31:215

Connecting Started...

<<<----  [OUT]
2020/10/29 00:36:33:265

I can't connect with the passive [192.168.100.113/5000] error_code:10061 !

<<<----  [OUT]
2020/10/29 00:36:35:746

Connecting Started...

<<<----  [OUT]
2020/10/29 00:36:37:794

I can't connect with the passive [192.168.100.113/5000] error_code:10061 !

<<<----  [OUT]
2020/10/29 00:36:40:278

Connecting Started...

<<<----  [OUT]
2020/10/29 00:36:42:316

I can't connect with the passive [192.168.100.113/5000] error_code:10061 !

<<<----  [OUT]
2020/10/29 00:36:44:793

Connecting Started...

<<<----  [OUT]
2020/10/29 00:36:46:811

I can't connect with the passive [192.168.100.113/5000] error_code:10061 !

<<<----  [OUT]
2020/10/29 00:36:49:293

Connecting Started...

<<<----  [OUT]
2020/10/29 00:36:51:330

I can't connect with the passive [192.168.100.113/5000] error_code:10061 !

<<<----  [OUT]
2020/10/29 00:36:53:808

Connecting Started...

<<<----  [OUT]
2020/10/29 00:36:55:856

I can't connect with the passive [192.168.100.113/5000] error_code:10061 !

<<<----  [OUT]
2020/10/29 00:36:58:339

Connecting Started...

<<<----  [OUT]
2020/10/29 00:37:00:378

I can't connect with the passive [192.168.100.113/5000] error_code:10061 !

<<<----  [OUT]
2020/10/29 00:37:02:854

Connecting Started...

<<<----  [OUT]
2020/10/29 00:37:04:900

I can't connect with the passive [192.168.100.113/5000] error_code:10061 !

<<<----  [OUT]
2020/10/29 00:37:07:385

Connecting Started...

<<<----  [OUT]
2020/10/29 00:37:09:431

I can't connect with the passive [192.168.100.113/5000] error_code:10061 !

<<<----  [OUT]
2020/10/29 00:37:11:918

Connecting Started...

<<<----  [OUT]
2020/10/29 00:37:13:961

I can't connect with the passive [192.168.100.113/5000] error_code:10061 !

<<<----  [OUT]
2020/10/29 00:37:16:448

Connecting Started...

<<<----  [OUT]
2020/10/29 00:37:18:503

I can't connect with the passive [192.168.100.113/5000] error_code:10061 !

<<<----  [OUT]
2020/10/29 00:37:20:979

Connecting Started...

<<<----  [OUT]
2020/10/29 00:37:23:024

I can't connect with the passive [192.168.100.113/5000] error_code:10061 !

<<<----  [OUT]
2020/10/29 00:37:25:512

Connecting Started...

<<<----  [OUT]
2020/10/29 00:37:27:565

I can't connect with the passive [192.168.100.113/5000] error_code:10061 !

<<<----  [OUT]
2020/10/29 00:37:30:042

Connecting Started...

<<<----  [OUT]
2020/10/29 00:37:32:083

I can't connect with the passive [192.168.100.113/5000] error_code:10061 !

<<<----  [OUT]
2020/10/29 00:37:34:574

Connecting Started...

<<<----  [OUT]
2020/10/29 00:37:36:606

I can't connect with the passive [192.168.100.113/5000] error_code:10061 !

<<<----  [OUT]
2020/10/29 00:37:39:088

Connecting Started...

<<<----  [OUT]
2020/10/29 00:37:41:141

I can't connect with the passive [192.168.100.113/5000] error_code:10061 !

<<<----  [OUT]
2020/10/29 00:37:43:619

Connecting Started...

<<<----  [OUT]
2020/10/29 00:37:45:674

I can't connect with the passive [192.168.100.113/5000] error_code:10061 !

<<<----  [OUT]
2020/10/29 00:37:48:152

Connecting Started...

<<<----  [OUT]
2020/10/29 00:37:50:210

I can't connect with the passive [192.168.100.113/5000] error_code:10061 !

<<<----  [OUT]
2020/10/29 00:37:52:698

Connecting Started...

<<<----  [OUT]
2020/10/29 00:37:54:737

I can't connect with the passive [192.168.100.113/5000] error_code:10061 !

<<<----  [OUT]
2020/10/29 00:37:57:214

Connecting Started...

<<<----  [OUT]
2020/10/29 00:37:59:258

I can't connect with the passive [192.168.100.113/5000] error_code:10061 !

<<<----  [OUT]
2020/10/29 00:38:01:745

Connecting Started...

<<<----  [OUT]
2020/10/29 00:38:03:785

I can't connect with the passive [192.168.100.113/5000] error_code:10061 !

<<<----  [OUT]
2020/10/29 00:38:06:276

Connecting Started...

<<<----  [OUT]
2020/10/29 00:38:08:326

I can't connect with the passive [192.168.100.113/5000] error_code:10061 !

<<<----  [OUT]
2020/10/29 00:38:10:809

Connecting Started...

<<<----  [OUT]
2020/10/29 00:38:12:843

I can't connect with the passive [192.168.100.113/5000] error_code:10061 !

<<<----  [OUT]
2020/10/29 00:38:15:323

Connecting Started...

<<<----  [OUT]
2020/10/29 00:38:17:370

I can't connect with the passive [192.168.100.113/5000] error_code:10061 !

<<<----  [OUT]
2020/10/29 00:38:19:856

Connecting Started...

<<<----  [OUT]
2020/10/29 00:38:21:879

I can't connect with the passive [192.168.100.113/5000] error_code:10061 !

<<<----  [OUT]
2020/10/29 00:38:24:370

Connecting Started...

<<<----  [OUT]
2020/10/29 00:38:26:412

I can't connect with the passive [192.168.100.113/5000] error_code:10061 !

<<<----  [OUT]
2020/10/29 00:38:28:903

Connecting Started...

<<<----  [OUT]
2020/10/29 00:38:30:943

I can't connect with the passive [192.168.100.113/5000] error_code:10061 !

<<<----  [OUT]
2020/10/29 00:38:33:432

Connecting Started...

<<<----  [OUT]
2020/10/29 00:38:35:474

I can't connect with the passive [192.168.100.113/5000] error_code:10061 !

<<<----  [OUT]
2020/10/29 00:38:37:964

Connecting Started...

<<<----  [OUT]
2020/10/29 00:38:40:011

I can't connect with the passive [192.168.100.113/5000] error_code:10061 !

<<<----  [OUT]
2020/10/29 00:38:42:496

Connecting Started...

<<<----  [OUT]
2020/10/29 00:38:44:528

I can't connect with the passive [192.168.100.113/5000] error_code:10061 !

<<<----  [OUT]
2020/10/29 00:38:47:012

Connecting Started...

<<<----  [OUT]
2020/10/29 00:38:49:071

I can't connect with the passive [192.168.100.113/5000] error_code:10061 !

<<<----  [OUT]
2020/10/29 00:38:51:559

Connecting Started...

<<<----  [OUT]
2020/10/29 00:38:53:591

I can't connect with the passive [192.168.100.113/5000] error_code:10061 !

<<<----  [OUT]
2020/10/29 00:38:56:074

Connecting Started...

<<<----  [OUT]
2020/10/29 00:38:58:116

I can't connect with the passive [192.168.100.113/5000] error_code:10061 !

<<<----  [OUT]
2020/10/29 00:39:00:606

Connecting Started...

<<<----  [OUT]
2020/10/29 00:39:02:652

I can't connect with the passive [192.168.100.113/5000] error_code:10061 !

<<<----  [OUT]
2020/10/29 00:39:05:135

Connecting Started...

<<<----  [OUT]
2020/10/29 00:39:07:187

I can't connect with the passive [192.168.100.113/5000] error_code:10061 !

<<<----  [OUT]
2020/10/29 00:39:09:666

Connecting Started...

<<<----  [OUT]
2020/10/29 00:39:11:713

I can't connect with the passive [192.168.100.113/5000] error_code:10061 !

<<<----  [OUT]
2020/10/29 00:39:14:199

Connecting Started...

<<<----  [OUT]
2020/10/29 00:39:16:247

I can't connect with the passive [192.168.100.113/5000] error_code:10061 !

<<<----  [OUT]
2020/10/29 00:39:18:729

Connecting Started...

<<<----  [OUT]
2020/10/29 00:39:20:769

I can't connect with the passive [192.168.100.113/5000] error_code:10061 !

<<<----  [OUT]
2020/10/29 00:39:23:246

Connecting Started...

<<<----  [OUT]
2020/10/29 00:39:25:289

I can't connect with the passive [192.168.100.113/5000] error_code:10061 !

<<<----  [OUT]
2020/10/29 00:39:27:777

Connecting Started...

<<<----  [OUT]
2020/10/29 00:39:29:810

I can't connect with the passive [192.168.100.113/5000] error_code:10061 !

<<<----  [OUT]
2020/10/29 00:39:32:293

Connecting Started...

<<<----  [OUT]
2020/10/29 00:39:34:343

I can't connect with the passive [192.168.100.113/5000] error_code:10061 !

<<<----  [OUT]
2020/10/29 00:39:36:823

Connecting Started...

<<<----  [OUT]
2020/10/29 00:39:38:867

I can't connect with the passive [192.168.100.113/5000] error_code:10061 !

<<<----  [OUT]
2020/10/29 00:39:41:355

Connecting Started...

<<<----  [OUT]
2020/10/29 00:39:43:400

I can't connect with the passive [192.168.100.113/5000] error_code:10061 !

<<<----  [OUT]
2020/10/29 00:39:45:887

Connecting Started...

<<<----  [OUT]
2020/10/29 00:39:47:930

I can't connect with the passive [192.168.100.113/5000] error_code:10061 !

<<<----  [OUT]
2020/10/29 00:39:50:417

Connecting Started...

<<<----  [OUT]
2020/10/29 00:39:52:466

I can't connect with the passive [192.168.100.113/5000] error_code:10061 !

<<<----  [OUT]
2020/10/29 00:39:54:949

Connecting Started...

<<<----  [OUT]
2020/10/29 00:39:56:994

I can't connect with the passive [192.168.100.113/5000] error_code:10061 !

<<<----  [OUT]
2020/10/29 00:39:59:480

Connecting Started...

<<<----  [OUT]
2020/10/29 00:40:01:533

I can't connect with the passive [192.168.100.113/5000] error_code:10061 !

<<<----  [OUT]
2020/10/29 00:40:04:010

Connecting Started...

<<<----  [OUT]
2020/10/29 00:40:06:054

I can't connect with the passive [192.168.100.113/5000] error_code:10061 !

<<<----  [OUT]
2020/10/29 00:40:08:542

Connecting Started...

<<<----  [OUT]
2020/10/29 00:40:10:595

I can't connect with the passive [192.168.100.113/5000] error_code:10061 !

<<<----  [OUT]
2020/10/29 00:40:13:073

Connecting Started...

<<<----  [OUT]
2020/10/29 00:40:15:123

I can't connect with the passive [192.168.100.113/5000] error_code:10061 !

<<<----  [OUT]
2020/10/29 00:40:17:604

Connecting Started...

<<<----  [OUT]
2020/10/29 00:40:19:654

I can't connect with the passive [192.168.100.113/5000] error_code:10061 !

<<<----  [OUT]
2020/10/29 00:40:22:137

Connecting Started...

<<<----  [OUT]
2020/10/29 00:40:24:168

I can't connect with the passive [192.168.100.113/5000] error_code:10061 !

<<<----  [OUT]
2020/10/29 00:40:26:652

Connecting Started...

<<<----  [OUT]
2020/10/29 00:40:28:676

I can't connect with the passive [192.168.100.113/5000] error_code:10061 !

<<<----  [OUT]
2020/10/29 00:40:31:166

Connecting Started...

<<<----  [OUT]
2020/10/29 00:40:33:204

I can't connect with the passive [192.168.100.113/5000] error_code:10061 !

<<<----  [OUT]
2020/10/29 00:40:35:683

Connecting Started...

<<<----  [OUT]
2020/10/29 00:40:37:735

I can't connect with the passive [192.168.100.113/5000] error_code:10061 !

<<<----  [OUT]
2020/10/29 00:40:40:214

Connecting Started...

<<<----  [OUT]
2020/10/29 00:40:42:265

I can't connect with the passive [192.168.100.113/5000] error_code:10061 !

<<<----  [OUT]
2020/10/29 00:40:44:745

Connecting Started...

<<<----  [OUT]
2020/10/29 00:40:46:799

I can't connect with the passive [192.168.100.113/5000] error_code:10061 !

<<<----  [OUT]
2020/10/29 00:40:49:276

Connecting Started...

<<<----  [OUT]
2020/10/29 00:40:51:323

I can't connect with the passive [192.168.100.113/5000] error_code:10061 !

<<<----  [OUT]
2020/10/29 00:40:53:809

Connecting Started...

<<<----  [OUT]
2020/10/29 00:40:55:837

I can't connect with the passive [192.168.100.113/5000] error_code:10061 !

<<<----  [OUT]
2020/10/29 00:40:58:324

Connecting Started...

<<<----  [OUT]
2020/10/29 00:41:00:370

I can't connect with the passive [192.168.100.113/5000] error_code:10061 !

<<<----  [OUT]
2020/10/29 00:41:02:855

Connecting Started...

<<<----  [OUT]
2020/10/29 00:41:04:889

I can't connect with the passive [192.168.100.113/5000] error_code:10061 !

<<<----  [OUT]
2020/10/29 00:41:07:371

Connecting Started...

<<<----  [OUT]
2020/10/29 00:41:09:414

I can't connect with the passive [192.168.100.113/5000] error_code:10061 !

<<<----  [OUT]
2020/10/29 00:41:11:903

Connecting Started...

<<<----  [OUT]
2020/10/29 00:41:13:946

I can't connect with the passive [192.168.100.113/5000] error_code:10061 !

<<<----  [OUT]
2020/10/29 00:41:16:433

Connecting Started...

<<<----  [OUT]
2020/10/29 00:41:18:480

I can't connect with the passive [192.168.100.113/5000] error_code:10061 !

<<<----  [OUT]
2020/10/29 00:41:20:963

Connecting Started...

<<<----  [OUT]
2020/10/29 00:41:23:011

I can't connect with the passive [192.168.100.113/5000] error_code:10061 !

<<<----  [OUT]
2020/10/29 00:41:25:495

Connecting Started...

<<<----  [OUT]
2020/10/29 00:41:27:541

I can't connect with the passive [192.168.100.113/5000] error_code:10061 !

<<<----  [OUT]
2020/10/29 00:41:30:026

Connecting Started...

<<<----  [OUT]
2020/10/29 00:41:32:068

I can't connect with the passive [192.168.100.113/5000] error_code:10061 !

<<<----  [OUT]
2020/10/29 00:41:34:557

Connecting Started...

<<<----  [OUT]
2020/10/29 00:41:36:604

I can't connect with the passive [192.168.100.113/5000] error_code:10061 !

<<<----  [OUT]
2020/10/29 00:41:39:090

Connecting Started...

<<<----  [OUT]
2020/10/29 00:41:41:124

I can't connect with the passive [192.168.100.113/5000] error_code:10061 !

<<<----  [OUT]
2020/10/29 00:41:43:606

Connecting Started...

<<<----  [OUT]
2020/10/29 00:41:45:655

I can't connect with the passive [192.168.100.113/5000] error_code:10061 !

<<<----  [OUT]
2020/10/29 00:41:48:136

Connecting Started...

<<<----  [OUT]
2020/10/29 00:41:50:178

I can't connect with the passive [192.168.100.113/5000] error_code:10061 !

<<<----  [OUT]
2020/10/29 00:41:52:668

Connecting Started...

<<<----  [OUT]
2020/10/29 00:41:54:710

I can't connect with the passive [192.168.100.113/5000] error_code:10061 !

<<<----  [OUT]
2020/10/29 00:41:57:200

Connecting Started...

<<<----  [OUT]
2020/10/29 00:41:59:250

I can't connect with the passive [192.168.100.113/5000] error_code:10061 !

<<<----  [OUT]
2020/10/29 00:42:01:730

Connecting Started...

<<<----  [OUT]
2020/10/29 00:42:03:778

I can't connect with the passive [192.168.100.113/5000] error_code:10061 !

<<<----  [OUT]
2020/10/29 00:42:06:261

Connecting Started...

<<<----  [OUT]
2020/10/29 00:42:08:316

I can't connect with the passive [192.168.100.113/5000] error_code:10061 !

<<<----  [OUT]
2020/10/29 00:42:10:793

Connecting Started...

<<<----  [OUT]
2020/10/29 00:42:12:846

I can't connect with the passive [192.168.100.113/5000] error_code:10061 !

<<<----  [OUT]
2020/10/29 00:42:15:323

Connecting Started...

<<<----  [OUT]
2020/10/29 00:42:17:373

I can't connect with the passive [192.168.100.113/5000] error_code:10061 !

<<<----  [OUT]
2020/10/29 00:42:19:855

Connecting Started...

<<<----  [OUT]
2020/10/29 00:42:21:903

I can't connect with the passive [192.168.100.113/5000] error_code:10061 !

<<<----  [OUT]
2020/10/29 00:42:24:386

Connecting Started...

<<<----  [OUT]
2020/10/29 00:42:26:429

I can't connect with the passive [192.168.100.113/5000] error_code:10061 !

<<<----  [OUT]
2020/10/29 00:42:28:917

Connecting Started...

<<<----  [OUT]
2020/10/29 00:42:30:962

I can't connect with the passive [192.168.100.113/5000] error_code:10061 !

<<<----  [OUT]
2020/10/29 00:42:33:448

Connecting Started...

<<<----  [OUT]
2020/10/29 00:42:35:488

I can't connect with the passive [192.168.100.113/5000] error_code:10061 !

<<<----  [OUT]
2020/10/29 00:42:37:964

Connecting Started...

<<<----  [OUT]
2020/10/29 00:42:40:012

I can't connect with the passive [192.168.100.113/5000] error_code:10061 !

<<<----  [OUT]
2020/10/29 00:42:42:494

Connecting Started...

<<<----  [OUT]
2020/10/29 00:42:44:541

I can't connect with the passive [192.168.100.113/5000] error_code:10061 !

<<<----  [OUT]
2020/10/29 00:42:47:028

Connecting Started...

<<<----  [OUT]
2020/10/29 00:42:49:081

I can't connect with the passive [192.168.100.113/5000] error_code:10061 !

<<<----  [OUT]
2020/10/29 00:42:51:557

Connecting Started...

<<<----  [OUT]
2020/10/29 00:42:53:595

I can't connect with the passive [192.168.100.113/5000] error_code:10061 !

<<<----  [OUT]
2020/10/29 00:42:56:074

Connecting Started...

<<<----  [OUT]
2020/10/29 00:42:58:120

I can't connect with the passive [192.168.100.113/5000] error_code:10061 !

<<<----  [OUT]
2020/10/29 00:43:00:604

Connecting Started...

<<<----  [OUT]
2020/10/29 00:43:02:649

I can't connect with the passive [192.168.100.113/5000] error_code:10061 !

<<<----  [OUT]
2020/10/29 00:43:05:136

Connecting Started...

<<<----  [OUT]
2020/10/29 00:43:07:185

I can't connect with the passive [192.168.100.113/5000] error_code:10061 !

<<<----  [OUT]
2020/10/29 00:43:09:668

Connecting Started...

<<<----  [OUT]
2020/10/29 00:43:11:724

I can't connect with the passive [192.168.100.113/5000] error_code:10061 !

<<<----  [OUT]
2020/10/29 00:43:14:215

Connecting Started...

<<<----  [OUT]
2020/10/29 00:43:16:254

I can't connect with the passive [192.168.100.113/5000] error_code:10061 !

<<<----  [OUT]
2020/10/29 00:43:18:745

Connecting Started...

<<<----  [OUT]
2020/10/29 00:43:20:787

I can't connect with the passive [192.168.100.113/5000] error_code:10061 !

<<<----  [OUT]
2020/10/29 00:43:23:277

Connecting Started...

<<<----  [OUT]
2020/10/29 00:43:25:308

I can't connect with the passive [192.168.100.113/5000] error_code:10061 !

<<<----  [OUT]
2020/10/29 00:43:27:792

Connecting Started...

<<<----  [OUT]
2020/10/29 00:43:29:837

I can't connect with the passive [192.168.100.113/5000] error_code:10061 !

<<<----  [OUT]
2020/10/29 00:43:32:324

Connecting Started...

<<<----  [OUT]
2020/10/29 00:43:34:369

I can't connect with the passive [192.168.100.113/5000] error_code:10061 !

<<<----  [OUT]
2020/10/29 00:43:36:855

Connecting Started...

<<<----  [OUT]
2020/10/29 00:43:38:905

I can't connect with the passive [192.168.100.113/5000] error_code:10061 !

<<<----  [OUT]
2020/10/29 00:43:41:387

Connecting Started...

<<<----  [OUT]
2020/10/29 00:43:43:435

I can't connect with the passive [192.168.100.113/5000] error_code:10061 !

<<<----  [OUT]
2020/10/29 00:43:45:918

Connecting Started...

<<<----  [OUT]
2020/10/29 00:43:47:963

I can't connect with the passive [192.168.100.113/5000] error_code:10061 !

<<<----  [OUT]
2020/10/29 00:43:50:448

Connecting Started...

<<<----  [OUT]
2020/10/29 00:43:52:478

I can't connect with the passive [192.168.100.113/5000] error_code:10061 !

<<<----  [OUT]
2020/10/29 00:43:54:965

Connecting Started...

<<<----  [OUT]
2020/10/29 00:43:57:000

I can't connect with the passive [192.168.100.113/5000] error_code:10061 !

<<<----  [OUT]
2020/10/29 00:43:59:480

Connecting Started...

<<<----  [OUT]
2020/10/29 00:44:01:523

I can't connect with the passive [192.168.100.113/5000] error_code:10061 !

<<<----  [OUT]
2020/10/29 00:44:04:012

Connecting Started...

<<<----  [OUT]
2020/10/29 00:44:06:046

I can't connect with the passive [192.168.100.113/5000] error_code:10061 !

<<<----  [OUT]
2020/10/29 00:44:08:526

Connecting Started...

<<<----  [OUT]
2020/10/29 00:44:10:564

I can't connect with the passive [192.168.100.113/5000] error_code:10061 !

<<<----  [OUT]
2020/10/29 00:44:13:042

Connecting Started...

<<<----  [OUT]
2020/10/29 00:44:15:076

I can't connect with the passive [192.168.100.113/5000] error_code:10061 !

<<<----  [OUT]
2020/10/29 00:44:17:557

Connecting Started...

<<<----  [OUT]
2020/10/29 00:44:19:597

I can't connect with the passive [192.168.100.113/5000] error_code:10061 !

<<<----  [OUT]
2020/10/29 00:44:22:074

Connecting Started...

<<<----  [OUT]
2020/10/29 00:44:24:106

I can't connect with the passive [192.168.100.113/5000] error_code:10061 !

<<<----  [OUT]
2020/10/29 00:44:26:590

Connecting Started...

<<<----  [OUT]
2020/10/29 00:44:28:628

I can't connect with the passive [192.168.100.113/5000] error_code:10061 !

<<<----  [OUT]
2020/10/29 00:44:31:104

Connecting Started...

<<<----  [OUT]
2020/10/29 00:44:33:151

I can't connect with the passive [192.168.100.113/5000] error_code:10061 !

<<<----  [OUT]
2020/10/29 00:44:35:637

Connecting Started...

<<<----  [OUT]
2020/10/29 00:44:37:682

I can't connect with the passive [192.168.100.113/5000] error_code:10061 !

<<<----  [OUT]
2020/10/29 00:44:40:168

Connecting Started...

<<<----  [OUT]
2020/10/29 00:44:42:212

I can't connect with the passive [192.168.100.113/5000] error_code:10061 !

<<<----  [OUT]
2020/10/29 00:44:44:699

Connecting Started...

<<<----  [OUT]
2020/10/29 00:44:46:748

I can't connect with the passive [192.168.100.113/5000] error_code:10061 !

<<<----  [OUT]
2020/10/29 00:44:49:231

Connecting Started...

<<<----  [OUT]
2020/10/29 00:44:51:281

I can't connect with the passive [192.168.100.113/5000] error_code:10061 !

<<<----  [OUT]
2020/10/29 00:44:53:761

Connecting Started...

<<<----  [OUT]
2020/10/29 00:44:55:796

I can't connect with the passive [192.168.100.113/5000] error_code:10061 !

<<<----  [OUT]
2020/10/29 00:44:58:278

Connecting Started...

<<<----  [OUT]
2020/10/29 00:45:00:332

I can't connect with the passive [192.168.100.113/5000] error_code:10061 !

<<<----  [OUT]
2020/10/29 00:45:02:823

Connecting Started...

<<<----  [OUT]
2020/10/29 00:45:04:878

I can't connect with the passive [192.168.100.113/5000] error_code:10061 !

<<<----  [OUT]
2020/10/29 00:45:07:354

Connecting Started...

<<<----  [OUT]
2020/10/29 00:45:09:406

I can't connect with the passive [192.168.100.113/5000] error_code:10061 !

<<<----  [OUT]
2020/10/29 00:45:11:886

Connecting Started...

<<<----  [OUT]
2020/10/29 00:45:13:932

I can't connect with the passive [192.168.100.113/5000] error_code:10061 !

<<<----  [OUT]
2020/10/29 00:45:16:418

Connecting Started...

<<<----  [OUT]
2020/10/29 00:45:18:456

I can't connect with the passive [192.168.100.113/5000] error_code:10061 !

<<<----  [OUT]
2020/10/29 00:45:20:934

Connecting Started...

<<<----  [OUT]
2020/10/29 00:45:22:965

I can't connect with the passive [192.168.100.113/5000] error_code:10061 !

<<<----  [OUT]
2020/10/29 00:45:25:448

Connecting Started...

<<<----  [OUT]
2020/10/29 00:45:27:496

I can't connect with the passive [192.168.100.113/5000] error_code:10061 !

<<<----  [OUT]
2020/10/29 00:45:29:979

Connecting Started...

<<<----  [OUT]
2020/10/29 00:45:32:004

I can't connect with the passive [192.168.100.113/5000] error_code:10061 !

<<<----  [OUT]
2020/10/29 00:45:34:495

Connecting Started...

<<<----  [OUT]
2020/10/29 00:45:36:550

I can't connect with the passive [192.168.100.113/5000] error_code:10061 !

<<<----  [OUT]
2020/10/29 00:45:39:027

Connecting Started...

<<<----  [OUT]
2020/10/29 00:45:41:073

I can't connect with the passive [192.168.100.113/5000] error_code:10061 !

<<<----  [OUT]
2020/10/29 00:45:43:557

Connecting Started...

<<<----  [OUT]
2020/10/29 00:45:45:607

I can't connect with the passive [192.168.100.113/5000] error_code:10061 !

<<<----  [OUT]
2020/10/29 00:45:48:089

Connecting Started...

<<<----  [OUT]
2020/10/29 00:45:50:134

I can't connect with the passive [192.168.100.113/5000] error_code:10061 !

<<<----  [OUT]
2020/10/29 00:45:52:621

Connecting Started...

<<<----  [OUT]
2020/10/29 00:45:54:669

I can't connect with the passive [192.168.100.113/5000] error_code:10061 !

<<<----  [OUT]
2020/10/29 00:45:57:152

Connecting Started...

<<<----  [OUT]
2020/10/29 00:45:59:197

I can't connect with the passive [192.168.100.113/5000] error_code:10061 !

<<<----  [OUT]
2020/10/29 00:46:01:684

Connecting Started...

<<<----  [OUT]
2020/10/29 00:46:03:741

I can't connect with the passive [192.168.100.113/5000] error_code:10061 !

<<<----  [OUT]
2020/10/29 00:46:06:230

Connecting Started...

<<<----  [OUT]
2020/10/29 00:46:08:282

I can't connect with the passive [192.168.100.113/5000] error_code:10061 !

<<<----  [OUT]
2020/10/29 00:46:10:762

Connecting Started...

<<<----  [OUT]
2020/10/29 00:46:12:801

I can't connect with the passive [192.168.100.113/5000] error_code:10061 !

<<<----  [OUT]
2020/10/29 00:46:15:293

Connecting Started...

<<<----  [OUT]
2020/10/29 00:46:17:324

I can't connect with the passive [192.168.100.113/5000] error_code:10061 !

<<<----  [OUT]
2020/10/29 00:46:19:809

Connecting Started...

<<<----  [OUT]
2020/10/29 00:46:21:862

I can't connect with the passive [192.168.100.113/5000] error_code:10061 !

<<<----  [OUT]
2020/10/29 00:46:24:338

Connecting Started...

<<<----  [OUT]
2020/10/29 00:46:26:388

I can't connect with the passive [192.168.100.113/5000] error_code:10061 !

<<<----  [OUT]
2020/10/29 00:46:28:870

Connecting Started...

<<<----  [OUT]
2020/10/29 00:46:30:927

I can't connect with the passive [192.168.100.113/5000] error_code:10061 !

<<<----  [OUT]
2020/10/29 00:46:33:418

Connecting Started...

<<<----  [OUT]
2020/10/29 00:46:35:452

I can't connect with the passive [192.168.100.113/5000] error_code:10061 !

<<<----  [OUT]
2020/10/29 00:46:37:932

Connecting Started...

<<<----  [OUT]
2020/10/29 00:46:39:972

I can't connect with the passive [192.168.100.113/5000] error_code:10061 !

<<<----  [OUT]
2020/10/29 00:46:42:448

Connecting Started...

<<<----  [OUT]
2020/10/29 00:46:44:496

I can't connect with the passive [192.168.100.113/5000] error_code:10061 !

<<<----  [OUT]
2020/10/29 00:46:46:980

Connecting Started...

<<<----  [OUT]
2020/10/29 00:46:49:015

I can't connect with the passive [192.168.100.113/5000] error_code:10061 !

<<<----  [OUT]
2020/10/29 00:46:51:496

Connecting Started...

<<<----  [OUT]
2020/10/29 00:46:53:530

I can't connect with the passive [192.168.100.113/5000] error_code:10061 !

<<<----  [OUT]
2020/10/29 00:46:56:011

Connecting Started...

<<<----  [OUT]
2020/10/29 00:46:58:047

I can't connect with the passive [192.168.100.113/5000] error_code:10061 !

<<<----  [OUT]
2020/10/29 00:47:00:527

Connecting Started...

<<<----  [OUT]
2020/10/29 00:47:02:560

I can't connect with the passive [192.168.100.113/5000] error_code:10061 !

<<<----  [OUT]
2020/10/29 00:47:05:042

Connecting Started...

<<<----  [OUT]
2020/10/29 00:47:07:083

I can't connect with the passive [192.168.100.113/5000] error_code:10061 !

<<<----  [OUT]
2020/10/29 00:47:09:574

Connecting Started...

<<<----  [OUT]
2020/10/29 00:47:11:624

I can't connect with the passive [192.168.100.113/5000] error_code:10061 !

<<<----  [OUT]
2020/10/29 00:47:14:106

Connecting Started...

<<<----  [OUT]
2020/10/29 00:47:16:156

I can't connect with the passive [192.168.100.113/5000] error_code:10061 !

<<<----  [OUT]
2020/10/29 00:47:18:636

Connecting Started...

<<<----  [OUT]
2020/10/29 00:47:20:683

I can't connect with the passive [192.168.100.113/5000] error_code:10061 !

<<<----  [OUT]
2020/10/29 00:47:23:167

Connecting Started...

<<<----  [OUT]
2020/10/29 00:47:25:212

I can't connect with the passive [192.168.100.113/5000] error_code:10061 !

<<<----  [OUT]
2020/10/29 00:47:27:699

Connecting Started...

<<<----  [OUT]
2020/10/29 00:47:29:731

I can't connect with the passive [192.168.100.113/5000] error_code:10061 !

<<<----  [OUT]
2020/10/29 00:47:32:214

Connecting Started...

<<<----  [OUT]
2020/10/29 00:47:34:253

I can't connect with the passive [192.168.100.113/5000] error_code:10061 !

<<<----  [OUT]
2020/10/29 00:47:36:730

Connecting Started...

<<<----  [OUT]
2020/10/29 00:47:38:771

I can't connect with the passive [192.168.100.113/5000] error_code:10061 !

<<<----  [OUT]
2020/10/29 00:47:41:262

Connecting Started...

<<<----  [OUT]
2020/10/29 00:47:43:315

I can't connect with the passive [192.168.100.113/5000] error_code:10061 !

<<<----  [OUT]
2020/10/29 00:47:45:792

Connecting Started...

<<<----  [OUT]
2020/10/29 00:47:47:841

I can't connect with the passive [192.168.100.113/5000] error_code:10061 !

<<<----  [OUT]
2020/10/29 00:47:50:325

Connecting Started...

<<<----  [OUT]
2020/10/29 00:47:52:371

I can't connect with the passive [192.168.100.113/5000] error_code:10061 !

<<<----  [OUT]
2020/10/29 00:47:54:855

Connecting Started...

<<<----  [OUT]
2020/10/29 00:47:56:897

I can't connect with the passive [192.168.100.113/5000] error_code:10061 !

<<<----  [OUT]
2020/10/29 00:47:59:387

Connecting Started...

<<<----  [OUT]
2020/10/29 00:48:01:423

I can't connect with the passive [192.168.100.113/5000] error_code:10061 !

<<<----  [OUT]
2020/10/29 00:48:03:901

Connecting Started...

<<<----  [OUT]
2020/10/29 00:48:05:930

I can't connect with the passive [192.168.100.113/5000] error_code:10061 !

<<<----  [OUT]
2020/10/29 00:48:08:417

Connecting Started...

<<<----  [OUT]
2020/10/29 00:48:10:462

I can't connect with the passive [192.168.100.113/5000] error_code:10061 !

<<<----  [OUT]
2020/10/29 00:48:12:948

Connecting Started...

<<<----  [OUT]
2020/10/29 00:48:14:994

I can't connect with the passive [192.168.100.113/5000] error_code:10061 !

<<<----  [OUT]
2020/10/29 00:48:17:479

Connecting Started...

<<<----  [OUT]
2020/10/29 00:48:19:528

I can't connect with the passive [192.168.100.113/5000] error_code:10061 !

<<<----  [OUT]
2020/10/29 00:48:22:012

Connecting Started...

<<<----  [OUT]
2020/10/29 00:48:24:066

I can't connect with the passive [192.168.100.113/5000] error_code:10061 !

<<<----  [OUT]
2020/10/29 00:48:26:559

Connecting Started...

<<<----  [OUT]
2020/10/29 00:48:28:601

I can't connect with the passive [192.168.100.113/5000] error_code:10061 !

<<<----  [OUT]
2020/10/29 00:48:31:089

Connecting Started...

<<<----  [OUT]
2020/10/29 00:48:33:135

I can't connect with the passive [192.168.100.113/5000] error_code:10061 !

<<<----  [OUT]
2020/10/29 00:48:35:620

Connecting Started...

<<<----  [OUT]
2020/10/29 00:48:37:667

I can't connect with the passive [192.168.100.113/5000] error_code:10061 !

<<<----  [OUT]
2020/10/29 00:48:40:152

Connecting Started...

<<<----  [OUT]
2020/10/29 00:48:42:190

I can't connect with the passive [192.168.100.113/5000] error_code:10061 !

<<<----  [OUT]
2020/10/29 00:48:44:667

Connecting Started...

<<<----  [OUT]
2020/10/29 00:48:46:710

I can't connect with the passive [192.168.100.113/5000] error_code:10061 !

<<<----  [OUT]
2020/10/29 00:48:49:199

Connecting Started...

<<<----  [OUT]
2020/10/29 00:48:51:242

I can't connect with the passive [192.168.100.113/5000] error_code:10061 !

<<<----  [OUT]
2020/10/29 00:48:53:730

Connecting Started...

<<<----  [OUT]
2020/10/29 00:48:55:789

I can't connect with the passive [192.168.100.113/5000] error_code:10061 !

<<<----  [OUT]
2020/10/29 00:48:58:276

Connecting Started...

<<<----  [OUT]
2020/10/29 00:49:00:319

I can't connect with the passive [192.168.100.113/5000] error_code:10061 !

<<<----  [OUT]
2020/10/29 00:49:02:809

Connecting Started...

<<<----  [OUT]
2020/10/29 00:49:04:850

I can't connect with the passive [192.168.100.113/5000] error_code:10061 !

<<<----  [OUT]
2020/10/29 00:49:07:340

Connecting Started...

<<<----  [OUT]
2020/10/29 00:49:09:394

I can't connect with the passive [192.168.100.113/5000] error_code:10061 !

<<<----  [OUT]
2020/10/29 00:49:11:871

Connecting Started...

<<<----  [OUT]
2020/10/29 00:49:13:911

I can't connect with the passive [192.168.100.113/5000] error_code:10061 !

<<<----  [OUT]
2020/10/29 00:49:16:401

Connecting Started...

<<<----  [OUT]
2020/10/29 00:49:18:453

I can't connect with the passive [192.168.100.113/5000] error_code:10061 !

<<<----  [OUT]
2020/10/29 00:49:20:932

Connecting Started...

<<<----  [OUT]
2020/10/29 00:49:22:975

I can't connect with the passive [192.168.100.113/5000] error_code:10061 !

<<<----  [OUT]
2020/10/29 00:49:25:463

Connecting Started...

<<<----  [OUT]
2020/10/29 00:49:27:502

I can't connect with the passive [192.168.100.113/5000] error_code:10061 !

<<<----  [OUT]
2020/10/29 00:49:29:979

Connecting Started...

<<<----  [OUT]
2020/10/29 00:49:32:023

I can't connect with the passive [192.168.100.113/5000] error_code:10061 !

<<<----  [OUT]
2020/10/29 00:49:34:512

Connecting Started...

<<<----  [OUT]
2020/10/29 00:49:36:567

I can't connect with the passive [192.168.100.113/5000] error_code:10061 !

<<<----  [OUT]
2020/10/29 00:49:39:059

Connecting Started...

<<<----  [OUT]
2020/10/29 00:49:41:102

I can't connect with the passive [192.168.100.113/5000] error_code:10061 !

<<<----  [OUT]
2020/10/29 00:49:43:590

Connecting Started...

<<<----  [OUT]
2020/10/29 00:49:45:636

I can't connect with the passive [192.168.100.113/5000] error_code:10061 !

<<<----  [OUT]
2020/10/29 00:49:48:120

Connecting Started...

<<<----  [OUT]
2020/10/29 00:49:50:155

I can't connect with the passive [192.168.100.113/5000] error_code:10061 !

<<<----  [OUT]
2020/10/29 00:49:52:636

Connecting Started...

<<<----  [OUT]
2020/10/29 00:49:54:681

I can't connect with the passive [192.168.100.113/5000] error_code:10061 !

<<<----  [OUT]
2020/10/29 00:49:57:166

Connecting Started...

<<<----  [OUT]
2020/10/29 00:49:59:202

I can't connect with the passive [192.168.100.113/5000] error_code:10061 !

<<<----  [OUT]
2020/10/29 00:50:01:683

Connecting Started...

<<<----  [OUT]
2020/10/29 00:50:03:729

I can't connect with the passive [192.168.100.113/5000] error_code:10061 !

<<<----  [OUT]
2020/10/29 00:50:06:213

Connecting Started...

<<<----  [OUT]
2020/10/29 00:50:08:257

I can't connect with the passive [192.168.100.113/5000] error_code:10061 !

<<<----  [OUT]
2020/10/29 00:50:10:745

Connecting Started...

<<<----  [OUT]
2020/10/29 00:50:12:796

I can't connect with the passive [192.168.100.113/5000] error_code:10061 !

<<<----  [OUT]
2020/10/29 00:50:15:277

Connecting Started...

<<<----  [OUT]
2020/10/29 00:50:17:324

I can't connect with the passive [192.168.100.113/5000] error_code:10061 !

<<<----  [OUT]
2020/10/29 00:50:19:808

Connecting Started...

<<<----  [OUT]
2020/10/29 00:50:21:863

I can't connect with the passive [192.168.100.113/5000] error_code:10061 !

<<<----  [OUT]
2020/10/29 00:50:24:356

Connecting Started...

<<<----  [OUT]
2020/10/29 00:50:26:389

I can't connect with the passive [192.168.100.113/5000] error_code:10061 !

<<<----  [OUT]
2020/10/29 00:50:28:871

Connecting Started...

<<<----  [OUT]
2020/10/29 00:50:30:901

I can't connect with the passive [192.168.100.113/5000] error_code:10061 !

<<<----  [OUT]
2020/10/29 00:50:33:386

Connecting Started...

<<<----  [OUT]
2020/10/29 00:50:35:441

I can't connect with the passive [192.168.100.113/5000] error_code:10061 !

<<<----  [OUT]
2020/10/29 00:50:37:918

Connecting Started...

<<<----  [OUT]
2020/10/29 00:50:39:968

I can't connect with the passive [192.168.100.113/5000] error_code:10061 !

<<<----  [OUT]
2020/10/29 00:50:42:448

Connecting Started...

<<<----  [OUT]
2020/10/29 00:50:44:486

I can't connect with the passive [192.168.100.113/5000] error_code:10061 !

<<<----  [OUT]
2020/10/29 00:50:46:964

Connecting Started...

<<<----  [OUT]
2020/10/29 00:50:49:006

I can't connect with the passive [192.168.100.113/5000] error_code:10061 !

<<<----  [OUT]
2020/10/29 00:50:51:495

Connecting Started...

<<<----  [OUT]
2020/10/29 00:50:53:529

I can't connect with the passive [192.168.100.113/5000] error_code:10061 !

<<<----  [OUT]
2020/10/29 00:50:56:010

Connecting Started...

<<<----  [OUT]
2020/10/29 00:50:58:059

I can't connect with the passive [192.168.100.113/5000] error_code:10061 !

<<<----  [OUT]
2020/10/29 00:51:00:542

Connecting Started...

<<<----  [OUT]
2020/10/29 00:51:02:575

I can't connect with the passive [192.168.100.113/5000] error_code:10061 !

<<<----  [OUT]
2020/10/29 00:51:05:058

Connecting Started...

<<<----  [OUT]
2020/10/29 00:51:07:105

I can't connect with the passive [192.168.100.113/5000] error_code:10061 !

<<<----  [OUT]
2020/10/29 00:51:09:590

Connecting Started...

<<<----  [OUT]
2020/10/29 00:51:11:627

I can't connect with the passive [192.168.100.113/5000] error_code:10061 !

<<<----  [OUT]
2020/10/29 00:51:14:104

Connecting Started...

<<<----  [OUT]
2020/10/29 00:51:16:145

I can't connect with the passive [192.168.100.113/5000] error_code:10061 !

<<<----  [OUT]
2020/10/29 00:51:18:636

Connecting Started...

<<<----  [OUT]
2020/10/29 00:51:20:679

I can't connect with the passive [192.168.100.113/5000] error_code:10061 !

<<<----  [OUT]
2020/10/29 00:51:23:167

Connecting Started...

<<<----  [OUT]
2020/10/29 00:51:25:206

I can't connect with the passive [192.168.100.113/5000] error_code:10061 !

<<<----  [OUT]
2020/10/29 00:51:27:683

Connecting Started...

<<<----  [OUT]
2020/10/29 00:51:29:738

I can't connect with the passive [192.168.100.113/5000] error_code:10061 !

<<<----  [OUT]
2020/10/29 00:51:32:213

Connecting Started...

<<<----  [OUT]
2020/10/29 00:51:34:267

I can't connect with the passive [192.168.100.113/5000] error_code:10061 !

<<<----  [OUT]
2020/10/29 00:51:36:745

Connecting Started...

<<<----  [OUT]
2020/10/29 00:51:38:789

I can't connect with the passive [192.168.100.113/5000] error_code:10061 !

<<<----  [OUT]
2020/10/29 00:51:41:276

Connecting Started...

<<<----  [OUT]
2020/10/29 00:51:43:326

I can't connect with the passive [192.168.100.113/5000] error_code:10061 !

<<<----  [OUT]
2020/10/29 00:51:45:807

Connecting Started...

<<<----  [OUT]
2020/10/29 00:51:47:851

I can't connect with the passive [192.168.100.113/5000] error_code:10061 !

<<<----  [OUT]
2020/10/29 00:51:50:340

Connecting Started...

<<<----  [OUT]
2020/10/29 00:51:52:386

I can't connect with the passive [192.168.100.113/5000] error_code:10061 !

<<<----  [OUT]
2020/10/29 00:51:54:871

Connecting Started...

<<<----  [OUT]
2020/10/29 00:51:56:916

I can't connect with the passive [192.168.100.113/5000] error_code:10061 !

<<<----  [OUT]
2020/10/29 00:51:59:401

Connecting Started...

<<<----  [OUT]
2020/10/29 00:52:01:450

I can't connect with the passive [192.168.100.113/5000] error_code:10061 !

<<<----  [OUT]
2020/10/29 00:52:03:933

Connecting Started...

<<<----  [OUT]
2020/10/29 00:52:05:977

I can't connect with the passive [192.168.100.113/5000] error_code:10061 !

<<<----  [OUT]
2020/10/29 00:52:08:464

Connecting Started...

<<<----  [OUT]
2020/10/29 00:52:10:506

I can't connect with the passive [192.168.100.113/5000] error_code:10061 !

<<<----  [OUT]
2020/10/29 00:52:12:995

Connecting Started...

<<<----  [OUT]
2020/10/29 00:52:15:044

I can't connect with the passive [192.168.100.113/5000] error_code:10061 !

<<<----  [OUT]
2020/10/29 00:52:17:526

Connecting Started...

<<<----  [OUT]
2020/10/29 00:52:19:569

I can't connect with the passive [192.168.100.113/5000] error_code:10061 !

<<<----  [OUT]
2020/10/29 00:52:22:057

Connecting Started...

<<<----  [OUT]
2020/10/29 00:52:24:093

I can't connect with the passive [192.168.100.113/5000] error_code:10061 !

<<<----  [OUT]
2020/10/29 00:52:26:574

Connecting Started...

<<<----  [OUT]
2020/10/29 00:52:28:616

I can't connect with the passive [192.168.100.113/5000] error_code:10061 !

<<<----  [OUT]
2020/10/29 00:52:31:104

Connecting Started...

<<<----  [OUT]
2020/10/29 00:52:33:137

I can't connect with the passive [192.168.100.113/5000] error_code:10061 !

<<<----  [OUT]
2020/10/29 00:52:35:621

Connecting Started...

<<<----  [OUT]
2020/10/29 00:52:37:667

I can't connect with the passive [192.168.100.113/5000] error_code:10061 !

<<<----  [OUT]
2020/10/29 00:52:40:152

Connecting Started...

<<<----  [OUT]
2020/10/29 00:52:42:201

I can't connect with the passive [192.168.100.113/5000] error_code:10061 !

<<<----  [OUT]
2020/10/29 00:52:44:683

Connecting Started...

<<<----  [OUT]
2020/10/29 00:52:46:732

I can't connect with the passive [192.168.100.113/5000] error_code:10061 !

<<<----  [OUT]
2020/10/29 00:52:49:215

Connecting Started...

<<<----  [OUT]
2020/10/29 00:52:51:251

I can't connect with the passive [192.168.100.113/5000] error_code:10061 !

<<<----  [OUT]
2020/10/29 00:52:53:731

Connecting Started...

<<<----  [OUT]
2020/10/29 00:52:55:775

I can't connect with the passive [192.168.100.113/5000] error_code:10061 !

<<<----  [OUT]
2020/10/29 00:52:58:260

Connecting Started...

<<<----  [OUT]
2020/10/29 00:53:00:300

I can't connect with the passive [192.168.100.113/5000] error_code:10061 !

<<<----  [OUT]
2020/10/29 00:53:02:776

Connecting Started...

<<<----  [OUT]
2020/10/29 00:53:04:829

I can't connect with the passive [192.168.100.113/5000] error_code:10061 !

<<<----  [OUT]
2020/10/29 00:53:07:307

Connecting Started...

<<<----  [OUT]
2020/10/29 00:53:09:360

I can't connect with the passive [192.168.100.113/5000] error_code:10061 !

<<<----  [OUT]
2020/10/29 00:53:11:839

Connecting Started...

<<<----  [OUT]
2020/10/29 00:53:13:891

I can't connect with the passive [192.168.100.113/5000] error_code:10061 !

<<<----  [OUT]
2020/10/29 00:53:16:370

Connecting Started...

<<<----  [OUT]
2020/10/29 00:53:18:421

I can't connect with the passive [192.168.100.113/5000] error_code:10061 !

<<<----  [OUT]
2020/10/29 00:53:20:901

Connecting Started...

<<<----  [OUT]
2020/10/29 00:53:22:954

I can't connect with the passive [192.168.100.113/5000] error_code:10061 !

<<<----  [OUT]
2020/10/29 00:53:25:433

Connecting Started...

<<<----  [OUT]
2020/10/29 00:53:27:476

I can't connect with the passive [192.168.100.113/5000] error_code:10061 !

<<<----  [OUT]
2020/10/29 00:53:29:965

Connecting Started...

<<<----  [OUT]
2020/10/29 00:53:51:013

I can't connect with the passive [192.168.100.113/5000] error_code:10060 !

<<<----  [OUT]
2020/10/29 00:53:53:495

Connecting Started...

<<<----  [OUT]
2020/10/29 00:54:14:533

I can't connect with the passive [192.168.100.113/5000] error_code:10060 !

<<<----  [OUT]
2020/10/29 00:54:17:012

Connecting Started...

<<<----  [OUT]
2020/10/29 00:54:38:072

I can't connect with the passive [192.168.100.113/5000] error_code:10060 !

<<<----  [OUT]
2020/10/29 00:54:40:559

Connecting Started...

<<<----  [OUT]
2020/10/29 00:55:01:604

I can't connect with the passive [192.168.100.113/5000] error_code:10060 !

<<<----  [OUT]
2020/10/29 00:55:04:090

Connecting Started...

<<<----  [OUT]
2020/10/29 00:55:25:128

I can't connect with the passive [192.168.100.113/5000] error_code:10060 !

<<<----  [OUT]
2020/10/29 00:55:27:604

Connecting Started...

<<<----  [OUT]
2020/10/29 00:55:48:652

I can't connect with the passive [192.168.100.113/5000] error_code:10060 !

<<<----  [OUT]
2020/10/29 00:55:51:135

Connecting Started...

<<<----  [OUT]
2020/10/29 00:56:12:188

I can't connect with the passive [192.168.100.113/5000] error_code:10060 !

<<<----  [OUT]
2020/10/29 00:56:14:666

Connecting Started...

<<<----  [OUT]
2020/10/29 00:56:35:705

I can't connect with the passive [192.168.100.113/5000] error_code:10060 !

<<<----  [OUT]
2020/10/29 00:56:38:184

Connecting Started...

<<<----  [OUT]
2020/10/29 00:56:59:203

I can't connect with the passive [192.168.100.113/5000] error_code:10060 !

<<<----  [OUT]
2020/10/29 00:57:01:683

Connecting Started...

<<<----  [OUT]
2020/10/29 00:57:22:704

I can't connect with the passive [192.168.100.113/5000] error_code:10060 !

<<<----  [OUT]
2020/10/29 00:57:25:183

Connecting Started...

<<<----  [OUT]
2020/10/29 00:57:46:235

I can't connect with the passive [192.168.100.113/5000] error_code:10060 !

<<<----  [OUT]
2020/10/29 00:57:48:714

Connecting Started...

<<<----  [OUT]
2020/10/29 00:58:09:758

I can't connect with the passive [192.168.100.113/5000] error_code:10060 !

<<<----  [OUT]
2020/10/29 00:58:12:245

Connecting Started...

<<<----  [OUT]
2020/10/29 00:58:33:289

I can't connect with the passive [192.168.100.113/5000] error_code:10060 !

<<<----  [OUT]
2020/10/29 00:58:35:776

Connecting Started...

<<<----  [OUT]
2020/10/29 00:58:56:814

I can't connect with the passive [192.168.100.113/5000] error_code:10060 !

<<<----  [OUT]
2020/10/29 00:58:59:293

Connecting Started...

<<<----  [OUT]
2020/10/29 00:59:20:346

I can't connect with the passive [192.168.100.113/5000] error_code:10060 !

<<<----  [OUT]
2020/10/29 00:59:22:824

Connecting Started...

<<<----  [OUT]
2020/10/29 00:59:43:850

I can't connect with the passive [192.168.100.113/5000] error_code:10060 !

<<<----  [OUT]
2020/10/29 00:59:46:340

Connecting Started...
