
<<<----  [OUT]
2020/10/29 07:00:05:267

I can't connect with the passive [192.168.100.113/5000] error_code:10060 !

<<<----  [OUT]
2020/10/29 07:00:07:745

Connecting Started...

<<<----  [OUT]
2020/10/29 07:00:28:786

I can't connect with the passive [192.168.100.113/5000] error_code:10060 !

<<<----  [OUT]
2020/10/29 07:00:31:278

Connecting Started...

<<<----  [OUT]
2020/10/29 07:00:52:288

I can't connect with the passive [192.168.100.113/5000] error_code:10060 !

<<<----  [OUT]
2020/10/29 07:00:54:776

Connecting Started...

<<<----  [OUT]
2020/10/29 07:01:15:809

I can't connect with the passive [192.168.100.113/5000] error_code:10060 !

<<<----  [OUT]
2020/10/29 07:01:18:292

Connecting Started...

<<<----  [OUT]
2020/10/29 07:01:39:328

I can't connect with the passive [192.168.100.113/5000] error_code:10060 !

<<<----  [OUT]
2020/10/29 07:01:41:807

Connecting Started...

<<<----  [OUT]
2020/10/29 07:02:02:842

I can't connect with the passive [192.168.100.113/5000] error_code:10060 !

<<<----  [OUT]
2020/10/29 07:02:05:323

Connecting Started...

<<<----  [OUT]
2020/10/29 07:02:26:361

I can't connect with the passive [192.168.100.113/5000] error_code:10060 !

<<<----  [OUT]
2020/10/29 07:02:28:838

Connecting Started...

<<<----  [OUT]
2020/10/29 07:02:49:888

I can't connect with the passive [192.168.100.113/5000] error_code:10060 !

<<<----  [OUT]
2020/10/29 07:02:52:370

Connecting Started...

<<<----  [OUT]
2020/10/29 07:03:13:407

I can't connect with the passive [192.168.100.113/5000] error_code:10060 !

<<<----  [OUT]
2020/10/29 07:03:15:887

Connecting Started...

<<<----  [OUT]
2020/10/29 07:03:36:912

I can't connect with the passive [192.168.100.113/5000] error_code:10060 !

<<<----  [OUT]
2020/10/29 07:03:39:402

Connecting Started...

<<<----  [OUT]
2020/10/29 07:04:00:435

I can't connect with the passive [192.168.100.113/5000] error_code:10060 !

<<<----  [OUT]
2020/10/29 07:04:02:917

Connecting Started...

<<<----  [OUT]
2020/10/29 07:04:23:949

I can't connect with the passive [192.168.100.113/5000] error_code:10060 !

<<<----  [OUT]
2020/10/29 07:04:26:432

Connecting Started...

<<<----  [OUT]
2020/10/29 07:04:47:466

I can't connect with the passive [192.168.100.113/5000] error_code:10060 !

<<<----  [OUT]
2020/10/29 07:04:49:949

Connecting Started...

<<<----  [OUT]
2020/10/29 07:05:10:973

I can't connect with the passive [192.168.100.113/5000] error_code:10060 !

<<<----  [OUT]
2020/10/29 07:05:13:465

Connecting Started...

<<<----  [OUT]
2020/10/29 07:05:34:510

I can't connect with the passive [192.168.100.113/5000] error_code:10060 !

<<<----  [OUT]
2020/10/29 07:05:36:996

Connecting Started...

<<<----  [OUT]
2020/10/29 07:05:58:027

I can't connect with the passive [192.168.100.113/5000] error_code:10060 !

<<<----  [OUT]
2020/10/29 07:06:00:511

Connecting Started...

<<<----  [OUT]
2020/10/29 07:06:21:555

I can't connect with the passive [192.168.100.113/5000] error_code:10060 !

<<<----  [OUT]
2020/10/29 07:06:24:043

Connecting Started...

<<<----  [OUT]
2020/10/29 07:06:45:089

I can't connect with the passive [192.168.100.113/5000] error_code:10060 !

<<<----  [OUT]
2020/10/29 07:06:47:574

Connecting Started...

<<<----  [OUT]
2020/10/29 07:07:08:629

I can't connect with the passive [192.168.100.113/5000] error_code:10060 !

<<<----  [OUT]
2020/10/29 07:07:11:120

Connecting Started...

<<<----  [OUT]
2020/10/29 07:07:32:172

I can't connect with the passive [192.168.100.113/5000] error_code:10060 !

<<<----  [OUT]
2020/10/29 07:07:34:651

Connecting Started...

<<<----  [OUT]
2020/10/29 07:07:55:696

I can't connect with the passive [192.168.100.113/5000] error_code:10060 !

<<<----  [OUT]
2020/10/29 07:07:58:182

Connecting Started...

<<<----  [OUT]
2020/10/29 07:08:19:205

I can't connect with the passive [192.168.100.113/5000] error_code:10060 !

<<<----  [OUT]
2020/10/29 07:08:21:683

Connecting Started...

<<<----  [OUT]
2020/10/29 07:08:42:711

I can't connect with the passive [192.168.100.113/5000] error_code:10060 !

<<<----  [OUT]
2020/10/29 07:08:45:199

Connecting Started...

<<<----  [OUT]
2020/10/29 07:09:06:239

I can't connect with the passive [192.168.100.113/5000] error_code:10060 !

<<<----  [OUT]
2020/10/29 07:09:08:730

Connecting Started...

<<<----  [OUT]
2020/10/29 07:09:29:781

I can't connect with the passive [192.168.100.113/5000] error_code:10060 !

<<<----  [OUT]
2020/10/29 07:09:32:262

Connecting Started...

<<<----  [OUT]
2020/10/29 07:09:53:284

I can't connect with the passive [192.168.100.113/5000] error_code:10060 !

<<<----  [OUT]
2020/10/29 07:09:55:761

Connecting Started...

<<<----  [OUT]
2020/10/29 07:10:16:791

I can't connect with the passive [192.168.100.113/5000] error_code:10060 !

<<<----  [OUT]
2020/10/29 07:10:19:277

Connecting Started...

<<<----  [OUT]
2020/10/29 07:10:40:325

I can't connect with the passive [192.168.100.113/5000] error_code:10060 !

<<<----  [OUT]
2020/10/29 07:10:42:809

Connecting Started...

<<<----  [OUT]
2020/10/29 07:11:03:825

I can't connect with the passive [192.168.100.113/5000] error_code:10060 !

<<<----  [OUT]
2020/10/29 07:11:06:308

Connecting Started...

<<<----  [OUT]
2020/10/29 07:11:27:337

I can't connect with the passive [192.168.100.113/5000] error_code:10060 !

<<<----  [OUT]
2020/10/29 07:11:29:824

Connecting Started...

<<<----  [OUT]
2020/10/29 07:11:50:856

I can't connect with the passive [192.168.100.113/5000] error_code:10060 !

<<<----  [OUT]
2020/10/29 07:11:53:338

Connecting Started...

<<<----  [OUT]
2020/10/29 07:12:14:380

I can't connect with the passive [192.168.100.113/5000] error_code:10060 !

<<<----  [OUT]
2020/10/29 07:12:16:869

Connecting Started...

<<<----  [OUT]
2020/10/29 07:12:37:902

I can't connect with the passive [192.168.100.113/5000] error_code:10060 !

<<<----  [OUT]
2020/10/29 07:12:40:387

Connecting Started...

<<<----  [OUT]
2020/10/29 07:13:01:418

I can't connect with the passive [192.168.100.113/5000] error_code:10060 !

<<<----  [OUT]
2020/10/29 07:13:03:901

Connecting Started...

<<<----  [OUT]
2020/10/29 07:13:24:943

I can't connect with the passive [192.168.100.113/5000] error_code:10060 !

<<<----  [OUT]
2020/10/29 07:13:27:434

Connecting Started...

<<<----  [OUT]
2020/10/29 07:13:48:461

I can't connect with the passive [192.168.100.113/5000] error_code:10060 !

<<<----  [OUT]
2020/10/29 07:13:50:948

Connecting Started...

<<<----  [OUT]
2020/10/29 07:14:11:979

I can't connect with the passive [192.168.100.113/5000] error_code:10060 !

<<<----  [OUT]
2020/10/29 07:14:14:464

Connecting Started...

<<<----  [OUT]
2020/10/29 07:14:35:502

I can't connect with the passive [192.168.100.113/5000] error_code:10060 !

<<<----  [OUT]
2020/10/29 07:14:37:980

Connecting Started...

<<<----  [OUT]
2020/10/29 07:14:59:016

I can't connect with the passive [192.168.100.113/5000] error_code:10060 !

<<<----  [OUT]
2020/10/29 07:15:01:497

Connecting Started...

<<<----  [OUT]
2020/10/29 07:15:22:526

I can't connect with the passive [192.168.100.113/5000] error_code:10060 !

<<<----  [OUT]
2020/10/29 07:15:25:011

Connecting Started...

<<<----  [OUT]
2020/10/29 07:15:46:053

I can't connect with the passive [192.168.100.113/5000] error_code:10060 !

<<<----  [OUT]
2020/10/29 07:15:48:542

Connecting Started...

<<<----  [OUT]
2020/10/29 07:16:09:587

I can't connect with the passive [192.168.100.113/5000] error_code:10060 !

<<<----  [OUT]
2020/10/29 07:16:12:074

Connecting Started...

<<<----  [OUT]
2020/10/29 07:16:14:117

I can't connect with the passive [192.168.100.113/5000] error_code:10061 !

<<<----  [OUT]
2020/10/29 07:16:16:605

Connecting Started...

<<<----  [OUT]
2020/10/29 07:16:18:652

I can't connect with the passive [192.168.100.113/5000] error_code:10061 !

<<<----  [OUT]
2020/10/29 07:16:21:137

Connecting Started...

<<<----  [OUT]
2020/10/29 07:16:23:169

I can't connect with the passive [192.168.100.113/5000] error_code:10061 !

<<<----  [OUT]
2020/10/29 07:16:25:652

Connecting Started...

<<<----  [OUT]
2020/10/29 07:16:27:708

I can't connect with the passive [192.168.100.113/5000] error_code:10061 !

<<<----  [OUT]
2020/10/29 07:16:30:199

Connecting Started...

<<<----  [OUT]
2020/10/29 07:16:32:249

I can't connect with the passive [192.168.100.113/5000] error_code:10061 !

<<<----  [OUT]
2020/10/29 07:16:34:730

Connecting Started...

<<<----  [OUT]
2020/10/29 07:16:36:772

I can't connect with the passive [192.168.100.113/5000] error_code:10061 !

<<<----  [OUT]
2020/10/29 07:16:39:262

Connecting Started...

<<<----  [OUT]
2020/10/29 07:16:41:313

I can't connect with the passive [192.168.100.113/5000] error_code:10061 !

<<<----  [OUT]
2020/10/29 07:16:43:793

Connecting Started...

<<<----  [OUT]
2020/10/29 07:16:45:839

I can't connect with the passive [192.168.100.113/5000] error_code:10061 !

<<<----  [OUT]
2020/10/29 07:16:48:323

Connecting Started...

<<<----  [OUT]
2020/10/29 07:16:50:365

I can't connect with the passive [192.168.100.113/5000] error_code:10061 !

<<<----  [OUT]
2020/10/29 07:16:52:855

Connecting Started...

<<<----  [OUT]
2020/10/29 07:16:54:883

I can't connect with the passive [192.168.100.113/5000] error_code:10061 !

<<<----  [OUT]
2020/10/29 07:16:57:371

Connecting Started...

<<<----  [OUT]
2020/10/29 07:16:59:424

I can't connect with the passive [192.168.100.113/5000] error_code:10061 !

<<<----  [OUT]
2020/10/29 07:17:01:902

Connecting Started...

<<<----  [OUT]
2020/10/29 07:17:03:942

I can't connect with the passive [192.168.100.113/5000] error_code:10061 !

<<<----  [OUT]
2020/10/29 07:17:06:433

Connecting Started...

<<<----  [OUT]
2020/10/29 07:17:08:483

I can't connect with the passive [192.168.100.113/5000] error_code:10061 !

<<<----  [OUT]
2020/10/29 07:17:10:963

Connecting Started...

<<<----  [OUT]
2020/10/29 07:17:13:009

I can't connect with the passive [192.168.100.113/5000] error_code:10061 !

<<<----  [OUT]
2020/10/29 07:17:15:496

Connecting Started...

<<<----  [OUT]
2020/10/29 07:17:17:541

I can't connect with the passive [192.168.100.113/5000] error_code:10061 !

<<<----  [OUT]
2020/10/29 07:17:20:026

Connecting Started...

<<<----  [OUT]
2020/10/29 07:17:22:067

I can't connect with the passive [192.168.100.113/5000] error_code:10061 !

<<<----  [OUT]
2020/10/29 07:17:24:557

Connecting Started...

<<<----  [OUT]
2020/10/29 07:17:26:603

I can't connect with the passive [192.168.100.113/5000] error_code:10061 !

<<<----  [OUT]
2020/10/29 07:17:29:090

Connecting Started...

<<<----  [OUT]
2020/10/29 07:17:31:144

I can't connect with the passive [192.168.100.113/5000] error_code:10061 !

<<<----  [OUT]
2020/10/29 07:17:33:620

Connecting Started...

<<<----  [OUT]
2020/10/29 07:17:35:670

I can't connect with the passive [192.168.100.113/5000] error_code:10061 !

<<<----  [OUT]
2020/10/29 07:17:38:153

Connecting Started...

<<<----  [OUT]
2020/10/29 07:17:40:205

I can't connect with the passive [192.168.100.113/5000] error_code:10061 !

<<<----  [OUT]
2020/10/29 07:17:42:684

Connecting Started...

<<<----  [OUT]
2020/10/29 07:17:44:728

I can't connect with the passive [192.168.100.113/5000] error_code:10061 !

<<<----  [OUT]
2020/10/29 07:17:47:213

Connecting Started...

<<<----  [OUT]
2020/10/29 07:17:49:260

I can't connect with the passive [192.168.100.113/5000] error_code:10061 !

<<<----  [OUT]
2020/10/29 07:17:51:745

Connecting Started...

<<<----  [OUT]
2020/10/29 07:17:53:798

I can't connect with the passive [192.168.100.113/5000] error_code:10061 !

<<<----  [OUT]
2020/10/29 07:17:56:276

Connecting Started...

<<<----  [OUT]
2020/10/29 07:17:58:331

I can't connect with the passive [192.168.100.113/5000] error_code:10061 !

<<<----  [OUT]
2020/10/29 07:18:00:808

Connecting Started...

<<<----  [OUT]
2020/10/29 07:18:02:845

I can't connect with the passive [192.168.100.113/5000] error_code:10061 !

<<<----  [OUT]
2020/10/29 07:18:05:323

Connecting Started...

<<<----  [OUT]
2020/10/29 07:18:07:358

I can't connect with the passive [192.168.100.113/5000] error_code:10061 !

<<<----  [OUT]
2020/10/29 07:18:09:839

Connecting Started...

<<<----  [OUT]
2020/10/29 07:18:11:884

I can't connect with the passive [192.168.100.113/5000] error_code:10061 !

<<<----  [OUT]
2020/10/29 07:18:14:371

Connecting Started...

<<<----  [OUT]
2020/10/29 07:18:16:424

I can't connect with the passive [192.168.100.113/5000] error_code:10061 !

<<<----  [OUT]
2020/10/29 07:18:18:902

Connecting Started...

<<<----  [OUT]
2020/10/29 07:18:20:960

I can't connect with the passive [192.168.100.113/5000] error_code:10061 !

<<<----  [OUT]
2020/10/29 07:18:23:448

Connecting Started...

<<<----  [OUT]
2020/10/29 07:18:25:499

I can't connect with the passive [192.168.100.113/5000] error_code:10061 !

<<<----  [OUT]
2020/10/29 07:18:27:981

Connecting Started...

<<<----  [OUT]
2020/10/29 07:18:30:033

I can't connect with the passive [192.168.100.113/5000] error_code:10061 !

<<<----  [OUT]
2020/10/29 07:18:32:512

Connecting Started...

<<<----  [OUT]
2020/10/29 07:18:34:546

I can't connect with the passive [192.168.100.113/5000] error_code:10061 !

<<<----  [OUT]
2020/10/29 07:18:37:026

Connecting Started...

<<<----  [OUT]
2020/10/29 07:18:39:061

I can't connect with the passive [192.168.100.113/5000] error_code:10061 !

<<<----  [OUT]
2020/10/29 07:18:41:543

Connecting Started...

<<<----  [OUT]
2020/10/29 07:18:43:591

I can't connect with the passive [192.168.100.113/5000] error_code:10061 !

<<<----  [OUT]
2020/10/29 07:18:46:073

Connecting Started...

<<<----  [OUT]
2020/10/29 07:18:48:120

I can't connect with the passive [192.168.100.113/5000] error_code:10061 !

<<<----  [OUT]
2020/10/29 07:18:50:604

Connecting Started...

<<<----  [OUT]
2020/10/29 07:18:52:640

I can't connect with the passive [192.168.100.113/5000] error_code:10061 !

<<<----  [OUT]
2020/10/29 07:18:55:121

Connecting Started...

<<<----  [OUT]
2020/10/29 07:18:57:167

I can't connect with the passive [192.168.100.113/5000] error_code:10061 !

<<<----  [OUT]
2020/10/29 07:18:59:652

Connecting Started...

<<<----  [OUT]
2020/10/29 07:19:01:697

I can't connect with the passive [192.168.100.113/5000] error_code:10061 !

<<<----  [OUT]
2020/10/29 07:19:04:183

Connecting Started...

<<<----  [OUT]
2020/10/29 07:19:06:230

I can't connect with the passive [192.168.100.113/5000] error_code:10061 !

<<<----  [OUT]
2020/10/29 07:19:08:714

Connecting Started...

<<<----  [OUT]
2020/10/29 07:19:10:765

I can't connect with the passive [192.168.100.113/5000] error_code:10061 !

<<<----  [OUT]
2020/10/29 07:19:13:244

Connecting Started...

<<<----  [OUT]
2020/10/29 07:19:15:286

I can't connect with the passive [192.168.100.113/5000] error_code:10061 !

<<<----  [OUT]
2020/10/29 07:19:17:777

Connecting Started...

<<<----  [OUT]
2020/10/29 07:19:19:814

I can't connect with the passive [192.168.100.113/5000] error_code:10061 !

<<<----  [OUT]
2020/10/29 07:19:22:292

Connecting Started...

<<<----  [OUT]
2020/10/29 07:19:24:332

I can't connect with the passive [192.168.100.113/5000] error_code:10061 !

<<<----  [OUT]
2020/10/29 07:19:26:807

Connecting Started...

<<<----  [OUT]
2020/10/29 07:19:28:841

I can't connect with the passive [192.168.100.113/5000] error_code:10061 !

<<<----  [OUT]
2020/10/29 07:19:31:324

Connecting Started...

<<<----  [OUT]
2020/10/29 07:19:33:377

I can't connect with the passive [192.168.100.113/5000] error_code:10061 !

<<<----  [OUT]
2020/10/29 07:19:35:854

Connecting Started...

<<<----  [OUT]
2020/10/29 07:19:37:905

I can't connect with the passive [192.168.100.113/5000] error_code:10061 !

<<<----  [OUT]
2020/10/29 07:19:40:386

Connecting Started...

<<<----  [OUT]
2020/10/29 07:19:42:437

I can't connect with the passive [192.168.100.113/5000] error_code:10061 !

<<<----  [OUT]
2020/10/29 07:19:44:918

Connecting Started...

<<<----  [OUT]
2020/10/29 07:19:46:973

I can't connect with the passive [192.168.100.113/5000] error_code:10061 !

<<<----  [OUT]
2020/10/29 07:19:49:464

Connecting Started...

<<<----  [OUT]
2020/10/29 07:19:51:518

I can't connect with the passive [192.168.100.113/5000] error_code:10061 !

<<<----  [OUT]
2020/10/29 07:19:53:995

Connecting Started...

<<<----  [OUT]
2020/10/29 07:19:56:045

I can't connect with the passive [192.168.100.113/5000] error_code:10061 !

<<<----  [OUT]
2020/10/29 07:19:58:528

Connecting Started...

<<<----  [OUT]
2020/10/29 07:20:00:565

I can't connect with the passive [192.168.100.113/5000] error_code:10061 !

<<<----  [OUT]
2020/10/29 07:20:03:042

Connecting Started...

<<<----  [OUT]
2020/10/29 07:20:05:082

I can't connect with the passive [192.168.100.113/5000] error_code:10061 !

<<<----  [OUT]
2020/10/29 07:20:07:558

Connecting Started...

<<<----  [OUT]
2020/10/29 07:20:09:602

I can't connect with the passive [192.168.100.113/5000] error_code:10061 !

<<<----  [OUT]
2020/10/29 07:20:12:089

Connecting Started...

<<<----  [OUT]
2020/10/29 07:20:14:131

I can't connect with the passive [192.168.100.113/5000] error_code:10061 !

<<<----  [OUT]
2020/10/29 07:20:16:620

Connecting Started...

<<<----  [OUT]
2020/10/29 07:20:18:672

I can't connect with the passive [192.168.100.113/5000] error_code:10061 !

<<<----  [OUT]
2020/10/29 07:20:21:152

Connecting Started...

<<<----  [OUT]
2020/10/29 07:20:23:199

I can't connect with the passive [192.168.100.113/5000] error_code:10061 !

<<<----  [OUT]
2020/10/29 07:20:25:682

Connecting Started...

<<<----  [OUT]
2020/10/29 07:20:27:734

I can't connect with the passive [192.168.100.113/5000] error_code:10061 !

<<<----  [OUT]
2020/10/29 07:20:30:215

Connecting Started...

<<<----  [OUT]
2020/10/29 07:20:32:267

I can't connect with the passive [192.168.100.113/5000] error_code:10061 !

<<<----  [OUT]
2020/10/29 07:20:34:745

Connecting Started...

<<<----  [OUT]
2020/10/29 07:20:36:798

I can't connect with the passive [192.168.100.113/5000] error_code:10061 !

<<<----  [OUT]
2020/10/29 07:20:39:278

Connecting Started...

<<<----  [OUT]
2020/10/29 07:20:41:312

I can't connect with the passive [192.168.100.113/5000] error_code:10061 !

<<<----  [OUT]
2020/10/29 07:20:43:791

Connecting Started...

<<<----  [OUT]
2020/10/29 07:20:45:835

I can't connect with the passive [192.168.100.113/5000] error_code:10061 !

<<<----  [OUT]
2020/10/29 07:20:48:324

Connecting Started...

<<<----  [OUT]
2020/10/29 07:20:50:377

I can't connect with the passive [192.168.100.113/5000] error_code:10061 !

<<<----  [OUT]
2020/10/29 07:20:52:854

Connecting Started...

<<<----  [OUT]
2020/10/29 07:20:54:907

I can't connect with the passive [192.168.100.113/5000] error_code:10061 !

<<<----  [OUT]
2020/10/29 07:20:57:385

Connecting Started...

<<<----  [OUT]
2020/10/29 07:20:59:434

I can't connect with the passive [192.168.100.113/5000] error_code:10061 !

<<<----  [OUT]
2020/10/29 07:21:01:918

Connecting Started...

<<<----  [OUT]
2020/10/29 07:21:03:960

I can't connect with the passive [192.168.100.113/5000] error_code:10061 !

<<<----  [OUT]
2020/10/29 07:21:06:449

Connecting Started...

<<<----  [OUT]
2020/10/29 07:21:08:486

I can't connect with the passive [192.168.100.113/5000] error_code:10061 !

<<<----  [OUT]
2020/10/29 07:21:10:964

Connecting Started...

<<<----  [OUT]
2020/10/29 07:21:13:006

I can't connect with the passive [192.168.100.113/5000] error_code:10061 !

<<<----  [OUT]
2020/10/29 07:21:15:495

Connecting Started...

<<<----  [OUT]
2020/10/29 07:21:17:541

I can't connect with the passive [192.168.100.113/5000] error_code:10061 !

<<<----  [OUT]
2020/10/29 07:21:20:028

Connecting Started...

<<<----  [OUT]
2020/10/29 07:21:22:065

I can't connect with the passive [192.168.100.113/5000] error_code:10061 !

<<<----  [OUT]
2020/10/29 07:21:24:542

Connecting Started...

<<<----  [OUT]
2020/10/29 07:21:26:594

I can't connect with the passive [192.168.100.113/5000] error_code:10061 !

<<<----  [OUT]
2020/10/29 07:21:29:074

Connecting Started...

<<<----  [OUT]
2020/10/29 07:21:31:134

I can't connect with the passive [192.168.100.113/5000] error_code:10061 !

<<<----  [OUT]
2020/10/29 07:21:33:621

Connecting Started...

<<<----  [OUT]
2020/10/29 07:21:35:674

I can't connect with the passive [192.168.100.113/5000] error_code:10061 !

<<<----  [OUT]
2020/10/29 07:21:38:152

Connecting Started...

<<<----  [OUT]
2020/10/29 07:21:40:202

I can't connect with the passive [192.168.100.113/5000] error_code:10061 !

<<<----  [OUT]
2020/10/29 07:21:42:682

Connecting Started...

<<<----  [OUT]
2020/10/29 07:21:44:719

I can't connect with the passive [192.168.100.113/5000] error_code:10061 !

<<<----  [OUT]
2020/10/29 07:21:47:199

Connecting Started...

<<<----  [OUT]
2020/10/29 07:21:49:246

I can't connect with the passive [192.168.100.113/5000] error_code:10061 !

<<<----  [OUT]
2020/10/29 07:21:51:731

Connecting Started...

<<<----  [OUT]
2020/10/29 07:21:53:776

I can't connect with the passive [192.168.100.113/5000] error_code:10061 !

<<<----  [OUT]
2020/10/29 07:21:56:261

Connecting Started...

<<<----  [OUT]
2020/10/29 07:21:58:289

I can't connect with the passive [192.168.100.113/5000] error_code:10061 !

<<<----  [OUT]
2020/10/29 07:22:00:776

Connecting Started...

<<<----  [OUT]
2020/10/29 07:22:02:829

I can't connect with the passive [192.168.100.113/5000] error_code:10061 !

<<<----  [OUT]
2020/10/29 07:22:05:308

Connecting Started...

<<<----  [OUT]
2020/10/29 07:22:07:354

I can't connect with the passive [192.168.100.113/5000] error_code:10061 !

<<<----  [OUT]
2020/10/29 07:22:09:838

Connecting Started...

<<<----  [OUT]
2020/10/29 07:22:11:881

I can't connect with the passive [192.168.100.113/5000] error_code:10061 !

<<<----  [OUT]
2020/10/29 07:22:14:371

Connecting Started...

<<<----  [OUT]
2020/10/29 07:22:16:424

I can't connect with the passive [192.168.100.113/5000] error_code:10061 !

<<<----  [OUT]
2020/10/29 07:22:18:902

Connecting Started...

<<<----  [OUT]
2020/10/29 07:22:20:958

I can't connect with the passive [192.168.100.113/5000] error_code:10061 !

<<<----  [OUT]
2020/10/29 07:22:23:449

Connecting Started...

<<<----  [OUT]
2020/10/29 07:22:25:497

I can't connect with the passive [192.168.100.113/5000] error_code:10061 !

<<<----  [OUT]
2020/10/29 07:22:27:979

Connecting Started...

<<<----  [OUT]
2020/10/29 07:22:30:021

I can't connect with the passive [192.168.100.113/5000] error_code:10061 !

<<<----  [OUT]
2020/10/29 07:22:32:512

Connecting Started...

<<<----  [OUT]
2020/10/29 07:22:34:565

I can't connect with the passive [192.168.100.113/5000] error_code:10061 !

<<<----  [OUT]
2020/10/29 07:22:37:043

Connecting Started...

<<<----  [OUT]
2020/10/29 07:22:39:082

I can't connect with the passive [192.168.100.113/5000] error_code:10061 !

<<<----  [OUT]
2020/10/29 07:22:41:575

Connecting Started...

<<<----  [OUT]
2020/10/29 07:22:43:623

I can't connect with the passive [192.168.100.113/5000] error_code:10061 !

<<<----  [OUT]
2020/10/29 07:22:46:105

Connecting Started...

<<<----  [OUT]
2020/10/29 07:22:48:150

I can't connect with the passive [192.168.100.113/5000] error_code:10061 !

<<<----  [OUT]
2020/10/29 07:22:50:636

Connecting Started...

<<<----  [OUT]
2020/10/29 07:22:52:681

I can't connect with the passive [192.168.100.113/5000] error_code:10061 !

<<<----  [OUT]
2020/10/29 07:22:55:168

Connecting Started...

<<<----  [OUT]
2020/10/29 07:22:57:196

I can't connect with the passive [192.168.100.113/5000] error_code:10061 !

<<<----  [OUT]
2020/10/29 07:22:59:683

Connecting Started...

<<<----  [OUT]
2020/10/29 07:23:01:729

I can't connect with the passive [192.168.100.113/5000] error_code:10061 !

<<<----  [OUT]
2020/10/29 07:23:04:215

Connecting Started...

<<<----  [OUT]
2020/10/29 07:23:06:273

I can't connect with the passive [192.168.100.113/5000] error_code:10061 !

<<<----  [OUT]
2020/10/29 07:23:08:762

Connecting Started...

<<<----  [OUT]
2020/10/29 07:23:10:815

I can't connect with the passive [192.168.100.113/5000] error_code:10061 !

<<<----  [OUT]
2020/10/29 07:23:13:293

Connecting Started...

<<<----  [OUT]
2020/10/29 07:23:15:328

I can't connect with the passive [192.168.100.113/5000] error_code:10061 !

<<<----  [OUT]
2020/10/29 07:23:17:809

Connecting Started...

<<<----  [OUT]
2020/10/29 07:23:19:862

I can't connect with the passive [192.168.100.113/5000] error_code:10061 !

<<<----  [OUT]
2020/10/29 07:23:22:339

Connecting Started...

<<<----  [OUT]
2020/10/29 07:23:24:389

I can't connect with the passive [192.168.100.113/5000] error_code:10061 !

<<<----  [OUT]
2020/10/29 07:23:26:869

Connecting Started...

<<<----  [OUT]
2020/10/29 07:23:28:899

I can't connect with the passive [192.168.100.113/5000] error_code:10061 !

<<<----  [OUT]
2020/10/29 07:23:31:387

Connecting Started...

<<<----  [OUT]
2020/10/29 07:23:33:429

I can't connect with the passive [192.168.100.113/5000] error_code:10061 !

<<<----  [OUT]
2020/10/29 07:23:35:918

Connecting Started...

<<<----  [OUT]
2020/10/29 07:23:37:946

I can't connect with the passive [192.168.100.113/5000] error_code:10061 !

<<<----  [OUT]
2020/10/29 07:23:40:432

Connecting Started...

<<<----  [OUT]
2020/10/29 07:23:42:491

I can't connect with the passive [192.168.100.113/5000] error_code:10061 !

<<<----  [OUT]
2020/10/29 07:23:44:979

Connecting Started...

<<<----  [OUT]
2020/10/29 07:23:47:034

I can't connect with the passive [192.168.100.113/5000] error_code:10061 !

<<<----  [OUT]
2020/10/29 07:23:49:511

Connecting Started...

<<<----  [OUT]
2020/10/29 07:23:51:557

I can't connect with the passive [192.168.100.113/5000] error_code:10061 !

<<<----  [OUT]
2020/10/29 07:23:54:043

Connecting Started...

<<<----  [OUT]
2020/10/29 07:23:56:099

I can't connect with the passive [192.168.100.113/5000] error_code:10061 !

<<<----  [OUT]
2020/10/29 07:23:58:590

Connecting Started...

<<<----  [OUT]
2020/10/29 07:24:00:640

I can't connect with the passive [192.168.100.113/5000] error_code:10061 !

<<<----  [OUT]
2020/10/29 07:24:03:120

Connecting Started...

<<<----  [OUT]
2020/10/29 07:24:05:152

I can't connect with the passive [192.168.100.113/5000] error_code:10061 !

<<<----  [OUT]
2020/10/29 07:24:07:636

Connecting Started...

<<<----  [OUT]
2020/10/29 07:24:09:681

I can't connect with the passive [192.168.100.113/5000] error_code:10061 !

<<<----  [OUT]
2020/10/29 07:24:12:167

Connecting Started...

<<<----  [OUT]
2020/10/29 07:24:14:202

I can't connect with the passive [192.168.100.113/5000] error_code:10061 !

<<<----  [OUT]
2020/10/29 07:24:16:682

Connecting Started...

<<<----  [OUT]
2020/10/29 07:24:18:725

I can't connect with the passive [192.168.100.113/5000] error_code:10061 !

<<<----  [OUT]
2020/10/29 07:24:21:214

Connecting Started...

<<<----  [OUT]
2020/10/29 07:24:23:254

I can't connect with the passive [192.168.100.113/5000] error_code:10061 !

<<<----  [OUT]
2020/10/29 07:24:25:730

Connecting Started...

<<<----  [OUT]
2020/10/29 07:24:27:788

I can't connect with the passive [192.168.100.113/5000] error_code:10061 !

<<<----  [OUT]
2020/10/29 07:24:30:277

Connecting Started...

<<<----  [OUT]
2020/10/29 07:24:32:318

I can't connect with the passive [192.168.100.113/5000] error_code:10061 !

<<<----  [OUT]
2020/10/29 07:24:34:809

Connecting Started...

<<<----  [OUT]
2020/10/29 07:24:36:856

I can't connect with the passive [192.168.100.113/5000] error_code:10061 !

<<<----  [OUT]
2020/10/29 07:24:39:340

Connecting Started...

<<<----  [OUT]
2020/10/29 07:24:41:369

I can't connect with the passive [192.168.100.113/5000] error_code:10061 !

<<<----  [OUT]
2020/10/29 07:24:43:855

Connecting Started...

<<<----  [OUT]
2020/10/29 07:24:45:896

I can't connect with the passive [192.168.100.113/5000] error_code:10061 !

<<<----  [OUT]
2020/10/29 07:24:48:387

Connecting Started...

<<<----  [OUT]
2020/10/29 07:24:50:431

I can't connect with the passive [192.168.100.113/5000] error_code:10061 !

<<<----  [OUT]
2020/10/29 07:24:52:917

Connecting Started...

<<<----  [OUT]
2020/10/29 07:24:54:961

I can't connect with the passive [192.168.100.113/5000] error_code:10061 !

<<<----  [OUT]
2020/10/29 07:24:57:448

Connecting Started...

<<<----  [OUT]
2020/10/29 07:24:59:497

I can't connect with the passive [192.168.100.113/5000] error_code:10061 !

<<<----  [OUT]
2020/10/29 07:25:01:979

Connecting Started...

<<<----  [OUT]
2020/10/29 07:25:04:023

I can't connect with the passive [192.168.100.113/5000] error_code:10061 !

<<<----  [OUT]
2020/10/29 07:25:06:510

Connecting Started...

<<<----  [OUT]
2020/10/29 07:25:08:560

I can't connect with the passive [192.168.100.113/5000] error_code:10061 !

<<<----  [OUT]
2020/10/29 07:25:11:043

Connecting Started...

<<<----  [OUT]
2020/10/29 07:25:13:080

I can't connect with the passive [192.168.100.113/5000] error_code:10061 !

<<<----  [OUT]
2020/10/29 07:25:15:558

Connecting Started...

<<<----  [OUT]
2020/10/29 07:25:17:595

I can't connect with the passive [192.168.100.113/5000] error_code:10061 !

<<<----  [OUT]
2020/10/29 07:25:20:073

Connecting Started...

<<<----  [OUT]
2020/10/29 07:25:22:114

I can't connect with the passive [192.168.100.113/5000] error_code:10061 !

<<<----  [OUT]
2020/10/29 07:25:24:605

Connecting Started...

<<<----  [OUT]
2020/10/29 07:25:26:659

I can't connect with the passive [192.168.100.113/5000] error_code:10061 !

<<<----  [OUT]
2020/10/29 07:25:29:136

Connecting Started...

<<<----  [OUT]
2020/10/29 07:25:31:192

I can't connect with the passive [192.168.100.113/5000] error_code:10061 !

<<<----  [OUT]
2020/10/29 07:25:33:683

Connecting Started...

<<<----  [OUT]
2020/10/29 07:25:35:735

I can't connect with the passive [192.168.100.113/5000] error_code:10061 !

<<<----  [OUT]
2020/10/29 07:25:38:213

Connecting Started...

<<<----  [OUT]
2020/10/29 07:25:40:244

I can't connect with the passive [192.168.100.113/5000] error_code:10061 !

<<<----  [OUT]
2020/10/29 07:25:42:729

Connecting Started...

<<<----  [OUT]
2020/10/29 07:25:44:780

I can't connect with the passive [192.168.100.113/5000] error_code:10061 !

<<<----  [OUT]
2020/10/29 07:25:47:260

Connecting Started...

<<<----  [OUT]
2020/10/29 07:25:49:304

I can't connect with the passive [192.168.100.113/5000] error_code:10061 !

<<<----  [OUT]
2020/10/29 07:25:51:793

Connecting Started...

<<<----  [OUT]
2020/10/29 07:25:53:840

I can't connect with the passive [192.168.100.113/5000] error_code:10061 !

<<<----  [OUT]
2020/10/29 07:25:56:323

Connecting Started...

<<<----  [OUT]
2020/10/29 07:25:58:361

I can't connect with the passive [192.168.100.113/5000] error_code:10061 !

<<<----  [OUT]
2020/10/29 07:26:00:840

Connecting Started...

<<<----  [OUT]
2020/10/29 07:26:02:889

I can't connect with the passive [192.168.100.113/5000] error_code:10061 !

<<<----  [OUT]
2020/10/29 07:26:05:371

Connecting Started...

<<<----  [OUT]
2020/10/29 07:26:07:409

I can't connect with the passive [192.168.100.113/5000] error_code:10061 !

<<<----  [OUT]
2020/10/29 07:26:09:887

Connecting Started...

<<<----  [OUT]
2020/10/29 07:26:11:938

I can't connect with the passive [192.168.100.113/5000] error_code:10061 !

<<<----  [OUT]
2020/10/29 07:26:14:418

Connecting Started...

<<<----  [OUT]
2020/10/29 07:26:16:463

I can't connect with the passive [192.168.100.113/5000] error_code:10061 !

<<<----  [OUT]
2020/10/29 07:26:18:950

Connecting Started...

<<<----  [OUT]
2020/10/29 07:26:20:998

I can't connect with the passive [192.168.100.113/5000] error_code:10061 !

<<<----  [OUT]
2020/10/29 07:26:23:480

Connecting Started...

<<<----  [OUT]
2020/10/29 07:26:25:520

I can't connect with the passive [192.168.100.113/5000] error_code:10061 !

<<<----  [OUT]
2020/10/29 07:26:28:011

Connecting Started...

<<<----  [OUT]
2020/10/29 07:26:30:062

I can't connect with the passive [192.168.100.113/5000] error_code:10061 !

<<<----  [OUT]
2020/10/29 07:26:32:542

Connecting Started...

<<<----  [OUT]
2020/10/29 07:26:34:584

I can't connect with the passive [192.168.100.113/5000] error_code:10061 !

<<<----  [OUT]
2020/10/29 07:26:37:073

Connecting Started...

<<<----  [OUT]
2020/10/29 07:26:39:112

I can't connect with the passive [192.168.100.113/5000] error_code:10061 !

<<<----  [OUT]
2020/10/29 07:26:41:590

Connecting Started...

<<<----  [OUT]
2020/10/29 07:26:43:636

I can't connect with the passive [192.168.100.113/5000] error_code:10061 !

<<<----  [OUT]
2020/10/29 07:26:46:120

Connecting Started...

<<<----  [OUT]
2020/10/29 07:26:48:176

I can't connect with the passive [192.168.100.113/5000] error_code:10061 !

<<<----  [OUT]
2020/10/29 07:26:50:668

Connecting Started...

<<<----  [OUT]
2020/10/29 07:26:52:712

I can't connect with the passive [192.168.100.113/5000] error_code:10061 !

<<<----  [OUT]
2020/10/29 07:26:55:200

Connecting Started...

<<<----  [OUT]
2020/10/29 07:26:57:241

I can't connect with the passive [192.168.100.113/5000] error_code:10061 !

<<<----  [OUT]
2020/10/29 07:26:59:729

Connecting Started...

<<<----  [OUT]
2020/10/29 07:27:01:776

I can't connect with the passive [192.168.100.113/5000] error_code:10061 !

<<<----  [OUT]
2020/10/29 07:27:04:260

Connecting Started...

<<<----  [OUT]
2020/10/29 07:27:06:291

I can't connect with the passive [192.168.100.113/5000] error_code:10061 !

<<<----  [OUT]
2020/10/29 07:27:08:776

Connecting Started...

<<<----  [OUT]
2020/10/29 07:27:10:829

I can't connect with the passive [192.168.100.113/5000] error_code:10061 !

<<<----  [OUT]
2020/10/29 07:27:13:308

Connecting Started...

<<<----  [OUT]
2020/10/29 07:27:15:348

I can't connect with the passive [192.168.100.113/5000] error_code:10061 !

<<<----  [OUT]
2020/10/29 07:27:17:839

Connecting Started...

<<<----  [OUT]
2020/10/29 07:27:19:888

I can't connect with the passive [192.168.100.113/5000] error_code:10061 !

<<<----  [OUT]
2020/10/29 07:27:22:371

Connecting Started...

<<<----  [OUT]
2020/10/29 07:27:24:417

I can't connect with the passive [192.168.100.113/5000] error_code:10061 !

<<<----  [OUT]
2020/10/29 07:27:26:901

Connecting Started...

<<<----  [OUT]
2020/10/29 07:27:28:952

I can't connect with the passive [192.168.100.113/5000] error_code:10061 !

<<<----  [OUT]
2020/10/29 07:27:31:434

Connecting Started...

<<<----  [OUT]
2020/10/29 07:27:33:478

I can't connect with the passive [192.168.100.113/5000] error_code:10061 !

<<<----  [OUT]
2020/10/29 07:27:35:965

Connecting Started...

<<<----  [OUT]
2020/10/29 07:27:38:012

I can't connect with the passive [192.168.100.113/5000] error_code:10061 !

<<<----  [OUT]
2020/10/29 07:27:40:496

Connecting Started...

<<<----  [OUT]
2020/10/29 07:27:42:527

I can't connect with the passive [192.168.100.113/5000] error_code:10061 !

<<<----  [OUT]
2020/10/29 07:27:45:011

Connecting Started...

<<<----  [OUT]
2020/10/29 07:27:47:057

I can't connect with the passive [192.168.100.113/5000] error_code:10061 !

<<<----  [OUT]
2020/10/29 07:27:49:543

Connecting Started...

<<<----  [OUT]
2020/10/29 07:27:51:593

I can't connect with the passive [192.168.100.113/5000] error_code:10061 !

<<<----  [OUT]
2020/10/29 07:27:54:073

Connecting Started...

<<<----  [OUT]
2020/10/29 07:27:56:123

I can't connect with the passive [192.168.100.113/5000] error_code:10061 !

<<<----  [OUT]
2020/10/29 07:27:58:605

Connecting Started...

<<<----  [OUT]
2020/10/29 07:28:00:653

I can't connect with the passive [192.168.100.113/5000] error_code:10061 !

<<<----  [OUT]
2020/10/29 07:28:03:136

Connecting Started...

<<<----  [OUT]
2020/10/29 07:28:05:181

I can't connect with the passive [192.168.100.113/5000] error_code:10061 !

<<<----  [OUT]
2020/10/29 07:28:07:667

Connecting Started...

<<<----  [OUT]
2020/10/29 07:28:09:702

I can't connect with the passive [192.168.100.113/5000] error_code:10061 !

<<<----  [OUT]
2020/10/29 07:28:12:183

Connecting Started...

<<<----  [OUT]
2020/10/29 07:28:14:229

I can't connect with the passive [192.168.100.113/5000] error_code:10061 !

<<<----  [OUT]
2020/10/29 07:28:16:715

Connecting Started...

<<<----  [OUT]
2020/10/29 07:28:18:774

I can't connect with the passive [192.168.100.113/5000] error_code:10061 !

<<<----  [OUT]
2020/10/29 07:28:21:262

Connecting Started...

<<<----  [OUT]
2020/10/29 07:28:23:307

I can't connect with the passive [192.168.100.113/5000] error_code:10061 !

<<<----  [OUT]
2020/10/29 07:28:25:792

Connecting Started...

<<<----  [OUT]
2020/10/29 07:28:27:837

I can't connect with the passive [192.168.100.113/5000] error_code:10061 !

<<<----  [OUT]
2020/10/29 07:28:30:323

Connecting Started...

<<<----  [OUT]
2020/10/29 07:28:32:365

I can't connect with the passive [192.168.100.113/5000] error_code:10061 !

<<<----  [OUT]
2020/10/29 07:28:34:854

Connecting Started...

<<<----  [OUT]
2020/10/29 07:28:36:908

I can't connect with the passive [192.168.100.113/5000] error_code:10061 !

<<<----  [OUT]
2020/10/29 07:28:39:385

Connecting Started...

<<<----  [OUT]
2020/10/29 07:28:41:426

I can't connect with the passive [192.168.100.113/5000] error_code:10061 !

<<<----  [OUT]
2020/10/29 07:28:43:902

Connecting Started...

<<<----  [OUT]
2020/10/29 07:28:45:944

I can't connect with the passive [192.168.100.113/5000] error_code:10061 !

<<<----  [OUT]
2020/10/29 07:28:48:434

Connecting Started...

<<<----  [OUT]
2020/10/29 07:28:50:469

I can't connect with the passive [192.168.100.113/5000] error_code:10061 !

<<<----  [OUT]
2020/10/29 07:28:52:949

Connecting Started...

<<<----  [OUT]
2020/10/29 07:28:54:996

I can't connect with the passive [192.168.100.113/5000] error_code:10061 !

<<<----  [OUT]
2020/10/29 07:28:57:481

Connecting Started...

<<<----  [OUT]
2020/10/29 07:28:59:537

I can't connect with the passive [192.168.100.113/5000] error_code:10061 !

<<<----  [OUT]
2020/10/29 07:29:02:027

Connecting Started...

<<<----  [OUT]
2020/10/29 07:29:04:079

I can't connect with the passive [192.168.100.113/5000] error_code:10061 !

<<<----  [OUT]
2020/10/29 07:29:06:557

Connecting Started...

<<<----  [OUT]
2020/10/29 07:29:08:607

I can't connect with the passive [192.168.100.113/5000] error_code:10061 !

<<<----  [OUT]
2020/10/29 07:29:11:090

Connecting Started...

<<<----  [OUT]
2020/10/29 07:29:13:121

I can't connect with the passive [192.168.100.113/5000] error_code:10061 !

<<<----  [OUT]
2020/10/29 07:29:15:604

Connecting Started...

<<<----  [OUT]
2020/10/29 07:29:17:664

I can't connect with the passive [192.168.100.113/5000] error_code:10061 !

<<<----  [OUT]
2020/10/29 07:29:20:151

Connecting Started...

<<<----  [OUT]
2020/10/29 07:29:22:212

I can't connect with the passive [192.168.100.113/5000] error_code:10061 !

<<<----  [OUT]
2020/10/29 07:29:24:699

Connecting Started...

<<<----  [OUT]
2020/10/29 07:29:26:749

I can't connect with the passive [192.168.100.113/5000] error_code:10061 !

<<<----  [OUT]
2020/10/29 07:29:29:230

Connecting Started...

<<<----  [OUT]
2020/10/29 07:29:31:281

I can't connect with the passive [192.168.100.113/5000] error_code:10061 !

<<<----  [OUT]
2020/10/29 07:29:33:761

Connecting Started...

<<<----  [OUT]
2020/10/29 07:29:35:797

I can't connect with the passive [192.168.100.113/5000] error_code:10061 !

<<<----  [OUT]
2020/10/29 07:29:38:277

Connecting Started...

<<<----  [OUT]
2020/10/29 07:29:40:314

I can't connect with the passive [192.168.100.113/5000] error_code:10061 !

<<<----  [OUT]
2020/10/29 07:29:42:793

Connecting Started...

<<<----  [OUT]
2020/10/29 07:29:44:834

I can't connect with the passive [192.168.100.113/5000] error_code:10061 !

<<<----  [OUT]
2020/10/29 07:29:47:325

Connecting Started...

<<<----  [OUT]
2020/10/29 07:29:49:379

I can't connect with the passive [192.168.100.113/5000] error_code:10061 !

<<<----  [OUT]
2020/10/29 07:29:51:870

Connecting Started...

<<<----  [OUT]
2020/10/29 07:29:53:912

I can't connect with the passive [192.168.100.113/5000] error_code:10061 !

<<<----  [OUT]
2020/10/29 07:29:56:402

Connecting Started...

<<<----  [OUT]
2020/10/29 07:29:58:432

I can't connect with the passive [192.168.100.113/5000] error_code:10061 !

<<<----  [OUT]
2020/10/29 07:30:00:918

Connecting Started...

<<<----  [OUT]
2020/10/29 07:30:02:976

I can't connect with the passive [192.168.100.113/5000] error_code:10061 !

<<<----  [OUT]
2020/10/29 07:30:05:465

Connecting Started...

<<<----  [OUT]
2020/10/29 07:30:07:518

I can't connect with the passive [192.168.100.113/5000] error_code:10061 !

<<<----  [OUT]
2020/10/29 07:30:09:995

Connecting Started...

<<<----  [OUT]
2020/10/29 07:30:12:037

I can't connect with the passive [192.168.100.113/5000] error_code:10061 !

<<<----  [OUT]
2020/10/29 07:30:14:526

Connecting Started...

<<<----  [OUT]
2020/10/29 07:30:16:567

I can't connect with the passive [192.168.100.113/5000] error_code:10061 !

<<<----  [OUT]
2020/10/29 07:30:19:059

Connecting Started...

<<<----  [OUT]
2020/10/29 07:30:21:112

I can't connect with the passive [192.168.100.113/5000] error_code:10061 !

<<<----  [OUT]
2020/10/29 07:30:23:589

Connecting Started...

<<<----  [OUT]
2020/10/29 07:30:25:629

I can't connect with the passive [192.168.100.113/5000] error_code:10061 !

<<<----  [OUT]
2020/10/29 07:30:28:121

Connecting Started...

<<<----  [OUT]
2020/10/29 07:30:30:170

I can't connect with the passive [192.168.100.113/5000] error_code:10061 !

<<<----  [OUT]
2020/10/29 07:30:32:651

Connecting Started...

<<<----  [OUT]
2020/10/29 07:30:34:695

I can't connect with the passive [192.168.100.113/5000] error_code:10061 !

<<<----  [OUT]
2020/10/29 07:30:37:182

Connecting Started...

<<<----  [OUT]
2020/10/29 07:30:39:233

I can't connect with the passive [192.168.100.113/5000] error_code:10061 !

<<<----  [OUT]
2020/10/29 07:30:41:714

Connecting Started...

<<<----  [OUT]
2020/10/29 07:30:43:759

I can't connect with the passive [192.168.100.113/5000] error_code:10061 !

<<<----  [OUT]
2020/10/29 07:30:46:246

Connecting Started...

<<<----  [OUT]
2020/10/29 07:30:48:294

I can't connect with the passive [192.168.100.113/5000] error_code:10061 !

<<<----  [OUT]
2020/10/29 07:30:50:776

Connecting Started...

<<<----  [OUT]
2020/10/29 07:30:52:819

I can't connect with the passive [192.168.100.113/5000] error_code:10061 !

<<<----  [OUT]
2020/10/29 07:30:55:309

Connecting Started...

<<<----  [OUT]
2020/10/29 07:30:57:339

I can't connect with the passive [192.168.100.113/5000] error_code:10061 !

<<<----  [OUT]
2020/10/29 07:30:59:823

Connecting Started...

<<<----  [OUT]
2020/10/29 07:31:01:857

I can't connect with the passive [192.168.100.113/5000] error_code:10061 !

<<<----  [OUT]
2020/10/29 07:31:04:340

Connecting Started...

<<<----  [OUT]
2020/10/29 07:31:06:386

I can't connect with the passive [192.168.100.113/5000] error_code:10061 !

<<<----  [OUT]
2020/10/29 07:31:08:871

Connecting Started...

<<<----  [OUT]
2020/10/29 07:31:10:911

I can't connect with the passive [192.168.100.113/5000] error_code:10061 !

<<<----  [OUT]
2020/10/29 07:31:13:402

Connecting Started...

<<<----  [OUT]
2020/10/29 07:31:15:453

I can't connect with the passive [192.168.100.113/5000] error_code:10061 !

<<<----  [OUT]
2020/10/29 07:31:17:933

Connecting Started...

<<<----  [OUT]
2020/10/29 07:31:19:968

I can't connect with the passive [192.168.100.113/5000] error_code:10061 !

<<<----  [OUT]
2020/10/29 07:31:22:448

Connecting Started...

<<<----  [OUT]
2020/10/29 07:31:24:488

I can't connect with the passive [192.168.100.113/5000] error_code:10061 !

<<<----  [OUT]
2020/10/29 07:31:26:965

Connecting Started...

<<<----  [OUT]
2020/10/29 07:31:29:016

I can't connect with the passive [192.168.100.113/5000] error_code:10061 !

<<<----  [OUT]
2020/10/29 07:31:31:495

Connecting Started...

<<<----  [OUT]
2020/10/29 07:31:33:537

I can't connect with the passive [192.168.100.113/5000] error_code:10061 !

<<<----  [OUT]
2020/10/29 07:31:36:026

Connecting Started...

<<<----  [OUT]
2020/10/29 07:31:38:062

I can't connect with the passive [192.168.100.113/5000] error_code:10061 !

<<<----  [OUT]
2020/10/29 07:31:40:543

Connecting Started...

<<<----  [OUT]
2020/10/29 07:31:42:593

I can't connect with the passive [192.168.100.113/5000] error_code:10061 !

<<<----  [OUT]
2020/10/29 07:31:45:074

Connecting Started...

<<<----  [OUT]
2020/10/29 07:31:47:117

I can't connect with the passive [192.168.100.113/5000] error_code:10061 !

<<<----  [OUT]
2020/10/29 07:31:49:605

Connecting Started...

<<<----  [OUT]
2020/10/29 07:31:51:648

I can't connect with the passive [192.168.100.113/5000] error_code:10061 !

<<<----  [OUT]
2020/10/29 07:31:54:137

Connecting Started...

<<<----  [OUT]
2020/10/29 07:31:56:178

I can't connect with the passive [192.168.100.113/5000] error_code:10061 !

<<<----  [OUT]
2020/10/29 07:31:58:666

Connecting Started...

<<<----  [OUT]
2020/10/29 07:32:00:719

I can't connect with the passive [192.168.100.113/5000] error_code:10061 !

<<<----  [OUT]
2020/10/29 07:32:03:198

Connecting Started...

<<<----  [OUT]
2020/10/29 07:32:05:231

I can't connect with the passive [192.168.100.113/5000] error_code:10061 !

<<<----  [OUT]
2020/10/29 07:32:07:715

Connecting Started...

<<<----  [OUT]
2020/10/29 07:32:09:755

I can't connect with the passive [192.168.100.113/5000] error_code:10061 !

<<<----  [OUT]
2020/10/29 07:32:12:245

Connecting Started...

<<<----  [OUT]
2020/10/29 07:32:14:296

I can't connect with the passive [192.168.100.113/5000] error_code:10061 !

<<<----  [OUT]
2020/10/29 07:32:16:776

Connecting Started...

<<<----  [OUT]
2020/10/29 07:32:18:823

I can't connect with the passive [192.168.100.113/5000] error_code:10061 !

<<<----  [OUT]
2020/10/29 07:32:21:308

Connecting Started...

<<<----  [OUT]
2020/10/29 07:32:23:360

I can't connect with the passive [192.168.100.113/5000] error_code:10061 !

<<<----  [OUT]
2020/10/29 07:32:25:840

Connecting Started...

<<<----  [OUT]
2020/10/29 07:32:27:879

I can't connect with the passive [192.168.100.113/5000] error_code:10061 !

<<<----  [OUT]
2020/10/29 07:32:30:371

Connecting Started...

<<<----  [OUT]
2020/10/29 07:32:32:417

I can't connect with the passive [192.168.100.113/5000] error_code:10061 !

<<<----  [OUT]
2020/10/29 07:32:34:902

Connecting Started...

<<<----  [OUT]
2020/10/29 07:32:36:949

I can't connect with the passive [192.168.100.113/5000] error_code:10061 !

<<<----  [OUT]
2020/10/29 07:32:39:433

Connecting Started...

<<<----  [OUT]
2020/10/29 07:32:41:492

I can't connect with the passive [192.168.100.113/5000] error_code:10061 !

<<<----  [OUT]
2020/10/29 07:32:43:979

Connecting Started...

<<<----  [OUT]
2020/10/29 07:32:46:033

I can't connect with the passive [192.168.100.113/5000] error_code:10061 !

<<<----  [OUT]
2020/10/29 07:32:48:511

Connecting Started...

<<<----  [OUT]
2020/10/29 07:32:50:554

I can't connect with the passive [192.168.100.113/5000] error_code:10061 !

<<<----  [OUT]
2020/10/29 07:32:53:042

Connecting Started...

<<<----  [OUT]
2020/10/29 07:32:55:090

I can't connect with the passive [192.168.100.113/5000] error_code:10061 !

<<<----  [OUT]
2020/10/29 07:32:57:574

Connecting Started...

<<<----  [OUT]
2020/10/29 07:32:59:616

I can't connect with the passive [192.168.100.113/5000] error_code:10061 !

<<<----  [OUT]
2020/10/29 07:33:02:106

Connecting Started...

<<<----  [OUT]
2020/10/29 07:33:04:155

I can't connect with the passive [192.168.100.113/5000] error_code:10061 !

<<<----  [OUT]
2020/10/29 07:33:06:637

Connecting Started...

<<<----  [OUT]
2020/10/29 07:33:08:689

I can't connect with the passive [192.168.100.113/5000] error_code:10061 !

<<<----  [OUT]
2020/10/29 07:33:11:167

Connecting Started...

<<<----  [OUT]
2020/10/29 07:33:13:216

I can't connect with the passive [192.168.100.113/5000] error_code:10061 !

<<<----  [OUT]
2020/10/29 07:33:15:698

Connecting Started...

<<<----  [OUT]
2020/10/29 07:33:17:737

I can't connect with the passive [192.168.100.113/5000] error_code:10061 !

<<<----  [OUT]
2020/10/29 07:33:20:213

Connecting Started...

<<<----  [OUT]
2020/10/29 07:33:22:255

I can't connect with the passive [192.168.100.113/5000] error_code:10061 !

<<<----  [OUT]
2020/10/29 07:33:24:745

Connecting Started...

<<<----  [OUT]
2020/10/29 07:33:26:802

I can't connect with the passive [192.168.100.113/5000] error_code:10061 !

<<<----  [OUT]
2020/10/29 07:33:29:293

Connecting Started...

<<<----  [OUT]
2020/10/29 07:33:31:339

I can't connect with the passive [192.168.100.113/5000] error_code:10061 !

<<<----  [OUT]
2020/10/29 07:33:33:824

Connecting Started...

<<<----  [OUT]
2020/10/29 07:33:35:880

I can't connect with the passive [192.168.100.113/5000] error_code:10061 !

<<<----  [OUT]
2020/10/29 07:33:38:370

Connecting Started...

<<<----  [OUT]
2020/10/29 07:33:40:414

I can't connect with the passive [192.168.100.113/5000] error_code:10061 !

<<<----  [OUT]
2020/10/29 07:33:42:901

Connecting Started...

<<<----  [OUT]
2020/10/29 07:33:44:951

I can't connect with the passive [192.168.100.113/5000] error_code:10061 !

<<<----  [OUT]
2020/10/29 07:33:47:433

Connecting Started...

<<<----  [OUT]
2020/10/29 07:33:49:486

I can't connect with the passive [192.168.100.113/5000] error_code:10061 !

<<<----  [OUT]
2020/10/29 07:33:51:965

Connecting Started...

<<<----  [OUT]
2020/10/29 07:33:54:022

I can't connect with the passive [192.168.100.113/5000] error_code:10061 !

<<<----  [OUT]
2020/10/29 07:33:56:511

Connecting Started...

<<<----  [OUT]
2020/10/29 07:33:58:551

I can't connect with the passive [192.168.100.113/5000] error_code:10061 !

<<<----  [OUT]
2020/10/29 07:34:01:041

Connecting Started...

<<<----  [OUT]
2020/10/29 07:34:03:091

I can't connect with the passive [192.168.100.113/5000] error_code:10061 !

<<<----  [OUT]
2020/10/29 07:34:05:573

Connecting Started...

<<<----  [OUT]
2020/10/29 07:34:07:607

I can't connect with the passive [192.168.100.113/5000] error_code:10061 !

<<<----  [OUT]
2020/10/29 07:34:10:088

Connecting Started...

<<<----  [OUT]
2020/10/29 07:34:12:142

I can't connect with the passive [192.168.100.113/5000] error_code:10061 !

<<<----  [OUT]
2020/10/29 07:34:14:620

Connecting Started...

<<<----  [OUT]
2020/10/29 07:34:16:672

I can't connect with the passive [192.168.100.113/5000] error_code:10061 !

<<<----  [OUT]
2020/10/29 07:34:19:152

Connecting Started...

<<<----  [OUT]
2020/10/29 07:34:21:190

I can't connect with the passive [192.168.100.113/5000] error_code:10061 !

<<<----  [OUT]
2020/10/29 07:34:23:668

Connecting Started...

<<<----  [OUT]
2020/10/29 07:34:25:704

I can't connect with the passive [192.168.100.113/5000] error_code:10061 !

<<<----  [OUT]
2020/10/29 07:34:28:184

Connecting Started...

<<<----  [OUT]
2020/10/29 07:34:30:236

I can't connect with the passive [192.168.100.113/5000] error_code:10061 !

<<<----  [OUT]
2020/10/29 07:34:32:714

Connecting Started...

<<<----  [OUT]
2020/10/29 07:34:34:762

I can't connect with the passive [192.168.100.113/5000] error_code:10061 !

<<<----  [OUT]
2020/10/29 07:34:37:244

Connecting Started...

<<<----  [OUT]
2020/10/29 07:34:39:287

I can't connect with the passive [192.168.100.113/5000] error_code:10061 !

<<<----  [OUT]
2020/10/29 07:34:41:777

Connecting Started...

<<<----  [OUT]
2020/10/29 07:34:43:806

I can't connect with the passive [192.168.100.113/5000] error_code:10061 !

<<<----  [OUT]
2020/10/29 07:34:46:293

Connecting Started...

<<<----  [OUT]
2020/10/29 07:34:48:335

I can't connect with the passive [192.168.100.113/5000] error_code:10061 !

<<<----  [OUT]
2020/10/29 07:34:50:824

Connecting Started...

<<<----  [OUT]
2020/10/29 07:34:52:867

I can't connect with the passive [192.168.100.113/5000] error_code:10061 !

<<<----  [OUT]
2020/10/29 07:34:55:355

Connecting Started...

<<<----  [OUT]
2020/10/29 07:34:57:408

I can't connect with the passive [192.168.100.113/5000] error_code:10061 !

<<<----  [OUT]
2020/10/29 07:34:59:886

Connecting Started...

<<<----  [OUT]
2020/10/29 07:35:01:925

I can't connect with the passive [192.168.100.113/5000] error_code:10061 !

<<<----  [OUT]
2020/10/29 07:35:04:402

Connecting Started...

<<<----  [OUT]
2020/10/29 07:35:06:444

I can't connect with the passive [192.168.100.113/5000] error_code:10061 !

<<<----  [OUT]
2020/10/29 07:35:08:934

Connecting Started...

<<<----  [OUT]
2020/10/29 07:35:10:983

I can't connect with the passive [192.168.100.113/5000] error_code:10061 !

<<<----  [OUT]
2020/10/29 07:35:13:465

Connecting Started...

<<<----  [OUT]
2020/10/29 07:35:15:519

I can't connect with the passive [192.168.100.113/5000] error_code:10061 !

<<<----  [OUT]
2020/10/29 07:35:17:995

Connecting Started...

<<<----  [OUT]
2020/10/29 07:35:20:040

I can't connect with the passive [192.168.100.113/5000] error_code:10061 !

<<<----  [OUT]
2020/10/29 07:35:22:528

Connecting Started...

<<<----  [OUT]
2020/10/29 07:35:24:579

I can't connect with the passive [192.168.100.113/5000] error_code:10061 !

<<<----  [OUT]
2020/10/29 07:35:27:057

Connecting Started...

<<<----  [OUT]
2020/10/29 07:35:29:108

I can't connect with the passive [192.168.100.113/5000] error_code:10061 !

<<<----  [OUT]
2020/10/29 07:35:31:589

Connecting Started...

<<<----  [OUT]
2020/10/29 07:35:33:645

I can't connect with the passive [192.168.100.113/5000] error_code:10061 !

<<<----  [OUT]
2020/10/29 07:35:36:135

Connecting Started...

<<<----  [OUT]
2020/10/29 07:35:38:187

I can't connect with the passive [192.168.100.113/5000] error_code:10061 !

<<<----  [OUT]
2020/10/29 07:35:40:667

Connecting Started...

<<<----  [OUT]
2020/10/29 07:35:42:709

I can't connect with the passive [192.168.100.113/5000] error_code:10061 !

<<<----  [OUT]
2020/10/29 07:35:45:198

Connecting Started...

<<<----  [OUT]
2020/10/29 07:35:47:251

I can't connect with the passive [192.168.100.113/5000] error_code:10061 !

<<<----  [OUT]
2020/10/29 07:35:49:730

Connecting Started...

<<<----  [OUT]
2020/10/29 07:35:51:785

I can't connect with the passive [192.168.100.113/5000] error_code:10061 !

<<<----  [OUT]
2020/10/29 07:35:54:277

Connecting Started...

<<<----  [OUT]
2020/10/29 07:35:56:327

I can't connect with the passive [192.168.100.113/5000] error_code:10061 !

<<<----  [OUT]
2020/10/29 07:35:58:807

Connecting Started...

<<<----  [OUT]
2020/10/29 07:36:00:843

I can't connect with the passive [192.168.100.113/5000] error_code:10061 !

<<<----  [OUT]
2020/10/29 07:36:03:325

Connecting Started...

<<<----  [OUT]
2020/10/29 07:36:05:384

I can't connect with the passive [192.168.100.113/5000] error_code:10061 !

<<<----  [OUT]
2020/10/29 07:36:07:870

Connecting Started...

<<<----  [OUT]
2020/10/29 07:36:09:903

I can't connect with the passive [192.168.100.113/5000] error_code:10061 !

<<<----  [OUT]
2020/10/29 07:36:12:386

Connecting Started...

<<<----  [OUT]
2020/10/29 07:36:14:436

I can't connect with the passive [192.168.100.113/5000] error_code:10061 !

<<<----  [OUT]
2020/10/29 07:36:16:918

Connecting Started...

<<<----  [OUT]
2020/10/29 07:36:18:972

I can't connect with the passive [192.168.100.113/5000] error_code:10061 !

<<<----  [OUT]
2020/10/29 07:36:21:448

Connecting Started...

<<<----  [OUT]
2020/10/29 07:36:23:491

I can't connect with the passive [192.168.100.113/5000] error_code:10061 !

<<<----  [OUT]
2020/10/29 07:36:25:980

Connecting Started...

<<<----  [OUT]
2020/10/29 07:36:28:025

I can't connect with the passive [192.168.100.113/5000] error_code:10061 !

<<<----  [OUT]
2020/10/29 07:36:30:511

Connecting Started...

<<<----  [OUT]
2020/10/29 07:36:32:554

I can't connect with the passive [192.168.100.113/5000] error_code:10061 !

<<<----  [OUT]
2020/10/29 07:36:35:043

Connecting Started...

<<<----  [OUT]
2020/10/29 07:36:37:095

I can't connect with the passive [192.168.100.113/5000] error_code:10061 !

<<<----  [OUT]
2020/10/29 07:36:39:573

Connecting Started...

<<<----  [OUT]
2020/10/29 07:36:41:626

I can't connect with the passive [192.168.100.113/5000] error_code:10061 !

<<<----  [OUT]
2020/10/29 07:36:44:105

Connecting Started...

<<<----  [OUT]
2020/10/29 07:36:46:137

I can't connect with the passive [192.168.100.113/5000] error_code:10061 !

<<<----  [OUT]
2020/10/29 07:36:48:621

Connecting Started...

<<<----  [OUT]
2020/10/29 07:36:50:658

I can't connect with the passive [192.168.100.113/5000] error_code:10061 !

<<<----  [OUT]
2020/10/29 07:36:53:136

Connecting Started...

<<<----  [OUT]
2020/10/29 07:36:55:193

I can't connect with the passive [192.168.100.113/5000] error_code:10061 !

<<<----  [OUT]
2020/10/29 07:36:57:682

Connecting Started...

<<<----  [OUT]
2020/10/29 07:36:59:737

I can't connect with the passive [192.168.100.113/5000] error_code:10061 !

<<<----  [OUT]
2020/10/29 07:37:02:214

Connecting Started...

<<<----  [OUT]
2020/10/29 07:37:04:255

I can't connect with the passive [192.168.100.113/5000] error_code:10061 !

<<<----  [OUT]
2020/10/29 07:37:06:746

Connecting Started...

<<<----  [OUT]
2020/10/29 07:37:08:787

I can't connect with the passive [192.168.100.113/5000] error_code:10061 !

<<<----  [OUT]
2020/10/29 07:37:11:277

Connecting Started...

<<<----  [OUT]
2020/10/29 07:37:13:312

I can't connect with the passive [192.168.100.113/5000] error_code:10061 !

<<<----  [OUT]
2020/10/29 07:37:15:792

Connecting Started...

<<<----  [OUT]
2020/10/29 07:37:17:844

I can't connect with the passive [192.168.100.113/5000] error_code:10061 !

<<<----  [OUT]
2020/10/29 07:37:20:325

Connecting Started...

<<<----  [OUT]
2020/10/29 07:37:22:361

I can't connect with the passive [192.168.100.113/5000] error_code:10061 !

<<<----  [OUT]
2020/10/29 07:37:24:839

Connecting Started...

<<<----  [OUT]
2020/10/29 07:37:26:884

I can't connect with the passive [192.168.100.113/5000] error_code:10061 !

<<<----  [OUT]
2020/10/29 07:37:29:371

Connecting Started...

<<<----  [OUT]
2020/10/29 07:37:31:417

I can't connect with the passive [192.168.100.113/5000] error_code:10061 !

<<<----  [OUT]
2020/10/29 07:37:33:902

Connecting Started...

<<<----  [OUT]
2020/10/29 07:37:54:947

I can't connect with the passive [192.168.100.113/5000] error_code:10060 !

<<<----  [OUT]
2020/10/29 07:37:57:432

Connecting Started...

<<<----  [OUT]
2020/10/29 07:38:18:464

I can't connect with the passive [192.168.100.113/5000] error_code:10060 !

<<<----  [OUT]
2020/10/29 07:38:20:948

Connecting Started...

<<<----  [OUT]
2020/10/29 07:38:41:978

I can't connect with the passive [192.168.100.113/5000] error_code:10060 !

<<<----  [OUT]
2020/10/29 07:38:44:465

Connecting Started...

<<<----  [OUT]
2020/10/29 07:39:05:490

I can't connect with the passive [192.168.100.113/5000] error_code:10060 !

<<<----  [OUT]
2020/10/29 07:39:07:980

Connecting Started...

<<<----  [OUT]
2020/10/29 07:39:29:023

I can't connect with the passive [192.168.100.113/5000] error_code:10060 !

<<<----  [OUT]
2020/10/29 07:39:31:511

Connecting Started...

<<<----  [OUT]
2020/10/29 07:39:52:543

I can't connect with the passive [192.168.100.113/5000] error_code:10060 !

<<<----  [OUT]
2020/10/29 07:39:55:026

Connecting Started...

<<<----  [OUT]
2020/10/29 07:40:16:078

I can't connect with the passive [192.168.100.113/5000] error_code:10060 !

<<<----  [OUT]
2020/10/29 07:40:18:558

Connecting Started...

<<<----  [OUT]
2020/10/29 07:40:39:602

I can't connect with the passive [192.168.100.113/5000] error_code:10060 !

<<<----  [OUT]
2020/10/29 07:40:42:090

Connecting Started...

<<<----  [OUT]
2020/10/29 07:41:03:110

I can't connect with the passive [192.168.100.113/5000] error_code:10060 !

<<<----  [OUT]
2020/10/29 07:41:05:590

Connecting Started...

<<<----  [OUT]
2020/10/29 07:41:26:606

I can't connect with the passive [192.168.100.113/5000] error_code:10060 !

<<<----  [OUT]
2020/10/29 07:41:29:090

Connecting Started...

<<<----  [OUT]
2020/10/29 07:41:50:117

I can't connect with the passive [192.168.100.113/5000] error_code:10060 !

<<<----  [OUT]
2020/10/29 07:41:52:605

Connecting Started...

<<<----  [OUT]
2020/10/29 07:42:13:656

I can't connect with the passive [192.168.100.113/5000] error_code:10060 !

<<<----  [OUT]
2020/10/29 07:42:16:137

Connecting Started...

<<<----  [OUT]
2020/10/29 07:42:37:173

I can't connect with the passive [192.168.100.113/5000] error_code:10060 !

<<<----  [OUT]
2020/10/29 07:42:39:651

Connecting Started...

<<<----  [OUT]
2020/10/29 07:43:00:684

I can't connect with the passive [192.168.100.113/5000] error_code:10060 !

<<<----  [OUT]
2020/10/29 07:43:03:167

Connecting Started...

<<<----  [OUT]
2020/10/29 07:43:24:209

I can't connect with the passive [192.168.100.113/5000] error_code:10060 !

<<<----  [OUT]
2020/10/29 07:43:26:698

Connecting Started...

<<<----  [OUT]
2020/10/29 07:43:47:760

I can't connect with the passive [192.168.100.113/5000] error_code:10060 !

<<<----  [OUT]
2020/10/29 07:43:50:246

Connecting Started...

<<<----  [OUT]
2020/10/29 07:44:11:283

I can't connect with the passive [192.168.100.113/5000] error_code:10060 !

<<<----  [OUT]
2020/10/29 07:44:13:762

Connecting Started...

<<<----  [OUT]
2020/10/29 07:44:34:794

I can't connect with the passive [192.168.100.113/5000] error_code:10060 !

<<<----  [OUT]
2020/10/29 07:44:37:277

Connecting Started...

<<<----  [OUT]
2020/10/29 07:44:58:303

I can't connect with the passive [192.168.100.113/5000] error_code:10060 !

<<<----  [OUT]
2020/10/29 07:45:00:793

Connecting Started...

<<<----  [OUT]
2020/10/29 07:45:21:823

I can't connect with the passive [192.168.100.113/5000] error_code:10060 !

<<<----  [OUT]
2020/10/29 07:45:24:308

Connecting Started...

<<<----  [OUT]
2020/10/29 07:45:45:371

I can't connect with the passive [192.168.100.113/5000] error_code:10060 !

<<<----  [OUT]
2020/10/29 07:45:47:855

Connecting Started...

<<<----  [OUT]
2020/10/29 07:46:08:894

I can't connect with the passive [192.168.100.113/5000] error_code:10060 !

<<<----  [OUT]
2020/10/29 07:46:11:371

Connecting Started...

<<<----  [OUT]
2020/10/29 07:46:32:413

I can't connect with the passive [192.168.100.113/5000] error_code:10060 !

<<<----  [OUT]
2020/10/29 07:46:34:902

Connecting Started...

<<<----  [OUT]
2020/10/29 07:46:55:944

I can't connect with the passive [192.168.100.113/5000] error_code:10060 !

<<<----  [OUT]
2020/10/29 07:46:58:432

Connecting Started...

<<<----  [OUT]
2020/10/29 07:47:19:480

I can't connect with the passive [192.168.100.113/5000] error_code:10060 !

<<<----  [OUT]
2020/10/29 07:47:21:964

Connecting Started...

<<<----  [OUT]
2020/10/29 07:47:43:007

I can't connect with the passive [192.168.100.113/5000] error_code:10060 !

<<<----  [OUT]
2020/10/29 07:47:45:496

Connecting Started...

<<<----  [OUT]
2020/10/29 07:48:06:525

I can't connect with the passive [192.168.100.113/5000] error_code:10060 !

<<<----  [OUT]
2020/10/29 07:48:09:011

Connecting Started...

<<<----  [OUT]
2020/10/29 07:48:30:043

I can't connect with the passive [192.168.100.113/5000] error_code:10060 !

<<<----  [OUT]
2020/10/29 07:48:32:526

Connecting Started...

<<<----  [OUT]
2020/10/29 07:48:53:552

I can't connect with the passive [192.168.100.113/5000] error_code:10060 !

<<<----  [OUT]
2020/10/29 07:48:56:043

Connecting Started...

<<<----  [OUT]
2020/10/29 07:49:17:083

I can't connect with the passive [192.168.100.113/5000] error_code:10060 !

<<<----  [OUT]
2020/10/29 07:49:19:574

Connecting Started...

<<<----  [OUT]
2020/10/29 07:49:40:609

I can't connect with the passive [192.168.100.113/5000] error_code:10060 !

<<<----  [OUT]
2020/10/29 07:49:43:090

Connecting Started...

<<<----  [OUT]
2020/10/29 07:50:04:133

I can't connect with the passive [192.168.100.113/5000] error_code:10060 !

<<<----  [OUT]
2020/10/29 07:50:06:620

Connecting Started...

<<<----  [OUT]
2020/10/29 07:50:27:647

I can't connect with the passive [192.168.100.113/5000] error_code:10060 !

<<<----  [OUT]
2020/10/29 07:50:30:135

Connecting Started...

<<<----  [OUT]
2020/10/29 07:50:51:158

I can't connect with the passive [192.168.100.113/5000] error_code:10060 !

<<<----  [OUT]
2020/10/29 07:50:53:635

Connecting Started...

<<<----  [OUT]
2020/10/29 07:51:14:671

I can't connect with the passive [192.168.100.113/5000] error_code:10060 !

<<<----  [OUT]
2020/10/29 07:51:17:151

Connecting Started...

<<<----  [OUT]
2020/10/29 07:51:38:179

I can't connect with the passive [192.168.100.113/5000] error_code:10060 !

<<<----  [OUT]
2020/10/29 07:51:40:668

Connecting Started...

<<<----  [OUT]
2020/10/29 07:52:01:687

I can't connect with the passive [192.168.100.113/5000] error_code:10060 !

<<<----  [OUT]
2020/10/29 07:52:04:167

Connecting Started...

<<<----  [OUT]
2020/10/29 07:52:25:232

I can't connect with the passive [192.168.100.113/5000] error_code:10060 !

<<<----  [OUT]
2020/10/29 07:52:27:714

Connecting Started...

<<<----  [OUT]
2020/10/29 07:52:48:735

I can't connect with the passive [192.168.100.113/5000] error_code:10060 !

<<<----  [OUT]
2020/10/29 07:52:51:215

Connecting Started...

<<<----  [OUT]
2020/10/29 07:53:12:237

I can't connect with the passive [192.168.100.113/5000] error_code:10060 !

<<<----  [OUT]
2020/10/29 07:53:14:714

Connecting Started...

<<<----  [OUT]
2020/10/29 07:53:35:755

I can't connect with the passive [192.168.100.113/5000] error_code:10060 !

<<<----  [OUT]
2020/10/29 07:53:38:245

Connecting Started...

<<<----  [OUT]
2020/10/29 07:53:59:275

I can't connect with the passive [192.168.100.113/5000] error_code:10060 !

<<<----  [OUT]
2020/10/29 07:54:01:761

Connecting Started...

<<<----  [OUT]
2020/10/29 07:54:22:786

I can't connect with the passive [192.168.100.113/5000] error_code:10060 !

<<<----  [OUT]
2020/10/29 07:54:25:277

Connecting Started...

<<<----  [OUT]
2020/10/29 07:54:46:328

I can't connect with the passive [192.168.100.113/5000] error_code:10060 !

<<<----  [OUT]
2020/10/29 07:54:48:809

Connecting Started...

<<<----  [OUT]
2020/10/29 07:55:09:838

I can't connect with the passive [192.168.100.113/5000] error_code:10060 !

<<<----  [OUT]
2020/10/29 07:55:12:323

Connecting Started...

<<<----  [OUT]
2020/10/29 07:55:33:361

I can't connect with the passive [192.168.100.113/5000] error_code:10060 !

<<<----  [OUT]
2020/10/29 07:55:35:840

Connecting Started...

<<<----  [OUT]
2020/10/29 07:55:56:885

I can't connect with the passive [192.168.100.113/5000] error_code:10060 !

<<<----  [OUT]
2020/10/29 07:55:59:370

Connecting Started...

<<<----  [OUT]
2020/10/29 07:56:20:417

I can't connect with the passive [192.168.100.113/5000] error_code:10060 !

<<<----  [OUT]
2020/10/29 07:56:22:901

Connecting Started...

<<<----  [OUT]
2020/10/29 07:56:43:947

I can't connect with the passive [192.168.100.113/5000] error_code:10060 !

<<<----  [OUT]
2020/10/29 07:56:46:432

Connecting Started...

<<<----  [OUT]
2020/10/29 07:57:07:446

I can't connect with the passive [192.168.100.113/5000] error_code:10060 !

<<<----  [OUT]
2020/10/29 07:57:09:934

Connecting Started...

<<<----  [OUT]
2020/10/29 07:57:30:972

I can't connect with the passive [192.168.100.113/5000] error_code:10060 !

<<<----  [OUT]
2020/10/29 07:57:33:448

Connecting Started...

<<<----  [OUT]
2020/10/29 07:57:54:488

I can't connect with the passive [192.168.100.113/5000] error_code:10060 !

<<<----  [OUT]
2020/10/29 07:57:56:965

Connecting Started...

<<<----  [OUT]
2020/10/29 07:58:18:021

I can't connect with the passive [192.168.100.113/5000] error_code:10060 !

<<<----  [OUT]
2020/10/29 07:58:20:510

Connecting Started...

<<<----  [OUT]
2020/10/29 07:58:41:545

I can't connect with the passive [192.168.100.113/5000] error_code:10060 !

<<<----  [OUT]
2020/10/29 07:58:44:027

Connecting Started...

<<<----  [OUT]
2020/10/29 07:59:05:068

I can't connect with the passive [192.168.100.113/5000] error_code:10060 !

<<<----  [OUT]
2020/10/29 07:59:07:558

Connecting Started...

<<<----  [OUT]
2020/10/29 07:59:28:604

I can't connect with the passive [192.168.100.113/5000] error_code:10060 !

<<<----  [OUT]
2020/10/29 07:59:31:090

Connecting Started...

<<<----  [OUT]
2020/10/29 07:59:52:117

I can't connect with the passive [192.168.100.113/5000] error_code:10060 !

<<<----  [OUT]
2020/10/29 07:59:54:605

Connecting Started...
