
<<<----  [OUT]
2020/10/29 09:00:13:503

I can't connect with the passive [192.168.100.113/5000] error_code:10060 !

<<<----  [OUT]
2020/10/29 09:00:15:981

Connecting Started...

<<<----  [OUT]
2020/10/29 09:00:37:013

I can't connect with the passive [192.168.100.113/5000] error_code:10060 !

<<<----  [OUT]
2020/10/29 09:00:39:495

Connecting Started...

<<<----  [OUT]
2020/10/29 09:01:00:513

I can't connect with the passive [192.168.100.113/5000] error_code:10060 !

<<<----  [OUT]
2020/10/29 09:01:02:995

Connecting Started...

<<<----  [OUT]
2020/10/29 09:01:24:026

I can't connect with the passive [192.168.100.113/5000] error_code:10060 !

<<<----  [OUT]
2020/10/29 09:01:26:510

Connecting Started...

<<<----  [OUT]
2020/10/29 09:01:47:543

I can't connect with the passive [192.168.100.113/5000] error_code:10060 !

<<<----  [OUT]
2020/10/29 09:01:50:026

Connecting Started...

<<<----  [OUT]
2020/10/29 09:02:11:048

I can't connect with the passive [192.168.100.113/5000] error_code:10060 !

<<<----  [OUT]
2020/10/29 09:02:13:527

Connecting Started...

<<<----  [OUT]
2020/10/29 09:02:34:574

I can't connect with the passive [192.168.100.113/5000] error_code:10060 !

<<<----  [OUT]
2020/10/29 09:02:37:059

Connecting Started...

<<<----  [OUT]
2020/10/29 09:02:58:088

I can't connect with the passive [192.168.100.113/5000] error_code:10060 !

<<<----  [OUT]
2020/10/29 09:03:00:573

Connecting Started...

<<<----  [OUT]
2020/10/29 09:03:21:609

I can't connect with the passive [192.168.100.113/5000] error_code:10060 !

<<<----  [OUT]
2020/10/29 09:03:24:090

Connecting Started...

<<<----  [OUT]
2020/10/29 09:03:45:141

I can't connect with the passive [192.168.100.113/5000] error_code:10060 !

<<<----  [OUT]
2020/10/29 09:03:47:620

Connecting Started...

<<<----  [OUT]
2020/10/29 09:04:08:658

I can't connect with the passive [192.168.100.113/5000] error_code:10060 !

<<<----  [OUT]
2020/10/29 09:04:11:136

Connecting Started...

<<<----  [OUT]
2020/10/29 09:04:32:185

I can't connect with the passive [192.168.100.113/5000] error_code:10060 !

<<<----  [OUT]
2020/10/29 09:04:34:667

Connecting Started...

<<<----  [OUT]
2020/10/29 09:04:55:703

I can't connect with the passive [192.168.100.113/5000] error_code:10060 !

<<<----  [OUT]
2020/10/29 09:04:58:183

Connecting Started...

<<<----  [OUT]
2020/10/29 09:05:19:219

I can't connect with the passive [192.168.100.113/5000] error_code:10060 !

<<<----  [OUT]
2020/10/29 09:05:21:699

Connecting Started...

<<<----  [OUT]
2020/10/29 09:05:42:735

I can't connect with the passive [192.168.100.113/5000] error_code:10060 !

<<<----  [OUT]
2020/10/29 09:05:45:214

Connecting Started...

<<<----  [OUT]
2020/10/29 09:06:06:241

I can't connect with the passive [192.168.100.113/5000] error_code:10060 !

<<<----  [OUT]
2020/10/29 09:06:08:729

Connecting Started...

<<<----  [OUT]
2020/10/29 09:06:29:773

I can't connect with the passive [192.168.100.113/5000] error_code:10060 !

<<<----  [OUT]
2020/10/29 09:06:32:262

Connecting Started...

<<<----  [OUT]
2020/10/29 09:06:53:293

I can't connect with the passive [192.168.100.113/5000] error_code:10060 !

<<<----  [OUT]
2020/10/29 09:06:55:777

Connecting Started...

<<<----  [OUT]
2020/10/29 09:07:16:825

I can't connect with the passive [192.168.100.113/5000] error_code:10060 !

<<<----  [OUT]
2020/10/29 09:07:19:307

Connecting Started...

<<<----  [OUT]
2020/10/29 09:07:40:350

I can't connect with the passive [192.168.100.113/5000] error_code:10060 !

<<<----  [OUT]
2020/10/29 09:07:42:839

Connecting Started...

<<<----  [OUT]
2020/10/29 09:08:03:872

I can't connect with the passive [192.168.100.113/5000] error_code:10060 !

<<<----  [OUT]
2020/10/29 09:08:06:356

Connecting Started...

<<<----  [OUT]
2020/10/29 09:08:27:399

I can't connect with the passive [192.168.100.113/5000] error_code:10060 !

<<<----  [OUT]
2020/10/29 09:08:29:887

Connecting Started...

<<<----  [OUT]
2020/10/29 09:08:50:927

I can't connect with the passive [192.168.100.113/5000] error_code:10060 !

<<<----  [OUT]
2020/10/29 09:08:53:418

Connecting Started...

<<<----  [OUT]
2020/10/29 09:09:14:446

I can't connect with the passive [192.168.100.113/5000] error_code:10060 !

<<<----  [OUT]
2020/10/29 09:09:16:933

Connecting Started...

<<<----  [OUT]
2020/10/29 09:09:37:973

I can't connect with the passive [192.168.100.113/5000] error_code:10060 !

<<<----  [OUT]
2020/10/29 09:09:40:465

Connecting Started...

<<<----  [OUT]
2020/10/29 09:10:01:493

I can't connect with the passive [192.168.100.113/5000] error_code:10060 !

<<<----  [OUT]
2020/10/29 09:10:03:981

Connecting Started...

<<<----  [OUT]
2020/10/29 09:10:25:031

I can't connect with the passive [192.168.100.113/5000] error_code:10060 !

<<<----  [OUT]
2020/10/29 09:10:27:511

Connecting Started...

<<<----  [OUT]
2020/10/29 09:10:48:562

I can't connect with the passive [192.168.100.113/5000] error_code:10060 !

<<<----  [OUT]
2020/10/29 09:10:51:042

Connecting Started...

<<<----  [OUT]
2020/10/29 09:11:12:088

I can't connect with the passive [192.168.100.113/5000] error_code:10060 !

<<<----  [OUT]
2020/10/29 09:11:14:574

Connecting Started...

<<<----  [OUT]
2020/10/29 09:11:35:623

I can't connect with the passive [192.168.100.113/5000] error_code:10060 !

<<<----  [OUT]
2020/10/29 09:11:38:105

Connecting Started...

<<<----  [OUT]
2020/10/29 09:14:38:614

---------------------------------------------------------------------
// FA : Start Log ...


<<<----  [OUT]
2020/10/29 09:14:38:618

//-------------------------------------------------------------
Property Information

   Driver Type [HSMS]
   Driver Mode [ACTIVE]
   IP    [192.168.100.113]
   Port  [5000]
//-------------------------------------------------------------


<<<----  [OUT]
2020/10/29 09:14:39:219

Auto-Start Started ... (Active)

<<<----  [OUT]
2020/10/29 09:14:39:313

Auto-Start Started ...  Waiting Stop-Connection.

<<<----  [OUT]
2020/10/29 09:14:39:313

Auto-Start Started ...  Waiting Open-Socket.

<<<----  [OUT]
2020/10/29 09:14:39:340

Socket Open Started...

<<<----  [OUT]
2020/10/29 09:14:39:340

Socket Open Completed...

<<<----  [OUT]
2020/10/29 09:14:39:340

Connecting Started...

<<<----  [OUT]
2020/10/29 09:14:39:404

Auto-Start Completed ...  (Active)

<<<----  [OUT]
2020/10/29 09:15:00:380

I can't connect with the passive [192.168.100.113/5000] error_code:10060 !

<<<----  [OUT]
2020/10/29 09:15:02:870

Connecting Started...

<<<----  [OUT]
2020/10/29 09:15:23:902

I can't connect with the passive [192.168.100.113/5000] error_code:10060 !

<<<----  [OUT]
2020/10/29 09:15:26:386

Connecting Started...

<<<----  [OUT]
2020/10/29 09:15:47:439

I can't connect with the passive [192.168.100.113/5000] error_code:10060 !

<<<----  [OUT]
2020/10/29 09:15:49:918

Connecting Started...

<<<----  [OUT]
2020/10/29 09:16:10:957

I can't connect with the passive [192.168.100.113/5000] error_code:10060 !

<<<----  [OUT]
2020/10/29 09:16:13:448

Connecting Started...

<<<----  [OUT]
2020/10/29 09:16:34:481

I can't connect with the passive [192.168.100.113/5000] error_code:10060 !

<<<----  [OUT]
2020/10/29 09:16:36:963

Connecting Started...

<<<----  [OUT]
2020/10/29 09:16:57:989

I can't connect with the passive [192.168.100.113/5000] error_code:10060 !

<<<----  [OUT]
2020/10/29 09:17:00:480

Connecting Started...

<<<----  [OUT]
2020/10/29 09:17:21:511

I can't connect with the passive [192.168.100.113/5000] error_code:10060 !

<<<----  [OUT]
2020/10/29 09:17:23:996

Connecting Started...

<<<----  [OUT]
2020/10/29 09:17:45:058

I can't connect with the passive [192.168.100.113/5000] error_code:10060 !

<<<----  [OUT]
2020/10/29 09:17:47:543

Connecting Started...

<<<----  [OUT]
2020/10/29 09:18:08:590

I can't connect with the passive [192.168.100.113/5000] error_code:10060 !

<<<----  [OUT]
2020/10/29 09:18:11:073

Connecting Started...

<<<----  [OUT]
2020/10/29 09:18:32:128

I can't connect with the passive [192.168.100.113/5000] error_code:10060 !

<<<----  [OUT]
2020/10/29 09:18:34:605

Connecting Started...

<<<----  [OUT]
2020/10/29 09:18:55:655

I can't connect with the passive [192.168.100.113/5000] error_code:10060 !

<<<----  [OUT]
2020/10/29 09:18:58:135

Connecting Started...

<<<----  [OUT]
2020/10/29 09:19:19:196

I can't connect with the passive [192.168.100.113/5000] error_code:10060 !

<<<----  [OUT]
2020/10/29 09:19:21:684

Connecting Started...

<<<----  [OUT]
2020/10/29 09:19:42:730

I can't connect with the passive [192.168.100.113/5000] error_code:10060 !

<<<----  [OUT]
2020/10/29 09:19:45:214

Connecting Started...

<<<----  [OUT]
2020/10/29 09:20:06:256

I can't connect with the passive [192.168.100.113/5000] error_code:10060 !

<<<----  [OUT]
2020/10/29 09:20:08:746

Connecting Started...

<<<----  [OUT]
2020/10/29 09:20:29:798

I can't connect with the passive [192.168.100.113/5000] error_code:10060 !

<<<----  [OUT]
2020/10/29 09:20:32:276

Connecting Started...

<<<----  [OUT]
2020/10/29 09:20:53:315

I can't connect with the passive [192.168.100.113/5000] error_code:10060 !

<<<----  [OUT]
2020/10/29 09:20:55:792

Connecting Started...

<<<----  [OUT]
2020/10/29 09:21:16:841

I can't connect with the passive [192.168.100.113/5000] error_code:10060 !

<<<----  [OUT]
2020/10/29 09:21:19:324

Connecting Started...

<<<----  [OUT]
2020/10/29 09:21:40:365

I can't connect with the passive [192.168.100.113/5000] error_code:10060 !

<<<----  [OUT]
2020/10/29 09:21:42:854

Connecting Started...

<<<----  [OUT]
2020/10/29 09:22:03:895

I can't connect with the passive [192.168.100.113/5000] error_code:10060 !

<<<----  [OUT]
2020/10/29 09:22:06:386

Connecting Started...

<<<----  [OUT]
2020/10/29 09:22:27:445

I can't connect with the passive [192.168.100.113/5000] error_code:10060 !

<<<----  [OUT]
2020/10/29 09:22:29:933

Connecting Started...

<<<----  [OUT]
2020/10/29 09:22:50:977

I can't connect with the passive [192.168.100.113/5000] error_code:10060 !

<<<----  [OUT]
2020/10/29 09:22:53:463

Connecting Started...

<<<----  [OUT]
2020/10/29 09:23:14:496

I can't connect with the passive [192.168.100.113/5000] error_code:10060 !

<<<----  [OUT]
2020/10/29 09:23:16:981

Connecting Started...

<<<----  [OUT]
2020/10/29 09:23:38:030

I can't connect with the passive [192.168.100.113/5000] error_code:10060 !

<<<----  [OUT]
2020/10/29 09:23:40:512

Connecting Started...

<<<----  [OUT]
2020/10/29 09:24:01:545

I can't connect with the passive [192.168.100.113/5000] error_code:10060 !

<<<----  [OUT]
2020/10/29 09:24:04:026

Connecting Started...

<<<----  [OUT]
2020/10/29 09:24:25:066

I can't connect with the passive [192.168.100.113/5000] error_code:10060 !

<<<----  [OUT]
2020/10/29 09:24:27:543

Connecting Started...

<<<----  [OUT]
2020/10/29 09:24:48:585

I can't connect with the passive [192.168.100.113/5000] error_code:10060 !

<<<----  [OUT]
2020/10/29 09:24:51:073

Connecting Started...

<<<----  [OUT]
2020/10/29 09:25:12:112

I can't connect with the passive [192.168.100.113/5000] error_code:10060 !

<<<----  [OUT]
2020/10/29 09:25:14:589

Connecting Started...

<<<----  [OUT]
2020/10/29 09:25:35:627

I can't connect with the passive [192.168.100.113/5000] error_code:10060 !

<<<----  [OUT]
2020/10/29 09:25:38:104

Connecting Started...

<<<----  [OUT]
2020/10/29 09:25:59:139

I can't connect with the passive [192.168.100.113/5000] error_code:10060 !

<<<----  [OUT]
2020/10/29 09:26:01:620

Connecting Started...

<<<----  [OUT]
2020/10/29 09:26:22:672

I can't connect with the passive [192.168.100.113/5000] error_code:10060 !

<<<----  [OUT]
2020/10/29 09:26:25:153

Connecting Started...

<<<----  [OUT]
2020/10/29 09:26:46:206

I can't connect with the passive [192.168.100.113/5000] error_code:10060 !

<<<----  [OUT]
2020/10/29 09:26:48:683

Connecting Started...

<<<----  [OUT]
2020/10/29 09:27:09:690

I can't connect with the passive [192.168.100.113/5000] error_code:10060 !

<<<----  [OUT]
2020/10/29 09:27:12:167

Connecting Started...

<<<----  [OUT]
2020/10/29 09:27:33:197

I can't connect with the passive [192.168.100.113/5000] error_code:10060 !

<<<----  [OUT]
2020/10/29 09:27:35:684

Connecting Started...

<<<----  [OUT]
2020/10/29 09:27:56:736

I can't connect with the passive [192.168.100.113/5000] error_code:10060 !

<<<----  [OUT]
2020/10/29 09:27:59:214

Connecting Started...

<<<----  [OUT]
2020/10/29 09:28:20:257

I can't connect with the passive [192.168.100.113/5000] error_code:10060 !

<<<----  [OUT]
2020/10/29 09:28:22:746

Connecting Started...

<<<----  [OUT]
2020/10/29 09:28:43:786

I can't connect with the passive [192.168.100.113/5000] error_code:10060 !

<<<----  [OUT]
2020/10/29 09:28:46:276

Connecting Started...

<<<----  [OUT]
2020/10/29 09:29:07:328

I can't connect with the passive [192.168.100.113/5000] error_code:10060 !

<<<----  [OUT]
2020/10/29 09:29:09:808

Connecting Started...

<<<----  [OUT]
2020/10/29 09:29:30:866

I can't connect with the passive [192.168.100.113/5000] error_code:10060 !

<<<----  [OUT]
2020/10/29 09:29:33:355

Connecting Started...

<<<----  [OUT]
2020/10/29 09:29:54:396

I can't connect with the passive [192.168.100.113/5000] error_code:10060 !

<<<----  [OUT]
2020/10/29 09:29:56:887

Connecting Started...

<<<----  [OUT]
2020/10/29 09:30:17:933

I can't connect with the passive [192.168.100.113/5000] error_code:10060 !

<<<----  [OUT]
2020/10/29 09:30:20:417

Connecting Started...

<<<----  [OUT]
2020/10/29 09:30:41:445

I can't connect with the passive [192.168.100.113/5000] error_code:10060 !

<<<----  [OUT]
2020/10/29 09:30:43:932

Connecting Started...

<<<----  [OUT]
2020/10/29 09:31:04:983

I can't connect with the passive [192.168.100.113/5000] error_code:10060 !

<<<----  [OUT]
2020/10/29 09:31:07:465

Connecting Started...

<<<----  [OUT]
2020/10/29 09:31:28:513

I can't connect with the passive [192.168.100.113/5000] error_code:10060 !

<<<----  [OUT]
2020/10/29 09:31:30:995

Connecting Started...

<<<----  [OUT]
2020/10/29 09:31:52:025

I can't connect with the passive [192.168.100.113/5000] error_code:10060 !

<<<----  [OUT]
2020/10/29 09:31:54:511

Connecting Started...

<<<----  [OUT]
2020/10/29 09:32:15:533

I can't connect with the passive [192.168.100.113/5000] error_code:10060 !
