

//--------------------------------------------------------
// START

2021_12_23 11:40:05   Start : mRES__OBJECT_PROPERTY.Upload__OBJ_PROPERTY()
2021_12_23 11:40:05   Completed ...
2021_12_23 11:40:05   Start : mMNG__ALARM_DB.Upload__DB()
2021_12_23 11:40:05   Completed ...
2021_12_23 11:40:05   Start : mMNG_FILE.Upload__OBJECT_LIST()
2021_12_23 11:40:05   Completed ...
2021_12_23 11:40:05   Start : mRES__OBJECT_LIST.Start__OBJECT_LIST()
2021_12_23 11:40:05   Completed ...
2021_12_23 11:40:05   Start : mRES__OBJECT_LIST.Initialize__OBJECT_LIST()
2021_12_23 11:40:05   STD Object : (__EQP) Started ...
2021_12_23 11:40:05   STD Object : (__EQP) Completed ...
2021_12_23 11:40:05   STD Object : (__SYS) Started ...
2021_12_23 11:40:05   STD Object : (__SYS) Completed ...
2021_12_23 11:40:05   STD Object : (DB_CFG) Started ...
2021_12_23 11:40:05   STD Object : (DB_CFG) Completed ...
2021_12_23 11:40:05   STD Object : (DB_GUI) Started ...
2021_12_23 11:40:05   STD Object : (DB_GUI) Completed ...
2021_12_23 11:40:05   STD Object : (FNC__ATM_ROBOT) Started ...
2021_12_23 11:40:05   STD Object : (FNC__ATM_ROBOT) Completed ...
2021_12_23 11:40:05   STD Object : (FNC__LBA) Started ...
2021_12_23 11:40:05   STD Object : (FNC__LBA) Completed ...
2021_12_23 11:40:05   STD Object : (FNC__LBB) Started ...
2021_12_23 11:40:05   STD Object : (FNC__LBB) Completed ...
2021_12_23 11:40:05   STD Object : (FNC__LBx_TEST) Started ...
2021_12_23 11:40:05   STD Object : (FNC__LBx_TEST) Completed ...
2021_12_23 11:40:05   STD Object : (FNC__LP1) Started ...
2021_12_23 11:40:05   STD Object : (FNC__LP1) Completed ...
2021_12_23 11:40:05   STD Object : (FNC__LP2) Started ...
2021_12_23 11:40:05   STD Object : (FNC__LP2) Completed ...
2021_12_23 11:40:05   STD Object : (FNC__LP3) Started ...
2021_12_23 11:40:05   STD Object : (FNC__LP3) Completed ...
2021_12_23 11:40:05   STD Object : (FNC__MANIFOLD_TEST) Started ...
2021_12_23 11:40:05   STD Object : (FNC__MANIFOLD_TEST) Completed ...
2021_12_23 11:40:05   STD Object : (FNC__PMx_VLV) Started ...
2021_12_23 11:40:05   STD Object : (FNC__PMx_VLV) Completed ...
2021_12_23 11:40:05   STD Object : (FNC__TMC_CHM) Started ...
2021_12_23 11:40:05   STD Object : (FNC__TMC_CHM) Completed ...
2021_12_23 11:40:05   STD Object : (FNC__TMC_VLV) Started ...
2021_12_23 11:40:05   STD Object : (FNC__TMC_VLV) Completed ...
2021_12_23 11:40:05   STD Object : (FNC__VAC_ROBOT) Started ...
2021_12_23 11:40:05   STD Object : (FNC__VAC_ROBOT) Completed ...
2021_12_23 11:40:05   STD Object : (FNC_BALLAST_DATALOG) Started ...
2021_12_23 11:40:07   STD Object : (FNC_BALLAST_DATALOG) Completed ...
2021_12_23 11:40:07   STD Object : (INF__AL1) Started ...
2021_12_23 11:40:07   STD Object : (INF__AL1) Completed ...
2021_12_23 11:40:07   STD Object : (INF__ATM_ROBOT) Started ...
2021_12_23 11:40:07   STD Object : (INF__ATM_ROBOT) Completed ...
2021_12_23 11:40:07   STD Object : (INF__LBA) Started ...
2021_12_23 11:40:07   STD Object : (INF__LBA) Completed ...
2021_12_23 11:40:07   STD Object : (INF__LBB) Started ...
2021_12_23 11:40:07   STD Object : (INF__LBB) Completed ...
2021_12_23 11:40:07   STD Object : (INF__LP1) Started ...
2021_12_23 11:40:07   STD Object : (INF__LP1) Completed ...
2021_12_23 11:40:07   STD Object : (INF__LP2) Started ...
2021_12_23 11:40:07   STD Object : (INF__LP2) Completed ...
2021_12_23 11:40:07   STD Object : (INF__LP3) Started ...
2021_12_23 11:40:07   STD Object : (INF__LP3) Completed ...
2021_12_23 11:40:07   STD Object : (INF__TMC_CHM) Started ...
2021_12_23 11:40:07   STD Object : (INF__TMC_CHM) Completed ...
2021_12_23 11:40:07   STD Object : (INF__TMC_SYS) Started ...
2021_12_23 11:40:07   STD Object : (INF__TMC_SYS) Completed ...
2021_12_23 11:40:07   STD Object : (INF__UPPER_ATM_ROBOT) Started ...
2021_12_23 11:40:07   STD Object : (INF__UPPER_ATM_ROBOT) Completed ...
2021_12_23 11:40:07   STD Object : (INF__UPPER_VAC_ROBOT) Started ...
2021_12_23 11:40:07   STD Object : (INF__UPPER_VAC_ROBOT) Completed ...
2021_12_23 11:40:07   STD Object : (INF__VAC_ROBOT) Started ...
2021_12_23 11:40:07   STD Object : (INF__VAC_ROBOT) Completed ...
2021_12_23 11:40:07   STD Object : (MNG__SYS_CTRL) Started ...
2021_12_23 11:40:07   STD Object : (MNG__SYS_CTRL) Completed ...
2021_12_23 11:40:07   STD Object : (MON__SYSTEM) Started ...
2021_12_23 11:40:07   STD Object : (MON__SYSTEM) Completed ...
2021_12_23 11:40:07   STD Object : (OPR__AL1) Started ...
2021_12_23 11:40:07   STD Object : (OPR__AL1) Completed ...
2021_12_23 11:40:07   STD Object : (OPR__ATM_ROBOT) Started ...
2021_12_23 11:40:07   STD Object : (OPR__ATM_ROBOT) Completed ...
2021_12_23 11:40:07   STD Object : (OPR__LBA) Started ...
2021_12_23 11:40:07   STD Object : (OPR__LBA) Completed ...
2021_12_23 11:40:07   STD Object : (OPR__LBB) Started ...
2021_12_23 11:40:07   STD Object : (OPR__LBB) Completed ...
2021_12_23 11:40:07   STD Object : (OPR__LP1) Started ...
2021_12_23 11:40:07   STD Object : (OPR__LP1) Completed ...
2021_12_23 11:40:07   STD Object : (OPR__LP2) Started ...
2021_12_23 11:40:07   STD Object : (OPR__LP2) Completed ...
2021_12_23 11:40:07   STD Object : (OPR__LP3) Started ...
2021_12_23 11:40:07   STD Object : (OPR__LP3) Completed ...
2021_12_23 11:40:07   STD Object : (OPR__PMx_HANDOFF) Started ...
2021_12_23 11:40:07   STD Object : (OPR__PMx_HANDOFF) Completed ...
2021_12_23 11:40:07   STD Object : (OPR__TMC_CHM) Started ...
2021_12_23 11:40:07   STD Object : (OPR__TMC_CHM) Completed ...
2021_12_23 11:40:07   STD Object : (OPR__VAC_ROBOT) Started ...
2021_12_23 11:40:07   STD Object : (OPR__VAC_ROBOT) Completed ...
2021_12_23 11:40:07   STD Object : (PAGE__LBA) Started ...
2021_12_23 11:40:07   STD Object : (PAGE__LBA) Completed ...
2021_12_23 11:40:07   STD Object : (PAGE__LBA_LEAK) Started ...
2021_12_23 11:40:07   STD Object : (PAGE__LBA_LEAK) Completed ...
2021_12_23 11:40:07   STD Object : (PAGE__LBB) Started ...
2021_12_23 11:40:07   STD Object : (PAGE__LBB) Completed ...
2021_12_23 11:40:07   STD Object : (PAGE__LBB_LEAK) Started ...
2021_12_23 11:40:07   STD Object : (PAGE__LBB_LEAK) Completed ...
2021_12_23 11:40:07   STD Object : (PAGE__LBx_TEST) Started ...
2021_12_23 11:40:07   STD Object : (PAGE__LBx_TEST) Completed ...
2021_12_23 11:40:07   STD Object : (PAGE__LP1_RF) Started ...
2021_12_23 11:40:07   STD Object : (PAGE__LP1_RF) Completed ...
2021_12_23 11:40:07   STD Object : (PAGE__LP2_RF) Started ...
2021_12_23 11:40:07   STD Object : (PAGE__LP2_RF) Completed ...
2021_12_23 11:40:07   STD Object : (PAGE__LP3_RF) Started ...
2021_12_23 11:40:07   STD Object : (PAGE__LP3_RF) Completed ...
2021_12_23 11:40:07   STD Object : (PAGE__MANIFOLD_TEST) Started ...
2021_12_23 11:40:07   STD Object : (PAGE__MANIFOLD_TEST) Completed ...
2021_12_23 11:40:07   STD Object : (PAGE__SYS_CTRL) Started ...
2021_12_23 11:40:07   STD Object : (PAGE__SYS_CTRL) Completed ...
2021_12_23 11:40:07   STD Object : (PAGE__TMC_CHM) Started ...
2021_12_23 11:40:07   STD Object : (PAGE__TMC_CHM) Completed ...
2021_12_23 11:40:07   STD Object : (PAGE__TMC_LEAK) Started ...
2021_12_23 11:40:07   STD Object : (PAGE__TMC_LEAK) Completed ...
2021_12_23 11:40:07   STD Object : (PHY__AL1) Started ...
2021_12_23 11:40:07   STD Object : (PHY__AL1) Completed ...
2021_12_23 11:40:07   STD Object : (PHY__ATM_ROBOT) Started ...
2021_12_23 11:40:07   STD Object : (PHY__ATM_ROBOT) Completed ...
2021_12_23 11:40:07   STD Object : (PHY__BUFF1) Started ...
2021_12_23 11:40:07   STD Object : (PHY__BUFF1) Completed ...
2021_12_23 11:40:07   STD Object : (PHY__BUFF2) Started ...
2021_12_23 11:40:07   STD Object : (PHY__BUFF2) Completed ...
2021_12_23 11:40:07   STD Object : (PHY__LBA) Started ...
2021_12_23 11:40:07   STD Object : (PHY__LBA) Completed ...
2021_12_23 11:40:07   STD Object : (PHY__LBB) Started ...
2021_12_23 11:40:07   STD Object : (PHY__LBB) Completed ...
2021_12_23 11:40:07   STD Object : (PHY__LP1) Started ...
2021_12_23 11:40:07   STD Object : (PHY__LP1) Completed ...
2021_12_23 11:40:07   STD Object : (PHY__LP2) Started ...
2021_12_23 11:40:07   STD Object : (PHY__LP2) Completed ...
2021_12_23 11:40:07   STD Object : (PHY__LP3) Started ...
2021_12_23 11:40:07   STD Object : (PHY__LP3) Completed ...
2021_12_23 11:40:07   STD Object : (PHY__PMx) Started ...
2021_12_23 11:40:07   STD Object : (PHY__PMx) Completed ...
2021_12_23 11:40:07   STD Object : (PHY__PUMP) Started ...
2021_12_23 11:40:07   STD Object : (PHY__PUMP) Completed ...
2021_12_23 11:40:07   STD Object : (PHY__SIGNAL_TOWER) Started ...
2021_12_23 11:40:07   STD Object : (PHY__SIGNAL_TOWER) Completed ...
2021_12_23 11:40:07   STD Object : (PHY__TMC_CHM) Started ...
2021_12_23 11:40:07   STD Object : (PHY__TMC_CHM) Completed ...
2021_12_23 11:40:07   STD Object : (PHY__VAC_ROBOT) Started ...
2021_12_23 11:40:07   STD Object : (PHY__VAC_ROBOT) Completed ...
2021_12_23 11:40:07   STD Object : (PHY_IO__LP1) Started ...
2021_12_23 11:40:07   STD Object : (PHY_IO__LP1) Completed ...
2021_12_23 11:40:07   STD Object : (PHY_IO__LP2) Started ...
2021_12_23 11:40:07   STD Object : (PHY_IO__LP2) Completed ...
2021_12_23 11:40:07   STD Object : (PHY_IO__LP3) Started ...
2021_12_23 11:40:07   STD Object : (PHY_IO__LP3) Completed ...
2021_12_23 11:40:07   STD Object : (PHY_IO__PUMP) Started ...
2021_12_23 11:40:07   STD Object : (PHY_IO__PUMP) Completed ...
2021_12_23 11:40:07   STD Object : (PHY_OHT__LP1) Started ...
2021_12_23 11:40:07   STD Object : (PHY_OHT__LP1) Completed ...
2021_12_23 11:40:07   STD Object : (PHY_OHT__LP2) Started ...
2021_12_23 11:40:07   STD Object : (PHY_OHT__LP2) Completed ...
2021_12_23 11:40:07   STD Object : (PHY_OHT__LP3) Started ...
2021_12_23 11:40:07   STD Object : (PHY_OHT__LP3) Completed ...
2021_12_23 11:40:07   IO Object : (IO) Started ...
2021_12_23 11:40:07   IO Object : (IO) Completed ...
2021_12_23 11:40:07   IO Object : (PHY_IO__ATM_ROBOT) Started ...
2021_12_23 11:40:07   IO Object : (PHY_IO__ATM_ROBOT) Completed ...
2021_12_23 11:40:07   IO Object : (PHY_IO__VAC_ROBOT) Started ...
2021_12_23 11:40:07   IO Object : (PHY_IO__VAC_ROBOT) Completed ...
2021_12_23 11:40:07   IO Object : (PHY_RFID__LP1) Started ...
2021_12_23 11:40:07   IO Object : (PHY_RFID__LP1) Completed ...
2021_12_23 11:40:07   IO Object : (PHY_RFID__LP2) Started ...
2021_12_23 11:40:07   IO Object : (PHY_RFID__LP2) Completed ...
2021_12_23 11:40:07   IO Object : (PHY_RFID__LP3) Started ...
2021_12_23 11:40:07   IO Object : (PHY_RFID__LP3) Completed ...
2021_12_23 11:40:07   Link Object : (TMC_LINK) Started ...
2021_12_23 11:40:07   Link Object : (TMC_LINK) Completed ...
2021_12_23 11:40:07   Completed ...
2021_12_23 11:40:07   Start : mMNG__ALARM_DB.Upload__LEVEL()
2021_12_23 11:40:07   Completed ...
2021_12_23 11:40:07   Start : mRES__OBJECT_DB.Upload__LOOKUP_TABLE()
2021_12_23 11:40:07   Completed ...
2021_12_23 11:40:07   Start : mRES__OBJECT_DB.Upload__OBJECT_OPTION()
2021_12_23 11:40:08   Completed ...
2021_12_23 11:40:08   Start : mRES__OBJECT_PROPERTY.Init__OBJ_PROPERTY()
2021_12_23 11:40:08      Property_Info__Memory_Check : -1
2021_12_23 11:40:08   Completed ...
2021_12_23 11:40:08   Start : mRES__OBJECT_DB.Analysis__OBJ_MODULE()
2021_12_23 11:40:08   Completed ...
2021_12_23 11:40:08   Start : mRES__OBJECT_DB.Analysis__OBJ_VERSION()
2021_12_23 11:40:08   Completed ...
2021_12_23 11:40:08   Start : mRES__OBJECT_DB.Upload__OBJECT_DATALOG_CHANNEL()
2021_12_23 11:40:08   Completed ...
2021_12_23 11:40:08   Start : mRES__SEQ_IP.Upload__SEQ_INFO()
2021_12_23 11:40:08   Completed ...
2021_12_23 11:40:08   Start : mRES__CFG_PAGE.Upload__PAGE_INFO()
2021_12_23 11:40:08   Completed ...
2021_12_23 11:40:08   Start : mRES__OBJECT_DB.Initialize__OBJECT()
2021_12_23 11:40:08   Completed ...
2021_12_23 11:40:08   Start : mRES__OBJECT_DB.Analysis__OBJ_LIST()
2021_12_23 11:40:08   Completed ...
2021_12_23 11:40:08   Start : mRES__OBJECT_PROPERTY.Check_ERROR__OBJ_PROPERTY()
2021_12_23 11:40:08   Completed ...
2021_12_23 11:40:08   Start : mRES__ALARM_DB.Change__DB()
2021_12_23 11:40:08   Completed ...
2021_12_23 11:40:08   Start : mRES__OBJECT_DB.Initialize__PROC()
2021_12_23 11:40:08   Completed ...
2021_12_23 11:40:08   Start : mUserID_CTRL.Upload()
2021_12_23 11:40:08   Completed ...
2021_12_23 11:40:08   Start : mRES__OBJECT_DB.Report__MODULE_INFO()
2021_12_23 11:40:08   Completed ...
2021_12_23 11:40:08   Start : net_ctrl->Start__NET()
2021_12_23 11:40:09   Completed ...
2021_12_23 11:40:09   Start : mRES__FA.Start__FA()
2021_12_23 11:40:09   Completed ...
2021_12_23 11:40:09   Start : mRES__OBJECT_DB.Start__OBJECT()
2021_12_23 11:40:09   Completed ...
