
<<<----  [OUT]
2020/10/28 17:00:01:594

I can't connect with the passive [192.168.100.113/5000] error_code:10061 !

<<<----  [OUT]
2020/10/28 17:00:04:073

Connecting Started...

<<<----  [OUT]
2020/10/28 17:00:06:127

I can't connect with the passive [192.168.100.113/5000] error_code:10061 !

<<<----  [OUT]
2020/10/28 17:00:08:606

Connecting Started...

<<<----  [OUT]
2020/10/28 17:00:10:661

I can't connect with the passive [192.168.100.113/5000] error_code:10061 !

<<<----  [OUT]
2020/10/28 17:00:13:152

Connecting Started...

<<<----  [OUT]
2020/10/28 17:00:15:199

I can't connect with the passive [192.168.100.113/5000] error_code:10061 !

<<<----  [OUT]
2020/10/28 17:00:17:682

Connecting Started...

<<<----  [OUT]
2020/10/28 17:00:19:739

I can't connect with the passive [192.168.100.113/5000] error_code:10061 !

<<<----  [OUT]
2020/10/28 17:00:22:229

Connecting Started...

<<<----  [OUT]
2020/10/28 17:00:24:276

I can't connect with the passive [192.168.100.113/5000] error_code:10061 !

<<<----  [OUT]
2020/10/28 17:00:26:760

Connecting Started...

<<<----  [OUT]
2020/10/28 17:00:28:812

I can't connect with the passive [192.168.100.113/5000] error_code:10061 !

<<<----  [OUT]
2020/10/28 17:00:31:293

Connecting Started...

<<<----  [OUT]
2020/10/28 17:00:33:318

I can't connect with the passive [192.168.100.113/5000] error_code:10061 !

<<<----  [OUT]
2020/10/28 17:00:35:808

Connecting Started...

<<<----  [OUT]
2020/10/28 17:00:37:846

I can't connect with the passive [192.168.100.113/5000] error_code:10061 !

<<<----  [OUT]
2020/10/28 17:00:40:324

Connecting Started...

<<<----  [OUT]
2020/10/28 17:00:42:375

I can't connect with the passive [192.168.100.113/5000] error_code:10061 !

<<<----  [OUT]
2020/10/28 17:00:44:856

Connecting Started...

<<<----  [OUT]
2020/10/28 17:00:46:903

I can't connect with the passive [192.168.100.113/5000] error_code:10061 !

<<<----  [OUT]
2020/10/28 17:00:49:387

Connecting Started...

<<<----  [OUT]
2020/10/28 17:00:51:438

I can't connect with the passive [192.168.100.113/5000] error_code:10061 !

<<<----  [OUT]
2020/10/28 17:00:53:917

Connecting Started...

<<<----  [OUT]
2020/10/28 17:00:55:945

I can't connect with the passive [192.168.100.113/5000] error_code:10061 !

<<<----  [OUT]
2020/10/28 17:00:58:433

Connecting Started...

<<<----  [OUT]
2020/10/28 17:01:00:475

I can't connect with the passive [192.168.100.113/5000] error_code:10061 !

<<<----  [OUT]
2020/10/28 17:01:02:964

Connecting Started...

<<<----  [OUT]
2020/10/28 17:01:04:997

I can't connect with the passive [192.168.100.113/5000] error_code:10061 !

<<<----  [OUT]
2020/10/28 17:01:07:480

Connecting Started...

<<<----  [OUT]
2020/10/28 17:01:09:510

I can't connect with the passive [192.168.100.113/5000] error_code:10061 !

<<<----  [OUT]
2020/10/28 17:01:11:995

Connecting Started...

<<<----  [OUT]
2020/10/28 17:01:14:042

I can't connect with the passive [192.168.100.113/5000] error_code:10061 !

<<<----  [OUT]
2020/10/28 17:01:16:527

Connecting Started...

<<<----  [OUT]
2020/10/28 17:01:18:579

I can't connect with the passive [192.168.100.113/5000] error_code:10061 !

<<<----  [OUT]
2020/10/28 17:01:21:058

Connecting Started...

<<<----  [OUT]
2020/10/28 17:01:23:089

I can't connect with the passive [192.168.100.113/5000] error_code:10061 !

<<<----  [OUT]
2020/10/28 17:01:25:573

Connecting Started...

<<<----  [OUT]
2020/10/28 17:01:27:617

I can't connect with the passive [192.168.100.113/5000] error_code:10061 !

<<<----  [OUT]
2020/10/28 17:01:30:105

Connecting Started...

<<<----  [OUT]
2020/10/28 17:01:32:156

I can't connect with the passive [192.168.100.113/5000] error_code:10061 !

<<<----  [OUT]
2020/10/28 17:01:34:636

Connecting Started...

<<<----  [OUT]
2020/10/28 17:01:36:667

I can't connect with the passive [192.168.100.113/5000] error_code:10061 !

<<<----  [OUT]
2020/10/28 17:01:39:152

Connecting Started...

<<<----  [OUT]
2020/10/28 17:01:41:190

I can't connect with the passive [192.168.100.113/5000] error_code:10061 !

<<<----  [OUT]
2020/10/28 17:01:43:668

Connecting Started...

<<<----  [OUT]
2020/10/28 17:01:45:697

I can't connect with the passive [192.168.100.113/5000] error_code:10061 !

<<<----  [OUT]
2020/10/28 17:01:48:182

Connecting Started...

<<<----  [OUT]
2020/10/28 17:01:50:223

I can't connect with the passive [192.168.100.113/5000] error_code:10061 !

<<<----  [OUT]
2020/10/28 17:01:52:714

Connecting Started...

<<<----  [OUT]
2020/10/28 17:01:54:752

I can't connect with the passive [192.168.100.113/5000] error_code:10061 !

<<<----  [OUT]
2020/10/28 17:01:57:229

Connecting Started...

<<<----  [OUT]
2020/10/28 17:01:59:280

I can't connect with the passive [192.168.100.113/5000] error_code:10061 !

<<<----  [OUT]
2020/10/28 17:02:01:761

Connecting Started...

<<<----  [OUT]
2020/10/28 17:02:03:806

I can't connect with the passive [192.168.100.113/5000] error_code:10061 !

<<<----  [OUT]
2020/10/28 17:02:06:293

Connecting Started...

<<<----  [OUT]
2020/10/28 17:02:08:340

I can't connect with the passive [192.168.100.113/5000] error_code:10061 !

<<<----  [OUT]
2020/10/28 17:02:10:823

Connecting Started...

<<<----  [OUT]
2020/10/28 17:02:12:855

I can't connect with the passive [192.168.100.113/5000] error_code:10061 !

<<<----  [OUT]
2020/10/28 17:02:15:339

Connecting Started...

<<<----  [OUT]
2020/10/28 17:02:17:388

I can't connect with the passive [192.168.100.113/5000] error_code:10061 !

<<<----  [OUT]
2020/10/28 17:02:19:870

Connecting Started...

<<<----  [OUT]
2020/10/28 17:02:21:924

I can't connect with the passive [192.168.100.113/5000] error_code:10061 !

<<<----  [OUT]
2020/10/28 17:02:24:403

Connecting Started...

<<<----  [OUT]
2020/10/28 17:02:26:446

I can't connect with the passive [192.168.100.113/5000] error_code:10061 !

<<<----  [OUT]
2020/10/28 17:02:28:934

Connecting Started...

<<<----  [OUT]
2020/10/28 17:02:30:983

I can't connect with the passive [192.168.100.113/5000] error_code:10061 !

<<<----  [OUT]
2020/10/28 17:02:33:464

Connecting Started...

<<<----  [OUT]
2020/10/28 17:02:35:511

I can't connect with the passive [192.168.100.113/5000] error_code:10061 !

<<<----  [OUT]
2020/10/28 17:02:37:997

Connecting Started...

<<<----  [OUT]
2020/10/28 17:02:40:045

I can't connect with the passive [192.168.100.113/5000] error_code:10061 !

<<<----  [OUT]
2020/10/28 17:02:42:526

Connecting Started...

<<<----  [OUT]
2020/10/28 17:02:44:579

I can't connect with the passive [192.168.100.113/5000] error_code:10061 !

<<<----  [OUT]
2020/10/28 17:02:47:058

Connecting Started...

<<<----  [OUT]
2020/10/28 17:02:49:112

I can't connect with the passive [192.168.100.113/5000] error_code:10061 !

<<<----  [OUT]
2020/10/28 17:02:51:589

Connecting Started...

<<<----  [OUT]
2020/10/28 17:02:53:643

I can't connect with the passive [192.168.100.113/5000] error_code:10061 !

<<<----  [OUT]
2020/10/28 17:02:56:120

Connecting Started...

<<<----  [OUT]
2020/10/28 17:02:58:162

I can't connect with the passive [192.168.100.113/5000] error_code:10061 !

<<<----  [OUT]
2020/10/28 17:03:00:651

Connecting Started...

<<<----  [OUT]
2020/10/28 17:03:02:681

I can't connect with the passive [192.168.100.113/5000] error_code:10061 !

<<<----  [OUT]
2020/10/28 17:03:05:167

Connecting Started...

<<<----  [OUT]
2020/10/28 17:03:07:209

I can't connect with the passive [192.168.100.113/5000] error_code:10061 !

<<<----  [OUT]
2020/10/28 17:03:09:699

Connecting Started...

<<<----  [OUT]
2020/10/28 17:03:11:741

I can't connect with the passive [192.168.100.113/5000] error_code:10061 !

<<<----  [OUT]
2020/10/28 17:03:14:231

Connecting Started...

<<<----  [OUT]
2020/10/28 17:03:16:277

I can't connect with the passive [192.168.100.113/5000] error_code:10061 !

<<<----  [OUT]
2020/10/28 17:03:18:761

Connecting Started...

<<<----  [OUT]
2020/10/28 17:03:20:810

I can't connect with the passive [192.168.100.113/5000] error_code:10061 !

<<<----  [OUT]
2020/10/28 17:03:23:291

Connecting Started...

<<<----  [OUT]
2020/10/28 17:03:25:342

I can't connect with the passive [192.168.100.113/5000] error_code:10061 !

<<<----  [OUT]
2020/10/28 17:03:27:824

Connecting Started...

<<<----  [OUT]
2020/10/28 17:03:29:847

I can't connect with the passive [192.168.100.113/5000] error_code:10061 !

<<<----  [OUT]
2020/10/28 17:03:32:323

Connecting Started...

<<<----  [OUT]
2020/10/28 17:03:34:354

I can't connect with the passive [192.168.100.113/5000] error_code:10061 !

<<<----  [OUT]
2020/10/28 17:03:36:840

Connecting Started...

<<<----  [OUT]
2020/10/28 17:03:38:880

I can't connect with the passive [192.168.100.113/5000] error_code:10061 !

<<<----  [OUT]
2020/10/28 17:03:41:370

Connecting Started...

<<<----  [OUT]
2020/10/28 17:03:43:417

I can't connect with the passive [192.168.100.113/5000] error_code:10061 !

<<<----  [OUT]
2020/10/28 17:03:45:901

Connecting Started...

<<<----  [OUT]
2020/10/28 17:03:47:933

I can't connect with the passive [192.168.100.113/5000] error_code:10061 !

<<<----  [OUT]
2020/10/28 17:03:50:417

Connecting Started...

<<<----  [OUT]
2020/10/28 17:03:52:452

I can't connect with the passive [192.168.100.113/5000] error_code:10061 !

<<<----  [OUT]
2020/10/28 17:03:54:933

Connecting Started...

<<<----  [OUT]
2020/10/28 17:03:56:978

I can't connect with the passive [192.168.100.113/5000] error_code:10061 !

<<<----  [OUT]
2020/10/28 17:03:59:464

Connecting Started...

<<<----  [OUT]
2020/10/28 17:04:01:507

I can't connect with the passive [192.168.100.113/5000] error_code:10061 !

<<<----  [OUT]
2020/10/28 17:04:03:996

Connecting Started...

<<<----  [OUT]
2020/10/28 17:04:06:058

I can't connect with the passive [192.168.100.113/5000] error_code:10061 !

<<<----  [OUT]
2020/10/28 17:04:08:543

Connecting Started...

<<<----  [OUT]
2020/10/28 17:04:10:599

I can't connect with the passive [192.168.100.113/5000] error_code:10061 !

<<<----  [OUT]
2020/10/28 17:04:13:090

Connecting Started...

<<<----  [OUT]
2020/10/28 17:04:15:132

I can't connect with the passive [192.168.100.113/5000] error_code:10061 !

<<<----  [OUT]
2020/10/28 17:04:17:621

Connecting Started...

<<<----  [OUT]
2020/10/28 17:04:19:654

I can't connect with the passive [192.168.100.113/5000] error_code:10061 !

<<<----  [OUT]
2020/10/28 17:04:22:137

Connecting Started...

<<<----  [OUT]
2020/10/28 17:04:24:187

I can't connect with the passive [192.168.100.113/5000] error_code:10061 !

<<<----  [OUT]
2020/10/28 17:04:26:667

Connecting Started...

<<<----  [OUT]
2020/10/28 17:04:28:725

I can't connect with the passive [192.168.100.113/5000] error_code:10061 !

<<<----  [OUT]
2020/10/28 17:04:31:215

Connecting Started...

<<<----  [OUT]
2020/10/28 17:04:33:269

I can't connect with the passive [192.168.100.113/5000] error_code:10061 !

<<<----  [OUT]
2020/10/28 17:04:35:745

Connecting Started...

<<<----  [OUT]
2020/10/28 17:04:37:787

I can't connect with the passive [192.168.100.113/5000] error_code:10061 !

<<<----  [OUT]
2020/10/28 17:04:40:277

Connecting Started...

<<<----  [OUT]
2020/10/28 17:04:42:323

I can't connect with the passive [192.168.100.113/5000] error_code:10061 !

<<<----  [OUT]
2020/10/28 17:04:44:808

Connecting Started...

<<<----  [OUT]
2020/10/28 17:04:46:829

I can't connect with the passive [192.168.100.113/5000] error_code:10061 !

<<<----  [OUT]
2020/10/28 17:04:49:308

Connecting Started...

<<<----  [OUT]
2020/10/28 17:04:51:353

I can't connect with the passive [192.168.100.113/5000] error_code:10061 !

<<<----  [OUT]
2020/10/28 17:04:53:839

Connecting Started...

<<<----  [OUT]
2020/10/28 17:04:55:884

I can't connect with the passive [192.168.100.113/5000] error_code:10061 !

<<<----  [OUT]
2020/10/28 17:04:58:370

Connecting Started...

<<<----  [OUT]
2020/10/28 17:05:00:426

I can't connect with the passive [192.168.100.113/5000] error_code:10061 !

<<<----  [OUT]
2020/10/28 17:05:02:902

Connecting Started...

<<<----  [OUT]
2020/10/28 17:05:04:953

I can't connect with the passive [192.168.100.113/5000] error_code:10061 !

<<<----  [OUT]
2020/10/28 17:05:07:434

Connecting Started...

<<<----  [OUT]
2020/10/28 17:05:09:463

I can't connect with the passive [192.168.100.113/5000] error_code:10061 !

<<<----  [OUT]
2020/10/28 17:05:11:948

Connecting Started...

<<<----  [OUT]
2020/10/28 17:05:14:003

I can't connect with the passive [192.168.100.113/5000] error_code:10061 !

<<<----  [OUT]
2020/10/28 17:05:16:481

Connecting Started...

<<<----  [OUT]
2020/10/28 17:05:18:533

I can't connect with the passive [192.168.100.113/5000] error_code:10061 !

<<<----  [OUT]
2020/10/28 17:05:21:011

Connecting Started...

<<<----  [OUT]
2020/10/28 17:05:23:060

I can't connect with the passive [192.168.100.113/5000] error_code:10061 !

<<<----  [OUT]
2020/10/28 17:05:25:541

Connecting Started...

<<<----  [OUT]
2020/10/28 17:05:27:585

I can't connect with the passive [192.168.100.113/5000] error_code:10061 !

<<<----  [OUT]
2020/10/28 17:05:30:074

Connecting Started...

<<<----  [OUT]
2020/10/28 17:05:32:115

I can't connect with the passive [192.168.100.113/5000] error_code:10061 !

<<<----  [OUT]
2020/10/28 17:05:34:604

Connecting Started...

<<<----  [OUT]
2020/10/28 17:05:36:643

I can't connect with the passive [192.168.100.113/5000] error_code:10061 !

<<<----  [OUT]
2020/10/28 17:05:39:120

Connecting Started...

<<<----  [OUT]
2020/10/28 17:05:41:168

I can't connect with the passive [192.168.100.113/5000] error_code:10061 !

<<<----  [OUT]
2020/10/28 17:05:43:651

Connecting Started...

<<<----  [OUT]
2020/10/28 17:05:45:691

I can't connect with the passive [192.168.100.113/5000] error_code:10061 !

<<<----  [OUT]
2020/10/28 17:05:48:167

Connecting Started...

<<<----  [OUT]
2020/10/28 17:05:50:216

I can't connect with the passive [192.168.100.113/5000] error_code:10061 !

<<<----  [OUT]
2020/10/28 17:05:52:699

Connecting Started...

<<<----  [OUT]
2020/10/28 17:05:54:739

I can't connect with the passive [192.168.100.113/5000] error_code:10061 !

<<<----  [OUT]
2020/10/28 17:05:57:230

Connecting Started...

<<<----  [OUT]
2020/10/28 17:05:59:285

I can't connect with the passive [192.168.100.113/5000] error_code:10061 !

<<<----  [OUT]
2020/10/28 17:06:01:777

Connecting Started...

<<<----  [OUT]
2020/10/28 17:06:03:809

I can't connect with the passive [192.168.100.113/5000] error_code:10061 !

<<<----  [OUT]
2020/10/28 17:06:06:292

Connecting Started...

<<<----  [OUT]
2020/10/28 17:06:08:339

I can't connect with the passive [192.168.100.113/5000] error_code:10061 !

<<<----  [OUT]
2020/10/28 17:06:10:824

Connecting Started...

<<<----  [OUT]
2020/10/28 17:06:12:864

I can't connect with the passive [192.168.100.113/5000] error_code:10061 !

<<<----  [OUT]
2020/10/28 17:06:15:354

Connecting Started...

<<<----  [OUT]
2020/10/28 17:06:17:380

I can't connect with the passive [192.168.100.113/5000] error_code:10061 !

<<<----  [OUT]
2020/10/28 17:06:19:871

Connecting Started...

<<<----  [OUT]
2020/10/28 17:06:21:910

I can't connect with the passive [192.168.100.113/5000] error_code:10061 !

<<<----  [OUT]
2020/10/28 17:06:24:386

Connecting Started...

<<<----  [OUT]
2020/10/28 17:06:26:433

I can't connect with the passive [192.168.100.113/5000] error_code:10061 !

<<<----  [OUT]
2020/10/28 17:06:28:917

Connecting Started...

<<<----  [OUT]
2020/10/28 17:06:30:962

I can't connect with the passive [192.168.100.113/5000] error_code:10061 !

<<<----  [OUT]
2020/10/28 17:06:33:448

Connecting Started...

<<<----  [OUT]
2020/10/28 17:06:35:495

I can't connect with the passive [192.168.100.113/5000] error_code:10061 !

<<<----  [OUT]
2020/10/28 17:06:37:980

Connecting Started...

<<<----  [OUT]
2020/10/28 17:06:40:006

I can't connect with the passive [192.168.100.113/5000] error_code:10061 !

<<<----  [OUT]
2020/10/28 17:06:42:495

Connecting Started...

<<<----  [OUT]
2020/10/28 17:06:44:550

I can't connect with the passive [192.168.100.113/5000] error_code:10061 !

<<<----  [OUT]
2020/10/28 17:06:47:028

Connecting Started...

<<<----  [OUT]
2020/10/28 17:06:49:075

I can't connect with the passive [192.168.100.113/5000] error_code:10061 !

<<<----  [OUT]
2020/10/28 17:06:51:559

Connecting Started...

<<<----  [OUT]
2020/10/28 17:06:53:601

I can't connect with the passive [192.168.100.113/5000] error_code:10061 !

<<<----  [OUT]
2020/10/28 17:06:56:089

Connecting Started...

<<<----  [OUT]
2020/10/28 17:06:58:143

I can't connect with the passive [192.168.100.113/5000] error_code:10061 !

<<<----  [OUT]
2020/10/28 17:07:00:621

Connecting Started...

<<<----  [OUT]
2020/10/28 17:07:02:670

I can't connect with the passive [192.168.100.113/5000] error_code:10061 !

<<<----  [OUT]
2020/10/28 17:07:05:151

Connecting Started...

<<<----  [OUT]
2020/10/28 17:07:07:195

I can't connect with the passive [192.168.100.113/5000] error_code:10061 !

<<<----  [OUT]
2020/10/28 17:07:09:682

Connecting Started...

<<<----  [OUT]
2020/10/28 17:07:11:723

I can't connect with the passive [192.168.100.113/5000] error_code:10061 !

<<<----  [OUT]
2020/10/28 17:07:14:215

Connecting Started...

<<<----  [OUT]
2020/10/28 17:07:16:246

I can't connect with the passive [192.168.100.113/5000] error_code:10061 !

<<<----  [OUT]
2020/10/28 17:07:18:729

Connecting Started...

<<<----  [OUT]
2020/10/28 17:07:20:782

I can't connect with the passive [192.168.100.113/5000] error_code:10061 !

<<<----  [OUT]
2020/10/28 17:07:23:261

Connecting Started...

<<<----  [OUT]
2020/10/28 17:07:25:300

I can't connect with the passive [192.168.100.113/5000] error_code:10061 !

<<<----  [OUT]
2020/10/28 17:07:27:777

Connecting Started...

<<<----  [OUT]
2020/10/28 17:07:29:829

I can't connect with the passive [192.168.100.113/5000] error_code:10061 !

<<<----  [OUT]
2020/10/28 17:07:32:308

Connecting Started...

<<<----  [OUT]
2020/10/28 17:07:34:344

I can't connect with the passive [192.168.100.113/5000] error_code:10061 !

<<<----  [OUT]
2020/10/28 17:07:36:825

Connecting Started...

<<<----  [OUT]
2020/10/28 17:07:38:851

I can't connect with the passive [192.168.100.113/5000] error_code:10061 !

<<<----  [OUT]
2020/10/28 17:07:41:340

Connecting Started...

<<<----  [OUT]
2020/10/28 17:07:43:364

I can't connect with the passive [192.168.100.113/5000] error_code:10061 !

<<<----  [OUT]
2020/10/28 17:07:45:854

Connecting Started...

<<<----  [OUT]
2020/10/28 17:07:47:897

I can't connect with the passive [192.168.100.113/5000] error_code:10061 !

<<<----  [OUT]
2020/10/28 17:07:50:386

Connecting Started...

<<<----  [OUT]
2020/10/28 17:07:52:426

I can't connect with the passive [192.168.100.113/5000] error_code:10061 !

<<<----  [OUT]
2020/10/28 17:07:54:918

Connecting Started...

<<<----  [OUT]
2020/10/28 17:07:56:967

I can't connect with the passive [192.168.100.113/5000] error_code:10061 !

<<<----  [OUT]
2020/10/28 17:07:59:448

Connecting Started...

<<<----  [OUT]
2020/10/28 17:08:01:494

I can't connect with the passive [192.168.100.113/5000] error_code:10061 !

<<<----  [OUT]
2020/10/28 17:08:03:979

Connecting Started...

<<<----  [OUT]
2020/10/28 17:08:06:028

I can't connect with the passive [192.168.100.113/5000] error_code:10061 !

<<<----  [OUT]
2020/10/28 17:08:08:512

Connecting Started...

<<<----  [OUT]
2020/10/28 17:08:10:549

I can't connect with the passive [192.168.100.113/5000] error_code:10061 !

<<<----  [OUT]
2020/10/28 17:08:13:026

Connecting Started...

<<<----  [OUT]
2020/10/28 17:08:15:076

I can't connect with the passive [192.168.100.113/5000] error_code:10061 !

<<<----  [OUT]
2020/10/28 17:08:17:559

Connecting Started...

<<<----  [OUT]
2020/10/28 17:08:19:603

I can't connect with the passive [192.168.100.113/5000] error_code:10061 !

<<<----  [OUT]
2020/10/28 17:08:22:090

Connecting Started...

<<<----  [OUT]
2020/10/28 17:08:24:125

I can't connect with the passive [192.168.100.113/5000] error_code:10061 !

<<<----  [OUT]
2020/10/28 17:08:26:605

Connecting Started...

<<<----  [OUT]
2020/10/28 17:08:28:643

I can't connect with the passive [192.168.100.113/5000] error_code:10061 !

<<<----  [OUT]
2020/10/28 17:08:31:120

Connecting Started...

<<<----  [OUT]
2020/10/28 17:08:33:175

I can't connect with the passive [192.168.100.113/5000] error_code:10061 !

<<<----  [OUT]
2020/10/28 17:08:35:651

Connecting Started...

<<<----  [OUT]
2020/10/28 17:08:37:708

I can't connect with the passive [192.168.100.113/5000] error_code:10061 !

<<<----  [OUT]
2020/10/28 17:08:40:199

Connecting Started...

<<<----  [OUT]
2020/10/28 17:08:42:228

I can't connect with the passive [192.168.100.113/5000] error_code:10061 !

<<<----  [OUT]
2020/10/28 17:08:44:714

Connecting Started...

<<<----  [OUT]
2020/10/28 17:08:46:756

I can't connect with the passive [192.168.100.113/5000] error_code:10061 !

<<<----  [OUT]
2020/10/28 17:08:49:246

Connecting Started...

<<<----  [OUT]
2020/10/28 17:08:51:307

I can't connect with the passive [192.168.100.113/5000] error_code:10061 !

<<<----  [OUT]
2020/10/28 17:08:53:792

Connecting Started...

<<<----  [OUT]
2020/10/28 17:08:55:832

I can't connect with the passive [192.168.100.113/5000] error_code:10061 !

<<<----  [OUT]
2020/10/28 17:08:58:324

Connecting Started...

<<<----  [OUT]
2020/10/28 17:09:00:382

I can't connect with the passive [192.168.100.113/5000] error_code:10061 !

<<<----  [OUT]
2020/10/28 17:09:02:870

Connecting Started...

<<<----  [OUT]
2020/10/28 17:09:04:914

I can't connect with the passive [192.168.100.113/5000] error_code:10061 !

<<<----  [OUT]
2020/10/28 17:09:07:402

Connecting Started...

<<<----  [OUT]
2020/10/28 17:09:09:443

I can't connect with the passive [192.168.100.113/5000] error_code:10061 !

<<<----  [OUT]
2020/10/28 17:09:11:932

Connecting Started...

<<<----  [OUT]
2020/10/28 17:09:13:990

I can't connect with the passive [192.168.100.113/5000] error_code:10061 !

<<<----  [OUT]
2020/10/28 17:09:16:480

Connecting Started...

<<<----  [OUT]
2020/10/28 17:09:18:532

I can't connect with the passive [192.168.100.113/5000] error_code:10061 !

<<<----  [OUT]
2020/10/28 17:09:21:011

Connecting Started...

<<<----  [OUT]
2020/10/28 17:09:23:054

I can't connect with the passive [192.168.100.113/5000] error_code:10061 !

<<<----  [OUT]
2020/10/28 17:09:25:542

Connecting Started...

<<<----  [OUT]
2020/10/28 17:09:27:577

I can't connect with the passive [192.168.100.113/5000] error_code:10061 !

<<<----  [OUT]
2020/10/28 17:09:30:058

Connecting Started...

<<<----  [OUT]
2020/10/28 17:09:32:102

I can't connect with the passive [192.168.100.113/5000] error_code:10061 !

<<<----  [OUT]
2020/10/28 17:09:34:589

Connecting Started...

<<<----  [OUT]
2020/10/28 17:09:36:632

I can't connect with the passive [192.168.100.113/5000] error_code:10061 !

<<<----  [OUT]
2020/10/28 17:09:39:120

Connecting Started...

<<<----  [OUT]
2020/10/28 17:09:41:163

I can't connect with the passive [192.168.100.113/5000] error_code:10061 !

<<<----  [OUT]
2020/10/28 17:09:43:651

Connecting Started...

<<<----  [OUT]
2020/10/28 17:09:45:701

I can't connect with the passive [192.168.100.113/5000] error_code:10061 !

<<<----  [OUT]
2020/10/28 17:09:48:183

Connecting Started...

<<<----  [OUT]
2020/10/28 17:09:50:234

I can't connect with the passive [192.168.100.113/5000] error_code:10061 !

<<<----  [OUT]
2020/10/28 17:09:52:713

Connecting Started...

<<<----  [OUT]
2020/10/28 17:09:54:756

I can't connect with the passive [192.168.100.113/5000] error_code:10061 !

<<<----  [OUT]
2020/10/28 17:09:57:245

Connecting Started...

<<<----  [OUT]
2020/10/28 17:09:59:293

I can't connect with the passive [192.168.100.113/5000] error_code:10061 !

<<<----  [OUT]
2020/10/28 17:10:01:777

Connecting Started...

<<<----  [OUT]
2020/10/28 17:10:03:821

I can't connect with the passive [192.168.100.113/5000] error_code:10061 !

<<<----  [OUT]
2020/10/28 17:10:06:309

Connecting Started...

<<<----  [OUT]
2020/10/28 17:10:08:334

I can't connect with the passive [192.168.100.113/5000] error_code:10061 !

<<<----  [OUT]
2020/10/28 17:10:10:824

Connecting Started...

<<<----  [OUT]
2020/10/28 17:10:12:855

I can't connect with the passive [192.168.100.113/5000] error_code:10061 !

<<<----  [OUT]
2020/10/28 17:10:15:340

Connecting Started...

<<<----  [OUT]
2020/10/28 17:10:17:377

I can't connect with the passive [192.168.100.113/5000] error_code:10061 !

<<<----  [OUT]
2020/10/28 17:10:19:856

Connecting Started...

<<<----  [OUT]
2020/10/28 17:10:21:907

I can't connect with the passive [192.168.100.113/5000] error_code:10061 !

<<<----  [OUT]
2020/10/28 17:10:24:387

Connecting Started...

<<<----  [OUT]
2020/10/28 17:10:26:445

I can't connect with the passive [192.168.100.113/5000] error_code:10061 !

<<<----  [OUT]
2020/10/28 17:10:28:933

Connecting Started...

<<<----  [OUT]
2020/10/28 17:10:30:974

I can't connect with the passive [192.168.100.113/5000] error_code:10061 !

<<<----  [OUT]
2020/10/28 17:10:33:464

Connecting Started...

<<<----  [OUT]
2020/10/28 17:10:35:519

I can't connect with the passive [192.168.100.113/5000] error_code:10061 !

<<<----  [OUT]
2020/10/28 17:10:37:995

Connecting Started...

<<<----  [OUT]
2020/10/28 17:10:40:052

I can't connect with the passive [192.168.100.113/5000] error_code:10061 !

<<<----  [OUT]
2020/10/28 17:10:42:543

Connecting Started...

<<<----  [OUT]
2020/10/28 17:10:44:585

I can't connect with the passive [192.168.100.113/5000] error_code:10061 !

<<<----  [OUT]
2020/10/28 17:10:47:073

Connecting Started...

<<<----  [OUT]
2020/10/28 17:10:49:093

I can't connect with the passive [192.168.100.113/5000] error_code:10061 !

<<<----  [OUT]
2020/10/28 17:10:51:574

Connecting Started...

<<<----  [OUT]
2020/10/28 17:10:53:615

I can't connect with the passive [192.168.100.113/5000] error_code:10061 !

<<<----  [OUT]
2020/10/28 17:10:56:106

Connecting Started...

<<<----  [OUT]
2020/10/28 17:10:58:152

I can't connect with the passive [192.168.100.113/5000] error_code:10061 !

<<<----  [OUT]
2020/10/28 17:11:00:636

Connecting Started...

<<<----  [OUT]
2020/10/28 17:11:02:680

I can't connect with the passive [192.168.100.113/5000] error_code:10061 !

<<<----  [OUT]
2020/10/28 17:11:05:168

Connecting Started...

<<<----  [OUT]
2020/10/28 17:11:07:202

I can't connect with the passive [192.168.100.113/5000] error_code:10061 !

<<<----  [OUT]
2020/10/28 17:11:09:683

Connecting Started...

<<<----  [OUT]
2020/10/28 17:11:11:728

I can't connect with the passive [192.168.100.113/5000] error_code:10061 !

<<<----  [OUT]
2020/10/28 17:11:14:213

Connecting Started...

<<<----  [OUT]
2020/10/28 17:11:16:260

I can't connect with the passive [192.168.100.113/5000] error_code:10061 !

<<<----  [OUT]
2020/10/28 17:11:18:746

Connecting Started...

<<<----  [OUT]
2020/10/28 17:11:20:797

I can't connect with the passive [192.168.100.113/5000] error_code:10061 !

<<<----  [OUT]
2020/10/28 17:11:23:277

Connecting Started...

<<<----  [OUT]
2020/10/28 17:11:25:326

I can't connect with the passive [192.168.100.113/5000] error_code:10061 !

<<<----  [OUT]
2020/10/28 17:11:27:808

Connecting Started...

<<<----  [OUT]
2020/10/28 17:11:29:863

I can't connect with the passive [192.168.100.113/5000] error_code:10061 !

<<<----  [OUT]
2020/10/28 17:11:32:340

Connecting Started...

<<<----  [OUT]
2020/10/28 17:11:34:371

I can't connect with the passive [192.168.100.113/5000] error_code:10061 !

<<<----  [OUT]
2020/10/28 17:11:36:855

Connecting Started...

<<<----  [OUT]
2020/10/28 17:11:38:889

I can't connect with the passive [192.168.100.113/5000] error_code:10061 !

<<<----  [OUT]
2020/10/28 17:11:41:370

Connecting Started...

<<<----  [OUT]
2020/10/28 17:11:43:403

I can't connect with the passive [192.168.100.113/5000] error_code:10061 !

<<<----  [OUT]
2020/10/28 17:11:45:886

Connecting Started...

<<<----  [OUT]
2020/10/28 17:12:06:423

I can't connect with the passive [192.168.100.113/5000] error_code:10060 !

<<<----  [OUT]
2020/10/28 17:12:08:901

Connecting Started...

<<<----  [OUT]
2020/10/28 17:12:29:933

I can't connect with the passive [192.168.100.113/5000] error_code:10060 !

<<<----  [OUT]
2020/10/28 17:12:32:418

Connecting Started...

<<<----  [OUT]
2020/10/28 17:12:53:451

I can't connect with the passive [192.168.100.113/5000] error_code:10060 !

<<<----  [OUT]
2020/10/28 17:12:55:933

Connecting Started...

<<<----  [OUT]
2020/10/28 17:13:16:953

I can't connect with the passive [192.168.100.113/5000] error_code:10060 !

<<<----  [OUT]
2020/10/28 17:13:19:433

Connecting Started...

<<<----  [OUT]
2020/10/28 17:13:40:468

I can't connect with the passive [192.168.100.113/5000] error_code:10060 !

<<<----  [OUT]
2020/10/28 17:13:42:948

Connecting Started...

<<<----  [OUT]
2020/10/28 17:14:03:976

I can't connect with the passive [192.168.100.113/5000] error_code:10060 !

<<<----  [OUT]
2020/10/28 17:14:06:464

Connecting Started...

<<<----  [OUT]
2020/10/28 17:14:27:513

I can't connect with the passive [192.168.100.113/5000] error_code:10060 !

<<<----  [OUT]
2020/10/28 17:14:29:995

Connecting Started...

<<<----  [OUT]
2020/10/28 17:14:51:017

I can't connect with the passive [192.168.100.113/5000] error_code:10060 !

<<<----  [OUT]
2020/10/28 17:14:53:495

Connecting Started...

<<<----  [OUT]
2020/10/28 17:15:14:516

I can't connect with the passive [192.168.100.113/5000] error_code:10060 !

<<<----  [OUT]
2020/10/28 17:15:16:996

Connecting Started...

<<<----  [OUT]
2020/10/28 17:15:38:035

I can't connect with the passive [192.168.100.113/5000] error_code:10060 !

<<<----  [OUT]
2020/10/28 17:15:40:527

Connecting Started...

<<<----  [OUT]
2020/10/28 17:16:01:572

I can't connect with the passive [192.168.100.113/5000] error_code:10060 !

<<<----  [OUT]
2020/10/28 17:16:04:059

Connecting Started...

<<<----  [OUT]
2020/10/28 17:16:25:083

I can't connect with the passive [192.168.100.113/5000] error_code:10060 !

<<<----  [OUT]
2020/10/28 17:16:27:573

Connecting Started...

<<<----  [OUT]
2020/10/28 17:16:48:616

I can't connect with the passive [192.168.100.113/5000] error_code:10060 !

<<<----  [OUT]
2020/10/28 17:16:51:105

Connecting Started...

<<<----  [OUT]
2020/10/28 17:17:12:143

I can't connect with the passive [192.168.100.113/5000] error_code:10060 !

<<<----  [OUT]
2020/10/28 17:17:14:621

Connecting Started...

<<<----  [OUT]
2020/10/28 17:17:35:674

I can't connect with the passive [192.168.100.113/5000] error_code:10060 !

<<<----  [OUT]
2020/10/28 17:17:38:151

Connecting Started...

<<<----  [OUT]
2020/10/28 17:17:59:175

I can't connect with the passive [192.168.100.113/5000] error_code:10060 !

<<<----  [OUT]
2020/10/28 17:18:01:652

Connecting Started...

<<<----  [OUT]
2020/10/28 17:18:22:690

I can't connect with the passive [192.168.100.113/5000] error_code:10060 !

<<<----  [OUT]
2020/10/28 17:18:25:168

Connecting Started...

<<<----  [OUT]
2020/10/28 17:18:46:197

I can't connect with the passive [192.168.100.113/5000] error_code:10060 !

<<<----  [OUT]
2020/10/28 17:18:48:684

Connecting Started...

<<<----  [OUT]
2020/10/28 17:19:09:707

I can't connect with the passive [192.168.100.113/5000] error_code:10060 !

<<<----  [OUT]
2020/10/28 17:19:12:184

Connecting Started...

<<<----  [OUT]
2020/10/28 17:19:33:239

I can't connect with the passive [192.168.100.113/5000] error_code:10060 !

<<<----  [OUT]
2020/10/28 17:19:35:731

Connecting Started...

<<<----  [OUT]
2020/10/28 17:19:56:777

I can't connect with the passive [192.168.100.113/5000] error_code:10060 !

<<<----  [OUT]
2020/10/28 17:19:59:261

Connecting Started...

<<<----  [OUT]
2020/10/28 17:20:20:305

I can't connect with the passive [192.168.100.113/5000] error_code:10060 !

<<<----  [OUT]
2020/10/28 17:20:22:792

Connecting Started...

<<<----  [OUT]
2020/10/28 17:20:43:829

I can't connect with the passive [192.168.100.113/5000] error_code:10060 !

<<<----  [OUT]
2020/10/28 17:20:46:308

Connecting Started...

<<<----  [OUT]
2020/10/28 17:21:07:342

I can't connect with the passive [192.168.100.113/5000] error_code:10060 !

<<<----  [OUT]
2020/10/28 17:21:09:824

Connecting Started...

<<<----  [OUT]
2020/10/28 17:21:30:881

I can't connect with the passive [192.168.100.113/5000] error_code:10060 !

<<<----  [OUT]
2020/10/28 17:21:33:370

Connecting Started...

<<<----  [OUT]
2020/10/28 17:21:54:417

I can't connect with the passive [192.168.100.113/5000] error_code:10060 !

<<<----  [OUT]
2020/10/28 17:21:56:902

Connecting Started...

<<<----  [OUT]
2020/10/28 17:22:17:955

I can't connect with the passive [192.168.100.113/5000] error_code:10060 !

<<<----  [OUT]
2020/10/28 17:22:20:434

Connecting Started...

<<<----  [OUT]
2020/10/28 17:22:41:466

I can't connect with the passive [192.168.100.113/5000] error_code:10060 !

<<<----  [OUT]
2020/10/28 17:22:43:948

Connecting Started...

<<<----  [OUT]
2020/10/28 17:23:04:987

I can't connect with the passive [192.168.100.113/5000] error_code:10060 !

<<<----  [OUT]
2020/10/28 17:23:07:464

Connecting Started...

<<<----  [OUT]
2020/10/28 17:23:28:506

I can't connect with the passive [192.168.100.113/5000] error_code:10060 !

<<<----  [OUT]
2020/10/28 17:23:30:995

Connecting Started...

<<<----  [OUT]
2020/10/28 17:23:52:026

I can't connect with the passive [192.168.100.113/5000] error_code:10060 !

<<<----  [OUT]
2020/10/28 17:23:54:511

Connecting Started...

<<<----  [OUT]
2020/10/28 17:24:15:556

I can't connect with the passive [192.168.100.113/5000] error_code:10060 !

<<<----  [OUT]
2020/10/28 17:24:18:042

Connecting Started...

<<<----  [OUT]
2020/10/28 17:24:39:087

I can't connect with the passive [192.168.100.113/5000] error_code:10060 !

<<<----  [OUT]
2020/10/28 17:24:41:573

Connecting Started...

<<<----  [OUT]
2020/10/28 17:25:02:624

I can't connect with the passive [192.168.100.113/5000] error_code:10060 !

<<<----  [OUT]
2020/10/28 17:25:05:105

Connecting Started...

<<<----  [OUT]
2020/10/28 17:25:26:139

I can't connect with the passive [192.168.100.113/5000] error_code:10060 !

<<<----  [OUT]
2020/10/28 17:25:28:620

Connecting Started...

<<<----  [OUT]
2020/10/28 17:25:49:671

I can't connect with the passive [192.168.100.113/5000] error_code:10060 !

<<<----  [OUT]
2020/10/28 17:25:52:153

Connecting Started...

<<<----  [OUT]
2020/10/28 17:26:13:200

I can't connect with the passive [192.168.100.113/5000] error_code:10060 !

<<<----  [OUT]
2020/10/28 17:26:15:684

Connecting Started...

<<<----  [OUT]
2020/10/28 17:26:36:727

I can't connect with the passive [192.168.100.113/5000] error_code:10060 !

<<<----  [OUT]
2020/10/28 17:26:39:214

Connecting Started...

<<<----  [OUT]
2020/10/28 17:27:00:268

I can't connect with the passive [192.168.100.113/5000] error_code:10060 !

<<<----  [OUT]
2020/10/28 17:27:02:745

Connecting Started...

<<<----  [OUT]
2020/10/28 17:27:23:785

I can't connect with the passive [192.168.100.113/5000] error_code:10060 !

<<<----  [OUT]
2020/10/28 17:27:26:262

Connecting Started...

<<<----  [OUT]
2020/10/28 17:27:47:314

I can't connect with the passive [192.168.100.113/5000] error_code:10060 !

<<<----  [OUT]
2020/10/28 17:27:49:793

Connecting Started...

<<<----  [OUT]
2020/10/28 17:28:10:841

I can't connect with the passive [192.168.100.113/5000] error_code:10060 !

<<<----  [OUT]
2020/10/28 17:28:13:324

Connecting Started...

<<<----  [OUT]
2020/10/28 17:28:34:373

I can't connect with the passive [192.168.100.113/5000] error_code:10060 !

<<<----  [OUT]
2020/10/28 17:28:36:854

Connecting Started...

<<<----  [OUT]
2020/10/28 17:28:57:900

I can't connect with the passive [192.168.100.113/5000] error_code:10060 !

<<<----  [OUT]
2020/10/28 17:29:00:385

Connecting Started...

<<<----  [OUT]
2020/10/28 17:29:21:417

I can't connect with the passive [192.168.100.113/5000] error_code:10060 !

<<<----  [OUT]
2020/10/28 17:29:23:902

Connecting Started...

<<<----  [OUT]
2020/10/28 17:29:44:941

I can't connect with the passive [192.168.100.113/5000] error_code:10060 !

<<<----  [OUT]
2020/10/28 17:29:47:418

Connecting Started...

<<<----  [OUT]
2020/10/28 17:30:08:462

I can't connect with the passive [192.168.100.113/5000] error_code:10060 !

<<<----  [OUT]
2020/10/28 17:30:10:948

Connecting Started...

<<<----  [OUT]
2020/10/28 17:30:31:979

I can't connect with the passive [192.168.100.113/5000] error_code:10060 !

<<<----  [OUT]
2020/10/28 17:30:34:465

Connecting Started...

<<<----  [OUT]
2020/10/28 17:30:55:507

I can't connect with the passive [192.168.100.113/5000] error_code:10060 !

<<<----  [OUT]
2020/10/28 17:30:57:995

Connecting Started...

<<<----  [OUT]
2020/10/28 17:31:19:035

I can't connect with the passive [192.168.100.113/5000] error_code:10060 !

<<<----  [OUT]
2020/10/28 17:31:21:526

Connecting Started...

<<<----  [OUT]
2020/10/28 17:31:42:561

I can't connect with the passive [192.168.100.113/5000] error_code:10060 !

<<<----  [OUT]
2020/10/28 17:31:45:043

Connecting Started...

<<<----  [OUT]
2020/10/28 17:32:06:082

I can't connect with the passive [192.168.100.113/5000] error_code:10060 !

<<<----  [OUT]
2020/10/28 17:32:08:573

Connecting Started...

<<<----  [OUT]
2020/10/28 17:32:29:609

I can't connect with the passive [192.168.100.113/5000] error_code:10060 !

<<<----  [OUT]
2020/10/28 17:32:32:089

Connecting Started...

<<<----  [OUT]
2020/10/28 17:32:53:117

I can't connect with the passive [192.168.100.113/5000] error_code:10060 !

<<<----  [OUT]
2020/10/28 17:32:55:605

Connecting Started...

<<<----  [OUT]
2020/10/28 17:33:16:639

I can't connect with the passive [192.168.100.113/5000] error_code:10060 !

<<<----  [OUT]
2020/10/28 17:33:19:121

Connecting Started...

<<<----  [OUT]
2020/10/28 17:33:40:166

I can't connect with the passive [192.168.100.113/5000] error_code:10060 !

<<<----  [OUT]
2020/10/28 17:33:42:652

Connecting Started...

<<<----  [OUT]
2020/10/28 17:34:03:689

I can't connect with the passive [192.168.100.113/5000] error_code:10060 !

<<<----  [OUT]
2020/10/28 17:34:06:167

Connecting Started...

<<<----  [OUT]
2020/10/28 17:34:27:192

I can't connect with the passive [192.168.100.113/5000] error_code:10060 !

<<<----  [OUT]
2020/10/28 17:34:29:683

Connecting Started...

<<<----  [OUT]
2020/10/28 17:34:50:728

I can't connect with the passive [192.168.100.113/5000] error_code:10060 !

<<<----  [OUT]
2020/10/28 17:34:53:214

Connecting Started...

<<<----  [OUT]
2020/10/28 17:35:14:270

I can't connect with the passive [192.168.100.113/5000] error_code:10060 !

<<<----  [OUT]
2020/10/28 17:35:16:760

Connecting Started...

<<<----  [OUT]
2020/10/28 17:35:37:795

I can't connect with the passive [192.168.100.113/5000] error_code:10060 !

<<<----  [OUT]
2020/10/28 17:35:40:277

Connecting Started...

<<<----  [OUT]
2020/10/28 17:36:01:324

I can't connect with the passive [192.168.100.113/5000] error_code:10060 !

<<<----  [OUT]
2020/10/28 17:36:03:808

Connecting Started...

<<<----  [OUT]
2020/10/28 17:36:24:842

I can't connect with the passive [192.168.100.113/5000] error_code:10060 !

<<<----  [OUT]
2020/10/28 17:36:27:323

Connecting Started...

<<<----  [OUT]
2020/10/28 17:36:48:367

I can't connect with the passive [192.168.100.113/5000] error_code:10060 !

<<<----  [OUT]
2020/10/28 17:36:50:855

Connecting Started...

<<<----  [OUT]
2020/10/28 17:37:11:892

I can't connect with the passive [192.168.100.113/5000] error_code:10060 !

<<<----  [OUT]
2020/10/28 17:37:14:371

Connecting Started...

<<<----  [OUT]
2020/10/28 17:37:35:403

I can't connect with the passive [192.168.100.113/5000] error_code:10060 !

<<<----  [OUT]
2020/10/28 17:37:37:887

Connecting Started...

<<<----  [OUT]
2020/10/28 17:37:58:934

I can't connect with the passive [192.168.100.113/5000] error_code:10060 !

<<<----  [OUT]
2020/10/28 17:38:01:417

Connecting Started...

<<<----  [OUT]
2020/10/28 17:38:22:447

I can't connect with the passive [192.168.100.113/5000] error_code:10060 !

<<<----  [OUT]
2020/10/28 17:38:24:933

Connecting Started...

<<<----  [OUT]
2020/10/28 17:38:45:965

I can't connect with the passive [192.168.100.113/5000] error_code:10060 !

<<<----  [OUT]
2020/10/28 17:38:48:449

Connecting Started...

<<<----  [OUT]
2020/10/28 17:39:09:489

I can't connect with the passive [192.168.100.113/5000] error_code:10060 !

<<<----  [OUT]
2020/10/28 17:39:11:979

Connecting Started...

<<<----  [OUT]
2020/10/28 17:39:33:013

I can't connect with the passive [192.168.100.113/5000] error_code:10060 !

<<<----  [OUT]
2020/10/28 17:39:35:495

Connecting Started...

<<<----  [OUT]
2020/10/28 17:39:56:516

I can't connect with the passive [192.168.100.113/5000] error_code:10060 !

<<<----  [OUT]
2020/10/28 17:39:58:995

Connecting Started...

<<<----  [OUT]
2020/10/28 17:40:20:033

I can't connect with the passive [192.168.100.113/5000] error_code:10060 !

<<<----  [OUT]
2020/10/28 17:40:22:511

Connecting Started...

<<<----  [OUT]
2020/10/28 17:40:43:550

I can't connect with the passive [192.168.100.113/5000] error_code:10060 !

<<<----  [OUT]
2020/10/28 17:40:46:027

Connecting Started...

<<<----  [OUT]
2020/10/28 17:41:07:083

I can't connect with the passive [192.168.100.113/5000] error_code:10060 !

<<<----  [OUT]
2020/10/28 17:41:09:574

Connecting Started...

<<<----  [OUT]
2020/10/28 17:41:30:604

I can't connect with the passive [192.168.100.113/5000] error_code:10060 !

<<<----  [OUT]
2020/10/28 17:41:33:088

Connecting Started...

<<<----  [OUT]
2020/10/28 17:41:54:116

I can't connect with the passive [192.168.100.113/5000] error_code:10060 !

<<<----  [OUT]
2020/10/28 17:41:56:604

Connecting Started...

<<<----  [OUT]
2020/10/28 17:42:17:633

I can't connect with the passive [192.168.100.113/5000] error_code:10060 !

<<<----  [OUT]
2020/10/28 17:42:20:121

Connecting Started...

<<<----  [OUT]
2020/10/28 17:42:41:152

I can't connect with the passive [192.168.100.113/5000] error_code:10060 !

<<<----  [OUT]
2020/10/28 17:42:43:636

Connecting Started...

<<<----  [OUT]
2020/10/28 17:43:04:674

I can't connect with the passive [192.168.100.113/5000] error_code:10060 !

<<<----  [OUT]
2020/10/28 17:43:07:152

Connecting Started...

<<<----  [OUT]
2020/10/28 17:43:28:186

I can't connect with the passive [192.168.100.113/5000] error_code:10060 !

<<<----  [OUT]
2020/10/28 17:43:30:667

Connecting Started...

<<<----  [OUT]
2020/10/28 17:43:51:706

I can't connect with the passive [192.168.100.113/5000] error_code:10060 !

<<<----  [OUT]
2020/10/28 17:43:54:183

Connecting Started...

<<<----  [OUT]
2020/10/28 17:44:15:237

I can't connect with the passive [192.168.100.113/5000] error_code:10060 !

<<<----  [OUT]
2020/10/28 17:44:17:714

Connecting Started...

<<<----  [OUT]
2020/10/28 17:44:38:757

I can't connect with the passive [192.168.100.113/5000] error_code:10060 !

<<<----  [OUT]
2020/10/28 17:44:41:247

Connecting Started...

<<<----  [OUT]
2020/10/28 17:45:02:287

I can't connect with the passive [192.168.100.113/5000] error_code:10060 !

<<<----  [OUT]
2020/10/28 17:45:04:777

Connecting Started...

<<<----  [OUT]
2020/10/28 17:45:25:807

I can't connect with the passive [192.168.100.113/5000] error_code:10060 !

<<<----  [OUT]
2020/10/28 17:45:28:292

Connecting Started...

<<<----  [OUT]
2020/10/28 17:45:49:332

I can't connect with the passive [192.168.100.113/5000] error_code:10060 !

<<<----  [OUT]
2020/10/28 17:45:51:823

Connecting Started...

<<<----  [OUT]
2020/10/28 17:46:12:880

I can't connect with the passive [192.168.100.113/5000] error_code:10060 !

<<<----  [OUT]
2020/10/28 17:46:15:370

Connecting Started...

<<<----  [OUT]
2020/10/28 17:46:36:404

I can't connect with the passive [192.168.100.113/5000] error_code:10060 !

<<<----  [OUT]
2020/10/28 17:46:38:886

Connecting Started...

<<<----  [OUT]
2020/10/28 17:46:59:936

I can't connect with the passive [192.168.100.113/5000] error_code:10060 !

<<<----  [OUT]
2020/10/28 17:47:02:417

Connecting Started...

<<<----  [OUT]
2020/10/28 17:47:23:430

I can't connect with the passive [192.168.100.113/5000] error_code:10060 !

<<<----  [OUT]
2020/10/28 17:47:25:918

Connecting Started...

<<<----  [OUT]
2020/10/28 17:47:46:967

I can't connect with the passive [192.168.100.113/5000] error_code:10060 !

<<<----  [OUT]
2020/10/28 17:47:49:448

Connecting Started...

<<<----  [OUT]
2020/10/28 17:48:10:468

I can't connect with the passive [192.168.100.113/5000] error_code:10060 !

<<<----  [OUT]
2020/10/28 17:48:12:948

Connecting Started...

<<<----  [OUT]
2020/10/28 17:48:33:983

I can't connect with the passive [192.168.100.113/5000] error_code:10060 !

<<<----  [OUT]
2020/10/28 17:48:36:464

Connecting Started...

<<<----  [OUT]
2020/10/28 17:48:57:521

I can't connect with the passive [192.168.100.113/5000] error_code:10060 !

<<<----  [OUT]
2020/10/28 17:49:00:011

Connecting Started...

<<<----  [OUT]
2020/10/28 17:49:21:056

I can't connect with the passive [192.168.100.113/5000] error_code:10060 !

<<<----  [OUT]
2020/10/28 17:49:23:542

Connecting Started...

<<<----  [OUT]
2020/10/28 17:49:44:579

I can't connect with the passive [192.168.100.113/5000] error_code:10060 !

<<<----  [OUT]
2020/10/28 17:49:47:058

Connecting Started...

<<<----  [OUT]
2020/10/28 17:50:08:102

I can't connect with the passive [192.168.100.113/5000] error_code:10060 !

<<<----  [OUT]
2020/10/28 17:50:10:589

Connecting Started...

<<<----  [OUT]
2020/10/28 17:50:31:625

I can't connect with the passive [192.168.100.113/5000] error_code:10060 !

<<<----  [OUT]
2020/10/28 17:50:34:105

Connecting Started...

<<<----  [OUT]
2020/10/28 17:50:55:146

I can't connect with the passive [192.168.100.113/5000] error_code:10060 !

<<<----  [OUT]
2020/10/28 17:50:57:636

Connecting Started...

<<<----  [OUT]
2020/10/28 17:51:18:695

I can't connect with the passive [192.168.100.113/5000] error_code:10060 !

<<<----  [OUT]
2020/10/28 17:51:21:183

Connecting Started...

<<<----  [OUT]
2020/10/28 17:51:42:238

I can't connect with the passive [192.168.100.113/5000] error_code:10060 !

<<<----  [OUT]
2020/10/28 17:51:44:714

Connecting Started...

<<<----  [OUT]
2020/10/28 17:52:05:733

I can't connect with the passive [192.168.100.113/5000] error_code:10060 !

<<<----  [OUT]
2020/10/28 17:52:08:214

Connecting Started...

<<<----  [OUT]
2020/10/28 17:52:29:253

I can't connect with the passive [192.168.100.113/5000] error_code:10060 !

<<<----  [OUT]
2020/10/28 17:52:31:731

Connecting Started...

<<<----  [OUT]
2020/10/28 17:52:52:771

I can't connect with the passive [192.168.100.113/5000] error_code:10060 !

<<<----  [OUT]
2020/10/28 17:52:55:262

Connecting Started...

<<<----  [OUT]
2020/10/28 17:53:16:302

I can't connect with the passive [192.168.100.113/5000] error_code:10060 !

<<<----  [OUT]
2020/10/28 17:53:18:793

Connecting Started...

<<<----  [OUT]
2020/10/28 17:53:39:817

I can't connect with the passive [192.168.100.113/5000] error_code:10060 !

<<<----  [OUT]
2020/10/28 17:53:42:309

Connecting Started...

<<<----  [OUT]
2020/10/28 17:54:03:360

I can't connect with the passive [192.168.100.113/5000] error_code:10060 !

<<<----  [OUT]
2020/10/28 17:54:05:839

Connecting Started...

<<<----  [OUT]
2020/10/28 17:54:26:876

I can't connect with the passive [192.168.100.113/5000] error_code:10060 !

<<<----  [OUT]
2020/10/28 17:54:29:354

Connecting Started...

<<<----  [OUT]
2020/10/28 17:54:50:390

I can't connect with the passive [192.168.100.113/5000] error_code:10060 !

<<<----  [OUT]
2020/10/28 17:54:52:869

Connecting Started...

<<<----  [OUT]
2020/10/28 17:55:13:927

I can't connect with the passive [192.168.100.113/5000] error_code:10060 !

<<<----  [OUT]
2020/10/28 17:55:16:417

Connecting Started...

<<<----  [OUT]
2020/10/28 17:55:37:463

I can't connect with the passive [192.168.100.113/5000] error_code:10060 !

<<<----  [OUT]
2020/10/28 17:55:39:949

Connecting Started...

<<<----  [OUT]
2020/10/28 17:56:01:004

I can't connect with the passive [192.168.100.113/5000] error_code:10060 !

<<<----  [OUT]
2020/10/28 17:56:03:496

Connecting Started...

<<<----  [OUT]
2020/10/28 17:56:24:537

I can't connect with the passive [192.168.100.113/5000] error_code:10060 !

<<<----  [OUT]
2020/10/28 17:56:27:027

Connecting Started...

<<<----  [OUT]
2020/10/28 17:56:48:056

I can't connect with the passive [192.168.100.113/5000] error_code:10060 !

<<<----  [OUT]
2020/10/28 17:56:50:543

Connecting Started...

<<<----  [OUT]
2020/10/28 17:57:11:575

I can't connect with the passive [192.168.100.113/5000] error_code:10060 !

<<<----  [OUT]
2020/10/28 17:57:14:059

Connecting Started...

<<<----  [OUT]
2020/10/28 17:57:35:096

I can't connect with the passive [192.168.100.113/5000] error_code:10060 !

<<<----  [OUT]
2020/10/28 17:57:37:573

Connecting Started...

<<<----  [OUT]
2020/10/28 17:57:58:625

I can't connect with the passive [192.168.100.113/5000] error_code:10060 !

<<<----  [OUT]
2020/10/28 17:58:01:104

Connecting Started...

<<<----  [OUT]
2020/10/28 17:58:22:157

I can't connect with the passive [192.168.100.113/5000] error_code:10060 !

<<<----  [OUT]
2020/10/28 17:58:24:636

Connecting Started...

<<<----  [OUT]
2020/10/28 17:58:45:685

I can't connect with the passive [192.168.100.113/5000] error_code:10060 !

<<<----  [OUT]
2020/10/28 17:58:48:166

Connecting Started...

<<<----  [OUT]
2020/10/28 17:59:09:198

I can't connect with the passive [192.168.100.113/5000] error_code:10060 !

<<<----  [OUT]
2020/10/28 17:59:11:684

Connecting Started...

<<<----  [OUT]
2020/10/28 17:59:32:704

I can't connect with the passive [192.168.100.113/5000] error_code:10060 !

<<<----  [OUT]
2020/10/28 17:59:35:183

Connecting Started...

<<<----  [OUT]
2020/10/28 17:59:56:237

I can't connect with the passive [192.168.100.113/5000] error_code:10060 !

<<<----  [OUT]
2020/10/28 17:59:58:715

Connecting Started...
