
<<<----  [OUT]
2020/10/28 14:29:18:615

---------------------------------------------------------------------
// FA : Start Log ...


<<<----  [OUT]
2020/10/28 14:29:18:618

//-------------------------------------------------------------
Property Information

   Driver Type [HSMS]
   Driver Mode [ACTIVE]
   IP    [192.168.100.113]
   Port  [5000]
//-------------------------------------------------------------


<<<----  [OUT]
2020/10/28 14:29:19:220

Auto-Start Started ... (Active)

<<<----  [OUT]
2020/10/28 14:29:19:310

Auto-Start Started ...  Waiting Stop-Connection.

<<<----  [OUT]
2020/10/28 14:29:19:310

Auto-Start Started ...  Waiting Open-Socket.

<<<----  [OUT]
2020/10/28 14:29:19:341

Socket Open Started...

<<<----  [OUT]
2020/10/28 14:29:19:341

Socket Open Completed...

<<<----  [OUT]
2020/10/28 14:29:19:341

Connecting Started...

<<<----  [OUT]
2020/10/28 14:29:19:401

Auto-Start Completed ...  (Active)

<<<----  [OUT]
2020/10/28 14:29:40:373

I can't connect with the passive [192.168.100.113/5000] error_code:10060 !

<<<----  [OUT]
2020/10/28 14:29:42:855

Connecting Started...

<<<----  [OUT]
2020/10/28 14:30:03:892

I can't connect with the passive [192.168.100.113/5000] error_code:10060 !

<<<----  [OUT]
2020/10/28 14:30:06:370

Connecting Started...

<<<----  [OUT]
2020/10/28 14:30:27:403

I can't connect with the passive [192.168.100.113/5000] error_code:10060 !

<<<----  [OUT]
2020/10/28 14:30:29:887

Connecting Started...

<<<----  [OUT]
2020/10/28 14:30:50:933

I can't connect with the passive [192.168.100.113/5000] error_code:10060 !

<<<----  [OUT]
2020/10/28 14:30:53:417

Connecting Started...

<<<----  [OUT]
2020/10/28 14:31:14:458

I can't connect with the passive [192.168.100.113/5000] error_code:10060 !

<<<----  [OUT]
2020/10/28 14:31:16:948

Connecting Started...

<<<----  [OUT]
2020/10/28 14:31:38:001

I can't connect with the passive [192.168.100.113/5000] error_code:10060 !

<<<----  [OUT]
2020/10/28 14:31:40:480

Connecting Started...

<<<----  [OUT]
2020/10/28 14:32:01:521

I can't connect with the passive [192.168.100.113/5000] error_code:10060 !

<<<----  [OUT]
2020/10/28 14:32:04:010

Connecting Started...

<<<----  [OUT]
2020/10/28 14:32:25:057

I can't connect with the passive [192.168.100.113/5000] error_code:10060 !

<<<----  [OUT]
2020/10/28 14:32:27:542

Connecting Started...

<<<----  [OUT]
2020/10/28 14:32:29:569

I can't connect with the passive [192.168.100.113/5000] error_code:10061 !

<<<----  [OUT]
2020/10/28 14:32:32:057

Connecting Started...

<<<----  [OUT]
2020/10/28 14:32:34:108

I can't connect with the passive [192.168.100.113/5000] error_code:10061 !

<<<----  [OUT]
2020/10/28 14:32:36:590

Connecting Started...

<<<----  [OUT]
2020/10/28 14:32:38:637

I can't connect with the passive [192.168.100.113/5000] error_code:10061 !

<<<----  [OUT]
2020/10/28 14:32:41:121

Connecting Started...

<<<----  [OUT]
2020/10/28 14:32:43:156

I can't connect with the passive [192.168.100.113/5000] error_code:10061 !

<<<----  [OUT]
2020/10/28 14:32:45:637

Connecting Started...

<<<----  [OUT]
2020/10/28 14:33:57:006

---------------------------------------------------------------------
// FA : Start Log ...


<<<----  [OUT]
2020/10/28 14:33:57:010

//-------------------------------------------------------------
Property Information

   Driver Type [HSMS]
   Driver Mode [ACTIVE]
   IP    [192.168.100.113]
   Port  [5000]
//-------------------------------------------------------------


<<<----  [OUT]
2020/10/28 14:33:57:611

Auto-Start Started ... (Active)

<<<----  [OUT]
2020/10/28 14:33:57:702

Auto-Start Started ...  Waiting Stop-Connection.

<<<----  [OUT]
2020/10/28 14:33:57:702

Auto-Start Started ...  Waiting Open-Socket.

<<<----  [OUT]
2020/10/28 14:33:57:732

Socket Open Started...

<<<----  [OUT]
2020/10/28 14:33:57:732

Socket Open Completed...

<<<----  [OUT]
2020/10/28 14:33:57:732

Connecting Started...

<<<----  [OUT]
2020/10/28 14:33:57:793

Auto-Start Completed ...  (Active)

<<<----  [OUT]
2020/10/28 14:33:59:788

I can't connect with the passive [192.168.100.113/5000] error_code:10061 !

<<<----  [OUT]
2020/10/28 14:34:02:278

Connecting Started...

<<<----  [OUT]
2020/10/28 14:34:04:319

I can't connect with the passive [192.168.100.113/5000] error_code:10061 !

<<<----  [OUT]
2020/10/28 14:34:06:809

Connecting Started...

<<<----  [OUT]
2020/10/28 14:34:08:860

I can't connect with the passive [192.168.100.113/5000] error_code:10061 !

<<<----  [OUT]
2020/10/28 14:34:11:338

Connecting Started...

<<<----  [OUT]
2020/10/28 14:34:13:387

I can't connect with the passive [192.168.100.113/5000] error_code:10061 !

<<<----  [OUT]
2020/10/28 14:34:15:872

Connecting Started...

<<<----  [OUT]
2020/10/28 14:34:17:914

I can't connect with the passive [192.168.100.113/5000] error_code:10061 !

<<<----  [OUT]
2020/10/28 14:34:20:402

Connecting Started...

<<<----  [OUT]
2020/10/28 14:34:22:453

I can't connect with the passive [192.168.100.113/5000] error_code:10061 !

<<<----  [OUT]
2020/10/28 14:34:24:932

Connecting Started...

<<<----  [OUT]
2020/10/28 14:34:26:975

I can't connect with the passive [192.168.100.113/5000] error_code:10061 !

<<<----  [OUT]
2020/10/28 14:34:29:465

Connecting Started...

<<<----  [OUT]
2020/10/28 14:34:31:505

I can't connect with the passive [192.168.100.113/5000] error_code:10061 !

<<<----  [OUT]
2020/10/28 14:34:33:995

Connecting Started...

<<<----  [OUT]
2020/10/28 14:34:36:045

I can't connect with the passive [192.168.100.113/5000] error_code:10061 !

<<<----  [OUT]
2020/10/28 14:34:38:526

Connecting Started...

<<<----  [OUT]
2020/10/28 14:34:40:568

I can't connect with the passive [192.168.100.113/5000] error_code:10061 !

<<<----  [OUT]
2020/10/28 14:34:43:059

Connecting Started...

<<<----  [OUT]
2020/10/28 14:34:45:082

I can't connect with the passive [192.168.100.113/5000] error_code:10061 !

<<<----  [OUT]
2020/10/28 14:34:47:573

Connecting Started...

<<<----  [OUT]
2020/10/28 14:34:49:604

I can't connect with the passive [192.168.100.113/5000] error_code:10061 !

<<<----  [OUT]
2020/10/28 14:34:52:089

Connecting Started...

<<<----  [OUT]
2020/10/28 14:34:54:127

I can't connect with the passive [192.168.100.113/5000] error_code:10061 !

<<<----  [OUT]
2020/10/28 14:34:56:605

Connecting Started...

<<<----  [OUT]
2020/10/28 14:34:58:648

I can't connect with the passive [192.168.100.113/5000] error_code:10061 !

<<<----  [OUT]
2020/10/28 14:35:01:136

Connecting Started...

<<<----  [OUT]
2020/10/28 14:35:03:181

I can't connect with the passive [192.168.100.113/5000] error_code:10061 !

<<<----  [OUT]
2020/10/28 14:35:05:666

Connecting Started...

<<<----  [OUT]
2020/10/28 14:35:07:705

I can't connect with the passive [192.168.100.113/5000] error_code:10061 !

<<<----  [OUT]
2020/10/28 14:35:10:182

Connecting Started...

<<<----  [OUT]
2020/10/28 14:35:12:227

I can't connect with the passive [192.168.100.113/5000] error_code:10061 !

<<<----  [OUT]
2020/10/28 14:35:14:714

Connecting Started...

<<<----  [OUT]
2020/10/28 14:35:16:753

I can't connect with the passive [192.168.100.113/5000] error_code:10061 !

<<<----  [OUT]
2020/10/28 14:35:19:230

Connecting Started...

<<<----  [OUT]
2020/10/28 14:35:21:275

I can't connect with the passive [192.168.100.113/5000] error_code:10061 !

<<<----  [OUT]
2020/10/28 14:35:23:762

Connecting Started...

<<<----  [OUT]
2020/10/28 14:35:25:803

I can't connect with the passive [192.168.100.113/5000] error_code:10061 !

<<<----  [OUT]
2020/10/28 14:35:28:293

Connecting Started...

<<<----  [OUT]
2020/10/28 14:35:30:331

I can't connect with the passive [192.168.100.113/5000] error_code:10061 !

<<<----  [OUT]
2020/10/28 14:35:32:809

Connecting Started...

<<<----  [OUT]
2020/10/28 14:35:34:842

I can't connect with the passive [192.168.100.113/5000] error_code:10061 !

<<<----  [OUT]
2020/10/28 14:35:37:324

Connecting Started...

<<<----  [OUT]
2020/10/28 14:35:39:366

I can't connect with the passive [192.168.100.113/5000] error_code:10061 !

<<<----  [OUT]
2020/10/28 14:35:41:856

Connecting Started...

<<<----  [OUT]
2020/10/28 14:35:43:905

I can't connect with the passive [192.168.100.113/5000] error_code:10061 !

<<<----  [OUT]
2020/10/28 14:35:46:387

Connecting Started...

<<<----  [OUT]
2020/10/28 14:35:48:427

I can't connect with the passive [192.168.100.113/5000] error_code:10061 !

<<<----  [OUT]
2020/10/28 14:35:50:917

Connecting Started...

<<<----  [OUT]
2020/10/28 14:35:52:962

I can't connect with the passive [192.168.100.113/5000] error_code:10061 !

<<<----  [OUT]
2020/10/28 14:35:55:448

Connecting Started...

<<<----  [OUT]
2020/10/28 14:35:57:487

I can't connect with the passive [192.168.100.113/5000] error_code:10061 !

<<<----  [OUT]
2020/10/28 14:35:59:964

Connecting Started...

<<<----  [OUT]
2020/10/28 14:36:01:999

I can't connect with the passive [192.168.100.113/5000] error_code:10061 !

<<<----  [OUT]
2020/10/28 14:36:04:480

Connecting Started...

<<<----  [OUT]
2020/10/28 14:36:06:523

I can't connect with the passive [192.168.100.113/5000] error_code:10061 !

<<<----  [OUT]
2020/10/28 14:36:09:011

Connecting Started...

<<<----  [OUT]
2020/10/28 14:36:11:044

I can't connect with the passive [192.168.100.113/5000] error_code:10061 !

<<<----  [OUT]
2020/10/28 14:36:13:527

Connecting Started...

<<<----  [OUT]
2020/10/28 14:36:15:563

I can't connect with the passive [192.168.100.113/5000] error_code:10061 !

<<<----  [OUT]
2020/10/28 14:36:18:043

Connecting Started...

<<<----  [OUT]
2020/10/28 14:36:20:076

I can't connect with the passive [192.168.100.113/5000] error_code:10061 !

<<<----  [OUT]
2020/10/28 14:36:22:559

Connecting Started...

<<<----  [OUT]
2020/10/28 14:36:24:600

I can't connect with the passive [192.168.100.113/5000] error_code:10061 !

<<<----  [OUT]
2020/10/28 14:36:27:090

Connecting Started...

<<<----  [OUT]
2020/10/28 14:36:29:136

I can't connect with the passive [192.168.100.113/5000] error_code:10061 !

<<<----  [OUT]
2020/10/28 14:36:31:621

Connecting Started...

<<<----  [OUT]
2020/10/28 14:36:33:661

I can't connect with the passive [192.168.100.113/5000] error_code:10061 !

<<<----  [OUT]
2020/10/28 14:36:36:153

Connecting Started...

<<<----  [OUT]
2020/10/28 14:36:38:196

I can't connect with the passive [192.168.100.113/5000] error_code:10061 !

<<<----  [OUT]
2020/10/28 14:36:40:682

Connecting Started...

<<<----  [OUT]
2020/10/28 14:36:42:719

I can't connect with the passive [192.168.100.113/5000] error_code:10061 !

<<<----  [OUT]
2020/10/28 14:36:45:198

Connecting Started...

<<<----  [OUT]
2020/10/28 14:36:47:247

I can't connect with the passive [192.168.100.113/5000] error_code:10061 !

<<<----  [OUT]
2020/10/28 14:36:49:730

Connecting Started...

<<<----  [OUT]
2020/10/28 14:36:51:767

I can't connect with the passive [192.168.100.113/5000] error_code:10061 !

<<<----  [OUT]
2020/10/28 14:36:54:246

Connecting Started...

<<<----  [OUT]
2020/10/28 14:36:56:295

I can't connect with the passive [192.168.100.113/5000] error_code:10061 !

<<<----  [OUT]
2020/10/28 14:36:58:776

Connecting Started...

<<<----  [OUT]
2020/10/28 14:37:00:818

I can't connect with the passive [192.168.100.113/5000] error_code:10061 !

<<<----  [OUT]
2020/10/28 14:37:03:308

Connecting Started...

<<<----  [OUT]
2020/10/28 14:37:05:349

I can't connect with the passive [192.168.100.113/5000] error_code:10061 !

<<<----  [OUT]
2020/10/28 14:37:07:839

Connecting Started...

<<<----  [OUT]
2020/10/28 14:37:09:879

I can't connect with the passive [192.168.100.113/5000] error_code:10061 !

<<<----  [OUT]
2020/10/28 14:37:12:371

Connecting Started...

<<<----  [OUT]
2020/10/28 14:37:14:414

I can't connect with the passive [192.168.100.113/5000] error_code:10061 !

<<<----  [OUT]
2020/10/28 14:37:16:902

Connecting Started...

<<<----  [OUT]
2020/10/28 14:37:18:947

I can't connect with the passive [192.168.100.113/5000] error_code:10061 !

<<<----  [OUT]
2020/10/28 14:37:21:433

Connecting Started...

<<<----  [OUT]
2020/10/28 14:37:23:467

I can't connect with the passive [192.168.100.113/5000] error_code:10061 !

<<<----  [OUT]
2020/10/28 14:37:25:949

Connecting Started...

<<<----  [OUT]
2020/10/28 14:37:27:995

I can't connect with the passive [192.168.100.113/5000] error_code:10061 !

<<<----  [OUT]
2020/10/28 14:37:30:479

Connecting Started...

<<<----  [OUT]
2020/10/28 14:37:32:527

I can't connect with the passive [192.168.100.113/5000] error_code:10061 !

<<<----  [OUT]
2020/10/28 14:37:35:012

Connecting Started...

<<<----  [OUT]
2020/10/28 14:37:37:042

I can't connect with the passive [192.168.100.113/5000] error_code:10061 !

<<<----  [OUT]
2020/10/28 14:37:39:526

Connecting Started...

<<<----  [OUT]
2020/10/28 14:37:41:570

I can't connect with the passive [192.168.100.113/5000] error_code:10061 !

<<<----  [OUT]
2020/10/28 14:37:44:059

Connecting Started...

<<<----  [OUT]
2020/10/28 14:37:46:106

I can't connect with the passive [192.168.100.113/5000] error_code:10061 !

<<<----  [OUT]
2020/10/28 14:37:48:589

Connecting Started...

<<<----  [OUT]
2020/10/28 14:37:50:635

I can't connect with the passive [192.168.100.113/5000] error_code:10061 !

<<<----  [OUT]
2020/10/28 14:37:53:120

Connecting Started...

<<<----  [OUT]
2020/10/28 14:37:55:167

I can't connect with the passive [192.168.100.113/5000] error_code:10061 !

<<<----  [OUT]
2020/10/28 14:37:57:653

Connecting Started...

<<<----  [OUT]
2020/10/28 14:37:59:682

I can't connect with the passive [192.168.100.113/5000] error_code:10061 !

<<<----  [OUT]
2020/10/28 14:38:02:167

Connecting Started...

<<<----  [OUT]
2020/10/28 14:38:04:204

I can't connect with the passive [192.168.100.113/5000] error_code:10061 !

<<<----  [OUT]
2020/10/28 14:38:06:683

Connecting Started...

<<<----  [OUT]
2020/10/28 14:38:08:719

I can't connect with the passive [192.168.100.113/5000] error_code:10061 !

<<<----  [OUT]
2020/10/28 14:38:11:198

Connecting Started...

<<<----  [OUT]
2020/10/28 14:38:13:238

I can't connect with the passive [192.168.100.113/5000] error_code:10061 !

<<<----  [OUT]
2020/10/28 14:38:15:715

Connecting Started...

<<<----  [OUT]
2020/10/28 14:38:17:758

I can't connect with the passive [192.168.100.113/5000] error_code:10061 !

<<<----  [OUT]
2020/10/28 14:38:20:246

Connecting Started...

<<<----  [OUT]
2020/10/28 14:38:22:294

I can't connect with the passive [192.168.100.113/5000] error_code:10061 !

<<<----  [OUT]
2020/10/28 14:38:24:776

Connecting Started...

<<<----  [OUT]
2020/10/28 14:38:26:810

I can't connect with the passive [192.168.100.113/5000] error_code:10061 !

<<<----  [OUT]
2020/10/28 14:38:29:292

Connecting Started...

<<<----  [OUT]
2020/10/28 14:38:31:335

I can't connect with the passive [192.168.100.113/5000] error_code:10061 !

<<<----  [OUT]
2020/10/28 14:38:33:823

Connecting Started...

<<<----  [OUT]
2020/10/28 14:38:35:864

I can't connect with the passive [192.168.100.113/5000] error_code:10061 !

<<<----  [OUT]
2020/10/28 14:38:38:356

Connecting Started...

<<<----  [OUT]
2020/10/28 14:38:40:388

I can't connect with the passive [192.168.100.113/5000] error_code:10061 !

<<<----  [OUT]
2020/10/28 14:38:42:870

Connecting Started...

<<<----  [OUT]
2020/10/28 14:38:44:907

I can't connect with the passive [192.168.100.113/5000] error_code:10061 !

<<<----  [OUT]
2020/10/28 14:38:47:387

Connecting Started...

<<<----  [OUT]
2020/10/28 14:38:49:431

I can't connect with the passive [192.168.100.113/5000] error_code:10061 !

<<<----  [OUT]
2020/10/28 14:38:51:917

Connecting Started...

<<<----  [OUT]
2020/10/28 14:38:53:956

I can't connect with the passive [192.168.100.113/5000] error_code:10061 !

<<<----  [OUT]
2020/10/28 14:38:56:434

Connecting Started...

<<<----  [OUT]
2020/10/28 14:38:58:480

I can't connect with the passive [192.168.100.113/5000] error_code:10061 !

<<<----  [OUT]
2020/10/28 14:39:00:965

Connecting Started...

<<<----  [OUT]
2020/10/28 14:39:03:004

I can't connect with the passive [192.168.100.113/5000] error_code:10061 !

<<<----  [OUT]
2020/10/28 14:39:05:480

Connecting Started...

<<<----  [OUT]
2020/10/28 14:39:07:523

I can't connect with the passive [192.168.100.113/5000] error_code:10061 !

<<<----  [OUT]
2020/10/28 14:39:10:011

Connecting Started...

<<<----  [OUT]
2020/10/28 14:39:12:069

I can't connect with the passive [192.168.100.113/5000] error_code:10061 !

<<<----  [OUT]
2020/10/28 14:39:14:558

Connecting Started...

<<<----  [OUT]
2020/10/28 14:39:16:608

I can't connect with the passive [192.168.100.113/5000] error_code:10061 !

<<<----  [OUT]
2020/10/28 14:39:19:090

Connecting Started...

<<<----  [OUT]
2020/10/28 14:39:21:134

I can't connect with the passive [192.168.100.113/5000] error_code:10061 !

<<<----  [OUT]
2020/10/28 14:39:23:621

Connecting Started...

<<<----  [OUT]
2020/10/28 14:39:25:654

I can't connect with the passive [192.168.100.113/5000] error_code:10061 !

<<<----  [OUT]
2020/10/28 14:39:28:136

Connecting Started...

<<<----  [OUT]
2020/10/28 14:39:30:168

I can't connect with the passive [192.168.100.113/5000] error_code:10061 !

<<<----  [OUT]
2020/10/28 14:39:32:653

Connecting Started...

<<<----  [OUT]
2020/10/28 14:39:34:698

I can't connect with the passive [192.168.100.113/5000] error_code:10061 !

<<<----  [OUT]
2020/10/28 14:39:37:184

Connecting Started...

<<<----  [OUT]
2020/10/28 14:39:39:223

I can't connect with the passive [192.168.100.113/5000] error_code:10061 !

<<<----  [OUT]
2020/10/28 14:39:41:714

Connecting Started...

<<<----  [OUT]
2020/10/28 14:39:43:749

I can't connect with the passive [192.168.100.113/5000] error_code:10061 !

<<<----  [OUT]
2020/10/28 14:39:46:230

Connecting Started...

<<<----  [OUT]
2020/10/28 14:39:48:275

I can't connect with the passive [192.168.100.113/5000] error_code:10061 !

<<<----  [OUT]
2020/10/28 14:39:50:760

Connecting Started...

<<<----  [OUT]
2020/10/28 14:39:52:810

I can't connect with the passive [192.168.100.113/5000] error_code:10061 !

<<<----  [OUT]
2020/10/28 14:39:55:293

Connecting Started...

<<<----  [OUT]
2020/10/28 14:39:57:336

I can't connect with the passive [192.168.100.113/5000] error_code:10061 !

<<<----  [OUT]
2020/10/28 14:39:59:824

Connecting Started...

<<<----  [OUT]
2020/10/28 14:40:01:864

I can't connect with the passive [192.168.100.113/5000] error_code:10061 !

<<<----  [OUT]
2020/10/28 14:40:04:355

Connecting Started...

<<<----  [OUT]
2020/10/28 14:40:06:389

I can't connect with the passive [192.168.100.113/5000] error_code:10061 !

<<<----  [OUT]
2020/10/28 14:40:08:871

Connecting Started...

<<<----  [OUT]
2020/10/28 14:40:10:915

I can't connect with the passive [192.168.100.113/5000] error_code:10061 !

<<<----  [OUT]
2020/10/28 14:40:13:401

Connecting Started...

<<<----  [OUT]
2020/10/28 14:40:15:441

I can't connect with the passive [192.168.100.113/5000] error_code:10061 !

<<<----  [OUT]
2020/10/28 14:40:17:918

Connecting Started...

<<<----  [OUT]
2020/10/28 14:40:19:957

I can't connect with the passive [192.168.100.113/5000] error_code:10061 !

<<<----  [OUT]
2020/10/28 14:40:22:448

Connecting Started...

<<<----  [OUT]
2020/10/28 14:40:24:490

I can't connect with the passive [192.168.100.113/5000] error_code:10061 !

<<<----  [OUT]
2020/10/28 14:40:26:980

Connecting Started...

<<<----  [OUT]
2020/10/28 14:40:29:029

I can't connect with the passive [192.168.100.113/5000] error_code:10061 !

<<<----  [OUT]
2020/10/28 14:40:31:510

Connecting Started...

<<<----  [OUT]
2020/10/28 14:40:33:543

I can't connect with the passive [192.168.100.113/5000] error_code:10061 !

<<<----  [OUT]
2020/10/28 14:40:36:026

Connecting Started...

<<<----  [OUT]
2020/10/28 14:40:38:061

I can't connect with the passive [192.168.100.113/5000] error_code:10061 !

<<<----  [OUT]
2020/10/28 14:40:40:543

Connecting Started...

<<<----  [OUT]
2020/10/28 14:40:42:583

I can't connect with the passive [192.168.100.113/5000] error_code:10061 !

<<<----  [OUT]
2020/10/28 14:40:45:074

Connecting Started...

<<<----  [OUT]
2020/10/28 14:40:47:116

I can't connect with the passive [192.168.100.113/5000] error_code:10061 !

<<<----  [OUT]
2020/10/28 14:40:49:605

Connecting Started...

<<<----  [OUT]
2020/10/28 14:40:51:633

I can't connect with the passive [192.168.100.113/5000] error_code:10061 !

<<<----  [OUT]
2020/10/28 14:40:54:121

Connecting Started...

<<<----  [OUT]
2020/10/28 14:40:56:163

I can't connect with the passive [192.168.100.113/5000] error_code:10061 !

<<<----  [OUT]
2020/10/28 14:40:58:653

Connecting Started...

<<<----  [OUT]
2020/10/28 14:41:00:691

I can't connect with the passive [192.168.100.113/5000] error_code:10061 !

<<<----  [OUT]
2020/10/28 14:41:03:167

Connecting Started...

<<<----  [OUT]
2020/10/28 14:41:05:210

I can't connect with the passive [192.168.100.113/5000] error_code:10061 !

<<<----  [OUT]
2020/10/28 14:41:07:700

Connecting Started...

<<<----  [OUT]
2020/10/28 14:41:09:742

I can't connect with the passive [192.168.100.113/5000] error_code:10061 !

<<<----  [OUT]
2020/10/28 14:41:12:231

Connecting Started...

<<<----  [OUT]
2020/10/28 14:41:14:272

I can't connect with the passive [192.168.100.113/5000] error_code:10061 !

<<<----  [OUT]
2020/10/28 14:41:16:760

Connecting Started...

<<<----  [OUT]
2020/10/28 14:41:18:812

I can't connect with the passive [192.168.100.113/5000] error_code:10061 !

<<<----  [OUT]
2020/10/28 14:41:21:293

Connecting Started...

<<<----  [OUT]
2020/10/28 14:41:23:324

I can't connect with the passive [192.168.100.113/5000] error_code:10061 !

<<<----  [OUT]
2020/10/28 14:41:25:808

Connecting Started...

<<<----  [OUT]
2020/10/28 14:41:27:842

I can't connect with the passive [192.168.100.113/5000] error_code:10061 !

<<<----  [OUT]
2020/10/28 14:41:30:323

Connecting Started...

<<<----  [OUT]
2020/10/28 14:41:32:359

I can't connect with the passive [192.168.100.113/5000] error_code:10061 !

<<<----  [OUT]
2020/10/28 14:41:34:839

Connecting Started...

<<<----  [OUT]
2020/10/28 14:41:36:879

I can't connect with the passive [192.168.100.113/5000] error_code:10061 !

<<<----  [OUT]
2020/10/28 14:41:39:370

Connecting Started...

<<<----  [OUT]
2020/10/28 14:41:41:399

I can't connect with the passive [192.168.100.113/5000] error_code:10061 !

<<<----  [OUT]
2020/10/28 14:41:43:887

Connecting Started...

<<<----  [OUT]
2020/10/28 14:41:45:922

I can't connect with the passive [192.168.100.113/5000] error_code:10061 !

<<<----  [OUT]
2020/10/28 14:41:48:402

Connecting Started...

<<<----  [OUT]
2020/10/28 14:41:50:443

I can't connect with the passive [192.168.100.113/5000] error_code:10061 !

<<<----  [OUT]
2020/10/28 14:41:52:934

Connecting Started...

<<<----  [OUT]
2020/10/28 14:41:54:964

I can't connect with the passive [192.168.100.113/5000] error_code:10061 !

<<<----  [OUT]
2020/10/28 14:41:57:449

Connecting Started...

<<<----  [OUT]
2020/10/28 14:41:59:495

I can't connect with the passive [192.168.100.113/5000] error_code:10061 !

<<<----  [OUT]
2020/10/28 14:42:01:980

Connecting Started...

<<<----  [OUT]
2020/10/28 14:42:04:014

I can't connect with the passive [192.168.100.113/5000] error_code:10061 !

<<<----  [OUT]
2020/10/28 14:42:06:496

Connecting Started...

<<<----  [OUT]
2020/10/28 14:42:08:538

I can't connect with the passive [192.168.100.113/5000] error_code:10061 !

<<<----  [OUT]
2020/10/28 14:42:11:027

Connecting Started...

<<<----  [OUT]
2020/10/28 14:42:13:059

I can't connect with the passive [192.168.100.113/5000] error_code:10061 !

<<<----  [OUT]
2020/10/28 14:42:15:543

Connecting Started...

<<<----  [OUT]
2020/10/28 14:42:17:602

I can't connect with the passive [192.168.100.113/5000] error_code:10061 !

<<<----  [OUT]
2020/10/28 14:42:20:089

Connecting Started...

<<<----  [OUT]
2020/10/28 14:42:22:144

I can't connect with the passive [192.168.100.113/5000] error_code:10061 !

<<<----  [OUT]
2020/10/28 14:42:24:637

Connecting Started...

<<<----  [OUT]
2020/10/28 14:42:26:680

I can't connect with the passive [192.168.100.113/5000] error_code:10061 !

<<<----  [OUT]
2020/10/28 14:42:29:167

Connecting Started...

<<<----  [OUT]
2020/10/28 14:42:31:202

I can't connect with the passive [192.168.100.113/5000] error_code:10061 !

<<<----  [OUT]
2020/10/28 14:42:33:683

Connecting Started...

<<<----  [OUT]
2020/10/28 14:42:35:722

I can't connect with the passive [192.168.100.113/5000] error_code:10061 !

<<<----  [OUT]
2020/10/28 14:42:38:200

Connecting Started...

<<<----  [OUT]
2020/10/28 14:42:40:242

I can't connect with the passive [192.168.100.113/5000] error_code:10061 !

<<<----  [OUT]
2020/10/28 14:42:42:729

Connecting Started...

<<<----  [OUT]
2020/10/28 14:42:44:771

I can't connect with the passive [192.168.100.113/5000] error_code:10061 !

<<<----  [OUT]
2020/10/28 14:42:47:262

Connecting Started...

<<<----  [OUT]
2020/10/28 14:42:49:299

I can't connect with the passive [192.168.100.113/5000] error_code:10061 !

<<<----  [OUT]
2020/10/28 14:42:51:776

Connecting Started...

<<<----  [OUT]
2020/10/28 14:42:53:820

I can't connect with the passive [192.168.100.113/5000] error_code:10061 !

<<<----  [OUT]
2020/10/28 14:42:56:307

Connecting Started...

<<<----  [OUT]
2020/10/28 14:42:58:351

I can't connect with the passive [192.168.100.113/5000] error_code:10061 !

<<<----  [OUT]
2020/10/28 14:43:00:839

Connecting Started...

<<<----  [OUT]
2020/10/28 14:43:02:883

I can't connect with the passive [192.168.100.113/5000] error_code:10061 !

<<<----  [OUT]
2020/10/28 14:43:05:371

Connecting Started...

<<<----  [OUT]
2020/10/28 14:43:07:418

I can't connect with the passive [192.168.100.113/5000] error_code:10061 !

<<<----  [OUT]
2020/10/28 14:43:09:902

Connecting Started...

<<<----  [OUT]
2020/10/28 14:43:11:944

I can't connect with the passive [192.168.100.113/5000] error_code:10061 !

<<<----  [OUT]
2020/10/28 14:43:14:434

Connecting Started...

<<<----  [OUT]
2020/10/28 14:43:16:485

I can't connect with the passive [192.168.100.113/5000] error_code:10061 !

<<<----  [OUT]
2020/10/28 14:43:18:965

Connecting Started...

<<<----  [OUT]
2020/10/28 14:43:21:008

I can't connect with the passive [192.168.100.113/5000] error_code:10061 !

<<<----  [OUT]
2020/10/28 14:43:23:496

Connecting Started...

<<<----  [OUT]
2020/10/28 14:43:25:535

I can't connect with the passive [192.168.100.113/5000] error_code:10061 !

<<<----  [OUT]
2020/10/28 14:43:28:011

Connecting Started...

<<<----  [OUT]
2020/10/28 14:43:30:041

I can't connect with the passive [192.168.100.113/5000] error_code:10061 !

<<<----  [OUT]
2020/10/28 14:43:32:527

Connecting Started...

<<<----  [OUT]
2020/10/28 14:43:34:567

I can't connect with the passive [192.168.100.113/5000] error_code:10061 !

<<<----  [OUT]
2020/10/28 14:43:37:058

Connecting Started...

<<<----  [OUT]
2020/10/28 14:43:39:098

I can't connect with the passive [192.168.100.113/5000] error_code:10061 !

<<<----  [OUT]
2020/10/28 14:43:41:589

Connecting Started...

<<<----  [OUT]
2020/10/28 14:43:43:639

I can't connect with the passive [192.168.100.113/5000] error_code:10061 !

<<<----  [OUT]
2020/10/28 14:43:46:120

Connecting Started...

<<<----  [OUT]
2020/10/28 14:43:48:165

I can't connect with the passive [192.168.100.113/5000] error_code:10061 !

<<<----  [OUT]
2020/10/28 14:43:50:652

Connecting Started...

<<<----  [OUT]
2020/10/28 14:43:52:695

I can't connect with the passive [192.168.100.113/5000] error_code:10061 !

<<<----  [OUT]
2020/10/28 14:43:55:183

Connecting Started...

<<<----  [OUT]
2020/10/28 14:43:57:217

I can't connect with the passive [192.168.100.113/5000] error_code:10061 !

<<<----  [OUT]
2020/10/28 14:43:59:698

Connecting Started...

<<<----  [OUT]
2020/10/28 14:44:01:747

I can't connect with the passive [192.168.100.113/5000] error_code:10061 !

<<<----  [OUT]
2020/10/28 14:44:04:231

Connecting Started...

<<<----  [OUT]
2020/10/28 14:44:06:272

I can't connect with the passive [192.168.100.113/5000] error_code:10061 !

<<<----  [OUT]
2020/10/28 14:44:08:761

Connecting Started...

<<<----  [OUT]
2020/10/28 14:44:10:808

I can't connect with the passive [192.168.100.113/5000] error_code:10061 !

<<<----  [OUT]
2020/10/28 14:44:13:292

Connecting Started...

<<<----  [OUT]
2020/10/28 14:44:15:342

I can't connect with the passive [192.168.100.113/5000] error_code:10061 !

<<<----  [OUT]
2020/10/28 14:44:17:823

Connecting Started...

<<<----  [OUT]
2020/10/28 14:44:19:861

I can't connect with the passive [192.168.100.113/5000] error_code:10061 !

<<<----  [OUT]
2020/10/28 14:44:22:340

Connecting Started...

<<<----  [OUT]
2020/10/28 14:44:24:381

I can't connect with the passive [192.168.100.113/5000] error_code:10061 !

<<<----  [OUT]
2020/10/28 14:44:26:871

Connecting Started...

<<<----  [OUT]
2020/10/28 14:44:28:922

I can't connect with the passive [192.168.100.113/5000] error_code:10061 !

<<<----  [OUT]
2020/10/28 14:44:31:401

Connecting Started...

<<<----  [OUT]
2020/10/28 14:44:33:450

I can't connect with the passive [192.168.100.113/5000] error_code:10061 !

<<<----  [OUT]
2020/10/28 14:44:35:933

Connecting Started...

<<<----  [OUT]
2020/10/28 14:44:37:965

I can't connect with the passive [192.168.100.113/5000] error_code:10061 !

<<<----  [OUT]
2020/10/28 14:44:40:449

Connecting Started...

<<<----  [OUT]
2020/10/28 14:44:42:491

I can't connect with the passive [192.168.100.113/5000] error_code:10061 !

<<<----  [OUT]
2020/10/28 14:44:44:981

Connecting Started...

<<<----  [OUT]
2020/10/28 14:44:47:027

I can't connect with the passive [192.168.100.113/5000] error_code:10061 !

<<<----  [OUT]
2020/10/28 14:44:49:511

Connecting Started...

<<<----  [OUT]
2020/10/28 14:44:51:555

I can't connect with the passive [192.168.100.113/5000] error_code:10061 !

<<<----  [OUT]
2020/10/28 14:44:54:041

Connecting Started...

<<<----  [OUT]
2020/10/28 14:44:56:082

I can't connect with the passive [192.168.100.113/5000] error_code:10061 !

<<<----  [OUT]
2020/10/28 14:44:58:574

Connecting Started...

<<<----  [OUT]
2020/10/28 14:45:00:623

I can't connect with the passive [192.168.100.113/5000] error_code:10061 !

<<<----  [OUT]
2020/10/28 14:45:03:104

Connecting Started...

<<<----  [OUT]
2020/10/28 14:45:05:148

I can't connect with the passive [192.168.100.113/5000] error_code:10061 !

<<<----  [OUT]
2020/10/28 14:45:07:636

Connecting Started...

<<<----  [OUT]
2020/10/28 14:45:09:684

I can't connect with the passive [192.168.100.113/5000] error_code:10061 !

<<<----  [OUT]
2020/10/28 14:45:12:168

Connecting Started...

<<<----  [OUT]
2020/10/28 14:45:14:206

I can't connect with the passive [192.168.100.113/5000] error_code:10061 !

<<<----  [OUT]
2020/10/28 14:45:16:682

Connecting Started...

<<<----  [OUT]
2020/10/28 14:45:18:716

I can't connect with the passive [192.168.100.113/5000] error_code:10061 !

<<<----  [OUT]
2020/10/28 14:45:21:199

Connecting Started...

<<<----  [OUT]
2020/10/28 14:45:23:240

I can't connect with the passive [192.168.100.113/5000] error_code:10061 !

<<<----  [OUT]
2020/10/28 14:45:25:731

Connecting Started...

<<<----  [OUT]
2020/10/28 14:45:27:765

I can't connect with the passive [192.168.100.113/5000] error_code:10061 !

<<<----  [OUT]
2020/10/28 14:45:30:246

Connecting Started...

<<<----  [OUT]
2020/10/28 14:45:32:294

I can't connect with the passive [192.168.100.113/5000] error_code:10061 !

<<<----  [OUT]
2020/10/28 14:45:34:777

Connecting Started...

<<<----  [OUT]
2020/10/28 14:45:36:822

I can't connect with the passive [192.168.100.113/5000] error_code:10061 !

<<<----  [OUT]
2020/10/28 14:45:39:309

Connecting Started...

<<<----  [OUT]
2020/10/28 14:45:41:355

I can't connect with the passive [192.168.100.113/5000] error_code:10061 !

<<<----  [OUT]
2020/10/28 14:45:43:838

Connecting Started...

<<<----  [OUT]
2020/10/28 14:45:45:867

I can't connect with the passive [192.168.100.113/5000] error_code:10061 !

<<<----  [OUT]
2020/10/28 14:45:48:354

Connecting Started...

<<<----  [OUT]
2020/10/28 14:45:50:397

I can't connect with the passive [192.168.100.113/5000] error_code:10061 !

<<<----  [OUT]
2020/10/28 14:45:52:887

Connecting Started...

<<<----  [OUT]
2020/10/28 14:45:54:926

I can't connect with the passive [192.168.100.113/5000] error_code:10061 !

<<<----  [OUT]
2020/10/28 14:45:57:401

Connecting Started...

<<<----  [OUT]
2020/10/28 14:45:59:439

I can't connect with the passive [192.168.100.113/5000] error_code:10061 !

<<<----  [OUT]
2020/10/28 14:46:01:918

Connecting Started...

<<<----  [OUT]
2020/10/28 14:46:03:962

I can't connect with the passive [192.168.100.113/5000] error_code:10061 !

<<<----  [OUT]
2020/10/28 14:46:06:449

Connecting Started...

<<<----  [OUT]
2020/10/28 14:46:08:489

I can't connect with the passive [192.168.100.113/5000] error_code:10061 !

<<<----  [OUT]
2020/10/28 14:46:10:980

Connecting Started...

<<<----  [OUT]
2020/10/28 14:46:13:022

I can't connect with the passive [192.168.100.113/5000] error_code:10061 !

<<<----  [OUT]
2020/10/28 14:46:15:511

Connecting Started...

<<<----  [OUT]
2020/10/28 14:46:17:541

I can't connect with the passive [192.168.100.113/5000] error_code:10061 !

<<<----  [OUT]
2020/10/28 14:46:20:027

Connecting Started...

<<<----  [OUT]
2020/10/28 14:46:22:060

I can't connect with the passive [192.168.100.113/5000] error_code:10061 !

<<<----  [OUT]
2020/10/28 14:46:24:542

Connecting Started...

<<<----  [OUT]
2020/10/28 14:46:26:585

I can't connect with the passive [192.168.100.113/5000] error_code:10061 !

<<<----  [OUT]
2020/10/28 14:46:29:073

Connecting Started...

<<<----  [OUT]
2020/10/28 14:46:31:112

I can't connect with the passive [192.168.100.113/5000] error_code:10061 !

<<<----  [OUT]
2020/10/28 14:46:33:589

Connecting Started...

<<<----  [OUT]
2020/10/28 14:46:35:621

I can't connect with the passive [192.168.100.113/5000] error_code:10061 !

<<<----  [OUT]
2020/10/28 14:46:38:104

Connecting Started...

<<<----  [OUT]
2020/10/28 14:46:40:151

I can't connect with the passive [192.168.100.113/5000] error_code:10061 !

<<<----  [OUT]
2020/10/28 14:46:42:636

Connecting Started...

<<<----  [OUT]
2020/10/28 14:46:44:683

I can't connect with the passive [192.168.100.113/5000] error_code:10061 !

<<<----  [OUT]
2020/10/28 14:46:47:167

Connecting Started...

<<<----  [OUT]
2020/10/28 14:46:49:215

I can't connect with the passive [192.168.100.113/5000] error_code:10061 !

<<<----  [OUT]
2020/10/28 14:46:51:698

Connecting Started...

<<<----  [OUT]
2020/10/28 14:46:53:754

I can't connect with the passive [192.168.100.113/5000] error_code:10061 !

<<<----  [OUT]
2020/10/28 14:46:56:246

Connecting Started...

<<<----  [OUT]
2020/10/28 14:46:58:280

I can't connect with the passive [192.168.100.113/5000] error_code:10061 !

<<<----  [OUT]
2020/10/28 14:47:00:762

Connecting Started...

<<<----  [OUT]
2020/10/28 14:47:02:798

I can't connect with the passive [192.168.100.113/5000] error_code:10061 !

<<<----  [OUT]
2020/10/28 14:47:05:278

Connecting Started...

<<<----  [OUT]
2020/10/28 14:47:07:329

I can't connect with the passive [192.168.100.113/5000] error_code:10061 !

<<<----  [OUT]
2020/10/28 14:47:09:809

Connecting Started...

<<<----  [OUT]
2020/10/28 14:47:11:831

I can't connect with the passive [192.168.100.113/5000] error_code:10061 !

<<<----  [OUT]
2020/10/28 14:47:14:308

Connecting Started...

<<<----  [OUT]
2020/10/28 14:47:16:353

I can't connect with the passive [192.168.100.113/5000] error_code:10061 !

<<<----  [OUT]
2020/10/28 14:47:18:839

Connecting Started...

<<<----  [OUT]
2020/10/28 14:47:20:883

I can't connect with the passive [192.168.100.113/5000] error_code:10061 !

<<<----  [OUT]
2020/10/28 14:47:23:371

Connecting Started...

<<<----  [OUT]
2020/10/28 14:47:25:408

I can't connect with the passive [192.168.100.113/5000] error_code:10061 !

<<<----  [OUT]
2020/10/28 14:47:27:886

Connecting Started...

<<<----  [OUT]
2020/10/28 14:47:29:930

I can't connect with the passive [192.168.100.113/5000] error_code:10061 !

<<<----  [OUT]
2020/10/28 14:47:32:417

Connecting Started...

<<<----  [OUT]
2020/10/28 14:47:34:463

I can't connect with the passive [192.168.100.113/5000] error_code:10061 !

<<<----  [OUT]
2020/10/28 14:47:36:948

Connecting Started...

<<<----  [OUT]
2020/10/28 14:47:38:976

I can't connect with the passive [192.168.100.113/5000] error_code:10061 !

<<<----  [OUT]
2020/10/28 14:47:41:465

Connecting Started...

<<<----  [OUT]
2020/10/28 14:47:43:507

I can't connect with the passive [192.168.100.113/5000] error_code:10061 !

<<<----  [OUT]
2020/10/28 14:47:45:996

Connecting Started...

<<<----  [OUT]
2020/10/28 14:47:48:036

I can't connect with the passive [192.168.100.113/5000] error_code:10061 !

<<<----  [OUT]
2020/10/28 14:47:50:528

Connecting Started...

<<<----  [OUT]
2020/10/28 14:47:52:579

I can't connect with the passive [192.168.100.113/5000] error_code:10061 !

<<<----  [OUT]
2020/10/28 14:47:55:059

Connecting Started...

<<<----  [OUT]
2020/10/28 14:47:57:101

I can't connect with the passive [192.168.100.113/5000] error_code:10061 !

<<<----  [OUT]
2020/10/28 14:47:59:589

Connecting Started...

<<<----  [OUT]
2020/10/28 14:48:01:648

I can't connect with the passive [192.168.100.113/5000] error_code:10061 !

<<<----  [OUT]
2020/10/28 14:48:04:135

Connecting Started...

<<<----  [OUT]
2020/10/28 14:48:06:192

I can't connect with the passive [192.168.100.113/5000] error_code:10061 !

<<<----  [OUT]
2020/10/28 14:48:08:683

Connecting Started...

<<<----  [OUT]
2020/10/28 14:48:10:728

I can't connect with the passive [192.168.100.113/5000] error_code:10061 !

<<<----  [OUT]
2020/10/28 14:48:13:215

Connecting Started...

<<<----  [OUT]
2020/10/28 14:48:15:253

I can't connect with the passive [192.168.100.113/5000] error_code:10061 !

<<<----  [OUT]
2020/10/28 14:48:17:730

Connecting Started...

<<<----  [OUT]
2020/10/28 14:48:19:772

I can't connect with the passive [192.168.100.113/5000] error_code:10061 !

<<<----  [OUT]
2020/10/28 14:48:22:261

Connecting Started...

<<<----  [OUT]
2020/10/28 14:48:24:309

I can't connect with the passive [192.168.100.113/5000] error_code:10061 !

<<<----  [OUT]
2020/10/28 14:48:26:792

Connecting Started...

<<<----  [OUT]
2020/10/28 14:48:28:836

I can't connect with the passive [192.168.100.113/5000] error_code:10061 !

<<<----  [OUT]
2020/10/28 14:48:31:324

Connecting Started...

<<<----  [OUT]
2020/10/28 14:48:33:366

I can't connect with the passive [192.168.100.113/5000] error_code:10061 !

<<<----  [OUT]
2020/10/28 14:48:35:855

Connecting Started...

<<<----  [OUT]
2020/10/28 14:48:37:908

I can't connect with the passive [192.168.100.113/5000] error_code:10061 !

<<<----  [OUT]
2020/10/28 14:48:40:386

Connecting Started...

<<<----  [OUT]
2020/10/28 14:48:42:422

I can't connect with the passive [192.168.100.113/5000] error_code:10061 !

<<<----  [OUT]
2020/10/28 14:48:44:902

Connecting Started...

<<<----  [OUT]
2020/10/28 14:48:46:945

I can't connect with the passive [192.168.100.113/5000] error_code:10061 !

<<<----  [OUT]
2020/10/28 14:48:49:432

Connecting Started...

<<<----  [OUT]
2020/10/28 14:48:51:469

I can't connect with the passive [192.168.100.113/5000] error_code:10061 !

<<<----  [OUT]
2020/10/28 14:48:53:948

Connecting Started...

<<<----  [OUT]
2020/10/28 14:48:55:985

I can't connect with the passive [192.168.100.113/5000] error_code:10061 !

<<<----  [OUT]
2020/10/28 14:48:58:464

Connecting Started...

<<<----  [OUT]
2020/10/28 14:49:00:510

I can't connect with the passive [192.168.100.113/5000] error_code:10061 !

<<<----  [OUT]
2020/10/28 14:49:02:995

Connecting Started...

<<<----  [OUT]
2020/10/28 14:49:05:051

I can't connect with the passive [192.168.100.113/5000] error_code:10061 !

<<<----  [OUT]
2020/10/28 14:49:07:542

Connecting Started...

<<<----  [OUT]
2020/10/28 14:49:09:591

I can't connect with the passive [192.168.100.113/5000] error_code:10061 !

<<<----  [OUT]
2020/10/28 14:49:12:074

Connecting Started...

<<<----  [OUT]
2020/10/28 14:49:14:110

I can't connect with the passive [192.168.100.113/5000] error_code:10061 !

<<<----  [OUT]
2020/10/28 14:49:16:590

Connecting Started...

<<<----  [OUT]
2020/10/28 14:49:18:639

I can't connect with the passive [192.168.100.113/5000] error_code:10061 !

<<<----  [OUT]
2020/10/28 14:49:21:121

Connecting Started...

<<<----  [OUT]
2020/10/28 14:49:23:168

I can't connect with the passive [192.168.100.113/5000] error_code:10061 !

<<<----  [OUT]
2020/10/28 14:49:25:652

Connecting Started...

<<<----  [OUT]
2020/10/28 14:49:27:702

I can't connect with the passive [192.168.100.113/5000] error_code:10061 !

<<<----  [OUT]
2020/10/28 14:49:30:182

Connecting Started...

<<<----  [OUT]
2020/10/28 14:49:32:230

I can't connect with the passive [192.168.100.113/5000] error_code:10061 !

<<<----  [OUT]
2020/10/28 14:49:34:714

Connecting Started...

<<<----  [OUT]
2020/10/28 14:49:36:756

I can't connect with the passive [192.168.100.113/5000] error_code:10061 !

<<<----  [OUT]
2020/10/28 14:49:39:246

Connecting Started...

<<<----  [OUT]
2020/10/28 14:49:41:296

I can't connect with the passive [192.168.100.113/5000] error_code:10061 !

<<<----  [OUT]
2020/10/28 14:49:43:777

Connecting Started...

<<<----  [OUT]
2020/10/28 14:49:45:827

I can't connect with the passive [192.168.100.113/5000] error_code:10061 !

<<<----  [OUT]
2020/10/28 14:49:48:309

Connecting Started...

<<<----  [OUT]
2020/10/28 14:49:50:360

I can't connect with the passive [192.168.100.113/5000] error_code:10061 !

<<<----  [OUT]
2020/10/28 14:49:52:840

Connecting Started...

<<<----  [OUT]
2020/10/28 14:49:54:889

I can't connect with the passive [192.168.100.113/5000] error_code:10061 !

<<<----  [OUT]
2020/10/28 14:49:57:371

Connecting Started...

<<<----  [OUT]
2020/10/28 14:49:59:414

I can't connect with the passive [192.168.100.113/5000] error_code:10061 !

<<<----  [OUT]
2020/10/28 14:50:01:903

Connecting Started...

<<<----  [OUT]
2020/10/28 14:50:03:940

I can't connect with the passive [192.168.100.113/5000] error_code:10061 !

<<<----  [OUT]
2020/10/28 14:50:06:417

Connecting Started...

<<<----  [OUT]
2020/10/28 14:50:08:472

I can't connect with the passive [192.168.100.113/5000] error_code:10061 !

<<<----  [OUT]
2020/10/28 14:50:10:949

Connecting Started...

<<<----  [OUT]
2020/10/28 14:50:12:997

I can't connect with the passive [192.168.100.113/5000] error_code:10061 !

<<<----  [OUT]
2020/10/28 14:50:15:479

Connecting Started...

<<<----  [OUT]
2020/10/28 14:50:17:528

I can't connect with the passive [192.168.100.113/5000] error_code:10061 !

<<<----  [OUT]
2020/10/28 14:50:20:012

Connecting Started...

<<<----  [OUT]
2020/10/28 14:50:22:059

I can't connect with the passive [192.168.100.113/5000] error_code:10061 !

<<<----  [OUT]
2020/10/28 14:50:24:542

Connecting Started...

<<<----  [OUT]
2020/10/28 14:50:26:587

I can't connect with the passive [192.168.100.113/5000] error_code:10061 !

<<<----  [OUT]
2020/10/28 14:50:29:073

Connecting Started...

<<<----  [OUT]
2020/10/28 14:50:31:128

I can't connect with the passive [192.168.100.113/5000] error_code:10061 !

<<<----  [OUT]
2020/10/28 14:50:33:605

Connecting Started...

<<<----  [OUT]
2020/10/28 14:50:35:660

I can't connect with the passive [192.168.100.113/5000] error_code:10061 !

<<<----  [OUT]
2020/10/28 14:50:38:152

Connecting Started...

<<<----  [OUT]
2020/10/28 14:50:40:207

I can't connect with the passive [192.168.100.113/5000] error_code:10061 !

<<<----  [OUT]
2020/10/28 14:50:42:698

Connecting Started...

<<<----  [OUT]
2020/10/28 14:50:44:745

I can't connect with the passive [192.168.100.113/5000] error_code:10061 !

<<<----  [OUT]
2020/10/28 14:50:47:229

Connecting Started...

<<<----  [OUT]
2020/10/28 14:50:49:274

I can't connect with the passive [192.168.100.113/5000] error_code:10061 !

<<<----  [OUT]
2020/10/28 14:50:51:760

Connecting Started...

<<<----  [OUT]
2020/10/28 14:50:53:808

I can't connect with the passive [192.168.100.113/5000] error_code:10061 !

<<<----  [OUT]
2020/10/28 14:50:56:292

Connecting Started...

<<<----  [OUT]
2020/10/28 14:50:58:344

I can't connect with the passive [192.168.100.113/5000] error_code:10061 !

<<<----  [OUT]
2020/10/28 14:51:00:823

Connecting Started...

<<<----  [OUT]
2020/10/28 14:51:02:872

I can't connect with the passive [192.168.100.113/5000] error_code:10061 !

<<<----  [OUT]
2020/10/28 14:51:05:356

Connecting Started...

<<<----  [OUT]
2020/10/28 14:51:07:399

I can't connect with the passive [192.168.100.113/5000] error_code:10061 !

<<<----  [OUT]
2020/10/28 14:51:09:886

Connecting Started...

<<<----  [OUT]
2020/10/28 14:51:11:943

I can't connect with the passive [192.168.100.113/5000] error_code:10061 !

<<<----  [OUT]
2020/10/28 14:51:14:434

Connecting Started...

<<<----  [OUT]
2020/10/28 14:51:16:479

I can't connect with the passive [192.168.100.113/5000] error_code:10061 !

<<<----  [OUT]
2020/10/28 14:51:18:963

Connecting Started...

<<<----  [OUT]
2020/10/28 14:51:20:998

I can't connect with the passive [192.168.100.113/5000] error_code:10061 !

<<<----  [OUT]
2020/10/28 14:51:23:480

Connecting Started...

<<<----  [OUT]
2020/10/28 14:51:25:532

I can't connect with the passive [192.168.100.113/5000] error_code:10061 !

<<<----  [OUT]
2020/10/28 14:51:28:010

Connecting Started...

<<<----  [OUT]
2020/10/28 14:51:30:046

I can't connect with the passive [192.168.100.113/5000] error_code:10061 !

<<<----  [OUT]
2020/10/28 14:51:32:527

Connecting Started...

<<<----  [OUT]
2020/10/28 14:51:34:569

I can't connect with the passive [192.168.100.113/5000] error_code:10061 !

<<<----  [OUT]
2020/10/28 14:51:37:058

Connecting Started...

<<<----  [OUT]
2020/10/28 14:51:39:115

I can't connect with the passive [192.168.100.113/5000] error_code:10061 !

<<<----  [OUT]
2020/10/28 14:51:41:604

Connecting Started...

<<<----  [OUT]
2020/10/28 14:51:43:640

I can't connect with the passive [192.168.100.113/5000] error_code:10061 !

<<<----  [OUT]
2020/10/28 14:51:46:121

Connecting Started...

<<<----  [OUT]
2020/10/28 14:51:48:166

I can't connect with the passive [192.168.100.113/5000] error_code:10061 !

<<<----  [OUT]
2020/10/28 14:51:50:651

Connecting Started...

<<<----  [OUT]
2020/10/28 14:51:52:709

I can't connect with the passive [192.168.100.113/5000] error_code:10061 !

<<<----  [OUT]
2020/10/28 14:51:55:199

Connecting Started...

<<<----  [OUT]
2020/10/28 14:51:57:245

I can't connect with the passive [192.168.100.113/5000] error_code:10061 !

<<<----  [OUT]
2020/10/28 14:51:59:730

Connecting Started...

<<<----  [OUT]
2020/10/28 14:52:01:783

I can't connect with the passive [192.168.100.113/5000] error_code:10061 !

<<<----  [OUT]
2020/10/28 14:52:04:260

Connecting Started...

<<<----  [OUT]
2020/10/28 14:52:06:314

I can't connect with the passive [192.168.100.113/5000] error_code:10061 !

<<<----  [OUT]
2020/10/28 14:52:08:791

Connecting Started...

<<<----  [OUT]
2020/10/28 14:52:10:846

I can't connect with the passive [192.168.100.113/5000] error_code:10061 !

<<<----  [OUT]
2020/10/28 14:52:13:324

Connecting Started...

<<<----  [OUT]
2020/10/28 14:52:15:377

I can't connect with the passive [192.168.100.113/5000] error_code:10061 !

<<<----  [OUT]
2020/10/28 14:52:17:854

Connecting Started...

<<<----  [OUT]
2020/10/28 14:52:19:898

I can't connect with the passive [192.168.100.113/5000] error_code:10061 !

<<<----  [OUT]
2020/10/28 14:52:22:386

Connecting Started...

<<<----  [OUT]
2020/10/28 14:52:24:440

I can't connect with the passive [192.168.100.113/5000] error_code:10061 !

<<<----  [OUT]
2020/10/28 14:52:26:918

Connecting Started...

<<<----  [OUT]
2020/10/28 14:52:28:948

I can't connect with the passive [192.168.100.113/5000] error_code:10061 !

<<<----  [OUT]
2020/10/28 14:52:31:434

Connecting Started...

<<<----  [OUT]
2020/10/28 14:52:33:464

I can't connect with the passive [192.168.100.113/5000] error_code:10061 !

<<<----  [OUT]
2020/10/28 14:52:35:948

Connecting Started...

<<<----  [OUT]
2020/10/28 14:52:37:990

I can't connect with the passive [192.168.100.113/5000] error_code:10061 !

<<<----  [OUT]
2020/10/28 14:52:40:480

Connecting Started...

<<<----  [OUT]
2020/10/28 14:52:42:525

I can't connect with the passive [192.168.100.113/5000] error_code:10061 !

<<<----  [OUT]
2020/10/28 14:52:45:011

Connecting Started...

<<<----  [OUT]
2020/10/28 14:52:47:065

I can't connect with the passive [192.168.100.113/5000] error_code:10061 !

<<<----  [OUT]
2020/10/28 14:52:49:542

Connecting Started...

<<<----  [OUT]
2020/10/28 14:52:51:596

I can't connect with the passive [192.168.100.113/5000] error_code:10061 !

<<<----  [OUT]
2020/10/28 14:52:54:073

Connecting Started...

<<<----  [OUT]
2020/10/28 14:52:56:115

I can't connect with the passive [192.168.100.113/5000] error_code:10061 !

<<<----  [OUT]
2020/10/28 14:52:58:604

Connecting Started...

<<<----  [OUT]
2020/10/28 14:53:00:649

I can't connect with the passive [192.168.100.113/5000] error_code:10061 !

<<<----  [OUT]
2020/10/28 14:53:03:136

Connecting Started...

<<<----  [OUT]
2020/10/28 14:53:05:169

I can't connect with the passive [192.168.100.113/5000] error_code:10061 !

<<<----  [OUT]
2020/10/28 14:53:07:651

Connecting Started...

<<<----  [OUT]
2020/10/28 14:53:09:693

I can't connect with the passive [192.168.100.113/5000] error_code:10061 !

<<<----  [OUT]
2020/10/28 14:53:12:184

Connecting Started...

<<<----  [OUT]
2020/10/28 14:53:14:238

I can't connect with the passive [192.168.100.113/5000] error_code:10061 !

<<<----  [OUT]
2020/10/28 14:53:16:730

Connecting Started...

<<<----  [OUT]
2020/10/28 14:53:18:772

I can't connect with the passive [192.168.100.113/5000] error_code:10061 !

<<<----  [OUT]
2020/10/28 14:53:21:261

Connecting Started...

<<<----  [OUT]
2020/10/28 14:53:23:311

I can't connect with the passive [192.168.100.113/5000] error_code:10061 !

<<<----  [OUT]
2020/10/28 14:53:25:792

Connecting Started...

<<<----  [OUT]
2020/10/28 14:53:27:844

I can't connect with the passive [192.168.100.113/5000] error_code:10061 !

<<<----  [OUT]
2020/10/28 14:53:30:324

Connecting Started...

<<<----  [OUT]
2020/10/28 14:53:32:360

I can't connect with the passive [192.168.100.113/5000] error_code:10061 !

<<<----  [OUT]
2020/10/28 14:53:34:838

Connecting Started...

<<<----  [OUT]
2020/10/28 14:53:36:894

I can't connect with the passive [192.168.100.113/5000] error_code:10061 !

<<<----  [OUT]
2020/10/28 14:53:39:370

Connecting Started...

<<<----  [OUT]
2020/10/28 14:53:41:415

I can't connect with the passive [192.168.100.113/5000] error_code:10061 !

<<<----  [OUT]
2020/10/28 14:53:43:902

Connecting Started...

<<<----  [OUT]
2020/10/28 14:53:45:961

I can't connect with the passive [192.168.100.113/5000] error_code:10061 !

<<<----  [OUT]
2020/10/28 14:53:48:449

Connecting Started...

<<<----  [OUT]
2020/10/28 14:53:50:503

I can't connect with the passive [192.168.100.113/5000] error_code:10061 !

<<<----  [OUT]
2020/10/28 14:53:52:979

Connecting Started...

<<<----  [OUT]
2020/10/28 14:53:55:012

I can't connect with the passive [192.168.100.113/5000] error_code:10061 !

<<<----  [OUT]
2020/10/28 14:53:57:496

Connecting Started...

<<<----  [OUT]
2020/10/28 14:53:59:534

I can't connect with the passive [192.168.100.113/5000] error_code:10061 !

<<<----  [OUT]
2020/10/28 14:54:02:012

Connecting Started...

<<<----  [OUT]
2020/10/28 14:54:04:055

I can't connect with the passive [192.168.100.113/5000] error_code:10061 !

<<<----  [OUT]
2020/10/28 14:54:06:543

Connecting Started...

<<<----  [OUT]
2020/10/28 14:54:08:598

I can't connect with the passive [192.168.100.113/5000] error_code:10061 !

<<<----  [OUT]
2020/10/28 14:54:11:089

Connecting Started...

<<<----  [OUT]
2020/10/28 14:54:13:143

I can't connect with the passive [192.168.100.113/5000] error_code:10061 !

<<<----  [OUT]
2020/10/28 14:54:15:621

Connecting Started...

<<<----  [OUT]
2020/10/28 14:54:17:658

I can't connect with the passive [192.168.100.113/5000] error_code:10061 !

<<<----  [OUT]
2020/10/28 14:54:20:135

Connecting Started...

<<<----  [OUT]
2020/10/28 14:54:22:183

I can't connect with the passive [192.168.100.113/5000] error_code:10061 !

<<<----  [OUT]
2020/10/28 14:54:24:667

Connecting Started...

<<<----  [OUT]
2020/10/28 14:54:26:717

I can't connect with the passive [192.168.100.113/5000] error_code:10061 !

<<<----  [OUT]
2020/10/28 14:54:29:198

Connecting Started...

<<<----  [OUT]
2020/10/28 14:54:31:222

I can't connect with the passive [192.168.100.113/5000] error_code:10061 !

<<<----  [OUT]
2020/10/28 14:54:33:699

Connecting Started...

<<<----  [OUT]
2020/10/28 14:54:35:760

I can't connect with the passive [192.168.100.113/5000] error_code:10061 !

<<<----  [OUT]
2020/10/28 14:54:38:246

Connecting Started...

<<<----  [OUT]
2020/10/28 14:54:40:293

I can't connect with the passive [192.168.100.113/5000] error_code:10061 !

<<<----  [OUT]
2020/10/28 14:54:42:777

Connecting Started...

<<<----  [OUT]
2020/10/28 14:54:44:820

I can't connect with the passive [192.168.100.113/5000] error_code:10061 !

<<<----  [OUT]
2020/10/28 14:54:47:308

Connecting Started...

<<<----  [OUT]
2020/10/28 14:54:49:342

I can't connect with the passive [192.168.100.113/5000] error_code:10061 !

<<<----  [OUT]
2020/10/28 14:54:51:824

Connecting Started...

<<<----  [OUT]
2020/10/28 14:54:53:853

I can't connect with the passive [192.168.100.113/5000] error_code:10061 !

<<<----  [OUT]
2020/10/28 14:54:56:338

Connecting Started...

<<<----  [OUT]
2020/10/28 14:54:58:382

I can't connect with the passive [192.168.100.113/5000] error_code:10061 !

<<<----  [OUT]
2020/10/28 14:55:00:871

Connecting Started...

<<<----  [OUT]
2020/10/28 14:55:02:909

I can't connect with the passive [192.168.100.113/5000] error_code:10061 !

<<<----  [OUT]
2020/10/28 14:55:05:385

Connecting Started...

<<<----  [OUT]
2020/10/28 14:55:07:414

I can't connect with the passive [192.168.100.113/5000] error_code:10061 !

<<<----  [OUT]
2020/10/28 14:55:09:901

Connecting Started...

<<<----  [OUT]
2020/10/28 14:55:11:954

I can't connect with the passive [192.168.100.113/5000] error_code:10061 !

<<<----  [OUT]
2020/10/28 14:55:14:433

Connecting Started...

<<<----  [OUT]
2020/10/28 14:55:16:485

I can't connect with the passive [192.168.100.113/5000] error_code:10061 !

<<<----  [OUT]
2020/10/28 14:55:18:965

Connecting Started...

<<<----  [OUT]
2020/10/28 14:55:21:000

I can't connect with the passive [192.168.100.113/5000] error_code:10061 !

<<<----  [OUT]
2020/10/28 14:55:23:480

Connecting Started...

<<<----  [OUT]
2020/10/28 14:55:25:524

I can't connect with the passive [192.168.100.113/5000] error_code:10061 !

<<<----  [OUT]
2020/10/28 14:55:28:012

Connecting Started...

<<<----  [OUT]
2020/10/28 14:55:30:051

I can't connect with the passive [192.168.100.113/5000] error_code:10061 !

<<<----  [OUT]
2020/10/28 14:55:32:543

Connecting Started...

<<<----  [OUT]
2020/10/28 14:55:34:585

I can't connect with the passive [192.168.100.113/5000] error_code:10061 !

<<<----  [OUT]
2020/10/28 14:55:37:074

Connecting Started...

<<<----  [OUT]
2020/10/28 14:55:39:113

I can't connect with the passive [192.168.100.113/5000] error_code:10061 !

<<<----  [OUT]
2020/10/28 14:55:41:588

Connecting Started...

<<<----  [OUT]
2020/10/28 14:55:43:637

I can't connect with the passive [192.168.100.113/5000] error_code:10061 !

<<<----  [OUT]
2020/10/28 14:55:46:121

Connecting Started...

<<<----  [OUT]
2020/10/28 14:55:48:143

I can't connect with the passive [192.168.100.113/5000] error_code:10061 !

<<<----  [OUT]
2020/10/28 14:55:50:621

Connecting Started...

<<<----  [OUT]
2020/10/28 14:55:52:659

I can't connect with the passive [192.168.100.113/5000] error_code:10061 !

<<<----  [OUT]
2020/10/28 14:55:55:136

Connecting Started...

<<<----  [OUT]
2020/10/28 14:55:57:189

I can't connect with the passive [192.168.100.113/5000] error_code:10061 !

<<<----  [OUT]
2020/10/28 14:55:59:667

Connecting Started...

<<<----  [OUT]
2020/10/28 14:56:01:704

I can't connect with the passive [192.168.100.113/5000] error_code:10061 !

<<<----  [OUT]
2020/10/28 14:56:04:183

Connecting Started...

<<<----  [OUT]
2020/10/28 14:56:06:207

I can't connect with the passive [192.168.100.113/5000] error_code:10061 !

<<<----  [OUT]
2020/10/28 14:56:08:682

Connecting Started...

<<<----  [OUT]
2020/10/28 14:56:10:725

I can't connect with the passive [192.168.100.113/5000] error_code:10061 !

<<<----  [OUT]
2020/10/28 14:56:13:214

Connecting Started...

<<<----  [OUT]
2020/10/28 14:56:15:262

I can't connect with the passive [192.168.100.113/5000] error_code:10061 !

<<<----  [OUT]
2020/10/28 14:56:17:746

Connecting Started...

<<<----  [OUT]
2020/10/28 14:56:19:777

I can't connect with the passive [192.168.100.113/5000] error_code:10061 !

<<<----  [OUT]
2020/10/28 14:56:22:262

Connecting Started...

<<<----  [OUT]
2020/10/28 14:56:24:307

I can't connect with the passive [192.168.100.113/5000] error_code:10061 !

<<<----  [OUT]
2020/10/28 14:56:26:793

Connecting Started...

<<<----  [OUT]
2020/10/28 14:56:28:837

I can't connect with the passive [192.168.100.113/5000] error_code:10061 !

<<<----  [OUT]
2020/10/28 14:56:31:325

Connecting Started...

<<<----  [OUT]
2020/10/28 14:56:33:377

I can't connect with the passive [192.168.100.113/5000] error_code:10061 !

<<<----  [OUT]
2020/10/28 14:56:35:855

Connecting Started...

<<<----  [OUT]
2020/10/28 14:56:37:902

I can't connect with the passive [192.168.100.113/5000] error_code:10061 !

<<<----  [OUT]
2020/10/28 14:56:40:386

Connecting Started...

<<<----  [OUT]
2020/10/28 14:56:42:443

I can't connect with the passive [192.168.100.113/5000] error_code:10061 !

<<<----  [OUT]
2020/10/28 14:56:44:933

Connecting Started...

<<<----  [OUT]
2020/10/28 14:56:46:967

I can't connect with the passive [192.168.100.113/5000] error_code:10061 !

<<<----  [OUT]
2020/10/28 14:56:49:449

Connecting Started...

<<<----  [OUT]
2020/10/28 14:56:51:493

I can't connect with the passive [192.168.100.113/5000] error_code:10061 !

<<<----  [OUT]
2020/10/28 14:56:53:980

Connecting Started...

<<<----  [OUT]
2020/10/28 14:56:56:024

I can't connect with the passive [192.168.100.113/5000] error_code:10061 !

<<<----  [OUT]
2020/10/28 14:56:58:511

Connecting Started...

<<<----  [OUT]
2020/10/28 14:57:00:539

I can't connect with the passive [192.168.100.113/5000] error_code:10061 !

<<<----  [OUT]
2020/10/28 14:57:03:027

Connecting Started...

<<<----  [OUT]
2020/10/28 14:57:05:056

I can't connect with the passive [192.168.100.113/5000] error_code:10061 !

<<<----  [OUT]
2020/10/28 14:57:07:543

Connecting Started...

<<<----  [OUT]
2020/10/28 14:57:09:593

I can't connect with the passive [192.168.100.113/5000] error_code:10061 !

<<<----  [OUT]
2020/10/28 14:57:12:074

Connecting Started...

<<<----  [OUT]
2020/10/28 14:57:14:092

I can't connect with the passive [192.168.100.113/5000] error_code:10061 !

<<<----  [OUT]
2020/10/28 14:57:16:574

Connecting Started...

<<<----  [OUT]
2020/10/28 14:57:18:609

I can't connect with the passive [192.168.100.113/5000] error_code:10061 !

<<<----  [OUT]
2020/10/28 14:57:21:090

Connecting Started...

<<<----  [OUT]
2020/10/28 14:57:23:144

I can't connect with the passive [192.168.100.113/5000] error_code:10061 !

<<<----  [OUT]
2020/10/28 14:57:25:621

Connecting Started...

<<<----  [OUT]
2020/10/28 14:57:27:669

I can't connect with the passive [192.168.100.113/5000] error_code:10061 !

<<<----  [OUT]
2020/10/28 14:57:30:152

Connecting Started...

<<<----  [OUT]
2020/10/28 14:57:32:198

I can't connect with the passive [192.168.100.113/5000] error_code:10061 !

<<<----  [OUT]
2020/10/28 14:57:34:682

Connecting Started...

<<<----  [OUT]
2020/10/28 14:57:36:736

I can't connect with the passive [192.168.100.113/5000] error_code:10061 !

<<<----  [OUT]
2020/10/28 14:57:39:215

Connecting Started...

<<<----  [OUT]
2020/10/28 14:57:41:244

I can't connect with the passive [192.168.100.113/5000] error_code:10061 !

<<<----  [OUT]
2020/10/28 14:57:43:729

Connecting Started...

<<<----  [OUT]
2020/10/28 14:57:45:772

I can't connect with the passive [192.168.100.113/5000] error_code:10061 !

<<<----  [OUT]
2020/10/28 14:57:48:260

Connecting Started...

<<<----  [OUT]
2020/10/28 14:57:50:298

I can't connect with the passive [192.168.100.113/5000] error_code:10061 !

<<<----  [OUT]
2020/10/28 14:57:52:777

Connecting Started...

<<<----  [OUT]
2020/10/28 14:57:54:816

I can't connect with the passive [192.168.100.113/5000] error_code:10061 !

<<<----  [OUT]
2020/10/28 14:57:57:292

Connecting Started...

<<<----  [OUT]
2020/10/28 14:57:59:339

I can't connect with the passive [192.168.100.113/5000] error_code:10061 !

<<<----  [OUT]
2020/10/28 14:58:01:824

Connecting Started...

<<<----  [OUT]
2020/10/28 14:58:03:877

I can't connect with the passive [192.168.100.113/5000] error_code:10061 !

<<<----  [OUT]
2020/10/28 14:58:06:354

Connecting Started...

<<<----  [OUT]
2020/10/28 14:58:08:403

I can't connect with the passive [192.168.100.113/5000] error_code:10061 !

<<<----  [OUT]
2020/10/28 14:58:10:887

Connecting Started...

<<<----  [OUT]
2020/10/28 14:58:12:945

I can't connect with the passive [192.168.100.113/5000] error_code:10061 !

<<<----  [OUT]
2020/10/28 14:58:15:434

Connecting Started...

<<<----  [OUT]
2020/10/28 14:58:17:474

I can't connect with the passive [192.168.100.113/5000] error_code:10061 !

<<<----  [OUT]
2020/10/28 14:58:19:965

Connecting Started...

<<<----  [OUT]
2020/10/28 14:58:22:018

I can't connect with the passive [192.168.100.113/5000] error_code:10061 !

<<<----  [OUT]
2020/10/28 14:58:24:496

Connecting Started...

<<<----  [OUT]
2020/10/28 14:58:26:553

I can't connect with the passive [192.168.100.113/5000] error_code:10061 !

<<<----  [OUT]
2020/10/28 14:58:29:042

Connecting Started...

<<<----  [OUT]
2020/10/28 14:58:31:094

I can't connect with the passive [192.168.100.113/5000] error_code:10061 !

<<<----  [OUT]
2020/10/28 14:58:33:574

Connecting Started...

<<<----  [OUT]
2020/10/28 14:58:35:604

I can't connect with the passive [192.168.100.113/5000] error_code:10061 !

<<<----  [OUT]
2020/10/28 14:58:38:090

Connecting Started...

<<<----  [OUT]
2020/10/28 14:58:40:134

I can't connect with the passive [192.168.100.113/5000] error_code:10061 !

<<<----  [OUT]
2020/10/28 14:58:42:621

Connecting Started...

<<<----  [OUT]
2020/10/28 14:58:44:639

I can't connect with the passive [192.168.100.113/5000] error_code:10061 !

<<<----  [OUT]
2020/10/28 14:58:47:120

Connecting Started...

<<<----  [OUT]
2020/10/28 14:58:49:146

I can't connect with the passive [192.168.100.113/5000] error_code:10061 !

<<<----  [OUT]
2020/10/28 14:58:51:636

Connecting Started...

<<<----  [OUT]
2020/10/28 14:58:53:653

I can't connect with the passive [192.168.100.113/5000] error_code:10061 !

<<<----  [OUT]
2020/10/28 14:58:56:136

Connecting Started...

<<<----  [OUT]
2020/10/28 14:58:58:177

I can't connect with the passive [192.168.100.113/5000] error_code:10061 !

<<<----  [OUT]
2020/10/28 14:59:00:667

Connecting Started...

<<<----  [OUT]
2020/10/28 14:59:02:706

I can't connect with the passive [192.168.100.113/5000] error_code:10061 !

<<<----  [OUT]
2020/10/28 14:59:05:183

Connecting Started...

<<<----  [OUT]
2020/10/28 14:59:07:227

I can't connect with the passive [192.168.100.113/5000] error_code:10061 !

<<<----  [OUT]
2020/10/28 14:59:09:714

Connecting Started...

<<<----  [OUT]
2020/10/28 14:59:11:767

I can't connect with the passive [192.168.100.113/5000] error_code:10061 !

<<<----  [OUT]
2020/10/28 14:59:14:245

Connecting Started...

<<<----  [OUT]
2020/10/28 14:59:16:288

I can't connect with the passive [192.168.100.113/5000] error_code:10061 !

<<<----  [OUT]
2020/10/28 14:59:18:776

Connecting Started...

<<<----  [OUT]
2020/10/28 14:59:20:817

I can't connect with the passive [192.168.100.113/5000] error_code:10061 !

<<<----  [OUT]
2020/10/28 14:59:23:307

Connecting Started...

<<<----  [OUT]
2020/10/28 14:59:25:358

I can't connect with the passive [192.168.100.113/5000] error_code:10061 !

<<<----  [OUT]
2020/10/28 14:59:27:839

Connecting Started...

<<<----  [OUT]
2020/10/28 14:59:29:891

I can't connect with the passive [192.168.100.113/5000] error_code:10061 !

<<<----  [OUT]
2020/10/28 14:59:32:370

Connecting Started...

<<<----  [OUT]
2020/10/28 14:59:34:403

I can't connect with the passive [192.168.100.113/5000] error_code:10061 !

<<<----  [OUT]
2020/10/28 14:59:36:887

Connecting Started...

<<<----  [OUT]
2020/10/28 14:59:38:917

I can't connect with the passive [192.168.100.113/5000] error_code:10061 !

<<<----  [OUT]
2020/10/28 14:59:41:401

Connecting Started...

<<<----  [OUT]
2020/10/28 14:59:43:431

I can't connect with the passive [192.168.100.113/5000] error_code:10061 !

<<<----  [OUT]
2020/10/28 14:59:45:917

Connecting Started...

<<<----  [OUT]
2020/10/28 14:59:47:946

I can't connect with the passive [192.168.100.113/5000] error_code:10061 !

<<<----  [OUT]
2020/10/28 14:59:50:434

Connecting Started...

<<<----  [OUT]
2020/10/28 14:59:52:481

I can't connect with the passive [192.168.100.113/5000] error_code:10061 !

<<<----  [OUT]
2020/10/28 14:59:54:965

Connecting Started...

<<<----  [OUT]
2020/10/28 14:59:56:999

I can't connect with the passive [192.168.100.113/5000] error_code:10061 !

<<<----  [OUT]
2020/10/28 14:59:59:481

Connecting Started...
