
<<<----  [OUT]
2020/10/28 23:00:19:508

I can't connect with the passive [192.168.100.113/5000] error_code:10060 !

<<<----  [OUT]
2020/10/28 23:00:21:995

Connecting Started...

<<<----  [OUT]
2020/10/28 23:00:43:048

I can't connect with the passive [192.168.100.113/5000] error_code:10060 !

<<<----  [OUT]
2020/10/28 23:00:45:526

Connecting Started...

<<<----  [OUT]
2020/10/28 23:01:06:564

I can't connect with the passive [192.168.100.113/5000] error_code:10060 !

<<<----  [OUT]
2020/10/28 23:01:09:042

Connecting Started...

<<<----  [OUT]
2020/10/28 23:01:30:080

I can't connect with the passive [192.168.100.113/5000] error_code:10060 !

<<<----  [OUT]
2020/10/28 23:01:32:557

Connecting Started...

<<<----  [OUT]
2020/10/28 23:01:53:606

I can't connect with the passive [192.168.100.113/5000] error_code:10060 !

<<<----  [OUT]
2020/10/28 23:01:56:089

Connecting Started...

<<<----  [OUT]
2020/10/28 23:02:17:103

I can't connect with the passive [192.168.100.113/5000] error_code:10060 !

<<<----  [OUT]
2020/10/28 23:02:19:588

Connecting Started...

<<<----  [OUT]
2020/10/28 23:02:40:632

I can't connect with the passive [192.168.100.113/5000] error_code:10060 !

<<<----  [OUT]
2020/10/28 23:02:43:120

Connecting Started...

<<<----  [OUT]
2020/10/28 23:03:04:153

I can't connect with the passive [192.168.100.113/5000] error_code:10060 !

<<<----  [OUT]
2020/10/28 23:03:06:637

Connecting Started...

<<<----  [OUT]
2020/10/28 23:03:27:680

I can't connect with the passive [192.168.100.113/5000] error_code:10060 !

<<<----  [OUT]
2020/10/28 23:03:30:167

Connecting Started...

<<<----  [OUT]
2020/10/28 23:03:51:212

I can't connect with the passive [192.168.100.113/5000] error_code:10060 !

<<<----  [OUT]
2020/10/28 23:03:53:699

Connecting Started...

<<<----  [OUT]
2020/10/28 23:04:14:722

I can't connect with the passive [192.168.100.113/5000] error_code:10060 !

<<<----  [OUT]
2020/10/28 23:04:17:198

Connecting Started...

<<<----  [OUT]
2020/10/28 23:04:38:236

I can't connect with the passive [192.168.100.113/5000] error_code:10060 !

<<<----  [OUT]
2020/10/28 23:04:40:713

Connecting Started...

<<<----  [OUT]
2020/10/28 23:05:01:766

I can't connect with the passive [192.168.100.113/5000] error_code:10060 !

<<<----  [OUT]
2020/10/28 23:05:04:247

Connecting Started...

<<<----  [OUT]
2020/10/28 23:05:25:286

I can't connect with the passive [192.168.100.113/5000] error_code:10060 !

<<<----  [OUT]
2020/10/28 23:05:27:778

Connecting Started...

<<<----  [OUT]
2020/10/28 23:05:48:826

I can't connect with the passive [192.168.100.113/5000] error_code:10060 !

<<<----  [OUT]
2020/10/28 23:05:51:309

Connecting Started...

<<<----  [OUT]
2020/10/28 23:06:12:356

I can't connect with the passive [192.168.100.113/5000] error_code:10060 !

<<<----  [OUT]
2020/10/28 23:06:14:839

Connecting Started...

<<<----  [OUT]
2020/10/28 23:06:35:875

I can't connect with the passive [192.168.100.113/5000] error_code:10060 !

<<<----  [OUT]
2020/10/28 23:06:38:356

Connecting Started...

<<<----  [OUT]
2020/10/28 23:06:59:412

I can't connect with the passive [192.168.100.113/5000] error_code:10060 !

<<<----  [OUT]
2020/10/28 23:07:01:901

Connecting Started...

<<<----  [OUT]
2020/10/28 23:07:22:947

I can't connect with the passive [192.168.100.113/5000] error_code:10060 !

<<<----  [OUT]
2020/10/28 23:07:25:433

Connecting Started...

<<<----  [OUT]
2020/10/28 23:07:46:475

I can't connect with the passive [192.168.100.113/5000] error_code:10060 !

<<<----  [OUT]
2020/10/28 23:07:48:965

Connecting Started...

<<<----  [OUT]
2020/10/28 23:08:10:016

I can't connect with the passive [192.168.100.113/5000] error_code:10060 !

<<<----  [OUT]
2020/10/28 23:08:12:496

Connecting Started...

<<<----  [OUT]
2020/10/28 23:08:33:539

I can't connect with the passive [192.168.100.113/5000] error_code:10060 !

<<<----  [OUT]
2020/10/28 23:08:36:026

Connecting Started...

<<<----  [OUT]
2020/10/28 23:08:57:059

I can't connect with the passive [192.168.100.113/5000] error_code:10060 !

<<<----  [OUT]
2020/10/28 23:08:59:542

Connecting Started...

<<<----  [OUT]
2020/10/28 23:09:20:585

I can't connect with the passive [192.168.100.113/5000] error_code:10060 !

<<<----  [OUT]
2020/10/28 23:09:23:074

Connecting Started...

<<<----  [OUT]
2020/10/28 23:09:44:105

I can't connect with the passive [192.168.100.113/5000] error_code:10060 !

<<<----  [OUT]
2020/10/28 23:09:46:590

Connecting Started...

<<<----  [OUT]
2020/10/28 23:10:07:632

I can't connect with the passive [192.168.100.113/5000] error_code:10060 !

<<<----  [OUT]
2020/10/28 23:10:10:120

Connecting Started...

<<<----  [OUT]
2020/10/28 23:10:31:161

I can't connect with the passive [192.168.100.113/5000] error_code:10060 !

<<<----  [OUT]
2020/10/28 23:10:33:651

Connecting Started...

<<<----  [OUT]
2020/10/28 23:10:54:702

I can't connect with the passive [192.168.100.113/5000] error_code:10060 !

<<<----  [OUT]
2020/10/28 23:10:57:184

Connecting Started...

<<<----  [OUT]
2020/10/28 23:11:18:214

I can't connect with the passive [192.168.100.113/5000] error_code:10060 !

<<<----  [OUT]
2020/10/28 23:11:20:698

Connecting Started...

<<<----  [OUT]
2020/10/28 23:11:41:739

I can't connect with the passive [192.168.100.113/5000] error_code:10060 !

<<<----  [OUT]
2020/10/28 23:11:44:229

Connecting Started...

<<<----  [OUT]
2020/10/28 23:12:05:252

I can't connect with the passive [192.168.100.113/5000] error_code:10060 !

<<<----  [OUT]
2020/10/28 23:12:07:730

Connecting Started...

<<<----  [OUT]
2020/10/28 23:12:28:768

I can't connect with the passive [192.168.100.113/5000] error_code:10060 !

<<<----  [OUT]
2020/10/28 23:12:31:246

Connecting Started...

<<<----  [OUT]
2020/10/28 23:12:52:275

I can't connect with the passive [192.168.100.113/5000] error_code:10060 !

<<<----  [OUT]
2020/10/28 23:12:54:762

Connecting Started...

<<<----  [OUT]
2020/10/28 23:13:15:790

I can't connect with the passive [192.168.100.113/5000] error_code:10060 !

<<<----  [OUT]
2020/10/28 23:13:18:277

Connecting Started...

<<<----  [OUT]
2020/10/28 23:13:39:313

I can't connect with the passive [192.168.100.113/5000] error_code:10060 !

<<<----  [OUT]
2020/10/28 23:13:41:793

Connecting Started...

<<<----  [OUT]
2020/10/28 23:14:02:817

I can't connect with the passive [192.168.100.113/5000] error_code:10060 !

<<<----  [OUT]
2020/10/28 23:14:05:307

Connecting Started...

<<<----  [OUT]
2020/10/28 23:14:26:335

I can't connect with the passive [192.168.100.113/5000] error_code:10060 !

<<<----  [OUT]
2020/10/28 23:14:28:823

Connecting Started...

<<<----  [OUT]
2020/10/28 23:14:49:859

I can't connect with the passive [192.168.100.113/5000] error_code:10060 !

<<<----  [OUT]
2020/10/28 23:14:52:338

Connecting Started...

<<<----  [OUT]
2020/10/28 23:15:13:380

I can't connect with the passive [192.168.100.113/5000] error_code:10060 !

<<<----  [OUT]
2020/10/28 23:15:15:872

Connecting Started...

<<<----  [OUT]
2020/10/28 23:15:36:926

I can't connect with the passive [192.168.100.113/5000] error_code:10060 !

<<<----  [OUT]
2020/10/28 23:15:39:418

Connecting Started...

<<<----  [OUT]
2020/10/28 23:16:00:460

I can't connect with the passive [192.168.100.113/5000] error_code:10060 !

<<<----  [OUT]
2020/10/28 23:16:02:950

Connecting Started...

<<<----  [OUT]
2020/10/28 23:16:23:979

I can't connect with the passive [192.168.100.113/5000] error_code:10060 !

<<<----  [OUT]
2020/10/28 23:16:26:464

Connecting Started...

<<<----  [OUT]
2020/10/28 23:16:47:511

I can't connect with the passive [192.168.100.113/5000] error_code:10060 !

<<<----  [OUT]
2020/10/28 23:16:49:995

Connecting Started...

<<<----  [OUT]
2020/10/28 23:17:11:042

I can't connect with the passive [192.168.100.113/5000] error_code:10060 !

<<<----  [OUT]
2020/10/28 23:17:13:527

Connecting Started...

<<<----  [OUT]
2020/10/28 23:17:34:579

I can't connect with the passive [192.168.100.113/5000] error_code:10060 !

<<<----  [OUT]
2020/10/28 23:17:37:058

Connecting Started...

<<<----  [OUT]
2020/10/28 23:17:58:100

I can't connect with the passive [192.168.100.113/5000] error_code:10060 !

<<<----  [OUT]
2020/10/28 23:18:00:589

Connecting Started...

<<<----  [OUT]
2020/10/28 23:18:21:636

I can't connect with the passive [192.168.100.113/5000] error_code:10060 !

<<<----  [OUT]
2020/10/28 23:18:24:120

Connecting Started...

<<<----  [OUT]
2020/10/28 23:18:26:154

I can't connect with the passive [192.168.100.113/5000] error_code:10061 !

<<<----  [OUT]
2020/10/28 23:18:28:636

Connecting Started...

<<<----  [OUT]
2020/10/28 23:18:30:693

I can't connect with the passive [192.168.100.113/5000] error_code:10061 !

<<<----  [OUT]
2020/10/28 23:18:33:183

Connecting Started...

<<<----  [OUT]
2020/10/28 23:18:35:230

I can't connect with the passive [192.168.100.113/5000] error_code:10061 !

<<<----  [OUT]
2020/10/28 23:18:37:715

Connecting Started...

<<<----  [OUT]
2020/10/28 23:18:39:773

I can't connect with the passive [192.168.100.113/5000] error_code:10061 !

<<<----  [OUT]
2020/10/28 23:18:42:262

Connecting Started...

<<<----  [OUT]
2020/10/28 23:18:44:312

I can't connect with the passive [192.168.100.113/5000] error_code:10061 !

<<<----  [OUT]
2020/10/28 23:18:46:792

Connecting Started...

<<<----  [OUT]
2020/10/28 23:18:48:837

I can't connect with the passive [192.168.100.113/5000] error_code:10061 !

<<<----  [OUT]
2020/10/28 23:18:51:323

Connecting Started...

<<<----  [OUT]
2020/10/28 23:18:53:366

I can't connect with the passive [192.168.100.113/5000] error_code:10061 !

<<<----  [OUT]
2020/10/28 23:18:55:856

Connecting Started...

<<<----  [OUT]
2020/10/28 23:18:57:900

I can't connect with the passive [192.168.100.113/5000] error_code:10061 !

<<<----  [OUT]
2020/10/28 23:19:00:385

Connecting Started...

<<<----  [OUT]
2020/10/28 23:19:02:438

I can't connect with the passive [192.168.100.113/5000] error_code:10061 !

<<<----  [OUT]
2020/10/28 23:19:04:918

Connecting Started...

<<<----  [OUT]
2020/10/28 23:19:06:944

I can't connect with the passive [192.168.100.113/5000] error_code:10061 !

<<<----  [OUT]
2020/10/28 23:19:09:433

Connecting Started...

<<<----  [OUT]
2020/10/28 23:19:11:470

I can't connect with the passive [192.168.100.113/5000] error_code:10061 !

<<<----  [OUT]
2020/10/28 23:19:13:948

Connecting Started...

<<<----  [OUT]
2020/10/28 23:19:15:971

I can't connect with the passive [192.168.100.113/5000] error_code:10061 !

<<<----  [OUT]
2020/10/28 23:19:18:448

Connecting Started...

<<<----  [OUT]
2020/10/28 23:19:20:493

I can't connect with the passive [192.168.100.113/5000] error_code:10061 !

<<<----  [OUT]
2020/10/28 23:19:22:981

Connecting Started...

<<<----  [OUT]
2020/10/28 23:19:25:026

I can't connect with the passive [192.168.100.113/5000] error_code:10061 !

<<<----  [OUT]
2020/10/28 23:19:27:512

Connecting Started...

<<<----  [OUT]
2020/10/28 23:19:29:551

I can't connect with the passive [192.168.100.113/5000] error_code:10061 !

<<<----  [OUT]
2020/10/28 23:19:32:043

Connecting Started...

<<<----  [OUT]
2020/10/28 23:19:34:088

I can't connect with the passive [192.168.100.113/5000] error_code:10061 !

<<<----  [OUT]
2020/10/28 23:19:36:573

Connecting Started...

<<<----  [OUT]
2020/10/28 23:19:38:631

I can't connect with the passive [192.168.100.113/5000] error_code:10061 !

<<<----  [OUT]
2020/10/28 23:19:41:119

Connecting Started...

<<<----  [OUT]
2020/10/28 23:19:43:176

I can't connect with the passive [192.168.100.113/5000] error_code:10061 !

<<<----  [OUT]
2020/10/28 23:19:45:668

Connecting Started...

<<<----  [OUT]
2020/10/28 23:19:47:724

I can't connect with the passive [192.168.100.113/5000] error_code:10061 !

<<<----  [OUT]
2020/10/28 23:19:50:214

Connecting Started...

<<<----  [OUT]
2020/10/28 23:19:52:242

I can't connect with the passive [192.168.100.113/5000] error_code:10061 !

<<<----  [OUT]
2020/10/28 23:19:54:730

Connecting Started...

<<<----  [OUT]
2020/10/28 23:19:56:771

I can't connect with the passive [192.168.100.113/5000] error_code:10061 !

<<<----  [OUT]
2020/10/28 23:19:59:261

Connecting Started...

<<<----  [OUT]
2020/10/28 23:20:01:304

I can't connect with the passive [192.168.100.113/5000] error_code:10061 !

<<<----  [OUT]
2020/10/28 23:20:03:792

Connecting Started...

<<<----  [OUT]
2020/10/28 23:20:05:846

I can't connect with the passive [192.168.100.113/5000] error_code:10061 !

<<<----  [OUT]
2020/10/28 23:20:08:323

Connecting Started...

<<<----  [OUT]
2020/10/28 23:20:10:358

I can't connect with the passive [192.168.100.113/5000] error_code:10061 !

<<<----  [OUT]
2020/10/28 23:20:12:840

Connecting Started...

<<<----  [OUT]
2020/10/28 23:20:14:865

I can't connect with the passive [192.168.100.113/5000] error_code:10061 !

<<<----  [OUT]
2020/10/28 23:20:17:355

Connecting Started...

<<<----  [OUT]
2020/10/28 23:20:19:391

I can't connect with the passive [192.168.100.113/5000] error_code:10061 !

<<<----  [OUT]
2020/10/28 23:20:21:870

Connecting Started...

<<<----  [OUT]
2020/10/28 23:20:23:908

I can't connect with the passive [192.168.100.113/5000] error_code:10061 !

<<<----  [OUT]
2020/10/28 23:20:26:385

Connecting Started...

<<<----  [OUT]
2020/10/28 23:20:28:424

I can't connect with the passive [192.168.100.113/5000] error_code:10061 !

<<<----  [OUT]
2020/10/28 23:20:30:901

Connecting Started...

<<<----  [OUT]
2020/10/28 23:20:32:958

I can't connect with the passive [192.168.100.113/5000] error_code:10061 !

<<<----  [OUT]
2020/10/28 23:20:35:448

Connecting Started...

<<<----  [OUT]
2020/10/28 23:20:37:497

I can't connect with the passive [192.168.100.113/5000] error_code:10061 !

<<<----  [OUT]
2020/10/28 23:20:39:979

Connecting Started...

<<<----  [OUT]
2020/10/28 23:20:42:034

I can't connect with the passive [192.168.100.113/5000] error_code:10061 !

<<<----  [OUT]
2020/10/28 23:20:44:512

Connecting Started...

<<<----  [OUT]
2020/10/28 23:20:46:551

I can't connect with the passive [192.168.100.113/5000] error_code:10061 !

<<<----  [OUT]
2020/10/28 23:20:49:042

Connecting Started...

<<<----  [OUT]
2020/10/28 23:20:51:077

I can't connect with the passive [192.168.100.113/5000] error_code:10061 !

<<<----  [OUT]
2020/10/28 23:20:53:558

Connecting Started...

<<<----  [OUT]
2020/10/28 23:20:55:605

I can't connect with the passive [192.168.100.113/5000] error_code:10061 !

<<<----  [OUT]
2020/10/28 23:20:58:089

Connecting Started...

<<<----  [OUT]
2020/10/28 23:21:00:134

I can't connect with the passive [192.168.100.113/5000] error_code:10061 !

<<<----  [OUT]
2020/10/28 23:21:02:620

Connecting Started...

<<<----  [OUT]
2020/10/28 23:21:04:672

I can't connect with the passive [192.168.100.113/5000] error_code:10061 !

<<<----  [OUT]
2020/10/28 23:21:07:152

Connecting Started...

<<<----  [OUT]
2020/10/28 23:21:09:204

I can't connect with the passive [192.168.100.113/5000] error_code:10061 !

<<<----  [OUT]
2020/10/28 23:21:11:683

Connecting Started...

<<<----  [OUT]
2020/10/28 23:21:13:727

I can't connect with the passive [192.168.100.113/5000] error_code:10061 !

<<<----  [OUT]
2020/10/28 23:21:16:214

Connecting Started...

<<<----  [OUT]
2020/10/28 23:21:18:257

I can't connect with the passive [192.168.100.113/5000] error_code:10061 !

<<<----  [OUT]
2020/10/28 23:21:20:746

Connecting Started...

<<<----  [OUT]
2020/10/28 23:21:22:780

I can't connect with the passive [192.168.100.113/5000] error_code:10061 !

<<<----  [OUT]
2020/10/28 23:21:25:261

Connecting Started...

<<<----  [OUT]
2020/10/28 23:21:27:310

I can't connect with the passive [192.168.100.113/5000] error_code:10061 !

<<<----  [OUT]
2020/10/28 23:21:29:793

Connecting Started...

<<<----  [OUT]
2020/10/28 23:21:31:842

I can't connect with the passive [192.168.100.113/5000] error_code:10061 !

<<<----  [OUT]
2020/10/28 23:21:34:324

Connecting Started...

<<<----  [OUT]
2020/10/28 23:21:36:369

I can't connect with the passive [192.168.100.113/5000] error_code:10061 !

<<<----  [OUT]
2020/10/28 23:21:38:856

Connecting Started...

<<<----  [OUT]
2020/10/28 23:21:40:898

I can't connect with the passive [192.168.100.113/5000] error_code:10061 !

<<<----  [OUT]
2020/10/28 23:21:43:386

Connecting Started...

<<<----  [OUT]
2020/10/28 23:21:45:433

I can't connect with the passive [192.168.100.113/5000] error_code:10061 !

<<<----  [OUT]
2020/10/28 23:21:47:917

Connecting Started...

<<<----  [OUT]
2020/10/28 23:21:49:958

I can't connect with the passive [192.168.100.113/5000] error_code:10061 !

<<<----  [OUT]
2020/10/28 23:21:52:449

Connecting Started...

<<<----  [OUT]
2020/10/28 23:21:54:493

I can't connect with the passive [192.168.100.113/5000] error_code:10061 !

<<<----  [OUT]
2020/10/28 23:21:56:980

Connecting Started...

<<<----  [OUT]
2020/10/28 23:21:59:013

I can't connect with the passive [192.168.100.113/5000] error_code:10061 !

<<<----  [OUT]
2020/10/28 23:22:01:496

Connecting Started...

<<<----  [OUT]
2020/10/28 23:22:03:552

I can't connect with the passive [192.168.100.113/5000] error_code:10061 !

<<<----  [OUT]
2020/10/28 23:22:06:042

Connecting Started...

<<<----  [OUT]
2020/10/28 23:22:08:086

I can't connect with the passive [192.168.100.113/5000] error_code:10061 !

<<<----  [OUT]
2020/10/28 23:22:10:574

Connecting Started...

<<<----  [OUT]
2020/10/28 23:22:12:623

I can't connect with the passive [192.168.100.113/5000] error_code:10061 !

<<<----  [OUT]
2020/10/28 23:22:15:106

Connecting Started...

<<<----  [OUT]
2020/10/28 23:22:17:144

I can't connect with the passive [192.168.100.113/5000] error_code:10061 !

<<<----  [OUT]
2020/10/28 23:22:19:621

Connecting Started...

<<<----  [OUT]
2020/10/28 23:22:21:673

I can't connect with the passive [192.168.100.113/5000] error_code:10061 !

<<<----  [OUT]
2020/10/28 23:22:24:151

Connecting Started...

<<<----  [OUT]
2020/10/28 23:22:26:201

I can't connect with the passive [192.168.100.113/5000] error_code:10061 !

<<<----  [OUT]
2020/10/28 23:22:28:683

Connecting Started...

<<<----  [OUT]
2020/10/28 23:22:30:738

I can't connect with the passive [192.168.100.113/5000] error_code:10061 !

<<<----  [OUT]
2020/10/28 23:22:33:214

Connecting Started...

<<<----  [OUT]
2020/10/28 23:22:35:262

I can't connect with the passive [192.168.100.113/5000] error_code:10061 !

<<<----  [OUT]
2020/10/28 23:22:37:746

Connecting Started...

<<<----  [OUT]
2020/10/28 23:22:39:786

I can't connect with the passive [192.168.100.113/5000] error_code:10061 !

<<<----  [OUT]
2020/10/28 23:22:42:277

Connecting Started...

<<<----  [OUT]
2020/10/28 23:22:44:330

I can't connect with the passive [192.168.100.113/5000] error_code:10061 !

<<<----  [OUT]
2020/10/28 23:22:46:808

Connecting Started...

<<<----  [OUT]
2020/10/28 23:22:48:852

I can't connect with the passive [192.168.100.113/5000] error_code:10061 !

<<<----  [OUT]
2020/10/28 23:22:51:340

Connecting Started...

<<<----  [OUT]
2020/10/28 23:22:53:396

I can't connect with the passive [192.168.100.113/5000] error_code:10061 !

<<<----  [OUT]
2020/10/28 23:22:55:886

Connecting Started...

<<<----  [OUT]
2020/10/28 23:22:57:931

I can't connect with the passive [192.168.100.113/5000] error_code:10061 !

<<<----  [OUT]
2020/10/28 23:23:00:417

Connecting Started...

<<<----  [OUT]
2020/10/28 23:23:02:448

I can't connect with the passive [192.168.100.113/5000] error_code:10061 !

<<<----  [OUT]
2020/10/28 23:23:04:934

Connecting Started...

<<<----  [OUT]
2020/10/28 23:23:06:975

I can't connect with the passive [192.168.100.113/5000] error_code:10061 !

<<<----  [OUT]
2020/10/28 23:23:09:463

Connecting Started...

<<<----  [OUT]
2020/10/28 23:23:11:515

I can't connect with the passive [192.168.100.113/5000] error_code:10061 !

<<<----  [OUT]
2020/10/28 23:23:13:996

Connecting Started...

<<<----  [OUT]
2020/10/28 23:23:16:041

I can't connect with the passive [192.168.100.113/5000] error_code:10061 !

<<<----  [OUT]
2020/10/28 23:23:18:527

Connecting Started...

<<<----  [OUT]
2020/10/28 23:23:20:570

I can't connect with the passive [192.168.100.113/5000] error_code:10061 !

<<<----  [OUT]
2020/10/28 23:23:23:058

Connecting Started...

<<<----  [OUT]
2020/10/28 23:23:25:098

I can't connect with the passive [192.168.100.113/5000] error_code:10061 !

<<<----  [OUT]
2020/10/28 23:23:27:589

Connecting Started...

<<<----  [OUT]
2020/10/28 23:23:29:637

I can't connect with the passive [192.168.100.113/5000] error_code:10061 !

<<<----  [OUT]
2020/10/28 23:23:32:121

Connecting Started...

<<<----  [OUT]
2020/10/28 23:23:34:176

I can't connect with the passive [192.168.100.113/5000] error_code:10061 !

<<<----  [OUT]
2020/10/28 23:23:36:667

Connecting Started...

<<<----  [OUT]
2020/10/28 23:23:38:725

I can't connect with the passive [192.168.100.113/5000] error_code:10061 !

<<<----  [OUT]
2020/10/28 23:23:41:214

Connecting Started...

<<<----  [OUT]
2020/10/28 23:23:43:259

I can't connect with the passive [192.168.100.113/5000] error_code:10061 !

<<<----  [OUT]
2020/10/28 23:23:45:744

Connecting Started...

<<<----  [OUT]
2020/10/28 23:23:47:801

I can't connect with the passive [192.168.100.113/5000] error_code:10061 !

<<<----  [OUT]
2020/10/28 23:23:50:292

Connecting Started...

<<<----  [OUT]
2020/10/28 23:23:52:341

I can't connect with the passive [192.168.100.113/5000] error_code:10061 !

<<<----  [OUT]
2020/10/28 23:23:54:824

Connecting Started...

<<<----  [OUT]
2020/10/28 23:23:56:866

I can't connect with the passive [192.168.100.113/5000] error_code:10061 !

<<<----  [OUT]
2020/10/28 23:23:59:355

Connecting Started...

<<<----  [OUT]
2020/10/28 23:24:01:413

I can't connect with the passive [192.168.100.113/5000] error_code:10061 !

<<<----  [OUT]
2020/10/28 23:24:03:902

Connecting Started...

<<<----  [OUT]
2020/10/28 23:24:05:947

I can't connect with the passive [192.168.100.113/5000] error_code:10061 !

<<<----  [OUT]
2020/10/28 23:24:08:433

Connecting Started...

<<<----  [OUT]
2020/10/28 23:24:10:474

I can't connect with the passive [192.168.100.113/5000] error_code:10061 !

<<<----  [OUT]
2020/10/28 23:24:12:964

Connecting Started...

<<<----  [OUT]
2020/10/28 23:24:15:014

I can't connect with the passive [192.168.100.113/5000] error_code:10061 !

<<<----  [OUT]
2020/10/28 23:24:17:495

Connecting Started...

<<<----  [OUT]
2020/10/28 23:24:19:555

I can't connect with the passive [192.168.100.113/5000] error_code:10061 !

<<<----  [OUT]
2020/10/28 23:24:22:041

Connecting Started...

<<<----  [OUT]
2020/10/28 23:24:24:092

I can't connect with the passive [192.168.100.113/5000] error_code:10061 !

<<<----  [OUT]
2020/10/28 23:24:26:574

Connecting Started...

<<<----  [OUT]
2020/10/28 23:24:28:613

I can't connect with the passive [192.168.100.113/5000] error_code:10061 !

<<<----  [OUT]
2020/10/28 23:24:31:089

Connecting Started...

<<<----  [OUT]
2020/10/28 23:24:33:139

I can't connect with the passive [192.168.100.113/5000] error_code:10061 !

<<<----  [OUT]
2020/10/28 23:24:35:620

Connecting Started...

<<<----  [OUT]
2020/10/28 23:24:37:671

I can't connect with the passive [192.168.100.113/5000] error_code:10061 !

<<<----  [OUT]
2020/10/28 23:24:40:151

Connecting Started...

<<<----  [OUT]
2020/10/28 23:24:42:178

I can't connect with the passive [192.168.100.113/5000] error_code:10061 !

<<<----  [OUT]
2020/10/28 23:24:44:667

Connecting Started...

<<<----  [OUT]
2020/10/28 23:24:46:720

I can't connect with the passive [192.168.100.113/5000] error_code:10061 !

<<<----  [OUT]
2020/10/28 23:24:49:198

Connecting Started...

<<<----  [OUT]
2020/10/28 23:24:51:240

I can't connect with the passive [192.168.100.113/5000] error_code:10061 !

<<<----  [OUT]
2020/10/28 23:24:53:730

Connecting Started...

<<<----  [OUT]
2020/10/28 23:24:55:770

I can't connect with the passive [192.168.100.113/5000] error_code:10061 !

<<<----  [OUT]
2020/10/28 23:24:58:261

Connecting Started...

<<<----  [OUT]
2020/10/28 23:25:00:306

I can't connect with the passive [192.168.100.113/5000] error_code:10061 !

<<<----  [OUT]
2020/10/28 23:25:02:792

Connecting Started...

<<<----  [OUT]
2020/10/28 23:25:04:830

I can't connect with the passive [192.168.100.113/5000] error_code:10061 !

<<<----  [OUT]
2020/10/28 23:25:07:308

Connecting Started...

<<<----  [OUT]
2020/10/28 23:25:09:345

I can't connect with the passive [192.168.100.113/5000] error_code:10061 !

<<<----  [OUT]
2020/10/28 23:25:11:824

Connecting Started...

<<<----  [OUT]
2020/10/28 23:25:13:862

I can't connect with the passive [192.168.100.113/5000] error_code:10061 !

<<<----  [OUT]
2020/10/28 23:25:16:338

Connecting Started...

<<<----  [OUT]
2020/10/28 23:25:18:388

I can't connect with the passive [192.168.100.113/5000] error_code:10061 !

<<<----  [OUT]
2020/10/28 23:25:20:870

Connecting Started...

<<<----  [OUT]
2020/10/28 23:25:22:904

I can't connect with the passive [192.168.100.113/5000] error_code:10061 !

<<<----  [OUT]
2020/10/28 23:25:25:386

Connecting Started...

<<<----  [OUT]
2020/10/28 23:25:27:424

I can't connect with the passive [192.168.100.113/5000] error_code:10061 !

<<<----  [OUT]
2020/10/28 23:25:29:901

Connecting Started...

<<<----  [OUT]
2020/10/28 23:25:31:942

I can't connect with the passive [192.168.100.113/5000] error_code:10061 !

<<<----  [OUT]
2020/10/28 23:25:34:434

Connecting Started...

<<<----  [OUT]
2020/10/28 23:25:36:489

I can't connect with the passive [192.168.100.113/5000] error_code:10061 !

<<<----  [OUT]
2020/10/28 23:25:38:979

Connecting Started...

<<<----  [OUT]
2020/10/28 23:25:41:023

I can't connect with the passive [192.168.100.113/5000] error_code:10061 !

<<<----  [OUT]
2020/10/28 23:25:43:512

Connecting Started...

<<<----  [OUT]
2020/10/28 23:25:45:554

I can't connect with the passive [192.168.100.113/5000] error_code:10061 !

<<<----  [OUT]
2020/10/28 23:25:48:042

Connecting Started...

<<<----  [OUT]
2020/10/28 23:25:50:097

I can't connect with the passive [192.168.100.113/5000] error_code:10061 !

<<<----  [OUT]
2020/10/28 23:25:52:574

Connecting Started...

<<<----  [OUT]
2020/10/28 23:25:54:624

I can't connect with the passive [192.168.100.113/5000] error_code:10061 !

<<<----  [OUT]
2020/10/28 23:25:57:104

Connecting Started...

<<<----  [OUT]
2020/10/28 23:25:59:153

I can't connect with the passive [192.168.100.113/5000] error_code:10061 !

<<<----  [OUT]
2020/10/28 23:26:01:636

Connecting Started...

<<<----  [OUT]
2020/10/28 23:26:03:673

I can't connect with the passive [192.168.100.113/5000] error_code:10061 !

<<<----  [OUT]
2020/10/28 23:26:06:151

Connecting Started...

<<<----  [OUT]
2020/10/28 23:26:08:205

I can't connect with the passive [192.168.100.113/5000] error_code:10061 !

<<<----  [OUT]
2020/10/28 23:26:10:684

Connecting Started...

<<<----  [OUT]
2020/10/28 23:26:12:715

I can't connect with the passive [192.168.100.113/5000] error_code:10061 !

<<<----  [OUT]
2020/10/28 23:26:15:199

Connecting Started...

<<<----  [OUT]
2020/10/28 23:26:17:242

I can't connect with the passive [192.168.100.113/5000] error_code:10061 !

<<<----  [OUT]
2020/10/28 23:26:19:729

Connecting Started...

<<<----  [OUT]
2020/10/28 23:26:21:765

I can't connect with the passive [192.168.100.113/5000] error_code:10061 !

<<<----  [OUT]
2020/10/28 23:26:24:245

Connecting Started...

<<<----  [OUT]
2020/10/28 23:26:26:286

I can't connect with the passive [192.168.100.113/5000] error_code:10061 !

<<<----  [OUT]
2020/10/28 23:26:28:777

Connecting Started...

<<<----  [OUT]
2020/10/28 23:26:30:826

I can't connect with the passive [192.168.100.113/5000] error_code:10061 !

<<<----  [OUT]
2020/10/28 23:26:33:309

Connecting Started...

<<<----  [OUT]
2020/10/28 23:26:35:349

I can't connect with the passive [192.168.100.113/5000] error_code:10061 !

<<<----  [OUT]
2020/10/28 23:26:37:838

Connecting Started...

<<<----  [OUT]
2020/10/28 23:26:39:884

I can't connect with the passive [192.168.100.113/5000] error_code:10061 !

<<<----  [OUT]
2020/10/28 23:26:42:371

Connecting Started...

<<<----  [OUT]
2020/10/28 23:26:44:412

I can't connect with the passive [192.168.100.113/5000] error_code:10061 !

<<<----  [OUT]
2020/10/28 23:26:46:901

Connecting Started...

<<<----  [OUT]
2020/10/28 23:26:48:944

I can't connect with the passive [192.168.100.113/5000] error_code:10061 !

<<<----  [OUT]
2020/10/28 23:26:51:432

Connecting Started...

<<<----  [OUT]
2020/10/28 23:26:53:478

I can't connect with the passive [192.168.100.113/5000] error_code:10061 !

<<<----  [OUT]
2020/10/28 23:26:55:965

Connecting Started...

<<<----  [OUT]
2020/10/28 23:26:58:013

I can't connect with the passive [192.168.100.113/5000] error_code:10061 !

<<<----  [OUT]
2020/10/28 23:27:00:495

Connecting Started...

<<<----  [OUT]
2020/10/28 23:27:02:542

I can't connect with the passive [192.168.100.113/5000] error_code:10061 !

<<<----  [OUT]
2020/10/28 23:27:05:028

Connecting Started...

<<<----  [OUT]
2020/10/28 23:27:07:084

I can't connect with the passive [192.168.100.113/5000] error_code:10061 !

<<<----  [OUT]
2020/10/28 23:27:09:575

Connecting Started...

<<<----  [OUT]
2020/10/28 23:27:11:617

I can't connect with the passive [192.168.100.113/5000] error_code:10061 !

<<<----  [OUT]
2020/10/28 23:27:14:104

Connecting Started...

<<<----  [OUT]
2020/10/28 23:27:16:147

I can't connect with the passive [192.168.100.113/5000] error_code:10061 !

<<<----  [OUT]
2020/10/28 23:27:18:636

Connecting Started...

<<<----  [OUT]
2020/10/28 23:27:20:694

I can't connect with the passive [192.168.100.113/5000] error_code:10061 !

<<<----  [OUT]
2020/10/28 23:27:23:183

Connecting Started...

<<<----  [OUT]
2020/10/28 23:27:25:226

I can't connect with the passive [192.168.100.113/5000] error_code:10061 !

<<<----  [OUT]
2020/10/28 23:27:27:713

Connecting Started...

<<<----  [OUT]
2020/10/28 23:27:29:745

I can't connect with the passive [192.168.100.113/5000] error_code:10061 !

<<<----  [OUT]
2020/10/28 23:27:32:229

Connecting Started...

<<<----  [OUT]
2020/10/28 23:27:34:271

I can't connect with the passive [192.168.100.113/5000] error_code:10061 !

<<<----  [OUT]
2020/10/28 23:27:36:762

Connecting Started...

<<<----  [OUT]
2020/10/28 23:27:38:799

I can't connect with the passive [192.168.100.113/5000] error_code:10061 !

<<<----  [OUT]
2020/10/28 23:27:41:277

Connecting Started...

<<<----  [OUT]
2020/10/28 23:27:43:320

I can't connect with the passive [192.168.100.113/5000] error_code:10061 !

<<<----  [OUT]
2020/10/28 23:27:45:808

Connecting Started...

<<<----  [OUT]
2020/10/28 23:27:47:861

I can't connect with the passive [192.168.100.113/5000] error_code:10061 !

<<<----  [OUT]
2020/10/28 23:27:50:339

Connecting Started...

<<<----  [OUT]
2020/10/28 23:27:52:378

I can't connect with the passive [192.168.100.113/5000] error_code:10061 !

<<<----  [OUT]
2020/10/28 23:27:54:855

Connecting Started...

<<<----  [OUT]
2020/10/28 23:27:56:888

I can't connect with the passive [192.168.100.113/5000] error_code:10061 !

<<<----  [OUT]
2020/10/28 23:27:59:371

Connecting Started...

<<<----  [OUT]
2020/10/28 23:28:01:406

I can't connect with the passive [192.168.100.113/5000] error_code:10061 !

<<<----  [OUT]
2020/10/28 23:28:03:885

Connecting Started...

<<<----  [OUT]
2020/10/28 23:28:05:939

I can't connect with the passive [192.168.100.113/5000] error_code:10061 !

<<<----  [OUT]
2020/10/28 23:28:08:417

Connecting Started...

<<<----  [OUT]
2020/10/28 23:28:10:467

I can't connect with the passive [192.168.100.113/5000] error_code:10061 !

<<<----  [OUT]
2020/10/28 23:28:12:948

Connecting Started...

<<<----  [OUT]
2020/10/28 23:28:14:995

I can't connect with the passive [192.168.100.113/5000] error_code:10061 !

<<<----  [OUT]
2020/10/28 23:28:17:479

Connecting Started...

<<<----  [OUT]
2020/10/28 23:28:19:504

I can't connect with the passive [192.168.100.113/5000] error_code:10061 !

<<<----  [OUT]
2020/10/28 23:28:21:979

Connecting Started...

<<<----  [OUT]
2020/10/28 23:28:24:033

I can't connect with the passive [192.168.100.113/5000] error_code:10061 !

<<<----  [OUT]
2020/10/28 23:28:26:512

Connecting Started...

<<<----  [OUT]
2020/10/28 23:28:28:543

I can't connect with the passive [192.168.100.113/5000] error_code:10061 !

<<<----  [OUT]
2020/10/28 23:28:31:026

Connecting Started...

<<<----  [OUT]
2020/10/28 23:28:33:074

I can't connect with the passive [192.168.100.113/5000] error_code:10061 !

<<<----  [OUT]
2020/10/28 23:28:35:559

Connecting Started...

<<<----  [OUT]
2020/10/28 23:28:37:608

I can't connect with the passive [192.168.100.113/5000] error_code:10061 !

<<<----  [OUT]
2020/10/28 23:28:40:090

Connecting Started...

<<<----  [OUT]
2020/10/28 23:28:42:140

I can't connect with the passive [192.168.100.113/5000] error_code:10061 !

<<<----  [OUT]
2020/10/28 23:28:44:619

Connecting Started...

<<<----  [OUT]
2020/10/28 23:28:46:664

I can't connect with the passive [192.168.100.113/5000] error_code:10061 !

<<<----  [OUT]
2020/10/28 23:28:49:151

Connecting Started...

<<<----  [OUT]
2020/10/28 23:28:51:199

I can't connect with the passive [192.168.100.113/5000] error_code:10061 !

<<<----  [OUT]
2020/10/28 23:28:53:683

Connecting Started...

<<<----  [OUT]
2020/10/28 23:28:55:743

I can't connect with the passive [192.168.100.113/5000] error_code:10061 !

<<<----  [OUT]
2020/10/28 23:28:58:229

Connecting Started...

<<<----  [OUT]
2020/10/28 23:29:00:279

I can't connect with the passive [192.168.100.113/5000] error_code:10061 !

<<<----  [OUT]
2020/10/28 23:29:02:761

Connecting Started...

<<<----  [OUT]
2020/10/28 23:29:04:807

I can't connect with the passive [192.168.100.113/5000] error_code:10061 !

<<<----  [OUT]
2020/10/28 23:29:07:293

Connecting Started...

<<<----  [OUT]
2020/10/28 23:29:09:332

I can't connect with the passive [192.168.100.113/5000] error_code:10061 !

<<<----  [OUT]
2020/10/28 23:29:11:824

Connecting Started...

<<<----  [OUT]
2020/10/28 23:29:13:858

I can't connect with the passive [192.168.100.113/5000] error_code:10061 !

<<<----  [OUT]
2020/10/28 23:29:16:340

Connecting Started...

<<<----  [OUT]
2020/10/28 23:29:18:397

I can't connect with the passive [192.168.100.113/5000] error_code:10061 !

<<<----  [OUT]
2020/10/28 23:29:20:886

Connecting Started...

<<<----  [OUT]
2020/10/28 23:29:22:912

I can't connect with the passive [192.168.100.113/5000] error_code:10061 !

<<<----  [OUT]
2020/10/28 23:29:25:402

Connecting Started...

<<<----  [OUT]
2020/10/28 23:29:27:448

I can't connect with the passive [192.168.100.113/5000] error_code:10061 !

<<<----  [OUT]
2020/10/28 23:29:29:933

Connecting Started...

<<<----  [OUT]
2020/10/28 23:29:31:989

I can't connect with the passive [192.168.100.113/5000] error_code:10061 !

<<<----  [OUT]
2020/10/28 23:29:34:480

Connecting Started...

<<<----  [OUT]
2020/10/28 23:29:36:531

I can't connect with the passive [192.168.100.113/5000] error_code:10061 !

<<<----  [OUT]
2020/10/28 23:29:39:011

Connecting Started...

<<<----  [OUT]
2020/10/28 23:29:41:058

I can't connect with the passive [192.168.100.113/5000] error_code:10061 !

<<<----  [OUT]
2020/10/28 23:29:43:542

Connecting Started...

<<<----  [OUT]
2020/10/28 23:29:45:588

I can't connect with the passive [192.168.100.113/5000] error_code:10061 !

<<<----  [OUT]
2020/10/28 23:29:48:073

Connecting Started...

<<<----  [OUT]
2020/10/28 23:29:50:118

I can't connect with the passive [192.168.100.113/5000] error_code:10061 !

<<<----  [OUT]
2020/10/28 23:29:52:605

Connecting Started...

<<<----  [OUT]
2020/10/28 23:29:54:646

I can't connect with the passive [192.168.100.113/5000] error_code:10061 !

<<<----  [OUT]
2020/10/28 23:29:57:137

Connecting Started...

<<<----  [OUT]
2020/10/28 23:29:59:175

I can't connect with the passive [192.168.100.113/5000] error_code:10061 !

<<<----  [OUT]
2020/10/28 23:30:01:652

Connecting Started...

<<<----  [OUT]
2020/10/28 23:30:03:685

I can't connect with the passive [192.168.100.113/5000] error_code:10061 !

<<<----  [OUT]
2020/10/28 23:30:06:168

Connecting Started...

<<<----  [OUT]
2020/10/28 23:30:08:207

I can't connect with the passive [192.168.100.113/5000] error_code:10061 !

<<<----  [OUT]
2020/10/28 23:30:10:698

Connecting Started...

<<<----  [OUT]
2020/10/28 23:30:12:752

I can't connect with the passive [192.168.100.113/5000] error_code:10061 !

<<<----  [OUT]
2020/10/28 23:30:15:229

Connecting Started...

<<<----  [OUT]
2020/10/28 23:30:17:280

I can't connect with the passive [192.168.100.113/5000] error_code:10061 !

<<<----  [OUT]
2020/10/28 23:30:19:760

Connecting Started...

<<<----  [OUT]
2020/10/28 23:30:21:806

I can't connect with the passive [192.168.100.113/5000] error_code:10061 !

<<<----  [OUT]
2020/10/28 23:30:24:293

Connecting Started...

<<<----  [OUT]
2020/10/28 23:30:26:349

I can't connect with the passive [192.168.100.113/5000] error_code:10061 !

<<<----  [OUT]
2020/10/28 23:30:28:840

Connecting Started...

<<<----  [OUT]
2020/10/28 23:30:30:881

I can't connect with the passive [192.168.100.113/5000] error_code:10061 !

<<<----  [OUT]
2020/10/28 23:30:33:371

Connecting Started...

<<<----  [OUT]
2020/10/28 23:30:35:418

I can't connect with the passive [192.168.100.113/5000] error_code:10061 !

<<<----  [OUT]
2020/10/28 23:30:37:901

Connecting Started...

<<<----  [OUT]
2020/10/28 23:30:39:942

I can't connect with the passive [192.168.100.113/5000] error_code:10061 !

<<<----  [OUT]
2020/10/28 23:30:42:434

Connecting Started...

<<<----  [OUT]
2020/10/28 23:30:44:484

I can't connect with the passive [192.168.100.113/5000] error_code:10061 !

<<<----  [OUT]
2020/10/28 23:30:46:964

Connecting Started...

<<<----  [OUT]
2020/10/28 23:30:49:005

I can't connect with the passive [192.168.100.113/5000] error_code:10061 !

<<<----  [OUT]
2020/10/28 23:30:51:496

Connecting Started...

<<<----  [OUT]
2020/10/28 23:30:53:546

I can't connect with the passive [192.168.100.113/5000] error_code:10061 !

<<<----  [OUT]
2020/10/28 23:30:56:027

Connecting Started...

<<<----  [OUT]
2020/10/28 23:30:58:065

I can't connect with the passive [192.168.100.113/5000] error_code:10061 !

<<<----  [OUT]
2020/10/28 23:31:00:543

Connecting Started...

<<<----  [OUT]
2020/10/28 23:31:02:598

I can't connect with the passive [192.168.100.113/5000] error_code:10061 !

<<<----  [OUT]
2020/10/28 23:31:05:090

Connecting Started...

<<<----  [OUT]
2020/10/28 23:31:07:140

I can't connect with the passive [192.168.100.113/5000] error_code:10061 !

<<<----  [OUT]
2020/10/28 23:31:09:621

Connecting Started...

<<<----  [OUT]
2020/10/28 23:31:11:660

I can't connect with the passive [192.168.100.113/5000] error_code:10061 !

<<<----  [OUT]
2020/10/28 23:31:14:151

Connecting Started...

<<<----  [OUT]
2020/10/28 23:31:16:201

I can't connect with the passive [192.168.100.113/5000] error_code:10061 !

<<<----  [OUT]
2020/10/28 23:31:18:684

Connecting Started...

<<<----  [OUT]
2020/10/28 23:31:20:726

I can't connect with the passive [192.168.100.113/5000] error_code:10061 !

<<<----  [OUT]
2020/10/28 23:31:23:214

Connecting Started...

<<<----  [OUT]
2020/10/28 23:31:25:259

I can't connect with the passive [192.168.100.113/5000] error_code:10061 !

<<<----  [OUT]
2020/10/28 23:31:27:744

Connecting Started...

<<<----  [OUT]
2020/10/28 23:31:29:787

I can't connect with the passive [192.168.100.113/5000] error_code:10061 !

<<<----  [OUT]
2020/10/28 23:31:32:277

Connecting Started...

<<<----  [OUT]
2020/10/28 23:31:34:331

I can't connect with the passive [192.168.100.113/5000] error_code:10061 !

<<<----  [OUT]
2020/10/28 23:31:36:807

Connecting Started...

<<<----  [OUT]
2020/10/28 23:31:38:848

I can't connect with the passive [192.168.100.113/5000] error_code:10061 !

<<<----  [OUT]
2020/10/28 23:31:41:338

Connecting Started...

<<<----  [OUT]
2020/10/28 23:31:43:391

I can't connect with the passive [192.168.100.113/5000] error_code:10061 !

<<<----  [OUT]
2020/10/28 23:31:45:871

Connecting Started...

<<<----  [OUT]
2020/10/28 23:31:47:913

I can't connect with the passive [192.168.100.113/5000] error_code:10061 !

<<<----  [OUT]
2020/10/28 23:31:50:402

Connecting Started...

<<<----  [OUT]
2020/10/28 23:31:52:437

I can't connect with the passive [192.168.100.113/5000] error_code:10061 !

<<<----  [OUT]
2020/10/28 23:31:54:917

Connecting Started...

<<<----  [OUT]
2020/10/28 23:31:56:965

I can't connect with the passive [192.168.100.113/5000] error_code:10061 !

<<<----  [OUT]
2020/10/28 23:31:59:448

Connecting Started...

<<<----  [OUT]
2020/10/28 23:32:01:488

I can't connect with the passive [192.168.100.113/5000] error_code:10061 !

<<<----  [OUT]
2020/10/28 23:32:03:980

Connecting Started...

<<<----  [OUT]
2020/10/28 23:32:06:027

I can't connect with the passive [192.168.100.113/5000] error_code:10061 !

<<<----  [OUT]
2020/10/28 23:32:08:510

Connecting Started...

<<<----  [OUT]
2020/10/28 23:32:10:552

I can't connect with the passive [192.168.100.113/5000] error_code:10061 !

<<<----  [OUT]
2020/10/28 23:32:13:042

Connecting Started...

<<<----  [OUT]
2020/10/28 23:32:15:084

I can't connect with the passive [192.168.100.113/5000] error_code:10061 !

<<<----  [OUT]
2020/10/28 23:32:17:574

Connecting Started...

<<<----  [OUT]
2020/10/28 23:32:19:623

I can't connect with the passive [192.168.100.113/5000] error_code:10061 !

<<<----  [OUT]
2020/10/28 23:32:22:104

Connecting Started...

<<<----  [OUT]
2020/10/28 23:32:24:153

I can't connect with the passive [192.168.100.113/5000] error_code:10061 !

<<<----  [OUT]
2020/10/28 23:32:26:635

Connecting Started...

<<<----  [OUT]
2020/10/28 23:32:28:691

I can't connect with the passive [192.168.100.113/5000] error_code:10061 !

<<<----  [OUT]
2020/10/28 23:32:31:168

Connecting Started...

<<<----  [OUT]
2020/10/28 23:32:33:224

I can't connect with the passive [192.168.100.113/5000] error_code:10061 !

<<<----  [OUT]
2020/10/28 23:32:35:715

Connecting Started...

<<<----  [OUT]
2020/10/28 23:32:37:765

I can't connect with the passive [192.168.100.113/5000] error_code:10061 !

<<<----  [OUT]
2020/10/28 23:32:40:246

Connecting Started...

<<<----  [OUT]
2020/10/28 23:32:42:272

I can't connect with the passive [192.168.100.113/5000] error_code:10061 !

<<<----  [OUT]
2020/10/28 23:32:44:761

Connecting Started...

<<<----  [OUT]
2020/10/28 23:32:46:813

I can't connect with the passive [192.168.100.113/5000] error_code:10061 !

<<<----  [OUT]
2020/10/28 23:32:49:291

Connecting Started...

<<<----  [OUT]
2020/10/28 23:32:51:318

I can't connect with the passive [192.168.100.113/5000] error_code:10061 !

<<<----  [OUT]
2020/10/28 23:32:53:808

Connecting Started...

<<<----  [OUT]
2020/10/28 23:32:55:858

I can't connect with the passive [192.168.100.113/5000] error_code:10061 !

<<<----  [OUT]
2020/10/28 23:32:58:338

Connecting Started...

<<<----  [OUT]
2020/10/28 23:33:00:376

I can't connect with the passive [192.168.100.113/5000] error_code:10061 !

<<<----  [OUT]
2020/10/28 23:33:02:854

Connecting Started...

<<<----  [OUT]
2020/10/28 23:33:04:893

I can't connect with the passive [192.168.100.113/5000] error_code:10061 !

<<<----  [OUT]
2020/10/28 23:33:07:370

Connecting Started...

<<<----  [OUT]
2020/10/28 23:33:09:427

I can't connect with the passive [192.168.100.113/5000] error_code:10061 !

<<<----  [OUT]
2020/10/28 23:33:11:918

Connecting Started...

<<<----  [OUT]
2020/10/28 23:33:13:956

I can't connect with the passive [192.168.100.113/5000] error_code:10061 !

<<<----  [OUT]
2020/10/28 23:33:16:434

Connecting Started...

<<<----  [OUT]
2020/10/28 23:33:18:490

I can't connect with the passive [192.168.100.113/5000] error_code:10061 !

<<<----  [OUT]
2020/10/28 23:33:20:981

Connecting Started...

<<<----  [OUT]
2020/10/28 23:33:23:037

I can't connect with the passive [192.168.100.113/5000] error_code:10061 !

<<<----  [OUT]
2020/10/28 23:33:25:527

Connecting Started...

<<<----  [OUT]
2020/10/28 23:33:27:572

I can't connect with the passive [192.168.100.113/5000] error_code:10061 !

<<<----  [OUT]
2020/10/28 23:33:30:057

Connecting Started...

<<<----  [OUT]
2020/10/28 23:33:32:099

I can't connect with the passive [192.168.100.113/5000] error_code:10061 !

<<<----  [OUT]
2020/10/28 23:33:34:589

Connecting Started...

<<<----  [OUT]
2020/10/28 23:33:36:638

I can't connect with the passive [192.168.100.113/5000] error_code:10061 !

<<<----  [OUT]
2020/10/28 23:33:39:120

Connecting Started...

<<<----  [OUT]
2020/10/28 23:33:41:156

I can't connect with the passive [192.168.100.113/5000] error_code:10061 !

<<<----  [OUT]
2020/10/28 23:33:43:635

Connecting Started...

<<<----  [OUT]
2020/10/28 23:33:45:683

I can't connect with the passive [192.168.100.113/5000] error_code:10061 !

<<<----  [OUT]
2020/10/28 23:33:48:168

Connecting Started...

<<<----  [OUT]
2020/10/28 23:33:50:211

I can't connect with the passive [192.168.100.113/5000] error_code:10061 !

<<<----  [OUT]
2020/10/28 23:33:52:698

Connecting Started...

<<<----  [OUT]
2020/10/28 23:33:54:748

I can't connect with the passive [192.168.100.113/5000] error_code:10061 !

<<<----  [OUT]
2020/10/28 23:33:57:231

Connecting Started...

<<<----  [OUT]
2020/10/28 23:33:59:272

I can't connect with the passive [192.168.100.113/5000] error_code:10061 !

<<<----  [OUT]
2020/10/28 23:34:01:762

Connecting Started...

<<<----  [OUT]
2020/10/28 23:34:03:812

I can't connect with the passive [192.168.100.113/5000] error_code:10061 !

<<<----  [OUT]
2020/10/28 23:34:06:293

Connecting Started...

<<<----  [OUT]
2020/10/28 23:34:08:342

I can't connect with the passive [192.168.100.113/5000] error_code:10061 !

<<<----  [OUT]
2020/10/28 23:34:10:824

Connecting Started...

<<<----  [OUT]
2020/10/28 23:34:12:869

I can't connect with the passive [192.168.100.113/5000] error_code:10061 !

<<<----  [OUT]
2020/10/28 23:34:15:356

Connecting Started...

<<<----  [OUT]
2020/10/28 23:34:17:389

I can't connect with the passive [192.168.100.113/5000] error_code:10061 !

<<<----  [OUT]
2020/10/28 23:34:19:870

Connecting Started...

<<<----  [OUT]
2020/10/28 23:34:21:901

I can't connect with the passive [192.168.100.113/5000] error_code:10061 !

<<<----  [OUT]
2020/10/28 23:34:24:385

Connecting Started...

<<<----  [OUT]
2020/10/28 23:34:26:418

I can't connect with the passive [192.168.100.113/5000] error_code:10061 !

<<<----  [OUT]
2020/10/28 23:34:28:901

Connecting Started...

<<<----  [OUT]
2020/10/28 23:34:30:930

I can't connect with the passive [192.168.100.113/5000] error_code:10061 !

<<<----  [OUT]
2020/10/28 23:34:33:417

Connecting Started...

<<<----  [OUT]
2020/10/28 23:34:35:456

I can't connect with the passive [192.168.100.113/5000] error_code:10061 !

<<<----  [OUT]
2020/10/28 23:34:37:933

Connecting Started...

<<<----  [OUT]
2020/10/28 23:34:39:986

I can't connect with the passive [192.168.100.113/5000] error_code:10061 !

<<<----  [OUT]
2020/10/28 23:34:42:465

Connecting Started...

<<<----  [OUT]
2020/10/28 23:34:44:508

I can't connect with the passive [192.168.100.113/5000] error_code:10061 !

<<<----  [OUT]
2020/10/28 23:34:46:995

Connecting Started...

<<<----  [OUT]
2020/10/28 23:34:49:036

I can't connect with the passive [192.168.100.113/5000] error_code:10061 !

<<<----  [OUT]
2020/10/28 23:34:51:527

Connecting Started...

<<<----  [OUT]
2020/10/28 23:34:53:581

I can't connect with the passive [192.168.100.113/5000] error_code:10061 !

<<<----  [OUT]
2020/10/28 23:34:56:058

Connecting Started...

<<<----  [OUT]
2020/10/28 23:34:58:100

I can't connect with the passive [192.168.100.113/5000] error_code:10061 !

<<<----  [OUT]
2020/10/28 23:35:00:589

Connecting Started...

<<<----  [OUT]
2020/10/28 23:35:02:637

I can't connect with the passive [192.168.100.113/5000] error_code:10061 !

<<<----  [OUT]
2020/10/28 23:35:05:122

Connecting Started...

<<<----  [OUT]
2020/10/28 23:35:07:168

I can't connect with the passive [192.168.100.113/5000] error_code:10061 !

<<<----  [OUT]
2020/10/28 23:35:09:652

Connecting Started...

<<<----  [OUT]
2020/10/28 23:35:11:709

I can't connect with the passive [192.168.100.113/5000] error_code:10061 !

<<<----  [OUT]
2020/10/28 23:35:14:199

Connecting Started...

<<<----  [OUT]
2020/10/28 23:35:16:254

I can't connect with the passive [192.168.100.113/5000] error_code:10061 !

<<<----  [OUT]
2020/10/28 23:35:18:730

Connecting Started...

<<<----  [OUT]
2020/10/28 23:35:20:784

I can't connect with the passive [192.168.100.113/5000] error_code:10061 !

<<<----  [OUT]
2020/10/28 23:35:23:262

Connecting Started...

<<<----  [OUT]
2020/10/28 23:35:25:311

I can't connect with the passive [192.168.100.113/5000] error_code:10061 !

<<<----  [OUT]
2020/10/28 23:35:27:793

Connecting Started...

<<<----  [OUT]
2020/10/28 23:35:29:836

I can't connect with the passive [192.168.100.113/5000] error_code:10061 !

<<<----  [OUT]
2020/10/28 23:35:32:324

Connecting Started...

<<<----  [OUT]
2020/10/28 23:35:34:367

I can't connect with the passive [192.168.100.113/5000] error_code:10061 !

<<<----  [OUT]
2020/10/28 23:35:36:855

Connecting Started...

<<<----  [OUT]
2020/10/28 23:35:38:894

I can't connect with the passive [192.168.100.113/5000] error_code:10061 !

<<<----  [OUT]
2020/10/28 23:35:41:370

Connecting Started...

<<<----  [OUT]
2020/10/28 23:35:43:411

I can't connect with the passive [192.168.100.113/5000] error_code:10061 !

<<<----  [OUT]
2020/10/28 23:35:45:901

Connecting Started...

<<<----  [OUT]
2020/10/28 23:35:47:956

I can't connect with the passive [192.168.100.113/5000] error_code:10061 !

<<<----  [OUT]
2020/10/28 23:35:50:433

Connecting Started...

<<<----  [OUT]
2020/10/28 23:35:52:477

I can't connect with the passive [192.168.100.113/5000] error_code:10061 !

<<<----  [OUT]
2020/10/28 23:35:54:964

Connecting Started...

<<<----  [OUT]
2020/10/28 23:35:57:012

I can't connect with the passive [192.168.100.113/5000] error_code:10061 !

<<<----  [OUT]
2020/10/28 23:35:59:496

Connecting Started...

<<<----  [OUT]
2020/10/28 23:36:01:554

I can't connect with the passive [192.168.100.113/5000] error_code:10061 !

<<<----  [OUT]
2020/10/28 23:36:04:043

Connecting Started...

<<<----  [OUT]
2020/10/28 23:36:06:091

I can't connect with the passive [192.168.100.113/5000] error_code:10061 !

<<<----  [OUT]
2020/10/28 23:36:08:574

Connecting Started...

<<<----  [OUT]
2020/10/28 23:36:10:618

I can't connect with the passive [192.168.100.113/5000] error_code:10061 !

<<<----  [OUT]
2020/10/28 23:36:13:105

Connecting Started...

<<<----  [OUT]
2020/10/28 23:36:15:137

I can't connect with the passive [192.168.100.113/5000] error_code:10061 !

<<<----  [OUT]
2020/10/28 23:36:17:620

Connecting Started...

<<<----  [OUT]
2020/10/28 23:36:19:652

I can't connect with the passive [192.168.100.113/5000] error_code:10061 !

<<<----  [OUT]
2020/10/28 23:36:22:135

Connecting Started...

<<<----  [OUT]
2020/10/28 23:36:24:180

I can't connect with the passive [192.168.100.113/5000] error_code:10061 !

<<<----  [OUT]
2020/10/28 23:36:26:667

Connecting Started...

<<<----  [OUT]
2020/10/28 23:36:28:714

I can't connect with the passive [192.168.100.113/5000] error_code:10061 !

<<<----  [OUT]
2020/10/28 23:36:31:198

Connecting Started...

<<<----  [OUT]
2020/10/28 23:36:33:248

I can't connect with the passive [192.168.100.113/5000] error_code:10061 !

<<<----  [OUT]
2020/10/28 23:36:35:729

Connecting Started...

<<<----  [OUT]
2020/10/28 23:36:37:781

I can't connect with the passive [192.168.100.113/5000] error_code:10061 !

<<<----  [OUT]
2020/10/28 23:36:40:261

Connecting Started...

<<<----  [OUT]
2020/10/28 23:36:42:304

I can't connect with the passive [192.168.100.113/5000] error_code:10061 !

<<<----  [OUT]
2020/10/28 23:36:44:792

Connecting Started...

<<<----  [OUT]
2020/10/28 23:36:46:841

I can't connect with the passive [192.168.100.113/5000] error_code:10061 !

<<<----  [OUT]
2020/10/28 23:36:49:323

Connecting Started...

<<<----  [OUT]
2020/10/28 23:36:51:358

I can't connect with the passive [192.168.100.113/5000] error_code:10061 !

<<<----  [OUT]
2020/10/28 23:36:53:840

Connecting Started...

<<<----  [OUT]
2020/10/28 23:36:55:869

I can't connect with the passive [192.168.100.113/5000] error_code:10061 !

<<<----  [OUT]
2020/10/28 23:36:58:356

Connecting Started...

<<<----  [OUT]
2020/10/28 23:37:00:397

I can't connect with the passive [192.168.100.113/5000] error_code:10061 !

<<<----  [OUT]
2020/10/28 23:37:02:887

Connecting Started...

<<<----  [OUT]
2020/10/28 23:37:04:937

I can't connect with the passive [192.168.100.113/5000] error_code:10061 !

<<<----  [OUT]
2020/10/28 23:37:07:417

Connecting Started...

<<<----  [OUT]
2020/10/28 23:37:09:462

I can't connect with the passive [192.168.100.113/5000] error_code:10061 !

<<<----  [OUT]
2020/10/28 23:37:11:948

Connecting Started...

<<<----  [OUT]
2020/10/28 23:37:13:990

I can't connect with the passive [192.168.100.113/5000] error_code:10061 !

<<<----  [OUT]
2020/10/28 23:37:16:480

Connecting Started...

<<<----  [OUT]
2020/10/28 23:37:18:526

I can't connect with the passive [192.168.100.113/5000] error_code:10061 !

<<<----  [OUT]
2020/10/28 23:37:21:012

Connecting Started...

<<<----  [OUT]
2020/10/28 23:37:23:072

I can't connect with the passive [192.168.100.113/5000] error_code:10061 !

<<<----  [OUT]
2020/10/28 23:37:25:557

Connecting Started...

<<<----  [OUT]
2020/10/28 23:37:27:606

I can't connect with the passive [192.168.100.113/5000] error_code:10061 !

<<<----  [OUT]
2020/10/28 23:37:30:089

Connecting Started...

<<<----  [OUT]
2020/10/28 23:37:32:129

I can't connect with the passive [192.168.100.113/5000] error_code:10061 !

<<<----  [OUT]
2020/10/28 23:37:34:620

Connecting Started...

<<<----  [OUT]
2020/10/28 23:37:36:677

I can't connect with the passive [192.168.100.113/5000] error_code:10061 !

<<<----  [OUT]
2020/10/28 23:37:39:167

Connecting Started...

<<<----  [OUT]
2020/10/28 23:37:41:204

I can't connect with the passive [192.168.100.113/5000] error_code:10061 !

<<<----  [OUT]
2020/10/28 23:37:43:683

Connecting Started...

<<<----  [OUT]
2020/10/28 23:37:45:719

I can't connect with the passive [192.168.100.113/5000] error_code:10061 !

<<<----  [OUT]
2020/10/28 23:37:48:199

Connecting Started...

<<<----  [OUT]
2020/10/28 23:37:50:249

I can't connect with the passive [192.168.100.113/5000] error_code:10061 !

<<<----  [OUT]
2020/10/28 23:37:52:730

Connecting Started...

<<<----  [OUT]
2020/10/28 23:37:54:774

I can't connect with the passive [192.168.100.113/5000] error_code:10061 !

<<<----  [OUT]
2020/10/28 23:37:57:260

Connecting Started...

<<<----  [OUT]
2020/10/28 23:37:59:301

I can't connect with the passive [192.168.100.113/5000] error_code:10061 !

<<<----  [OUT]
2020/10/28 23:38:01:792

Connecting Started...

<<<----  [OUT]
2020/10/28 23:38:03:835

I can't connect with the passive [192.168.100.113/5000] error_code:10061 !

<<<----  [OUT]
2020/10/28 23:38:06:323

Connecting Started...

<<<----  [OUT]
2020/10/28 23:38:08:365

I can't connect with the passive [192.168.100.113/5000] error_code:10061 !

<<<----  [OUT]
2020/10/28 23:38:10:854

Connecting Started...

<<<----  [OUT]
2020/10/28 23:38:12:890

I can't connect with the passive [192.168.100.113/5000] error_code:10061 !

<<<----  [OUT]
2020/10/28 23:38:15:370

Connecting Started...

<<<----  [OUT]
2020/10/28 23:38:17:425

I can't connect with the passive [192.168.100.113/5000] error_code:10061 !

<<<----  [OUT]
2020/10/28 23:38:19:903

Connecting Started...

<<<----  [OUT]
2020/10/28 23:38:21:955

I can't connect with the passive [192.168.100.113/5000] error_code:10061 !

<<<----  [OUT]
2020/10/28 23:38:24:434

Connecting Started...

<<<----  [OUT]
2020/10/28 23:38:26:478

I can't connect with the passive [192.168.100.113/5000] error_code:10061 !

<<<----  [OUT]
2020/10/28 23:38:28:964

Connecting Started...

<<<----  [OUT]
2020/10/28 23:38:31:011

I can't connect with the passive [192.168.100.113/5000] error_code:10061 !

<<<----  [OUT]
2020/10/28 23:38:33:495

Connecting Started...

<<<----  [OUT]
2020/10/28 23:38:35:529

I can't connect with the passive [192.168.100.113/5000] error_code:10061 !

<<<----  [OUT]
2020/10/28 23:38:38:010

Connecting Started...

<<<----  [OUT]
2020/10/28 23:38:40:053

I can't connect with the passive [192.168.100.113/5000] error_code:10061 !

<<<----  [OUT]
2020/10/28 23:38:42:543

Connecting Started...

<<<----  [OUT]
2020/10/28 23:38:44:574

I can't connect with the passive [192.168.100.113/5000] error_code:10061 !

<<<----  [OUT]
2020/10/28 23:38:47:058

Connecting Started...

<<<----  [OUT]
2020/10/28 23:38:49:109

I can't connect with the passive [192.168.100.113/5000] error_code:10061 !

<<<----  [OUT]
2020/10/28 23:38:51:590

Connecting Started...

<<<----  [OUT]
2020/10/28 23:38:53:636

I can't connect with the passive [192.168.100.113/5000] error_code:10061 !

<<<----  [OUT]
2020/10/28 23:38:56:120

Connecting Started...

<<<----  [OUT]
2020/10/28 23:38:58:161

I can't connect with the passive [192.168.100.113/5000] error_code:10061 !

<<<----  [OUT]
2020/10/28 23:39:00:651

Connecting Started...

<<<----  [OUT]
2020/10/28 23:39:02:689

I can't connect with the passive [192.168.100.113/5000] error_code:10061 !

<<<----  [OUT]
2020/10/28 23:39:05:168

Connecting Started...

<<<----  [OUT]
2020/10/28 23:39:07:217

I can't connect with the passive [192.168.100.113/5000] error_code:10061 !

<<<----  [OUT]
2020/10/28 23:39:09:698

Connecting Started...

<<<----  [OUT]
2020/10/28 23:39:11:746

I can't connect with the passive [192.168.100.113/5000] error_code:10061 !

<<<----  [OUT]
2020/10/28 23:39:14:231

Connecting Started...

<<<----  [OUT]
2020/10/28 23:39:16:286

I can't connect with the passive [192.168.100.113/5000] error_code:10061 !

<<<----  [OUT]
2020/10/28 23:39:18:776

Connecting Started...

<<<----  [OUT]
2020/10/28 23:39:20:822

I can't connect with the passive [192.168.100.113/5000] error_code:10061 !

<<<----  [OUT]
2020/10/28 23:39:23:307

Connecting Started...

<<<----  [OUT]
2020/10/28 23:39:25:355

I can't connect with the passive [192.168.100.113/5000] error_code:10061 !

<<<----  [OUT]
2020/10/28 23:39:27:839

Connecting Started...

<<<----  [OUT]
2020/10/28 23:39:29:869

I can't connect with the passive [192.168.100.113/5000] error_code:10061 !

<<<----  [OUT]
2020/10/28 23:39:32:355

Connecting Started...

<<<----  [OUT]
2020/10/28 23:39:34:405

I can't connect with the passive [192.168.100.113/5000] error_code:10061 !

<<<----  [OUT]
2020/10/28 23:39:36:887

Connecting Started...

<<<----  [OUT]
2020/10/28 23:39:38:930

I can't connect with the passive [192.168.100.113/5000] error_code:10061 !

<<<----  [OUT]
2020/10/28 23:39:41:418

Connecting Started...

<<<----  [OUT]
2020/10/28 23:39:43:462

I can't connect with the passive [192.168.100.113/5000] error_code:10061 !

<<<----  [OUT]
2020/10/28 23:39:45:949

Connecting Started...

<<<----  [OUT]
2020/10/28 23:39:47:999

I can't connect with the passive [192.168.100.113/5000] error_code:10061 !

<<<----  [OUT]
2020/10/28 23:39:50:480

Connecting Started...

<<<----  [OUT]
2020/10/28 23:39:52:531

I can't connect with the passive [192.168.100.113/5000] error_code:10061 !

<<<----  [OUT]
2020/10/28 23:39:55:010

Connecting Started...

<<<----  [OUT]
2020/10/28 23:39:57:062

I can't connect with the passive [192.168.100.113/5000] error_code:10061 !

<<<----  [OUT]
2020/10/28 23:39:59:542

Connecting Started...

<<<----  [OUT]
2020/10/28 23:40:01:580

I can't connect with the passive [192.168.100.113/5000] error_code:10061 !

<<<----  [OUT]
2020/10/28 23:40:04:058

Connecting Started...

<<<----  [OUT]
2020/10/28 23:40:06:112

I can't connect with the passive [192.168.100.113/5000] error_code:10061 !

<<<----  [OUT]
2020/10/28 23:40:08:589

Connecting Started...

<<<----  [OUT]
2020/10/28 23:40:10:630

I can't connect with the passive [192.168.100.113/5000] error_code:10061 !

<<<----  [OUT]
2020/10/28 23:40:13:121

Connecting Started...

<<<----  [OUT]
2020/10/28 23:40:15:169

I can't connect with the passive [192.168.100.113/5000] error_code:10061 !

<<<----  [OUT]
2020/10/28 23:40:17:651

Connecting Started...

<<<----  [OUT]
2020/10/28 23:40:19:706

I can't connect with the passive [192.168.100.113/5000] error_code:10061 !

<<<----  [OUT]
2020/10/28 23:40:22:183

Connecting Started...

<<<----  [OUT]
2020/10/28 23:40:24:228

I can't connect with the passive [192.168.100.113/5000] error_code:10061 !

<<<----  [OUT]
2020/10/28 23:40:26:715

Connecting Started...

<<<----  [OUT]
2020/10/28 23:40:28:765

I can't connect with the passive [192.168.100.113/5000] error_code:10061 !

<<<----  [OUT]
2020/10/28 23:40:31:245

Connecting Started...

<<<----  [OUT]
2020/10/28 23:40:33:293

I can't connect with the passive [192.168.100.113/5000] error_code:10061 !

<<<----  [OUT]
2020/10/28 23:40:35:778

Connecting Started...

<<<----  [OUT]
2020/10/28 23:40:37:821

I can't connect with the passive [192.168.100.113/5000] error_code:10061 !

<<<----  [OUT]
2020/10/28 23:40:40:307

Connecting Started...

<<<----  [OUT]
2020/10/28 23:40:42:355

I can't connect with the passive [192.168.100.113/5000] error_code:10061 !

<<<----  [OUT]
2020/10/28 23:40:44:839

Connecting Started...

<<<----  [OUT]
2020/10/28 23:40:46:878

I can't connect with the passive [192.168.100.113/5000] error_code:10061 !

<<<----  [OUT]
2020/10/28 23:40:49:354

Connecting Started...

<<<----  [OUT]
2020/10/28 23:40:51:402

I can't connect with the passive [192.168.100.113/5000] error_code:10061 !

<<<----  [OUT]
2020/10/28 23:40:53:887

Connecting Started...

<<<----  [OUT]
2020/10/28 23:40:55:921

I can't connect with the passive [192.168.100.113/5000] error_code:10061 !

<<<----  [OUT]
2020/10/28 23:40:58:401

Connecting Started...

<<<----  [OUT]
2020/10/28 23:41:00:445

I can't connect with the passive [192.168.100.113/5000] error_code:10061 !

<<<----  [OUT]
2020/10/28 23:41:02:934

Connecting Started...

<<<----  [OUT]
2020/10/28 23:41:04:982

I can't connect with the passive [192.168.100.113/5000] error_code:10061 !

<<<----  [OUT]
2020/10/28 23:41:07:464

Connecting Started...

<<<----  [OUT]
2020/10/28 23:41:09:517

I can't connect with the passive [192.168.100.113/5000] error_code:10061 !

<<<----  [OUT]
2020/10/28 23:41:11:996

Connecting Started...

<<<----  [OUT]
2020/10/28 23:41:14:039

I can't connect with the passive [192.168.100.113/5000] error_code:10061 !

<<<----  [OUT]
2020/10/28 23:41:16:528

Connecting Started...

<<<----  [OUT]
2020/10/28 23:41:18:581

I can't connect with the passive [192.168.100.113/5000] error_code:10061 !

<<<----  [OUT]
2020/10/28 23:41:21:058

Connecting Started...

<<<----  [OUT]
2020/10/28 23:41:23:099

I can't connect with the passive [192.168.100.113/5000] error_code:10061 !

<<<----  [OUT]
2020/10/28 23:41:25:589

Connecting Started...

<<<----  [OUT]
2020/10/28 23:41:27:620

I can't connect with the passive [192.168.100.113/5000] error_code:10061 !

<<<----  [OUT]
2020/10/28 23:41:30:105

Connecting Started...

<<<----  [OUT]
2020/10/28 23:41:32:150

I can't connect with the passive [192.168.100.113/5000] error_code:10061 !

<<<----  [OUT]
2020/10/28 23:41:34:636

Connecting Started...

<<<----  [OUT]
2020/10/28 23:41:36:697

I can't connect with the passive [192.168.100.113/5000] error_code:10061 !

<<<----  [OUT]
2020/10/28 23:41:39:183

Connecting Started...

<<<----  [OUT]
2020/10/28 23:41:41:234

I can't connect with the passive [192.168.100.113/5000] error_code:10061 !

<<<----  [OUT]
2020/10/28 23:41:43:714

Connecting Started...

<<<----  [OUT]
2020/10/28 23:41:45:759

I can't connect with the passive [192.168.100.113/5000] error_code:10061 !

<<<----  [OUT]
2020/10/28 23:41:48:245

Connecting Started...

<<<----  [OUT]
2020/10/28 23:41:50:285

I can't connect with the passive [192.168.100.113/5000] error_code:10061 !

<<<----  [OUT]
2020/10/28 23:41:52:776

Connecting Started...

<<<----  [OUT]
2020/10/28 23:41:54:828

I can't connect with the passive [192.168.100.113/5000] error_code:10061 !

<<<----  [OUT]
2020/10/28 23:41:57:308

Connecting Started...

<<<----  [OUT]
2020/10/28 23:41:59:348

I can't connect with the passive [192.168.100.113/5000] error_code:10061 !

<<<----  [OUT]
2020/10/28 23:42:01:838

Connecting Started...

<<<----  [OUT]
2020/10/28 23:42:03:897

I can't connect with the passive [192.168.100.113/5000] error_code:10061 !

<<<----  [OUT]
2020/10/28 23:42:06:386

Connecting Started...

<<<----  [OUT]
2020/10/28 23:42:08:444

I can't connect with the passive [192.168.100.113/5000] error_code:10061 !

<<<----  [OUT]
2020/10/28 23:42:10:933

Connecting Started...

<<<----  [OUT]
2020/10/28 23:42:12:973

I can't connect with the passive [192.168.100.113/5000] error_code:10061 !

<<<----  [OUT]
2020/10/28 23:42:15:464

Connecting Started...

<<<----  [OUT]
2020/10/28 23:42:17:513

I can't connect with the passive [192.168.100.113/5000] error_code:10061 !

<<<----  [OUT]
2020/10/28 23:42:19:996

Connecting Started...

<<<----  [OUT]
2020/10/28 23:42:22:048

I can't connect with the passive [192.168.100.113/5000] error_code:10061 !

<<<----  [OUT]
2020/10/28 23:42:24:526

Connecting Started...

<<<----  [OUT]
2020/10/28 23:42:26:559

I can't connect with the passive [192.168.100.113/5000] error_code:10061 !

<<<----  [OUT]
2020/10/28 23:42:29:042

Connecting Started...

<<<----  [OUT]
2020/10/28 23:42:31:084

I can't connect with the passive [192.168.100.113/5000] error_code:10061 !

<<<----  [OUT]
2020/10/28 23:42:33:573

Connecting Started...

<<<----  [OUT]
2020/10/28 23:42:35:617

I can't connect with the passive [192.168.100.113/5000] error_code:10061 !

<<<----  [OUT]
2020/10/28 23:42:38:105

Connecting Started...

<<<----  [OUT]
2020/10/28 23:42:40:152

I can't connect with the passive [192.168.100.113/5000] error_code:10061 !

<<<----  [OUT]
2020/10/28 23:42:42:637

Connecting Started...

<<<----  [OUT]
2020/10/28 23:42:44:681

I can't connect with the passive [192.168.100.113/5000] error_code:10061 !

<<<----  [OUT]
2020/10/28 23:42:47:167

Connecting Started...

<<<----  [OUT]
2020/10/28 23:42:49:196

I can't connect with the passive [192.168.100.113/5000] error_code:10061 !

<<<----  [OUT]
2020/10/28 23:42:51:682

Connecting Started...

<<<----  [OUT]
2020/10/28 23:42:53:713

I can't connect with the passive [192.168.100.113/5000] error_code:10061 !

<<<----  [OUT]
2020/10/28 23:42:56:199

Connecting Started...

<<<----  [OUT]
2020/10/28 23:42:58:256

I can't connect with the passive [192.168.100.113/5000] error_code:10061 !

<<<----  [OUT]
2020/10/28 23:43:00:745

Connecting Started...

<<<----  [OUT]
2020/10/28 23:43:02:791

I can't connect with the passive [192.168.100.113/5000] error_code:10061 !

<<<----  [OUT]
2020/10/28 23:43:05:277

Connecting Started...

<<<----  [OUT]
2020/10/28 23:43:07:325

I can't connect with the passive [192.168.100.113/5000] error_code:10061 !

<<<----  [OUT]
2020/10/28 23:43:09:809

Connecting Started...

<<<----  [OUT]
2020/10/28 23:43:11:853

I can't connect with the passive [192.168.100.113/5000] error_code:10061 !

<<<----  [OUT]
2020/10/28 23:43:14:340

Connecting Started...

<<<----  [OUT]
2020/10/28 23:43:16:355

I can't connect with the passive [192.168.100.113/5000] error_code:10061 !

<<<----  [OUT]
2020/10/28 23:43:18:839

Connecting Started...

<<<----  [OUT]
2020/10/28 23:43:20:891

I can't connect with the passive [192.168.100.113/5000] error_code:10061 !

<<<----  [OUT]
2020/10/28 23:43:23:371

Connecting Started...

<<<----  [OUT]
2020/10/28 23:43:25:407

I can't connect with the passive [192.168.100.113/5000] error_code:10061 !

<<<----  [OUT]
2020/10/28 23:43:27:885

Connecting Started...

<<<----  [OUT]
2020/10/28 23:43:29:936

I can't connect with the passive [192.168.100.113/5000] error_code:10061 !

<<<----  [OUT]
2020/10/28 23:43:32:418

Connecting Started...

<<<----  [OUT]
2020/10/28 23:43:34:473

I can't connect with the passive [192.168.100.113/5000] error_code:10061 !

<<<----  [OUT]
2020/10/28 23:43:36:965

Connecting Started...

<<<----  [OUT]
2020/10/28 23:43:39:020

I can't connect with the passive [192.168.100.113/5000] error_code:10061 !

<<<----  [OUT]
2020/10/28 23:43:41:512

Connecting Started...

<<<----  [OUT]
2020/10/28 23:43:43:560

I can't connect with the passive [192.168.100.113/5000] error_code:10061 !

<<<----  [OUT]
2020/10/28 23:43:46:042

Connecting Started...

<<<----  [OUT]
2020/10/28 23:43:48:094

I can't connect with the passive [192.168.100.113/5000] error_code:10061 !

<<<----  [OUT]
2020/10/28 23:43:50:573

Connecting Started...

<<<----  [OUT]
2020/10/28 23:43:52:620

I can't connect with the passive [192.168.100.113/5000] error_code:10061 !

<<<----  [OUT]
2020/10/28 23:43:55:105

Connecting Started...

<<<----  [OUT]
2020/10/28 23:43:57:153

I can't connect with the passive [192.168.100.113/5000] error_code:10061 !

<<<----  [OUT]
2020/10/28 23:43:59:637

Connecting Started...

<<<----  [OUT]
2020/10/28 23:44:01:680

I can't connect with the passive [192.168.100.113/5000] error_code:10061 !

<<<----  [OUT]
2020/10/28 23:44:04:166

Connecting Started...

<<<----  [OUT]
2020/10/28 23:44:06:220

I can't connect with the passive [192.168.100.113/5000] error_code:10061 !

<<<----  [OUT]
2020/10/28 23:44:08:698

Connecting Started...

<<<----  [OUT]
2020/10/28 23:44:10:724

I can't connect with the passive [192.168.100.113/5000] error_code:10061 !

<<<----  [OUT]
2020/10/28 23:44:13:213

Connecting Started...

<<<----  [OUT]
2020/10/28 23:44:15:268

I can't connect with the passive [192.168.100.113/5000] error_code:10061 !

<<<----  [OUT]
2020/10/28 23:44:17:746

Connecting Started...

<<<----  [OUT]
2020/10/28 23:44:19:799

I can't connect with the passive [192.168.100.113/5000] error_code:10061 !

<<<----  [OUT]
2020/10/28 23:44:22:276

Connecting Started...

<<<----  [OUT]
2020/10/28 23:44:24:326

I can't connect with the passive [192.168.100.113/5000] error_code:10061 !

<<<----  [OUT]
2020/10/28 23:44:26:808

Connecting Started...

<<<----  [OUT]
2020/10/28 23:44:28:853

I can't connect with the passive [192.168.100.113/5000] error_code:10061 !

<<<----  [OUT]
2020/10/28 23:44:31:339

Connecting Started...

<<<----  [OUT]
2020/10/28 23:44:33:384

I can't connect with the passive [192.168.100.113/5000] error_code:10061 !

<<<----  [OUT]
2020/10/28 23:44:35:870

Connecting Started...

<<<----  [OUT]
2020/10/28 23:44:37:901

I can't connect with the passive [192.168.100.113/5000] error_code:10061 !

<<<----  [OUT]
2020/10/28 23:44:40:386

Connecting Started...

<<<----  [OUT]
2020/10/28 23:44:42:430

I can't connect with the passive [192.168.100.113/5000] error_code:10061 !

<<<----  [OUT]
2020/10/28 23:44:44:917

Connecting Started...

<<<----  [OUT]
2020/10/28 23:44:46:954

I can't connect with the passive [192.168.100.113/5000] error_code:10061 !

<<<----  [OUT]
2020/10/28 23:44:49:432

Connecting Started...

<<<----  [OUT]
2020/10/28 23:44:51:471

I can't connect with the passive [192.168.100.113/5000] error_code:10061 !

<<<----  [OUT]
2020/10/28 23:44:53:949

Connecting Started...

<<<----  [OUT]
2020/10/28 23:44:56:002

I can't connect with the passive [192.168.100.113/5000] error_code:10061 !

<<<----  [OUT]
2020/10/28 23:44:58:480

Connecting Started...

<<<----  [OUT]
2020/10/28 23:45:00:513

I can't connect with the passive [192.168.100.113/5000] error_code:10061 !

<<<----  [OUT]
2020/10/28 23:45:02:996

Connecting Started...

<<<----  [OUT]
2020/10/28 23:45:05:027

I can't connect with the passive [192.168.100.113/5000] error_code:10061 !

<<<----  [OUT]
2020/10/28 23:45:07:511

Connecting Started...

<<<----  [OUT]
2020/10/28 23:45:09:533

I can't connect with the passive [192.168.100.113/5000] error_code:10061 !

<<<----  [OUT]
2020/10/28 23:45:12:011

Connecting Started...

<<<----  [OUT]
2020/10/28 23:45:14:050

I can't connect with the passive [192.168.100.113/5000] error_code:10061 !

<<<----  [OUT]
2020/10/28 23:45:16:527

Connecting Started...

<<<----  [OUT]
2020/10/28 23:45:18:576

I can't connect with the passive [192.168.100.113/5000] error_code:10061 !

<<<----  [OUT]
2020/10/28 23:45:21:057

Connecting Started...

<<<----  [OUT]
2020/10/28 23:45:23:098

I can't connect with the passive [192.168.100.113/5000] error_code:10061 !

<<<----  [OUT]
2020/10/28 23:45:25:589

Connecting Started...

<<<----  [OUT]
2020/10/28 23:45:27:629

I can't connect with the passive [192.168.100.113/5000] error_code:10061 !

<<<----  [OUT]
2020/10/28 23:45:30:120

Connecting Started...

<<<----  [OUT]
2020/10/28 23:45:32:162

I can't connect with the passive [192.168.100.113/5000] error_code:10061 !

<<<----  [OUT]
2020/10/28 23:45:34:652

Connecting Started...

<<<----  [OUT]
2020/10/28 23:45:36:698

I can't connect with the passive [192.168.100.113/5000] error_code:10061 !

<<<----  [OUT]
2020/10/28 23:45:39:183

Connecting Started...

<<<----  [OUT]
2020/10/28 23:45:41:227

I can't connect with the passive [192.168.100.113/5000] error_code:10061 !

<<<----  [OUT]
2020/10/28 23:45:43:714

Connecting Started...

<<<----  [OUT]
2020/10/28 23:45:45:757

I can't connect with the passive [192.168.100.113/5000] error_code:10061 !

<<<----  [OUT]
2020/10/28 23:45:48:245

Connecting Started...

<<<----  [OUT]
2020/10/28 23:45:50:299

I can't connect with the passive [192.168.100.113/5000] error_code:10061 !

<<<----  [OUT]
2020/10/28 23:45:52:777

Connecting Started...

<<<----  [OUT]
2020/10/28 23:45:54:823

I can't connect with the passive [192.168.100.113/5000] error_code:10061 !

<<<----  [OUT]
2020/10/28 23:45:57:309

Connecting Started...

<<<----  [OUT]
2020/10/28 23:45:59:360

I can't connect with the passive [192.168.100.113/5000] error_code:10061 !

<<<----  [OUT]
2020/10/28 23:46:01:839

Connecting Started...

<<<----  [OUT]
2020/10/28 23:46:03:881

I can't connect with the passive [192.168.100.113/5000] error_code:10061 !

<<<----  [OUT]
2020/10/28 23:46:06:370

Connecting Started...

<<<----  [OUT]
2020/10/28 23:46:08:414

I can't connect with the passive [192.168.100.113/5000] error_code:10061 !

<<<----  [OUT]
2020/10/28 23:46:10:903

Connecting Started...

<<<----  [OUT]
2020/10/28 23:46:12:944

I can't connect with the passive [192.168.100.113/5000] error_code:10061 !

<<<----  [OUT]
2020/10/28 23:46:15:433

Connecting Started...

<<<----  [OUT]
2020/10/28 23:46:17:480

I can't connect with the passive [192.168.100.113/5000] error_code:10061 !

<<<----  [OUT]
2020/10/28 23:46:19:964

Connecting Started...

<<<----  [OUT]
2020/10/28 23:46:22:008

I can't connect with the passive [192.168.100.113/5000] error_code:10061 !

<<<----  [OUT]
2020/10/28 23:46:24:496

Connecting Started...

<<<----  [OUT]
2020/10/28 23:46:26:548

I can't connect with the passive [192.168.100.113/5000] error_code:10061 !

<<<----  [OUT]
2020/10/28 23:46:29:027

Connecting Started...

<<<----  [OUT]
2020/10/28 23:46:31:073

I can't connect with the passive [192.168.100.113/5000] error_code:10061 !

<<<----  [OUT]
2020/10/28 23:46:33:558

Connecting Started...

<<<----  [OUT]
2020/10/28 23:46:35:614

I can't connect with the passive [192.168.100.113/5000] error_code:10061 !

<<<----  [OUT]
2020/10/28 23:46:38:105

Connecting Started...

<<<----  [OUT]
2020/10/28 23:46:40:156

I can't connect with the passive [192.168.100.113/5000] error_code:10061 !

<<<----  [OUT]
2020/10/28 23:46:42:636

Connecting Started...

<<<----  [OUT]
2020/10/28 23:46:44:682

I can't connect with the passive [192.168.100.113/5000] error_code:10061 !

<<<----  [OUT]
2020/10/28 23:46:47:167

Connecting Started...

<<<----  [OUT]
2020/10/28 23:46:49:204

I can't connect with the passive [192.168.100.113/5000] error_code:10061 !

<<<----  [OUT]
2020/10/28 23:46:51:683

Connecting Started...

<<<----  [OUT]
2020/10/28 23:46:53:727

I can't connect with the passive [192.168.100.113/5000] error_code:10061 !

<<<----  [OUT]
2020/10/28 23:46:56:214

Connecting Started...

<<<----  [OUT]
2020/10/28 23:46:58:272

I can't connect with the passive [192.168.100.113/5000] error_code:10061 !

<<<----  [OUT]
2020/10/28 23:47:00:761

Connecting Started...

<<<----  [OUT]
2020/10/28 23:47:21:802

I can't connect with the passive [192.168.100.113/5000] error_code:10060 !

<<<----  [OUT]
2020/10/28 23:47:24:292

Connecting Started...

<<<----  [OUT]
2020/10/28 23:47:45:333

I can't connect with the passive [192.168.100.113/5000] error_code:10060 !

<<<----  [OUT]
2020/10/28 23:47:47:824

Connecting Started...

<<<----  [OUT]
2020/10/28 23:48:08:874

I can't connect with the passive [192.168.100.113/5000] error_code:10060 !

<<<----  [OUT]
2020/10/28 23:48:11:356

Connecting Started...

<<<----  [OUT]
2020/10/28 23:48:32:397

I can't connect with the passive [192.168.100.113/5000] error_code:10060 !

<<<----  [OUT]
2020/10/28 23:48:34:887

Connecting Started...

<<<----  [OUT]
2020/10/28 23:48:55:923

I can't connect with the passive [192.168.100.113/5000] error_code:10060 !

<<<----  [OUT]
2020/10/28 23:48:58:402

Connecting Started...

<<<----  [OUT]
2020/10/28 23:49:19:449

I can't connect with the passive [192.168.100.113/5000] error_code:10060 !

<<<----  [OUT]
2020/10/28 23:49:21:933

Connecting Started...

<<<----  [OUT]
2020/10/28 23:49:42:987

I can't connect with the passive [192.168.100.113/5000] error_code:10060 !

<<<----  [OUT]
2020/10/28 23:49:45:465

Connecting Started...

<<<----  [OUT]
2020/10/28 23:50:06:490

I can't connect with the passive [192.168.100.113/5000] error_code:10060 !

<<<----  [OUT]
2020/10/28 23:50:08:979

Connecting Started...

<<<----  [OUT]
2020/10/28 23:50:30:018

I can't connect with the passive [192.168.100.113/5000] error_code:10060 !

<<<----  [OUT]
2020/10/28 23:50:32:495

Connecting Started...

<<<----  [OUT]
2020/10/28 23:50:53:528

I can't connect with the passive [192.168.100.113/5000] error_code:10060 !

<<<----  [OUT]
2020/10/28 23:50:56:012

Connecting Started...

<<<----  [OUT]
2020/10/28 23:51:17:058

I can't connect with the passive [192.168.100.113/5000] error_code:10060 !

<<<----  [OUT]
2020/10/28 23:51:19:542

Connecting Started...

<<<----  [OUT]
2020/10/28 23:51:40:579

I can't connect with the passive [192.168.100.113/5000] error_code:10060 !

<<<----  [OUT]
2020/10/28 23:51:43:058

Connecting Started...

<<<----  [OUT]
2020/10/28 23:52:04:092

I can't connect with the passive [192.168.100.113/5000] error_code:10060 !

<<<----  [OUT]
2020/10/28 23:52:06:573

Connecting Started...

<<<----  [OUT]
2020/10/28 23:52:27:630

I can't connect with the passive [192.168.100.113/5000] error_code:10060 !

<<<----  [OUT]
2020/10/28 23:52:30:120

Connecting Started...

<<<----  [OUT]
2020/10/28 23:52:51:151

I can't connect with the passive [192.168.100.113/5000] error_code:10060 !

<<<----  [OUT]
2020/10/28 23:52:53:637

Connecting Started...

<<<----  [OUT]
2020/10/28 23:53:14:662

I can't connect with the passive [192.168.100.113/5000] error_code:10060 !

<<<----  [OUT]
2020/10/28 23:53:17:151

Connecting Started...

<<<----  [OUT]
2020/10/28 23:53:38:196

I can't connect with the passive [192.168.100.113/5000] error_code:10060 !

<<<----  [OUT]
2020/10/28 23:53:40:682

Connecting Started...

<<<----  [OUT]
2020/10/28 23:54:01:717

I can't connect with the passive [192.168.100.113/5000] error_code:10060 !

<<<----  [OUT]
2020/10/28 23:54:04:200

Connecting Started...

<<<----  [OUT]
2020/10/28 23:54:25:239

I can't connect with the passive [192.168.100.113/5000] error_code:10060 !

<<<----  [OUT]
2020/10/28 23:54:27:730

Connecting Started...

<<<----  [OUT]
2020/10/28 23:54:48:759

I can't connect with the passive [192.168.100.113/5000] error_code:10060 !

<<<----  [OUT]
2020/10/28 23:54:51:245

Connecting Started...

<<<----  [OUT]
2020/10/28 23:55:12:290

I can't connect with the passive [192.168.100.113/5000] error_code:10060 !

<<<----  [OUT]
2020/10/28 23:55:14:777

Connecting Started...

<<<----  [OUT]
2020/10/28 23:55:35:814

I can't connect with the passive [192.168.100.113/5000] error_code:10060 !

<<<----  [OUT]
2020/10/28 23:55:38:292

Connecting Started...

<<<----  [OUT]
2020/10/28 23:55:59:337

I can't connect with the passive [192.168.100.113/5000] error_code:10060 !

<<<----  [OUT]
2020/10/28 23:56:01:824

Connecting Started...

<<<----  [OUT]
2020/10/28 23:56:22:852

I can't connect with the passive [192.168.100.113/5000] error_code:10060 !

<<<----  [OUT]
2020/10/28 23:56:25:338

Connecting Started...

<<<----  [OUT]
2020/10/28 23:56:46:364

I can't connect with the passive [192.168.100.113/5000] error_code:10060 !

<<<----  [OUT]
2020/10/28 23:56:48:854

Connecting Started...

<<<----  [OUT]
2020/10/28 23:57:09:905

I can't connect with the passive [192.168.100.113/5000] error_code:10060 !

<<<----  [OUT]
2020/10/28 23:57:12:386

Connecting Started...

<<<----  [OUT]
2020/10/28 23:57:33:429

I can't connect with the passive [192.168.100.113/5000] error_code:10060 !

<<<----  [OUT]
2020/10/28 23:57:35:917

Connecting Started...

<<<----  [OUT]
2020/10/28 23:57:56:978

I can't connect with the passive [192.168.100.113/5000] error_code:10060 !

<<<----  [OUT]
2020/10/28 23:57:59:464

Connecting Started...

<<<----  [OUT]
2020/10/28 23:58:20:499

I can't connect with the passive [192.168.100.113/5000] error_code:10060 !

<<<----  [OUT]
2020/10/28 23:58:22:981

Connecting Started...

<<<----  [OUT]
2020/10/28 23:58:44:010

I can't connect with the passive [192.168.100.113/5000] error_code:10060 !

<<<----  [OUT]
2020/10/28 23:58:46:495

Connecting Started...

<<<----  [OUT]
2020/10/28 23:59:07:533

I can't connect with the passive [192.168.100.113/5000] error_code:10060 !

<<<----  [OUT]
2020/10/28 23:59:10:011

Connecting Started...

<<<----  [OUT]
2020/10/28 23:59:31:043

I can't connect with the passive [192.168.100.113/5000] error_code:10060 !

<<<----  [OUT]
2020/10/28 23:59:33:527

Connecting Started...

<<<----  [OUT]
2020/10/28 23:59:54:577

I can't connect with the passive [192.168.100.113/5000] error_code:10060 !

<<<----  [OUT]
2020/10/28 23:59:57:057

Connecting Started...
