
<<<----  [OUT]
2020/10/28 20:00:00:168

Connecting Started...

<<<----  [OUT]
2020/10/28 20:00:02:213

I can't connect with the passive [192.168.100.113/5000] error_code:10061 !

<<<----  [OUT]
2020/10/28 20:00:04:698

Connecting Started...

<<<----  [OUT]
2020/10/28 20:00:06:737

I can't connect with the passive [192.168.100.113/5000] error_code:10061 !

<<<----  [OUT]
2020/10/28 20:00:09:215

Connecting Started...

<<<----  [OUT]
2020/10/28 20:00:11:270

I can't connect with the passive [192.168.100.113/5000] error_code:10061 !

<<<----  [OUT]
2020/10/28 20:00:13:762

Connecting Started...

<<<----  [OUT]
2020/10/28 20:00:15:812

I can't connect with the passive [192.168.100.113/5000] error_code:10061 !

<<<----  [OUT]
2020/10/28 20:00:18:292

Connecting Started...

<<<----  [OUT]
2020/10/28 20:00:20:335

I can't connect with the passive [192.168.100.113/5000] error_code:10061 !

<<<----  [OUT]
2020/10/28 20:00:22:824

Connecting Started...

<<<----  [OUT]
2020/10/28 20:00:24:871

I can't connect with the passive [192.168.100.113/5000] error_code:10061 !

<<<----  [OUT]
2020/10/28 20:00:27:356

Connecting Started...

<<<----  [OUT]
2020/10/28 20:00:29:405

I can't connect with the passive [192.168.100.113/5000] error_code:10061 !

<<<----  [OUT]
2020/10/28 20:00:31:885

Connecting Started...

<<<----  [OUT]
2020/10/28 20:00:33:936

I can't connect with the passive [192.168.100.113/5000] error_code:10061 !

<<<----  [OUT]
2020/10/28 20:00:36:417

Connecting Started...

<<<----  [OUT]
2020/10/28 20:00:38:458

I can't connect with the passive [192.168.100.113/5000] error_code:10061 !

<<<----  [OUT]
2020/10/28 20:00:40:949

Connecting Started...

<<<----  [OUT]
2020/10/28 20:00:42:989

I can't connect with the passive [192.168.100.113/5000] error_code:10061 !

<<<----  [OUT]
2020/10/28 20:00:45:479

Connecting Started...

<<<----  [OUT]
2020/10/28 20:00:47:529

I can't connect with the passive [192.168.100.113/5000] error_code:10061 !

<<<----  [OUT]
2020/10/28 20:00:50:012

Connecting Started...

<<<----  [OUT]
2020/10/28 20:00:52:048

I can't connect with the passive [192.168.100.113/5000] error_code:10061 !

<<<----  [OUT]
2020/10/28 20:00:54:526

Connecting Started...

<<<----  [OUT]
2020/10/28 20:00:56:568

I can't connect with the passive [192.168.100.113/5000] error_code:10061 !

<<<----  [OUT]
2020/10/28 20:00:59:059

Connecting Started...

<<<----  [OUT]
2020/10/28 20:01:01:100

I can't connect with the passive [192.168.100.113/5000] error_code:10061 !

<<<----  [OUT]
2020/10/28 20:01:03:590

Connecting Started...

<<<----  [OUT]
2020/10/28 20:01:05:638

I can't connect with the passive [192.168.100.113/5000] error_code:10061 !

<<<----  [OUT]
2020/10/28 20:01:08:120

Connecting Started...

<<<----  [OUT]
2020/10/28 20:01:10:163

I can't connect with the passive [192.168.100.113/5000] error_code:10061 !

<<<----  [OUT]
2020/10/28 20:01:12:652

Connecting Started...

<<<----  [OUT]
2020/10/28 20:01:14:692

I can't connect with the passive [192.168.100.113/5000] error_code:10061 !

<<<----  [OUT]
2020/10/28 20:01:17:183

Connecting Started...

<<<----  [OUT]
2020/10/28 20:01:19:230

I can't connect with the passive [192.168.100.113/5000] error_code:10061 !

<<<----  [OUT]
2020/10/28 20:01:21:714

Connecting Started...

<<<----  [OUT]
2020/10/28 20:01:23:757

I can't connect with the passive [192.168.100.113/5000] error_code:10061 !

<<<----  [OUT]
2020/10/28 20:01:26:246

Connecting Started...

<<<----  [OUT]
2020/10/28 20:01:28:284

I can't connect with the passive [192.168.100.113/5000] error_code:10061 !

<<<----  [OUT]
2020/10/28 20:01:30:762

Connecting Started...

<<<----  [OUT]
2020/10/28 20:01:32:801

I can't connect with the passive [192.168.100.113/5000] error_code:10061 !

<<<----  [OUT]
2020/10/28 20:01:35:293

Connecting Started...

<<<----  [OUT]
2020/10/28 20:01:37:347

I can't connect with the passive [192.168.100.113/5000] error_code:10061 !

<<<----  [OUT]
2020/10/28 20:01:39:824

Connecting Started...

<<<----  [OUT]
2020/10/28 20:01:41:859

I can't connect with the passive [192.168.100.113/5000] error_code:10061 !

<<<----  [OUT]
2020/10/28 20:01:44:339

Connecting Started...

<<<----  [OUT]
2020/10/28 20:01:46:365

I can't connect with the passive [192.168.100.113/5000] error_code:10061 !

<<<----  [OUT]
2020/10/28 20:01:48:856

Connecting Started...

<<<----  [OUT]
2020/10/28 20:01:50:890

I can't connect with the passive [192.168.100.113/5000] error_code:10061 !

<<<----  [OUT]
2020/10/28 20:01:53:369

Connecting Started...

<<<----  [OUT]
2020/10/28 20:01:55:421

I can't connect with the passive [192.168.100.113/5000] error_code:10061 !

<<<----  [OUT]
2020/10/28 20:01:57:901

Connecting Started...

<<<----  [OUT]
2020/10/28 20:01:59:935

I can't connect with the passive [192.168.100.113/5000] error_code:10061 !

<<<----  [OUT]
2020/10/28 20:02:02:418

Connecting Started...

<<<----  [OUT]
2020/10/28 20:02:04:462

I can't connect with the passive [192.168.100.113/5000] error_code:10061 !

<<<----  [OUT]
2020/10/28 20:02:06:948

Connecting Started...

<<<----  [OUT]
2020/10/28 20:02:08:994

I can't connect with the passive [192.168.100.113/5000] error_code:10061 !

<<<----  [OUT]
2020/10/28 20:02:11:480

Connecting Started...

<<<----  [OUT]
2020/10/28 20:02:13:526

I can't connect with the passive [192.168.100.113/5000] error_code:10061 !

<<<----  [OUT]
2020/10/28 20:02:16:011

Connecting Started...

<<<----  [OUT]
2020/10/28 20:02:18:052

I can't connect with the passive [192.168.100.113/5000] error_code:10061 !

<<<----  [OUT]
2020/10/28 20:02:20:542

Connecting Started...

<<<----  [OUT]
2020/10/28 20:02:22:598

I can't connect with the passive [192.168.100.113/5000] error_code:10061 !

<<<----  [OUT]
2020/10/28 20:02:25:090

Connecting Started...

<<<----  [OUT]
2020/10/28 20:02:27:140

I can't connect with the passive [192.168.100.113/5000] error_code:10061 !

<<<----  [OUT]
2020/10/28 20:02:29:621

Connecting Started...

<<<----  [OUT]
2020/10/28 20:02:31:660

I can't connect with the passive [192.168.100.113/5000] error_code:10061 !

<<<----  [OUT]
2020/10/28 20:02:34:151

Connecting Started...

<<<----  [OUT]
2020/10/28 20:02:36:203

I can't connect with the passive [192.168.100.113/5000] error_code:10061 !

<<<----  [OUT]
2020/10/28 20:02:38:683

Connecting Started...

<<<----  [OUT]
2020/10/28 20:02:40:734

I can't connect with the passive [192.168.100.113/5000] error_code:10061 !

<<<----  [OUT]
2020/10/28 20:02:43:213

Connecting Started...

<<<----  [OUT]
2020/10/28 20:02:45:257

I can't connect with the passive [192.168.100.113/5000] error_code:10061 !

<<<----  [OUT]
2020/10/28 20:02:47:746

Connecting Started...

<<<----  [OUT]
2020/10/28 20:02:49:801

I can't connect with the passive [192.168.100.113/5000] error_code:10061 !

<<<----  [OUT]
2020/10/28 20:02:52:276

Connecting Started...

<<<----  [OUT]
2020/10/28 20:02:54:316

I can't connect with the passive [192.168.100.113/5000] error_code:10061 !

<<<----  [OUT]
2020/10/28 20:02:56:792

Connecting Started...

<<<----  [OUT]
2020/10/28 20:02:58:831

I can't connect with the passive [192.168.100.113/5000] error_code:10061 !

<<<----  [OUT]
2020/10/28 20:03:01:308

Connecting Started...

<<<----  [OUT]
2020/10/28 20:03:03:362

I can't connect with the passive [192.168.100.113/5000] error_code:10061 !

<<<----  [OUT]
2020/10/28 20:03:05:840

Connecting Started...

<<<----  [OUT]
2020/10/28 20:03:07:884

I can't connect with the passive [192.168.100.113/5000] error_code:10061 !

<<<----  [OUT]
2020/10/28 20:03:10:370

Connecting Started...

<<<----  [OUT]
2020/10/28 20:03:12:419

I can't connect with the passive [192.168.100.113/5000] error_code:10061 !

<<<----  [OUT]
2020/10/28 20:03:14:902

Connecting Started...

<<<----  [OUT]
2020/10/28 20:03:16:941

I can't connect with the passive [192.168.100.113/5000] error_code:10061 !

<<<----  [OUT]
2020/10/28 20:03:19:416

Connecting Started...

<<<----  [OUT]
2020/10/28 20:03:21:467

I can't connect with the passive [192.168.100.113/5000] error_code:10061 !

<<<----  [OUT]
2020/10/28 20:03:23:948

Connecting Started...

<<<----  [OUT]
2020/10/28 20:03:25:993

I can't connect with the passive [192.168.100.113/5000] error_code:10061 !

<<<----  [OUT]
2020/10/28 20:03:28:480

Connecting Started...

<<<----  [OUT]
2020/10/28 20:03:30:492

I can't connect with the passive [192.168.100.113/5000] error_code:10061 !

<<<----  [OUT]
2020/10/28 20:03:32:979

Connecting Started...

<<<----  [OUT]
2020/10/28 20:03:35:030

I can't connect with the passive [192.168.100.113/5000] error_code:10061 !

<<<----  [OUT]
2020/10/28 20:03:37:511

Connecting Started...

<<<----  [OUT]
2020/10/28 20:03:39:554

I can't connect with the passive [192.168.100.113/5000] error_code:10061 !

<<<----  [OUT]
2020/10/28 20:03:42:043

Connecting Started...

<<<----  [OUT]
2020/10/28 20:03:44:093

I can't connect with the passive [192.168.100.113/5000] error_code:10061 !

<<<----  [OUT]
2020/10/28 20:03:46:573

Connecting Started...

<<<----  [OUT]
2020/10/28 20:03:48:624

I can't connect with the passive [192.168.100.113/5000] error_code:10061 !

<<<----  [OUT]
2020/10/28 20:03:51:105

Connecting Started...

<<<----  [OUT]
2020/10/28 20:03:53:149

I can't connect with the passive [192.168.100.113/5000] error_code:10061 !

<<<----  [OUT]
2020/10/28 20:03:55:637

Connecting Started...

<<<----  [OUT]
2020/10/28 20:03:57:688

I can't connect with the passive [192.168.100.113/5000] error_code:10061 !

<<<----  [OUT]
2020/10/28 20:04:00:168

Connecting Started...

<<<----  [OUT]
2020/10/28 20:04:02:208

I can't connect with the passive [192.168.100.113/5000] error_code:10061 !

<<<----  [OUT]
2020/10/28 20:04:04:698

Connecting Started...

<<<----  [OUT]
2020/10/28 20:04:06:735

I can't connect with the passive [192.168.100.113/5000] error_code:10061 !

<<<----  [OUT]
2020/10/28 20:04:09:214

Connecting Started...

<<<----  [OUT]
2020/10/28 20:04:11:243

I can't connect with the passive [192.168.100.113/5000] error_code:10061 !

<<<----  [OUT]
2020/10/28 20:04:13:730

Connecting Started...

<<<----  [OUT]
2020/10/28 20:04:15:775

I can't connect with the passive [192.168.100.113/5000] error_code:10061 !

<<<----  [OUT]
2020/10/28 20:04:18:261

Connecting Started...

<<<----  [OUT]
2020/10/28 20:04:20:314

I can't connect with the passive [192.168.100.113/5000] error_code:10061 !

<<<----  [OUT]
2020/10/28 20:04:22:793

Connecting Started...

<<<----  [OUT]
2020/10/28 20:04:24:836

I can't connect with the passive [192.168.100.113/5000] error_code:10061 !

<<<----  [OUT]
2020/10/28 20:04:27:324

Connecting Started...

<<<----  [OUT]
2020/10/28 20:04:29:374

I can't connect with the passive [192.168.100.113/5000] error_code:10061 !

<<<----  [OUT]
2020/10/28 20:04:31:855

Connecting Started...

<<<----  [OUT]
2020/10/28 20:04:33:900

I can't connect with the passive [192.168.100.113/5000] error_code:10061 !

<<<----  [OUT]
2020/10/28 20:04:36:387

Connecting Started...

<<<----  [OUT]
2020/10/28 20:04:38:435

I can't connect with the passive [192.168.100.113/5000] error_code:10061 !

<<<----  [OUT]
2020/10/28 20:04:40:917

Connecting Started...

<<<----  [OUT]
2020/10/28 20:04:42:944

I can't connect with the passive [192.168.100.113/5000] error_code:10061 !

<<<----  [OUT]
2020/10/28 20:04:45:433

Connecting Started...

<<<----  [OUT]
2020/10/28 20:04:47:470

I can't connect with the passive [192.168.100.113/5000] error_code:10061 !

<<<----  [OUT]
2020/10/28 20:04:49:949

Connecting Started...

<<<----  [OUT]
2020/10/28 20:04:51:988

I can't connect with the passive [192.168.100.113/5000] error_code:10061 !

<<<----  [OUT]
2020/10/28 20:04:54:464

Connecting Started...

<<<----  [OUT]
2020/10/28 20:04:56:516

I can't connect with the passive [192.168.100.113/5000] error_code:10061 !

<<<----  [OUT]
2020/10/28 20:04:58:996

Connecting Started...

<<<----  [OUT]
2020/10/28 20:05:01:042

I can't connect with the passive [192.168.100.113/5000] error_code:10061 !

<<<----  [OUT]
2020/10/28 20:05:03:526

Connecting Started...

<<<----  [OUT]
2020/10/28 20:05:05:589

I can't connect with the passive [192.168.100.113/5000] error_code:10061 !

<<<----  [OUT]
2020/10/28 20:05:08:073

Connecting Started...

<<<----  [OUT]
2020/10/28 20:05:10:132

I can't connect with the passive [192.168.100.113/5000] error_code:10061 !

<<<----  [OUT]
2020/10/28 20:05:12:620

Connecting Started...

<<<----  [OUT]
2020/10/28 20:05:14:660

I can't connect with the passive [192.168.100.113/5000] error_code:10061 !

<<<----  [OUT]
2020/10/28 20:05:17:151

Connecting Started...

<<<----  [OUT]
2020/10/28 20:05:19:194

I can't connect with the passive [192.168.100.113/5000] error_code:10061 !

<<<----  [OUT]
2020/10/28 20:05:21:684

Connecting Started...

<<<----  [OUT]
2020/10/28 20:05:23:738

I can't connect with the passive [192.168.100.113/5000] error_code:10061 !

<<<----  [OUT]
2020/10/28 20:05:26:214

Connecting Started...

<<<----  [OUT]
2020/10/28 20:05:28:258

I can't connect with the passive [192.168.100.113/5000] error_code:10061 !

<<<----  [OUT]
2020/10/28 20:05:30:746

Connecting Started...

<<<----  [OUT]
2020/10/28 20:05:32:794

I can't connect with the passive [192.168.100.113/5000] error_code:10061 !

<<<----  [OUT]
2020/10/28 20:05:35:277

Connecting Started...

<<<----  [OUT]
2020/10/28 20:05:37:312

I can't connect with the passive [192.168.100.113/5000] error_code:10061 !

<<<----  [OUT]
2020/10/28 20:05:39:791

Connecting Started...

<<<----  [OUT]
2020/10/28 20:05:41:828

I can't connect with the passive [192.168.100.113/5000] error_code:10061 !

<<<----  [OUT]
2020/10/28 20:05:44:308

Connecting Started...

<<<----  [OUT]
2020/10/28 20:05:46:360

I can't connect with the passive [192.168.100.113/5000] error_code:10061 !

<<<----  [OUT]
2020/10/28 20:05:48:838

Connecting Started...

<<<----  [OUT]
2020/10/28 20:05:50:875

I can't connect with the passive [192.168.100.113/5000] error_code:10061 !

<<<----  [OUT]
2020/10/28 20:05:53:354

Connecting Started...

<<<----  [OUT]
2020/10/28 20:05:55:399

I can't connect with the passive [192.168.100.113/5000] error_code:10061 !

<<<----  [OUT]
2020/10/28 20:05:57:886

Connecting Started...

<<<----  [OUT]
2020/10/28 20:05:59:937

I can't connect with the passive [192.168.100.113/5000] error_code:10061 !

<<<----  [OUT]
2020/10/28 20:06:02:417

Connecting Started...

<<<----  [OUT]
2020/10/28 20:06:04:459

I can't connect with the passive [192.168.100.113/5000] error_code:10061 !

<<<----  [OUT]
2020/10/28 20:06:06:948

Connecting Started...

<<<----  [OUT]
2020/10/28 20:06:08:983

I can't connect with the passive [192.168.100.113/5000] error_code:10061 !

<<<----  [OUT]
2020/10/28 20:06:11:465

Connecting Started...

<<<----  [OUT]
2020/10/28 20:06:13:507

I can't connect with the passive [192.168.100.113/5000] error_code:10061 !

<<<----  [OUT]
2020/10/28 20:06:15:996

Connecting Started...

<<<----  [OUT]
2020/10/28 20:06:18:042

I can't connect with the passive [192.168.100.113/5000] error_code:10061 !

<<<----  [OUT]
2020/10/28 20:06:20:527

Connecting Started...

<<<----  [OUT]
2020/10/28 20:06:22:579

I can't connect with the passive [192.168.100.113/5000] error_code:10061 !

<<<----  [OUT]
2020/10/28 20:06:25:057

Connecting Started...

<<<----  [OUT]
2020/10/28 20:06:27:113

I can't connect with the passive [192.168.100.113/5000] error_code:10061 !

<<<----  [OUT]
2020/10/28 20:06:29:589

Connecting Started...

<<<----  [OUT]
2020/10/28 20:06:31:632

I can't connect with the passive [192.168.100.113/5000] error_code:10061 !

<<<----  [OUT]
2020/10/28 20:06:34:121

Connecting Started...

<<<----  [OUT]
2020/10/28 20:06:36:162

I can't connect with the passive [192.168.100.113/5000] error_code:10061 !

<<<----  [OUT]
2020/10/28 20:06:38:652

Connecting Started...

<<<----  [OUT]
2020/10/28 20:06:40:692

I can't connect with the passive [192.168.100.113/5000] error_code:10061 !

<<<----  [OUT]
2020/10/28 20:06:43:184

Connecting Started...

<<<----  [OUT]
2020/10/28 20:06:45:231

I can't connect with the passive [192.168.100.113/5000] error_code:10061 !

<<<----  [OUT]
2020/10/28 20:06:47:714

Connecting Started...

<<<----  [OUT]
2020/10/28 20:06:49:759

I can't connect with the passive [192.168.100.113/5000] error_code:10061 !

<<<----  [OUT]
2020/10/28 20:06:52:245

Connecting Started...

<<<----  [OUT]
2020/10/28 20:06:54:280

I can't connect with the passive [192.168.100.113/5000] error_code:10061 !

<<<----  [OUT]
2020/10/28 20:06:56:760

Connecting Started...

<<<----  [OUT]
2020/10/28 20:06:58:803

I can't connect with the passive [192.168.100.113/5000] error_code:10061 !

<<<----  [OUT]
2020/10/28 20:07:01:293

Connecting Started...

<<<----  [OUT]
2020/10/28 20:07:03:334

I can't connect with the passive [192.168.100.113/5000] error_code:10061 !

<<<----  [OUT]
2020/10/28 20:07:05:823

Connecting Started...

<<<----  [OUT]
2020/10/28 20:07:07:880

I can't connect with the passive [192.168.100.113/5000] error_code:10061 !

<<<----  [OUT]
2020/10/28 20:07:10:371

Connecting Started...

<<<----  [OUT]
2020/10/28 20:07:12:429

I can't connect with the passive [192.168.100.113/5000] error_code:10061 !

<<<----  [OUT]
2020/10/28 20:07:14:917

Connecting Started...

<<<----  [OUT]
2020/10/28 20:07:16:952

I can't connect with the passive [192.168.100.113/5000] error_code:10061 !

<<<----  [OUT]
2020/10/28 20:07:19:432

Connecting Started...

<<<----  [OUT]
2020/10/28 20:07:21:472

I can't connect with the passive [192.168.100.113/5000] error_code:10061 !

<<<----  [OUT]
2020/10/28 20:07:23:948

Connecting Started...

<<<----  [OUT]
2020/10/28 20:07:25:984

I can't connect with the passive [192.168.100.113/5000] error_code:10061 !

<<<----  [OUT]
2020/10/28 20:07:28:465

Connecting Started...

<<<----  [OUT]
2020/10/28 20:07:30:497

I can't connect with the passive [192.168.100.113/5000] error_code:10061 !

<<<----  [OUT]
2020/10/28 20:07:32:981

Connecting Started...

<<<----  [OUT]
2020/10/28 20:07:35:031

I can't connect with the passive [192.168.100.113/5000] error_code:10061 !

<<<----  [OUT]
2020/10/28 20:07:37:511

Connecting Started...

<<<----  [OUT]
2020/10/28 20:07:39:559

I can't connect with the passive [192.168.100.113/5000] error_code:10061 !

<<<----  [OUT]
2020/10/28 20:07:42:042

Connecting Started...

<<<----  [OUT]
2020/10/28 20:07:44:083

I can't connect with the passive [192.168.100.113/5000] error_code:10061 !

<<<----  [OUT]
2020/10/28 20:07:46:573

Connecting Started...

<<<----  [OUT]
2020/10/28 20:07:48:622

I can't connect with the passive [192.168.100.113/5000] error_code:10061 !

<<<----  [OUT]
2020/10/28 20:07:51:104

Connecting Started...

<<<----  [OUT]
2020/10/28 20:07:53:145

I can't connect with the passive [192.168.100.113/5000] error_code:10061 !

<<<----  [OUT]
2020/10/28 20:07:55:635

Connecting Started...

<<<----  [OUT]
2020/10/28 20:07:57:685

I can't connect with the passive [192.168.100.113/5000] error_code:10061 !

<<<----  [OUT]
2020/10/28 20:08:00:167

Connecting Started...

<<<----  [OUT]
2020/10/28 20:08:02:219

I can't connect with the passive [192.168.100.113/5000] error_code:10061 !

<<<----  [OUT]
2020/10/28 20:08:04:698

Connecting Started...

<<<----  [OUT]
2020/10/28 20:08:06:739

I can't connect with the passive [192.168.100.113/5000] error_code:10061 !

<<<----  [OUT]
2020/10/28 20:08:09:231

Connecting Started...

<<<----  [OUT]
2020/10/28 20:08:11:285

I can't connect with the passive [192.168.100.113/5000] error_code:10061 !

<<<----  [OUT]
2020/10/28 20:08:13:777

Connecting Started...

<<<----  [OUT]
2020/10/28 20:08:15:821

I can't connect with the passive [192.168.100.113/5000] error_code:10061 !

<<<----  [OUT]
2020/10/28 20:08:18:308

Connecting Started...

<<<----  [OUT]
2020/10/28 20:08:20:349

I can't connect with the passive [192.168.100.113/5000] error_code:10061 !

<<<----  [OUT]
2020/10/28 20:08:22:839

Connecting Started...

<<<----  [OUT]
2020/10/28 20:08:24:874

I can't connect with the passive [192.168.100.113/5000] error_code:10061 !

<<<----  [OUT]
2020/10/28 20:08:27:354

Connecting Started...

<<<----  [OUT]
2020/10/28 20:08:29:391

I can't connect with the passive [192.168.100.113/5000] error_code:10061 !

<<<----  [OUT]
2020/10/28 20:08:31:870

Connecting Started...

<<<----  [OUT]
2020/10/28 20:08:33:912

I can't connect with the passive [192.168.100.113/5000] error_code:10061 !

<<<----  [OUT]
2020/10/28 20:08:36:402

Connecting Started...

<<<----  [OUT]
2020/10/28 20:08:38:440

I can't connect with the passive [192.168.100.113/5000] error_code:10061 !

<<<----  [OUT]
2020/10/28 20:08:40:917

Connecting Started...

<<<----  [OUT]
2020/10/28 20:08:42:970

I can't connect with the passive [192.168.100.113/5000] error_code:10061 !

<<<----  [OUT]
2020/10/28 20:08:45:449

Connecting Started...

<<<----  [OUT]
2020/10/28 20:08:47:477

I can't connect with the passive [192.168.100.113/5000] error_code:10061 !

<<<----  [OUT]
2020/10/28 20:08:49:964

Connecting Started...

<<<----  [OUT]
2020/10/28 20:08:51:995

I can't connect with the passive [192.168.100.113/5000] error_code:10061 !

<<<----  [OUT]
2020/10/28 20:08:54:480

Connecting Started...

<<<----  [OUT]
2020/10/28 20:08:56:524

I can't connect with the passive [192.168.100.113/5000] error_code:10061 !

<<<----  [OUT]
2020/10/28 20:08:59:011

Connecting Started...

<<<----  [OUT]
2020/10/28 20:09:01:052

I can't connect with the passive [192.168.100.113/5000] error_code:10061 !

<<<----  [OUT]
2020/10/28 20:09:03:543

Connecting Started...

<<<----  [OUT]
2020/10/28 20:09:05:571

I can't connect with the passive [192.168.100.113/5000] error_code:10061 !

<<<----  [OUT]
2020/10/28 20:09:08:058

Connecting Started...

<<<----  [OUT]
2020/10/28 20:09:10:099

I can't connect with the passive [192.168.100.113/5000] error_code:10061 !

<<<----  [OUT]
2020/10/28 20:09:12:589

Connecting Started...

<<<----  [OUT]
2020/10/28 20:09:14:642

I can't connect with the passive [192.168.100.113/5000] error_code:10061 !

<<<----  [OUT]
2020/10/28 20:09:17:120

Connecting Started...

<<<----  [OUT]
2020/10/28 20:09:19:160

I can't connect with the passive [192.168.100.113/5000] error_code:10061 !

<<<----  [OUT]
2020/10/28 20:09:21:635

Connecting Started...

<<<----  [OUT]
2020/10/28 20:09:23:688

I can't connect with the passive [192.168.100.113/5000] error_code:10061 !

<<<----  [OUT]
2020/10/28 20:09:26:167

Connecting Started...

<<<----  [OUT]
2020/10/28 20:09:28:207

I can't connect with the passive [192.168.100.113/5000] error_code:10061 !

<<<----  [OUT]
2020/10/28 20:09:30:683

Connecting Started...

<<<----  [OUT]
2020/10/28 20:09:32:735

I can't connect with the passive [192.168.100.113/5000] error_code:10061 !

<<<----  [OUT]
2020/10/28 20:09:35:215

Connecting Started...

<<<----  [OUT]
2020/10/28 20:09:37:262

I can't connect with the passive [192.168.100.113/5000] error_code:10061 !

<<<----  [OUT]
2020/10/28 20:09:39:746

Connecting Started...

<<<----  [OUT]
2020/10/28 20:09:41:784

I can't connect with the passive [192.168.100.113/5000] error_code:10061 !

<<<----  [OUT]
2020/10/28 20:09:44:261

Connecting Started...

<<<----  [OUT]
2020/10/28 20:09:46:316

I can't connect with the passive [192.168.100.113/5000] error_code:10061 !

<<<----  [OUT]
2020/10/28 20:09:48:793

Connecting Started...

<<<----  [OUT]
2020/10/28 20:09:50:837

I can't connect with the passive [192.168.100.113/5000] error_code:10061 !

<<<----  [OUT]
2020/10/28 20:09:53:324

Connecting Started...

<<<----  [OUT]
2020/10/28 20:09:55:363

I can't connect with the passive [192.168.100.113/5000] error_code:10061 !

<<<----  [OUT]
2020/10/28 20:09:57:839

Connecting Started...

<<<----  [OUT]
2020/10/28 20:09:59:899

I can't connect with the passive [192.168.100.113/5000] error_code:10061 !

<<<----  [OUT]
2020/10/28 20:10:02:385

Connecting Started...

<<<----  [OUT]
2020/10/28 20:10:04:422

I can't connect with the passive [192.168.100.113/5000] error_code:10061 !

<<<----  [OUT]
2020/10/28 20:10:06:902

Connecting Started...

<<<----  [OUT]
2020/10/28 20:10:08:946

I can't connect with the passive [192.168.100.113/5000] error_code:10061 !

<<<----  [OUT]
2020/10/28 20:10:11:432

Connecting Started...

<<<----  [OUT]
2020/10/28 20:10:13:482

I can't connect with the passive [192.168.100.113/5000] error_code:10061 !

<<<----  [OUT]
2020/10/28 20:10:15:964

Connecting Started...

<<<----  [OUT]
2020/10/28 20:10:18:012

I can't connect with the passive [192.168.100.113/5000] error_code:10061 !

<<<----  [OUT]
2020/10/28 20:10:20:495

Connecting Started...

<<<----  [OUT]
2020/10/28 20:10:22:539

I can't connect with the passive [192.168.100.113/5000] error_code:10061 !

<<<----  [OUT]
2020/10/28 20:10:25:027

Connecting Started...

<<<----  [OUT]
2020/10/28 20:10:27:083

I can't connect with the passive [192.168.100.113/5000] error_code:10061 !

<<<----  [OUT]
2020/10/28 20:10:29:574

Connecting Started...

<<<----  [OUT]
2020/10/28 20:10:31:624

I can't connect with the passive [192.168.100.113/5000] error_code:10061 !

<<<----  [OUT]
2020/10/28 20:10:34:104

Connecting Started...

<<<----  [OUT]
2020/10/28 20:10:36:156

I can't connect with the passive [192.168.100.113/5000] error_code:10061 !

<<<----  [OUT]
2020/10/28 20:10:38:635

Connecting Started...

<<<----  [OUT]
2020/10/28 20:10:40:685

I can't connect with the passive [192.168.100.113/5000] error_code:10061 !

<<<----  [OUT]
2020/10/28 20:10:43:167

Connecting Started...

<<<----  [OUT]
2020/10/28 20:10:45:212

I can't connect with the passive [192.168.100.113/5000] error_code:10061 !

<<<----  [OUT]
2020/10/28 20:10:47:699

Connecting Started...

<<<----  [OUT]
2020/10/28 20:10:49:743

I can't connect with the passive [192.168.100.113/5000] error_code:10061 !

<<<----  [OUT]
2020/10/28 20:10:52:230

Connecting Started...

<<<----  [OUT]
2020/10/28 20:10:54:287

I can't connect with the passive [192.168.100.113/5000] error_code:10061 !

<<<----  [OUT]
2020/10/28 20:10:56:777

Connecting Started...

<<<----  [OUT]
2020/10/28 20:10:58:821

I can't connect with the passive [192.168.100.113/5000] error_code:10061 !

<<<----  [OUT]
2020/10/28 20:11:01:308

Connecting Started...

<<<----  [OUT]
2020/10/28 20:11:03:351

I can't connect with the passive [192.168.100.113/5000] error_code:10061 !

<<<----  [OUT]
2020/10/28 20:11:05:840

Connecting Started...

<<<----  [OUT]
2020/10/28 20:11:07:888

I can't connect with the passive [192.168.100.113/5000] error_code:10061 !

<<<----  [OUT]
2020/10/28 20:11:10:371

Connecting Started...

<<<----  [OUT]
2020/10/28 20:11:12:402

I can't connect with the passive [192.168.100.113/5000] error_code:10061 !

<<<----  [OUT]
2020/10/28 20:11:14:886

Connecting Started...

<<<----  [OUT]
2020/10/28 20:11:16:941

I can't connect with the passive [192.168.100.113/5000] error_code:10061 !

<<<----  [OUT]
2020/10/28 20:11:19:417

Connecting Started...

<<<----  [OUT]
2020/10/28 20:11:21:471

I can't connect with the passive [192.168.100.113/5000] error_code:10061 !

<<<----  [OUT]
2020/10/28 20:11:23:949

Connecting Started...

<<<----  [OUT]
2020/10/28 20:11:25:991

I can't connect with the passive [192.168.100.113/5000] error_code:10061 !

<<<----  [OUT]
2020/10/28 20:11:28:479

Connecting Started...

<<<----  [OUT]
2020/10/28 20:11:30:523

I can't connect with the passive [192.168.100.113/5000] error_code:10061 !

<<<----  [OUT]
2020/10/28 20:11:33:011

Connecting Started...

<<<----  [OUT]
2020/10/28 20:11:35:046

I can't connect with the passive [192.168.100.113/5000] error_code:10061 !

<<<----  [OUT]
2020/10/28 20:11:37:526

Connecting Started...

<<<----  [OUT]
2020/10/28 20:11:39:550

I can't connect with the passive [192.168.100.113/5000] error_code:10061 !

<<<----  [OUT]
2020/10/28 20:11:42:026

Connecting Started...

<<<----  [OUT]
2020/10/28 20:11:44:066

I can't connect with the passive [192.168.100.113/5000] error_code:10061 !

<<<----  [OUT]
2020/10/28 20:11:46:558

Connecting Started...

<<<----  [OUT]
2020/10/28 20:11:48:607

I can't connect with the passive [192.168.100.113/5000] error_code:10061 !

<<<----  [OUT]
2020/10/28 20:11:51:090

Connecting Started...

<<<----  [OUT]
2020/10/28 20:11:53:131

I can't connect with the passive [192.168.100.113/5000] error_code:10061 !

<<<----  [OUT]
2020/10/28 20:11:55:621

Connecting Started...

<<<----  [OUT]
2020/10/28 20:11:57:673

I can't connect with the passive [192.168.100.113/5000] error_code:10061 !

<<<----  [OUT]
2020/10/28 20:12:00:151

Connecting Started...

<<<----  [OUT]
2020/10/28 20:12:02:193

I can't connect with the passive [192.168.100.113/5000] error_code:10061 !

<<<----  [OUT]
2020/10/28 20:12:04:683

Connecting Started...

<<<----  [OUT]
2020/10/28 20:12:06:736

I can't connect with the passive [192.168.100.113/5000] error_code:10061 !

<<<----  [OUT]
2020/10/28 20:12:09:213

Connecting Started...

<<<----  [OUT]
2020/10/28 20:12:11:269

I can't connect with the passive [192.168.100.113/5000] error_code:10061 !

<<<----  [OUT]
2020/10/28 20:12:13:745

Connecting Started...

<<<----  [OUT]
2020/10/28 20:12:15:789

I can't connect with the passive [192.168.100.113/5000] error_code:10061 !

<<<----  [OUT]
2020/10/28 20:12:18:276

Connecting Started...

<<<----  [OUT]
2020/10/28 20:12:20:303

I can't connect with the passive [192.168.100.113/5000] error_code:10061 !

<<<----  [OUT]
2020/10/28 20:12:22:792

Connecting Started...

<<<----  [OUT]
2020/10/28 20:12:24:842

I can't connect with the passive [192.168.100.113/5000] error_code:10061 !

<<<----  [OUT]
2020/10/28 20:12:27:323

Connecting Started...

<<<----  [OUT]
2020/10/28 20:12:29:373

I can't connect with the passive [192.168.100.113/5000] error_code:10061 !

<<<----  [OUT]
2020/10/28 20:12:31:855

Connecting Started...

<<<----  [OUT]
2020/10/28 20:12:33:884

I can't connect with the passive [192.168.100.113/5000] error_code:10061 !

<<<----  [OUT]
2020/10/28 20:12:36:371

Connecting Started...

<<<----  [OUT]
2020/10/28 20:12:38:415

I can't connect with the passive [192.168.100.113/5000] error_code:10061 !

<<<----  [OUT]
2020/10/28 20:12:40:903

Connecting Started...

<<<----  [OUT]
2020/10/28 20:12:42:943

I can't connect with the passive [192.168.100.113/5000] error_code:10061 !

<<<----  [OUT]
2020/10/28 20:12:45:432

Connecting Started...

<<<----  [OUT]
2020/10/28 20:12:47:476

I can't connect with the passive [192.168.100.113/5000] error_code:10061 !

<<<----  [OUT]
2020/10/28 20:12:49:964

Connecting Started...

<<<----  [OUT]
2020/10/28 20:12:52:008

I can't connect with the passive [192.168.100.113/5000] error_code:10061 !

<<<----  [OUT]
2020/10/28 20:12:54:495

Connecting Started...

<<<----  [OUT]
2020/10/28 20:12:56:546

I can't connect with the passive [192.168.100.113/5000] error_code:10061 !

<<<----  [OUT]
2020/10/28 20:12:59:026

Connecting Started...

<<<----  [OUT]
2020/10/28 20:13:01:081

I can't connect with the passive [192.168.100.113/5000] error_code:10061 !

<<<----  [OUT]
2020/10/28 20:13:03:557

Connecting Started...

<<<----  [OUT]
2020/10/28 20:13:05:593

I can't connect with the passive [192.168.100.113/5000] error_code:10061 !

<<<----  [OUT]
2020/10/28 20:13:08:073

Connecting Started...

<<<----  [OUT]
2020/10/28 20:13:10:125

I can't connect with the passive [192.168.100.113/5000] error_code:10061 !

<<<----  [OUT]
2020/10/28 20:13:12:605

Connecting Started...

<<<----  [OUT]
2020/10/28 20:13:14:649

I can't connect with the passive [192.168.100.113/5000] error_code:10061 !

<<<----  [OUT]
2020/10/28 20:13:17:137

Connecting Started...

<<<----  [OUT]
2020/10/28 20:13:19:186

I can't connect with the passive [192.168.100.113/5000] error_code:10061 !

<<<----  [OUT]
2020/10/28 20:13:21:667

Connecting Started...

<<<----  [OUT]
2020/10/28 20:13:23:711

I can't connect with the passive [192.168.100.113/5000] error_code:10061 !

<<<----  [OUT]
2020/10/28 20:13:26:199

Connecting Started...

<<<----  [OUT]
2020/10/28 20:13:28:257

I can't connect with the passive [192.168.100.113/5000] error_code:10061 !

<<<----  [OUT]
2020/10/28 20:13:30:746

Connecting Started...

<<<----  [OUT]
2020/10/28 20:13:32:804

I can't connect with the passive [192.168.100.113/5000] error_code:10061 !

<<<----  [OUT]
2020/10/28 20:13:35:293

Connecting Started...

<<<----  [OUT]
2020/10/28 20:13:37:334

I can't connect with the passive [192.168.100.113/5000] error_code:10061 !

<<<----  [OUT]
2020/10/28 20:13:39:824

Connecting Started...

<<<----  [OUT]
2020/10/28 20:13:41:870

I can't connect with the passive [192.168.100.113/5000] error_code:10061 !

<<<----  [OUT]
2020/10/28 20:13:44:354

Connecting Started...

<<<----  [OUT]
2020/10/28 20:13:46:399

I can't connect with the passive [192.168.100.113/5000] error_code:10061 !

<<<----  [OUT]
2020/10/28 20:13:48:886

Connecting Started...

<<<----  [OUT]
2020/10/28 20:13:50:920

I can't connect with the passive [192.168.100.113/5000] error_code:10061 !

<<<----  [OUT]
2020/10/28 20:13:53:403

Connecting Started...

<<<----  [OUT]
2020/10/28 20:13:55:453

I can't connect with the passive [192.168.100.113/5000] error_code:10061 !

<<<----  [OUT]
2020/10/28 20:13:57:933

Connecting Started...

<<<----  [OUT]
2020/10/28 20:13:59:988

I can't connect with the passive [192.168.100.113/5000] error_code:10061 !

<<<----  [OUT]
2020/10/28 20:14:02:464

Connecting Started...

<<<----  [OUT]
2020/10/28 20:14:04:515

I can't connect with the passive [192.168.100.113/5000] error_code:10061 !

<<<----  [OUT]
2020/10/28 20:14:06:996

Connecting Started...

<<<----  [OUT]
2020/10/28 20:14:09:036

I can't connect with the passive [192.168.100.113/5000] error_code:10061 !

<<<----  [OUT]
2020/10/28 20:14:11:526

Connecting Started...

<<<----  [OUT]
2020/10/28 20:14:13:563

I can't connect with the passive [192.168.100.113/5000] error_code:10061 !

<<<----  [OUT]
2020/10/28 20:14:16:043

Connecting Started...

<<<----  [OUT]
2020/10/28 20:14:18:079

I can't connect with the passive [192.168.100.113/5000] error_code:10061 !

<<<----  [OUT]
2020/10/28 20:14:20:557

Connecting Started...

<<<----  [OUT]
2020/10/28 20:14:22:616

I can't connect with the passive [192.168.100.113/5000] error_code:10061 !

<<<----  [OUT]
2020/10/28 20:14:25:104

Connecting Started...

<<<----  [OUT]
2020/10/28 20:14:27:149

I can't connect with the passive [192.168.100.113/5000] error_code:10061 !

<<<----  [OUT]
2020/10/28 20:14:29:637

Connecting Started...

<<<----  [OUT]
2020/10/28 20:14:31:681

I can't connect with the passive [192.168.100.113/5000] error_code:10061 !

<<<----  [OUT]
2020/10/28 20:14:34:167

Connecting Started...

<<<----  [OUT]
2020/10/28 20:14:53:210

I can't connect with the passive [192.168.100.113/5000] error_code:10060 !

<<<----  [OUT]
2020/10/28 20:14:55:699

Connecting Started...

<<<----  [OUT]
2020/10/28 20:15:16:726

I can't connect with the passive [192.168.100.113/5000] error_code:10060 !

<<<----  [OUT]
2020/10/28 20:15:19:213

Connecting Started...

<<<----  [OUT]
2020/10/28 20:15:40:258

I can't connect with the passive [192.168.100.113/5000] error_code:10060 !

<<<----  [OUT]
2020/10/28 20:15:42:744

Connecting Started...

<<<----  [OUT]
2020/10/28 20:16:03:795

I can't connect with the passive [192.168.100.113/5000] error_code:10060 !

<<<----  [OUT]
2020/10/28 20:16:06:277

Connecting Started...

<<<----  [OUT]
2020/10/28 20:16:27:306

I can't connect with the passive [192.168.100.113/5000] error_code:10060 !

<<<----  [OUT]
2020/10/28 20:16:29:793

Connecting Started...

<<<----  [OUT]
2020/10/28 20:16:50:835

I can't connect with the passive [192.168.100.113/5000] error_code:10060 !

<<<----  [OUT]
2020/10/28 20:16:53:324

Connecting Started...

<<<----  [OUT]
2020/10/28 20:17:14:366

I can't connect with the passive [192.168.100.113/5000] error_code:10060 !

<<<----  [OUT]
2020/10/28 20:17:16:855

Connecting Started...

<<<----  [OUT]
2020/10/28 20:17:37:901

I can't connect with the passive [192.168.100.113/5000] error_code:10060 !

<<<----  [OUT]
2020/10/28 20:17:40:386

Connecting Started...

<<<----  [OUT]
2020/10/28 20:18:01:424

I can't connect with the passive [192.168.100.113/5000] error_code:10060 !

<<<----  [OUT]
2020/10/28 20:18:03:901

Connecting Started...

<<<----  [OUT]
2020/10/28 20:18:24:944

I can't connect with the passive [192.168.100.113/5000] error_code:10060 !

<<<----  [OUT]
2020/10/28 20:18:27:432

Connecting Started...

<<<----  [OUT]
2020/10/28 20:18:48:480

I can't connect with the passive [192.168.100.113/5000] error_code:10060 !

<<<----  [OUT]
2020/10/28 20:18:50:963

Connecting Started...

<<<----  [OUT]
2020/10/28 20:19:11:990

I can't connect with the passive [192.168.100.113/5000] error_code:10060 !

<<<----  [OUT]
2020/10/28 20:19:14:480

Connecting Started...

<<<----  [OUT]
2020/10/28 20:19:35:520

I can't connect with the passive [192.168.100.113/5000] error_code:10060 !

<<<----  [OUT]
2020/10/28 20:19:38:011

Connecting Started...

<<<----  [OUT]
2020/10/28 20:19:59:038

I can't connect with the passive [192.168.100.113/5000] error_code:10060 !

<<<----  [OUT]
2020/10/28 20:20:01:527

Connecting Started...

<<<----  [OUT]
2020/10/28 20:20:22:551

I can't connect with the passive [192.168.100.113/5000] error_code:10060 !

<<<----  [OUT]
2020/10/28 20:20:25:042

Connecting Started...

<<<----  [OUT]
2020/10/28 20:20:46:073

I can't connect with the passive [192.168.100.113/5000] error_code:10060 !

<<<----  [OUT]
2020/10/28 20:20:48:558

Connecting Started...

<<<----  [OUT]
2020/10/28 20:21:09:585

I can't connect with the passive [192.168.100.113/5000] error_code:10060 !

<<<----  [OUT]
2020/10/28 20:21:12:073

Connecting Started...

<<<----  [OUT]
2020/10/28 20:21:33:117

I can't connect with the passive [192.168.100.113/5000] error_code:10060 !

<<<----  [OUT]
2020/10/28 20:21:35:604

Connecting Started...

<<<----  [OUT]
2020/10/28 20:21:56:624

I can't connect with the passive [192.168.100.113/5000] error_code:10060 !

<<<----  [OUT]
2020/10/28 20:21:59:104

Connecting Started...

<<<----  [OUT]
2020/10/28 20:22:20:127

I can't connect with the passive [192.168.100.113/5000] error_code:10060 !

<<<----  [OUT]
2020/10/28 20:22:22:605

Connecting Started...

<<<----  [OUT]
2020/10/28 20:22:43:639

I can't connect with the passive [192.168.100.113/5000] error_code:10060 !

<<<----  [OUT]
2020/10/28 20:22:46:121

Connecting Started...

<<<----  [OUT]
2020/10/28 20:23:07:160

I can't connect with the passive [192.168.100.113/5000] error_code:10060 !

<<<----  [OUT]
2020/10/28 20:23:09:636

Connecting Started...

<<<----  [OUT]
2020/10/28 20:23:30:668

I can't connect with the passive [192.168.100.113/5000] error_code:10060 !

<<<----  [OUT]
2020/10/28 20:23:33:152

Connecting Started...

<<<----  [OUT]
2020/10/28 20:23:54:193

I can't connect with the passive [192.168.100.113/5000] error_code:10060 !

<<<----  [OUT]
2020/10/28 20:23:56:683

Connecting Started...

<<<----  [OUT]
2020/10/28 20:24:17:711

I can't connect with the passive [192.168.100.113/5000] error_code:10060 !

<<<----  [OUT]
2020/10/28 20:24:20:198

Connecting Started...

<<<----  [OUT]
2020/10/28 20:24:41:224

I can't connect with the passive [192.168.100.113/5000] error_code:10060 !

<<<----  [OUT]
2020/10/28 20:24:43:715

Connecting Started...

<<<----  [OUT]
2020/10/28 20:25:04:755

I can't connect with the passive [192.168.100.113/5000] error_code:10060 !

<<<----  [OUT]
2020/10/28 20:25:07:246

Connecting Started...

<<<----  [OUT]
2020/10/28 20:25:28:276

I can't connect with the passive [192.168.100.113/5000] error_code:10060 !

<<<----  [OUT]
2020/10/28 20:25:30:762

Connecting Started...

<<<----  [OUT]
2020/10/28 20:25:51:788

I can't connect with the passive [192.168.100.113/5000] error_code:10060 !

<<<----  [OUT]
2020/10/28 20:25:54:278

Connecting Started...

<<<----  [OUT]
2020/10/28 20:26:15:319

I can't connect with the passive [192.168.100.113/5000] error_code:10060 !

<<<----  [OUT]
2020/10/28 20:26:17:809

Connecting Started...

<<<----  [OUT]
2020/10/28 20:26:38:870

I can't connect with the passive [192.168.100.113/5000] error_code:10060 !

<<<----  [OUT]
2020/10/28 20:26:41:355

Connecting Started...

<<<----  [OUT]
2020/10/28 20:27:02:386

I can't connect with the passive [192.168.100.113/5000] error_code:10060 !

<<<----  [OUT]
2020/10/28 20:27:04:870

Connecting Started...

<<<----  [OUT]
2020/10/28 20:27:25:910

I can't connect with the passive [192.168.100.113/5000] error_code:10060 !

<<<----  [OUT]
2020/10/28 20:27:28:386

Connecting Started...

<<<----  [OUT]
2020/10/28 20:27:49:435

I can't connect with the passive [192.168.100.113/5000] error_code:10060 !

<<<----  [OUT]
2020/10/28 20:27:51:918

Connecting Started...

<<<----  [OUT]
2020/10/28 20:28:12:960

I can't connect with the passive [192.168.100.113/5000] error_code:10060 !

<<<----  [OUT]
2020/10/28 20:28:15:448

Connecting Started...

<<<----  [OUT]
2020/10/28 20:28:36:478

I can't connect with the passive [192.168.100.113/5000] error_code:10060 !

<<<----  [OUT]
2020/10/28 20:28:38:965

Connecting Started...

<<<----  [OUT]
2020/10/28 20:29:00:013

I can't connect with the passive [192.168.100.113/5000] error_code:10060 !

<<<----  [OUT]
2020/10/28 20:29:02:495

Connecting Started...

<<<----  [OUT]
2020/10/28 20:29:23:524

I can't connect with the passive [192.168.100.113/5000] error_code:10060 !

<<<----  [OUT]
2020/10/28 20:29:26:011

Connecting Started...

<<<----  [OUT]
2020/10/28 20:29:47:032

I can't connect with the passive [192.168.100.113/5000] error_code:10060 !

<<<----  [OUT]
2020/10/28 20:29:49:510

Connecting Started...

<<<----  [OUT]
2020/10/28 20:30:10:549

I can't connect with the passive [192.168.100.113/5000] error_code:10060 !

<<<----  [OUT]
2020/10/28 20:30:13:027

Connecting Started...

<<<----  [OUT]
2020/10/28 20:30:34:051

I can't connect with the passive [192.168.100.113/5000] error_code:10060 !

<<<----  [OUT]
2020/10/28 20:30:36:542

Connecting Started...

<<<----  [OUT]
2020/10/28 20:30:57:572

I can't connect with the passive [192.168.100.113/5000] error_code:10060 !

<<<----  [OUT]
2020/10/28 20:31:00:057

Connecting Started...

<<<----  [OUT]
2020/10/28 20:31:21:097

I can't connect with the passive [192.168.100.113/5000] error_code:10060 !

<<<----  [OUT]
2020/10/28 20:31:23:573

Connecting Started...

<<<----  [OUT]
2020/10/28 20:31:44:619

I can't connect with the passive [192.168.100.113/5000] error_code:10060 !

<<<----  [OUT]
2020/10/28 20:31:47:105

Connecting Started...

<<<----  [OUT]
2020/10/28 20:32:08:146

I can't connect with the passive [192.168.100.113/5000] error_code:10060 !

<<<----  [OUT]
2020/10/28 20:32:10:637

Connecting Started...

<<<----  [OUT]
2020/10/28 20:32:31:687

I can't connect with the passive [192.168.100.113/5000] error_code:10060 !

<<<----  [OUT]
2020/10/28 20:32:34:167

Connecting Started...

<<<----  [OUT]
2020/10/28 20:32:55:195

I can't connect with the passive [192.168.100.113/5000] error_code:10060 !

<<<----  [OUT]
2020/10/28 20:32:57:684

Connecting Started...

<<<----  [OUT]
2020/10/28 20:33:18:727

I can't connect with the passive [192.168.100.113/5000] error_code:10060 !

<<<----  [OUT]
2020/10/28 20:33:21:214

Connecting Started...

<<<----  [OUT]
2020/10/28 20:33:42:239

I can't connect with the passive [192.168.100.113/5000] error_code:10060 !

<<<----  [OUT]
2020/10/28 20:33:44:730

Connecting Started...

<<<----  [OUT]
2020/10/28 20:34:05:775

I can't connect with the passive [192.168.100.113/5000] error_code:10060 !

<<<----  [OUT]
2020/10/28 20:34:08:260

Connecting Started...

<<<----  [OUT]
2020/10/28 20:34:29:301

I can't connect with the passive [192.168.100.113/5000] error_code:10060 !

<<<----  [OUT]
2020/10/28 20:34:31:792

Connecting Started...

<<<----  [OUT]
2020/10/28 20:34:52:841

I can't connect with the passive [192.168.100.113/5000] error_code:10060 !

<<<----  [OUT]
2020/10/28 20:34:55:324

Connecting Started...

<<<----  [OUT]
2020/10/28 20:35:16:378

I can't connect with the passive [192.168.100.113/5000] error_code:10060 !

<<<----  [OUT]
2020/10/28 20:35:18:856

Connecting Started...

<<<----  [OUT]
2020/10/28 20:35:39:891

I can't connect with the passive [192.168.100.113/5000] error_code:10060 !

<<<----  [OUT]
2020/10/28 20:35:42:370

Connecting Started...

<<<----  [OUT]
2020/10/28 20:36:03:403

I can't connect with the passive [192.168.100.113/5000] error_code:10060 !

<<<----  [OUT]
2020/10/28 20:36:05:886

Connecting Started...

<<<----  [OUT]
2020/10/28 20:36:26:915

I can't connect with the passive [192.168.100.113/5000] error_code:10060 !

<<<----  [OUT]
2020/10/28 20:36:29:401

Connecting Started...

<<<----  [OUT]
2020/10/28 20:36:50:458

I can't connect with the passive [192.168.100.113/5000] error_code:10060 !

<<<----  [OUT]
2020/10/28 20:36:52:949

Connecting Started...

<<<----  [OUT]
2020/10/28 20:37:13:996

I can't connect with the passive [192.168.100.113/5000] error_code:10060 !

<<<----  [OUT]
2020/10/28 20:37:16:479

Connecting Started...

<<<----  [OUT]
2020/10/28 20:37:37:514

I can't connect with the passive [192.168.100.113/5000] error_code:10060 !

<<<----  [OUT]
2020/10/28 20:37:39:996

Connecting Started...

<<<----  [OUT]
2020/10/28 20:38:01:029

I can't connect with the passive [192.168.100.113/5000] error_code:10060 !

<<<----  [OUT]
2020/10/28 20:38:03:510

Connecting Started...

<<<----  [OUT]
2020/10/28 20:38:24:530

I can't connect with the passive [192.168.100.113/5000] error_code:10060 !

<<<----  [OUT]
2020/10/28 20:38:27:011

Connecting Started...

<<<----  [OUT]
2020/10/28 20:38:48:047

I can't connect with the passive [192.168.100.113/5000] error_code:10060 !

<<<----  [OUT]
2020/10/28 20:38:50:527

Connecting Started...

<<<----  [OUT]
2020/10/28 20:39:11:550

I can't connect with the passive [192.168.100.113/5000] error_code:10060 !

<<<----  [OUT]
2020/10/28 20:39:14:026

Connecting Started...

<<<----  [OUT]
2020/10/28 20:39:35:054

I can't connect with the passive [192.168.100.113/5000] error_code:10060 !

<<<----  [OUT]
2020/10/28 20:39:37:542

Connecting Started...

<<<----  [OUT]
2020/10/28 20:39:58:570

I can't connect with the passive [192.168.100.113/5000] error_code:10060 !

<<<----  [OUT]
2020/10/28 20:40:01:057

Connecting Started...

<<<----  [OUT]
2020/10/28 20:40:22:074

I can't connect with the passive [192.168.100.113/5000] error_code:10060 !

<<<----  [OUT]
2020/10/28 20:40:24:558

Connecting Started...

<<<----  [OUT]
2020/10/28 20:40:45:599

I can't connect with the passive [192.168.100.113/5000] error_code:10060 !

<<<----  [OUT]
2020/10/28 20:40:48:089

Connecting Started...

<<<----  [OUT]
2020/10/28 20:41:09:135

I can't connect with the passive [192.168.100.113/5000] error_code:10060 !

<<<----  [OUT]
2020/10/28 20:41:11:620

Connecting Started...

<<<----  [OUT]
2020/10/28 20:41:32:676

I can't connect with the passive [192.168.100.113/5000] error_code:10060 !

<<<----  [OUT]
2020/10/28 20:41:35:168

Connecting Started...

<<<----  [OUT]
2020/10/28 20:41:56:207

I can't connect with the passive [192.168.100.113/5000] error_code:10060 !

<<<----  [OUT]
2020/10/28 20:41:58:698

Connecting Started...

<<<----  [OUT]
2020/10/28 20:42:19:740

I can't connect with the passive [192.168.100.113/5000] error_code:10060 !

<<<----  [OUT]
2020/10/28 20:42:22:230

Connecting Started...

<<<----  [OUT]
2020/10/28 20:42:43:277

I can't connect with the passive [192.168.100.113/5000] error_code:10060 !

<<<----  [OUT]
2020/10/28 20:42:45:761

Connecting Started...

<<<----  [OUT]
2020/10/28 20:43:06:794

I can't connect with the passive [192.168.100.113/5000] error_code:10060 !

<<<----  [OUT]
2020/10/28 20:43:09:277

Connecting Started...

<<<----  [OUT]
2020/10/28 20:43:30:331

I can't connect with the passive [192.168.100.113/5000] error_code:10060 !

<<<----  [OUT]
2020/10/28 20:43:32:807

Connecting Started...

<<<----  [OUT]
2020/10/28 20:43:53:842

I can't connect with the passive [192.168.100.113/5000] error_code:10060 !

<<<----  [OUT]
2020/10/28 20:43:56:323

Connecting Started...

<<<----  [OUT]
2020/10/28 20:44:17:359

I can't connect with the passive [192.168.100.113/5000] error_code:10060 !

<<<----  [OUT]
2020/10/28 20:44:19:839

Connecting Started...

<<<----  [OUT]
2020/10/28 20:44:40:874

I can't connect with the passive [192.168.100.113/5000] error_code:10060 !

<<<----  [OUT]
2020/10/28 20:44:43:355

Connecting Started...

<<<----  [OUT]
2020/10/28 20:45:04:389

I can't connect with the passive [192.168.100.113/5000] error_code:10060 !

<<<----  [OUT]
2020/10/28 20:45:06:871

Connecting Started...

<<<----  [OUT]
2020/10/28 20:45:27:894

I can't connect with the passive [192.168.100.113/5000] error_code:10060 !

<<<----  [OUT]
2020/10/28 20:45:30:370

Connecting Started...

<<<----  [OUT]
2020/10/28 20:45:51:416

I can't connect with the passive [192.168.100.113/5000] error_code:10060 !

<<<----  [OUT]
2020/10/28 20:45:53:902

Connecting Started...

<<<----  [OUT]
2020/10/28 20:46:14:944

I can't connect with the passive [192.168.100.113/5000] error_code:10060 !

<<<----  [OUT]
2020/10/28 20:46:17:433

Connecting Started...

<<<----  [OUT]
2020/10/28 20:46:38:460

I can't connect with the passive [192.168.100.113/5000] error_code:10060 !

<<<----  [OUT]
2020/10/28 20:46:40:949

Connecting Started...

<<<----  [OUT]
2020/10/28 20:47:02:012

I can't connect with the passive [192.168.100.113/5000] error_code:10060 !

<<<----  [OUT]
2020/10/28 20:47:04:496

Connecting Started...

<<<----  [OUT]
2020/10/28 20:47:25:522

I can't connect with the passive [192.168.100.113/5000] error_code:10060 !

<<<----  [OUT]
2020/10/28 20:47:28:012

Connecting Started...

<<<----  [OUT]
2020/10/28 20:47:49:049

I can't connect with the passive [192.168.100.113/5000] error_code:10060 !

<<<----  [OUT]
2020/10/28 20:47:51:528

Connecting Started...

<<<----  [OUT]
2020/10/28 20:48:12:553

I can't connect with the passive [192.168.100.113/5000] error_code:10060 !

<<<----  [OUT]
2020/10/28 20:48:15:042

Connecting Started...

<<<----  [OUT]
2020/10/28 20:48:36:084

I can't connect with the passive [192.168.100.113/5000] error_code:10060 !

<<<----  [OUT]
2020/10/28 20:48:38:573

Connecting Started...

<<<----  [OUT]
2020/10/28 20:48:59:621

I can't connect with the passive [192.168.100.113/5000] error_code:10060 !

<<<----  [OUT]
2020/10/28 20:49:02:105

Connecting Started...

<<<----  [OUT]
2020/10/28 20:49:23:133

I can't connect with the passive [192.168.100.113/5000] error_code:10060 !

<<<----  [OUT]
2020/10/28 20:49:25:621

Connecting Started...

<<<----  [OUT]
2020/10/28 20:49:46:667

I can't connect with the passive [192.168.100.113/5000] error_code:10060 !

<<<----  [OUT]
2020/10/28 20:49:49:151

Connecting Started...

<<<----  [OUT]
2020/10/28 20:50:10:190

I can't connect with the passive [192.168.100.113/5000] error_code:10060 !

<<<----  [OUT]
2020/10/28 20:50:12:668

Connecting Started...

<<<----  [OUT]
2020/10/28 20:50:33:688

I can't connect with the passive [192.168.100.113/5000] error_code:10060 !

<<<----  [OUT]
2020/10/28 20:50:36:167

Connecting Started...

<<<----  [OUT]
2020/10/28 20:50:57:204

I can't connect with the passive [192.168.100.113/5000] error_code:10060 !

<<<----  [OUT]
2020/10/28 20:50:59:684

Connecting Started...

<<<----  [OUT]
2020/10/28 20:51:20:738

I can't connect with the passive [192.168.100.113/5000] error_code:10060 !

<<<----  [OUT]
2020/10/28 20:51:23:230

Connecting Started...

<<<----  [OUT]
2020/10/28 20:51:44:285

I can't connect with the passive [192.168.100.113/5000] error_code:10060 !

<<<----  [OUT]
2020/10/28 20:51:46:762

Connecting Started...

<<<----  [OUT]
2020/10/28 20:52:07:796

I can't connect with the passive [192.168.100.113/5000] error_code:10060 !

<<<----  [OUT]
2020/10/28 20:52:10:277

Connecting Started...

<<<----  [OUT]
2020/10/28 20:52:31:291

I can't connect with the passive [192.168.100.113/5000] error_code:10060 !

<<<----  [OUT]
2020/10/28 20:52:33:777

Connecting Started...

<<<----  [OUT]
2020/10/28 20:52:54:811

I can't connect with the passive [192.168.100.113/5000] error_code:10060 !

<<<----  [OUT]
2020/10/28 20:52:57:292

Connecting Started...

<<<----  [OUT]
2020/10/28 20:53:18:324

I can't connect with the passive [192.168.100.113/5000] error_code:10060 !

<<<----  [OUT]
2020/10/28 20:53:20:808

Connecting Started...

<<<----  [OUT]
2020/10/28 20:53:41:842

I can't connect with the passive [192.168.100.113/5000] error_code:10060 !

<<<----  [OUT]
2020/10/28 20:53:44:324

Connecting Started...

<<<----  [OUT]
2020/10/28 20:54:05:353

I can't connect with the passive [192.168.100.113/5000] error_code:10060 !

<<<----  [OUT]
2020/10/28 20:54:07:840

Connecting Started...

<<<----  [OUT]
2020/10/28 20:54:28:875

I can't connect with the passive [192.168.100.113/5000] error_code:10060 !

<<<----  [OUT]
2020/10/28 20:54:31:356

Connecting Started...

<<<----  [OUT]
2020/10/28 20:54:52:386

I can't connect with the passive [192.168.100.113/5000] error_code:10060 !

<<<----  [OUT]
2020/10/28 20:54:54:870

Connecting Started...

<<<----  [OUT]
2020/10/28 20:55:15:904

I can't connect with the passive [192.168.100.113/5000] error_code:10060 !

<<<----  [OUT]
2020/10/28 20:55:18:386

Connecting Started...

<<<----  [OUT]
2020/10/28 20:55:39:410

I can't connect with the passive [192.168.100.113/5000] error_code:10060 !

<<<----  [OUT]
2020/10/28 20:55:41:886

Connecting Started...

<<<----  [OUT]
2020/10/28 20:56:02:904

I can't connect with the passive [192.168.100.113/5000] error_code:10060 !

<<<----  [OUT]
2020/10/28 20:56:05:386

Connecting Started...

<<<----  [OUT]
2020/10/28 20:56:26:429

I can't connect with the passive [192.168.100.113/5000] error_code:10060 !

<<<----  [OUT]
2020/10/28 20:56:28:917

Connecting Started...

<<<----  [OUT]
2020/10/28 20:56:49:968

I can't connect with the passive [192.168.100.113/5000] error_code:10060 !

<<<----  [OUT]
2020/10/28 20:56:52:450

Connecting Started...

<<<----  [OUT]
2020/10/28 20:57:13:469

I can't connect with the passive [192.168.100.113/5000] error_code:10060 !

<<<----  [OUT]
2020/10/28 20:57:15:948

Connecting Started...

<<<----  [OUT]
2020/10/28 20:57:36:986

I can't connect with the passive [192.168.100.113/5000] error_code:10060 !

<<<----  [OUT]
2020/10/28 20:57:39:465

Connecting Started...

<<<----  [OUT]
2020/10/28 20:58:00:509

I can't connect with the passive [192.168.100.113/5000] error_code:10060 !

<<<----  [OUT]
2020/10/28 20:58:02:996

Connecting Started...

<<<----  [OUT]
2020/10/28 20:58:24:037

I can't connect with the passive [192.168.100.113/5000] error_code:10060 !

<<<----  [OUT]
2020/10/28 20:58:26:526

Connecting Started...

<<<----  [OUT]
2020/10/28 20:58:47:561

I can't connect with the passive [192.168.100.113/5000] error_code:10060 !

<<<----  [OUT]
2020/10/28 20:58:50:042

Connecting Started...

<<<----  [OUT]
2020/10/28 20:59:11:079

I can't connect with the passive [192.168.100.113/5000] error_code:10060 !

<<<----  [OUT]
2020/10/28 20:59:13:558

Connecting Started...

<<<----  [OUT]
2020/10/28 20:59:34:599

I can't connect with the passive [192.168.100.113/5000] error_code:10060 !

<<<----  [OUT]
2020/10/28 20:59:37:089

Connecting Started...

<<<----  [OUT]
2020/10/28 20:59:58:138

I can't connect with the passive [192.168.100.113/5000] error_code:10060 !
