
<<<----  [OUT]
2020/10/28 15:00:01:526

I can't connect with the passive [192.168.100.113/5000] error_code:10061 !

<<<----  [OUT]
2020/10/28 15:00:04:012

Connecting Started...

<<<----  [OUT]
2020/10/28 15:00:06:039

I can't connect with the passive [192.168.100.113/5000] error_code:10061 !

<<<----  [OUT]
2020/10/28 15:00:08:528

Connecting Started...

<<<----  [OUT]
2020/10/28 15:00:10:570

I can't connect with the passive [192.168.100.113/5000] error_code:10061 !

<<<----  [OUT]
2020/10/28 15:00:13:058

Connecting Started...

<<<----  [OUT]
2020/10/28 15:00:15:115

I can't connect with the passive [192.168.100.113/5000] error_code:10061 !

<<<----  [OUT]
2020/10/28 15:00:17:604

Connecting Started...

<<<----  [OUT]
2020/10/28 15:00:19:649

I can't connect with the passive [192.168.100.113/5000] error_code:10061 !

<<<----  [OUT]
2020/10/28 15:00:22:137

Connecting Started...

<<<----  [OUT]
2020/10/28 15:00:24:198

I can't connect with the passive [192.168.100.113/5000] error_code:10061 !

<<<----  [OUT]
2020/10/28 15:00:26:683

Connecting Started...

<<<----  [OUT]
2020/10/28 15:00:28:741

I can't connect with the passive [192.168.100.113/5000] error_code:10061 !

<<<----  [OUT]
2020/10/28 15:00:31:230

Connecting Started...

<<<----  [OUT]
2020/10/28 15:00:33:288

I can't connect with the passive [192.168.100.113/5000] error_code:10061 !

<<<----  [OUT]
2020/10/28 15:00:35:778

Connecting Started...

<<<----  [OUT]
2020/10/28 15:00:37:809

I can't connect with the passive [192.168.100.113/5000] error_code:10061 !

<<<----  [OUT]
2020/10/28 15:00:40:293

Connecting Started...

<<<----  [OUT]
2020/10/28 15:00:42:337

I can't connect with the passive [192.168.100.113/5000] error_code:10061 !

<<<----  [OUT]
2020/10/28 15:00:44:824

Connecting Started...

<<<----  [OUT]
2020/10/28 15:00:46:835

I can't connect with the passive [192.168.100.113/5000] error_code:10061 !

<<<----  [OUT]
2020/10/28 15:00:49:324

Connecting Started...

<<<----  [OUT]
2020/10/28 15:00:51:370

I can't connect with the passive [192.168.100.113/5000] error_code:10061 !

<<<----  [OUT]
2020/10/28 15:00:53:854

Connecting Started...

<<<----  [OUT]
2020/10/28 15:00:55:899

I can't connect with the passive [192.168.100.113/5000] error_code:10061 !

<<<----  [OUT]
2020/10/28 15:00:58:385

Connecting Started...

<<<----  [OUT]
2020/10/28 15:01:00:435

I can't connect with the passive [192.168.100.113/5000] error_code:10061 !

<<<----  [OUT]
2020/10/28 15:01:02:917

Connecting Started...

<<<----  [OUT]
2020/10/28 15:01:04:963

I can't connect with the passive [192.168.100.113/5000] error_code:10061 !

<<<----  [OUT]
2020/10/28 15:01:07:448

Connecting Started...

<<<----  [OUT]
2020/10/28 15:01:09:485

I can't connect with the passive [192.168.100.113/5000] error_code:10061 !

<<<----  [OUT]
2020/10/28 15:01:11:965

Connecting Started...

<<<----  [OUT]
2020/10/28 15:01:14:005

I can't connect with the passive [192.168.100.113/5000] error_code:10061 !

<<<----  [OUT]
2020/10/28 15:01:16:496

Connecting Started...

<<<----  [OUT]
2020/10/28 15:01:18:527

I can't connect with the passive [192.168.100.113/5000] error_code:10061 !

<<<----  [OUT]
2020/10/28 15:01:21:012

Connecting Started...

<<<----  [OUT]
2020/10/28 15:01:23:055

I can't connect with the passive [192.168.100.113/5000] error_code:10061 !

<<<----  [OUT]
2020/10/28 15:01:25:543

Connecting Started...

<<<----  [OUT]
2020/10/28 15:01:27:586

I can't connect with the passive [192.168.100.113/5000] error_code:10061 !

<<<----  [OUT]
2020/10/28 15:01:30:075

Connecting Started...

<<<----  [OUT]
2020/10/28 15:01:32:115

I can't connect with the passive [192.168.100.113/5000] error_code:10061 !

<<<----  [OUT]
2020/10/28 15:01:34:605

Connecting Started...

<<<----  [OUT]
2020/10/28 15:01:36:655

I can't connect with the passive [192.168.100.113/5000] error_code:10061 !

<<<----  [OUT]
2020/10/28 15:01:39:135

Connecting Started...

<<<----  [OUT]
2020/10/28 15:01:41:164

I can't connect with the passive [192.168.100.113/5000] error_code:10061 !

<<<----  [OUT]
2020/10/28 15:01:43:652

Connecting Started...

<<<----  [OUT]
2020/10/28 15:01:45:685

I can't connect with the passive [192.168.100.113/5000] error_code:10061 !

<<<----  [OUT]
2020/10/28 15:01:48:168

Connecting Started...

<<<----  [OUT]
2020/10/28 15:01:50:212

I can't connect with the passive [192.168.100.113/5000] error_code:10061 !

<<<----  [OUT]
2020/10/28 15:01:52:699

Connecting Started...

<<<----  [OUT]
2020/10/28 15:01:54:742

I can't connect with the passive [192.168.100.113/5000] error_code:10061 !

<<<----  [OUT]
2020/10/28 15:01:57:230

Connecting Started...

<<<----  [OUT]
2020/10/28 15:01:59:274

I can't connect with the passive [192.168.100.113/5000] error_code:10061 !

<<<----  [OUT]
2020/10/28 15:02:01:762

Connecting Started...

<<<----  [OUT]
2020/10/28 15:02:03:806

I can't connect with the passive [192.168.100.113/5000] error_code:10061 !

<<<----  [OUT]
2020/10/28 15:02:06:293

Connecting Started...

<<<----  [OUT]
2020/10/28 15:02:08:329

I can't connect with the passive [192.168.100.113/5000] error_code:10061 !

<<<----  [OUT]
2020/10/28 15:02:10:809

Connecting Started...

<<<----  [OUT]
2020/10/28 15:02:12:838

I can't connect with the passive [192.168.100.113/5000] error_code:10061 !

<<<----  [OUT]
2020/10/28 15:02:15:325

Connecting Started...

<<<----  [OUT]
2020/10/28 15:02:17:362

I can't connect with the passive [192.168.100.113/5000] error_code:10061 !

<<<----  [OUT]
2020/10/28 15:02:19:838

Connecting Started...

<<<----  [OUT]
2020/10/28 15:02:21:881

I can't connect with the passive [192.168.100.113/5000] error_code:10061 !

<<<----  [OUT]
2020/10/28 15:02:24:370

Connecting Started...

<<<----  [OUT]
2020/10/28 15:02:26:416

I can't connect with the passive [192.168.100.113/5000] error_code:10061 !

<<<----  [OUT]
2020/10/28 15:02:28:901

Connecting Started...

<<<----  [OUT]
2020/10/28 15:02:30:950

I can't connect with the passive [192.168.100.113/5000] error_code:10061 !

<<<----  [OUT]
2020/10/28 15:02:33:433

Connecting Started...

<<<----  [OUT]
2020/10/28 15:02:35:472

I can't connect with the passive [192.168.100.113/5000] error_code:10061 !

<<<----  [OUT]
2020/10/28 15:02:37:948

Connecting Started...

<<<----  [OUT]
2020/10/28 15:02:39:997

I can't connect with the passive [192.168.100.113/5000] error_code:10061 !

<<<----  [OUT]
2020/10/28 15:02:42:481

Connecting Started...

<<<----  [OUT]
2020/10/28 15:02:44:522

I can't connect with the passive [192.168.100.113/5000] error_code:10061 !

<<<----  [OUT]
2020/10/28 15:02:47:012

Connecting Started...

<<<----  [OUT]
2020/10/28 15:02:49:066

I can't connect with the passive [192.168.100.113/5000] error_code:10061 !

<<<----  [OUT]
2020/10/28 15:02:51:542

Connecting Started...

<<<----  [OUT]
2020/10/28 15:02:53:583

I can't connect with the passive [192.168.100.113/5000] error_code:10061 !

<<<----  [OUT]
2020/10/28 15:02:56:074

Connecting Started...

<<<----  [OUT]
2020/10/28 15:02:58:120

I can't connect with the passive [192.168.100.113/5000] error_code:10061 !

<<<----  [OUT]
2020/10/28 15:03:00:605

Connecting Started...

<<<----  [OUT]
2020/10/28 15:03:02:640

I can't connect with the passive [192.168.100.113/5000] error_code:10061 !

<<<----  [OUT]
2020/10/28 15:03:05:121

Connecting Started...

<<<----  [OUT]
2020/10/28 15:03:07:167

I can't connect with the passive [192.168.100.113/5000] error_code:10061 !

<<<----  [OUT]
2020/10/28 15:03:09:652

Connecting Started...

<<<----  [OUT]
2020/10/28 15:03:11:689

I can't connect with the passive [192.168.100.113/5000] error_code:10061 !

<<<----  [OUT]
2020/10/28 15:03:14:168

Connecting Started...

<<<----  [OUT]
2020/10/28 15:03:16:211

I can't connect with the passive [192.168.100.113/5000] error_code:10061 !

<<<----  [OUT]
2020/10/28 15:03:18:698

Connecting Started...

<<<----  [OUT]
2020/10/28 15:03:20:747

I can't connect with the passive [192.168.100.113/5000] error_code:10061 !

<<<----  [OUT]
2020/10/28 15:03:23:231

Connecting Started...

<<<----  [OUT]
2020/10/28 15:03:25:282

I can't connect with the passive [192.168.100.113/5000] error_code:10061 !

<<<----  [OUT]
2020/10/28 15:03:27:761

Connecting Started...

<<<----  [OUT]
2020/10/28 15:03:29:792

I can't connect with the passive [192.168.100.113/5000] error_code:10061 !

<<<----  [OUT]
2020/10/28 15:03:32:277

Connecting Started...

<<<----  [OUT]
2020/10/28 15:03:34:316

I can't connect with the passive [192.168.100.113/5000] error_code:10061 !

<<<----  [OUT]
2020/10/28 15:03:36:792

Connecting Started...

<<<----  [OUT]
2020/10/28 15:03:38:812

I can't connect with the passive [192.168.100.113/5000] error_code:10061 !

<<<----  [OUT]
2020/10/28 15:03:41:292

Connecting Started...

<<<----  [OUT]
2020/10/28 15:03:43:339

I can't connect with the passive [192.168.100.113/5000] error_code:10061 !

<<<----  [OUT]
2020/10/28 15:03:45:823

Connecting Started...

<<<----  [OUT]
2020/10/28 15:03:47:864

I can't connect with the passive [192.168.100.113/5000] error_code:10061 !

<<<----  [OUT]
2020/10/28 15:03:50:354

Connecting Started...

<<<----  [OUT]
2020/10/28 15:03:52:411

I can't connect with the passive [192.168.100.113/5000] error_code:10061 !

<<<----  [OUT]
2020/10/28 15:03:54:902

Connecting Started...

<<<----  [OUT]
2020/10/28 15:03:56:945

I can't connect with the passive [192.168.100.113/5000] error_code:10061 !

<<<----  [OUT]
2020/10/28 15:03:59:433

Connecting Started...

<<<----  [OUT]
2020/10/28 15:04:01:476

I can't connect with the passive [192.168.100.113/5000] error_code:10061 !

<<<----  [OUT]
2020/10/28 15:04:03:965

Connecting Started...

<<<----  [OUT]
2020/10/28 15:04:05:997

I can't connect with the passive [192.168.100.113/5000] error_code:10061 !

<<<----  [OUT]
2020/10/28 15:04:08:481

Connecting Started...

<<<----  [OUT]
2020/10/28 15:04:10:528

I can't connect with the passive [192.168.100.113/5000] error_code:10061 !

<<<----  [OUT]
2020/10/28 15:04:13:011

Connecting Started...

<<<----  [OUT]
2020/10/28 15:04:15:071

I can't connect with the passive [192.168.100.113/5000] error_code:10061 !

<<<----  [OUT]
2020/10/28 15:04:17:558

Connecting Started...

<<<----  [OUT]
2020/10/28 15:04:19:615

I can't connect with the passive [192.168.100.113/5000] error_code:10061 !

<<<----  [OUT]
2020/10/28 15:04:22:105

Connecting Started...

<<<----  [OUT]
2020/10/28 15:04:24:149

I can't connect with the passive [192.168.100.113/5000] error_code:10061 !

<<<----  [OUT]
2020/10/28 15:04:26:636

Connecting Started...

<<<----  [OUT]
2020/10/28 15:04:28:689

I can't connect with the passive [192.168.100.113/5000] error_code:10061 !

<<<----  [OUT]
2020/10/28 15:04:31:168

Connecting Started...

<<<----  [OUT]
2020/10/28 15:04:33:209

I can't connect with the passive [192.168.100.113/5000] error_code:10061 !

<<<----  [OUT]
2020/10/28 15:04:35:699

Connecting Started...

<<<----  [OUT]
2020/10/28 15:04:37:750

I can't connect with the passive [192.168.100.113/5000] error_code:10061 !

<<<----  [OUT]
2020/10/28 15:04:40:230

Connecting Started...

<<<----  [OUT]
2020/10/28 15:04:42:273

I can't connect with the passive [192.168.100.113/5000] error_code:10061 !

<<<----  [OUT]
2020/10/28 15:04:44:762

Connecting Started...

<<<----  [OUT]
2020/10/28 15:04:46:801

I can't connect with the passive [192.168.100.113/5000] error_code:10061 !

<<<----  [OUT]
2020/10/28 15:04:49:292

Connecting Started...

<<<----  [OUT]
2020/10/28 15:04:51:319

I can't connect with the passive [192.168.100.113/5000] error_code:10061 !

<<<----  [OUT]
2020/10/28 15:04:53:809

Connecting Started...

<<<----  [OUT]
2020/10/28 15:04:55:855

I can't connect with the passive [192.168.100.113/5000] error_code:10061 !

<<<----  [OUT]
2020/10/28 15:04:58:338

Connecting Started...

<<<----  [OUT]
2020/10/28 15:05:00:352

I can't connect with the passive [192.168.100.113/5000] error_code:10061 !

<<<----  [OUT]
2020/10/28 15:05:02:839

Connecting Started...

<<<----  [OUT]
2020/10/28 15:05:04:886

I can't connect with the passive [192.168.100.113/5000] error_code:10061 !

<<<----  [OUT]
2020/10/28 15:05:07:371

Connecting Started...

<<<----  [OUT]
2020/10/28 15:05:09:412

I can't connect with the passive [192.168.100.113/5000] error_code:10061 !

<<<----  [OUT]
2020/10/28 15:05:11:902

Connecting Started...

<<<----  [OUT]
2020/10/28 15:05:13:936

I can't connect with the passive [192.168.100.113/5000] error_code:10061 !

<<<----  [OUT]
2020/10/28 15:05:16:417

Connecting Started...

<<<----  [OUT]
2020/10/28 15:05:18:459

I can't connect with the passive [192.168.100.113/5000] error_code:10061 !

<<<----  [OUT]
2020/10/28 15:05:20:949

Connecting Started...

<<<----  [OUT]
2020/10/28 15:05:22:986

I can't connect with the passive [192.168.100.113/5000] error_code:10061 !

<<<----  [OUT]
2020/10/28 15:05:25:465

Connecting Started...

<<<----  [OUT]
2020/10/28 15:05:27:507

I can't connect with the passive [192.168.100.113/5000] error_code:10061 !

<<<----  [OUT]
2020/10/28 15:05:29:996

Connecting Started...

<<<----  [OUT]
2020/10/28 15:05:32:042

I can't connect with the passive [192.168.100.113/5000] error_code:10061 !

<<<----  [OUT]
2020/10/28 15:05:34:528

Connecting Started...

<<<----  [OUT]
2020/10/28 15:05:36:567

I can't connect with the passive [192.168.100.113/5000] error_code:10061 !

<<<----  [OUT]
2020/10/28 15:05:39:058

Connecting Started...

<<<----  [OUT]
2020/10/28 15:05:41:094

I can't connect with the passive [192.168.100.113/5000] error_code:10061 !

<<<----  [OUT]
2020/10/28 15:05:43:575

Connecting Started...

<<<----  [OUT]
2020/10/28 15:05:45:630

I can't connect with the passive [192.168.100.113/5000] error_code:10061 !

<<<----  [OUT]
2020/10/28 15:05:48:121

Connecting Started...

<<<----  [OUT]
2020/10/28 15:05:50:169

I can't connect with the passive [192.168.100.113/5000] error_code:10061 !

<<<----  [OUT]
2020/10/28 15:05:52:651

Connecting Started...

<<<----  [OUT]
2020/10/28 15:05:54:707

I can't connect with the passive [192.168.100.113/5000] error_code:10061 !

<<<----  [OUT]
2020/10/28 15:05:57:183

Connecting Started...

<<<----  [OUT]
2020/10/28 15:05:59:219

I can't connect with the passive [192.168.100.113/5000] error_code:10061 !

<<<----  [OUT]
2020/10/28 15:06:01:698

Connecting Started...

<<<----  [OUT]
2020/10/28 15:06:03:747

I can't connect with the passive [192.168.100.113/5000] error_code:10061 !

<<<----  [OUT]
2020/10/28 15:06:06:230

Connecting Started...

<<<----  [OUT]
2020/10/28 15:06:08:271

I can't connect with the passive [192.168.100.113/5000] error_code:10061 !

<<<----  [OUT]
2020/10/28 15:06:10:761

Connecting Started...

<<<----  [OUT]
2020/10/28 15:06:12:806

I can't connect with the passive [192.168.100.113/5000] error_code:10061 !

<<<----  [OUT]
2020/10/28 15:06:15:293

Connecting Started...

<<<----  [OUT]
2020/10/28 15:06:17:346

I can't connect with the passive [192.168.100.113/5000] error_code:10061 !

<<<----  [OUT]
2020/10/28 15:06:19:823

Connecting Started...

<<<----  [OUT]
2020/10/28 15:06:21:873

I can't connect with the passive [192.168.100.113/5000] error_code:10061 !

<<<----  [OUT]
2020/10/28 15:06:24:355

Connecting Started...

<<<----  [OUT]
2020/10/28 15:06:26:413

I can't connect with the passive [192.168.100.113/5000] error_code:10061 !

<<<----  [OUT]
2020/10/28 15:06:28:902

Connecting Started...

<<<----  [OUT]
2020/10/28 15:06:30:942

I can't connect with the passive [192.168.100.113/5000] error_code:10061 !

<<<----  [OUT]
2020/10/28 15:06:33:433

Connecting Started...

<<<----  [OUT]
2020/10/28 15:06:35:475

I can't connect with the passive [192.168.100.113/5000] error_code:10061 !

<<<----  [OUT]
2020/10/28 15:06:37:964

Connecting Started...

<<<----  [OUT]
2020/10/28 15:06:40:006

I can't connect with the passive [192.168.100.113/5000] error_code:10061 !

<<<----  [OUT]
2020/10/28 15:06:42:495

Connecting Started...

<<<----  [OUT]
2020/10/28 15:06:44:532

I can't connect with the passive [192.168.100.113/5000] error_code:10061 !

<<<----  [OUT]
2020/10/28 15:06:47:011

Connecting Started...

<<<----  [OUT]
2020/10/28 15:06:49:066

I can't connect with the passive [192.168.100.113/5000] error_code:10061 !

<<<----  [OUT]
2020/10/28 15:06:51:558

Connecting Started...

<<<----  [OUT]
2020/10/28 15:06:53:601

I can't connect with the passive [192.168.100.113/5000] error_code:10061 !

<<<----  [OUT]
2020/10/28 15:06:56:090

Connecting Started...

<<<----  [OUT]
2020/10/28 15:06:58:140

I can't connect with the passive [192.168.100.113/5000] error_code:10061 !

<<<----  [OUT]
2020/10/28 15:07:00:621

Connecting Started...

<<<----  [OUT]
2020/10/28 15:07:02:655

I can't connect with the passive [192.168.100.113/5000] error_code:10061 !

<<<----  [OUT]
2020/10/28 15:07:05:137

Connecting Started...

<<<----  [OUT]
2020/10/28 15:07:07:180

I can't connect with the passive [192.168.100.113/5000] error_code:10061 !

<<<----  [OUT]
2020/10/28 15:07:09:666

Connecting Started...

<<<----  [OUT]
2020/10/28 15:07:11:715

I can't connect with the passive [192.168.100.113/5000] error_code:10061 !

<<<----  [OUT]
2020/10/28 15:07:14:198

Connecting Started...

<<<----  [OUT]
2020/10/28 15:07:16:240

I can't connect with the passive [192.168.100.113/5000] error_code:10061 !

<<<----  [OUT]
2020/10/28 15:07:18:729

Connecting Started...

<<<----  [OUT]
2020/10/28 15:07:20:769

I can't connect with the passive [192.168.100.113/5000] error_code:10061 !

<<<----  [OUT]
2020/10/28 15:07:23:245

Connecting Started...

<<<----  [OUT]
2020/10/28 15:07:25:300

I can't connect with the passive [192.168.100.113/5000] error_code:10061 !

<<<----  [OUT]
2020/10/28 15:07:27:776

Connecting Started...

<<<----  [OUT]
2020/10/28 15:07:29:824

I can't connect with the passive [192.168.100.113/5000] error_code:10061 !

<<<----  [OUT]
2020/10/28 15:07:32:309

Connecting Started...

<<<----  [OUT]
2020/10/28 15:07:34:351

I can't connect with the passive [192.168.100.113/5000] error_code:10061 !

<<<----  [OUT]
2020/10/28 15:07:36:840

Connecting Started...

<<<----  [OUT]
2020/10/28 15:07:38:882

I can't connect with the passive [192.168.100.113/5000] error_code:10061 !

<<<----  [OUT]
2020/10/28 15:07:41:371

Connecting Started...

<<<----  [OUT]
2020/10/28 15:07:43:417

I can't connect with the passive [192.168.100.113/5000] error_code:10061 !

<<<----  [OUT]
2020/10/28 15:07:45:903

Connecting Started...

<<<----  [OUT]
2020/10/28 15:07:47:953

I can't connect with the passive [192.168.100.113/5000] error_code:10061 !

<<<----  [OUT]
2020/10/28 15:07:50:433

Connecting Started...

<<<----  [OUT]
2020/10/28 15:07:52:474

I can't connect with the passive [192.168.100.113/5000] error_code:10061 !

<<<----  [OUT]
2020/10/28 15:07:54:964

Connecting Started...

<<<----  [OUT]
2020/10/28 15:07:57:005

I can't connect with the passive [192.168.100.113/5000] error_code:10061 !

<<<----  [OUT]
2020/10/28 15:07:59:495

Connecting Started...

<<<----  [OUT]
2020/10/28 15:08:01:526

I can't connect with the passive [192.168.100.113/5000] error_code:10061 !

<<<----  [OUT]
2020/10/28 15:08:04:012

Connecting Started...

<<<----  [OUT]
2020/10/28 15:08:06:052

I can't connect with the passive [192.168.100.113/5000] error_code:10061 !

<<<----  [OUT]
2020/10/28 15:08:08:542

Connecting Started...

<<<----  [OUT]
2020/10/28 15:08:10:583

I can't connect with the passive [192.168.100.113/5000] error_code:10061 !

<<<----  [OUT]
2020/10/28 15:08:13:073

Connecting Started...

<<<----  [OUT]
2020/10/28 15:08:15:125

I can't connect with the passive [192.168.100.113/5000] error_code:10061 !

<<<----  [OUT]
2020/10/28 15:08:17:606

Connecting Started...

<<<----  [OUT]
2020/10/28 15:08:19:649

I can't connect with the passive [192.168.100.113/5000] error_code:10061 !

<<<----  [OUT]
2020/10/28 15:08:22:137

Connecting Started...

<<<----  [OUT]
2020/10/28 15:08:24:161

I can't connect with the passive [192.168.100.113/5000] error_code:10061 !

<<<----  [OUT]
2020/10/28 15:08:26:653

Connecting Started...

<<<----  [OUT]
2020/10/28 15:08:28:702

I can't connect with the passive [192.168.100.113/5000] error_code:10061 !

<<<----  [OUT]
2020/10/28 15:08:31:184

Connecting Started...

<<<----  [OUT]
2020/10/28 15:08:33:219

I can't connect with the passive [192.168.100.113/5000] error_code:10061 !

<<<----  [OUT]
2020/10/28 15:08:35:699

Connecting Started...

<<<----  [OUT]
2020/10/28 15:08:37:743

I can't connect with the passive [192.168.100.113/5000] error_code:10061 !

<<<----  [OUT]
2020/10/28 15:08:40:230

Connecting Started...

<<<----  [OUT]
2020/10/28 15:08:42:275

I can't connect with the passive [192.168.100.113/5000] error_code:10061 !

<<<----  [OUT]
2020/10/28 15:08:44:761

Connecting Started...

<<<----  [OUT]
2020/10/28 15:08:46:806

I can't connect with the passive [192.168.100.113/5000] error_code:10061 !

<<<----  [OUT]
2020/10/28 15:08:49:292

Connecting Started...

<<<----  [OUT]
2020/10/28 15:08:51:336

I can't connect with the passive [192.168.100.113/5000] error_code:10061 !

<<<----  [OUT]
2020/10/28 15:08:53:823

Connecting Started...

<<<----  [OUT]
2020/10/28 15:08:55:861

I can't connect with the passive [192.168.100.113/5000] error_code:10061 !

<<<----  [OUT]
2020/10/28 15:08:58:340

Connecting Started...

<<<----  [OUT]
2020/10/28 15:09:00:376

I can't connect with the passive [192.168.100.113/5000] error_code:10061 !

<<<----  [OUT]
2020/10/28 15:09:02:856

Connecting Started...

<<<----  [OUT]
2020/10/28 15:09:04:903

I can't connect with the passive [192.168.100.113/5000] error_code:10061 !

<<<----  [OUT]
2020/10/28 15:09:07:386

Connecting Started...

<<<----  [OUT]
2020/10/28 15:09:09:425

I can't connect with the passive [192.168.100.113/5000] error_code:10061 !

<<<----  [OUT]
2020/10/28 15:09:11:902

Connecting Started...

<<<----  [OUT]
2020/10/28 15:09:13:926

I can't connect with the passive [192.168.100.113/5000] error_code:10061 !

<<<----  [OUT]
2020/10/28 15:09:16:417

Connecting Started...

<<<----  [OUT]
2020/10/28 15:09:18:445

I can't connect with the passive [192.168.100.113/5000] error_code:10061 !

<<<----  [OUT]
2020/10/28 15:09:20:934

Connecting Started...

<<<----  [OUT]
2020/10/28 15:09:22:971

I can't connect with the passive [192.168.100.113/5000] error_code:10061 !

<<<----  [OUT]
2020/10/28 15:09:25:448

Connecting Started...

<<<----  [OUT]
2020/10/28 15:09:27:487

I can't connect with the passive [192.168.100.113/5000] error_code:10061 !

<<<----  [OUT]
2020/10/28 15:09:29:964

Connecting Started...

<<<----  [OUT]
2020/10/28 15:09:32:013

I can't connect with the passive [192.168.100.113/5000] error_code:10061 !

<<<----  [OUT]
2020/10/28 15:09:34:495

Connecting Started...

<<<----  [OUT]
2020/10/28 15:09:36:532

I can't connect with the passive [192.168.100.113/5000] error_code:10061 !

<<<----  [OUT]
2020/10/28 15:09:39:010

Connecting Started...

<<<----  [OUT]
2020/10/28 15:09:41:062

I can't connect with the passive [192.168.100.113/5000] error_code:10061 !

<<<----  [OUT]
2020/10/28 15:09:43:543

Connecting Started...

<<<----  [OUT]
2020/10/28 15:09:45:585

I can't connect with the passive [192.168.100.113/5000] error_code:10061 !

<<<----  [OUT]
2020/10/28 15:09:48:073

Connecting Started...

<<<----  [OUT]
2020/10/28 15:09:50:108

I can't connect with the passive [192.168.100.113/5000] error_code:10061 !

<<<----  [OUT]
2020/10/28 15:09:52:590

Connecting Started...

<<<----  [OUT]
2020/10/28 15:09:54:636

I can't connect with the passive [192.168.100.113/5000] error_code:10061 !

<<<----  [OUT]
2020/10/28 15:09:57:120

Connecting Started...

<<<----  [OUT]
2020/10/28 15:09:59:163

I can't connect with the passive [192.168.100.113/5000] error_code:10061 !

<<<----  [OUT]
2020/10/28 15:10:01:652

Connecting Started...

<<<----  [OUT]
2020/10/28 15:10:03:687

I can't connect with the passive [192.168.100.113/5000] error_code:10061 !

<<<----  [OUT]
2020/10/28 15:10:06:167

Connecting Started...

<<<----  [OUT]
2020/10/28 15:10:08:208

I can't connect with the passive [192.168.100.113/5000] error_code:10061 !

<<<----  [OUT]
2020/10/28 15:10:10:700

Connecting Started...

<<<----  [OUT]
2020/10/28 15:10:12:735

I can't connect with the passive [192.168.100.113/5000] error_code:10061 !

<<<----  [OUT]
2020/10/28 15:10:15:214

Connecting Started...

<<<----  [OUT]
2020/10/28 15:10:17:246

I can't connect with the passive [192.168.100.113/5000] error_code:10061 !

<<<----  [OUT]
2020/10/28 15:10:19:730

Connecting Started...

<<<----  [OUT]
2020/10/28 15:10:21:774

I can't connect with the passive [192.168.100.113/5000] error_code:10061 !

<<<----  [OUT]
2020/10/28 15:10:24:261

Connecting Started...

<<<----  [OUT]
2020/10/28 15:10:26:312

I can't connect with the passive [192.168.100.113/5000] error_code:10061 !

<<<----  [OUT]
2020/10/28 15:10:28:793

Connecting Started...

<<<----  [OUT]
2020/10/28 15:10:30:832

I can't connect with the passive [192.168.100.113/5000] error_code:10061 !

<<<----  [OUT]
2020/10/28 15:10:33:308

Connecting Started...

<<<----  [OUT]
2020/10/28 15:10:35:355

I can't connect with the passive [192.168.100.113/5000] error_code:10061 !

<<<----  [OUT]
2020/10/28 15:10:37:839

Connecting Started...

<<<----  [OUT]
2020/10/28 15:10:39:874

I can't connect with the passive [192.168.100.113/5000] error_code:10061 !

<<<----  [OUT]
2020/10/28 15:10:42:355

Connecting Started...

<<<----  [OUT]
2020/10/28 15:10:44:407

I can't connect with the passive [192.168.100.113/5000] error_code:10061 !

<<<----  [OUT]
2020/10/28 15:10:46:887

Connecting Started...

<<<----  [OUT]
2020/10/28 15:10:48:936

I can't connect with the passive [192.168.100.113/5000] error_code:10061 !

<<<----  [OUT]
2020/10/28 15:10:51:418

Connecting Started...

<<<----  [OUT]
2020/10/28 15:10:53:457

I can't connect with the passive [192.168.100.113/5000] error_code:10061 !

<<<----  [OUT]
2020/10/28 15:10:55:950

Connecting Started...

<<<----  [OUT]
2020/10/28 15:10:57:994

I can't connect with the passive [192.168.100.113/5000] error_code:10061 !

<<<----  [OUT]
2020/10/28 15:11:00:480

Connecting Started...

<<<----  [OUT]
2020/10/28 15:11:02:529

I can't connect with the passive [192.168.100.113/5000] error_code:10061 !

<<<----  [OUT]
2020/10/28 15:11:05:010

Connecting Started...

<<<----  [OUT]
2020/10/28 15:11:07:054

I can't connect with the passive [192.168.100.113/5000] error_code:10061 !

<<<----  [OUT]
2020/10/28 15:11:09:543

Connecting Started...

<<<----  [OUT]
2020/10/28 15:11:11:579

I can't connect with the passive [192.168.100.113/5000] error_code:10061 !

<<<----  [OUT]
2020/10/28 15:11:14:058

Connecting Started...

<<<----  [OUT]
2020/10/28 15:11:16:098

I can't connect with the passive [192.168.100.113/5000] error_code:10061 !

<<<----  [OUT]
2020/10/28 15:11:18:590

Connecting Started...

<<<----  [OUT]
2020/10/28 15:11:20:632

I can't connect with the passive [192.168.100.113/5000] error_code:10061 !

<<<----  [OUT]
2020/10/28 15:11:23:120

Connecting Started...

<<<----  [OUT]
2020/10/28 15:11:25:171

I can't connect with the passive [192.168.100.113/5000] error_code:10061 !

<<<----  [OUT]
2020/10/28 15:11:27:651

Connecting Started...

<<<----  [OUT]
2020/10/28 15:11:29:698

I can't connect with the passive [192.168.100.113/5000] error_code:10061 !

<<<----  [OUT]
2020/10/28 15:11:32:183

Connecting Started...

<<<----  [OUT]
2020/10/28 15:11:34:211

I can't connect with the passive [192.168.100.113/5000] error_code:10061 !

<<<----  [OUT]
2020/10/28 15:11:36:699

Connecting Started...

<<<----  [OUT]
2020/10/28 15:11:38:734

I can't connect with the passive [192.168.100.113/5000] error_code:10061 !

<<<----  [OUT]
2020/10/28 15:11:41:215

Connecting Started...

<<<----  [OUT]
2020/10/28 15:11:43:266

I can't connect with the passive [192.168.100.113/5000] error_code:10061 !

<<<----  [OUT]
2020/10/28 15:11:45:745

Connecting Started...

<<<----  [OUT]
2020/10/28 15:11:47:773

I can't connect with the passive [192.168.100.113/5000] error_code:10061 !

<<<----  [OUT]
2020/10/28 15:11:50:260

Connecting Started...

<<<----  [OUT]
2020/10/28 15:11:52:300

I can't connect with the passive [192.168.100.113/5000] error_code:10061 !

<<<----  [OUT]
2020/10/28 15:11:54:776

Connecting Started...

<<<----  [OUT]
2020/10/28 15:11:56:822

I can't connect with the passive [192.168.100.113/5000] error_code:10061 !

<<<----  [OUT]
2020/10/28 15:11:59:307

Connecting Started...

<<<----  [OUT]
2020/10/28 15:12:01:355

I can't connect with the passive [192.168.100.113/5000] error_code:10061 !

<<<----  [OUT]
2020/10/28 15:12:03:840

Connecting Started...

<<<----  [OUT]
2020/10/28 15:12:05:870

I can't connect with the passive [192.168.100.113/5000] error_code:10061 !

<<<----  [OUT]
2020/10/28 15:12:08:354

Connecting Started...

<<<----  [OUT]
2020/10/28 15:12:10:392

I can't connect with the passive [192.168.100.113/5000] error_code:10061 !

<<<----  [OUT]
2020/10/28 15:12:12:870

Connecting Started...

<<<----  [OUT]
2020/10/28 15:12:14:919

I can't connect with the passive [192.168.100.113/5000] error_code:10061 !

<<<----  [OUT]
2020/10/28 15:12:17:401

Connecting Started...

<<<----  [OUT]
2020/10/28 15:12:19:454

I can't connect with the passive [192.168.100.113/5000] error_code:10061 !

<<<----  [OUT]
2020/10/28 15:12:21:934

Connecting Started...

<<<----  [OUT]
2020/10/28 15:12:23:967

I can't connect with the passive [192.168.100.113/5000] error_code:10061 !

<<<----  [OUT]
2020/10/28 15:12:26:450

Connecting Started...

<<<----  [OUT]
2020/10/28 15:12:28:502

I can't connect with the passive [192.168.100.113/5000] error_code:10061 !

<<<----  [OUT]
2020/10/28 15:12:30:980

Connecting Started...

<<<----  [OUT]
2020/10/28 15:12:33:018

I can't connect with the passive [192.168.100.113/5000] error_code:10061 !

<<<----  [OUT]
2020/10/28 15:12:35:497

Connecting Started...

<<<----  [OUT]
2020/10/28 15:12:37:531

I can't connect with the passive [192.168.100.113/5000] error_code:10061 !

<<<----  [OUT]
2020/10/28 15:12:40:011

Connecting Started...

<<<----  [OUT]
2020/10/28 15:12:42:054

I can't connect with the passive [192.168.100.113/5000] error_code:10061 !

<<<----  [OUT]
2020/10/28 15:12:44:543

Connecting Started...

<<<----  [OUT]
2020/10/28 15:12:46:589

I can't connect with the passive [192.168.100.113/5000] error_code:10061 !

<<<----  [OUT]
2020/10/28 15:12:49:073

Connecting Started...

<<<----  [OUT]
2020/10/28 15:12:51:118

I can't connect with the passive [192.168.100.113/5000] error_code:10061 !

<<<----  [OUT]
2020/10/28 15:12:53:605

Connecting Started...

<<<----  [OUT]
2020/10/28 15:12:55:647

I can't connect with the passive [192.168.100.113/5000] error_code:10061 !

<<<----  [OUT]
2020/10/28 15:12:58:136

Connecting Started...

<<<----  [OUT]
2020/10/28 15:13:00:186

I can't connect with the passive [192.168.100.113/5000] error_code:10061 !

<<<----  [OUT]
2020/10/28 15:13:02:667

Connecting Started...

<<<----  [OUT]
2020/10/28 15:13:04:720

I can't connect with the passive [192.168.100.113/5000] error_code:10061 !

<<<----  [OUT]
2020/10/28 15:13:07:198

Connecting Started...

<<<----  [OUT]
2020/10/28 15:13:09:230

I can't connect with the passive [192.168.100.113/5000] error_code:10061 !

<<<----  [OUT]
2020/10/28 15:13:11:715

Connecting Started...

<<<----  [OUT]
2020/10/28 15:13:13:753

I can't connect with the passive [192.168.100.113/5000] error_code:10061 !

<<<----  [OUT]
2020/10/28 15:13:16:231

Connecting Started...

<<<----  [OUT]
2020/10/28 15:13:18:276

I can't connect with the passive [192.168.100.113/5000] error_code:10061 !

<<<----  [OUT]
2020/10/28 15:13:20:761

Connecting Started...

<<<----  [OUT]
2020/10/28 15:13:22:806

I can't connect with the passive [192.168.100.113/5000] error_code:10061 !

<<<----  [OUT]
2020/10/28 15:13:25:292

Connecting Started...

<<<----  [OUT]
2020/10/28 15:13:27:340

I can't connect with the passive [192.168.100.113/5000] error_code:10061 !

<<<----  [OUT]
2020/10/28 15:13:29:823

Connecting Started...

<<<----  [OUT]
2020/10/28 15:13:31:856

I can't connect with the passive [192.168.100.113/5000] error_code:10061 !

<<<----  [OUT]
2020/10/28 15:13:34:339

Connecting Started...

<<<----  [OUT]
2020/10/28 15:13:36:387

I can't connect with the passive [192.168.100.113/5000] error_code:10061 !

<<<----  [OUT]
2020/10/28 15:13:38:871

Connecting Started...

<<<----  [OUT]
2020/10/28 15:13:40:920

I can't connect with the passive [192.168.100.113/5000] error_code:10061 !

<<<----  [OUT]
2020/10/28 15:13:43:401

Connecting Started...

<<<----  [OUT]
2020/10/28 15:13:45:433

I can't connect with the passive [192.168.100.113/5000] error_code:10061 !

<<<----  [OUT]
2020/10/28 15:13:47:917

Connecting Started...

<<<----  [OUT]
2020/10/28 15:13:49:960

I can't connect with the passive [192.168.100.113/5000] error_code:10061 !

<<<----  [OUT]
2020/10/28 15:13:52:449

Connecting Started...

<<<----  [OUT]
2020/10/28 15:13:54:492

I can't connect with the passive [192.168.100.113/5000] error_code:10061 !

<<<----  [OUT]
2020/10/28 15:13:56:981

Connecting Started...

<<<----  [OUT]
2020/10/28 15:13:59:021

I can't connect with the passive [192.168.100.113/5000] error_code:10061 !

<<<----  [OUT]
2020/10/28 15:14:01:510

Connecting Started...

<<<----  [OUT]
2020/10/28 15:14:03:546

I can't connect with the passive [192.168.100.113/5000] error_code:10061 !

<<<----  [OUT]
2020/10/28 15:14:06:026

Connecting Started...

<<<----  [OUT]
2020/10/28 15:14:08:053

I can't connect with the passive [192.168.100.113/5000] error_code:10061 !

<<<----  [OUT]
2020/10/28 15:14:10:542

Connecting Started...

<<<----  [OUT]
2020/10/28 15:14:12:590

I can't connect with the passive [192.168.100.113/5000] error_code:10061 !

<<<----  [OUT]
2020/10/28 15:14:15:074

Connecting Started...

<<<----  [OUT]
2020/10/28 15:14:17:116

I can't connect with the passive [192.168.100.113/5000] error_code:10061 !

<<<----  [OUT]
2020/10/28 15:14:19:605

Connecting Started...

<<<----  [OUT]
2020/10/28 15:14:21:647

I can't connect with the passive [192.168.100.113/5000] error_code:10061 !

<<<----  [OUT]
2020/10/28 15:14:24:136

Connecting Started...

<<<----  [OUT]
2020/10/28 15:14:26:182

I can't connect with the passive [192.168.100.113/5000] error_code:10061 !

<<<----  [OUT]
2020/10/28 15:14:28:667

Connecting Started...

<<<----  [OUT]
2020/10/28 15:14:30:718

I can't connect with the passive [192.168.100.113/5000] error_code:10061 !

<<<----  [OUT]
2020/10/28 15:14:33:199

Connecting Started...

<<<----  [OUT]
2020/10/28 15:14:35:249

I can't connect with the passive [192.168.100.113/5000] error_code:10061 !

<<<----  [OUT]
2020/10/28 15:14:37:730

Connecting Started...

<<<----  [OUT]
2020/10/28 15:14:39:778

I can't connect with the passive [192.168.100.113/5000] error_code:10061 !

<<<----  [OUT]
2020/10/28 15:14:42:261

Connecting Started...

<<<----  [OUT]
2020/10/28 15:14:44:295

I can't connect with the passive [192.168.100.113/5000] error_code:10061 !

<<<----  [OUT]
2020/10/28 15:14:46:778

Connecting Started...

<<<----  [OUT]
2020/10/28 15:14:48:826

I can't connect with the passive [192.168.100.113/5000] error_code:10061 !

<<<----  [OUT]
2020/10/28 15:14:51:308

Connecting Started...

<<<----  [OUT]
2020/10/28 15:14:53:350

I can't connect with the passive [192.168.100.113/5000] error_code:10061 !

<<<----  [OUT]
2020/10/28 15:14:55:839

Connecting Started...

<<<----  [OUT]
2020/10/28 15:14:57:882

I can't connect with the passive [192.168.100.113/5000] error_code:10061 !

<<<----  [OUT]
2020/10/28 15:15:00:370

Connecting Started...

<<<----  [OUT]
2020/10/28 15:15:02:405

I can't connect with the passive [192.168.100.113/5000] error_code:10061 !

<<<----  [OUT]
2020/10/28 15:15:04:887

Connecting Started...

<<<----  [OUT]
2020/10/28 15:15:06:934

I can't connect with the passive [192.168.100.113/5000] error_code:10061 !

<<<----  [OUT]
2020/10/28 15:15:09:417

Connecting Started...

<<<----  [OUT]
2020/10/28 15:15:11:467

I can't connect with the passive [192.168.100.113/5000] error_code:10061 !

<<<----  [OUT]
2020/10/28 15:15:13:948

Connecting Started...

<<<----  [OUT]
2020/10/28 15:15:16:000

I can't connect with the passive [192.168.100.113/5000] error_code:10061 !

<<<----  [OUT]
2020/10/28 15:15:18:481

Connecting Started...

<<<----  [OUT]
2020/10/28 15:15:20:523

I can't connect with the passive [192.168.100.113/5000] error_code:10061 !

<<<----  [OUT]
2020/10/28 15:15:23:012

Connecting Started...

<<<----  [OUT]
2020/10/28 15:15:25:058

I can't connect with the passive [192.168.100.113/5000] error_code:10061 !

<<<----  [OUT]
2020/10/28 15:15:27:543

Connecting Started...

<<<----  [OUT]
2020/10/28 15:15:29:588

I can't connect with the passive [192.168.100.113/5000] error_code:10061 !

<<<----  [OUT]
2020/10/28 15:15:32:073

Connecting Started...

<<<----  [OUT]
2020/10/28 15:15:34:120

I can't connect with the passive [192.168.100.113/5000] error_code:10061 !

<<<----  [OUT]
2020/10/28 15:15:36:605

Connecting Started...

<<<----  [OUT]
2020/10/28 15:15:38:646

I can't connect with the passive [192.168.100.113/5000] error_code:10061 !

<<<----  [OUT]
2020/10/28 15:15:41:135

Connecting Started...

<<<----  [OUT]
2020/10/28 15:15:43:176

I can't connect with the passive [192.168.100.113/5000] error_code:10061 !

<<<----  [OUT]
2020/10/28 15:15:45:668

Connecting Started...

<<<----  [OUT]
2020/10/28 15:15:47:715

I can't connect with the passive [192.168.100.113/5000] error_code:10061 !

<<<----  [OUT]
2020/10/28 15:15:50:199

Connecting Started...

<<<----  [OUT]
2020/10/28 15:15:52:241

I can't connect with the passive [192.168.100.113/5000] error_code:10061 !

<<<----  [OUT]
2020/10/28 15:15:54:730

Connecting Started...

<<<----  [OUT]
2020/10/28 15:15:56:769

I can't connect with the passive [192.168.100.113/5000] error_code:10061 !

<<<----  [OUT]
2020/10/28 15:15:59:246

Connecting Started...

<<<----  [OUT]
2020/10/28 15:16:01:284

I can't connect with the passive [192.168.100.113/5000] error_code:10061 !

<<<----  [OUT]
2020/10/28 15:16:03:762

Connecting Started...

<<<----  [OUT]
2020/10/28 15:16:05:812

I can't connect with the passive [192.168.100.113/5000] error_code:10061 !

<<<----  [OUT]
2020/10/28 15:16:08:292

Connecting Started...

<<<----  [OUT]
2020/10/28 15:16:10:326

I can't connect with the passive [192.168.100.113/5000] error_code:10061 !

<<<----  [OUT]
2020/10/28 15:16:12:809

Connecting Started...

<<<----  [OUT]
2020/10/28 15:16:14:859

I can't connect with the passive [192.168.100.113/5000] error_code:10061 !

<<<----  [OUT]
2020/10/28 15:16:17:340

Connecting Started...

<<<----  [OUT]
2020/10/28 15:16:19:382

I can't connect with the passive [192.168.100.113/5000] error_code:10061 !

<<<----  [OUT]
2020/10/28 15:16:21:871

Connecting Started...

<<<----  [OUT]
2020/10/28 15:16:23:910

I can't connect with the passive [192.168.100.113/5000] error_code:10061 !

<<<----  [OUT]
2020/10/28 15:16:26:385

Connecting Started...

<<<----  [OUT]
2020/10/28 15:16:28:429

I can't connect with the passive [192.168.100.113/5000] error_code:10061 !

<<<----  [OUT]
2020/10/28 15:16:30:918

Connecting Started...

<<<----  [OUT]
2020/10/28 15:16:32:969

I can't connect with the passive [192.168.100.113/5000] error_code:10061 !

<<<----  [OUT]
2020/10/28 15:16:35:449

Connecting Started...

<<<----  [OUT]
2020/10/28 15:16:37:491

I can't connect with the passive [192.168.100.113/5000] error_code:10061 !

<<<----  [OUT]
2020/10/28 15:16:39:979

Connecting Started...

<<<----  [OUT]
2020/10/28 15:16:42:009

I can't connect with the passive [192.168.100.113/5000] error_code:10061 !

<<<----  [OUT]
2020/10/28 15:16:44:495

Connecting Started...

<<<----  [OUT]
2020/10/28 15:16:46:537

I can't connect with the passive [192.168.100.113/5000] error_code:10061 !

<<<----  [OUT]
2020/10/28 15:16:49:027

Connecting Started...

<<<----  [OUT]
2020/10/28 15:16:51:057

I can't connect with the passive [192.168.100.113/5000] error_code:10061 !

<<<----  [OUT]
2020/10/28 15:16:53:542

Connecting Started...

<<<----  [OUT]
2020/10/28 15:16:55:579

I can't connect with the passive [192.168.100.113/5000] error_code:10061 !

<<<----  [OUT]
2020/10/28 15:16:58:059

Connecting Started...

<<<----  [OUT]
2020/10/28 15:17:00:100

I can't connect with the passive [192.168.100.113/5000] error_code:10061 !

<<<----  [OUT]
2020/10/28 15:17:02:589

Connecting Started...

<<<----  [OUT]
2020/10/28 15:17:04:627

I can't connect with the passive [192.168.100.113/5000] error_code:10061 !

<<<----  [OUT]
2020/10/28 15:17:07:106

Connecting Started...

<<<----  [OUT]
2020/10/28 15:17:09:146

I can't connect with the passive [192.168.100.113/5000] error_code:10061 !

<<<----  [OUT]
2020/10/28 15:17:11:636

Connecting Started...

<<<----  [OUT]
2020/10/28 15:17:13:675

I can't connect with the passive [192.168.100.113/5000] error_code:10061 !

<<<----  [OUT]
2020/10/28 15:17:16:151

Connecting Started...

<<<----  [OUT]
2020/10/28 15:17:18:201

I can't connect with the passive [192.168.100.113/5000] error_code:10061 !

<<<----  [OUT]
2020/10/28 15:17:20:682

Connecting Started...

<<<----  [OUT]
2020/10/28 15:17:22:726

I can't connect with the passive [192.168.100.113/5000] error_code:10061 !

<<<----  [OUT]
2020/10/28 15:17:25:214

Connecting Started...

<<<----  [OUT]
2020/10/28 15:17:27:251

I can't connect with the passive [192.168.100.113/5000] error_code:10061 !

<<<----  [OUT]
2020/10/28 15:17:29:730

Connecting Started...

<<<----  [OUT]
2020/10/28 15:17:31:781

I can't connect with the passive [192.168.100.113/5000] error_code:10061 !

<<<----  [OUT]
2020/10/28 15:17:34:262

Connecting Started...

<<<----  [OUT]
2020/10/28 15:17:36:301

I can't connect with the passive [192.168.100.113/5000] error_code:10061 !

<<<----  [OUT]
2020/10/28 15:17:38:792

Connecting Started...

<<<----  [OUT]
2020/10/28 15:17:40:834

I can't connect with the passive [192.168.100.113/5000] error_code:10061 !

<<<----  [OUT]
2020/10/28 15:17:43:323

Connecting Started...

<<<----  [OUT]
2020/10/28 15:17:45:357

I can't connect with the passive [192.168.100.113/5000] error_code:10061 !

<<<----  [OUT]
2020/10/28 15:17:47:839

Connecting Started...

<<<----  [OUT]
2020/10/28 15:18:36:393

---------------------------------------------------------------------
// FA : Start Log ...


<<<----  [OUT]
2020/10/28 15:18:36:398

//-------------------------------------------------------------
Property Information

   Driver Type [HSMS]
   Driver Mode [ACTIVE]
   IP    [192.168.100.113]
   Port  [5000]
//-------------------------------------------------------------


<<<----  [OUT]
2020/10/28 15:18:36:999

Auto-Start Started ... (Active)

<<<----  [OUT]
2020/10/28 15:18:37:090

Auto-Start Started ...  Waiting Stop-Connection.

<<<----  [OUT]
2020/10/28 15:18:37:090

Auto-Start Started ...  Waiting Open-Socket.

<<<----  [OUT]
2020/10/28 15:18:37:119

Socket Open Started...

<<<----  [OUT]
2020/10/28 15:18:37:119

Socket Open Completed...

<<<----  [OUT]
2020/10/28 15:18:37:119

Connecting Started...

<<<----  [OUT]
2020/10/28 15:18:37:180

Auto-Start Completed ...  (Active)

<<<----  [OUT]
2020/10/28 15:18:39:170

I can't connect with the passive [192.168.100.113/5000] error_code:10061 !

<<<----  [OUT]
2020/10/28 15:18:41:653

Connecting Started...

<<<----  [OUT]
2020/10/28 15:18:43:693

I can't connect with the passive [192.168.100.113/5000] error_code:10061 !

<<<----  [OUT]
2020/10/28 15:18:46:183

Connecting Started...

<<<----  [OUT]
2020/10/28 15:18:48:214

I can't connect with the passive [192.168.100.113/5000] error_code:10061 !

<<<----  [OUT]
2020/10/28 15:18:50:699

Connecting Started...

<<<----  [OUT]
2020/10/28 15:18:52:735

I can't connect with the passive [192.168.100.113/5000] error_code:10061 !

<<<----  [OUT]
2020/10/28 15:18:55:213

Connecting Started...

<<<----  [OUT]
2020/10/28 15:18:57:245

I can't connect with the passive [192.168.100.113/5000] error_code:10061 !

<<<----  [OUT]
2020/10/28 15:18:59:729

Connecting Started...

<<<----  [OUT]
2020/10/28 15:19:01:768

I can't connect with the passive [192.168.100.113/5000] error_code:10061 !

<<<----  [OUT]
2020/10/28 15:19:04:245

Connecting Started...

<<<----  [OUT]
2020/10/28 15:19:06:287

I can't connect with the passive [192.168.100.113/5000] error_code:10061 !

<<<----  [OUT]
2020/10/28 15:19:08:777

Connecting Started...

<<<----  [OUT]
2020/10/28 15:19:10:809

I can't connect with the passive [192.168.100.113/5000] error_code:10061 !

<<<----  [OUT]
2020/10/28 15:19:13:293

Connecting Started...

<<<----  [OUT]
2020/10/28 15:19:15:333

I can't connect with the passive [192.168.100.113/5000] error_code:10061 !

<<<----  [OUT]
2020/10/28 15:19:17:823

Connecting Started...

<<<----  [OUT]
2020/10/28 15:19:19:851

I can't connect with the passive [192.168.100.113/5000] error_code:10061 !

<<<----  [OUT]
2020/10/28 15:19:22:339

Connecting Started...

<<<----  [OUT]
2020/10/28 15:19:24:371

I can't connect with the passive [192.168.100.113/5000] error_code:10061 !

<<<----  [OUT]
2020/10/28 15:19:26:856

Connecting Started...

<<<----  [OUT]
2020/10/28 15:19:28:895

I can't connect with the passive [192.168.100.113/5000] error_code:10061 !

<<<----  [OUT]
2020/10/28 15:19:31:387

Connecting Started...

<<<----  [OUT]
2020/10/28 15:19:33:440

I can't connect with the passive [192.168.100.113/5000] error_code:10061 !

<<<----  [OUT]
2020/10/28 15:19:35:917

Connecting Started...

<<<----  [OUT]
2020/10/28 15:19:37:952

I can't connect with the passive [192.168.100.113/5000] error_code:10061 !

<<<----  [OUT]
2020/10/28 15:19:40:432

Connecting Started...

<<<----  [OUT]
2020/10/28 15:19:42:479

I can't connect with the passive [192.168.100.113/5000] error_code:10061 !

<<<----  [OUT]
2020/10/28 15:19:44:964

Connecting Started...

<<<----  [OUT]
2020/10/28 15:19:47:005

I can't connect with the passive [192.168.100.113/5000] error_code:10061 !

<<<----  [OUT]
2020/10/28 15:19:49:496

Connecting Started...

<<<----  [OUT]
2020/10/28 15:19:51:538

I can't connect with the passive [192.168.100.113/5000] error_code:10061 !

<<<----  [OUT]
2020/10/28 15:19:54:027

Connecting Started...

<<<----  [OUT]
2020/10/28 15:19:56:072

I can't connect with the passive [192.168.100.113/5000] error_code:10061 !

<<<----  [OUT]
2020/10/28 15:19:58:559

Connecting Started...

<<<----  [OUT]
2020/10/28 15:20:00:587

I can't connect with the passive [192.168.100.113/5000] error_code:10061 !

<<<----  [OUT]
2020/10/28 15:20:03:073

Connecting Started...

<<<----  [OUT]
2020/10/28 15:20:05:113

I can't connect with the passive [192.168.100.113/5000] error_code:10061 !

<<<----  [OUT]
2020/10/28 15:20:07:606

Connecting Started...

<<<----  [OUT]
2020/10/28 15:20:09:632

I can't connect with the passive [192.168.100.113/5000] error_code:10061 !

<<<----  [OUT]
2020/10/28 15:20:12:120

Connecting Started...

<<<----  [OUT]
2020/10/28 15:20:14:162

I can't connect with the passive [192.168.100.113/5000] error_code:10061 !

<<<----  [OUT]
2020/10/28 15:20:16:653

Connecting Started...

<<<----  [OUT]
2020/10/28 15:20:18:707

I can't connect with the passive [192.168.100.113/5000] error_code:10061 !

<<<----  [OUT]
2020/10/28 15:20:21:199

Connecting Started...

<<<----  [OUT]
2020/10/28 15:20:23:246

I can't connect with the passive [192.168.100.113/5000] error_code:10061 !

<<<----  [OUT]
2020/10/28 15:20:25:729

Connecting Started...

<<<----  [OUT]
2020/10/28 15:20:27:773

I can't connect with the passive [192.168.100.113/5000] error_code:10061 !

<<<----  [OUT]
2020/10/28 15:20:30:260

Connecting Started...

<<<----  [OUT]
2020/10/28 15:20:32:314

I can't connect with the passive [192.168.100.113/5000] error_code:10061 !

<<<----  [OUT]
2020/10/28 15:20:34:792

Connecting Started...

<<<----  [OUT]
2020/10/28 15:20:36:829

I can't connect with the passive [192.168.100.113/5000] error_code:10061 !

<<<----  [OUT]
2020/10/28 15:20:39:308

Connecting Started...

<<<----  [OUT]
2020/10/28 15:20:41:349

I can't connect with the passive [192.168.100.113/5000] error_code:10061 !

<<<----  [OUT]
2020/10/28 15:20:43:839

Connecting Started...

<<<----  [OUT]
2020/10/28 15:20:45:887

I can't connect with the passive [192.168.100.113/5000] error_code:10061 !

<<<----  [OUT]
2020/10/28 15:20:48:371

Connecting Started...

<<<----  [OUT]
2020/10/28 15:20:50:415

I can't connect with the passive [192.168.100.113/5000] error_code:10061 !

<<<----  [OUT]
2020/10/28 15:20:52:901

Connecting Started...

<<<----  [OUT]
2020/10/28 15:20:54:941

I can't connect with the passive [192.168.100.113/5000] error_code:10061 !

<<<----  [OUT]
2020/10/28 15:20:57:418

Connecting Started...

<<<----  [OUT]
2020/10/28 15:20:59:463

I can't connect with the passive [192.168.100.113/5000] error_code:10061 !

<<<----  [OUT]
2020/10/28 15:21:01:948

Connecting Started...

<<<----  [OUT]
2020/10/28 15:21:04:000

I can't connect with the passive [192.168.100.113/5000] error_code:10061 !

<<<----  [OUT]
2020/10/28 15:21:06:479

Connecting Started...

<<<----  [OUT]
2020/10/28 15:21:08:522

I can't connect with the passive [192.168.100.113/5000] error_code:10061 !

<<<----  [OUT]
2020/10/28 15:21:11:011

Connecting Started...

<<<----  [OUT]
2020/10/28 15:21:13:049

I can't connect with the passive [192.168.100.113/5000] error_code:10061 !

<<<----  [OUT]
2020/10/28 15:21:15:526

Connecting Started...

<<<----  [OUT]
2020/10/28 15:21:17:576

I can't connect with the passive [192.168.100.113/5000] error_code:10061 !

<<<----  [OUT]
2020/10/28 15:21:20:058

Connecting Started...

<<<----  [OUT]
2020/10/28 15:21:22:120

I can't connect with the passive [192.168.100.113/5000] error_code:10061 !

<<<----  [OUT]
2020/10/28 15:21:24:606

Connecting Started...

<<<----  [OUT]
2020/10/28 15:21:26:659

I can't connect with the passive [192.168.100.113/5000] error_code:10061 !

<<<----  [OUT]
2020/10/28 15:21:29:136

Connecting Started...

<<<----  [OUT]
2020/10/28 15:21:31:190

I can't connect with the passive [192.168.100.113/5000] error_code:10061 !

<<<----  [OUT]
2020/10/28 15:21:33:668

Connecting Started...

<<<----  [OUT]
2020/10/28 15:21:35:698

I can't connect with the passive [192.168.100.113/5000] error_code:10061 !

<<<----  [OUT]
2020/10/28 15:21:38:183

Connecting Started...

<<<----  [OUT]
2020/10/28 15:21:40:225

I can't connect with the passive [192.168.100.113/5000] error_code:10061 !

<<<----  [OUT]
2020/10/28 15:21:42:714

Connecting Started...

<<<----  [OUT]
2020/10/28 15:21:44:759

I can't connect with the passive [192.168.100.113/5000] error_code:10061 !

<<<----  [OUT]
2020/10/28 15:21:47:246

Connecting Started...

<<<----  [OUT]
2020/10/28 15:21:49:296

I can't connect with the passive [192.168.100.113/5000] error_code:10061 !

<<<----  [OUT]
2020/10/28 15:21:51:777

Connecting Started...

<<<----  [OUT]
2020/10/28 15:21:53:830

I can't connect with the passive [192.168.100.113/5000] error_code:10061 !

<<<----  [OUT]
2020/10/28 15:21:56:309

Connecting Started...

<<<----  [OUT]
2020/10/28 15:21:58:359

I can't connect with the passive [192.168.100.113/5000] error_code:10061 !

<<<----  [OUT]
2020/10/28 15:22:00:840

Connecting Started...

<<<----  [OUT]
2020/10/28 15:22:02:866

I can't connect with the passive [192.168.100.113/5000] error_code:10061 !

<<<----  [OUT]
2020/10/28 15:22:05:356

Connecting Started...

<<<----  [OUT]
2020/10/28 15:22:07:395

I can't connect with the passive [192.168.100.113/5000] error_code:10061 !

<<<----  [OUT]
2020/10/28 15:22:09:887

Connecting Started...

<<<----  [OUT]
2020/10/28 15:22:11:942

I can't connect with the passive [192.168.100.113/5000] error_code:10061 !

<<<----  [OUT]
2020/10/28 15:22:14:433

Connecting Started...

<<<----  [OUT]
2020/10/28 15:22:16:472

I can't connect with the passive [192.168.100.113/5000] error_code:10061 !

<<<----  [OUT]
2020/10/28 15:22:18:949

Connecting Started...

<<<----  [OUT]
2020/10/28 15:22:20:990

I can't connect with the passive [192.168.100.113/5000] error_code:10061 !

<<<----  [OUT]
2020/10/28 15:22:23:479

Connecting Started...

<<<----  [OUT]
2020/10/28 15:22:25:513

I can't connect with the passive [192.168.100.113/5000] error_code:10061 !

<<<----  [OUT]
2020/10/28 15:22:27:996

Connecting Started...

<<<----  [OUT]
2020/10/28 15:22:30:030

I can't connect with the passive [192.168.100.113/5000] error_code:10061 !

<<<----  [OUT]
2020/10/28 15:22:32:511

Connecting Started...

<<<----  [OUT]
2020/10/28 15:22:34:537

I can't connect with the passive [192.168.100.113/5000] error_code:10061 !

<<<----  [OUT]
2020/10/28 15:22:37:026

Connecting Started...

<<<----  [OUT]
2020/10/28 15:22:39:066

I can't connect with the passive [192.168.100.113/5000] error_code:10061 !

<<<----  [OUT]
2020/10/28 15:22:41:558

Connecting Started...

<<<----  [OUT]
2020/10/28 15:22:43:589

I can't connect with the passive [192.168.100.113/5000] error_code:10061 !

<<<----  [OUT]
2020/10/28 15:22:46:073

Connecting Started...

<<<----  [OUT]
2020/10/28 15:22:48:109

I can't connect with the passive [192.168.100.113/5000] error_code:10061 !

<<<----  [OUT]
2020/10/28 15:22:50:590

Connecting Started...

<<<----  [OUT]
2020/10/28 15:22:52:638

I can't connect with the passive [192.168.100.113/5000] error_code:10061 !

<<<----  [OUT]
2020/10/28 15:22:55:120

Connecting Started...

<<<----  [OUT]
2020/10/28 15:22:57:162

I can't connect with the passive [192.168.100.113/5000] error_code:10061 !

<<<----  [OUT]
2020/10/28 15:22:59:651

Connecting Started...

<<<----  [OUT]
2020/10/28 15:23:01:686

I can't connect with the passive [192.168.100.113/5000] error_code:10061 !

<<<----  [OUT]
2020/10/28 15:23:04:168

Connecting Started...

<<<----  [OUT]
2020/10/28 15:23:06:200

I can't connect with the passive [192.168.100.113/5000] error_code:10061 !

<<<----  [OUT]
2020/10/28 15:23:08:682

Connecting Started...

<<<----  [OUT]
2020/10/28 15:23:10:716

I can't connect with the passive [192.168.100.113/5000] error_code:10061 !

<<<----  [OUT]
2020/10/28 15:23:13:198

Connecting Started...

<<<----  [OUT]
2020/10/28 15:23:15:236

I can't connect with the passive [192.168.100.113/5000] error_code:10061 !

<<<----  [OUT]
2020/10/28 15:23:17:714

Connecting Started...

<<<----  [OUT]
2020/10/28 15:23:19:760

I can't connect with the passive [192.168.100.113/5000] error_code:10061 !

<<<----  [OUT]
2020/10/28 15:23:22:245

Connecting Started...

<<<----  [OUT]
2020/10/28 15:23:24:280

I can't connect with the passive [192.168.100.113/5000] error_code:10061 !

<<<----  [OUT]
2020/10/28 15:23:26:761

Connecting Started...

<<<----  [OUT]
2020/10/28 15:23:28:791

I can't connect with the passive [192.168.100.113/5000] error_code:10061 !

<<<----  [OUT]
2020/10/28 15:23:31:276

Connecting Started...

<<<----  [OUT]
2020/10/28 15:23:33:321

I can't connect with the passive [192.168.100.113/5000] error_code:10061 !

<<<----  [OUT]
2020/10/28 15:23:35:808

Connecting Started...

<<<----  [OUT]
2020/10/28 15:23:37:853

I can't connect with the passive [192.168.100.113/5000] error_code:10061 !

<<<----  [OUT]
2020/10/28 15:23:40:340

Connecting Started...

<<<----  [OUT]
2020/10/28 15:23:42:376

I can't connect with the passive [192.168.100.113/5000] error_code:10061 !

<<<----  [OUT]
2020/10/28 15:23:44:854

Connecting Started...

<<<----  [OUT]
2020/10/28 15:23:46:897

I can't connect with the passive [192.168.100.113/5000] error_code:10061 !

<<<----  [OUT]
2020/10/28 15:23:49:385

Connecting Started...

<<<----  [OUT]
2020/10/28 15:23:51:430

I can't connect with the passive [192.168.100.113/5000] error_code:10061 !

<<<----  [OUT]
2020/10/28 15:23:53:917

Connecting Started...

<<<----  [OUT]
2020/10/28 15:23:55:952

I can't connect with the passive [192.168.100.113/5000] error_code:10061 !

<<<----  [OUT]
2020/10/28 15:23:58:433

Connecting Started...

<<<----  [OUT]
2020/10/28 15:24:00:478

I can't connect with the passive [192.168.100.113/5000] error_code:10061 !

<<<----  [OUT]
2020/10/28 15:24:02:964

Connecting Started...

<<<----  [OUT]
2020/10/28 15:24:04:992

I can't connect with the passive [192.168.100.113/5000] error_code:10061 !

<<<----  [OUT]
2020/10/28 15:24:07:480

Connecting Started...

<<<----  [OUT]
2020/10/28 15:24:09:524

I can't connect with the passive [192.168.100.113/5000] error_code:10061 !

<<<----  [OUT]
2020/10/28 15:24:12:011

Connecting Started...

<<<----  [OUT]
2020/10/28 15:24:14:058

I can't connect with the passive [192.168.100.113/5000] error_code:10061 !

<<<----  [OUT]
2020/10/28 15:24:16:543

Connecting Started...

<<<----  [OUT]
2020/10/28 15:24:18:553

I can't connect with the passive [192.168.100.113/5000] error_code:10061 !

<<<----  [OUT]
2020/10/28 15:24:21:043

Connecting Started...

<<<----  [OUT]
2020/10/28 15:24:23:090

I can't connect with the passive [192.168.100.113/5000] error_code:10061 !

<<<----  [OUT]
2020/10/28 15:24:25:575

Connecting Started...

<<<----  [OUT]
2020/10/28 15:24:27:621

I can't connect with the passive [192.168.100.113/5000] error_code:10061 !

<<<----  [OUT]
2020/10/28 15:24:30:105

Connecting Started...

<<<----  [OUT]
2020/10/28 15:24:32:147

I can't connect with the passive [192.168.100.113/5000] error_code:10061 !

<<<----  [OUT]
2020/10/28 15:24:34:635

Connecting Started...

<<<----  [OUT]
2020/10/28 15:24:36:679

I can't connect with the passive [192.168.100.113/5000] error_code:10061 !

<<<----  [OUT]
2020/10/28 15:24:39:167

Connecting Started...

<<<----  [OUT]
2020/10/28 15:24:41:217

I can't connect with the passive [192.168.100.113/5000] error_code:10061 !

<<<----  [OUT]
2020/10/28 15:24:43:699

Connecting Started...

<<<----  [OUT]
2020/10/28 15:24:45:745

I can't connect with the passive [192.168.100.113/5000] error_code:10061 !

<<<----  [OUT]
2020/10/28 15:24:48:230

Connecting Started...

<<<----  [OUT]
2020/10/28 15:24:50:266

I can't connect with the passive [192.168.100.113/5000] error_code:10061 !

<<<----  [OUT]
2020/10/28 15:24:52:744

Connecting Started...

<<<----  [OUT]
2020/10/28 15:24:54:792

I can't connect with the passive [192.168.100.113/5000] error_code:10061 !

<<<----  [OUT]
2020/10/28 15:24:57:276

Connecting Started...

<<<----  [OUT]
2020/10/28 15:24:59:319

I can't connect with the passive [192.168.100.113/5000] error_code:10061 !

<<<----  [OUT]
2020/10/28 15:25:01:809

Connecting Started...

<<<----  [OUT]
2020/10/28 15:25:03:843

I can't connect with the passive [192.168.100.113/5000] error_code:10061 !

<<<----  [OUT]
2020/10/28 15:25:06:323

Connecting Started...

<<<----  [OUT]
2020/10/28 15:25:08:362

I can't connect with the passive [192.168.100.113/5000] error_code:10061 !

<<<----  [OUT]
2020/10/28 15:25:10:839

Connecting Started...

<<<----  [OUT]
2020/10/28 15:25:12:885

I can't connect with the passive [192.168.100.113/5000] error_code:10061 !

<<<----  [OUT]
2020/10/28 15:25:15:371

Connecting Started...

<<<----  [OUT]
2020/10/28 15:25:17:423

I can't connect with the passive [192.168.100.113/5000] error_code:10061 !

<<<----  [OUT]
2020/10/28 15:25:19:902

Connecting Started...

<<<----  [OUT]
2020/10/28 15:25:21:935

I can't connect with the passive [192.168.100.113/5000] error_code:10061 !

<<<----  [OUT]
2020/10/28 15:25:24:416

Connecting Started...

<<<----  [OUT]
2020/10/28 15:25:26:450

I can't connect with the passive [192.168.100.113/5000] error_code:10061 !

<<<----  [OUT]
2020/10/28 15:25:28:933

Connecting Started...

<<<----  [OUT]
2020/10/28 15:25:30:970

I can't connect with the passive [192.168.100.113/5000] error_code:10061 !

<<<----  [OUT]
2020/10/28 15:25:33:448

Connecting Started...

<<<----  [OUT]
2020/10/28 15:25:35:485

I can't connect with the passive [192.168.100.113/5000] error_code:10061 !

<<<----  [OUT]
2020/10/28 15:25:37:965

Connecting Started...

<<<----  [OUT]
2020/10/28 15:25:40:003

I can't connect with the passive [192.168.100.113/5000] error_code:10061 !

<<<----  [OUT]
2020/10/28 15:25:42:479

Connecting Started...

<<<----  [OUT]
2020/10/28 15:25:44:518

I can't connect with the passive [192.168.100.113/5000] error_code:10061 !

<<<----  [OUT]
2020/10/28 15:25:46:996

Connecting Started...

<<<----  [OUT]
2020/10/28 15:25:49:030

I can't connect with the passive [192.168.100.113/5000] error_code:10061 !

<<<----  [OUT]
2020/10/28 15:25:51:511

Connecting Started...

<<<----  [OUT]
2020/10/28 15:25:53:559

I can't connect with the passive [192.168.100.113/5000] error_code:10061 !

<<<----  [OUT]
2020/10/28 15:25:56:043

Connecting Started...

<<<----  [OUT]
2020/10/28 15:25:58:092

I can't connect with the passive [192.168.100.113/5000] error_code:10061 !

<<<----  [OUT]
2020/10/28 15:26:00:574

Connecting Started...

<<<----  [OUT]
2020/10/28 15:26:02:595

I can't connect with the passive [192.168.100.113/5000] error_code:10061 !

<<<----  [OUT]
2020/10/28 15:26:05:073

Connecting Started...

<<<----  [OUT]
2020/10/28 15:26:07:106

I can't connect with the passive [192.168.100.113/5000] error_code:10061 !

<<<----  [OUT]
2020/10/28 15:26:09:590

Connecting Started...

<<<----  [OUT]
2020/10/28 15:26:11:636

I can't connect with the passive [192.168.100.113/5000] error_code:10061 !

<<<----  [OUT]
2020/10/28 15:26:14:120

Connecting Started...

<<<----  [OUT]
2020/10/28 15:26:16:176

I can't connect with the passive [192.168.100.113/5000] error_code:10061 !

<<<----  [OUT]
2020/10/28 15:26:18:667

Connecting Started...

<<<----  [OUT]
2020/10/28 15:26:20:715

I can't connect with the passive [192.168.100.113/5000] error_code:10061 !

<<<----  [OUT]
2020/10/28 15:26:23:198

Connecting Started...

<<<----  [OUT]
2020/10/28 15:26:25:224

I can't connect with the passive [192.168.100.113/5000] error_code:10061 !

<<<----  [OUT]
2020/10/28 15:26:27:715

Connecting Started...

<<<----  [OUT]
2020/10/28 15:26:29:761

I can't connect with the passive [192.168.100.113/5000] error_code:10061 !

<<<----  [OUT]
2020/10/28 15:26:32:245

Connecting Started...

<<<----  [OUT]
2020/10/28 15:43:18:396

---------------------------------------------------------------------
// FA : Start Log ...


<<<----  [OUT]
2020/10/28 15:43:18:399

//-------------------------------------------------------------
Property Information

   Driver Type [HSMS]
   Driver Mode [ACTIVE]
   IP    [192.168.100.113]
   Port  [5000]
//-------------------------------------------------------------


<<<----  [OUT]
2020/10/28 15:43:19:001

Auto-Start Started ... (Active)

<<<----  [OUT]
2020/10/28 15:43:19:091

Auto-Start Started ...  Waiting Stop-Connection.

<<<----  [OUT]
2020/10/28 15:43:19:091

Auto-Start Started ...  Waiting Open-Socket.

<<<----  [OUT]
2020/10/28 15:43:19:122

Socket Open Started...

<<<----  [OUT]
2020/10/28 15:43:19:122

Socket Open Completed...

<<<----  [OUT]
2020/10/28 15:43:19:122

Connecting Started...

<<<----  [OUT]
2020/10/28 15:43:19:182

Auto-Start Completed ...  (Active)

<<<----  [OUT]
2020/10/28 15:43:21:173

I can't connect with the passive [192.168.100.113/5000] error_code:10061 !

<<<----  [OUT]
2020/10/28 15:43:23:652

Connecting Started...

<<<----  [OUT]
2020/10/28 15:43:25:695

I can't connect with the passive [192.168.100.113/5000] error_code:10061 !

<<<----  [OUT]
2020/10/28 15:43:28:184

Connecting Started...

<<<----  [OUT]
2020/10/28 15:43:30:227

I can't connect with the passive [192.168.100.113/5000] error_code:10061 !

<<<----  [OUT]
2020/10/28 15:43:32:714

Connecting Started...

<<<----  [OUT]
2020/10/28 15:43:34:759

I can't connect with the passive [192.168.100.113/5000] error_code:10061 !

<<<----  [OUT]
2020/10/28 15:43:37:245

Connecting Started...

<<<----  [OUT]
2020/10/28 15:43:39:292

I can't connect with the passive [192.168.100.113/5000] error_code:10061 !

<<<----  [OUT]
2020/10/28 15:43:41:776

Connecting Started...

<<<----  [OUT]
2020/10/28 15:43:43:820

I can't connect with the passive [192.168.100.113/5000] error_code:10061 !

<<<----  [OUT]
2020/10/28 15:43:46:308

Connecting Started...

<<<----  [OUT]
2020/10/28 15:43:48:357

I can't connect with the passive [192.168.100.113/5000] error_code:10061 !

<<<----  [OUT]
2020/10/28 15:43:50:840

Connecting Started...

<<<----  [OUT]
2020/10/28 15:43:52:892

I can't connect with the passive [192.168.100.113/5000] error_code:10061 !

<<<----  [OUT]
2020/10/28 15:43:55:371

Connecting Started...

<<<----  [OUT]
2020/10/28 15:43:57:431

I can't connect with the passive [192.168.100.113/5000] error_code:10061 !

<<<----  [OUT]
2020/10/28 15:43:59:918

Connecting Started...

<<<----  [OUT]
2020/10/28 15:44:01:957

I can't connect with the passive [192.168.100.113/5000] error_code:10061 !

<<<----  [OUT]
2020/10/28 15:44:04:448

Connecting Started...

<<<----  [OUT]
2020/10/28 15:44:06:496

I can't connect with the passive [192.168.100.113/5000] error_code:10061 !

<<<----  [OUT]
2020/10/28 15:44:08:980

Connecting Started...

<<<----  [OUT]
2020/10/28 15:44:11:023

I can't connect with the passive [192.168.100.113/5000] error_code:10061 !

<<<----  [OUT]
2020/10/28 15:44:13:511

Connecting Started...

<<<----  [OUT]
2020/10/28 15:44:15:550

I can't connect with the passive [192.168.100.113/5000] error_code:10061 !

<<<----  [OUT]
2020/10/28 15:44:18:026

Connecting Started...

<<<----  [OUT]
2020/10/28 15:44:20:066

I can't connect with the passive [192.168.100.113/5000] error_code:10061 !

<<<----  [OUT]
2020/10/28 15:44:22:543

Connecting Started...

<<<----  [OUT]
2020/10/28 15:44:24:579

I can't connect with the passive [192.168.100.113/5000] error_code:10061 !

<<<----  [OUT]
2020/10/28 15:44:27:057

Connecting Started...

<<<----  [OUT]
2020/10/28 15:44:29:100

I can't connect with the passive [192.168.100.113/5000] error_code:10061 !

<<<----  [OUT]
2020/10/28 15:44:31:590

Connecting Started...

<<<----  [OUT]
2020/10/28 15:44:33:631

I can't connect with the passive [192.168.100.113/5000] error_code:10061 !

<<<----  [OUT]
2020/10/28 15:44:36:121

Connecting Started...

<<<----  [OUT]
2020/10/28 15:44:38:171

I can't connect with the passive [192.168.100.113/5000] error_code:10061 !

<<<----  [OUT]
2020/10/28 15:44:40:651

Connecting Started...

<<<----  [OUT]
2020/10/28 15:44:42:694

I can't connect with the passive [192.168.100.113/5000] error_code:10061 !

<<<----  [OUT]
2020/10/28 15:44:45:183

Connecting Started...

<<<----  [OUT]
2020/10/28 15:44:47:233

I can't connect with the passive [192.168.100.113/5000] error_code:10061 !

<<<----  [OUT]
2020/10/28 15:44:49:715

Connecting Started...

<<<----  [OUT]
2020/10/28 15:44:51:739

I can't connect with the passive [192.168.100.113/5000] error_code:10061 !

<<<----  [OUT]
2020/10/28 15:44:54:230

Connecting Started...

<<<----  [OUT]
2020/10/28 15:44:56:267

I can't connect with the passive [192.168.100.113/5000] error_code:10061 !

<<<----  [OUT]
2020/10/28 15:44:58:746

Connecting Started...

<<<----  [OUT]
2020/10/28 15:45:00:791

I can't connect with the passive [192.168.100.113/5000] error_code:10061 !

<<<----  [OUT]
2020/10/28 15:45:03:277

Connecting Started...

<<<----  [OUT]
2020/10/28 15:45:05:298

I can't connect with the passive [192.168.100.113/5000] error_code:10061 !

<<<----  [OUT]
2020/10/28 15:45:07:778

Connecting Started...

<<<----  [OUT]
2020/10/28 15:45:09:829

I can't connect with the passive [192.168.100.113/5000] error_code:10061 !

<<<----  [OUT]
2020/10/28 15:45:12:307

Connecting Started...

<<<----  [OUT]
2020/10/28 15:45:14:357

I can't connect with the passive [192.168.100.113/5000] error_code:10061 !

<<<----  [OUT]
2020/10/28 15:45:16:839

Connecting Started...

<<<----  [OUT]
2020/10/28 15:45:18:895

I can't connect with the passive [192.168.100.113/5000] error_code:10061 !

<<<----  [OUT]
2020/10/28 15:45:21:386

Connecting Started...

<<<----  [OUT]
2020/10/28 15:45:23:428

I can't connect with the passive [192.168.100.113/5000] error_code:10061 !

<<<----  [OUT]
2020/10/28 15:45:25:917

Connecting Started...

<<<----  [OUT]
2020/10/28 15:45:27:960

I can't connect with the passive [192.168.100.113/5000] error_code:10061 !

<<<----  [OUT]
2020/10/28 15:45:30:449

Connecting Started...

<<<----  [OUT]
2020/10/28 15:45:32:481

I can't connect with the passive [192.168.100.113/5000] error_code:10061 !

<<<----  [OUT]
2020/10/28 15:45:34:965

Connecting Started...

<<<----  [OUT]
2020/10/28 15:45:37:015

I can't connect with the passive [192.168.100.113/5000] error_code:10061 !

<<<----  [OUT]
2020/10/28 15:45:39:495

Connecting Started...

<<<----  [OUT]
2020/10/28 15:45:41:521

I can't connect with the passive [192.168.100.113/5000] error_code:10061 !

<<<----  [OUT]
2020/10/28 15:45:44:011

Connecting Started...

<<<----  [OUT]
2020/10/28 15:45:46:041

I can't connect with the passive [192.168.100.113/5000] error_code:10061 !

<<<----  [OUT]
2020/10/28 15:45:48:528

Connecting Started...

<<<----  [OUT]
2020/10/28 15:45:50:575

I can't connect with the passive [192.168.100.113/5000] error_code:10061 !

<<<----  [OUT]
2020/10/28 15:45:53:059

Connecting Started...

<<<----  [OUT]
2020/10/28 15:45:55:109

I can't connect with the passive [192.168.100.113/5000] error_code:10061 !

<<<----  [OUT]
2020/10/28 15:45:57:588

Connecting Started...

<<<----  [OUT]
2020/10/28 15:45:59:642

I can't connect with the passive [192.168.100.113/5000] error_code:10061 !

<<<----  [OUT]
2020/10/28 15:46:02:121

Connecting Started...

<<<----  [OUT]
2020/10/28 15:46:04:162

I can't connect with the passive [192.168.100.113/5000] error_code:10061 !

<<<----  [OUT]
2020/10/28 15:46:06:652

Connecting Started...

<<<----  [OUT]
2020/10/28 15:46:08:699

I can't connect with the passive [192.168.100.113/5000] error_code:10061 !

<<<----  [OUT]
2020/10/28 15:46:11:182

Connecting Started...

<<<----  [OUT]
2020/10/28 15:46:13:231

I can't connect with the passive [192.168.100.113/5000] error_code:10061 !

<<<----  [OUT]
2020/10/28 15:46:15:714

Connecting Started...

<<<----  [OUT]
2020/10/28 15:46:17:764

I can't connect with the passive [192.168.100.113/5000] error_code:10061 !

<<<----  [OUT]
2020/10/28 15:46:20:245

Connecting Started...

<<<----  [OUT]
2020/10/28 15:46:22:282

I can't connect with the passive [192.168.100.113/5000] error_code:10061 !

<<<----  [OUT]
2020/10/28 15:46:24:761

Connecting Started...

<<<----  [OUT]
2020/10/28 15:46:26:813

I can't connect with the passive [192.168.100.113/5000] error_code:10061 !

<<<----  [OUT]
2020/10/28 15:46:29:292

Connecting Started...

<<<----  [OUT]
2020/10/28 15:46:31:317

I can't connect with the passive [192.168.100.113/5000] error_code:10061 !

<<<----  [OUT]
2020/10/28 15:46:33:809

Connecting Started...

<<<----  [OUT]
2020/10/28 15:46:35:847

I can't connect with the passive [192.168.100.113/5000] error_code:10061 !

<<<----  [OUT]
2020/10/28 15:46:38:324

Connecting Started...

<<<----  [OUT]
2020/10/28 15:46:40:364

I can't connect with the passive [192.168.100.113/5000] error_code:10061 !

<<<----  [OUT]
2020/10/28 15:46:42:855

Connecting Started...

<<<----  [OUT]
2020/10/28 15:46:44:888

I can't connect with the passive [192.168.100.113/5000] error_code:10061 !

<<<----  [OUT]
2020/10/28 15:46:47:371

Connecting Started...

<<<----  [OUT]
2020/10/28 15:46:49:425

I can't connect with the passive [192.168.100.113/5000] error_code:10061 !

<<<----  [OUT]
2020/10/28 15:46:51:901

Connecting Started...

<<<----  [OUT]
2020/10/28 15:46:53:938

I can't connect with the passive [192.168.100.113/5000] error_code:10061 !

<<<----  [OUT]
2020/10/28 15:46:56:417

Connecting Started...

<<<----  [OUT]
2020/10/28 15:46:58:454

I can't connect with the passive [192.168.100.113/5000] error_code:10061 !

<<<----  [OUT]
2020/10/28 15:47:00:933

Connecting Started...

<<<----  [OUT]
2020/10/28 15:47:02:968

I can't connect with the passive [192.168.100.113/5000] error_code:10061 !

<<<----  [OUT]
2020/10/28 15:47:05:448

Connecting Started...

<<<----  [OUT]
2020/10/28 15:47:07:491

I can't connect with the passive [192.168.100.113/5000] error_code:10061 !

<<<----  [OUT]
2020/10/28 15:47:09:980

Connecting Started...

<<<----  [OUT]
2020/10/28 15:47:12:025

I can't connect with the passive [192.168.100.113/5000] error_code:10061 !

<<<----  [OUT]
2020/10/28 15:47:14:511

Connecting Started...

<<<----  [OUT]
2020/10/28 15:47:16:569

I can't connect with the passive [192.168.100.113/5000] error_code:10061 !

<<<----  [OUT]
2020/10/28 15:47:19:058

Connecting Started...

<<<----  [OUT]
2020/10/28 15:47:21:100

I can't connect with the passive [192.168.100.113/5000] error_code:10061 !

<<<----  [OUT]
2020/10/28 15:47:23:589

Connecting Started...

<<<----  [OUT]
2020/10/28 15:47:25:624

I can't connect with the passive [192.168.100.113/5000] error_code:10061 !

<<<----  [OUT]
2020/10/28 15:47:28:105

Connecting Started...

<<<----  [OUT]
2020/10/28 15:47:30:154

I can't connect with the passive [192.168.100.113/5000] error_code:10061 !

<<<----  [OUT]
2020/10/28 15:47:32:637

Connecting Started...

<<<----  [OUT]
2020/10/28 15:47:34:676

I can't connect with the passive [192.168.100.113/5000] error_code:10061 !

<<<----  [OUT]
2020/10/28 15:47:37:167

Connecting Started...

<<<----  [OUT]
2020/10/28 15:47:39:216

I can't connect with the passive [192.168.100.113/5000] error_code:10061 !

<<<----  [OUT]
2020/10/28 15:47:41:698

Connecting Started...

<<<----  [OUT]
2020/10/28 15:47:43:749

I can't connect with the passive [192.168.100.113/5000] error_code:10061 !

<<<----  [OUT]
2020/10/28 15:47:46:230

Connecting Started...

<<<----  [OUT]
2020/10/28 15:47:48:278

I can't connect with the passive [192.168.100.113/5000] error_code:10061 !

<<<----  [OUT]
2020/10/28 15:47:50:762

Connecting Started...

<<<----  [OUT]
2020/10/28 15:47:52:806

I can't connect with the passive [192.168.100.113/5000] error_code:10061 !

<<<----  [OUT]
2020/10/28 15:47:55:292

Connecting Started...

<<<----  [OUT]
2020/10/28 15:47:57:336

I can't connect with the passive [192.168.100.113/5000] error_code:10061 !

<<<----  [OUT]
2020/10/28 15:47:59:823

Connecting Started...

<<<----  [OUT]
2020/10/28 15:48:01:865

I can't connect with the passive [192.168.100.113/5000] error_code:10061 !

<<<----  [OUT]
2020/10/28 15:48:04:356

Connecting Started...

<<<----  [OUT]
2020/10/28 15:48:06:386

I can't connect with the passive [192.168.100.113/5000] error_code:10061 !

<<<----  [OUT]
2020/10/28 15:48:08:871

Connecting Started...

<<<----  [OUT]
2020/10/28 15:48:10:907

I can't connect with the passive [192.168.100.113/5000] error_code:10061 !

<<<----  [OUT]
2020/10/28 15:48:13:386

Connecting Started...

<<<----  [OUT]
2020/10/28 15:48:15:416

I can't connect with the passive [192.168.100.113/5000] error_code:10061 !

<<<----  [OUT]
2020/10/28 15:48:17:902

Connecting Started...

<<<----  [OUT]
2020/10/28 15:48:19:938

I can't connect with the passive [192.168.100.113/5000] error_code:10061 !

<<<----  [OUT]
2020/10/28 15:48:22:417

Connecting Started...

<<<----  [OUT]
2020/10/28 15:48:24:470

I can't connect with the passive [192.168.100.113/5000] error_code:10061 !

<<<----  [OUT]
2020/10/28 15:48:26:949

Connecting Started...

<<<----  [OUT]
2020/10/28 15:48:28:978

I can't connect with the passive [192.168.100.113/5000] error_code:10061 !

<<<----  [OUT]
2020/10/28 15:48:31:465

Connecting Started...

<<<----  [OUT]
2020/10/28 15:48:33:515

I can't connect with the passive [192.168.100.113/5000] error_code:10061 !

<<<----  [OUT]
2020/10/28 15:48:35:996

Connecting Started...

<<<----  [OUT]
2020/10/28 15:48:38:024

I can't connect with the passive [192.168.100.113/5000] error_code:10061 !

<<<----  [OUT]
2020/10/28 15:48:40:512

Connecting Started...

<<<----  [OUT]
2020/10/28 15:48:42:556

I can't connect with the passive [192.168.100.113/5000] error_code:10061 !

<<<----  [OUT]
2020/10/28 15:48:45:042

Connecting Started...

<<<----  [OUT]
2020/10/28 15:48:47:092

I can't connect with the passive [192.168.100.113/5000] error_code:10061 !

<<<----  [OUT]
2020/10/28 15:48:49:574

Connecting Started...

<<<----  [OUT]
2020/10/28 15:48:51:619

I can't connect with the passive [192.168.100.113/5000] error_code:10061 !

<<<----  [OUT]
2020/10/28 15:48:54:105

Connecting Started...

<<<----  [OUT]
2020/10/28 15:48:56:153

I can't connect with the passive [192.168.100.113/5000] error_code:10061 !

<<<----  [OUT]
2020/10/28 15:48:58:636

Connecting Started...

<<<----  [OUT]
2020/10/28 15:49:00:673

I can't connect with the passive [192.168.100.113/5000] error_code:10061 !

<<<----  [OUT]
2020/10/28 15:49:03:152

Connecting Started...

<<<----  [OUT]
2020/10/28 15:49:05:191

I can't connect with the passive [192.168.100.113/5000] error_code:10061 !

<<<----  [OUT]
2020/10/28 15:49:07:668

Connecting Started...

<<<----  [OUT]
2020/10/28 15:49:09:705

I can't connect with the passive [192.168.100.113/5000] error_code:10061 !

<<<----  [OUT]
2020/10/28 15:49:12:184

Connecting Started...

<<<----  [OUT]
2020/10/28 15:49:14:227

I can't connect with the passive [192.168.100.113/5000] error_code:10061 !

<<<----  [OUT]
2020/10/28 15:49:16:715

Connecting Started...

<<<----  [OUT]
2020/10/28 15:49:18:753

I can't connect with the passive [192.168.100.113/5000] error_code:10061 !

<<<----  [OUT]
2020/10/28 15:49:21:230

Connecting Started...

<<<----  [OUT]
2020/10/28 15:49:23:275

I can't connect with the passive [192.168.100.113/5000] error_code:10061 !

<<<----  [OUT]
2020/10/28 15:49:25:761

Connecting Started...

<<<----  [OUT]
2020/10/28 15:49:27:802

I can't connect with the passive [192.168.100.113/5000] error_code:10061 !

<<<----  [OUT]
2020/10/28 15:49:30:293

Connecting Started...

<<<----  [OUT]
2020/10/28 15:49:32:347

I can't connect with the passive [192.168.100.113/5000] error_code:10061 !

<<<----  [OUT]
2020/10/28 15:49:34:824

Connecting Started...

<<<----  [OUT]
2020/10/28 15:49:36:863

I can't connect with the passive [192.168.100.113/5000] error_code:10061 !

<<<----  [OUT]
2020/10/28 15:49:39:338

Connecting Started...

<<<----  [OUT]
2020/10/28 15:49:41:387

I can't connect with the passive [192.168.100.113/5000] error_code:10061 !

<<<----  [OUT]
2020/10/28 15:49:43:871

Connecting Started...

<<<----  [OUT]
2020/10/28 15:49:45:912

I can't connect with the passive [192.168.100.113/5000] error_code:10061 !

<<<----  [OUT]
2020/10/28 15:49:48:401

Connecting Started...

<<<----  [OUT]
2020/10/28 15:49:50:436

I can't connect with the passive [192.168.100.113/5000] error_code:10061 !

<<<----  [OUT]
2020/10/28 15:49:52:917

Connecting Started...

<<<----  [OUT]
2020/10/28 15:49:54:965

I can't connect with the passive [192.168.100.113/5000] error_code:10061 !

<<<----  [OUT]
2020/10/28 15:49:57:448

Connecting Started...

<<<----  [OUT]
2020/10/28 15:49:59:494

I can't connect with the passive [192.168.100.113/5000] error_code:10061 !

<<<----  [OUT]
2020/10/28 15:50:01:980

Connecting Started...

<<<----  [OUT]
2020/10/28 15:50:04:027

I can't connect with the passive [192.168.100.113/5000] error_code:10061 !

<<<----  [OUT]
2020/10/28 15:50:06:512

Connecting Started...

<<<----  [OUT]
2020/10/28 15:50:08:548

I can't connect with the passive [192.168.100.113/5000] error_code:10061 !

<<<----  [OUT]
2020/10/28 15:50:11:027

Connecting Started...

<<<----  [OUT]
2020/10/28 15:50:13:078

I can't connect with the passive [192.168.100.113/5000] error_code:10061 !

<<<----  [OUT]
2020/10/28 15:50:15:559

Connecting Started...

<<<----  [OUT]
2020/10/28 15:50:17:600

I can't connect with the passive [192.168.100.113/5000] error_code:10061 !

<<<----  [OUT]
2020/10/28 15:50:20:088

Connecting Started...

<<<----  [OUT]
2020/10/28 15:50:22:129

I can't connect with the passive [192.168.100.113/5000] error_code:10061 !

<<<----  [OUT]
2020/10/28 15:50:24:621

Connecting Started...

<<<----  [OUT]
2020/10/28 15:50:26:666

I can't connect with the passive [192.168.100.113/5000] error_code:10061 !

<<<----  [OUT]
2020/10/28 15:50:29:151

Connecting Started...

<<<----  [OUT]
2020/10/28 15:50:31:184

I can't connect with the passive [192.168.100.113/5000] error_code:10061 !

<<<----  [OUT]
2020/10/28 15:50:33:668

Connecting Started...

<<<----  [OUT]
2020/10/28 15:51:00:076

---------------------------------------------------------------------
// FA : Start Log ...


<<<----  [OUT]
2020/10/28 15:51:00:080

//-------------------------------------------------------------
Property Information

   Driver Type [HSMS]
   Driver Mode [ACTIVE]
   IP    [192.168.100.113]
   Port  [5000]
//-------------------------------------------------------------


<<<----  [OUT]
2020/10/28 15:51:00:681

Auto-Start Started ... (Active)

<<<----  [OUT]
2020/10/28 15:51:00:772

Auto-Start Started ...  Waiting Stop-Connection.

<<<----  [OUT]
2020/10/28 15:51:00:772

Auto-Start Started ...  Waiting Open-Socket.

<<<----  [OUT]
2020/10/28 15:51:00:802

Socket Open Started...

<<<----  [OUT]
2020/10/28 15:51:00:802

Socket Open Completed...

<<<----  [OUT]
2020/10/28 15:51:00:802

Connecting Started...

<<<----  [OUT]
2020/10/28 15:51:00:863

Auto-Start Completed ...  (Active)

<<<----  [OUT]
2020/10/28 15:51:02:844

I can't connect with the passive [192.168.100.113/5000] error_code:10061 !

<<<----  [OUT]
2020/10/28 15:51:05:323

Connecting Started...

<<<----  [OUT]
2020/10/28 15:51:07:369

I can't connect with the passive [192.168.100.113/5000] error_code:10061 !

<<<----  [OUT]
2020/10/28 15:51:09:855

Connecting Started...

<<<----  [OUT]
2020/10/28 15:51:11:888

I can't connect with the passive [192.168.100.113/5000] error_code:10061 !

<<<----  [OUT]
2020/10/28 15:51:14:371

Connecting Started...

<<<----  [OUT]
2020/10/28 15:51:16:425

I can't connect with the passive [192.168.100.113/5000] error_code:10061 !

<<<----  [OUT]
2020/10/28 15:51:18:902

Connecting Started...

<<<----  [OUT]
2020/10/28 15:51:20:949

I can't connect with the passive [192.168.100.113/5000] error_code:10061 !

<<<----  [OUT]
2020/10/28 15:51:23:432

Connecting Started...

<<<----  [OUT]
2020/10/28 15:51:25:478

I can't connect with the passive [192.168.100.113/5000] error_code:10061 !

<<<----  [OUT]
2020/10/28 15:51:27:964

Connecting Started...

<<<----  [OUT]
2020/10/28 15:51:29:997

I can't connect with the passive [192.168.100.113/5000] error_code:10061 !

<<<----  [OUT]
2020/10/28 15:51:32:479

Connecting Started...

<<<----  [OUT]
2020/10/28 15:51:34:524

I can't connect with the passive [192.168.100.113/5000] error_code:10061 !

<<<----  [OUT]
2020/10/28 15:51:37:011

Connecting Started...

<<<----  [OUT]
2020/10/28 15:51:39:053

I can't connect with the passive [192.168.100.113/5000] error_code:10061 !

<<<----  [OUT]
2020/10/28 15:51:41:542

Connecting Started...

<<<----  [OUT]
2020/10/28 15:51:43:589

I can't connect with the passive [192.168.100.113/5000] error_code:10061 !

<<<----  [OUT]
2020/10/28 15:51:46:074

Connecting Started...

<<<----  [OUT]
2020/10/28 15:51:48:128

I can't connect with the passive [192.168.100.113/5000] error_code:10061 !

<<<----  [OUT]
2020/10/28 15:51:50:606

Connecting Started...

<<<----  [OUT]
2020/10/28 15:51:52:647

I can't connect with the passive [192.168.100.113/5000] error_code:10061 !

<<<----  [OUT]
2020/10/28 15:51:55:137

Connecting Started...

<<<----  [OUT]
2020/10/28 15:51:57:179

I can't connect with the passive [192.168.100.113/5000] error_code:10061 !

<<<----  [OUT]
2020/10/28 15:51:59:666

Connecting Started...

<<<----  [OUT]
2020/10/28 15:52:01:710

I can't connect with the passive [192.168.100.113/5000] error_code:10061 !

<<<----  [OUT]
2020/10/28 15:52:04:198

Connecting Started...

<<<----  [OUT]
2020/10/28 15:52:06:238

I can't connect with the passive [192.168.100.113/5000] error_code:10061 !

<<<----  [OUT]
2020/10/28 15:52:08:714

Connecting Started...

<<<----  [OUT]
2020/10/28 15:52:10:756

I can't connect with the passive [192.168.100.113/5000] error_code:10061 !

<<<----  [OUT]
2020/10/28 15:52:13:245

Connecting Started...

<<<----  [OUT]
2020/10/28 15:52:15:293

I can't connect with the passive [192.168.100.113/5000] error_code:10061 !

<<<----  [OUT]
2020/10/28 15:52:17:776

Connecting Started...

<<<----  [OUT]
2020/10/28 15:52:19:821

I can't connect with the passive [192.168.100.113/5000] error_code:10061 !

<<<----  [OUT]
2020/10/28 15:52:22:308

Connecting Started...

<<<----  [OUT]
2020/10/28 15:52:24:349

I can't connect with the passive [192.168.100.113/5000] error_code:10061 !

<<<----  [OUT]
2020/10/28 15:52:26:839

Connecting Started...

<<<----  [OUT]
2020/10/28 15:52:28:872

I can't connect with the passive [192.168.100.113/5000] error_code:10061 !

<<<----  [OUT]
2020/10/28 15:52:31:356

Connecting Started...

<<<----  [OUT]
2020/10/28 15:52:33:396

I can't connect with the passive [192.168.100.113/5000] error_code:10061 !

<<<----  [OUT]
2020/10/28 15:52:35:887

Connecting Started...

<<<----  [OUT]
2020/10/28 15:52:37:938

I can't connect with the passive [192.168.100.113/5000] error_code:10061 !

<<<----  [OUT]
2020/10/28 15:52:40:418

Connecting Started...

<<<----  [OUT]
2020/10/28 15:52:42:457

I can't connect with the passive [192.168.100.113/5000] error_code:10061 !

<<<----  [OUT]
2020/10/28 15:52:44:949

Connecting Started...

<<<----  [OUT]
2020/10/28 15:52:47:003

I can't connect with the passive [192.168.100.113/5000] error_code:10061 !

<<<----  [OUT]
2020/10/28 15:52:49:479

Connecting Started...

<<<----  [OUT]
2020/10/28 15:52:51:523

I can't connect with the passive [192.168.100.113/5000] error_code:10061 !

<<<----  [OUT]
2020/10/28 15:52:54:010

Connecting Started...

<<<----  [OUT]
2020/10/28 15:52:56:051

I can't connect with the passive [192.168.100.113/5000] error_code:10061 !

<<<----  [OUT]
2020/10/28 15:52:58:542

Connecting Started...

<<<----  [OUT]
2020/10/28 15:53:00:587

I can't connect with the passive [192.168.100.113/5000] error_code:10061 !

<<<----  [OUT]
2020/10/28 15:53:03:073

Connecting Started...

<<<----  [OUT]
2020/10/28 15:53:05:118

I can't connect with the passive [192.168.100.113/5000] error_code:10061 !

<<<----  [OUT]
2020/10/28 15:53:07:606

Connecting Started...

<<<----  [OUT]
2020/10/28 15:53:09:652

I can't connect with the passive [192.168.100.113/5000] error_code:10061 !

<<<----  [OUT]
2020/10/28 15:53:12:137

Connecting Started...

<<<----  [OUT]
2020/10/28 15:53:14:174

I can't connect with the passive [192.168.100.113/5000] error_code:10061 !

<<<----  [OUT]
2020/10/28 15:53:16:653

Connecting Started...

<<<----  [OUT]
2020/10/28 15:53:18:700

I can't connect with the passive [192.168.100.113/5000] error_code:10061 !

<<<----  [OUT]
2020/10/28 15:53:21:183

Connecting Started...

<<<----  [OUT]
2020/10/28 15:53:23:225

I can't connect with the passive [192.168.100.113/5000] error_code:10061 !

<<<----  [OUT]
2020/10/28 15:53:25:714

Connecting Started...

<<<----  [OUT]
2020/10/28 15:53:27:767

I can't connect with the passive [192.168.100.113/5000] error_code:10061 !

<<<----  [OUT]
2020/10/28 15:53:30:245

Connecting Started...

<<<----  [OUT]
2020/10/28 15:53:32:302

I can't connect with the passive [192.168.100.113/5000] error_code:10061 !

<<<----  [OUT]
2020/10/28 15:53:34:793

Connecting Started...

<<<----  [OUT]
2020/10/28 15:53:36:843

I can't connect with the passive [192.168.100.113/5000] error_code:10061 !

<<<----  [OUT]
2020/10/28 15:53:39:324

Connecting Started...

<<<----  [OUT]
2020/10/28 15:53:41:365

I can't connect with the passive [192.168.100.113/5000] error_code:10061 !

<<<----  [OUT]
2020/10/28 15:53:43:854

Connecting Started...

<<<----  [OUT]
2020/10/28 15:53:45:895

I can't connect with the passive [192.168.100.113/5000] error_code:10061 !

<<<----  [OUT]
2020/10/28 15:53:48:386

Connecting Started...

<<<----  [OUT]
2020/10/28 15:53:50:425

I can't connect with the passive [192.168.100.113/5000] error_code:10061 !

<<<----  [OUT]
2020/10/28 15:53:52:902

Connecting Started...

<<<----  [OUT]
2020/10/28 15:53:54:950

I can't connect with the passive [192.168.100.113/5000] error_code:10061 !

<<<----  [OUT]
2020/10/28 15:53:57:434

Connecting Started...

<<<----  [OUT]
2020/10/28 15:53:59:477

I can't connect with the passive [192.168.100.113/5000] error_code:10061 !

<<<----  [OUT]
2020/10/28 15:54:01:964

Connecting Started...

<<<----  [OUT]
2020/10/28 15:54:04:006

I can't connect with the passive [192.168.100.113/5000] error_code:10061 !

<<<----  [OUT]
2020/10/28 15:54:06:496

Connecting Started...

<<<----  [OUT]
2020/10/28 15:54:08:539

I can't connect with the passive [192.168.100.113/5000] error_code:10061 !

<<<----  [OUT]
2020/10/28 15:54:11:026

Connecting Started...

<<<----  [OUT]
2020/10/28 15:54:13:063

I can't connect with the passive [192.168.100.113/5000] error_code:10061 !

<<<----  [OUT]
2020/10/28 15:54:15:543

Connecting Started...

<<<----  [OUT]
2020/10/28 15:54:17:582

I can't connect with the passive [192.168.100.113/5000] error_code:10061 !

<<<----  [OUT]
2020/10/28 15:54:20:058

Connecting Started...

<<<----  [OUT]
2020/10/28 15:54:22:103

I can't connect with the passive [192.168.100.113/5000] error_code:10061 !

<<<----  [OUT]
2020/10/28 15:54:24:590

Connecting Started...

<<<----  [OUT]
2020/10/28 15:54:26:625

I can't connect with the passive [192.168.100.113/5000] error_code:10061 !

<<<----  [OUT]
2020/10/28 15:54:29:105

Connecting Started...

<<<----  [OUT]
2020/10/28 15:54:31:136

I can't connect with the passive [192.168.100.113/5000] error_code:10061 !

<<<----  [OUT]
2020/10/28 15:54:33:621

Connecting Started...

<<<----  [OUT]
2020/10/28 15:54:35:657

I can't connect with the passive [192.168.100.113/5000] error_code:10061 !

<<<----  [OUT]
2020/10/28 15:54:38:136

Connecting Started...

<<<----  [OUT]
2020/10/28 15:54:40:177

I can't connect with the passive [192.168.100.113/5000] error_code:10061 !

<<<----  [OUT]
2020/10/28 15:54:42:667

Connecting Started...

<<<----  [OUT]
2020/10/28 15:54:44:700

I can't connect with the passive [192.168.100.113/5000] error_code:10061 !

<<<----  [OUT]
2020/10/28 15:54:47:184

Connecting Started...

<<<----  [OUT]
2020/10/28 15:54:49:225

I can't connect with the passive [192.168.100.113/5000] error_code:10061 !

<<<----  [OUT]
2020/10/28 15:54:51:715

Connecting Started...

<<<----  [OUT]
2020/10/28 15:54:53:751

I can't connect with the passive [192.168.100.113/5000] error_code:10061 !

<<<----  [OUT]
2020/10/28 15:54:56:230

Connecting Started...

<<<----  [OUT]
2020/10/28 15:54:58:277

I can't connect with the passive [192.168.100.113/5000] error_code:10061 !

<<<----  [OUT]
2020/10/28 15:55:00:760

Connecting Started...

<<<----  [OUT]
2020/10/28 15:55:02:816

I can't connect with the passive [192.168.100.113/5000] error_code:10061 !

<<<----  [OUT]
2020/10/28 15:55:05:293

Connecting Started...

<<<----  [OUT]
2020/10/28 15:55:07:327

I can't connect with the passive [192.168.100.113/5000] error_code:10061 !

<<<----  [OUT]
2020/10/28 15:55:09:807

Connecting Started...

<<<----  [OUT]
2020/10/28 15:55:11:850

I can't connect with the passive [192.168.100.113/5000] error_code:10061 !

<<<----  [OUT]
2020/10/28 15:55:14:339

Connecting Started...

<<<----  [OUT]
2020/10/28 15:55:16:389

I can't connect with the passive [192.168.100.113/5000] error_code:10061 !

<<<----  [OUT]
2020/10/28 15:55:18:870

Connecting Started...

<<<----  [OUT]
2020/10/28 15:55:20:915

I can't connect with the passive [192.168.100.113/5000] error_code:10061 !

<<<----  [OUT]
2020/10/28 15:55:23:402

Connecting Started...

<<<----  [OUT]
2020/10/28 15:55:25:450

I can't connect with the passive [192.168.100.113/5000] error_code:10061 !

<<<----  [OUT]
2020/10/28 15:55:27:934

Connecting Started...

<<<----  [OUT]
2020/10/28 15:55:29:968

I can't connect with the passive [192.168.100.113/5000] error_code:10061 !

<<<----  [OUT]
2020/10/28 15:55:32:449

Connecting Started...

<<<----  [OUT]
2020/10/28 15:55:34:483

I can't connect with the passive [192.168.100.113/5000] error_code:10061 !

<<<----  [OUT]
2020/10/28 15:55:36:964

Connecting Started...

<<<----  [OUT]
2020/10/28 15:55:39:003

I can't connect with the passive [192.168.100.113/5000] error_code:10061 !

<<<----  [OUT]
2020/10/28 15:55:41:480

Connecting Started...

<<<----  [OUT]
2020/10/28 15:55:43:537

I can't connect with the passive [192.168.100.113/5000] error_code:10061 !

<<<----  [OUT]
2020/10/28 15:55:46:027

Connecting Started...

<<<----  [OUT]
2020/10/28 15:55:48:077

I can't connect with the passive [192.168.100.113/5000] error_code:10061 !

<<<----  [OUT]
2020/10/28 15:55:50:557

Connecting Started...

<<<----  [OUT]
2020/10/28 15:55:52:611

I can't connect with the passive [192.168.100.113/5000] error_code:10061 !

<<<----  [OUT]
2020/10/28 15:55:55:089

Connecting Started...

<<<----  [OUT]
2020/10/28 15:55:57:145

I can't connect with the passive [192.168.100.113/5000] error_code:10061 !

<<<----  [OUT]
2020/10/28 15:55:59:636

Connecting Started...

<<<----  [OUT]
2020/10/28 15:56:01:670

I can't connect with the passive [192.168.100.113/5000] error_code:10061 !

<<<----  [OUT]
2020/10/28 15:56:04:152

Connecting Started...

<<<----  [OUT]
2020/10/28 15:56:06:193

I can't connect with the passive [192.168.100.113/5000] error_code:10061 !

<<<----  [OUT]
2020/10/28 15:56:08:683

Connecting Started...

<<<----  [OUT]
2020/10/28 15:56:10:729

I can't connect with the passive [192.168.100.113/5000] error_code:10061 !

<<<----  [OUT]
2020/10/28 15:56:13:215

Connecting Started...

<<<----  [OUT]
2020/10/28 15:56:15:258

I can't connect with the passive [192.168.100.113/5000] error_code:10061 !

<<<----  [OUT]
2020/10/28 15:56:17:745

Connecting Started...

<<<----  [OUT]
2020/10/28 15:56:19:787

I can't connect with the passive [192.168.100.113/5000] error_code:10061 !

<<<----  [OUT]
2020/10/28 15:56:22:278

Connecting Started...

<<<----  [OUT]
2020/10/28 15:56:24:318

I can't connect with the passive [192.168.100.113/5000] error_code:10061 !

<<<----  [OUT]
2020/10/28 15:56:26:809

Connecting Started...

<<<----  [OUT]
2020/10/28 15:56:28:846

I can't connect with the passive [192.168.100.113/5000] error_code:10061 !

<<<----  [OUT]
2020/10/28 15:56:31:324

Connecting Started...

<<<----  [OUT]
2020/10/28 15:56:33:358

I can't connect with the passive [192.168.100.113/5000] error_code:10061 !

<<<----  [OUT]
2020/10/28 15:56:35:838

Connecting Started...

<<<----  [OUT]
2020/10/28 15:56:37:881

I can't connect with the passive [192.168.100.113/5000] error_code:10061 !

<<<----  [OUT]
2020/10/28 15:56:40:371

Connecting Started...

<<<----  [OUT]
2020/10/28 15:56:42:417

I can't connect with the passive [192.168.100.113/5000] error_code:10061 !

<<<----  [OUT]
2020/10/28 15:56:44:902

Connecting Started...

<<<----  [OUT]
2020/10/28 15:56:46:938

I can't connect with the passive [192.168.100.113/5000] error_code:10061 !

<<<----  [OUT]
2020/10/28 15:56:49:417

Connecting Started...

<<<----  [OUT]
2020/10/28 15:56:51:447

I can't connect with the passive [192.168.100.113/5000] error_code:10061 !

<<<----  [OUT]
2020/10/28 15:56:53:932

Connecting Started...

<<<----  [OUT]
2020/10/28 15:56:55:973

I can't connect with the passive [192.168.100.113/5000] error_code:10061 !

<<<----  [OUT]
2020/10/28 15:56:58:465

Connecting Started...

<<<----  [OUT]
2020/10/28 15:57:00:508

I can't connect with the passive [192.168.100.113/5000] error_code:10061 !

<<<----  [OUT]
2020/10/28 15:57:02:996

Connecting Started...

<<<----  [OUT]
2020/10/28 15:57:05:043

I can't connect with the passive [192.168.100.113/5000] error_code:10061 !

<<<----  [OUT]
2020/10/28 15:57:07:527

Connecting Started...

<<<----  [OUT]
2020/10/28 15:57:09:571

I can't connect with the passive [192.168.100.113/5000] error_code:10061 !

<<<----  [OUT]
2020/10/28 15:57:12:058

Connecting Started...

<<<----  [OUT]
2020/10/28 15:57:14:100

I can't connect with the passive [192.168.100.113/5000] error_code:10061 !

<<<----  [OUT]
2020/10/28 15:57:16:589

Connecting Started...

<<<----  [OUT]
2020/10/28 15:57:18:627

I can't connect with the passive [192.168.100.113/5000] error_code:10061 !

<<<----  [OUT]
2020/10/28 15:57:21:104

Connecting Started...

<<<----  [OUT]
2020/10/28 15:57:23:123

I can't connect with the passive [192.168.100.113/5000] error_code:10061 !

<<<----  [OUT]
2020/10/28 15:57:25:605

Connecting Started...

<<<----  [OUT]
2020/10/28 15:59:43:730

---------------------------------------------------------------------
// FA : Start Log ...


<<<----  [OUT]
2020/10/28 15:59:43:735

//-------------------------------------------------------------
Property Information

   Driver Type [HSMS]
   Driver Mode [ACTIVE]
   IP    [192.168.100.113]
   Port  [5000]
//-------------------------------------------------------------


<<<----  [OUT]
2020/10/28 15:59:44:339

Auto-Start Started ... (Active)

<<<----  [OUT]
2020/10/28 15:59:44:430

Auto-Start Started ...  Waiting Stop-Connection.

<<<----  [OUT]
2020/10/28 15:59:44:430

Auto-Start Started ...  Waiting Open-Socket.

<<<----  [OUT]
2020/10/28 15:59:44:456

Socket Open Started...

<<<----  [OUT]
2020/10/28 15:59:44:457

Socket Open Completed...

<<<----  [OUT]
2020/10/28 15:59:44:457

Connecting Started...

<<<----  [OUT]
2020/10/28 15:59:44:521

Auto-Start Completed ...  (Active)

<<<----  [OUT]
2020/10/28 15:59:46:502

I can't connect with the passive [192.168.100.113/5000] error_code:10061 !

<<<----  [OUT]
2020/10/28 15:59:48:979

Connecting Started...

<<<----  [OUT]
2020/10/28 15:59:51:022

I can't connect with the passive [192.168.100.113/5000] error_code:10061 !

<<<----  [OUT]
2020/10/28 15:59:53:511

Connecting Started...

<<<----  [OUT]
2020/10/28 15:59:55:547

I can't connect with the passive [192.168.100.113/5000] error_code:10061 !

<<<----  [OUT]
2020/10/28 15:59:58:026

Connecting Started...
